100.000491 31.999502 55.599529 0.000000
95.596758 31.999471 55.599516 4.000000
91.185386 31.999407 55.599496 8.000000
86.766612 31.999329 55.599446 12.000001
82.340125 31.999214 55.599395 16.000000
77.905959 31.999054 55.599409 20.000000
73.474699 31.999880 55.597006 24.000002
69.903807 31.988579 55.029363 28.000002
67.178861 31.982673 54.036536 32.000000
64.778652 31.973729 53.318201 36.000000
62.567868 31.988749 53.103915 40.000000
60.509698 32.012199 53.392465 44.000004
58.641504 32.032374 54.193465 48.000004
56.986093 32.053034 55.388174 52.000004
55.586342 32.079343 56.877747 56.000004
54.432177 32.094310 58.567573 60.000004
53.578161 32.070974 60.436799 64.000000
53.103054 32.044689 62.469661 68.000000
53.040331 32.040097 64.551320 72.000000
53.326171 32.036670 66.601175 76.000000
53.972727 32.019021 68.553273 80.000000
54.981498 32.019210 70.351491 84.000008
56.313214 32.016719 71.947627 88.000008
57.917354 32.021787 73.212667 92.000008
59.740576 32.027182 74.139372 96.000008
61.718398 32.018623 74.769656 100.000008
63.758646 32.036551 75.060359 104.000008
65.813527 32.032793 74.892390 108.000008
67.796290 32.032030 74.315768 112.000008
69.675819 32.045680 73.453866 116.000008
71.350679 32.051115 72.284528 120.000008
72.721052 32.051263 70.757806 124.000008
73.788027 32.063989 68.989895 128.000000
74.587569 32.073389 67.095655 132.000000
75.017369 32.075828 65.074963 136.000000
74.978227 32.086099 63.009140 140.000000
74.570176 32.089058 61.001190 144.000000
73.860248 32.092812 59.071519 148.000000
72.793098 32.096351 57.296534 152.000000
71.384030 32.106999 55.806218 156.000000
69.730788 32.105274 54.605391 160.000000
67.880281 32.121190 53.688783 164.000015
65.891414 32.113344 53.125229 168.000015
63.847064 32.123355 52.973426 172.000015
61.810193 32.126548 53.220739 176.000015
59.848641 32.124623 53.790517 180.000015
58.011224 32.128452 54.731013 184.000015
56.407228 32.147537 56.001780 188.000015
55.077960 32.132494 57.559557 192.000015
54.032697 32.142385 59.305772 196.000015
53.307002 32.154412 61.229130 200.000015
