1.000000 6.749651e-05
3.000000 6.744773e-05
5.000000 6.737271e-05
7.000000 6.739623e-05
9.000000 6.717786e-05
11.000000 6.692594e-05
13.000000 6.684086e-05
15.000000 6.689163e-05
17.000000 6.671668e-05
19.000000 6.667327e-05
21.000000 6.681644e-05
23.000000 6.680383e-05
25.000000 6.715270e-05
27.000000 6.694114e-05
29.000000 6.717802e-05
31.000000 6.710670e-05
33.000000 6.738646e-05
35.000000 6.714586e-05
37.000000 6.751841e-05
39.000000 6.723793e-05
41.000000 6.889795e-05
43.000000 7.696756e-05
45.000000 1.151849e-04
47.000000 1.602508e-04
49.000000 1.961588e-04
51.000000 2.270584e-04
53.000000 2.537758e-04
55.000000 2.784484e-04
57.000000 3.007168e-04
59.000000 3.213164e-04
61.000000 3.338305e-04
63.000000 3.365385e-04
65.000000 3.370452e-04
67.000000 3.370074e-04
69.000000 3.370651e-04
71.000000 3.371333e-04
73.000000 3.371017e-04
75.000000 3.371403e-04
77.000000 3.374275e-04
79.000000 3.373534e-04
81.000000 3.375129e-04
83.000000 3.375170e-04
85.000000 3.377170e-04
87.000000 3.370646e-04
89.000000 3.339759e-04
91.000000 3.207374e-04
93.000000 2.997711e-04
95.000000 2.775069e-04
97.000000 2.526343e-04
99.000000 2.255909e-04
101.000000 1.942359e-04
103.000000 1.580803e-04
105.000000 1.126994e-04
107.000000 7.671981e-05
109.000000 6.971064e-05
111.000000 6.768388e-05
113.000000 6.794881e-05
115.000000 6.705130e-05
117.000000 6.728676e-05
119.000000 6.669858e-05
121.000000 6.703105e-05
123.000000 6.654640e-05
125.000000 6.630547e-05
127.000000 6.615011e-05
129.000000 6.639007e-05
131.000000 6.645126e-05
133.000000 6.652292e-05
135.000000 6.646678e-05
137.000000 6.656724e-05
139.000000 6.657457e-05
141.000000 6.683350e-05
143.000000 6.721397e-05
145.000000 6.725565e-05
147.000000 6.719531e-05
149.000000 6.737531e-05
