1.000000 1.419447e-05
3.000000 1.304075e-05
5.000000 1.243073e-05
7.000000 1.299019e-05
9.000000 1.159474e-05
11.000000 1.130687e-05
13.000000 1.156449e-05
15.000000 1.359971e-05
17.000000 1.054707e-05
19.000000 1.063332e-05
21.000000 9.545931e-06
23.000000 9.425947e-06
25.000000 1.526586e-05
27.000000 1.306204e-05
29.000000 2.060626e-05
31.000000 2.020974e-05
33.000000 3.588727e-05
35.000000 4.918382e-05
37.000000 9.440696e-05
39.000000 1.639063e-04
41.000000 3.494948e-04
43.000000 7.862095e-04
45.000000 1.817174e-03
47.000000 3.035112e-03
49.000000 3.917275e-03
51.000000 4.378069e-03
53.000000 4.414850e-03
55.000000 4.019398e-03
57.000000 3.212628e-03
59.000000 2.001445e-03
61.000000 9.148916e-04
63.000000 4.041528e-04
65.000000 1.933398e-04
67.000000 1.058936e-04
69.000000 5.905627e-05
71.000000 4.302372e-05
73.000000 3.861195e-05
75.000000 3.736045e-05
77.000000 3.418177e-05
79.000000 3.364606e-05
81.000000 4.893570e-05
83.000000 9.365415e-05
85.000000 1.956703e-04
87.000000 4.279389e-04
89.000000 9.779074e-04
91.000000 2.093403e-03
93.000000 3.279703e-03
95.000000 4.069319e-03
97.000000 4.443406e-03
99.000000 4.371449e-03
101.000000 3.876561e-03
103.000000 2.967134e-03
105.000000 1.740599e-03
107.000000 7.485149e-04
109.000000 3.333800e-04
111.000000 1.629793e-04
113.000000 1.036397e-04
115.000000 5.866863e-05
117.000000 4.761606e-05
119.000000 2.684305e-05
121.000000 2.319296e-05
123.000000 1.399984e-05
125.000000 1.053681e-05
127.000000 9.370425e-06
129.000000 1.009265e-05
131.000000 1.090987e-05
133.000000 1.013321e-05
135.000000 8.486431e-06
137.000000 9.555216e-06
139.000000 1.152106e-05
141.000000 9.876599e-06
143.000000 1.516169e-05
145.000000 1.299682e-05
147.000000 1.351338e-05
149.000000 1.219152e-05
