# 1      2         3-4       5-6      7
# x  RMS-E  E_inhomo^2  E_homo^2  selfE^2
0.061556 2.299099e-07   1.492397e-17 1.864205e-37 5.284362e-14 -3.771944e-22   0.000000e+00 1.149065e-09 9.675406e-10
0.184667 2.530576e-07   2.045287e-17 1.322075e-36 6.401769e-14 -1.482308e-21   0.000000e+00 1.097266e-09 7.856426e-10
0.307779 2.298849e-07   1.607822e-17 8.306854e-37 5.283099e-14 -5.505714e-21   0.000000e+00 1.046470e-09 5.842786e-10
0.430890 1.790527e-07   7.383070e-18 1.106359e-36 3.205249e-14 -4.658681e-21   0.000000e+00 1.116040e-09 4.639163e-10
0.554001 1.304544e-07   2.149401e-18 8.982857e-37 1.701619e-14 8.470329e-22   0.000000e+00 1.434615e-09 5.630266e-10
0.677113 9.052249e-08   6.464317e-19 3.074467e-37 8.193676e-15 -3.176374e-21   0.000000e+00 2.152627e-09 1.116744e-09
0.800224 5.616139e-08   2.949006e-19 5.653974e-37 3.153807e-15 -6.193928e-21   0.000000e+00 3.405979e-09 2.472718e-09
0.923336 3.123383e-08   1.361389e-19 4.610512e-37 9.754158e-16 -9.105604e-21   0.000000e+00 5.164213e-09 4.903294e-09
1.046447 1.909444e-08   5.288897e-20 3.299756e-37 3.645449e-16 -7.623297e-21   0.000000e+00 6.970737e-09 8.081721e-09
1.169558 1.760559e-08   1.642152e-20 6.258020e-38 3.099405e-16 -7.199780e-21   0.000000e+00 7.772799e-09 1.046468e-08
1.292670 2.100276e-08   4.646867e-21 4.627303e-38 4.411114e-16 -6.352747e-22   0.000000e+00 6.198337e-09 9.420457e-09
1.415781 2.718922e-08   2.108494e-21 2.347889e-37 7.392514e-16 8.473226e-22   0.000000e+00 1.430004e-09 2.847590e-09
1.538893 3.723977e-08   1.368852e-21 3.123934e-37 1.386799e-15 -3.941379e-21   0.000000e+00 5.830431e-09 8.503545e-09
1.662004 5.342676e-08   5.235391e-22 3.500667e-37 2.854418e-15 -5.798943e-21   0.000000e+00 1.327711e-08 2.040622e-08
1.785115 7.949321e-08   7.371498e-21 2.865490e-37 6.319163e-15 -5.573516e-21   0.000000e+00 1.820535e-08 2.764079e-08
1.908227 1.221028e-07   4.828770e-19 3.688413e-37 1.490862e-14 -5.870964e-22   0.000000e+00 1.915154e-08 2.766095e-08
2.031338 1.990161e-07   1.120055e-17 5.682987e-37 3.959621e-14 -3.590973e-21   0.000000e+00 1.659577e-08 2.197942e-08
2.154450 3.822408e-07   1.008956e-16 2.223847e-37 1.460071e-13 -8.496423e-21   0.000000e+00 1.228259e-08 1.431140e-08
2.277561 8.449197e-07   3.147652e-16 5.570439e-37 7.135745e-13 -7.002248e-21   0.000000e+00 7.971991e-09 7.768696e-09
2.400672 1.784911e-06   3.479641e-16 7.828235e-37 3.185560e-12 -3.523103e-21   0.000000e+00 4.650807e-09 3.546644e-09
2.523784 3.470945e-06   1.079882e-15 6.469321e-37 1.204638e-11 -5.181858e-21   0.000000e+00 2.502631e-09 1.357416e-09
2.646895 6.634875e-06   2.310639e-15 2.182381e-37 4.401925e-11 1.907162e-21   0.000000e+00 1.276980e-09 4.201979e-10
2.770007 1.219752e-05   1.088813e-14 4.521056e-37 1.487685e-10 -8.168759e-22   0.000000e+00 6.356399e-10 8.791782e-11
2.893118 2.078519e-05   4.283083e-14 3.978404e-37 4.319812e-10 -4.670726e-21   0.000000e+00 3.171125e-10 4.880246e-12
3.016229 3.396231e-05   4.660391e-13 4.888158e-38 1.152972e-09 -4.834792e-21   0.000000e+00 1.623946e-10 1.949813e-11
3.139341 5.342237e-05   7.272671e-13 2.274283e-38 2.853223e-09 -5.338858e-21   0.000000e+00 8.708277e-11 1.453705e-11
3.262452 7.912151e-05   2.406007e-12 1.917313e-37 6.257808e-09 -8.908419e-21   0.000000e+00 4.960812e-11 7.616971e-12
3.385564 1.099188e-04   7.785632e-12 1.136544e-37 1.207435e-08 -9.902552e-21   0.000000e+00 3.015543e-11 2.703515e-12
3.508675 1.440334e-04   5.875941e-12 5.035977e-37 2.073974e-08 -1.309493e-20   0.000000e+00 1.932758e-11 3.284033e-14
3.631786 1.781760e-04   1.549237e-11 5.557886e-37 3.173120e-08 -1.247023e-20   0.000000e+00 1.264023e-11 1.191893e-12
3.754898 2.078837e-04   2.000942e-11 2.702855e-37 4.319561e-08 -9.225213e-21   0.000000e+00 7.956451e-12 1.360724e-12
3.878009 2.304790e-04   6.862756e-12 6.681655e-37 5.311369e-08 -1.151480e-20   0.000000e+00 4.290795e-12 9.612726e-13
4.001121 2.457804e-04   1.827310e-11 4.082344e-37 6.038974e-08 -4.003716e-21   0.000000e+00 1.231426e-12 2.509011e-13
4.124232 2.549058e-04   1.135384e-11 3.268181e-37 6.496562e-08 -1.966210e-21   0.000000e+00 1.359396e-12 6.415437e-13
4.247343 2.597677e-04   6.375104e-12 1.657562e-37 6.747290e-08 -8.196253e-21   0.000000e+00 3.515619e-12 1.674927e-12
4.370455 2.622223e-04   1.897523e-11 6.135532e-37 6.874157e-08 -3.688340e-21   0.000000e+00 5.273271e-12 2.866349e-12
4.493566 2.629773e-04   4.162349e-12 1.139360e-36 6.915288e-08 -5.711598e-21   0.000000e+00 6.742218e-12 4.277749e-12
4.616678 2.632184e-04   4.875771e-12 6.430439e-37 6.927903e-08 -1.042338e-20   0.000000e+00 8.161924e-12 6.010082e-12
4.739789 2.634141e-04   1.207826e-11 6.614198e-37 6.937489e-08 -1.103917e-20   0.000000e+00 9.954507e-12 8.190012e-12
4.862900 2.638485e-04   4.072254e-12 4.963941e-37 6.961194e-08 -7.260324e-21   0.000000e+00 1.278215e-11 1.093139e-11
4.986012 2.647330e-04   1.196504e-11 9.699842e-38 7.007162e-08 -7.659407e-21   0.000000e+00 1.760016e-11 1.424921e-11
5.109123 2.656088e-04   5.920350e-12 4.758997e-38 7.054210e-08 -3.855717e-21   0.000000e+00 2.566246e-11 1.790791e-11
5.232235 2.658620e-04   6.622360e-12 8.324086e-38 7.067600e-08 -8.518632e-21   0.000000e+00 3.837454e-11 2.123006e-11
5.355346 2.659966e-04   1.935459e-11 5.061013e-38 7.073483e-08 -3.123384e-21   0.000000e+00 5.681045e-11 2.300555e-11
5.478457 2.657545e-04   6.189265e-12 9.072335e-38 7.061929e-08 2.255381e-21   0.000000e+00 8.067895e-11 2.179421e-11
5.601569 2.651120e-04   2.428163e-12 1.065362e-37 7.028195e-08 -4.345118e-21   0.000000e+00 1.066659e-10 1.690740e-11
5.724680 2.649102e-04   4.903320e-12 9.916902e-38 7.017252e-08 3.095615e-21   0.000000e+00 1.264737e-10 9.810567e-12
5.847792 2.646775e-04   1.987372e-12 6.915324e-38 7.005220e-08 -4.898600e-21   0.000000e+00 1.253298e-10 4.509788e-12
5.970903 2.638047e-04   2.870973e-12 1.787123e-37 6.959004e-08 -9.089939e-21   0.000000e+00 8.187620e-11 4.788965e-12
6.094014 2.629982e-04   1.963281e-12 3.362148e-38 6.916609e-08 -7.235906e-21   0.000000e+00 2.952846e-11 8.249381e-12
6.217126 2.629707e-04   2.168078e-12 7.149284e-37 6.915140e-08 -6.306394e-21   0.000000e+00 2.317230e-10 2.255726e-12
6.340237 2.634072e-04   1.275095e-12 1.626388e-37 6.938207e-08 -8.227363e-21   0.000000e+00 5.289966e-10 3.035756e-11
6.463349 2.645270e-04   6.049046e-13 1.598894e-37 6.997392e-08 -7.118549e-21   0.000000e+00 8.837997e-10 9.460583e-11
6.586460 2.655331e-04   1.341025e-13 3.555666e-37 7.050769e-08 -9.027394e-21   0.000000e+00 1.202261e-09 1.671573e-10
6.709571 2.656431e-04   7.539252e-13 9.924781e-38 7.056549e-08 -2.530968e-21   0.000000e+00 1.354656e-09 1.965413e-10
6.832683 2.652236e-04   1.955582e-12 2.051021e-37 7.034160e-08 1.359314e-21   0.000000e+00 1.236670e-09 1.252121e-10
6.955794 2.647240e-04   4.033309e-12 1.967906e-37 7.007479e-08 -2.437872e-21   0.000000e+00 8.355802e-10 7.632882e-11
7.078906 2.642567e-04   8.078200e-12 4.503662e-37 6.982351e-08 9.598930e-22   0.000000e+00 2.497564e-10 3.821286e-10
7.202017 2.644534e-04   1.167162e-11 7.323982e-37 6.992394e-08 -2.440334e-21   0.000000e+00 3.559454e-10 7.097571e-10
7.325128 2.650493e-04   1.302369e-11 2.156012e-37 7.023810e-08 -8.050631e-21   0.000000e+00 8.280149e-10 9.544796e-10
7.448240 2.651783e-04   5.810041e-12 4.477561e-37 7.031372e-08 -1.800464e-21   0.000000e+00 1.087506e-09 1.042553e-09
7.571351 2.650467e-04   2.777900e-12 1.261647e-36 7.024700e-08 2.125453e-21   0.000000e+00 2.279375e-10 2.264436e-10
7.694463 2.646369e-04   2.672338e-12 4.859616e-37 7.003001e-08 5.571554e-21   0.000000e+00 4.045337e-10 2.328851e-10
7.817574 2.639888e-04   5.680671e-12 4.171293e-37 6.968440e-08 4.006874e-21   0.000000e+00 5.387540e-10 2.232752e-10
7.940685 2.633448e-04   1.072684e-11 3.013928e-37 6.933976e-08 4.420182e-21   0.000000e+00 7.607041e-10 2.698697e-10
8.063797 2.630361e-04   1.452609e-11 3.303736e-37 6.917344e-08 -3.433386e-21   0.000000e+00 1.228370e-09 5.163972e-10
8.186908 2.633195e-04   1.745398e-11 6.419426e-38 6.931971e-08 -4.403233e-22   0.000000e+00 2.146624e-09 1.246079e-09
8.310020 2.639030e-04   1.553379e-11 4.229807e-37 6.962927e-08 3.650925e-21   0.000000e+00 3.731782e-09 2.912006e-09
8.433131 2.646886e-04   1.384507e-11 1.029693e-36 7.004623e-08 6.442056e-21   0.000000e+00 6.050365e-09 5.955868e-09
8.556242 2.658564e-04   8.706624e-12 6.304496e-37 7.067095e-08 6.750561e-21   0.000000e+00 8.725232e-09 1.024192e-08
8.679354 2.665617e-04   4.010864e-12 7.312510e-37 7.105111e-08 2.272126e-21   0.000000e+00 1.069918e-08 1.431202e-08
8.802465 2.666175e-04   6.876406e-12 6.882099e-37 7.107802e-08 5.373752e-21   0.000000e+00 1.044146e-08 1.534080e-08
8.925577 2.663224e-04   1.921603e-11 6.719731e-37 7.090843e-08 8.908828e-21   0.000000e+00 6.816261e-09 1.068762e-08
9.048688 2.655346e-04   8.897539e-12 3.981381e-37 7.049970e-08 7.479423e-21   0.000000e+00 1.609716e-10 4.107402e-10
9.171799 2.649581e-04   4.886949e-11 1.163308e-37 7.015391e-08 6.270045e-21   0.000000e+00 7.436467e-09 1.171240e-08
9.294911 2.655681e-04   2.694901e-11 1.633964e-37 7.049948e-08 4.903077e-21   0.000000e+00 1.320866e-08 2.036988e-08
9.418022 2.660944e-04   2.982701e-11 1.891498e-37 7.077641e-08 -9.324488e-22   0.000000e+00 1.538591e-08 2.244597e-08
9.541134 2.662963e-04   6.003648e-11 1.833193e-37 7.085368e-08 -2.794181e-21   0.000000e+00 1.407755e-08 1.877293e-08
9.664245 2.661430e-04   5.799958e-11 6.304684e-38 7.077408e-08 4.130930e-21   0.000000e+00 1.076998e-08 1.262558e-08
9.787356 2.657051e-04   2.831906e-11 1.441804e-37 7.057091e-08 2.574864e-21   0.000000e+00 7.140570e-09 7.017582e-09
9.910468 2.652100e-04   9.390972e-12 8.958796e-37 7.032695e-08 4.751368e-21   0.000000e+00 4.221526e-09 3.270897e-09
10.033579 2.656629e-04   6.680970e-12 5.841808e-37 7.057007e-08 2.541209e-21   0.000000e+00 2.287533e-09 1.281856e-09
10.156691 2.663914e-04   4.115798e-12 6.135327e-37 7.096028e-08 5.452391e-21   0.000000e+00 1.168840e-09 4.123242e-10
10.279802 2.670267e-04   2.542418e-11 6.681874e-37 7.127781e-08 1.104334e-20   0.000000e+00 5.797220e-10 9.588825e-11
10.402913 2.669469e-04   1.714619e-11 8.074549e-37 7.124350e-08 9.861855e-21   0.000000e+00 2.871016e-10 3.088454e-12
10.526025 2.659918e-04   2.351092e-11 5.872992e-37 7.072815e-08 6.122143e-21   0.000000e+00 1.457894e-10 1.448869e-11
10.649136 2.636490e-04   4.272246e-11 6.960873e-37 6.946807e-08 8.855274e-21   0.000000e+00 7.779661e-11 1.195732e-11
10.772248 2.594715e-04   2.895717e-12 6.161904e-37 6.732254e-08 1.178528e-21   0.000000e+00 4.454843e-11 6.494186e-12
10.895359 2.524671e-04   3.973545e-11 6.863605e-37 6.369992e-08 1.918760e-21   0.000000e+00 2.767299e-11 2.329155e-12
11.018470 2.401189e-04   5.535073e-11 3.831243e-37 5.760172e-08 8.933426e-21   0.000000e+00 1.849193e-11 7.460145e-14
11.141582 2.205565e-04   1.031087e-11 7.845802e-37 4.863484e-08 6.959806e-21   0.000000e+00 1.288721e-11 1.124811e-12
11.264693 1.931679e-04   1.894791e-11 1.960188e-37 3.729491e-08 7.758869e-21   0.000000e+00 8.915472e-12 1.302274e-12
11.387805 1.594586e-04   2.268507e-11 3.318098e-37 2.540437e-08 1.278715e-20   0.000000e+00 5.705116e-12 9.725059e-13
11.510916 1.230935e-04   2.277938e-12 5.151828e-37 1.514974e-08 1.238891e-20   0.000000e+00 2.925859e-12 3.595828e-13
11.634027 8.923502e-05   2.975978e-12 1.995761e-37 7.959913e-09 1.057078e-20   0.000000e+00 5.091848e-13 4.316775e-13
11.757139 6.046013e-05   3.795545e-12 1.776960e-37 3.651632e-09 1.062024e-20   0.000000e+00 1.519845e-12 1.380057e-12
11.880250 3.787695e-05   1.396409e-13 1.692498e-37 1.434523e-09 6.482698e-21   0.000000e+00 3.157239e-12 2.520009e-12
12.003362 2.248937e-05   6.123838e-13 2.089843e-37 5.051596e-10 1.084896e-20   0.000000e+00 4.506220e-12 3.929675e-12
12.126473 1.294781e-05   5.734216e-13 1.797791e-37 1.670723e-10 3.415507e-21   0.000000e+00 5.850754e-12 5.728872e-12
12.249584 7.091424e-06   7.759384e-14 4.961871e-37 5.021070e-11 5.020796e-22   0.000000e+00 7.733184e-12 8.075360e-12
12.372696 3.585946e-06   2.016734e-15 2.452975e-37 1.285699e-11 3.508357e-21   0.000000e+00 1.105338e-11 1.114548e-11
12.495807 1.636173e-06   5.468993e-15 2.982548e-37 2.671591e-12 -1.296724e-21   0.000000e+00 1.719732e-11 1.508063e-11
12.618919 7.047115e-07   1.393933e-15 5.471256e-37 4.952244e-13 3.044161e-21   0.000000e+00 2.817242e-11 1.988765e-11
12.742030 3.458053e-07   1.180553e-16 1.871520e-37 1.194632e-13 7.447964e-21   0.000000e+00 4.666586e-11 2.532956e-11
12.865141 2.068407e-07   5.398149e-18 6.964297e-38 4.277769e-14 7.696634e-21   0.000000e+00 7.585506e-11 3.095032e-11
12.988253 1.371239e-07   6.299453e-19 6.473204e-37 1.880233e-14 5.476587e-21   0.000000e+00 1.187201e-10 3.648171e-11
13.111364 1.026204e-07   1.033405e-18 2.242108e-37 1.052990e-14 6.945910e-21   0.000000e+00 1.765298e-10 4.274753e-11
13.234476 9.257545e-08   3.003542e-18 1.312507e-37 8.567210e-15 4.118466e-21   0.000000e+00 2.458446e-10 5.247206e-11
13.357587 9.924682e-08   5.028070e-18 4.209086e-37 9.844904e-15 8.387882e-21   0.000000e+00 3.123899e-10 6.929858e-11
13.480698 1.086460e-07   3.981745e-18 6.851821e-37 1.179997e-14 4.425552e-21   0.000000e+00 3.394867e-10 9.342530e-11
13.603810 1.085703e-07   1.691378e-18 2.210243e-37 1.178582e-14 -4.880729e-22   0.000000e+00 2.533778e-10 1.156119e-10
13.726921 1.012751e-07   1.183985e-18 4.904800e-37 1.025546e-14 4.850018e-21   0.000000e+00 5.705884e-11 1.161023e-10
13.850033 9.590540e-08   9.390046e-19 4.104969e-38 9.196906e-15 1.092279e-21   0.000000e+00 6.947302e-10 7.395713e-11
13.973144 9.035992e-08   1.307356e-18 2.726216e-37 8.163608e-15 6.316627e-21   0.000000e+00 1.654735e-09 1.773801e-11
14.096255 7.784903e-08   1.567282e-18 1.855193e-37 6.058904e-15 1.116399e-20   0.000000e+00 2.736087e-09 1.431519e-10
14.219367 6.217181e-08   6.593330e-19 4.645237e-37 3.864675e-15 5.833749e-21   0.000000e+00 3.577389e-09 2.675658e-10
14.342478 5.524463e-08   2.172445e-19 3.029701e-37 3.051752e-15 3.227020e-21   0.000000e+00 3.846433e-09 3.489384e-10
14.465590 6.699743e-08   5.760550e-19 1.292139e-37 4.488080e-15 3.985864e-21   0.000000e+00 3.449313e-09 3.525600e-10
14.588701 9.499206e-08   8.893304e-19 3.358579e-37 9.022602e-15 4.345654e-21   0.000000e+00 2.578399e-09 2.678495e-10
14.711813 1.320040e-07   1.621197e-18 1.551011e-37 1.742342e-14 4.027094e-21   0.000000e+00 1.568971e-09 1.192086e-10
14.834924 1.793918e-07   5.942647e-18 2.101458e-39 3.217546e-14 3.732428e-21   0.000000e+00 7.039135e-10 4.233677e-11
