# x  mFx  mFy  mFz,   
# 1  2-4    5-7    8-10   11     
# x  sumEF  dirEF  recEF  #Sample
0.500000     -1.663073e-07 9.250065e-07 -6.210112e-06     -7.445970e-07 1.194389e-19 -3.961858e-06     5.782898e-07 9.250065e-07 -2.248255e-06
1.500000     1.996955e-06 -3.582092e-07 -5.936819e-06     2.800318e-06 -6.786860e-18 -4.100859e-06     -8.033633e-07 -3.582092e-07 -1.835960e-06
2.500000     1.988348e-06 -1.736520e-07 -2.242212e-06     2.180146e-06 1.218871e-17 -9.935760e-08     -1.917985e-07 -1.736520e-07 -2.142854e-06
3.500000     1.288403e-06 1.214877e-06 -1.018400e-06     5.189585e-07 -6.885679e-18 -4.887393e-07     7.694445e-07 1.214877e-06 -5.296610e-07
4.500000     -3.045400e-06 1.605171e-06 8.388326e-07     -3.471998e-06 -1.016759e-17 -5.286311e-07     4.265978e-07 1.605171e-06 1.367464e-06
5.500000     -9.475282e-07 2.933797e-06 1.419747e-06     -3.138205e-07 -1.872026e-17 -4.853719e-07     -6.337077e-07 2.933797e-06 1.905119e-06
6.500000     -5.758230e-07 2.286947e-06 -3.502212e-07     -9.732486e-07 1.759185e-17 -8.427168e-07     3.974256e-07 2.286947e-06 4.924955e-07
7.500000     -3.473460e-06 6.464610e-07 -1.557503e-06     -3.062033e-06 -5.066346e-18 5.389167e-07     -4.114265e-07 6.464610e-07 -2.096419e-06
8.500000     -3.264681e-07 2.052134e-06 1.778614e-06     -8.921845e-07 -2.020374e-17 2.998341e-06     5.657165e-07 2.052134e-06 -1.219728e-06
9.500000     -1.761178e-06 3.478712e-06 8.696548e-07     -2.679322e-06 -1.444139e-17 2.391021e-07     9.181437e-07 3.478712e-06 6.305527e-07
10.500000     -2.112076e-06 4.524078e-07 4.501727e-06     -6.828564e-06 -1.241766e-17 3.877688e-06     4.716487e-06 4.524078e-07 6.240384e-07
11.500000     1.988925e-06 -2.016124e-06 6.471242e-06     3.906961e-06 -4.560884e-18 7.750377e-06     -1.918036e-06 -2.016124e-06 -1.279135e-06
12.500000     -3.345182e-07 7.554294e-06 2.715121e-06     1.734086e-06 1.136228e-17 8.224093e-06     -2.068604e-06 7.554294e-06 -5.508972e-06
13.500000     1.519795e-05 1.684228e-05 5.050654e-06     5.116285e-06 5.960135e-18 1.158006e-05     1.008166e-05 1.684228e-05 -6.529405e-06
14.500000     -6.149173e-06 6.638383e-06 3.194540e-06     5.259143e-06 2.572784e-17 4.662934e-06     -1.140832e-05 6.638383e-06 -1.468395e-06
15.500000     7.548146e-06 1.055666e-06 7.559291e-06     1.082103e-05 4.166932e-17 -2.495734e-08     -3.272884e-06 1.055666e-06 7.584248e-06
16.500000     9.643800e-06 -1.074187e-06 2.801472e-06     8.697389e-06 2.036850e-18 2.860151e-06     9.464112e-07 -1.074187e-06 -5.867879e-08
17.500000     7.958997e-06 6.093581e-06 3.107932e-06     -2.888411e-06 -8.056783e-18 7.589930e-07     1.084741e-05 6.093581e-06 2.348939e-06
18.500000     -5.539524e-06 9.520889e-06 -1.150563e-06     -4.829760e-06 -1.588862e-17 -1.643025e-06     -7.097634e-07 9.520889e-06 4.924618e-07
19.500000     -1.614516e-05 -4.326915e-06 -3.224007e-06     -9.321309e-06 -2.188900e-17 -4.090301e-06     -6.823852e-06 -4.326915e-06 8.662932e-07
20.500000     -3.533715e-06 -4.107773e-06 -4.607961e-06     -6.884301e-06 -2.034565e-17 -8.399119e-06     3.350586e-06 -4.107773e-06 3.791158e-06
21.500000     -6.569612e-06 2.593571e-06 -4.020927e-06     -5.102248e-06 8.451698e-18 -5.917764e-06     -1.467364e-06 2.593571e-06 1.896836e-06
22.500000     6.137010e-06 9.599480e-06 -3.751574e-06     9.120478e-07 1.066156e-17 -3.035519e-06     5.224962e-06 9.599480e-06 -7.160552e-07
23.500000     6.595789e-07 1.821480e-05 -2.841858e-06     1.701589e-06 -6.364245e-18 -2.575270e-06     -1.042010e-06 1.821480e-05 -2.665877e-07
24.500000     -1.162957e-06 1.211435e-05 -1.595240e-06     -6.217861e-07 -6.216497e-18 -1.771956e-06     -5.411711e-07 1.211435e-05 1.767157e-07
25.500000     -7.786427e-06 3.472810e-06 -1.023983e-06     -4.792968e-06 2.081443e-17 2.283048e-07     -2.993459e-06 3.472810e-06 -1.252288e-06
26.500000     -4.362815e-07 6.293423e-07 -7.400730e-06     -6.871105e-07 1.706419e-17 3.607141e-06     2.508290e-07 6.293423e-07 -1.100787e-05
27.500000     4.987248e-08 6.468149e-06 -4.740529e-06     5.669491e-06 -2.451377e-17 3.823728e-06     -5.619619e-06 6.468149e-06 -8.564257e-06
28.500000     4.031469e-06 6.796850e-06 -7.639071e-06     3.660155e-06 -8.431970e-18 3.297256e-06     3.713142e-07 6.796850e-06 -1.093633e-05
29.500000     1.163657e-05 9.494646e-06 2.020938e-06     2.743679e-06 1.774525e-18 4.388155e-06     8.892891e-06 9.494646e-06 -2.367217e-06
30.500000     -2.660070e-06 3.092570e-06 2.763067e-06     1.291749e-06 1.136852e-17 2.507859e-06     -3.951819e-06 3.092570e-06 2.552084e-07
31.500000     -3.277017e-06 1.393684e-06 6.939082e-07     -3.246490e-06 -1.189112e-17 6.171415e-07     -3.052736e-08 1.393684e-06 7.676676e-08
32.500000     -3.148748e-07 5.574289e-07 -2.169075e-06     -1.086944e-06 4.424329e-18 -7.624753e-07     7.720695e-07 5.574289e-07 -1.406600e-06
33.500000     -6.591832e-07 4.768966e-07 -1.226594e-06     -1.491670e-06 1.950637e-17 -1.659223e-06     8.324871e-07 4.768966e-07 4.326285e-07
34.500000     -1.393787e-06 6.962860e-07 4.144705e-07     -2.588666e-06 2.724417e-19 1.225484e-07     1.194879e-06 6.962860e-07 2.919220e-07
35.500000     1.328414e-08 1.590586e-06 -1.044862e-06     1.293012e-06 -1.815129e-17 1.584695e-07     -1.279728e-06 1.590586e-06 -1.203331e-06
36.500000     1.778008e-06 7.384222e-07 -1.789187e-06     4.994348e-07 -6.824747e-18 -1.819792e-06     1.278574e-06 7.384222e-07 3.060475e-08
37.500000     -2.998415e-06 -1.342392e-08 -1.904396e-06     8.788318e-07 1.020794e-17 -1.167003e-06     -3.877247e-06 -1.342392e-08 -7.373936e-07
38.500000     4.876651e-06 -1.843147e-06 -2.423674e-06     2.903801e-06 5.988936e-18 -2.253786e-06     1.972850e-06 -1.843147e-06 -1.698877e-07
39.500000     -1.688056e-06 -2.007898e-07 -5.107483e-06     -9.217794e-08 2.089895e-17 -4.185088e-06     -1.595878e-06 -2.007898e-07 -9.223951e-07
