# 1  2-4    5-7    8-10   11     
# x  dirEF  recEF  sumEF  #Sample
0.500000 	 -2.086029e-07 -3.775356e-06 3.280007e-06 	 1.694341e-09 -1.013777e-10 -2.617242e-10 	 -2.069086e-07 -3.775457e-06 3.279745e-06 	 22
1.500000 	 2.122347e-05 6.420899e-06 -1.296832e-05 	 2.482615e-11 -1.311603e-09 -3.775638e-10 	 2.122349e-05 6.419587e-06 -1.296870e-05 	 18
2.500000 	 -2.053290e-07 -4.083981e-06 1.184674e-05 	 3.528815e-09 1.661236e-11 -5.747218e-10 	 -2.018002e-07 -4.083964e-06 1.184616e-05 	 13
3.500000 	 4.089912e-06 -7.979465e-06 -4.222626e-06 	 -1.585372e-09 1.248456e-09 -2.436892e-11 	 4.088327e-06 -7.978216e-06 -4.222650e-06 	 21
4.500000 	 1.216921e-05 -5.870716e-08 -2.984187e-06 	 -1.942366e-09 -1.641893e-10 -8.540311e-10 	 1.216727e-05 -5.887135e-08 -2.985041e-06 	 19
5.500000 	 -1.616494e-06 -8.744878e-06 9.871849e-06 	 -2.335759e-09 1.161008e-09 2.068408e-10 	 -1.618830e-06 -8.743717e-06 9.872056e-06 	 15
6.500000 	 -5.113105e-06 -2.370462e-06 -2.852376e-06 	 -2.439547e-09 3.075062e-10 -9.915029e-10 	 -5.115545e-06 -2.370155e-06 -2.853368e-06 	 20
7.500000 	 -1.287124e-05 7.482952e-06 -2.784288e-06 	 1.091399e-09 -1.801372e-10 3.517776e-10 	 -1.287015e-05 7.482771e-06 -2.783936e-06 	 27
8.500000 	 -1.511171e-05 1.335914e-05 -7.808236e-06 	 -1.037099e-09 -2.961958e-10 8.988210e-10 	 -1.511274e-05 1.335885e-05 -7.807338e-06 	 20
9.500000 	 1.266167e-05 -1.992858e-06 6.122784e-06 	 -9.515884e-10 5.938701e-10 1.233393e-09 	 1.266072e-05 -1.992264e-06 6.124018e-06 	 114
10.500000 	 8.059127e-06 1.554003e-06 -2.305788e-06 	 -1.155802e-09 -4.085971e-10 6.042585e-10 	 8.057971e-06 1.553594e-06 -2.305184e-06 	 330
11.500000 	 2.259322e-05 3.438126e-07 1.779140e-06 	 -1.188426e-09 6.489785e-11 3.525830e-11 	 2.259203e-05 3.438775e-07 1.779176e-06 	 397
12.500000 	 1.206291e-05 5.111399e-06 -5.925721e-06 	 4.759022e-10 6.332977e-10 -1.399984e-09 	 1.206339e-05 5.112033e-06 -5.927121e-06 	 375
13.500000 	 5.978649e-07 1.039341e-05 7.905598e-06 	 9.614380e-10 -4.040259e-10 -9.845857e-11 	 5.988263e-07 1.039301e-05 7.905500e-06 	 391
14.500000 	 8.060057e-07 4.855081e-06 1.249276e-06 	 -1.624029e-09 -3.926070e-10 2.813452e-10 	 8.043816e-07 4.854688e-06 1.249558e-06 	 390
15.500000 	 -5.101706e-06 -1.022841e-05 -7.819699e-06 	 -1.172462e-09 9.398538e-11 -7.038271e-10 	 -5.102879e-06 -1.022831e-05 -7.820403e-06 	 412
16.500000 	 -3.163970e-07 -1.131140e-06 -5.166459e-06 	 -1.778017e-11 -8.110838e-10 -3.917486e-10 	 -3.164148e-07 -1.131951e-06 -5.166851e-06 	 388
17.500000 	 1.052870e-06 -4.990730e-06 -7.417666e-06 	 5.458258e-10 6.569486e-10 -7.552878e-11 	 1.053415e-06 -4.990073e-06 -7.417741e-06 	 397
18.500000 	 1.778755e-05 1.331371e-05 1.005028e-06 	 2.983638e-10 7.830699e-10 -4.900822e-10 	 1.778785e-05 1.331449e-05 1.004538e-06 	 406
19.500000 	 2.246093e-05 -9.948863e-06 1.010428e-05 	 5.150716e-10 1.120198e-09 -3.760034e-10 	 2.246145e-05 -9.947743e-06 1.010391e-05 	 362
20.500000 	 -2.013715e-05 -3.467686e-06 -8.142390e-06 	 -7.521980e-10 4.801344e-10 -5.832098e-12 	 -2.013790e-05 -3.467206e-06 -8.142395e-06 	 379
21.500000 	 -3.104411e-05 2.560621e-06 -2.427003e-06 	 -6.597469e-10 -2.472581e-11 -3.004241e-10 	 -3.104477e-05 2.560596e-06 -2.427304e-06 	 392
22.500000 	 -4.060638e-05 4.333593e-06 8.190840e-07 	 1.495269e-09 1.074786e-09 -7.033466e-10 	 -4.060489e-05 4.334668e-06 8.183806e-07 	 407
23.500000 	 -2.984374e-05 1.299879e-05 5.221081e-06 	 1.613137e-09 -6.199269e-10 7.944515e-10 	 -2.984213e-05 1.299817e-05 5.221876e-06 	 439
24.500000 	 -8.810077e-06 -7.394872e-06 -5.615207e-07 	 -1.079287e-09 -2.207347e-11 -5.116474e-10 	 -8.811156e-06 -7.394895e-06 -5.620324e-07 	 410
25.500000 	 5.010975e-06 -2.921688e-06 4.616147e-06 	 2.132250e-10 3.926615e-10 1.125867e-10 	 5.011188e-06 -2.921295e-06 4.616260e-06 	 427
26.500000 	 5.031491e-06 9.134829e-06 -6.970712e-06 	 -5.194071e-10 5.524834e-10 1.659145e-09 	 5.030972e-06 9.135381e-06 -6.969053e-06 	 371
27.500000 	 6.861649e-06 3.271841e-06 1.426715e-06 	 3.487685e-10 -9.546889e-11 -7.508909e-10 	 6.861998e-06 3.271745e-06 1.425965e-06 	 409
28.500000 	 4.816828e-07 5.475340e-06 -6.959174e-06 	 7.001678e-10 -4.300854e-10 -1.105571e-10 	 4.823830e-07 5.474910e-06 -6.959285e-06 	 389
29.500000 	 1.821596e-06 -1.747282e-06 -1.033402e-06 	 -1.645896e-09 -3.832586e-10 -1.510904e-10 	 1.819950e-06 -1.747666e-06 -1.033553e-06 	 368
30.500000 	 4.968248e-06 -4.863391e-06 1.824855e-05 	 1.758784e-09 -4.137415e-10 5.825999e-12 	 4.970007e-06 -4.863804e-06 1.824855e-05 	 78
31.500000 	 3.200192e-07 9.916802e-06 2.222069e-05 	 2.703925e-09 6.303239e-10 7.564489e-11 	 3.227231e-07 9.917432e-06 2.222077e-05 	 20
32.500000 	 -1.010713e-05 -1.619462e-05 -2.033729e-06 	 8.914018e-10 1.428210e-10 1.356736e-10 	 -1.010624e-05 -1.619448e-05 -2.033593e-06 	 17
33.500000 	 1.267569e-05 -3.689820e-06 -4.060585e-07 	 -1.986577e-09 -7.028932e-10 1.073630e-09 	 1.267370e-05 -3.690523e-06 -4.049849e-07 	 20
34.500000 	 -5.163937e-06 3.658856e-06 1.164641e-05 	 -1.414644e-09 -7.226473e-10 5.720661e-10 	 -5.165351e-06 3.658133e-06 1.164698e-05 	 23
35.500000 	 3.410358e-06 2.227655e-06 -1.623425e-06 	 -1.485092e-09 2.589514e-10 -7.250588e-10 	 3.408873e-06 2.227914e-06 -1.624150e-06 	 25
36.500000 	 -8.999543e-06 -9.451704e-06 -4.784384e-06 	 -3.140843e-09 -3.243068e-10 -1.115503e-09 	 -9.002684e-06 -9.452028e-06 -4.785499e-06 	 19
37.500000 	 -1.742066e-06 -1.649885e-06 2.337488e-09 	 6.965758e-10 -1.263923e-10 1.619855e-11 	 -1.741369e-06 -1.650011e-06 2.353687e-09 	 22
38.500000 	 -1.206152e-06 -6.080205e-06 -1.530996e-06 	 -7.354704e-10 -1.145103e-09 -5.470814e-10 	 -1.206887e-06 -6.081350e-06 -1.531543e-06 	 25
39.500000 	 1.588733e-06 4.485680e-06 3.955594e-06 	 1.238306e-09 9.960096e-10 -3.916238e-11 	 1.589971e-06 4.486676e-06 3.955555e-06 	 23
