# 1  2      3      4      5      
# x  dirEF  recEF  sumEF  #Sample
0.250000 0.000000e+00 0.000000e+00 0.000000e+00 0
0.750000 0.000000e+00 0.000000e+00 0.000000e+00 0
1.250000 0.000000e+00 0.000000e+00 0.000000e+00 0
1.750000 0.000000e+00 0.000000e+00 0.000000e+00 0
2.250000 0.000000e+00 0.000000e+00 0.000000e+00 0
2.750000 0.000000e+00 0.000000e+00 0.000000e+00 0
3.250000 1.672091e-05 1.037015e-05 1.834997e-05 26
3.750000 2.017403e-05 9.220482e-06 2.267848e-05 582
4.250000 2.294840e-05 8.558924e-06 2.445019e-05 876
4.750000 2.594993e-05 8.304446e-06 2.738803e-05 909
5.250000 2.762574e-05 8.043157e-06 2.864126e-05 905
5.750000 2.766750e-05 8.086161e-06 2.891396e-05 913
6.250000 2.671124e-05 8.124934e-06 2.798721e-05 903
6.750000 2.705271e-05 8.505150e-06 2.858966e-05 915
7.250000 2.667325e-05 8.292412e-06 2.806007e-05 922
7.750000 2.684610e-05 8.302947e-06 2.828632e-05 881
8.250000 2.747604e-05 8.553984e-06 2.874312e-05 908
8.750000 2.720537e-05 8.760822e-06 2.846837e-05 892
9.250000 2.722651e-05 8.356945e-06 2.823406e-05 923
9.750000 2.614319e-05 8.376467e-06 2.728357e-05 895
10.250000 2.593058e-05 8.734686e-06 2.735662e-05 903
10.750000 2.291279e-05 8.751415e-06 2.419465e-05 899
11.250000 2.063401e-05 9.197725e-06 2.305236e-05 543
11.750000 1.665281e-05 9.519473e-06 1.837080e-05 29
12.250000 0.000000e+00 0.000000e+00 0.000000e+00 0
12.750000 0.000000e+00 0.000000e+00 0.000000e+00 0
13.250000 0.000000e+00 0.000000e+00 0.000000e+00 0
13.750000 0.000000e+00 0.000000e+00 0.000000e+00 0
14.250000 0.000000e+00 0.000000e+00 0.000000e+00 0
14.750000 0.000000e+00 0.000000e+00 0.000000e+00 0
