# 1  2-4    5-7    8-10   11     
# x  dirEF  recEF  sumEF  #Sample
0.250000 	 0.000000e+00 0.000000e+00 0.000000e+00 	 0.000000e+00 0.000000e+00 0.000000e+00 	 0.000000e+00 0.000000e+00 0.000000e+00 	 0
0.750000 	 0.000000e+00 0.000000e+00 0.000000e+00 	 0.000000e+00 0.000000e+00 0.000000e+00 	 0.000000e+00 0.000000e+00 0.000000e+00 	 0
1.250000 	 0.000000e+00 0.000000e+00 0.000000e+00 	 0.000000e+00 0.000000e+00 0.000000e+00 	 0.000000e+00 0.000000e+00 0.000000e+00 	 0
1.750000 	 0.000000e+00 0.000000e+00 0.000000e+00 	 0.000000e+00 0.000000e+00 0.000000e+00 	 0.000000e+00 0.000000e+00 0.000000e+00 	 0
2.250000 	 0.000000e+00 0.000000e+00 0.000000e+00 	 0.000000e+00 0.000000e+00 0.000000e+00 	 0.000000e+00 0.000000e+00 0.000000e+00 	 0
2.750000 	 0.000000e+00 0.000000e+00 0.000000e+00 	 0.000000e+00 0.000000e+00 0.000000e+00 	 0.000000e+00 0.000000e+00 0.000000e+00 	 0
3.250000 	 2.983533e-06 1.708751e-06 2.528744e-06 	 -3.625944e-06 5.374251e-06 -6.149607e-07 	 -6.424100e-07 7.083002e-06 1.913784e-06 	 13
3.750000 	 5.640666e-07 7.841426e-07 6.377293e-07 	 -6.469715e-08 4.794128e-07 9.252740e-07 	 4.993694e-07 1.263555e-06 1.563003e-06 	 576
4.250000 	 -9.614715e-07 -2.786248e-07 -5.314191e-07 	 3.987789e-07 -1.430074e-07 2.237519e-07 	 -5.626927e-07 -4.216322e-07 -3.076672e-07 	 909
4.750000 	 5.786652e-07 -2.809571e-08 9.633457e-07 	 -3.322407e-07 8.121032e-07 5.751209e-07 	 2.464245e-07 7.840075e-07 1.538467e-06 	 908
5.250000 	 -6.082940e-08 4.802796e-07 4.920944e-07 	 9.300899e-08 -7.266282e-07 -4.151641e-07 	 3.217960e-08 -2.463486e-07 7.693030e-08 	 896
5.750000 	 -8.052514e-07 -1.405959e-07 9.826519e-08 	 3.758306e-07 -8.351675e-07 5.518812e-08 	 -4.294208e-07 -9.757634e-07 1.534533e-07 	 912
6.250000 	 3.942344e-07 -3.792192e-07 -4.218115e-07 	 2.190892e-07 1.029310e-06 1.681066e-06 	 6.133236e-07 6.500912e-07 1.259255e-06 	 903
6.750000 	 -1.121010e-07 4.644644e-07 -3.231840e-08 	 -1.761661e-07 5.038490e-07 3.280171e-07 	 -2.882671e-07 9.683134e-07 2.956987e-07 	 906
7.250000 	 1.274303e-07 7.235055e-07 -2.240613e-07 	 6.529701e-09 3.010438e-07 2.061741e-07 	 1.339600e-07 1.024549e-06 -1.788721e-08 	 891
7.750000 	 2.479267e-08 -1.418273e-07 9.678784e-10 	 -4.299651e-07 -1.428222e-07 1.294921e-07 	 -4.051724e-07 -2.846495e-07 1.304599e-07 	 920
8.250000 	 2.005806e-07 -7.846060e-07 -5.204805e-07 	 4.972402e-07 7.170224e-07 -5.233337e-07 	 6.978208e-07 -6.758358e-08 -1.043814e-06 	 911
8.750000 	 5.641064e-08 -2.289929e-07 4.100446e-07 	 2.190245e-08 -7.798362e-07 -6.266950e-07 	 7.831310e-08 -1.008829e-06 -2.166504e-07 	 922
9.250000 	 -1.861816e-07 1.124457e-06 4.751847e-07 	 -2.074086e-07 2.601038e-07 2.017459e-07 	 -3.935902e-07 1.384561e-06 6.769306e-07 	 901
9.750000 	 -6.963581e-07 3.408367e-07 -8.650957e-07 	 5.988365e-08 3.751286e-07 3.217103e-07 	 -6.364745e-07 7.159654e-07 -5.433853e-07 	 879
10.250000 	 -4.576545e-07 -4.276682e-07 6.911975e-08 	 2.224446e-07 -5.973697e-07 -2.491033e-07 	 -2.352100e-07 -1.025038e-06 -1.799836e-07 	 909
10.750000 	 4.708885e-07 8.688149e-08 2.352619e-07 	 -5.253210e-07 -1.002356e-07 2.618525e-08 	 -5.443245e-08 -1.335412e-08 2.614471e-07 	 894
11.250000 	 2.321245e-07 5.573286e-07 -8.753516e-08 	 -3.361831e-09 -1.874223e-07 4.753082e-07 	 2.287627e-07 3.699063e-07 3.877731e-07 	 552
11.750000 	 9.055769e-07 -2.735990e-06 2.147171e-06 	 3.536885e-06 -4.312442e-07 -3.232477e-07 	 4.442462e-06 -3.167235e-06 1.823923e-06 	 22
12.250000 	 0.000000e+00 0.000000e+00 0.000000e+00 	 0.000000e+00 0.000000e+00 0.000000e+00 	 0.000000e+00 0.000000e+00 0.000000e+00 	 0
12.750000 	 0.000000e+00 0.000000e+00 0.000000e+00 	 0.000000e+00 0.000000e+00 0.000000e+00 	 0.000000e+00 0.000000e+00 0.000000e+00 	 0
13.250000 	 0.000000e+00 0.000000e+00 0.000000e+00 	 0.000000e+00 0.000000e+00 0.000000e+00 	 0.000000e+00 0.000000e+00 0.000000e+00 	 0
13.750000 	 0.000000e+00 0.000000e+00 0.000000e+00 	 0.000000e+00 0.000000e+00 0.000000e+00 	 0.000000e+00 0.000000e+00 0.000000e+00 	 0
14.250000 	 0.000000e+00 0.000000e+00 0.000000e+00 	 0.000000e+00 0.000000e+00 0.000000e+00 	 0.000000e+00 0.000000e+00 0.000000e+00 	 0
14.750000 	 0.000000e+00 0.000000e+00 0.000000e+00 	 0.000000e+00 0.000000e+00 0.000000e+00 	 0.000000e+00 0.000000e+00 0.000000e+00 	 0
