# 1  2-4    5-7    8-10   11     
# x  dirEF  recEF  sumEF  #Sample
0.250000 	 0.000000e+00 0.000000e+00 0.000000e+00 	 0.000000e+00 0.000000e+00 0.000000e+00 	 0.000000e+00 0.000000e+00 0.000000e+00 	 0
0.750000 	 0.000000e+00 0.000000e+00 0.000000e+00 	 0.000000e+00 0.000000e+00 0.000000e+00 	 0.000000e+00 0.000000e+00 0.000000e+00 	 0
1.250000 	 0.000000e+00 0.000000e+00 0.000000e+00 	 0.000000e+00 0.000000e+00 0.000000e+00 	 0.000000e+00 0.000000e+00 0.000000e+00 	 0
1.750000 	 0.000000e+00 0.000000e+00 0.000000e+00 	 0.000000e+00 0.000000e+00 0.000000e+00 	 0.000000e+00 0.000000e+00 0.000000e+00 	 0
2.250000 	 0.000000e+00 0.000000e+00 0.000000e+00 	 0.000000e+00 0.000000e+00 0.000000e+00 	 0.000000e+00 0.000000e+00 0.000000e+00 	 0
2.750000 	 0.000000e+00 0.000000e+00 0.000000e+00 	 0.000000e+00 0.000000e+00 0.000000e+00 	 0.000000e+00 0.000000e+00 0.000000e+00 	 0
3.250000 	 -2.526365e-06 4.323442e-06 -1.056270e-07 	 -4.588942e-06 -3.265316e-07 -9.012152e-07 	 -7.115306e-06 3.996911e-06 -1.006842e-06 	 21
3.750000 	 -2.496089e-07 1.398871e-07 4.329233e-07 	 7.890987e-07 -2.032718e-08 -6.503727e-08 	 5.394898e-07 1.195599e-07 3.678860e-07 	 569
4.250000 	 -2.429649e-08 -3.265543e-08 1.185187e-07 	 1.698041e-07 6.593567e-08 -1.290869e-07 	 1.455076e-07 3.328024e-08 -1.056826e-08 	 899
4.750000 	 5.895309e-07 1.655562e-07 -7.213782e-08 	 -9.139461e-08 1.154533e-07 1.078088e-07 	 4.981363e-07 2.810096e-07 3.567100e-08 	 904
5.250000 	 -4.099567e-07 3.640048e-07 1.114401e-07 	 -1.913260e-07 -9.338024e-08 5.188295e-08 	 -6.012827e-07 2.706246e-07 1.633230e-07 	 906
5.750000 	 -9.642544e-07 -7.530521e-07 4.470910e-07 	 1.750704e-07 6.356045e-08 -6.276113e-08 	 -7.891840e-07 -6.894916e-07 3.843299e-07 	 906
6.250000 	 1.103872e-06 -2.137498e-08 -2.761179e-07 	 3.473106e-07 -8.608096e-09 -8.221962e-09 	 1.451182e-06 -2.998308e-08 -2.843398e-07 	 905
6.750000 	 1.316511e-06 5.694203e-08 -8.633357e-08 	 -4.579869e-07 4.068167e-08 -6.955010e-08 	 8.585239e-07 9.762370e-08 -1.558837e-07 	 913
7.250000 	 -3.506095e-07 -2.636309e-07 3.493567e-07 	 2.499900e-07 9.216107e-08 1.004950e-07 	 -1.006195e-07 -1.714698e-07 4.498516e-07 	 911
7.750000 	 -1.132205e-06 -1.218339e-07 9.541069e-08 	 8.905910e-08 9.610232e-08 4.123444e-08 	 -1.043146e-06 -2.573157e-08 1.366451e-07 	 907
8.250000 	 -1.983119e-07 -4.787068e-07 1.631002e-07 	 -2.398713e-07 -5.355197e-08 2.960622e-08 	 -4.381832e-07 -5.322588e-07 1.927064e-07 	 901
8.750000 	 5.103515e-07 -2.804062e-07 -1.565611e-07 	 9.522753e-08 -4.236192e-10 7.354958e-08 	 6.055790e-07 -2.808299e-07 -8.301155e-08 	 909
9.250000 	 -4.194096e-07 6.078861e-07 4.980471e-08 	 2.619002e-07 3.588283e-08 1.260038e-07 	 -1.575094e-07 6.437689e-07 1.758085e-07 	 905
9.750000 	 -8.149380e-07 -4.194921e-07 2.941837e-07 	 -3.248883e-07 1.131251e-07 -1.605357e-07 	 -1.139826e-06 -3.063671e-07 1.336479e-07 	 900
10.250000 	 3.540229e-07 1.055307e-07 -1.450451e-07 	 -8.300048e-08 -1.687884e-08 3.243341e-08 	 2.710225e-07 8.865184e-08 -1.126117e-07 	 913
10.750000 	 3.256960e-08 -3.336707e-07 -1.777854e-07 	 5.622295e-09 1.254040e-07 1.467402e-09 	 3.819189e-08 -2.082667e-07 -1.763180e-07 	 872
11.250000 	 4.816314e-07 -2.598724e-08 -3.816495e-07 	 -8.160008e-07 2.052153e-07 3.175669e-07 	 -3.343694e-07 1.792281e-07 -6.408260e-08 	 559
11.750000 	 -1.717775e-06 2.806085e-07 -1.151887e-06 	 4.017684e-06 -3.814344e-07 -1.328123e-06 	 2.299909e-06 -1.008259e-07 -2.480010e-06 	 24
12.250000 	 0.000000e+00 0.000000e+00 0.000000e+00 	 0.000000e+00 0.000000e+00 0.000000e+00 	 0.000000e+00 0.000000e+00 0.000000e+00 	 0
12.750000 	 0.000000e+00 0.000000e+00 0.000000e+00 	 0.000000e+00 0.000000e+00 0.000000e+00 	 0.000000e+00 0.000000e+00 0.000000e+00 	 0
13.250000 	 0.000000e+00 0.000000e+00 0.000000e+00 	 0.000000e+00 0.000000e+00 0.000000e+00 	 0.000000e+00 0.000000e+00 0.000000e+00 	 0
13.750000 	 0.000000e+00 0.000000e+00 0.000000e+00 	 0.000000e+00 0.000000e+00 0.000000e+00 	 0.000000e+00 0.000000e+00 0.000000e+00 	 0
14.250000 	 0.000000e+00 0.000000e+00 0.000000e+00 	 0.000000e+00 0.000000e+00 0.000000e+00 	 0.000000e+00 0.000000e+00 0.000000e+00 	 0
14.750000 	 0.000000e+00 0.000000e+00 0.000000e+00 	 0.000000e+00 0.000000e+00 0.000000e+00 	 0.000000e+00 0.000000e+00 0.000000e+00 	 0
