# 1  2-4    5-7    8-10   11     
# x  dirEF  recEF  sumEF  #Sample
0.250000 	 0.000000e+00 0.000000e+00 0.000000e+00 	 0.000000e+00 0.000000e+00 0.000000e+00 	 0.000000e+00 0.000000e+00 0.000000e+00 	 0
0.750000 	 0.000000e+00 0.000000e+00 0.000000e+00 	 0.000000e+00 0.000000e+00 0.000000e+00 	 0.000000e+00 0.000000e+00 0.000000e+00 	 0
1.250000 	 0.000000e+00 0.000000e+00 0.000000e+00 	 0.000000e+00 0.000000e+00 0.000000e+00 	 0.000000e+00 0.000000e+00 0.000000e+00 	 0
1.750000 	 0.000000e+00 0.000000e+00 0.000000e+00 	 0.000000e+00 0.000000e+00 0.000000e+00 	 0.000000e+00 0.000000e+00 0.000000e+00 	 0
2.250000 	 0.000000e+00 0.000000e+00 0.000000e+00 	 0.000000e+00 0.000000e+00 0.000000e+00 	 0.000000e+00 0.000000e+00 0.000000e+00 	 0
2.750000 	 0.000000e+00 0.000000e+00 0.000000e+00 	 0.000000e+00 0.000000e+00 0.000000e+00 	 0.000000e+00 0.000000e+00 0.000000e+00 	 0
3.250000 	 -1.634469e-06 7.189853e-07 3.405836e-07 	 -1.050121e-05 2.386833e-06 2.765197e-06 	 -1.213567e-05 3.105819e-06 3.105781e-06 	 26
3.750000 	 3.225224e-07 3.063234e-07 3.204959e-07 	 -4.970742e-07 4.998892e-07 5.453812e-07 	 -1.745518e-07 8.062126e-07 8.658772e-07 	 582
4.250000 	 -9.915940e-08 -2.864887e-07 1.088995e-08 	 1.627401e-06 -2.577729e-07 -7.607604e-07 	 1.528242e-06 -5.442616e-07 -7.498704e-07 	 876
4.750000 	 4.409974e-07 -4.745301e-07 1.504841e-07 	 -1.496641e-06 3.842791e-07 5.065390e-07 	 -1.055643e-06 -9.025093e-08 6.570231e-07 	 909
5.250000 	 -6.405353e-08 -1.370542e-06 -4.964433e-07 	 -1.557878e-06 1.392384e-07 -3.124255e-07 	 -1.621931e-06 -1.231304e-06 -8.088687e-07 	 905
5.750000 	 1.916773e-07 -6.847035e-07 -3.740125e-07 	 1.289771e-06 -1.328169e-06 -2.217410e-08 	 1.481449e-06 -2.012872e-06 -3.961865e-07 	 913
6.250000 	 2.225082e-07 9.163700e-07 -3.091363e-07 	 -1.312224e-07 -4.004631e-07 -2.067188e-07 	 9.128584e-08 5.159068e-07 -5.158551e-07 	 903
6.750000 	 7.964451e-07 1.836485e-07 -5.817158e-08 	 2.360351e-06 8.724916e-07 -5.075461e-08 	 3.156796e-06 1.056140e-06 -1.089262e-07 	 915
7.250000 	 2.767649e-07 -2.811194e-08 4.048631e-07 	 -2.874726e-06 5.846758e-07 -6.358598e-07 	 -2.597961e-06 5.565639e-07 -2.309968e-07 	 922
7.750000 	 8.244179e-07 -1.693348e-07 9.547289e-07 	 3.184278e-06 -4.964858e-08 1.695900e-07 	 4.008696e-06 -2.189834e-07 1.124319e-06 	 881
8.250000 	 5.369416e-07 -1.235031e-08 4.103568e-07 	 -2.774742e-06 1.594882e-09 5.914133e-07 	 -2.237800e-06 -1.075542e-08 1.001770e-06 	 908
8.750000 	 -2.782897e-07 5.318822e-07 -2.541999e-07 	 1.359631e-07 -3.920156e-07 -3.863561e-07 	 -1.423265e-07 1.398666e-07 -6.405560e-07 	 892
9.250000 	 -4.862805e-07 -7.266552e-08 2.100313e-07 	 -7.550503e-08 3.374261e-07 5.276798e-07 	 -5.617856e-07 2.647605e-07 7.377111e-07 	 923
9.750000 	 -1.719769e-07 -1.049882e-06 -5.737263e-07 	 -9.996896e-07 -9.517481e-08 2.736419e-07 	 -1.171666e-06 -1.145057e-06 -3.000844e-07 	 895
10.250000 	 6.897780e-07 4.588831e-07 3.240094e-07 	 1.997893e-06 -3.949540e-07 3.231476e-07 	 2.687671e-06 6.392917e-08 6.471571e-07 	 903
10.750000 	 -8.677558e-09 5.279216e-07 -1.249406e-07 	 -1.893332e-06 5.158615e-07 4.871406e-07 	 -1.902009e-06 1.043783e-06 3.622000e-07 	 899
11.250000 	 -9.881272e-07 -7.035446e-07 1.714351e-07 	 2.196840e-06 -4.620317e-07 2.916688e-07 	 1.208712e-06 -1.165576e-06 4.631039e-07 	 543
11.750000 	 1.090727e-06 1.561668e-06 7.037496e-07 	 3.704497e-06 2.972955e-06 -3.610068e-06 	 4.795225e-06 4.534624e-06 -2.906318e-06 	 29
12.250000 	 0.000000e+00 0.000000e+00 0.000000e+00 	 0.000000e+00 0.000000e+00 0.000000e+00 	 0.000000e+00 0.000000e+00 0.000000e+00 	 0
12.750000 	 0.000000e+00 0.000000e+00 0.000000e+00 	 0.000000e+00 0.000000e+00 0.000000e+00 	 0.000000e+00 0.000000e+00 0.000000e+00 	 0
13.250000 	 0.000000e+00 0.000000e+00 0.000000e+00 	 0.000000e+00 0.000000e+00 0.000000e+00 	 0.000000e+00 0.000000e+00 0.000000e+00 	 0
13.750000 	 0.000000e+00 0.000000e+00 0.000000e+00 	 0.000000e+00 0.000000e+00 0.000000e+00 	 0.000000e+00 0.000000e+00 0.000000e+00 	 0
14.250000 	 0.000000e+00 0.000000e+00 0.000000e+00 	 0.000000e+00 0.000000e+00 0.000000e+00 	 0.000000e+00 0.000000e+00 0.000000e+00 	 0
14.750000 	 0.000000e+00 0.000000e+00 0.000000e+00 	 0.000000e+00 0.000000e+00 0.000000e+00 	 0.000000e+00 0.000000e+00 0.000000e+00 	 0
