# 1  2-4    5-7    8-10   11     
# x  dirEF  recEF  sumEF  #Sample
0.250000 	 0.000000e+00 0.000000e+00 0.000000e+00 	 0.000000e+00 0.000000e+00 0.000000e+00 	 0.000000e+00 0.000000e+00 0.000000e+00 	 0
0.750000 	 0.000000e+00 0.000000e+00 0.000000e+00 	 0.000000e+00 0.000000e+00 0.000000e+00 	 0.000000e+00 0.000000e+00 0.000000e+00 	 0
1.250000 	 0.000000e+00 0.000000e+00 0.000000e+00 	 0.000000e+00 0.000000e+00 0.000000e+00 	 0.000000e+00 0.000000e+00 0.000000e+00 	 0
1.750000 	 0.000000e+00 0.000000e+00 0.000000e+00 	 0.000000e+00 0.000000e+00 0.000000e+00 	 0.000000e+00 0.000000e+00 0.000000e+00 	 0
2.250000 	 0.000000e+00 0.000000e+00 0.000000e+00 	 0.000000e+00 0.000000e+00 0.000000e+00 	 0.000000e+00 0.000000e+00 0.000000e+00 	 0
2.750000 	 0.000000e+00 0.000000e+00 0.000000e+00 	 0.000000e+00 0.000000e+00 0.000000e+00 	 0.000000e+00 0.000000e+00 0.000000e+00 	 0
3.250000 	 -6.051657e-07 -2.039371e-06 -7.908698e-07 	 2.116350e-05 -1.198454e-05 -4.485636e-06 	 2.055833e-05 -1.402391e-05 -5.276506e-06 	 22
3.750000 	 4.757940e-07 -3.852934e-08 3.083868e-07 	 -2.204635e-07 -2.093857e-07 1.342369e-06 	 2.553304e-07 -2.479151e-07 1.650755e-06 	 593
4.250000 	 -3.906013e-07 -1.516697e-07 -2.687534e-08 	 -1.288623e-06 4.809100e-07 -3.233760e-06 	 -1.679225e-06 3.292403e-07 -3.260635e-06 	 877
4.750000 	 1.515111e-07 5.239391e-07 -2.149973e-07 	 1.465689e-06 -1.547380e-08 -4.364655e-07 	 1.617200e-06 5.084653e-07 -6.514628e-07 	 904
5.250000 	 6.593658e-08 -7.889412e-07 -6.325879e-08 	 2.580626e-06 -2.133491e-06 1.464168e-06 	 2.646563e-06 -2.922432e-06 1.400909e-06 	 905
5.750000 	 1.478366e-09 3.952595e-07 3.356485e-07 	 -3.172163e-06 6.896120e-07 -1.263800e-06 	 -3.170684e-06 1.084871e-06 -9.281511e-07 	 902
6.250000 	 -3.744930e-07 -3.974728e-07 1.691837e-07 	 -1.295363e-06 -2.253851e-06 6.742245e-07 	 -1.669856e-06 -2.651324e-06 8.434082e-07 	 894
6.750000 	 7.439551e-07 -4.611608e-07 -1.668876e-07 	 2.567014e-07 7.474544e-07 1.099492e-06 	 1.000657e-06 2.862936e-07 9.326048e-07 	 907
7.250000 	 3.797045e-07 -4.340254e-07 6.218904e-07 	 -1.496360e-06 -1.194451e-06 1.387528e-06 	 -1.116655e-06 -1.628476e-06 2.009419e-06 	 908
7.750000 	 1.437256e-07 5.323468e-07 4.440644e-07 	 3.007445e-06 2.138909e-06 -4.703833e-07 	 3.151171e-06 2.671256e-06 -2.631892e-08 	 917
8.250000 	 1.032664e-08 2.169394e-07 -4.032750e-07 	 6.273428e-07 6.329569e-07 -9.503933e-07 	 6.376694e-07 8.498963e-07 -1.353668e-06 	 941
8.750000 	 -7.064086e-07 2.965888e-07 5.590703e-07 	 -2.701655e-06 2.012090e-06 -2.727668e-06 	 -3.408064e-06 2.308679e-06 -2.168598e-06 	 892
9.250000 	 2.121422e-07 -3.944554e-07 -6.839978e-07 	 -2.342408e-06 -1.188439e-06 2.728588e-06 	 -2.130266e-06 -1.582894e-06 2.044590e-06 	 890
9.750000 	 -5.146899e-07 5.102031e-07 4.212883e-07 	 -3.398709e-06 1.188113e-06 2.285483e-06 	 -3.913399e-06 1.698316e-06 2.706771e-06 	 907
10.250000 	 -1.882633e-07 9.133426e-08 1.062078e-07 	 1.670247e-07 -3.663993e-06 -5.104702e-07 	 -2.123860e-08 -3.572659e-06 -4.042624e-07 	 900
10.750000 	 2.833646e-07 -3.292199e-07 -1.066271e-07 	 -2.748712e-06 1.091754e-06 1.294271e-06 	 -2.465347e-06 7.625344e-07 1.187644e-06 	 905
11.250000 	 -4.479514e-07 3.217241e-07 -4.928902e-07 	 -1.511141e-06 -1.116386e-06 -5.307178e-07 	 -1.959093e-06 -7.946622e-07 -1.023608e-06 	 534
11.750000 	 -5.432872e-07 -3.407823e-06 1.893176e-06 	 1.139151e-05 -8.501891e-06 -2.822547e-06 	 1.084823e-05 -1.190971e-05 -9.293716e-07 	 26
12.250000 	 0.000000e+00 0.000000e+00 0.000000e+00 	 0.000000e+00 0.000000e+00 0.000000e+00 	 0.000000e+00 0.000000e+00 0.000000e+00 	 0
12.750000 	 0.000000e+00 0.000000e+00 0.000000e+00 	 0.000000e+00 0.000000e+00 0.000000e+00 	 0.000000e+00 0.000000e+00 0.000000e+00 	 0
13.250000 	 0.000000e+00 0.000000e+00 0.000000e+00 	 0.000000e+00 0.000000e+00 0.000000e+00 	 0.000000e+00 0.000000e+00 0.000000e+00 	 0
13.750000 	 0.000000e+00 0.000000e+00 0.000000e+00 	 0.000000e+00 0.000000e+00 0.000000e+00 	 0.000000e+00 0.000000e+00 0.000000e+00 	 0
14.250000 	 0.000000e+00 0.000000e+00 0.000000e+00 	 0.000000e+00 0.000000e+00 0.000000e+00 	 0.000000e+00 0.000000e+00 0.000000e+00 	 0
14.750000 	 0.000000e+00 0.000000e+00 0.000000e+00 	 0.000000e+00 0.000000e+00 0.000000e+00 	 0.000000e+00 0.000000e+00 0.000000e+00 	 0
