# 1  2-4    5-7    8-10   11     
# x  dirEF  recEF  sumEF  #Sample
0.250000 	 0.000000e+00 0.000000e+00 0.000000e+00 	 0.000000e+00 0.000000e+00 0.000000e+00 	 0.000000e+00 0.000000e+00 0.000000e+00 	 0
0.750000 	 0.000000e+00 0.000000e+00 0.000000e+00 	 0.000000e+00 0.000000e+00 0.000000e+00 	 0.000000e+00 0.000000e+00 0.000000e+00 	 0
1.250000 	 0.000000e+00 0.000000e+00 0.000000e+00 	 0.000000e+00 0.000000e+00 0.000000e+00 	 0.000000e+00 0.000000e+00 0.000000e+00 	 0
1.750000 	 0.000000e+00 0.000000e+00 0.000000e+00 	 0.000000e+00 0.000000e+00 0.000000e+00 	 0.000000e+00 0.000000e+00 0.000000e+00 	 0
2.250000 	 0.000000e+00 0.000000e+00 0.000000e+00 	 0.000000e+00 0.000000e+00 0.000000e+00 	 0.000000e+00 0.000000e+00 0.000000e+00 	 0
2.750000 	 0.000000e+00 0.000000e+00 0.000000e+00 	 0.000000e+00 0.000000e+00 0.000000e+00 	 0.000000e+00 0.000000e+00 0.000000e+00 	 0
3.250000 	 2.983533e-06 1.708751e-06 2.528744e-06 	 -1.899390e-05 -1.093359e-06 1.075344e-06 	 -1.601037e-05 6.153923e-07 3.604088e-06 	 13
3.750000 	 5.640666e-07 7.841426e-07 6.377293e-07 	 -1.081870e-06 -7.137213e-07 -5.107851e-08 	 -5.178032e-07 7.042129e-08 5.866507e-07 	 576
4.250000 	 -9.614715e-07 -2.786248e-07 -5.314191e-07 	 2.059327e-06 5.529512e-07 1.423495e-07 	 1.097856e-06 2.743264e-07 -3.890696e-07 	 909
4.750000 	 5.786652e-07 -2.809571e-08 9.633457e-07 	 -2.622900e-06 -1.491437e-07 -6.037970e-07 	 -2.044234e-06 -1.772394e-07 3.595487e-07 	 908
5.250000 	 -6.082940e-08 4.802796e-07 4.920944e-07 	 1.978521e-06 -9.280021e-07 -2.547066e-07 	 1.917691e-06 -4.477225e-07 2.373878e-07 	 896
5.750000 	 -8.052514e-07 -1.405959e-07 9.826519e-08 	 -1.189885e-06 -8.155661e-08 2.347201e-07 	 -1.995136e-06 -2.221525e-07 3.329853e-07 	 912
6.250000 	 3.942344e-07 -3.792192e-07 -4.218115e-07 	 1.627461e-06 1.035605e-06 -6.535056e-07 	 2.021696e-06 6.563857e-07 -1.075317e-06 	 903
6.750000 	 -1.121010e-07 4.644644e-07 -3.231840e-08 	 -1.093592e-06 -6.837103e-07 2.959397e-08 	 -1.205693e-06 -2.192458e-07 -2.724429e-09 	 906
7.250000 	 1.274303e-07 7.235055e-07 -2.240613e-07 	 2.339079e-07 -4.153237e-08 9.336852e-08 	 3.613382e-07 6.819731e-07 -1.306928e-07 	 891
7.750000 	 2.479268e-08 -1.418273e-07 9.678795e-10 	 -9.900569e-07 2.302629e-07 1.276223e-07 	 -9.652642e-07 8.843558e-08 1.285902e-07 	 920
8.250000 	 2.005806e-07 -7.846060e-07 -5.204805e-07 	 2.246429e-07 1.277388e-08 -1.964872e-07 	 4.252235e-07 -7.718321e-07 -7.169677e-07 	 911
8.750000 	 5.641064e-08 -2.289929e-07 4.100446e-07 	 -7.784786e-07 1.587667e-07 3.374278e-07 	 -7.220680e-07 -7.022619e-08 7.474724e-07 	 922
9.250000 	 -1.861816e-07 1.124457e-06 4.751847e-07 	 -2.879868e-07 -2.930455e-07 -1.478936e-08 	 -4.741684e-07 8.314119e-07 4.603954e-07 	 901
9.750000 	 -6.963581e-07 3.408367e-07 -8.650957e-07 	 1.393189e-06 -1.139010e-07 6.768676e-07 	 6.968310e-07 2.269357e-07 -1.882280e-07 	 879
10.250000 	 -4.576545e-07 -4.276682e-07 6.911975e-08 	 -9.645486e-07 4.968991e-07 -5.123131e-07 	 -1.422203e-06 6.923094e-08 -4.431933e-07 	 909
10.750000 	 4.708885e-07 8.688149e-08 2.352619e-07 	 5.896137e-07 -3.363741e-07 4.170823e-07 	 1.060502e-06 -2.494926e-07 6.523441e-07 	 894
11.250000 	 2.321245e-07 5.573286e-07 -8.753516e-08 	 -2.180648e-06 1.213569e-07 4.586402e-08 	 -1.948524e-06 6.786855e-07 -4.167113e-08 	 552
11.750000 	 9.055769e-07 -2.735990e-06 2.147171e-06 	 1.725526e-06 -6.564899e-06 6.007160e-06 	 2.631103e-06 -9.300889e-06 8.154332e-06 	 22
12.250000 	 0.000000e+00 0.000000e+00 0.000000e+00 	 0.000000e+00 0.000000e+00 0.000000e+00 	 0.000000e+00 0.000000e+00 0.000000e+00 	 0
12.750000 	 0.000000e+00 0.000000e+00 0.000000e+00 	 0.000000e+00 0.000000e+00 0.000000e+00 	 0.000000e+00 0.000000e+00 0.000000e+00 	 0
13.250000 	 0.000000e+00 0.000000e+00 0.000000e+00 	 0.000000e+00 0.000000e+00 0.000000e+00 	 0.000000e+00 0.000000e+00 0.000000e+00 	 0
13.750000 	 0.000000e+00 0.000000e+00 0.000000e+00 	 0.000000e+00 0.000000e+00 0.000000e+00 	 0.000000e+00 0.000000e+00 0.000000e+00 	 0
14.250000 	 0.000000e+00 0.000000e+00 0.000000e+00 	 0.000000e+00 0.000000e+00 0.000000e+00 	 0.000000e+00 0.000000e+00 0.000000e+00 	 0
14.750000 	 0.000000e+00 0.000000e+00 0.000000e+00 	 0.000000e+00 0.000000e+00 0.000000e+00 	 0.000000e+00 0.000000e+00 0.000000e+00 	 0
