# 1  2-4    5-7    8-10   11     
# x  dirEF  recEF  sumEF  #Sample
0.250000 	 0.000000e+00 0.000000e+00 0.000000e+00 	 0.000000e+00 0.000000e+00 0.000000e+00 	 0.000000e+00 0.000000e+00 0.000000e+00 	 0
0.750000 	 0.000000e+00 0.000000e+00 0.000000e+00 	 0.000000e+00 0.000000e+00 0.000000e+00 	 0.000000e+00 0.000000e+00 0.000000e+00 	 0
1.250000 	 0.000000e+00 0.000000e+00 0.000000e+00 	 0.000000e+00 0.000000e+00 0.000000e+00 	 0.000000e+00 0.000000e+00 0.000000e+00 	 0
1.750000 	 0.000000e+00 0.000000e+00 0.000000e+00 	 0.000000e+00 0.000000e+00 0.000000e+00 	 0.000000e+00 0.000000e+00 0.000000e+00 	 0
2.250000 	 0.000000e+00 0.000000e+00 0.000000e+00 	 0.000000e+00 0.000000e+00 0.000000e+00 	 0.000000e+00 0.000000e+00 0.000000e+00 	 0
2.750000 	 0.000000e+00 0.000000e+00 0.000000e+00 	 0.000000e+00 0.000000e+00 0.000000e+00 	 0.000000e+00 0.000000e+00 0.000000e+00 	 0
3.250000 	 2.983533e-06 1.708751e-06 2.528744e-06 	 -1.254607e-05 -2.234688e-06 -3.378699e-05 	 -9.562533e-06 -5.259370e-07 -3.125824e-05 	 13
3.750000 	 5.640666e-07 7.841426e-07 6.377293e-07 	 1.013596e-06 2.575968e-06 -3.085004e-06 	 1.577663e-06 3.360110e-06 -2.447274e-06 	 576
4.250000 	 -9.614715e-07 -2.786248e-07 -5.314191e-07 	 2.798880e-06 -4.725204e-07 -7.397194e-07 	 1.837409e-06 -7.511452e-07 -1.271139e-06 	 909
4.750000 	 5.786652e-07 -2.809571e-08 9.633457e-07 	 -2.068874e-06 -5.725278e-07 -3.403002e-06 	 -1.490209e-06 -6.006235e-07 -2.439657e-06 	 908
5.250000 	 -6.082940e-08 4.802796e-07 4.920944e-07 	 1.091493e-06 -1.810876e-06 -3.245313e-06 	 1.030664e-06 -1.330596e-06 -2.753219e-06 	 896
5.750000 	 -8.052514e-07 -1.405959e-07 9.826519e-08 	 -1.224676e-06 2.024069e-07 -6.768995e-07 	 -2.029927e-06 6.181098e-08 -5.786343e-07 	 912
6.250000 	 3.942344e-07 -3.792192e-07 -4.218115e-07 	 1.054546e-06 7.000446e-07 -3.370725e-06 	 1.448780e-06 3.208255e-07 -3.792537e-06 	 903
6.750000 	 -1.121010e-07 4.644644e-07 -3.231840e-08 	 1.853017e-06 -1.129629e-06 -9.942955e-07 	 1.740916e-06 -6.651643e-07 -1.026614e-06 	 906
7.250000 	 1.274303e-07 7.235055e-07 -2.240613e-07 	 8.525143e-07 -4.861310e-07 -4.553074e-07 	 9.799446e-07 2.373744e-07 -6.793687e-07 	 891
7.750000 	 2.479268e-08 -1.418273e-07 9.678795e-10 	 1.266038e-07 1.094383e-06 3.889838e-07 	 1.513965e-07 9.525558e-07 3.899517e-07 	 920
8.250000 	 2.005806e-07 -7.846060e-07 -5.204805e-07 	 1.341868e-06 2.402030e-07 3.881816e-06 	 1.542449e-06 -5.444031e-07 3.361336e-06 	 911
8.750000 	 5.641064e-08 -2.289929e-07 4.100446e-07 	 7.877724e-08 3.076854e-07 3.976313e-07 	 1.351879e-07 7.869250e-08 8.076759e-07 	 922
9.250000 	 -1.861816e-07 1.124457e-06 4.751847e-07 	 -4.651047e-06 -6.100854e-07 -2.144761e-07 	 -4.837229e-06 5.143721e-07 2.607086e-07 	 901
9.750000 	 -6.963581e-07 3.408367e-07 -8.650957e-07 	 -3.013931e-06 -1.369932e-06 -2.338641e-06 	 -3.710289e-06 -1.029095e-06 -3.203736e-06 	 879
10.250000 	 -4.576545e-07 -4.276682e-07 6.911975e-08 	 -5.380440e-06 -1.150544e-06 -1.459207e-06 	 -5.838094e-06 -1.578212e-06 -1.390088e-06 	 909
10.750000 	 4.708885e-07 8.688149e-08 2.352619e-07 	 5.670085e-06 1.349277e-06 -4.560848e-07 	 6.140973e-06 1.436159e-06 -2.208229e-07 	 894
11.250000 	 2.321245e-07 5.573286e-07 -8.753516e-08 	 4.671958e-07 3.051857e-06 -1.382477e-06 	 6.993203e-07 3.609186e-06 -1.470012e-06 	 552
11.750000 	 9.055769e-07 -2.735990e-06 2.147171e-06 	 -3.789460e-06 1.457765e-05 9.309505e-06 	 -2.883883e-06 1.184166e-05 1.145668e-05 	 22
12.250000 	 0.000000e+00 0.000000e+00 0.000000e+00 	 0.000000e+00 0.000000e+00 0.000000e+00 	 0.000000e+00 0.000000e+00 0.000000e+00 	 0
12.750000 	 0.000000e+00 0.000000e+00 0.000000e+00 	 0.000000e+00 0.000000e+00 0.000000e+00 	 0.000000e+00 0.000000e+00 0.000000e+00 	 0
13.250000 	 0.000000e+00 0.000000e+00 0.000000e+00 	 0.000000e+00 0.000000e+00 0.000000e+00 	 0.000000e+00 0.000000e+00 0.000000e+00 	 0
13.750000 	 0.000000e+00 0.000000e+00 0.000000e+00 	 0.000000e+00 0.000000e+00 0.000000e+00 	 0.000000e+00 0.000000e+00 0.000000e+00 	 0
14.250000 	 0.000000e+00 0.000000e+00 0.000000e+00 	 0.000000e+00 0.000000e+00 0.000000e+00 	 0.000000e+00 0.000000e+00 0.000000e+00 	 0
14.750000 	 0.000000e+00 0.000000e+00 0.000000e+00 	 0.000000e+00 0.000000e+00 0.000000e+00 	 0.000000e+00 0.000000e+00 0.000000e+00 	 0
