# 1  2-4    5-7    8-10   11     
# x  dirEF  recEF  sumEF  #Sample
0.250000 	 0.000000e+00 0.000000e+00 0.000000e+00 	 0.000000e+00 0.000000e+00 0.000000e+00 	 0.000000e+00 0.000000e+00 0.000000e+00 	 0
0.750000 	 0.000000e+00 0.000000e+00 0.000000e+00 	 0.000000e+00 0.000000e+00 0.000000e+00 	 0.000000e+00 0.000000e+00 0.000000e+00 	 0
1.250000 	 0.000000e+00 0.000000e+00 0.000000e+00 	 0.000000e+00 0.000000e+00 0.000000e+00 	 0.000000e+00 0.000000e+00 0.000000e+00 	 0
1.750000 	 0.000000e+00 0.000000e+00 0.000000e+00 	 0.000000e+00 0.000000e+00 0.000000e+00 	 0.000000e+00 0.000000e+00 0.000000e+00 	 0
2.250000 	 0.000000e+00 0.000000e+00 0.000000e+00 	 0.000000e+00 0.000000e+00 0.000000e+00 	 0.000000e+00 0.000000e+00 0.000000e+00 	 0
2.750000 	 0.000000e+00 0.000000e+00 0.000000e+00 	 0.000000e+00 0.000000e+00 0.000000e+00 	 0.000000e+00 0.000000e+00 0.000000e+00 	 0
3.250000 	 2.983533e-06 1.708751e-06 2.528744e-06 	 -5.971287e-06 -5.338472e-07 5.818888e-07 	 -2.987754e-06 1.174904e-06 3.110633e-06 	 13
3.750000 	 5.640666e-07 7.841426e-07 6.377293e-07 	 2.111767e-07 8.358864e-08 -1.273856e-07 	 7.752433e-07 8.677312e-07 5.103437e-07 	 576
4.250000 	 -9.614715e-07 -2.786248e-07 -5.314191e-07 	 5.033474e-07 4.235642e-08 9.020492e-08 	 -4.581241e-07 -2.362684e-07 -4.412142e-07 	 909
4.750000 	 5.786652e-07 -2.809571e-08 9.633457e-07 	 -3.327965e-07 9.384127e-08 -7.409321e-08 	 2.458687e-07 6.574556e-08 8.892525e-07 	 908
5.250000 	 -6.082940e-08 4.802796e-07 4.920944e-07 	 5.333263e-08 -3.969457e-08 -7.451910e-08 	 -7.496768e-09 4.405850e-07 4.175753e-07 	 896
5.750000 	 -8.052514e-07 -1.405959e-07 9.826519e-08 	 2.638032e-07 3.737320e-08 1.104404e-07 	 -5.414481e-07 -1.032227e-07 2.087056e-07 	 912
6.250000 	 3.942344e-07 -3.792192e-07 -4.218115e-07 	 -1.461817e-08 6.354928e-08 -3.434300e-08 	 3.796162e-07 -3.156699e-07 -4.561545e-07 	 903
6.750000 	 -1.121010e-07 4.644644e-07 -3.231840e-08 	 -1.220886e-07 -1.865528e-07 4.894150e-08 	 -2.341896e-07 2.779117e-07 1.662310e-08 	 906
7.250000 	 1.274303e-07 7.235055e-07 -2.240613e-07 	 5.485276e-08 9.335492e-08 6.008536e-09 	 1.822831e-07 8.168604e-07 -2.180527e-07 	 891
7.750000 	 2.479267e-08 -1.418273e-07 9.678784e-10 	 -3.611080e-07 2.878953e-08 -1.439006e-08 	 -3.363153e-07 -1.130378e-07 -1.342218e-08 	 920
8.250000 	 2.005806e-07 -7.846060e-07 -5.204805e-07 	 4.447390e-07 1.763033e-07 2.065629e-07 	 6.453196e-07 -6.083027e-07 -3.139176e-07 	 911
8.750000 	 5.641064e-08 -2.289929e-07 4.100446e-07 	 1.252628e-07 -7.918478e-08 -6.453453e-08 	 1.816734e-07 -3.081777e-07 3.455101e-07 	 922
9.250000 	 -1.861816e-07 1.124457e-06 4.751847e-07 	 -2.991363e-07 1.163194e-07 7.908139e-08 	 -4.853179e-07 1.240777e-06 5.542661e-07 	 901
9.750000 	 -6.963581e-07 3.408367e-07 -8.650957e-07 	 -4.087895e-08 -4.356476e-08 1.490884e-07 	 -7.372371e-07 2.972720e-07 -7.160073e-07 	 879
10.250000 	 -4.576545e-07 -4.276682e-07 6.911975e-08 	 2.669897e-07 -4.545000e-09 -8.318403e-08 	 -1.906648e-07 -4.322132e-07 -1.406429e-08 	 909
10.750000 	 4.708885e-07 8.688149e-08 2.352619e-07 	 -5.060785e-07 2.973264e-10 3.092369e-08 	 -3.519002e-08 8.717882e-08 2.661856e-07 	 894
11.250000 	 2.321245e-07 5.573286e-07 -8.753516e-08 	 -2.406576e-07 -7.046481e-08 1.537723e-08 	 -8.533159e-09 4.868638e-07 -7.215793e-08 	 552
11.750000 	 9.055769e-07 -2.735990e-06 2.147171e-06 	 4.004074e-06 -9.339172e-07 -6.261546e-08 	 4.909651e-06 -3.669908e-06 2.084556e-06 	 22
12.250000 	 0.000000e+00 0.000000e+00 0.000000e+00 	 0.000000e+00 0.000000e+00 0.000000e+00 	 0.000000e+00 0.000000e+00 0.000000e+00 	 0
12.750000 	 0.000000e+00 0.000000e+00 0.000000e+00 	 0.000000e+00 0.000000e+00 0.000000e+00 	 0.000000e+00 0.000000e+00 0.000000e+00 	 0
13.250000 	 0.000000e+00 0.000000e+00 0.000000e+00 	 0.000000e+00 0.000000e+00 0.000000e+00 	 0.000000e+00 0.000000e+00 0.000000e+00 	 0
13.750000 	 0.000000e+00 0.000000e+00 0.000000e+00 	 0.000000e+00 0.000000e+00 0.000000e+00 	 0.000000e+00 0.000000e+00 0.000000e+00 	 0
14.250000 	 0.000000e+00 0.000000e+00 0.000000e+00 	 0.000000e+00 0.000000e+00 0.000000e+00 	 0.000000e+00 0.000000e+00 0.000000e+00 	 0
14.750000 	 0.000000e+00 0.000000e+00 0.000000e+00 	 0.000000e+00 0.000000e+00 0.000000e+00 	 0.000000e+00 0.000000e+00 0.000000e+00 	 0
