# 1  2-4    5-7    8-10   11     
# x  dirEF  recEF  sumEF  #Sample
0.250000 	 0.000000e+00 0.000000e+00 0.000000e+00 	 0.000000e+00 0.000000e+00 0.000000e+00 	 0.000000e+00 0.000000e+00 0.000000e+00 	 0
0.750000 	 0.000000e+00 0.000000e+00 0.000000e+00 	 0.000000e+00 0.000000e+00 0.000000e+00 	 0.000000e+00 0.000000e+00 0.000000e+00 	 0
1.250000 	 0.000000e+00 0.000000e+00 0.000000e+00 	 0.000000e+00 0.000000e+00 0.000000e+00 	 0.000000e+00 0.000000e+00 0.000000e+00 	 0
1.750000 	 0.000000e+00 0.000000e+00 0.000000e+00 	 0.000000e+00 0.000000e+00 0.000000e+00 	 0.000000e+00 0.000000e+00 0.000000e+00 	 0
2.250000 	 0.000000e+00 0.000000e+00 0.000000e+00 	 0.000000e+00 0.000000e+00 0.000000e+00 	 0.000000e+00 0.000000e+00 0.000000e+00 	 0
2.750000 	 0.000000e+00 0.000000e+00 0.000000e+00 	 0.000000e+00 0.000000e+00 0.000000e+00 	 0.000000e+00 0.000000e+00 0.000000e+00 	 0
3.250000 	 -2.526365e-06 4.323442e-06 -1.056270e-07 	 1.941838e-06 4.090915e-06 -3.259383e-06 	 -5.845263e-07 8.414357e-06 -3.365010e-06 	 21
3.750000 	 -2.496089e-07 1.398871e-07 4.329233e-07 	 -1.152100e-06 5.198583e-07 2.881418e-07 	 -1.401709e-06 6.597453e-07 7.210650e-07 	 569
4.250000 	 -2.429649e-08 -3.265543e-08 1.185187e-07 	 1.916722e-06 3.512125e-07 3.473118e-07 	 1.892426e-06 3.185570e-07 4.658305e-07 	 899
4.750000 	 5.895309e-07 1.655562e-07 -7.213782e-08 	 -1.530072e-06 4.781081e-07 -7.374932e-08 	 -9.405415e-07 6.436643e-07 -1.458871e-07 	 904
5.250000 	 -4.099567e-07 3.640048e-07 1.114401e-07 	 -2.323371e-06 5.785611e-07 6.487025e-07 	 -2.733328e-06 9.425659e-07 7.601426e-07 	 906
5.750000 	 -9.642544e-07 -7.530521e-07 4.470910e-07 	 2.738608e-06 -1.436637e-07 8.991393e-07 	 1.774353e-06 -8.967158e-07 1.346230e-06 	 906
6.250000 	 1.103872e-06 -2.137498e-08 -2.761179e-07 	 -8.793756e-07 6.807834e-07 -4.583905e-07 	 2.244962e-07 6.594084e-07 -7.345084e-07 	 905
6.750000 	 1.316511e-06 5.694203e-08 -8.633357e-08 	 2.497937e-07 -6.074884e-07 8.087668e-07 	 1.566304e-06 -5.505464e-07 7.224333e-07 	 913
7.250000 	 -3.506095e-07 -2.636309e-07 3.493567e-07 	 -1.479936e-06 2.223433e-08 -4.537228e-07 	 -1.830545e-06 -2.413965e-07 -1.043662e-07 	 911
7.750000 	 -1.132205e-06 -1.218339e-07 9.541069e-08 	 -8.145719e-07 -2.515254e-07 4.716804e-07 	 -1.946777e-06 -3.733592e-07 5.670911e-07 	 907
8.250000 	 -1.983119e-07 -4.787068e-07 1.631002e-07 	 1.332553e-06 7.906889e-07 -8.206643e-07 	 1.134241e-06 3.119821e-07 -6.575641e-07 	 901
8.750000 	 5.103515e-07 -2.804062e-07 -1.565611e-07 	 -2.267802e-08 1.752465e-07 5.000957e-08 	 4.876735e-07 -1.051598e-07 -1.065516e-07 	 909
9.250000 	 -4.194096e-07 6.078861e-07 4.980471e-08 	 -2.775887e-08 -1.743450e-07 9.007508e-07 	 -4.471685e-07 4.335410e-07 9.505555e-07 	 905
9.750000 	 -8.149380e-07 -4.194921e-07 2.941837e-07 	 -3.240370e-07 5.009034e-08 5.466911e-07 	 -1.138975e-06 -3.694018e-07 8.408748e-07 	 900
10.250000 	 3.540229e-07 1.055307e-07 -1.450451e-07 	 -6.238855e-07 -1.189750e-06 -5.107411e-07 	 -2.698625e-07 -1.084219e-06 -6.557862e-07 	 913
10.750000 	 3.256960e-08 -3.336707e-07 -1.777854e-07 	 2.191413e-07 7.112685e-07 5.362265e-07 	 2.517109e-07 3.775979e-07 3.584411e-07 	 872
11.250000 	 4.816314e-07 -2.598724e-08 -3.816495e-07 	 -2.187294e-07 1.099964e-06 -2.755823e-07 	 2.629020e-07 1.073977e-06 -6.572318e-07 	 559
11.750000 	 -1.717775e-06 2.806085e-07 -1.151887e-06 	 8.250534e-06 2.507893e-07 -4.001519e-07 	 6.532759e-06 5.313978e-07 -1.552039e-06 	 24
12.250000 	 0.000000e+00 0.000000e+00 0.000000e+00 	 0.000000e+00 0.000000e+00 0.000000e+00 	 0.000000e+00 0.000000e+00 0.000000e+00 	 0
12.750000 	 0.000000e+00 0.000000e+00 0.000000e+00 	 0.000000e+00 0.000000e+00 0.000000e+00 	 0.000000e+00 0.000000e+00 0.000000e+00 	 0
13.250000 	 0.000000e+00 0.000000e+00 0.000000e+00 	 0.000000e+00 0.000000e+00 0.000000e+00 	 0.000000e+00 0.000000e+00 0.000000e+00 	 0
13.750000 	 0.000000e+00 0.000000e+00 0.000000e+00 	 0.000000e+00 0.000000e+00 0.000000e+00 	 0.000000e+00 0.000000e+00 0.000000e+00 	 0
14.250000 	 0.000000e+00 0.000000e+00 0.000000e+00 	 0.000000e+00 0.000000e+00 0.000000e+00 	 0.000000e+00 0.000000e+00 0.000000e+00 	 0
14.750000 	 0.000000e+00 0.000000e+00 0.000000e+00 	 0.000000e+00 0.000000e+00 0.000000e+00 	 0.000000e+00 0.000000e+00 0.000000e+00 	 0
