# 1  2-4    5-7    8-10   11     
# x  dirEF  recEF  sumEF  #Sample
0.250000 	 0.000000e+00 0.000000e+00 0.000000e+00 	 0.000000e+00 0.000000e+00 0.000000e+00 	 0.000000e+00 0.000000e+00 0.000000e+00 	 0
0.750000 	 0.000000e+00 0.000000e+00 0.000000e+00 	 0.000000e+00 0.000000e+00 0.000000e+00 	 0.000000e+00 0.000000e+00 0.000000e+00 	 0
1.250000 	 0.000000e+00 0.000000e+00 0.000000e+00 	 0.000000e+00 0.000000e+00 0.000000e+00 	 0.000000e+00 0.000000e+00 0.000000e+00 	 0
1.750000 	 0.000000e+00 0.000000e+00 0.000000e+00 	 0.000000e+00 0.000000e+00 0.000000e+00 	 0.000000e+00 0.000000e+00 0.000000e+00 	 0
2.250000 	 0.000000e+00 0.000000e+00 0.000000e+00 	 0.000000e+00 0.000000e+00 0.000000e+00 	 0.000000e+00 0.000000e+00 0.000000e+00 	 0
2.750000 	 0.000000e+00 0.000000e+00 0.000000e+00 	 0.000000e+00 0.000000e+00 0.000000e+00 	 0.000000e+00 0.000000e+00 0.000000e+00 	 0
3.250000 	 -2.526365e-06 4.323442e-06 -1.056270e-07 	 -4.631292e-06 -2.668035e-07 -8.283742e-07 	 -7.157657e-06 4.056639e-06 -9.340012e-07 	 21
3.750000 	 -2.496089e-07 1.398871e-07 4.329233e-07 	 7.880248e-07 -2.224466e-08 -6.473651e-08 	 5.384158e-07 1.176424e-07 3.681867e-07 	 569
4.250000 	 -2.429649e-08 -3.265543e-08 1.185187e-07 	 1.773152e-07 7.156306e-08 -1.342820e-07 	 1.530187e-07 3.890763e-08 -1.576329e-08 	 899
4.750000 	 5.895309e-07 1.655562e-07 -7.213782e-08 	 -1.039439e-07 1.178178e-07 9.996130e-08 	 4.855870e-07 2.833740e-07 2.782349e-08 	 904
5.250000 	 -4.099567e-07 3.640048e-07 1.114401e-07 	 -1.950936e-07 -7.998646e-08 4.194530e-08 	 -6.050503e-07 2.840184e-07 1.533854e-07 	 906
5.750000 	 -9.642544e-07 -7.530521e-07 4.470910e-07 	 1.883113e-07 5.287087e-08 -5.738625e-08 	 -7.759431e-07 -7.001812e-07 3.897048e-07 	 906
6.250000 	 1.103872e-06 -2.137498e-08 -2.761179e-07 	 3.367330e-07 -5.743417e-09 -4.787048e-09 	 1.440605e-06 -2.711840e-08 -2.809049e-07 	 905
6.750000 	 1.316511e-06 5.694203e-08 -8.633357e-08 	 -4.623101e-07 3.586798e-08 -6.172071e-08 	 8.542007e-07 9.281001e-08 -1.480543e-07 	 913
7.250000 	 -3.506095e-07 -2.636309e-07 3.493567e-07 	 2.539125e-07 9.733840e-08 1.038320e-07 	 -9.669703e-08 -1.662925e-07 4.531887e-07 	 911
7.750000 	 -1.132205e-06 -1.218339e-07 9.541069e-08 	 7.756936e-08 1.006122e-07 5.127689e-08 	 -1.054635e-06 -2.122169e-08 1.466876e-07 	 907
8.250000 	 -1.983119e-07 -4.787068e-07 1.631002e-07 	 -2.351103e-07 -4.953949e-08 3.698320e-08 	 -4.334223e-07 -5.282463e-07 2.000834e-07 	 901
8.750000 	 5.103515e-07 -2.804062e-07 -1.565611e-07 	 9.781779e-08 -3.730131e-10 7.310857e-08 	 6.081693e-07 -2.807793e-07 -8.345256e-08 	 909
9.250000 	 -4.194096e-07 6.078861e-07 4.980471e-08 	 2.678739e-07 3.207859e-08 1.325012e-07 	 -1.515357e-07 6.399647e-07 1.823059e-07 	 905
9.750000 	 -8.149380e-07 -4.194921e-07 2.941837e-07 	 -3.232882e-07 1.158370e-07 -1.597613e-07 	 -1.138226e-06 -3.036551e-07 1.344224e-07 	 900
10.250000 	 3.540229e-07 1.055307e-07 -1.450451e-07 	 -8.495686e-08 -2.617216e-08 3.022419e-08 	 2.690661e-07 7.935853e-08 -1.148209e-07 	 913
10.750000 	 3.256960e-08 -3.336707e-07 -1.777854e-07 	 -7.356319e-09 1.225037e-07 8.995905e-09 	 2.521328e-08 -2.111670e-07 -1.687895e-07 	 872
11.250000 	 4.816314e-07 -2.598724e-08 -3.816495e-07 	 -8.278763e-07 1.988818e-07 3.111244e-07 	 -3.462449e-07 1.728946e-07 -7.052513e-08 	 559
11.750000 	 -1.717775e-06 2.806085e-07 -1.151887e-06 	 3.955931e-06 -3.885874e-07 -1.307933e-06 	 2.238157e-06 -1.079789e-07 -2.459819e-06 	 24
12.250000 	 0.000000e+00 0.000000e+00 0.000000e+00 	 0.000000e+00 0.000000e+00 0.000000e+00 	 0.000000e+00 0.000000e+00 0.000000e+00 	 0
12.750000 	 0.000000e+00 0.000000e+00 0.000000e+00 	 0.000000e+00 0.000000e+00 0.000000e+00 	 0.000000e+00 0.000000e+00 0.000000e+00 	 0
13.250000 	 0.000000e+00 0.000000e+00 0.000000e+00 	 0.000000e+00 0.000000e+00 0.000000e+00 	 0.000000e+00 0.000000e+00 0.000000e+00 	 0
13.750000 	 0.000000e+00 0.000000e+00 0.000000e+00 	 0.000000e+00 0.000000e+00 0.000000e+00 	 0.000000e+00 0.000000e+00 0.000000e+00 	 0
14.250000 	 0.000000e+00 0.000000e+00 0.000000e+00 	 0.000000e+00 0.000000e+00 0.000000e+00 	 0.000000e+00 0.000000e+00 0.000000e+00 	 0
14.750000 	 0.000000e+00 0.000000e+00 0.000000e+00 	 0.000000e+00 0.000000e+00 0.000000e+00 	 0.000000e+00 0.000000e+00 0.000000e+00 	 0
