# 1  2-4    5-7    8-10   11     
# x  sumEF  dirEF  recEF  #Sample
0.250000 	 0.000000e+00 0.000000e+00 0.000000e+00 	 0.000000e+00 0.000000e+00 0.000000e+00 	 0.000000e+00 0.000000e+00 0.000000e+00 	 0
0.750000 	 0.000000e+00 0.000000e+00 0.000000e+00 	 0.000000e+00 0.000000e+00 0.000000e+00 	 0.000000e+00 0.000000e+00 0.000000e+00 	 0
1.250000 	 0.000000e+00 0.000000e+00 0.000000e+00 	 0.000000e+00 0.000000e+00 0.000000e+00 	 0.000000e+00 0.000000e+00 0.000000e+00 	 0
1.750000 	 0.000000e+00 0.000000e+00 0.000000e+00 	 0.000000e+00 0.000000e+00 0.000000e+00 	 0.000000e+00 0.000000e+00 0.000000e+00 	 0
2.250000 	 0.000000e+00 0.000000e+00 0.000000e+00 	 0.000000e+00 0.000000e+00 0.000000e+00 	 0.000000e+00 0.000000e+00 0.000000e+00 	 0
2.750000 	 0.000000e+00 0.000000e+00 0.000000e+00 	 0.000000e+00 0.000000e+00 0.000000e+00 	 0.000000e+00 0.000000e+00 0.000000e+00 	 0
3.250000 	 -1.184485e-05 -1.800124e-07 2.637510e-06 	 -1.025500e-06 7.598401e-07 6.780113e-07 	 -1.081935e-05 -9.398523e-07 1.959499e-06 	 98
3.750000 	 5.810802e-07 -7.163361e-08 9.302624e-07 	 3.875106e-07 3.340030e-07 3.622186e-07 	 1.935696e-07 -4.056365e-07 5.680438e-07 	 2893
4.250000 	 4.970674e-07 -1.967373e-07 -2.646353e-07 	 -4.207344e-07 -1.637030e-07 -1.656684e-07 	 9.178019e-07 -3.303426e-08 -9.896691e-08 	 4460
4.750000 	 -7.780412e-07 -8.606450e-09 -5.067260e-08 	 3.448437e-07 -8.745800e-08 1.387039e-07 	 -1.122885e-06 7.885153e-08 -1.893765e-07 	 4548
5.250000 	 1.557280e-07 6.477819e-08 2.010068e-07 	 -1.759045e-08 -2.892307e-07 1.243152e-07 	 1.733180e-07 3.540090e-07 7.669174e-08 	 4513
5.750000 	 -2.828617e-07 -8.110841e-07 5.803937e-07 	 -2.892607e-07 -2.074882e-07 2.327451e-07 	 6.399030e-09 -6.035958e-07 3.476483e-07 	 4535
6.250000 	 1.946489e-08 -1.037920e-07 -9.799759e-07 	 2.165596e-07 -3.315946e-09 -1.483533e-07 	 -1.970947e-07 -1.004761e-07 -8.316225e-07 	 4511
6.750000 	 1.457007e-06 8.301291e-08 4.569490e-07 	 5.389968e-07 1.209381e-07 4.886809e-08 	 9.180102e-07 -3.792528e-08 4.080810e-07 	 4552
7.250000 	 -1.057164e-06 3.306302e-08 -4.082118e-08 	 1.654140e-07 -5.758942e-08 4.163795e-07 	 -1.222578e-06 9.065246e-08 -4.572007e-07 	 4515
7.750000 	 3.293709e-07 3.800046e-07 7.885541e-07 	 -1.369820e-08 4.079243e-08 2.462967e-07 	 3.430691e-07 3.392122e-07 5.422574e-07 	 4547
8.250000 	 -1.549737e-07 -5.165547e-08 -2.082683e-07 	 1.932040e-07 -9.917790e-08 -1.292097e-07 	 -3.481776e-07 4.752243e-08 -7.905858e-08 	 4570
8.750000 	 -9.268280e-09 -2.471500e-07 4.237978e-09 	 -1.541016e-07 9.507833e-08 -5.835990e-08 	 1.448333e-07 -3.422284e-07 6.259789e-08 	 4506
9.250000 	 -4.191421e-07 3.186349e-07 1.330403e-07 	 -3.897202e-07 1.613542e-07 8.465225e-08 	 -2.942193e-08 1.572807e-07 4.838803e-08 	 4531
9.750000 	 -5.235596e-07 -4.415732e-07 1.073148e-08 	 -4.113800e-07 -2.153947e-07 1.274262e-07 	 -1.121794e-07 -2.261785e-07 -1.166947e-07 	 4486
10.250000 	 -1.790310e-07 9.636166e-08 -2.211345e-07 	 5.524801e-08 3.317873e-08 -1.547533e-07 	 -2.342790e-07 6.318285e-08 -6.638120e-08 	 4543
10.750000 	 6.832523e-07 1.991097e-07 5.918620e-08 	 1.296912e-07 -3.023344e-08 8.344029e-08 	 5.535611e-07 2.293432e-07 -2.425421e-08 	 4463
11.250000 	 -1.347414e-06 1.055757e-07 -1.987933e-07 	 -4.092726e-08 -6.645469e-08 -1.604376e-07 	 -1.306487e-06 1.720304e-07 -3.835568e-08 	 2727
11.750000 	 9.571958e-06 5.053153e-07 -5.989611e-07 	 1.354308e-08 -5.795859e-07 1.060556e-06 	 9.558412e-06 1.084901e-06 -1.659517e-06 	 122
12.250000 	 0.000000e+00 0.000000e+00 0.000000e+00 	 0.000000e+00 0.000000e+00 0.000000e+00 	 0.000000e+00 0.000000e+00 0.000000e+00 	 0
12.750000 	 0.000000e+00 0.000000e+00 0.000000e+00 	 0.000000e+00 0.000000e+00 0.000000e+00 	 0.000000e+00 0.000000e+00 0.000000e+00 	 0
13.250000 	 0.000000e+00 0.000000e+00 0.000000e+00 	 0.000000e+00 0.000000e+00 0.000000e+00 	 0.000000e+00 0.000000e+00 0.000000e+00 	 0
13.750000 	 0.000000e+00 0.000000e+00 0.000000e+00 	 0.000000e+00 0.000000e+00 0.000000e+00 	 0.000000e+00 0.000000e+00 0.000000e+00 	 0
14.250000 	 0.000000e+00 0.000000e+00 0.000000e+00 	 0.000000e+00 0.000000e+00 0.000000e+00 	 0.000000e+00 0.000000e+00 0.000000e+00 	 0
14.750000 	 0.000000e+00 0.000000e+00 0.000000e+00 	 0.000000e+00 0.000000e+00 0.000000e+00 	 0.000000e+00 0.000000e+00 0.000000e+00 	 0
