# 1  2-4    5-7    8-10   11     
# x  dirEF  recEF  sumEF  #Sample
0.250000 	 0.000000e+00 0.000000e+00 0.000000e+00 	 0.000000e+00 0.000000e+00 0.000000e+00 	 0.000000e+00 0.000000e+00 0.000000e+00 	 0
0.750000 	 0.000000e+00 0.000000e+00 0.000000e+00 	 0.000000e+00 0.000000e+00 0.000000e+00 	 0.000000e+00 0.000000e+00 0.000000e+00 	 0
1.250000 	 0.000000e+00 0.000000e+00 0.000000e+00 	 0.000000e+00 0.000000e+00 0.000000e+00 	 0.000000e+00 0.000000e+00 0.000000e+00 	 0
1.750000 	 0.000000e+00 0.000000e+00 0.000000e+00 	 0.000000e+00 0.000000e+00 0.000000e+00 	 0.000000e+00 0.000000e+00 0.000000e+00 	 0
2.250000 	 0.000000e+00 0.000000e+00 0.000000e+00 	 0.000000e+00 0.000000e+00 0.000000e+00 	 0.000000e+00 0.000000e+00 0.000000e+00 	 0
2.750000 	 0.000000e+00 0.000000e+00 0.000000e+00 	 0.000000e+00 0.000000e+00 0.000000e+00 	 0.000000e+00 0.000000e+00 0.000000e+00 	 0
3.250000 	 1.023955e-05 -1.185903e-05 -4.887480e-06 	 -5.136087e-06 -4.292227e-06 -1.649516e-06 	 5.103459e-06 -1.615126e-05 -6.536996e-06 	 43
3.750000 	 -2.136024e-06 1.215704e-06 1.134636e-06 	 2.972979e-06 1.559574e-07 1.935703e-07 	 8.369554e-07 1.371661e-06 1.328206e-06 	 569
4.250000 	 -1.821933e-06 -2.835279e-06 2.912386e-06 	 -3.337721e-06 -5.745388e-07 -4.540719e-07 	 -5.159654e-06 -3.409818e-06 2.458314e-06 	 884
4.750000 	 -6.699881e-07 2.856940e-06 1.114829e-06 	 2.960077e-06 8.491796e-07 -4.796508e-07 	 2.290089e-06 3.706119e-06 6.351782e-07 	 897
5.250000 	 -5.046610e-07 2.708893e-07 -2.491118e-06 	 -2.980101e-07 -3.619861e-07 7.831714e-07 	 -8.026711e-07 -9.109682e-08 -1.707947e-06 	 920
5.750000 	 1.879050e-06 8.233827e-08 1.084088e-07 	 -2.245842e-06 5.057539e-07 7.945425e-07 	 -3.667922e-07 5.880922e-07 9.029513e-07 	 894
6.250000 	 8.360085e-07 -9.216302e-07 1.332279e-07 	 3.136834e-06 -8.749474e-07 -2.435120e-07 	 3.972843e-06 -1.796578e-06 -1.102841e-07 	 905
6.750000 	 4.558224e-07 2.900075e-06 -9.374006e-07 	 -3.862022e-06 2.933222e-07 7.517480e-07 	 -3.406200e-06 3.193397e-06 -1.856526e-07 	 914
7.250000 	 7.386551e-06 -1.752245e-06 -2.388603e-06 	 2.944292e-06 1.865481e-07 1.483231e-07 	 1.033084e-05 -1.565697e-06 -2.240280e-06 	 908
7.750000 	 -2.821756e-06 1.732849e-07 -2.809135e-07 	 9.119185e-07 -3.603115e-07 -3.128687e-07 	 -1.909838e-06 -1.870267e-07 -5.937822e-07 	 907
8.250000 	 -1.767253e-06 4.963476e-07 3.124062e-07 	 -2.661559e-06 2.155091e-07 1.850224e-07 	 -4.428812e-06 7.118567e-07 4.974285e-07 	 910
8.750000 	 4.099792e-07 9.294226e-07 1.063223e-06 	 1.396494e-06 2.816537e-08 1.835273e-08 	 1.806473e-06 9.575880e-07 1.081576e-06 	 890
9.250000 	 -3.194081e-07 -1.718639e-06 5.115874e-06 	 -1.082526e-06 4.954067e-07 7.153194e-08 	 -1.401934e-06 -1.223232e-06 5.187406e-06 	 889
9.750000 	 2.726863e-06 -2.808544e-06 -6.972480e-06 	 2.102066e-07 -7.306960e-07 1.079486e-07 	 2.937069e-06 -3.539240e-06 -6.864532e-06 	 914
10.250000 	 -4.402685e-06 1.150513e-06 3.457745e-06 	 1.708527e-06 -2.237916e-07 -2.982670e-07 	 -2.694158e-06 9.267212e-07 3.159478e-06 	 910
10.750000 	 -1.651134e-07 -1.931344e-06 -2.485641e-06 	 -2.275548e-06 -9.246608e-08 -2.027202e-07 	 -2.440661e-06 -2.023810e-06 -2.688361e-06 	 891
11.250000 	 1.005381e-06 5.015981e-07 -1.695723e-06 	 1.741487e-06 6.668847e-07 6.834011e-08 	 2.746869e-06 1.168483e-06 -1.627383e-06 	 558
11.750000 	 -7.672805e-06 7.731562e-06 -2.536435e-06 	 -5.492593e-06 1.730525e-07 6.709364e-07 	 -1.316540e-05 7.904615e-06 -1.865499e-06 	 21
12.250000 	 0.000000e+00 0.000000e+00 0.000000e+00 	 0.000000e+00 0.000000e+00 0.000000e+00 	 0.000000e+00 0.000000e+00 0.000000e+00 	 0
12.750000 	 0.000000e+00 0.000000e+00 0.000000e+00 	 0.000000e+00 0.000000e+00 0.000000e+00 	 0.000000e+00 0.000000e+00 0.000000e+00 	 0
13.250000 	 0.000000e+00 0.000000e+00 0.000000e+00 	 0.000000e+00 0.000000e+00 0.000000e+00 	 0.000000e+00 0.000000e+00 0.000000e+00 	 0
13.750000 	 0.000000e+00 0.000000e+00 0.000000e+00 	 0.000000e+00 0.000000e+00 0.000000e+00 	 0.000000e+00 0.000000e+00 0.000000e+00 	 0
14.250000 	 0.000000e+00 0.000000e+00 0.000000e+00 	 0.000000e+00 0.000000e+00 0.000000e+00 	 0.000000e+00 0.000000e+00 0.000000e+00 	 0
14.750000 	 0.000000e+00 0.000000e+00 0.000000e+00 	 0.000000e+00 0.000000e+00 0.000000e+00 	 0.000000e+00 0.000000e+00 0.000000e+00 	 0
