# 1  2-4    5-7    8-10   11     
# x  dirEF  recEF  sumEF  #Sample
0.250000 	 0.000000e+00 0.000000e+00 0.000000e+00 	 0.000000e+00 0.000000e+00 0.000000e+00 	 0.000000e+00 0.000000e+00 0.000000e+00 	 0
0.750000 	 0.000000e+00 0.000000e+00 0.000000e+00 	 0.000000e+00 0.000000e+00 0.000000e+00 	 0.000000e+00 0.000000e+00 0.000000e+00 	 0
1.250000 	 0.000000e+00 0.000000e+00 0.000000e+00 	 0.000000e+00 0.000000e+00 0.000000e+00 	 0.000000e+00 0.000000e+00 0.000000e+00 	 0
1.750000 	 0.000000e+00 0.000000e+00 0.000000e+00 	 0.000000e+00 0.000000e+00 0.000000e+00 	 0.000000e+00 0.000000e+00 0.000000e+00 	 0
2.250000 	 0.000000e+00 0.000000e+00 0.000000e+00 	 0.000000e+00 0.000000e+00 0.000000e+00 	 0.000000e+00 0.000000e+00 0.000000e+00 	 0
2.750000 	 0.000000e+00 0.000000e+00 0.000000e+00 	 0.000000e+00 0.000000e+00 0.000000e+00 	 0.000000e+00 0.000000e+00 0.000000e+00 	 0
3.250000 	 8.572403e-06 -9.047751e-06 7.797543e-06 	 -7.184221e-07 -4.663924e-07 -7.489100e-07 	 7.853981e-06 -9.514144e-06 7.048633e-06 	 17
3.750000 	 3.485927e-07 -2.631040e-07 -2.133052e-06 	 2.298971e-07 -5.868961e-07 1.091161e-07 	 5.784898e-07 -8.500001e-07 -2.023936e-06 	 590
4.250000 	 -1.314353e-06 4.188587e-07 1.413093e-06 	 3.072686e-08 5.375110e-08 1.527215e-06 	 -1.283626e-06 4.726098e-07 2.940308e-06 	 888
4.750000 	 2.022360e-06 4.644387e-07 -4.437947e-07 	 7.385404e-08 -7.171931e-08 -1.782119e-07 	 2.096214e-06 3.927194e-07 -6.220066e-07 	 905
5.250000 	 1.215899e-07 1.978953e-06 -1.734612e-06 	 -2.003899e-07 2.933808e-07 -3.399219e-07 	 -7.880004e-08 2.272334e-06 -2.074534e-06 	 909
5.750000 	 -1.319529e-06 1.350484e-06 1.625123e-06 	 3.622114e-08 5.923340e-07 -4.080460e-07 	 -1.283308e-06 1.942818e-06 1.217077e-06 	 905
6.250000 	 1.837291e-06 4.960927e-06 -4.241321e-06 	 2.791049e-07 -5.856606e-08 -3.012632e-07 	 2.116396e-06 4.902361e-06 -4.542584e-06 	 914
6.750000 	 3.108631e-06 -3.591562e-06 -1.362779e-06 	 -1.320238e-07 -1.666429e-08 2.359690e-07 	 2.976608e-06 -3.608226e-06 -1.126811e-06 	 903
7.250000 	 -2.773649e-06 -3.388756e-06 -2.944500e-06 	 -7.511188e-08 1.806918e-07 7.687060e-07 	 -2.848761e-06 -3.208064e-06 -2.175794e-06 	 894
7.750000 	 -2.327759e-07 -1.144334e-06 6.351578e-06 	 3.205426e-07 5.778984e-07 2.443342e-07 	 8.776674e-08 -5.664358e-07 6.595912e-06 	 910
8.250000 	 -1.647161e-06 1.887648e-07 4.254807e-07 	 -2.785985e-07 -6.618553e-07 6.646111e-07 	 -1.925759e-06 -4.730906e-07 1.090092e-06 	 918
8.750000 	 -1.973372e-06 1.714376e-06 1.135118e-07 	 1.280866e-07 -2.954367e-07 1.641025e-07 	 -1.845285e-06 1.418940e-06 2.776143e-07 	 904
9.250000 	 3.800680e-07 -4.120009e-06 -2.141289e-06 	 3.760639e-07 -1.127998e-07 -8.932711e-08 	 7.561319e-07 -4.232809e-06 -2.230616e-06 	 888
9.750000 	 -1.367442e-07 -5.069733e-06 1.757897e-08 	 -2.283287e-07 -1.329706e-06 4.078543e-07 	 -3.650728e-07 -6.399438e-06 4.254333e-07 	 893
10.250000 	 -5.761551e-07 3.029101e-06 -3.568611e-08 	 -1.371875e-07 2.609702e-07 3.029064e-07 	 -7.133426e-07 3.290071e-06 2.672203e-07 	 904
10.750000 	 -1.125119e-06 -1.647671e-06 3.799699e-06 	 2.864640e-07 1.394815e-07 -7.644011e-07 	 -8.386553e-07 -1.508189e-06 3.035298e-06 	 891
11.250000 	 9.966989e-07 4.720919e-06 -8.600439e-07 	 -9.216760e-07 9.625049e-07 -5.211166e-07 	 7.502283e-08 5.683423e-06 -1.381161e-06 	 573
11.750000 	 -1.860832e-05 5.878060e-06 9.416701e-06 	 3.933953e-06 2.986849e-06 7.225526e-07 	 -1.467436e-05 8.864909e-06 1.013925e-05 	 18
12.250000 	 0.000000e+00 0.000000e+00 0.000000e+00 	 0.000000e+00 0.000000e+00 0.000000e+00 	 0.000000e+00 0.000000e+00 0.000000e+00 	 0
12.750000 	 0.000000e+00 0.000000e+00 0.000000e+00 	 0.000000e+00 0.000000e+00 0.000000e+00 	 0.000000e+00 0.000000e+00 0.000000e+00 	 0
13.250000 	 0.000000e+00 0.000000e+00 0.000000e+00 	 0.000000e+00 0.000000e+00 0.000000e+00 	 0.000000e+00 0.000000e+00 0.000000e+00 	 0
13.750000 	 0.000000e+00 0.000000e+00 0.000000e+00 	 0.000000e+00 0.000000e+00 0.000000e+00 	 0.000000e+00 0.000000e+00 0.000000e+00 	 0
14.250000 	 0.000000e+00 0.000000e+00 0.000000e+00 	 0.000000e+00 0.000000e+00 0.000000e+00 	 0.000000e+00 0.000000e+00 0.000000e+00 	 0
14.750000 	 0.000000e+00 0.000000e+00 0.000000e+00 	 0.000000e+00 0.000000e+00 0.000000e+00 	 0.000000e+00 0.000000e+00 0.000000e+00 	 0
