# 1  2-4    5-7    8-10   11     
# x  dirEF  recEF  sumEF  #Sample
0.250000 	 0.000000e+00 0.000000e+00 0.000000e+00 	 0.000000e+00 0.000000e+00 0.000000e+00 	 0.000000e+00 0.000000e+00 0.000000e+00 	 0
0.750000 	 0.000000e+00 0.000000e+00 0.000000e+00 	 0.000000e+00 0.000000e+00 0.000000e+00 	 0.000000e+00 0.000000e+00 0.000000e+00 	 0
1.250000 	 0.000000e+00 0.000000e+00 0.000000e+00 	 0.000000e+00 0.000000e+00 0.000000e+00 	 0.000000e+00 0.000000e+00 0.000000e+00 	 0
1.750000 	 0.000000e+00 0.000000e+00 0.000000e+00 	 0.000000e+00 0.000000e+00 0.000000e+00 	 0.000000e+00 0.000000e+00 0.000000e+00 	 0
2.250000 	 0.000000e+00 0.000000e+00 0.000000e+00 	 0.000000e+00 0.000000e+00 0.000000e+00 	 0.000000e+00 0.000000e+00 0.000000e+00 	 0
2.750000 	 0.000000e+00 0.000000e+00 0.000000e+00 	 0.000000e+00 0.000000e+00 0.000000e+00 	 0.000000e+00 0.000000e+00 0.000000e+00 	 0
3.250000 	 -8.351380e-06 5.824726e-06 2.326401e-06 	 -1.923442e-06 -3.441300e-10 -1.190622e-06 	 -1.027482e-05 5.824382e-06 1.135780e-06 	 43
3.750000 	 8.042775e-07 2.407467e-06 2.182839e-06 	 3.553728e-07 6.183576e-07 6.536498e-07 	 1.159650e-06 3.025825e-06 2.836489e-06 	 561
4.250000 	 1.958071e-06 -1.880953e-06 3.599891e-06 	 4.875460e-08 -8.565693e-08 -6.390963e-07 	 2.006825e-06 -1.966610e-06 2.960794e-06 	 884
4.750000 	 -8.980409e-08 3.315404e-06 -2.398541e-06 	 1.700097e-07 3.036867e-07 -4.514903e-07 	 8.020559e-08 3.619091e-06 -2.850032e-06 	 893
5.250000 	 2.180361e-06 2.261463e-06 -4.427586e-08 	 -1.771723e-07 -7.611886e-08 -2.128188e-07 	 2.003188e-06 2.185344e-06 -2.570947e-07 	 908
5.750000 	 5.078981e-06 -1.583207e-06 -1.365167e-06 	 -7.258850e-08 5.814790e-08 -5.023329e-07 	 5.006393e-06 -1.525059e-06 -1.867500e-06 	 913
6.250000 	 -2.644294e-06 1.448617e-07 -1.900403e-06 	 1.116152e-07 6.626475e-07 2.718120e-07 	 -2.532679e-06 8.075092e-07 -1.628591e-06 	 897
6.750000 	 -2.526986e-06 6.535356e-06 3.280693e-06 	 1.214885e-07 1.687835e-07 -2.614045e-07 	 -2.405497e-06 6.704140e-06 3.019288e-06 	 919
7.250000 	 -1.574897e-06 -4.363041e-06 1.174045e-07 	 -1.892668e-08 1.603378e-06 9.471073e-08 	 -1.593824e-06 -2.759663e-06 2.121152e-07 	 905
7.750000 	 2.846612e-06 -2.930328e-07 -1.075541e-06 	 -2.250294e-07 5.206970e-07 1.144804e-07 	 2.621582e-06 2.276642e-07 -9.610610e-07 	 911
8.250000 	 1.545084e-06 -1.094062e-06 -2.709566e-08 	 2.608468e-07 3.620376e-07 -6.198773e-07 	 1.805931e-06 -7.320243e-07 -6.469729e-07 	 894
8.750000 	 -4.429443e-06 -2.591161e-06 1.561047e-06 	 1.511718e-08 9.291243e-07 -4.128080e-07 	 -4.414325e-06 -1.662037e-06 1.148239e-06 	 916
9.250000 	 1.376301e-06 1.619322e-06 9.627006e-08 	 3.143561e-08 1.784183e-07 1.784502e-07 	 1.407737e-06 1.797741e-06 2.747202e-07 	 931
9.750000 	 2.652960e-06 3.860793e-06 8.464767e-07 	 -1.641061e-08 -1.275752e-06 4.126051e-07 	 2.636550e-06 2.585041e-06 1.259082e-06 	 896
10.250000 	 -6.777844e-07 -7.361572e-07 -3.618451e-06 	 -7.710511e-08 -6.379368e-07 4.915238e-07 	 -7.548895e-07 -1.374094e-06 -3.126927e-06 	 901
10.750000 	 -2.156757e-06 -2.762117e-06 1.468226e-06 	 -3.155442e-07 -1.728302e-06 -3.488552e-07 	 -2.472301e-06 -4.490420e-06 1.119371e-06 	 900
11.250000 	 -3.191758e-06 -5.228348e-06 1.452328e-07 	 2.516041e-07 -2.697998e-07 7.105311e-07 	 -2.940153e-06 -5.498148e-06 8.557639e-07 	 536
11.750000 	 -5.118203e-06 2.904158e-05 -1.291254e-06 	 3.642362e-06 -6.337082e-08 -1.261624e-06 	 -1.475840e-06 2.897821e-05 -2.552878e-06 	 16
12.250000 	 0.000000e+00 0.000000e+00 0.000000e+00 	 0.000000e+00 0.000000e+00 0.000000e+00 	 0.000000e+00 0.000000e+00 0.000000e+00 	 0
12.750000 	 0.000000e+00 0.000000e+00 0.000000e+00 	 0.000000e+00 0.000000e+00 0.000000e+00 	 0.000000e+00 0.000000e+00 0.000000e+00 	 0
13.250000 	 0.000000e+00 0.000000e+00 0.000000e+00 	 0.000000e+00 0.000000e+00 0.000000e+00 	 0.000000e+00 0.000000e+00 0.000000e+00 	 0
13.750000 	 0.000000e+00 0.000000e+00 0.000000e+00 	 0.000000e+00 0.000000e+00 0.000000e+00 	 0.000000e+00 0.000000e+00 0.000000e+00 	 0
14.250000 	 0.000000e+00 0.000000e+00 0.000000e+00 	 0.000000e+00 0.000000e+00 0.000000e+00 	 0.000000e+00 0.000000e+00 0.000000e+00 	 0
14.750000 	 0.000000e+00 0.000000e+00 0.000000e+00 	 0.000000e+00 0.000000e+00 0.000000e+00 	 0.000000e+00 0.000000e+00 0.000000e+00 	 0
