# 1  2-4    5-7    8-10   11     
# x  dirEF  recEF  sumEF  #Sample
0.250000 	 0.000000e+00 0.000000e+00 0.000000e+00 	 0.000000e+00 0.000000e+00 0.000000e+00 	 0.000000e+00 0.000000e+00 0.000000e+00 	 0
0.750000 	 0.000000e+00 0.000000e+00 0.000000e+00 	 0.000000e+00 0.000000e+00 0.000000e+00 	 0.000000e+00 0.000000e+00 0.000000e+00 	 0
1.250000 	 0.000000e+00 0.000000e+00 0.000000e+00 	 0.000000e+00 0.000000e+00 0.000000e+00 	 0.000000e+00 0.000000e+00 0.000000e+00 	 0
1.750000 	 0.000000e+00 0.000000e+00 0.000000e+00 	 0.000000e+00 0.000000e+00 0.000000e+00 	 0.000000e+00 0.000000e+00 0.000000e+00 	 0
2.250000 	 0.000000e+00 0.000000e+00 0.000000e+00 	 0.000000e+00 0.000000e+00 0.000000e+00 	 0.000000e+00 0.000000e+00 0.000000e+00 	 0
2.750000 	 0.000000e+00 0.000000e+00 0.000000e+00 	 0.000000e+00 0.000000e+00 0.000000e+00 	 0.000000e+00 0.000000e+00 0.000000e+00 	 0
3.250000 	 -3.759057e-06 2.893181e-06 -2.114412e-05 	 4.301331e-07 -1.158015e-06 -1.642452e-06 	 -3.328924e-06 1.735167e-06 -2.278657e-05 	 34
3.750000 	 9.287411e-07 2.830775e-06 6.165068e-06 	 1.444661e-07 1.294758e-07 1.896145e-07 	 1.073207e-06 2.960251e-06 6.354683e-06 	 580
4.250000 	 -1.842991e-06 -1.789823e-06 -5.152039e-07 	 3.852648e-07 -8.298089e-08 -2.180022e-07 	 -1.457726e-06 -1.872804e-06 -7.332061e-07 	 905
4.750000 	 3.558904e-06 1.826921e-06 -4.023425e-06 	 -1.964486e-07 3.077451e-08 1.307803e-07 	 3.362455e-06 1.857695e-06 -3.892645e-06 	 902
5.250000 	 1.489294e-06 -9.833506e-07 -2.322354e-06 	 3.557261e-07 9.125213e-09 4.013847e-09 	 1.845020e-06 -9.742253e-07 -2.318340e-06 	 907
5.750000 	 1.754999e-06 1.800969e-06 6.696709e-06 	 -3.783398e-07 -6.386659e-08 -2.075702e-08 	 1.376660e-06 1.737102e-06 6.675952e-06 	 897
6.250000 	 4.253244e-06 -6.661536e-07 -5.917661e-07 	 1.216548e-08 2.887165e-08 -2.077353e-08 	 4.265409e-06 -6.372820e-07 -6.125397e-07 	 881
6.750000 	 -6.791373e-07 1.080177e-06 1.541626e-06 	 1.572776e-07 7.272523e-08 1.119772e-07 	 -5.218597e-07 1.152902e-06 1.653603e-06 	 905
7.250000 	 -1.459141e-06 2.438707e-07 -1.654952e-06 	 -3.301386e-07 -1.015412e-07 1.077380e-07 	 -1.789280e-06 1.423295e-07 -1.547214e-06 	 899
7.750000 	 3.545578e-07 -1.944009e-06 -1.048017e-06 	 2.566451e-07 -9.676427e-08 -9.670858e-08 	 6.112029e-07 -2.040774e-06 -1.144725e-06 	 909
8.250000 	 1.014461e-06 1.779965e-06 -2.665024e-06 	 2.005820e-08 1.130855e-07 2.795560e-08 	 1.034519e-06 1.893051e-06 -2.637069e-06 	 908
8.750000 	 -3.552277e-06 2.655415e-06 1.382995e-06 	 -1.959040e-07 1.092841e-07 -9.335416e-08 	 -3.748181e-06 2.764699e-06 1.289641e-06 	 886
9.250000 	 -3.963122e-06 3.973867e-08 4.249661e-06 	 1.665838e-07 -4.545761e-08 8.234823e-08 	 -3.796538e-06 -5.718941e-09 4.332009e-06 	 921
9.750000 	 -5.436199e-07 -1.044188e-06 -1.808029e-06 	 -8.996585e-08 4.471362e-08 6.723026e-09 	 -6.335857e-07 -9.994747e-07 -1.801306e-06 	 913
10.250000 	 1.698102e-06 2.724761e-06 -1.327009e-07 	 1.396691e-07 1.873964e-08 -4.520351e-08 	 1.837771e-06 2.743501e-06 -1.779044e-07 	 921
10.750000 	 7.645694e-07 6.861803e-07 -6.238934e-07 	 -4.741085e-07 1.102906e-07 1.567881e-07 	 2.904608e-07 7.964709e-07 -4.671053e-07 	 881
11.250000 	 -4.534464e-06 -4.962661e-06 1.713526e-06 	 -2.084363e-08 1.014349e-08 -1.677192e-07 	 -4.555307e-06 -4.952518e-06 1.545806e-06 	 544
11.750000 	 6.233100e-06 -9.475339e-06 -3.207965e-06 	 5.660260e-07 1.042943e-06 4.762423e-07 	 6.799126e-06 -8.432397e-06 -2.731722e-06 	 31
12.250000 	 0.000000e+00 0.000000e+00 0.000000e+00 	 0.000000e+00 0.000000e+00 0.000000e+00 	 0.000000e+00 0.000000e+00 0.000000e+00 	 0
12.750000 	 0.000000e+00 0.000000e+00 0.000000e+00 	 0.000000e+00 0.000000e+00 0.000000e+00 	 0.000000e+00 0.000000e+00 0.000000e+00 	 0
13.250000 	 0.000000e+00 0.000000e+00 0.000000e+00 	 0.000000e+00 0.000000e+00 0.000000e+00 	 0.000000e+00 0.000000e+00 0.000000e+00 	 0
13.750000 	 0.000000e+00 0.000000e+00 0.000000e+00 	 0.000000e+00 0.000000e+00 0.000000e+00 	 0.000000e+00 0.000000e+00 0.000000e+00 	 0
14.250000 	 0.000000e+00 0.000000e+00 0.000000e+00 	 0.000000e+00 0.000000e+00 0.000000e+00 	 0.000000e+00 0.000000e+00 0.000000e+00 	 0
14.750000 	 0.000000e+00 0.000000e+00 0.000000e+00 	 0.000000e+00 0.000000e+00 0.000000e+00 	 0.000000e+00 0.000000e+00 0.000000e+00 	 0
