# 1  2-4    5-7    8-10   11     
# x  dirEF  recEF  sumEF  #Sample
0.250000 	 0.000000e+00 0.000000e+00 0.000000e+00 	 0.000000e+00 0.000000e+00 0.000000e+00 	 0.000000e+00 0.000000e+00 0.000000e+00 	 0
0.750000 	 0.000000e+00 0.000000e+00 0.000000e+00 	 -5.839688e-09 -5.049983e-08 2.900716e-08 	 -5.839688e-09 -5.049983e-08 2.900716e-08 	 1
1.250000 	 0.000000e+00 0.000000e+00 0.000000e+00 	 0.000000e+00 0.000000e+00 0.000000e+00 	 0.000000e+00 0.000000e+00 0.000000e+00 	 0
1.750000 	 0.000000e+00 0.000000e+00 0.000000e+00 	 0.000000e+00 0.000000e+00 0.000000e+00 	 0.000000e+00 0.000000e+00 0.000000e+00 	 0
2.250000 	 0.000000e+00 0.000000e+00 0.000000e+00 	 0.000000e+00 0.000000e+00 0.000000e+00 	 0.000000e+00 0.000000e+00 0.000000e+00 	 0
2.750000 	 0.000000e+00 0.000000e+00 0.000000e+00 	 0.000000e+00 0.000000e+00 0.000000e+00 	 0.000000e+00 0.000000e+00 0.000000e+00 	 0
3.250000 	 3.549350e-06 -1.599620e-05 9.843428e-07 	 -5.631947e-06 9.835049e-07 -4.471368e-06 	 -2.082596e-06 -1.501270e-05 -3.487025e-06 	 48
3.750000 	 -2.474235e-07 1.274209e-06 4.119665e-07 	 3.425509e-06 2.926660e-08 4.159438e-07 	 3.178085e-06 1.303476e-06 8.279104e-07 	 592
4.250000 	 -6.650640e-07 -1.659363e-07 -2.476062e-06 	 -1.769185e-06 -6.385773e-07 -1.134550e-06 	 -2.434249e-06 -8.045136e-07 -3.610612e-06 	 871
4.750000 	 1.567713e-06 1.107692e-06 -1.626506e-06 	 1.125839e-06 -1.497635e-06 1.565252e-07 	 2.693552e-06 -3.899424e-07 -1.469981e-06 	 896
5.250000 	 -1.227725e-06 -4.501535e-06 1.188413e-06 	 1.065084e-06 -4.887086e-07 -1.228727e-06 	 -1.626410e-07 -4.990244e-06 -4.031383e-08 	 882
5.750000 	 -1.410448e-06 2.520290e-06 -2.457323e-06 	 -1.043796e-06 7.176121e-07 -1.111132e-06 	 -2.454244e-06 3.237902e-06 -3.568455e-06 	 907
6.250000 	 3.422227e-06 -3.545012e-07 2.253248e-06 	 2.425427e-06 5.614083e-07 -3.160826e-07 	 5.847654e-06 2.069071e-07 1.937166e-06 	 915
6.750000 	 7.291482e-07 6.115364e-07 -1.567178e-06 	 2.018800e-06 1.119179e-06 -5.400102e-07 	 2.747948e-06 1.730716e-06 -2.107189e-06 	 917
7.250000 	 -1.614938e-06 1.721272e-06 9.948088e-07 	 -2.641699e-06 -6.508109e-07 -4.353481e-07 	 -4.256636e-06 1.070462e-06 5.594607e-07 	 890
7.750000 	 -1.447172e-06 -7.478562e-07 3.059915e-06 	 -8.967331e-07 -3.057180e-07 1.151046e-06 	 -2.343905e-06 -1.053574e-06 4.210961e-06 	 921
8.250000 	 -2.087890e-06 1.108243e-06 2.860564e-06 	 3.975709e-07 1.040670e-06 -6.360489e-07 	 -1.690319e-06 2.148913e-06 2.224515e-06 	 881
8.750000 	 1.509533e-07 2.361305e-06 -3.188533e-06 	 -1.678957e-06 1.166940e-06 -7.623476e-07 	 -1.528004e-06 3.528245e-06 -3.950880e-06 	 920
9.250000 	 -4.062585e-07 -1.126216e-06 9.635453e-07 	 3.790025e-07 -5.770591e-07 -1.278838e-06 	 -2.725597e-08 -1.703276e-06 -3.152925e-07 	 912
9.750000 	 -3.361964e-06 -1.652617e-06 -3.481459e-06 	 1.885614e-07 -2.962812e-07 9.937037e-08 	 -3.173403e-06 -1.948898e-06 -3.382089e-06 	 894
10.250000 	 -1.628134e-07 1.710247e-06 1.828001e-06 	 -1.199505e-06 -7.875366e-07 -8.912061e-07 	 -1.362319e-06 9.227101e-07 9.367952e-07 	 926
10.750000 	 2.717216e-06 -2.528490e-06 -2.603761e-07 	 1.860449e-06 -1.817457e-07 -1.354712e-06 	 4.577665e-06 -2.710235e-06 -1.615088e-06 	 879
11.250000 	 -9.583729e-07 1.508360e-06 -1.448328e-06 	 -4.131147e-06 -8.427892e-07 -1.007723e-06 	 -5.089520e-06 6.655711e-07 -2.456051e-06 	 537
11.750000 	 2.871269e-05 6.588439e-06 -4.749952e-06 	 5.872368e-06 -3.725284e-07 3.049471e-06 	 3.458506e-05 6.215910e-06 -1.700481e-06 	 34
12.250000 	 0.000000e+00 0.000000e+00 0.000000e+00 	 0.000000e+00 0.000000e+00 0.000000e+00 	 0.000000e+00 0.000000e+00 0.000000e+00 	 0
12.750000 	 0.000000e+00 0.000000e+00 0.000000e+00 	 0.000000e+00 0.000000e+00 0.000000e+00 	 0.000000e+00 0.000000e+00 0.000000e+00 	 0
13.250000 	 0.000000e+00 0.000000e+00 0.000000e+00 	 0.000000e+00 0.000000e+00 0.000000e+00 	 0.000000e+00 0.000000e+00 0.000000e+00 	 0
13.750000 	 0.000000e+00 0.000000e+00 0.000000e+00 	 0.000000e+00 0.000000e+00 0.000000e+00 	 0.000000e+00 0.000000e+00 0.000000e+00 	 0
14.250000 	 0.000000e+00 0.000000e+00 0.000000e+00 	 0.000000e+00 0.000000e+00 0.000000e+00 	 0.000000e+00 0.000000e+00 0.000000e+00 	 0
14.750000 	 0.000000e+00 0.000000e+00 0.000000e+00 	 7.455154e-09 -3.892846e-10 -5.877873e-08 	 7.455153e-09 -3.892850e-10 -5.877872e-08 	 1
