# 1  2-4    5-7    8-10   11     
# x  dirEF  recEF  sumEF  #Sample
0.250000 	 0.000000e+00 0.000000e+00 0.000000e+00 	 0.000000e+00 0.000000e+00 0.000000e+00 	 0.000000e+00 0.000000e+00 0.000000e+00 	 0
0.750000 	 0.000000e+00 0.000000e+00 0.000000e+00 	 0.000000e+00 0.000000e+00 0.000000e+00 	 0.000000e+00 0.000000e+00 0.000000e+00 	 0
1.250000 	 0.000000e+00 0.000000e+00 0.000000e+00 	 0.000000e+00 0.000000e+00 0.000000e+00 	 0.000000e+00 0.000000e+00 0.000000e+00 	 0
1.750000 	 0.000000e+00 0.000000e+00 0.000000e+00 	 0.000000e+00 0.000000e+00 0.000000e+00 	 0.000000e+00 0.000000e+00 0.000000e+00 	 0
2.250000 	 0.000000e+00 0.000000e+00 0.000000e+00 	 0.000000e+00 0.000000e+00 0.000000e+00 	 0.000000e+00 0.000000e+00 0.000000e+00 	 0
2.750000 	 0.000000e+00 0.000000e+00 0.000000e+00 	 0.000000e+00 0.000000e+00 0.000000e+00 	 0.000000e+00 0.000000e+00 0.000000e+00 	 0
3.250000 	 4.287081e-07 1.623048e-05 7.316831e-07 	 -1.050121e-05 2.386833e-06 2.765197e-06 	 -1.007250e-05 1.861731e-05 3.496880e-06 	 26
3.750000 	 -3.582431e-06 -7.786794e-07 -5.340026e-06 	 -4.970742e-07 4.998892e-07 5.453812e-07 	 -4.079505e-06 -2.787903e-07 -4.794644e-06 	 582
4.250000 	 -4.665690e-07 -6.218372e-07 5.735301e-06 	 1.627401e-06 -2.577729e-07 -7.607604e-07 	 1.160832e-06 -8.796101e-07 4.974540e-06 	 876
4.750000 	 4.273941e-07 2.168098e-06 1.060580e-06 	 -1.496641e-06 3.842791e-07 5.065390e-07 	 -1.069247e-06 2.552378e-06 1.567119e-06 	 909
5.250000 	 2.246551e-06 -4.444614e-07 -1.971204e-06 	 -1.557878e-06 1.392384e-07 -3.124255e-07 	 6.886729e-07 -3.052229e-07 -2.283629e-06 	 905
5.750000 	 -5.722496e-07 3.177355e-06 -5.252159e-07 	 1.289771e-06 -1.328169e-06 -2.217410e-08 	 7.175217e-07 1.849186e-06 -5.473900e-07 	 913
6.250000 	 -3.983107e-06 -1.479930e-06 -7.873249e-07 	 -1.312224e-07 -4.004631e-07 -2.067188e-07 	 -4.114329e-06 -1.880393e-06 -9.940438e-07 	 903
6.750000 	 -1.079331e-06 1.300060e-06 -3.651567e-06 	 2.360351e-06 8.724916e-07 -5.075461e-08 	 1.281020e-06 2.172552e-06 -3.702322e-06 	 915
7.250000 	 -5.485886e-07 2.488322e-06 2.128869e-06 	 -2.874726e-06 5.846758e-07 -6.358598e-07 	 -3.423315e-06 3.072998e-06 1.493010e-06 	 922
7.750000 	 -2.296619e-06 -2.482320e-06 1.724022e-06 	 3.184278e-06 -4.964858e-08 1.695900e-07 	 8.876590e-07 -2.531968e-06 1.893612e-06 	 881
8.250000 	 1.027932e-07 -2.484566e-06 1.292918e-06 	 -2.774742e-06 1.594882e-09 5.914133e-07 	 -2.671949e-06 -2.482971e-06 1.884332e-06 	 908
8.750000 	 7.735250e-07 6.940280e-07 -1.624901e-06 	 1.359631e-07 -3.920156e-07 -3.863561e-07 	 9.094882e-07 3.020124e-07 -2.011257e-06 	 892
9.250000 	 2.496535e-06 -8.378296e-07 -1.132558e-06 	 -7.550503e-08 3.374261e-07 5.276798e-07 	 2.421030e-06 -5.004035e-07 -6.048778e-07 	 923
9.750000 	 -1.866946e-06 2.501899e-06 3.718179e-06 	 -9.996896e-07 -9.517481e-08 2.736419e-07 	 -2.866636e-06 2.406724e-06 3.991821e-06 	 895
10.250000 	 -3.543877e-06 5.970225e-07 -1.508470e-06 	 1.997893e-06 -3.949540e-07 3.231476e-07 	 -1.545984e-06 2.020685e-07 -1.185322e-06 	 903
10.750000 	 -1.148821e-06 1.504090e-06 -2.049546e-07 	 -1.893332e-06 5.158615e-07 4.871406e-07 	 -3.042153e-06 2.019952e-06 2.821860e-07 	 899
11.250000 	 3.044336e-06 -4.134455e-06 6.076007e-07 	 2.196840e-06 -4.620317e-07 2.916688e-07 	 5.241175e-06 -4.596487e-06 8.992695e-07 	 543
11.750000 	 -1.145567e-06 4.351648e-06 7.309993e-06 	 3.704497e-06 2.972955e-06 -3.610068e-06 	 2.558930e-06 7.324603e-06 3.699925e-06 	 29
12.250000 	 0.000000e+00 0.000000e+00 0.000000e+00 	 0.000000e+00 0.000000e+00 0.000000e+00 	 0.000000e+00 0.000000e+00 0.000000e+00 	 0
12.750000 	 0.000000e+00 0.000000e+00 0.000000e+00 	 0.000000e+00 0.000000e+00 0.000000e+00 	 0.000000e+00 0.000000e+00 0.000000e+00 	 0
13.250000 	 0.000000e+00 0.000000e+00 0.000000e+00 	 0.000000e+00 0.000000e+00 0.000000e+00 	 0.000000e+00 0.000000e+00 0.000000e+00 	 0
13.750000 	 0.000000e+00 0.000000e+00 0.000000e+00 	 0.000000e+00 0.000000e+00 0.000000e+00 	 0.000000e+00 0.000000e+00 0.000000e+00 	 0
14.250000 	 0.000000e+00 0.000000e+00 0.000000e+00 	 0.000000e+00 0.000000e+00 0.000000e+00 	 0.000000e+00 0.000000e+00 0.000000e+00 	 0
14.750000 	 0.000000e+00 0.000000e+00 0.000000e+00 	 0.000000e+00 0.000000e+00 0.000000e+00 	 0.000000e+00 0.000000e+00 0.000000e+00 	 0
