# 1  2-4    5-7    8-10   11     
# x  dirEF  recEF  sumEF  #Sample
0.250000 	 0.000000e+00 0.000000e+00 0.000000e+00 	 0.000000e+00 0.000000e+00 0.000000e+00 	 0.000000e+00 0.000000e+00 0.000000e+00 	 0
0.750000 	 0.000000e+00 0.000000e+00 0.000000e+00 	 0.000000e+00 0.000000e+00 0.000000e+00 	 0.000000e+00 0.000000e+00 0.000000e+00 	 0
1.250000 	 0.000000e+00 0.000000e+00 0.000000e+00 	 0.000000e+00 0.000000e+00 0.000000e+00 	 0.000000e+00 0.000000e+00 0.000000e+00 	 0
1.750000 	 0.000000e+00 0.000000e+00 0.000000e+00 	 0.000000e+00 0.000000e+00 0.000000e+00 	 0.000000e+00 0.000000e+00 0.000000e+00 	 0
2.250000 	 0.000000e+00 0.000000e+00 0.000000e+00 	 0.000000e+00 0.000000e+00 0.000000e+00 	 0.000000e+00 0.000000e+00 0.000000e+00 	 0
2.750000 	 0.000000e+00 0.000000e+00 0.000000e+00 	 0.000000e+00 0.000000e+00 0.000000e+00 	 0.000000e+00 0.000000e+00 0.000000e+00 	 0
3.250000 	 -3.156832e-05 -9.979249e-06 8.071777e-07 	 -2.221412e-06 1.688140e-06 -1.620967e-06 	 -3.378973e-05 -8.291109e-06 -8.137894e-07 	 14
3.750000 	 -3.757729e-07 2.129212e-06 -2.544792e-06 	 8.318868e-07 -8.126297e-07 3.322273e-07 	 4.561139e-07 1.316583e-06 -2.212565e-06 	 574
4.250000 	 1.464844e-06 -2.404388e-06 1.047228e-06 	 -1.950939e-07 -1.942356e-07 6.985894e-07 	 1.269750e-06 -2.598623e-06 1.745817e-06 	 912
4.750000 	 1.868129e-06 -7.969805e-07 -2.717558e-06 	 -2.871976e-07 -1.643688e-07 1.926011e-07 	 1.580931e-06 -9.613493e-07 -2.524957e-06 	 903
5.250000 	 -1.344955e-07 -5.951981e-06 4.788175e-08 	 4.090081e-07 -1.599095e-07 7.349154e-07 	 2.745126e-07 -6.111890e-06 7.827972e-07 	 894
5.750000 	 -6.405460e-07 5.237271e-07 -2.910309e-06 	 -3.828601e-08 4.181460e-07 5.853302e-07 	 -6.788320e-07 9.418731e-07 -2.324979e-06 	 906
6.250000 	 6.190646e-07 2.140775e-06 -1.966421e-06 	 -4.020517e-07 1.734868e-06 1.996063e-07 	 2.170129e-07 3.875643e-06 -1.766814e-06 	 904
6.750000 	 -3.199454e-06 -6.049810e-07 5.559554e-06 	 5.095578e-10 2.629441e-07 -6.202309e-07 	 -3.198944e-06 -3.420369e-07 4.939323e-06 	 903
7.250000 	 5.618984e-10 4.502347e-06 -2.734502e-06 	 2.591406e-07 3.717832e-07 1.172574e-06 	 2.597025e-07 4.874131e-06 -1.561928e-06 	 910
7.750000 	 5.363242e-06 -5.962546e-07 -3.632421e-06 	 -6.332299e-07 -8.796039e-07 -3.240554e-07 	 4.730012e-06 -1.475858e-06 -3.956477e-06 	 895
8.250000 	 3.334088e-06 1.826689e-06 -5.433772e-08 	 4.051129e-08 -3.247257e-07 5.878619e-07 	 3.374599e-06 1.501963e-06 5.335241e-07 	 926
8.750000 	 -2.823244e-06 -3.131667e-06 -5.295077e-07 	 -2.019120e-07 5.750725e-07 -1.658041e-07 	 -3.025156e-06 -2.556595e-06 -6.953118e-07 	 896
9.250000 	 -1.441583e-06 4.492019e-06 -1.666267e-06 	 5.987651e-07 3.222277e-07 -9.975962e-08 	 -8.428175e-07 4.814246e-06 -1.766026e-06 	 914
9.750000 	 1.274238e-06 -1.017740e-06 2.317709e-06 	 -1.950554e-07 6.586675e-08 -3.415522e-07 	 1.079183e-06 -9.518736e-07 1.976156e-06 	 921
10.250000 	 1.193073e-06 2.269967e-06 1.283890e-06 	 -1.914041e-08 1.617812e-07 -4.581807e-07 	 1.173932e-06 2.431748e-06 8.257092e-07 	 910
10.750000 	 -7.663270e-07 7.570605e-07 -1.887925e-06 	 -2.873354e-07 1.046835e-06 1.409648e-07 	 -1.053662e-06 1.803896e-06 -1.746960e-06 	 910
11.250000 	 -6.318271e-07 -3.925152e-08 -3.797653e-07 	 5.250677e-08 9.982221e-07 3.924646e-07 	 -5.793203e-07 9.589706e-07 1.269934e-08 	 512
11.750000 	 2.786401e-06 -1.347574e-05 3.301570e-06 	 2.301642e-06 2.095906e-06 1.668476e-06 	 5.088043e-06 -1.137983e-05 4.970046e-06 	 20
12.250000 	 0.000000e+00 0.000000e+00 0.000000e+00 	 0.000000e+00 0.000000e+00 0.000000e+00 	 0.000000e+00 0.000000e+00 0.000000e+00 	 0
12.750000 	 0.000000e+00 0.000000e+00 0.000000e+00 	 0.000000e+00 0.000000e+00 0.000000e+00 	 0.000000e+00 0.000000e+00 0.000000e+00 	 0
13.250000 	 0.000000e+00 0.000000e+00 0.000000e+00 	 0.000000e+00 0.000000e+00 0.000000e+00 	 0.000000e+00 0.000000e+00 0.000000e+00 	 0
13.750000 	 0.000000e+00 0.000000e+00 0.000000e+00 	 0.000000e+00 0.000000e+00 0.000000e+00 	 0.000000e+00 0.000000e+00 0.000000e+00 	 0
14.250000 	 0.000000e+00 0.000000e+00 0.000000e+00 	 0.000000e+00 0.000000e+00 0.000000e+00 	 0.000000e+00 0.000000e+00 0.000000e+00 	 0
14.750000 	 0.000000e+00 0.000000e+00 0.000000e+00 	 0.000000e+00 0.000000e+00 0.000000e+00 	 0.000000e+00 0.000000e+00 0.000000e+00 	 0
