# 1  2-4    5-7    8-10   11     
# x  dirEF  recEF  sumEF  #Sample
0.250000 	 0.000000e+00 0.000000e+00 0.000000e+00 	 0.000000e+00 0.000000e+00 0.000000e+00 	 0.000000e+00 0.000000e+00 0.000000e+00 	 0
0.750000 	 0.000000e+00 0.000000e+00 0.000000e+00 	 0.000000e+00 0.000000e+00 0.000000e+00 	 0.000000e+00 0.000000e+00 0.000000e+00 	 0
1.250000 	 0.000000e+00 0.000000e+00 0.000000e+00 	 0.000000e+00 0.000000e+00 0.000000e+00 	 0.000000e+00 0.000000e+00 0.000000e+00 	 0
1.750000 	 0.000000e+00 0.000000e+00 0.000000e+00 	 0.000000e+00 0.000000e+00 0.000000e+00 	 0.000000e+00 0.000000e+00 0.000000e+00 	 0
2.250000 	 0.000000e+00 0.000000e+00 0.000000e+00 	 0.000000e+00 0.000000e+00 0.000000e+00 	 0.000000e+00 0.000000e+00 0.000000e+00 	 0
2.750000 	 0.000000e+00 0.000000e+00 0.000000e+00 	 0.000000e+00 0.000000e+00 0.000000e+00 	 0.000000e+00 0.000000e+00 0.000000e+00 	 0
3.250000 	 -2.299148e-06 6.264631e-06 -2.655263e-06 	 -9.271293e-06 4.134670e-06 -4.140784e-06 	 -1.157044e-05 1.039930e-05 -6.796047e-06 	 33
3.750000 	 -6.731529e-07 1.673678e-06 -2.155165e-06 	 -9.925468e-07 -8.790947e-07 1.060600e-06 	 -1.665700e-06 7.945836e-07 -1.094565e-06 	 568
4.250000 	 -1.868995e-06 -2.217998e-06 1.379130e-06 	 4.739242e-06 1.398285e-06 -1.618682e-08 	 2.870247e-06 -8.197132e-07 1.362943e-06 	 905
4.750000 	 5.980281e-07 1.172537e-06 -1.463955e-06 	 -2.104720e-06 1.671628e-06 -1.377342e-06 	 -1.506692e-06 2.844165e-06 -2.841297e-06 	 888
5.250000 	 2.719268e-06 -2.513462e-06 -4.018663e-07 	 3.168505e-06 3.611023e-07 -1.228450e-07 	 5.887773e-06 -2.152360e-06 -5.247113e-07 	 925
5.750000 	 3.954449e-08 1.453313e-06 1.345027e-06 	 -2.415737e-06 4.226606e-07 -9.700442e-07 	 -2.376193e-06 1.875973e-06 3.749828e-07 	 894
6.250000 	 5.508862e-07 -9.599893e-07 1.357048e-06 	 1.584625e-06 6.081743e-07 -3.422690e-07 	 2.135511e-06 -3.518150e-07 1.014779e-06 	 882
6.750000 	 -6.640606e-07 6.289501e-07 8.001322e-07 	 -7.972308e-07 1.158198e-06 -7.569077e-07 	 -1.461291e-06 1.787148e-06 4.322453e-08 	 916
7.250000 	 3.932305e-07 3.913017e-06 1.239320e-06 	 2.193498e-06 -1.170894e-06 4.149025e-07 	 2.586729e-06 2.742123e-06 1.654222e-06 	 929
7.750000 	 -1.116709e-07 1.318353e-06 -8.601137e-07 	 1.336281e-06 1.267161e-06 -1.779757e-06 	 1.224610e-06 2.585515e-06 -2.639870e-06 	 900
8.250000 	 -1.704630e-06 -3.107460e-06 -2.984659e-06 	 5.084375e-07 1.400848e-06 1.270249e-06 	 -1.196192e-06 -1.706612e-06 -1.714410e-06 	 911
8.750000 	 5.648392e-06 2.786167e-06 2.364499e-07 	 -2.468826e-06 -1.545099e-07 -1.129122e-06 	 3.179566e-06 2.631657e-06 -8.926724e-07 	 902
9.250000 	 -9.033815e-07 2.170951e-06 1.529416e-06 	 -1.051001e-07 1.033297e-08 5.310255e-07 	 -1.008482e-06 2.181284e-06 2.060442e-06 	 903
9.750000 	 -1.639226e-06 1.656736e-06 -3.167481e-07 	 -5.518260e-07 1.414760e-06 -1.050300e-06 	 -2.191052e-06 3.071497e-06 -1.367048e-06 	 908
10.250000 	 8.058657e-09 -8.852526e-08 -1.576626e-06 	 4.043930e-06 -5.796996e-07 7.884871e-08 	 4.051988e-06 -6.682249e-07 -1.497778e-06 	 871
10.750000 	 3.989087e-07 1.845132e-06 1.252765e-07 	 -1.444062e-06 8.054253e-07 -5.868003e-07 	 -1.045153e-06 2.650557e-06 -4.615238e-07 	 898
11.250000 	 8.672702e-07 -1.800086e-06 1.129701e-07 	 4.452366e-07 -1.818126e-06 -4.189104e-07 	 1.312507e-06 -3.618212e-06 -3.059403e-07 	 559
11.750000 	 -2.295098e-05 7.468869e-06 6.008174e-06 	 2.516977e-06 2.004351e-06 -1.398534e-06 	 -2.043400e-05 9.473220e-06 4.609639e-06 	 32
12.250000 	 0.000000e+00 0.000000e+00 0.000000e+00 	 0.000000e+00 0.000000e+00 0.000000e+00 	 0.000000e+00 0.000000e+00 0.000000e+00 	 0
12.750000 	 0.000000e+00 0.000000e+00 0.000000e+00 	 0.000000e+00 0.000000e+00 0.000000e+00 	 0.000000e+00 0.000000e+00 0.000000e+00 	 0
13.250000 	 0.000000e+00 0.000000e+00 0.000000e+00 	 0.000000e+00 0.000000e+00 0.000000e+00 	 0.000000e+00 0.000000e+00 0.000000e+00 	 0
13.750000 	 0.000000e+00 0.000000e+00 0.000000e+00 	 0.000000e+00 0.000000e+00 0.000000e+00 	 0.000000e+00 0.000000e+00 0.000000e+00 	 0
14.250000 	 0.000000e+00 0.000000e+00 0.000000e+00 	 0.000000e+00 0.000000e+00 0.000000e+00 	 0.000000e+00 0.000000e+00 0.000000e+00 	 0
14.750000 	 0.000000e+00 0.000000e+00 0.000000e+00 	 0.000000e+00 0.000000e+00 0.000000e+00 	 0.000000e+00 0.000000e+00 0.000000e+00 	 0
