# 1  2-4    5-7    8-10   11     
# x  dirEF  recEF  sumEF  #Sample
0.250000 	 0.000000e+00 0.000000e+00 0.000000e+00 	 0.000000e+00 0.000000e+00 0.000000e+00 	 0.000000e+00 0.000000e+00 0.000000e+00 	 0
0.750000 	 0.000000e+00 0.000000e+00 0.000000e+00 	 0.000000e+00 0.000000e+00 0.000000e+00 	 0.000000e+00 0.000000e+00 0.000000e+00 	 0
1.250000 	 0.000000e+00 0.000000e+00 0.000000e+00 	 0.000000e+00 0.000000e+00 0.000000e+00 	 0.000000e+00 0.000000e+00 0.000000e+00 	 0
1.750000 	 0.000000e+00 0.000000e+00 0.000000e+00 	 0.000000e+00 0.000000e+00 0.000000e+00 	 0.000000e+00 0.000000e+00 0.000000e+00 	 0
2.250000 	 0.000000e+00 0.000000e+00 0.000000e+00 	 0.000000e+00 0.000000e+00 0.000000e+00 	 0.000000e+00 0.000000e+00 0.000000e+00 	 0
2.750000 	 0.000000e+00 0.000000e+00 0.000000e+00 	 0.000000e+00 0.000000e+00 0.000000e+00 	 0.000000e+00 0.000000e+00 0.000000e+00 	 0
3.250000 	 -1.067616e-05 -1.633363e-05 9.107242e-06 	 -3.457867e-06 -1.193976e-06 -5.696811e-08 	 -1.413403e-05 -1.752761e-05 9.050274e-06 	 26
3.750000 	 -2.646013e-06 -1.747461e-07 4.436995e-06 	 9.391976e-07 9.661171e-09 8.478031e-08 	 -1.706815e-06 -1.650850e-07 4.521776e-06 	 559
4.250000 	 -2.229335e-06 3.595394e-07 -3.426438e-06 	 3.320491e-07 -1.227133e-07 -1.834195e-08 	 -1.897286e-06 2.368261e-07 -3.444779e-06 	 899
4.750000 	 1.797241e-06 -2.869629e-06 -8.633040e-07 	 -2.962857e-07 -8.179443e-10 -7.543716e-08 	 1.500955e-06 -2.870447e-06 -9.387412e-07 	 927
5.250000 	 5.620711e-07 -4.158754e-07 1.371125e-06 	 -2.610500e-07 1.122519e-08 3.829702e-08 	 3.010211e-07 -4.046502e-07 1.409423e-06 	 901
5.750000 	 -2.914857e-06 5.600041e-06 1.815326e-06 	 3.092832e-07 -9.956878e-10 -5.108501e-08 	 -2.605574e-06 5.599045e-06 1.764241e-06 	 902
6.250000 	 2.083481e-06 4.868553e-08 -1.800606e-08 	 -9.597398e-08 -7.684518e-08 2.772979e-08 	 1.987507e-06 -2.815965e-08 9.723733e-09 	 905
6.750000 	 -1.407615e-07 -7.910755e-07 -2.846944e-06 	 2.236151e-08 -5.753607e-08 -1.407635e-07 	 -1.184000e-07 -8.486116e-07 -2.987708e-06 	 915
7.250000 	 -5.207692e-07 -5.178439e-07 2.466829e-06 	 1.144680e-07 7.818798e-08 1.431350e-08 	 -4.063012e-07 -4.396560e-07 2.481143e-06 	 898
7.750000 	 5.568558e-08 -8.826664e-07 -2.327711e-06 	 1.966218e-07 -5.005956e-08 -1.425492e-07 	 2.523073e-07 -9.327260e-07 -2.470260e-06 	 883
8.250000 	 -1.562136e-06 1.325496e-06 -2.935804e-06 	 -2.657162e-07 9.994694e-08 7.638551e-08 	 -1.827852e-06 1.425443e-06 -2.859418e-06 	 912
8.750000 	 3.076472e-06 1.805391e-06 -7.708180e-07 	 1.154006e-07 -8.995954e-08 -3.313221e-08 	 3.191873e-06 1.715432e-06 -8.039502e-07 	 910
9.250000 	 -1.211752e-06 3.359436e-06 9.961506e-07 	 1.937948e-07 1.388965e-07 -2.110695e-08 	 -1.017957e-06 3.498332e-06 9.750437e-07 	 925
9.750000 	 7.334649e-07 -1.153135e-06 -1.412099e-06 	 -3.094070e-07 9.055476e-08 1.640192e-08 	 4.240579e-07 -1.062581e-06 -1.395697e-06 	 899
10.250000 	 -4.052509e-06 5.491686e-08 3.497276e-07 	 -2.459784e-07 -7.285503e-08 -1.294751e-07 	 -4.298487e-06 -1.793817e-08 2.202525e-07 	 907
10.750000 	 2.515268e-06 -5.818838e-07 1.379432e-06 	 3.951393e-07 3.859445e-09 -6.074380e-08 	 2.910407e-06 -5.780244e-07 1.318688e-06 	 886
11.250000 	 2.857995e-07 2.252576e-06 -3.553478e-08 	 -9.035409e-07 -1.529625e-07 -3.357883e-08 	 -6.177414e-07 2.099614e-06 -6.911360e-08 	 551
11.750000 	 6.638212e-06 -1.500223e-05 -9.742012e-06 	 1.701986e-06 1.284578e-06 4.767462e-08 	 8.340198e-06 -1.371765e-05 -9.694337e-06 	 19
12.250000 	 0.000000e+00 0.000000e+00 0.000000e+00 	 0.000000e+00 0.000000e+00 0.000000e+00 	 0.000000e+00 0.000000e+00 0.000000e+00 	 0
12.750000 	 0.000000e+00 0.000000e+00 0.000000e+00 	 0.000000e+00 0.000000e+00 0.000000e+00 	 0.000000e+00 0.000000e+00 0.000000e+00 	 0
13.250000 	 0.000000e+00 0.000000e+00 0.000000e+00 	 0.000000e+00 0.000000e+00 0.000000e+00 	 0.000000e+00 0.000000e+00 0.000000e+00 	 0
13.750000 	 0.000000e+00 0.000000e+00 0.000000e+00 	 0.000000e+00 0.000000e+00 0.000000e+00 	 0.000000e+00 0.000000e+00 0.000000e+00 	 0
14.250000 	 0.000000e+00 0.000000e+00 0.000000e+00 	 0.000000e+00 0.000000e+00 0.000000e+00 	 0.000000e+00 0.000000e+00 0.000000e+00 	 0
14.750000 	 0.000000e+00 0.000000e+00 0.000000e+00 	 0.000000e+00 0.000000e+00 0.000000e+00 	 0.000000e+00 0.000000e+00 0.000000e+00 	 0
