# 1  2-4    5-7    8-10   11     
# x  dirEF  recEF  sumEF  #Sample
0.250000 	 0.000000e+00 0.000000e+00 0.000000e+00 	 0.000000e+00 0.000000e+00 0.000000e+00 	 0.000000e+00 0.000000e+00 0.000000e+00 	 0
0.750000 	 0.000000e+00 0.000000e+00 0.000000e+00 	 0.000000e+00 0.000000e+00 0.000000e+00 	 0.000000e+00 0.000000e+00 0.000000e+00 	 0
1.250000 	 0.000000e+00 0.000000e+00 0.000000e+00 	 0.000000e+00 0.000000e+00 0.000000e+00 	 0.000000e+00 0.000000e+00 0.000000e+00 	 0
1.750000 	 0.000000e+00 0.000000e+00 0.000000e+00 	 0.000000e+00 0.000000e+00 0.000000e+00 	 0.000000e+00 0.000000e+00 0.000000e+00 	 0
2.250000 	 0.000000e+00 0.000000e+00 0.000000e+00 	 0.000000e+00 0.000000e+00 0.000000e+00 	 0.000000e+00 0.000000e+00 0.000000e+00 	 0
2.750000 	 0.000000e+00 0.000000e+00 0.000000e+00 	 0.000000e+00 0.000000e+00 0.000000e+00 	 0.000000e+00 0.000000e+00 0.000000e+00 	 0
3.250000 	 -1.127716e-05 1.109061e-05 1.242373e-05 	 -1.246919e-06 7.664391e-06 2.940683e-06 	 -1.252408e-05 1.875500e-05 1.536441e-05 	 23
3.750000 	 9.199485e-07 1.148282e-06 -5.114690e-07 	 -1.501034e-07 8.698872e-07 -4.969805e-07 	 7.698451e-07 2.018169e-06 -1.008450e-06 	 592
4.250000 	 -3.751587e-08 1.077993e-06 4.641798e-06 	 3.789170e-07 3.871502e-07 -1.279198e-07 	 3.414011e-07 1.465143e-06 4.513878e-06 	 886
4.750000 	 2.710400e-06 1.890640e-06 -3.931428e-07 	 -1.910335e-06 1.087999e-06 -3.661891e-08 	 8.000650e-07 2.978640e-06 -4.297617e-07 	 892
5.250000 	 -4.840686e-06 -1.905815e-06 -5.285549e-07 	 2.441464e-06 1.062550e-06 -3.222050e-07 	 -2.399222e-06 -8.432644e-07 -8.507599e-07 	 897
5.750000 	 -1.299992e-07 -4.499370e-07 9.890269e-07 	 -7.571216e-08 2.840823e-07 -9.421045e-07 	 -2.057113e-07 -1.658547e-07 4.692241e-08 	 914
6.250000 	 2.957711e-06 3.042061e-06 9.929905e-07 	 -9.425542e-07 -8.624819e-07 -1.614405e-07 	 2.015156e-06 2.179579e-06 8.315500e-07 	 901
6.750000 	 2.847167e-06 6.568440e-07 -2.594583e-06 	 3.194796e-06 -1.437209e-06 8.758295e-08 	 6.041963e-06 -7.803649e-07 -2.507000e-06 	 921
7.250000 	 -3.065681e-06 -1.009622e-06 7.915061e-07 	 -1.883387e-06 -2.651693e-07 8.265455e-07 	 -4.949068e-06 -1.274792e-06 1.618052e-06 	 902
7.750000 	 2.695745e-06 4.892590e-06 -2.303941e-07 	 1.809450e-06 -4.582107e-07 -5.322453e-07 	 4.505195e-06 4.434379e-06 -7.626393e-07 	 903
8.250000 	 -4.841026e-07 5.457012e-07 4.177237e-06 	 -3.771212e-06 -8.499649e-08 -6.367841e-07 	 -4.255314e-06 4.607047e-07 3.540453e-06 	 934
8.750000 	 -2.055904e-06 2.963976e-07 6.326336e-07 	 5.533062e-06 -1.176084e-06 3.297546e-08 	 3.477158e-06 -8.796862e-07 6.656091e-07 	 891
9.250000 	 1.009943e-06 -7.994681e-07 -3.904043e-06 	 -4.418938e-06 9.342368e-08 -8.156389e-08 	 -3.408994e-06 -7.060444e-07 -3.985606e-06 	 905
9.750000 	 8.126702e-08 3.180926e-06 -3.949573e-06 	 2.365461e-06 6.481045e-07 2.049276e-06 	 2.446728e-06 3.829031e-06 -1.900296e-06 	 897
10.250000 	 -7.512263e-07 -6.770081e-07 2.759885e-06 	 -3.515777e-07 -1.054565e-06 -7.406695e-08 	 -1.102804e-06 -1.731573e-06 2.685818e-06 	 920
10.750000 	 2.893671e-07 5.802118e-07 1.021311e-06 	 -6.103284e-07 -8.264337e-08 -5.393020e-07 	 -3.209613e-07 4.975684e-07 4.820095e-07 	 862
11.250000 	 6.173141e-07 -1.670798e-06 1.859663e-06 	 -9.812448e-07 6.282290e-07 7.374631e-07 	 -3.639307e-07 -1.042569e-06 2.597127e-06 	 553
11.750000 	 -1.821646e-06 -3.328456e-07 -1.238143e-05 	 1.604432e-06 -5.917837e-06 3.117495e-07 	 -2.172138e-07 -6.250682e-06 -1.206968e-05 	 31
12.250000 	 0.000000e+00 0.000000e+00 0.000000e+00 	 0.000000e+00 0.000000e+00 0.000000e+00 	 0.000000e+00 0.000000e+00 0.000000e+00 	 0
12.750000 	 0.000000e+00 0.000000e+00 0.000000e+00 	 0.000000e+00 0.000000e+00 0.000000e+00 	 0.000000e+00 0.000000e+00 0.000000e+00 	 0
13.250000 	 0.000000e+00 0.000000e+00 0.000000e+00 	 0.000000e+00 0.000000e+00 0.000000e+00 	 0.000000e+00 0.000000e+00 0.000000e+00 	 0
13.750000 	 0.000000e+00 0.000000e+00 0.000000e+00 	 0.000000e+00 0.000000e+00 0.000000e+00 	 0.000000e+00 0.000000e+00 0.000000e+00 	 0
14.250000 	 0.000000e+00 0.000000e+00 0.000000e+00 	 0.000000e+00 0.000000e+00 0.000000e+00 	 0.000000e+00 0.000000e+00 0.000000e+00 	 0
14.750000 	 0.000000e+00 0.000000e+00 0.000000e+00 	 0.000000e+00 0.000000e+00 0.000000e+00 	 0.000000e+00 0.000000e+00 0.000000e+00 	 0
