# 1  2-4    5-7    8-10   11     
# x  dirEF  recEF  sumEF  #Sample
0.250000 	 0.000000e+00 0.000000e+00 0.000000e+00 	 0.000000e+00 0.000000e+00 0.000000e+00 	 0.000000e+00 0.000000e+00 0.000000e+00 	 0
0.750000 	 0.000000e+00 0.000000e+00 0.000000e+00 	 0.000000e+00 0.000000e+00 0.000000e+00 	 0.000000e+00 0.000000e+00 0.000000e+00 	 0
1.250000 	 0.000000e+00 0.000000e+00 0.000000e+00 	 0.000000e+00 0.000000e+00 0.000000e+00 	 0.000000e+00 0.000000e+00 0.000000e+00 	 0
1.750000 	 0.000000e+00 0.000000e+00 0.000000e+00 	 0.000000e+00 0.000000e+00 0.000000e+00 	 0.000000e+00 0.000000e+00 0.000000e+00 	 0
2.250000 	 0.000000e+00 0.000000e+00 0.000000e+00 	 0.000000e+00 0.000000e+00 0.000000e+00 	 0.000000e+00 0.000000e+00 0.000000e+00 	 0
2.750000 	 0.000000e+00 0.000000e+00 0.000000e+00 	 0.000000e+00 0.000000e+00 0.000000e+00 	 0.000000e+00 0.000000e+00 0.000000e+00 	 0
3.250000 	 -4.371197e-06 9.167121e-06 2.650446e-06 	 -2.017888e-06 -1.277587e-06 -1.044528e-06 	 -6.389086e-06 7.889534e-06 1.605918e-06 	 34
3.750000 	 1.170340e-07 -1.412247e-06 1.821717e-06 	 9.560842e-07 -1.324017e-07 1.307106e-07 	 1.073118e-06 -1.544648e-06 1.952428e-06 	 572
4.250000 	 -8.601221e-07 -9.487551e-07 -1.815519e-06 	 1.813467e-08 1.381427e-07 1.133785e-08 	 -8.419874e-07 -8.106123e-07 -1.804182e-06 	 892
4.750000 	 -1.439240e-07 -1.360947e-08 -5.381877e-07 	 -2.394429e-07 -1.065030e-07 1.108001e-08 	 -3.833669e-07 -1.201124e-07 -5.271077e-07 	 911
5.250000 	 -2.450936e-06 -2.587367e-06 1.176654e-06 	 -2.598269e-07 1.138742e-08 -6.673291e-09 	 -2.710763e-06 -2.575980e-06 1.169980e-06 	 916
5.750000 	 -1.259539e-07 2.389650e-06 -5.197056e-06 	 3.049508e-07 8.017402e-08 -1.136338e-07 	 1.789969e-07 2.469824e-06 -5.310690e-06 	 895
6.250000 	 5.587331e-06 1.181061e-08 1.019287e-06 	 1.991531e-07 -9.705436e-08 -2.010130e-08 	 5.786484e-06 -8.524375e-08 9.991859e-07 	 897
6.750000 	 2.409846e-06 2.190329e-06 1.904969e-06 	 -1.263665e-07 1.371939e-08 1.098421e-07 	 2.283479e-06 2.204049e-06 2.014811e-06 	 896
7.250000 	 1.042164e-06 3.833642e-06 7.747258e-07 	 1.200972e-08 -4.611293e-08 5.425632e-08 	 1.054174e-06 3.787529e-06 8.289821e-07 	 911
7.750000 	 8.229757e-07 2.773929e-09 -2.036918e-06 	 3.318886e-08 -1.338025e-07 -1.160831e-07 	 8.561645e-07 -1.310286e-07 -2.153001e-06 	 889
8.250000 	 -3.631400e-06 -7.158959e-07 2.092872e-06 	 4.785662e-08 -4.334997e-08 1.208872e-10 	 -3.583544e-06 -7.592459e-07 2.092993e-06 	 916
8.750000 	 -2.024639e-06 -1.789344e-06 -3.247085e-06 	 1.569377e-07 -8.120967e-08 -2.600546e-08 	 -1.867702e-06 -1.870553e-06 -3.273091e-06 	 912
9.250000 	 -1.915289e-06 4.647857e-06 3.221634e-06 	 -1.827956e-07 -6.708406e-08 -4.981504e-08 	 -2.098085e-06 4.580773e-06 3.171819e-06 	 911
9.750000 	 3.195754e-07 -1.563450e-06 8.313905e-07 	 6.880587e-08 -2.649518e-08 2.473659e-08 	 3.883813e-07 -1.589946e-06 8.561271e-07 	 902
10.250000 	 5.467271e-07 1.893479e-06 -6.419423e-07 	 8.217328e-08 -3.653783e-08 -6.441823e-08 	 6.289004e-07 1.856941e-06 -7.063606e-07 	 914
10.750000 	 -6.685055e-07 5.208428e-07 2.398157e-07 	 -1.486771e-07 -4.887459e-08 -9.545870e-08 	 -8.171826e-07 4.719682e-07 1.443570e-07 	 891
11.250000 	 2.418987e-06 -3.562944e-06 -4.426884e-06 	 -8.906044e-07 -2.382304e-07 1.590041e-07 	 1.528382e-06 -3.801175e-06 -4.267880e-06 	 544
11.750000 	 9.581223e-07 -8.134652e-06 -6.342125e-07 	 2.839628e-06 6.934243e-07 -6.714655e-07 	 3.797751e-06 -7.441228e-06 -1.305678e-06 	 21
12.250000 	 0.000000e+00 0.000000e+00 0.000000e+00 	 0.000000e+00 0.000000e+00 0.000000e+00 	 0.000000e+00 0.000000e+00 0.000000e+00 	 0
12.750000 	 0.000000e+00 0.000000e+00 0.000000e+00 	 0.000000e+00 0.000000e+00 0.000000e+00 	 0.000000e+00 0.000000e+00 0.000000e+00 	 0
13.250000 	 0.000000e+00 0.000000e+00 0.000000e+00 	 0.000000e+00 0.000000e+00 0.000000e+00 	 0.000000e+00 0.000000e+00 0.000000e+00 	 0
13.750000 	 0.000000e+00 0.000000e+00 0.000000e+00 	 0.000000e+00 0.000000e+00 0.000000e+00 	 0.000000e+00 0.000000e+00 0.000000e+00 	 0
14.250000 	 0.000000e+00 0.000000e+00 0.000000e+00 	 0.000000e+00 0.000000e+00 0.000000e+00 	 0.000000e+00 0.000000e+00 0.000000e+00 	 0
14.750000 	 0.000000e+00 0.000000e+00 0.000000e+00 	 0.000000e+00 0.000000e+00 0.000000e+00 	 0.000000e+00 0.000000e+00 0.000000e+00 	 0
