# 1  2-4    5-7    8-10   11     
# x  dirEF  recEF  sumEF  #Sample
0.250000 	 0.000000e+00 0.000000e+00 0.000000e+00 	 0.000000e+00 0.000000e+00 0.000000e+00 	 0.000000e+00 0.000000e+00 0.000000e+00 	 0
0.750000 	 0.000000e+00 0.000000e+00 0.000000e+00 	 0.000000e+00 0.000000e+00 0.000000e+00 	 0.000000e+00 0.000000e+00 0.000000e+00 	 0
1.250000 	 0.000000e+00 0.000000e+00 0.000000e+00 	 0.000000e+00 0.000000e+00 0.000000e+00 	 0.000000e+00 0.000000e+00 0.000000e+00 	 0
1.750000 	 0.000000e+00 0.000000e+00 0.000000e+00 	 0.000000e+00 0.000000e+00 0.000000e+00 	 0.000000e+00 0.000000e+00 0.000000e+00 	 0
2.250000 	 0.000000e+00 0.000000e+00 0.000000e+00 	 0.000000e+00 0.000000e+00 0.000000e+00 	 0.000000e+00 0.000000e+00 0.000000e+00 	 0
2.750000 	 0.000000e+00 0.000000e+00 0.000000e+00 	 0.000000e+00 0.000000e+00 0.000000e+00 	 0.000000e+00 0.000000e+00 0.000000e+00 	 0
3.250000 	 -6.138045e-06 3.923024e-06 5.582960e-06 	 -3.947148e-06 4.761626e-07 -6.136078e-06 	 -1.008519e-05 4.399186e-06 -5.531182e-07 	 44
3.750000 	 9.150881e-07 7.878775e-07 -3.207869e-06 	 4.493039e-06 6.513967e-07 1.683545e-06 	 5.408127e-06 1.439274e-06 -1.524324e-06 	 579
4.250000 	 2.892927e-06 -2.077714e-06 2.427506e-06 	 -2.988229e-06 -1.481254e-07 -8.437776e-07 	 -9.530193e-08 -2.225840e-06 1.583729e-06 	 882
4.750000 	 -6.643750e-07 4.526436e-07 -8.831195e-08 	 7.836533e-07 2.512082e-07 -5.520986e-07 	 1.192783e-07 7.038519e-07 -6.404105e-07 	 903
5.250000 	 4.160613e-06 6.320296e-06 -6.665587e-09 	 -9.956607e-07 4.259724e-07 3.905508e-07 	 3.164952e-06 6.746269e-06 3.838853e-07 	 910
5.750000 	 -2.675081e-06 -1.779174e-06 -1.017609e-06 	 -2.967080e-07 -4.673262e-07 4.599431e-07 	 -2.971789e-06 -2.246501e-06 -5.576656e-07 	 906
6.250000 	 3.548659e-07 -2.462790e-06 1.395652e-07 	 1.750541e-06 -1.565607e-06 -4.053849e-08 	 2.105407e-06 -4.028397e-06 9.902667e-08 	 924
6.750000 	 1.035434e-06 -1.230302e-06 -2.932617e-06 	 -1.443478e-08 -3.377599e-07 -3.995378e-07 	 1.020999e-06 -1.568062e-06 -3.332155e-06 	 899
7.250000 	 4.172731e-07 -3.078055e-06 2.369855e-06 	 -2.077797e-06 -8.933280e-07 1.345132e-06 	 -1.660524e-06 -3.971383e-06 3.714987e-06 	 909
7.750000 	 1.123667e-06 1.558298e-06 -1.206469e-06 	 1.279687e-06 1.253733e-06 -8.999214e-08 	 2.403354e-06 2.812031e-06 -1.296461e-06 	 904
8.250000 	 -2.021430e-07 -9.718473e-07 -3.350300e-06 	 4.738731e-07 4.079859e-07 -2.686692e-07 	 2.717301e-07 -5.638615e-07 -3.618969e-06 	 881
8.750000 	 4.914492e-06 1.375347e-06 1.900919e-06 	 1.114666e-07 7.958799e-07 -2.248432e-07 	 5.025959e-06 2.171227e-06 1.676075e-06 	 892
9.250000 	 -1.823694e-06 1.326317e-06 -1.955847e-07 	 2.672097e-06 -4.837947e-07 2.138009e-06 	 8.484033e-07 8.425226e-07 1.942424e-06 	 896
9.750000 	 8.359844e-07 1.952800e-06 -3.148483e-08 	 -1.205757e-06 -1.528576e-06 4.769872e-08 	 -3.697731e-07 4.242238e-07 1.621389e-08 	 896
10.250000 	 -1.474521e-07 -2.361408e-06 3.794724e-07 	 -9.818257e-07 -1.128083e-06 9.942514e-07 	 -1.129278e-06 -3.489491e-06 1.373724e-06 	 895
10.750000 	 -1.022137e-06 1.900764e-06 -1.917270e-06 	 2.585470e-06 -1.220256e-06 -1.440600e-06 	 1.563332e-06 6.805082e-07 -3.357870e-06 	 907
11.250000 	 -2.542542e-06 -2.570319e-08 -9.602591e-07 	 -3.234013e-06 -6.023770e-09 4.695537e-08 	 -5.776555e-06 -3.172696e-08 -9.133038e-07 	 523
11.750000 	 -3.826591e-07 7.852641e-08 3.310798e-06 	 -4.368138e-06 -3.555994e-06 2.812400e-06 	 -4.750797e-06 -3.477468e-06 6.123198e-06 	 73
12.250000 	 7.261800e-05 -7.496433e-06 5.015457e-06 	 4.346802e-06 3.156623e-05 -6.195160e-06 	 7.696480e-05 2.406980e-05 -1.179703e-06 	 1
12.750000 	 0.000000e+00 0.000000e+00 0.000000e+00 	 0.000000e+00 0.000000e+00 0.000000e+00 	 0.000000e+00 0.000000e+00 0.000000e+00 	 0
13.250000 	 0.000000e+00 0.000000e+00 0.000000e+00 	 0.000000e+00 0.000000e+00 0.000000e+00 	 0.000000e+00 0.000000e+00 0.000000e+00 	 0
13.750000 	 0.000000e+00 0.000000e+00 0.000000e+00 	 0.000000e+00 0.000000e+00 0.000000e+00 	 0.000000e+00 0.000000e+00 0.000000e+00 	 0
14.250000 	 0.000000e+00 0.000000e+00 0.000000e+00 	 0.000000e+00 0.000000e+00 0.000000e+00 	 0.000000e+00 0.000000e+00 0.000000e+00 	 0
14.750000 	 0.000000e+00 0.000000e+00 0.000000e+00 	 0.000000e+00 0.000000e+00 0.000000e+00 	 0.000000e+00 0.000000e+00 0.000000e+00 	 0
