# 1  2-4    5-7    8-10   11     
# x  dirEF  recEF  sumEF  #Sample
0.250000 	 0.000000e+00 0.000000e+00 0.000000e+00 	 0.000000e+00 0.000000e+00 0.000000e+00 	 0.000000e+00 0.000000e+00 0.000000e+00 	 0
0.750000 	 0.000000e+00 0.000000e+00 0.000000e+00 	 0.000000e+00 0.000000e+00 0.000000e+00 	 0.000000e+00 0.000000e+00 0.000000e+00 	 0
1.250000 	 0.000000e+00 0.000000e+00 0.000000e+00 	 0.000000e+00 0.000000e+00 0.000000e+00 	 0.000000e+00 0.000000e+00 0.000000e+00 	 0
1.750000 	 0.000000e+00 0.000000e+00 0.000000e+00 	 0.000000e+00 0.000000e+00 0.000000e+00 	 0.000000e+00 0.000000e+00 0.000000e+00 	 0
2.250000 	 0.000000e+00 0.000000e+00 0.000000e+00 	 0.000000e+00 0.000000e+00 0.000000e+00 	 0.000000e+00 0.000000e+00 0.000000e+00 	 0
2.750000 	 0.000000e+00 0.000000e+00 0.000000e+00 	 0.000000e+00 0.000000e+00 0.000000e+00 	 0.000000e+00 0.000000e+00 0.000000e+00 	 0
3.250000 	 -2.299148e-06 6.264631e-06 -2.655263e-06 	 -5.226664e-06 5.099400e-06 -1.581491e-06 	 -7.525812e-06 1.136403e-05 -4.236754e-06 	 33
3.750000 	 -6.731529e-07 1.673678e-06 -2.155165e-06 	 -1.057955e-06 -6.291242e-07 4.167897e-07 	 -1.731108e-06 1.044554e-06 -1.738375e-06 	 568
4.250000 	 -1.868995e-06 -2.217998e-06 1.379130e-06 	 3.669425e-06 -2.090299e-07 8.059770e-08 	 1.800430e-06 -2.427028e-06 1.459727e-06 	 905
4.750000 	 5.980281e-07 1.172537e-06 -1.463955e-06 	 -3.462768e-06 -1.704222e-07 -3.301047e-07 	 -2.864740e-06 1.002115e-06 -1.794059e-06 	 888
5.250000 	 2.719268e-06 -2.513462e-06 -4.018663e-07 	 2.492789e-06 5.738471e-07 -6.315229e-07 	 5.212057e-06 -1.939615e-06 -1.033389e-06 	 925
5.750000 	 3.954449e-08 1.453313e-06 1.345027e-06 	 -2.962248e-06 -6.422248e-07 1.090821e-08 	 -2.922704e-06 8.110880e-07 1.355935e-06 	 894
6.250000 	 5.508862e-07 -9.599893e-07 1.357048e-06 	 1.608002e-06 6.416288e-08 2.780906e-07 	 2.158889e-06 -8.958264e-07 1.635139e-06 	 882
6.750000 	 -6.640606e-07 6.289501e-07 8.001322e-07 	 -1.597389e-06 4.970714e-07 -3.459837e-07 	 -2.261449e-06 1.126022e-06 4.541486e-07 	 916
7.250000 	 3.932305e-07 3.913017e-06 1.239320e-06 	 1.624908e-06 -1.774182e-07 9.955987e-07 	 2.018139e-06 3.735599e-06 2.234918e-06 	 929
7.750000 	 -1.116709e-07 1.318353e-06 -8.601137e-07 	 8.588348e-07 -2.469296e-07 -3.827730e-07 	 7.471640e-07 1.071424e-06 -1.242887e-06 	 900
8.250000 	 -1.704630e-06 -3.107460e-06 -2.984659e-06 	 4.192446e-07 1.824304e-07 3.639060e-07 	 -1.285385e-06 -2.925030e-06 -2.620753e-06 	 911
8.750000 	 5.648392e-06 2.786167e-06 2.364499e-07 	 -2.536820e-06 -5.827843e-07 1.941974e-08 	 3.111572e-06 2.203383e-06 2.558697e-07 	 902
9.250000 	 -9.033815e-07 2.170951e-06 1.529416e-06 	 2.009194e-09 -1.062823e-07 -3.226205e-07 	 -9.013723e-07 2.064669e-06 1.206796e-06 	 903
9.750000 	 -1.639226e-06 1.656736e-06 -3.167481e-07 	 -1.246420e-06 7.113828e-08 6.850794e-07 	 -2.885645e-06 1.727874e-06 3.683313e-07 	 908
10.250000 	 8.058657e-09 -8.852526e-08 -1.576626e-06 	 4.027825e-06 3.688199e-08 -2.817361e-07 	 4.035883e-06 -5.164327e-08 -1.858363e-06 	 871
10.750000 	 3.989087e-07 1.845132e-06 1.252765e-07 	 -2.216573e-06 4.656011e-07 -6.271098e-07 	 -1.817664e-06 2.310733e-06 -5.018333e-07 	 898
11.250000 	 8.672702e-07 -1.800086e-06 1.129701e-07 	 -6.253133e-07 4.086543e-07 1.427719e-06 	 2.419569e-07 -1.391431e-06 1.540689e-06 	 559
11.750000 	 -2.295098e-05 7.468869e-06 6.008174e-06 	 -1.496212e-06 3.028618e-06 -2.466649e-06 	 -2.444719e-05 1.049749e-05 3.541525e-06 	 32
12.250000 	 0.000000e+00 0.000000e+00 0.000000e+00 	 0.000000e+00 0.000000e+00 0.000000e+00 	 0.000000e+00 0.000000e+00 0.000000e+00 	 0
12.750000 	 0.000000e+00 0.000000e+00 0.000000e+00 	 0.000000e+00 0.000000e+00 0.000000e+00 	 0.000000e+00 0.000000e+00 0.000000e+00 	 0
13.250000 	 0.000000e+00 0.000000e+00 0.000000e+00 	 0.000000e+00 0.000000e+00 0.000000e+00 	 0.000000e+00 0.000000e+00 0.000000e+00 	 0
13.750000 	 0.000000e+00 0.000000e+00 0.000000e+00 	 0.000000e+00 0.000000e+00 0.000000e+00 	 0.000000e+00 0.000000e+00 0.000000e+00 	 0
14.250000 	 0.000000e+00 0.000000e+00 0.000000e+00 	 0.000000e+00 0.000000e+00 0.000000e+00 	 0.000000e+00 0.000000e+00 0.000000e+00 	 0
14.750000 	 0.000000e+00 0.000000e+00 0.000000e+00 	 0.000000e+00 0.000000e+00 0.000000e+00 	 0.000000e+00 0.000000e+00 0.000000e+00 	 0
