# 1  2-4    5-7    8-10   11     
# x  dirEF  recEF  sumEF  #Sample
0.250000 	 0.000000e+00 0.000000e+00 0.000000e+00 	 0.000000e+00 0.000000e+00 0.000000e+00 	 0.000000e+00 0.000000e+00 0.000000e+00 	 0
0.750000 	 0.000000e+00 0.000000e+00 0.000000e+00 	 0.000000e+00 0.000000e+00 0.000000e+00 	 0.000000e+00 0.000000e+00 0.000000e+00 	 0
1.250000 	 0.000000e+00 0.000000e+00 0.000000e+00 	 0.000000e+00 0.000000e+00 0.000000e+00 	 0.000000e+00 0.000000e+00 0.000000e+00 	 0
1.750000 	 0.000000e+00 0.000000e+00 0.000000e+00 	 0.000000e+00 0.000000e+00 0.000000e+00 	 0.000000e+00 0.000000e+00 0.000000e+00 	 0
2.250000 	 0.000000e+00 0.000000e+00 0.000000e+00 	 0.000000e+00 0.000000e+00 0.000000e+00 	 0.000000e+00 0.000000e+00 0.000000e+00 	 0
2.750000 	 0.000000e+00 0.000000e+00 0.000000e+00 	 0.000000e+00 0.000000e+00 0.000000e+00 	 0.000000e+00 0.000000e+00 0.000000e+00 	 0
3.250000 	 -6.433239e-06 -1.055686e-05 1.027703e-05 	 8.370284e-07 3.320962e-07 3.217079e-06 	 -5.596211e-06 -1.022477e-05 1.349411e-05 	 47
3.750000 	 -2.435719e-06 -1.122945e-06 1.013358e-06 	 1.546947e-06 -6.045849e-07 1.402444e-06 	 -8.887720e-07 -1.727530e-06 2.415802e-06 	 560
4.250000 	 -4.251591e-07 3.398122e-07 1.261171e-06 	 -1.583725e-06 -8.103690e-07 -4.113731e-07 	 -2.008884e-06 -4.705568e-07 8.497983e-07 	 886
4.750000 	 -1.380231e-06 4.197570e-06 -3.615207e-07 	 2.976714e-06 1.440351e-06 -2.827118e-07 	 1.596484e-06 5.637921e-06 -6.442325e-07 	 910
5.250000 	 6.394986e-07 -1.284344e-06 -1.827261e-06 	 -1.710828e-06 1.806987e-09 -9.838304e-07 	 -1.071329e-06 -1.282537e-06 -2.811091e-06 	 892
5.750000 	 3.931842e-06 1.430619e-06 -2.036596e-06 	 -1.634064e-06 -5.072543e-07 7.878356e-08 	 2.297777e-06 9.233650e-07 -1.957813e-06 	 918
6.250000 	 -1.466764e-06 -2.787948e-07 -1.533464e-07 	 4.066427e-06 -9.216478e-07 -8.027739e-07 	 2.599663e-06 -1.200443e-06 -9.561203e-07 	 909
6.750000 	 7.910870e-07 -4.668726e-07 -3.071787e-06 	 -2.003753e-06 4.143513e-08 6.331292e-07 	 -1.212666e-06 -4.254375e-07 -2.438657e-06 	 910
7.250000 	 -2.941437e-06 2.876576e-06 -4.980591e-06 	 -1.918350e-06 -1.431382e-07 -7.313942e-07 	 -4.859787e-06 2.733438e-06 -5.711985e-06 	 895
7.750000 	 -2.459877e-06 9.111285e-07 1.555523e-06 	 2.033285e-06 7.888865e-07 1.789665e-06 	 -4.265925e-07 1.700015e-06 3.345188e-06 	 916
8.250000 	 2.426501e-06 3.688658e-06 4.619327e-06 	 -5.784429e-07 4.708166e-07 -4.107910e-07 	 1.848058e-06 4.159474e-06 4.208536e-06 	 894
8.750000 	 1.500894e-06 -1.443126e-06 -3.239799e-06 	 6.946795e-07 1.464979e-07 7.588167e-07 	 2.195573e-06 -1.296628e-06 -2.480982e-06 	 904
9.250000 	 6.866158e-07 3.128811e-06 1.947977e-06 	 1.981843e-07 4.167109e-07 -7.073793e-08 	 8.848001e-07 3.545522e-06 1.877239e-06 	 905
9.750000 	 -5.955945e-06 2.561039e-06 -1.062917e-06 	 2.313283e-06 -9.879093e-07 -4.242025e-07 	 -3.642663e-06 1.573130e-06 -1.487119e-06 	 904
10.250000 	 -2.744005e-07 3.388818e-06 3.100699e-06 	 -2.242663e-07 5.918968e-07 8.775994e-07 	 -4.986669e-07 3.980715e-06 3.978298e-06 	 891
10.750000 	 -2.151891e-06 2.064549e-06 -1.312779e-06 	 6.873872e-08 -3.334579e-07 -4.016685e-07 	 -2.083153e-06 1.731091e-06 -1.714447e-06 	 881
11.250000 	 4.933432e-06 -4.689920e-06 -3.123143e-06 	 -1.082712e-06 -1.207385e-06 -2.086616e-07 	 3.850720e-06 -5.897305e-06 -3.331805e-06 	 571
11.750000 	 4.726205e-06 -4.559535e-06 4.159456e-06 	 7.653056e-06 -6.006032e-07 -1.809989e-06 	 1.237926e-05 -5.160138e-06 2.349466e-06 	 31
12.250000 	 0.000000e+00 0.000000e+00 0.000000e+00 	 0.000000e+00 0.000000e+00 0.000000e+00 	 0.000000e+00 0.000000e+00 0.000000e+00 	 0
12.750000 	 0.000000e+00 0.000000e+00 0.000000e+00 	 0.000000e+00 0.000000e+00 0.000000e+00 	 0.000000e+00 0.000000e+00 0.000000e+00 	 0
13.250000 	 0.000000e+00 0.000000e+00 0.000000e+00 	 0.000000e+00 0.000000e+00 0.000000e+00 	 0.000000e+00 0.000000e+00 0.000000e+00 	 0
13.750000 	 0.000000e+00 0.000000e+00 0.000000e+00 	 0.000000e+00 0.000000e+00 0.000000e+00 	 0.000000e+00 0.000000e+00 0.000000e+00 	 0
14.250000 	 0.000000e+00 0.000000e+00 0.000000e+00 	 0.000000e+00 0.000000e+00 0.000000e+00 	 0.000000e+00 0.000000e+00 0.000000e+00 	 0
14.750000 	 0.000000e+00 0.000000e+00 0.000000e+00 	 0.000000e+00 0.000000e+00 0.000000e+00 	 0.000000e+00 0.000000e+00 0.000000e+00 	 0
