# 1  2-4    5-7    8-10   11     
# x  dirEF  recEF  sumEF  #Sample
0.250000 	 0.000000e+00 0.000000e+00 0.000000e+00 	 0.000000e+00 0.000000e+00 0.000000e+00 	 0.000000e+00 0.000000e+00 0.000000e+00 	 0
0.750000 	 0.000000e+00 0.000000e+00 0.000000e+00 	 0.000000e+00 0.000000e+00 0.000000e+00 	 0.000000e+00 0.000000e+00 0.000000e+00 	 0
1.250000 	 0.000000e+00 0.000000e+00 0.000000e+00 	 0.000000e+00 0.000000e+00 0.000000e+00 	 0.000000e+00 0.000000e+00 0.000000e+00 	 0
1.750000 	 0.000000e+00 0.000000e+00 0.000000e+00 	 0.000000e+00 0.000000e+00 0.000000e+00 	 0.000000e+00 0.000000e+00 0.000000e+00 	 0
2.250000 	 0.000000e+00 0.000000e+00 0.000000e+00 	 0.000000e+00 0.000000e+00 0.000000e+00 	 0.000000e+00 0.000000e+00 0.000000e+00 	 0
2.750000 	 0.000000e+00 0.000000e+00 0.000000e+00 	 0.000000e+00 0.000000e+00 0.000000e+00 	 0.000000e+00 0.000000e+00 0.000000e+00 	 0
3.250000 	 4.921454e-06 6.771177e-06 -4.324999e-06 	 -3.331074e-06 -4.214625e-07 1.020975e-06 	 1.590380e-06 6.349714e-06 -3.304023e-06 	 36
3.750000 	 1.302724e-06 8.527379e-07 8.262805e-07 	 4.368342e-06 7.829131e-08 8.221672e-07 	 5.671067e-06 9.310292e-07 1.648448e-06 	 569
4.250000 	 2.613282e-07 -2.080386e-06 -3.801548e-06 	 -3.813326e-06 4.317711e-07 -6.673877e-07 	 -3.551997e-06 -1.648615e-06 -4.468936e-06 	 872
4.750000 	 -2.828671e-06 -1.741381e-06 3.532855e-06 	 3.326648e-06 -1.962796e-06 -7.898136e-07 	 4.979775e-07 -3.704177e-06 2.743042e-06 	 900
5.250000 	 2.136471e-06 2.167121e-07 2.015871e-06 	 -7.463185e-07 3.464927e-07 1.762348e-07 	 1.390153e-06 5.632048e-07 2.192105e-06 	 917
5.750000 	 2.234101e-06 -2.010984e-06 -1.177977e-06 	 1.234929e-06 -7.972783e-07 -1.802121e-07 	 3.469030e-06 -2.808263e-06 -1.358189e-06 	 898
6.250000 	 -1.330735e-06 6.819571e-07 2.884409e-06 	 1.540824e-07 1.191873e-07 2.258634e-07 	 -1.176653e-06 8.011444e-07 3.110273e-06 	 914
6.750000 	 -1.858623e-06 5.658557e-07 -1.038674e-06 	 -2.933626e-06 9.301703e-08 -1.034613e-06 	 -4.792249e-06 6.588727e-07 -2.073288e-06 	 904
7.250000 	 1.445300e-06 -1.196655e-06 1.291748e-06 	 5.837365e-06 -2.584495e-07 -6.272466e-07 	 7.282665e-06 -1.455104e-06 6.645013e-07 	 909
7.750000 	 -4.614581e-06 1.706059e-06 2.199800e-06 	 -2.397597e-06 -2.053940e-07 1.436960e-06 	 -7.012177e-06 1.500665e-06 3.636761e-06 	 919
8.250000 	 -1.612119e-07 6.743681e-07 -1.015334e-06 	 -1.469235e-06 -2.627325e-07 -6.445086e-07 	 -1.630447e-06 4.116355e-07 -1.659842e-06 	 909
8.750000 	 -5.287334e-07 4.050272e-06 -4.361865e-06 	 2.856406e-06 8.670981e-07 2.258645e-07 	 2.327673e-06 4.917370e-06 -4.136001e-06 	 905
9.250000 	 -7.131868e-07 -3.182435e-06 -6.980294e-07 	 -3.668797e-07 2.776272e-07 1.801498e-07 	 -1.080067e-06 -2.904807e-06 -5.178796e-07 	 920
9.750000 	 1.074871e-06 4.443249e-07 9.887939e-07 	 -4.916882e-07 -9.436313e-07 -5.774183e-07 	 5.831825e-07 -4.993063e-07 4.113755e-07 	 895
10.250000 	 1.531862e-06 -1.624794e-06 9.634732e-07 	 1.646333e-06 -1.939723e-07 -7.409229e-08 	 3.178195e-06 -1.818767e-06 8.893809e-07 	 914
10.750000 	 -2.594201e-06 9.132738e-07 1.335277e-06 	 -3.383852e-06 4.690948e-07 4.419768e-07 	 -5.978053e-06 1.382369e-06 1.777254e-06 	 889
11.250000 	 1.629332e-06 7.812690e-08 -3.520043e-06 	 -3.922914e-08 6.522777e-07 1.877145e-06 	 1.590103e-06 7.304046e-07 -1.642898e-06 	 516
11.750000 	 1.518789e-05 1.164758e-06 1.073668e-05 	 -4.513918e-06 2.921835e-06 -1.048518e-06 	 1.067397e-05 4.086594e-06 9.688163e-06 	 38
12.250000 	 0.000000e+00 0.000000e+00 0.000000e+00 	 0.000000e+00 0.000000e+00 0.000000e+00 	 0.000000e+00 0.000000e+00 0.000000e+00 	 0
12.750000 	 0.000000e+00 0.000000e+00 0.000000e+00 	 0.000000e+00 0.000000e+00 0.000000e+00 	 0.000000e+00 0.000000e+00 0.000000e+00 	 0
13.250000 	 0.000000e+00 0.000000e+00 0.000000e+00 	 0.000000e+00 0.000000e+00 0.000000e+00 	 0.000000e+00 0.000000e+00 0.000000e+00 	 0
13.750000 	 0.000000e+00 0.000000e+00 0.000000e+00 	 0.000000e+00 0.000000e+00 0.000000e+00 	 0.000000e+00 0.000000e+00 0.000000e+00 	 0
14.250000 	 0.000000e+00 0.000000e+00 0.000000e+00 	 0.000000e+00 0.000000e+00 0.000000e+00 	 0.000000e+00 0.000000e+00 0.000000e+00 	 0
14.750000 	 0.000000e+00 0.000000e+00 0.000000e+00 	 0.000000e+00 0.000000e+00 0.000000e+00 	 0.000000e+00 0.000000e+00 0.000000e+00 	 0
