# 1  2-4    5-7    8-10   11     
# x  dirEF  recEF  sumEF  #Sample
0.250000 	 0.000000e+00 0.000000e+00 0.000000e+00 	 0.000000e+00 0.000000e+00 0.000000e+00 	 0.000000e+00 0.000000e+00 0.000000e+00 	 0
0.750000 	 0.000000e+00 0.000000e+00 0.000000e+00 	 0.000000e+00 0.000000e+00 0.000000e+00 	 0.000000e+00 0.000000e+00 0.000000e+00 	 0
1.250000 	 0.000000e+00 0.000000e+00 0.000000e+00 	 0.000000e+00 0.000000e+00 0.000000e+00 	 0.000000e+00 0.000000e+00 0.000000e+00 	 0
1.750000 	 0.000000e+00 0.000000e+00 0.000000e+00 	 0.000000e+00 0.000000e+00 0.000000e+00 	 0.000000e+00 0.000000e+00 0.000000e+00 	 0
2.250000 	 0.000000e+00 0.000000e+00 0.000000e+00 	 0.000000e+00 0.000000e+00 0.000000e+00 	 0.000000e+00 0.000000e+00 0.000000e+00 	 0
2.750000 	 0.000000e+00 0.000000e+00 0.000000e+00 	 0.000000e+00 0.000000e+00 0.000000e+00 	 0.000000e+00 0.000000e+00 0.000000e+00 	 0
3.250000 	 -6.966831e-06 7.924863e-06 9.311768e-06 	 7.295182e-06 -2.410336e-06 -1.042223e-06 	 3.283512e-07 5.514527e-06 8.269545e-06 	 28
3.750000 	 -1.830955e-06 -2.612442e-06 -2.778859e-06 	 -1.367824e-06 8.707814e-07 8.447384e-07 	 -3.198779e-06 -1.741661e-06 -1.934121e-06 	 549
4.250000 	 5.089468e-07 -2.213960e-06 -3.578900e-06 	 2.117201e-06 4.120936e-07 2.681158e-08 	 2.626148e-06 -1.801866e-06 -3.552088e-06 	 905
4.750000 	 1.008256e-06 2.044631e-07 1.808504e-07 	 -3.286332e-06 -1.997158e-07 -2.607038e-08 	 -2.278076e-06 4.747282e-09 1.547800e-07 	 927
5.250000 	 -1.717724e-06 -1.479623e-06 5.235094e-06 	 -9.244427e-07 6.190987e-07 8.242560e-07 	 -2.642167e-06 -8.605245e-07 6.059349e-06 	 890
5.750000 	 1.307986e-06 -6.931775e-07 -2.464636e-06 	 1.095528e-06 -4.720934e-07 -1.063041e-06 	 2.403514e-06 -1.165271e-06 -3.527677e-06 	 915
6.250000 	 3.811305e-06 -1.406494e-06 2.124324e-06 	 -1.864949e-08 -5.846849e-08 -1.854828e-07 	 3.792655e-06 -1.464962e-06 1.938841e-06 	 916
6.750000 	 -2.082162e-06 -5.513477e-07 1.061359e-08 	 2.717579e-06 -7.149468e-07 -6.507951e-07 	 6.354167e-07 -1.266294e-06 -6.401815e-07 	 911
7.250000 	 -3.899876e-06 -3.201206e-06 -1.719712e-06 	 -1.631290e-06 1.803341e-06 -7.711778e-07 	 -5.531166e-06 -1.397865e-06 -2.490890e-06 	 911
7.750000 	 4.137591e-06 2.275116e-06 -2.200601e-06 	 3.366869e-07 -1.584581e-07 1.050431e-06 	 4.474278e-06 2.116658e-06 -1.150170e-06 	 902
8.250000 	 5.684522e-06 -2.553140e-07 -2.676855e-08 	 1.023073e-06 1.622902e-07 3.371416e-07 	 6.707595e-06 -9.302378e-08 3.103730e-07 	 889
8.750000 	 -3.865712e-07 -3.706249e-06 2.360106e-06 	 -3.781186e-06 -6.880434e-07 1.934621e-08 	 -4.167757e-06 -4.394292e-06 2.379452e-06 	 914
9.250000 	 -5.653305e-06 2.714953e-06 -2.379310e-06 	 3.992561e-06 -2.480051e-07 6.861782e-07 	 -1.660744e-06 2.466948e-06 -1.693132e-06 	 887
9.750000 	 -2.550485e-06 2.287544e-06 -4.029076e-07 	 -3.881862e-06 -9.678548e-07 -1.138697e-06 	 -6.432347e-06 1.319689e-06 -1.541605e-06 	 906
10.250000 	 1.245483e-06 -7.779126e-07 1.903277e-06 	 1.327084e-06 -1.076767e-06 1.860848e-06 	 2.572567e-06 -1.854679e-06 3.764125e-06 	 904
10.750000 	 1.776032e-06 8.948469e-07 -2.278486e-06 	 -7.307606e-07 -3.397827e-07 -2.205006e-07 	 1.045271e-06 5.550641e-07 -2.498987e-06 	 896
11.250000 	 1.170535e-06 -1.740647e-06 3.030588e-06 	 1.062880e-06 -6.362843e-07 5.934322e-07 	 2.233415e-06 -2.376931e-06 3.624020e-06 	 551
11.750000 	 1.611863e-05 -9.499352e-06 -4.022608e-06 	 1.155897e-07 -5.378703e-07 2.520803e-06 	 1.623422e-05 -1.003722e-05 -1.501805e-06 	 23
12.250000 	 0.000000e+00 0.000000e+00 0.000000e+00 	 0.000000e+00 0.000000e+00 0.000000e+00 	 0.000000e+00 0.000000e+00 0.000000e+00 	 0
12.750000 	 0.000000e+00 0.000000e+00 0.000000e+00 	 0.000000e+00 0.000000e+00 0.000000e+00 	 0.000000e+00 0.000000e+00 0.000000e+00 	 0
13.250000 	 0.000000e+00 0.000000e+00 0.000000e+00 	 0.000000e+00 0.000000e+00 0.000000e+00 	 0.000000e+00 0.000000e+00 0.000000e+00 	 0
13.750000 	 0.000000e+00 0.000000e+00 0.000000e+00 	 0.000000e+00 0.000000e+00 0.000000e+00 	 0.000000e+00 0.000000e+00 0.000000e+00 	 0
14.250000 	 0.000000e+00 0.000000e+00 0.000000e+00 	 0.000000e+00 0.000000e+00 0.000000e+00 	 0.000000e+00 0.000000e+00 0.000000e+00 	 0
14.750000 	 0.000000e+00 0.000000e+00 0.000000e+00 	 0.000000e+00 0.000000e+00 0.000000e+00 	 0.000000e+00 0.000000e+00 0.000000e+00 	 0
