# 1  2-4    5-7    8-10   11     
# x  dirEF  recEF  sumEF  #Sample
0.250000 	 0.000000e+00 0.000000e+00 0.000000e+00 	 0.000000e+00 0.000000e+00 0.000000e+00 	 0.000000e+00 0.000000e+00 0.000000e+00 	 0
0.750000 	 0.000000e+00 0.000000e+00 0.000000e+00 	 0.000000e+00 0.000000e+00 0.000000e+00 	 0.000000e+00 0.000000e+00 0.000000e+00 	 0
1.250000 	 0.000000e+00 0.000000e+00 0.000000e+00 	 0.000000e+00 0.000000e+00 0.000000e+00 	 0.000000e+00 0.000000e+00 0.000000e+00 	 0
1.750000 	 0.000000e+00 0.000000e+00 0.000000e+00 	 0.000000e+00 0.000000e+00 0.000000e+00 	 0.000000e+00 0.000000e+00 0.000000e+00 	 0
2.250000 	 0.000000e+00 0.000000e+00 0.000000e+00 	 0.000000e+00 0.000000e+00 0.000000e+00 	 0.000000e+00 0.000000e+00 0.000000e+00 	 0
2.750000 	 0.000000e+00 0.000000e+00 0.000000e+00 	 0.000000e+00 0.000000e+00 0.000000e+00 	 0.000000e+00 0.000000e+00 0.000000e+00 	 0
3.250000 	 -8.957556e-06 -2.371338e-06 1.979898e-06 	 -8.328880e-07 1.381319e-06 -2.639724e-07 	 -9.790444e-06 -9.900191e-07 1.715925e-06 	 59
3.750000 	 5.561677e-07 2.340140e-06 3.751898e-06 	 6.368412e-07 -1.073799e-07 -1.058459e-07 	 1.193009e-06 2.232760e-06 3.646052e-06 	 539
4.250000 	 -3.641720e-06 -1.756158e-06 2.551605e-06 	 4.774754e-07 -1.534447e-07 9.951445e-08 	 -3.164245e-06 -1.909603e-06 2.651120e-06 	 902
4.750000 	 -9.359698e-07 7.894970e-07 2.412206e-06 	 -2.332539e-07 3.765907e-08 -3.508981e-08 	 -1.169224e-06 8.271561e-07 2.377116e-06 	 890
5.250000 	 4.741729e-07 8.853191e-07 -6.750294e-06 	 -1.088906e-07 -1.088851e-07 -7.399448e-08 	 3.652823e-07 7.764340e-07 -6.824288e-06 	 912
5.750000 	 1.071833e-06 -8.399372e-07 -4.304784e-06 	 -1.716802e-07 -5.890999e-08 -1.180314e-07 	 9.001529e-07 -8.988472e-07 -4.422815e-06 	 899
6.250000 	 -1.652767e-06 7.561571e-07 1.478827e-06 	 2.642138e-08 1.552273e-08 8.442452e-08 	 -1.626346e-06 7.716799e-07 1.563251e-06 	 904
6.750000 	 -1.176267e-06 -9.501112e-07 1.239889e-06 	 -2.612661e-08 1.513030e-07 -8.096830e-08 	 -1.202393e-06 -7.988082e-07 1.158920e-06 	 914
7.250000 	 2.255102e-07 -1.676121e-06 -4.046039e-07 	 2.220981e-07 4.855051e-08 4.376274e-08 	 4.476083e-07 -1.627571e-06 -3.608412e-07 	 899
7.750000 	 2.482403e-06 2.640576e-07 -3.218692e-06 	 -1.981135e-07 1.103680e-07 -7.187698e-08 	 2.284289e-06 3.744256e-07 -3.290569e-06 	 911
8.250000 	 -3.055536e-06 2.899638e-06 1.867145e-06 	 -3.459033e-07 -1.387307e-07 -1.736963e-08 	 -3.401439e-06 2.760908e-06 1.849775e-06 	 912
8.750000 	 9.196648e-08 -2.858655e-07 2.941461e-06 	 -7.510845e-08 2.024948e-07 3.579814e-08 	 1.685804e-08 -8.337063e-08 2.977259e-06 	 906
9.250000 	 -8.829422e-07 -1.244856e-07 -2.093409e-06 	 5.930189e-07 -2.219055e-09 -1.126827e-07 	 -2.899233e-07 -1.267046e-07 -2.206092e-06 	 897
9.750000 	 1.896794e-07 6.647466e-07 2.476184e-06 	 -2.916470e-07 1.112364e-07 -4.471322e-08 	 -1.019676e-07 7.759831e-07 2.431470e-06 	 928
10.250000 	 8.171545e-07 6.626789e-07 3.855166e-07 	 2.419974e-07 2.010242e-09 -4.301713e-08 	 1.059152e-06 6.646891e-07 3.424994e-07 	 884
10.750000 	 -1.844481e-06 1.096951e-06 -2.095793e-06 	 -5.053193e-07 -6.190008e-08 3.551007e-08 	 -2.349801e-06 1.035050e-06 -2.060283e-06 	 901
11.250000 	 3.404864e-07 -4.996648e-07 -3.052084e-06 	 -1.232329e-07 -1.252907e-08 -1.022330e-08 	 2.172535e-07 -5.121939e-07 -3.062308e-06 	 521
11.750000 	 -6.874336e-06 -6.525996e-06 -9.099241e-07 	 1.277866e-06 6.921133e-07 -3.408388e-07 	 -5.596471e-06 -5.833883e-06 -1.250763e-06 	 46
12.250000 	 0.000000e+00 0.000000e+00 0.000000e+00 	 0.000000e+00 0.000000e+00 0.000000e+00 	 0.000000e+00 0.000000e+00 0.000000e+00 	 0
12.750000 	 0.000000e+00 0.000000e+00 0.000000e+00 	 0.000000e+00 0.000000e+00 0.000000e+00 	 0.000000e+00 0.000000e+00 0.000000e+00 	 0
13.250000 	 0.000000e+00 0.000000e+00 0.000000e+00 	 0.000000e+00 0.000000e+00 0.000000e+00 	 0.000000e+00 0.000000e+00 0.000000e+00 	 0
13.750000 	 0.000000e+00 0.000000e+00 0.000000e+00 	 0.000000e+00 0.000000e+00 0.000000e+00 	 0.000000e+00 0.000000e+00 0.000000e+00 	 0
14.250000 	 0.000000e+00 0.000000e+00 0.000000e+00 	 0.000000e+00 0.000000e+00 0.000000e+00 	 0.000000e+00 0.000000e+00 0.000000e+00 	 0
14.750000 	 0.000000e+00 0.000000e+00 0.000000e+00 	 0.000000e+00 0.000000e+00 0.000000e+00 	 0.000000e+00 0.000000e+00 0.000000e+00 	 0
