# 1  2-4    5-7    8-10   11     
# x  dirEF  recEF  sumEF  #Sample
0.250000 	 0.000000e+00 0.000000e+00 0.000000e+00 	 0.000000e+00 0.000000e+00 0.000000e+00 	 0.000000e+00 0.000000e+00 0.000000e+00 	 0
0.750000 	 0.000000e+00 0.000000e+00 0.000000e+00 	 0.000000e+00 0.000000e+00 0.000000e+00 	 0.000000e+00 0.000000e+00 0.000000e+00 	 0
1.250000 	 0.000000e+00 0.000000e+00 0.000000e+00 	 0.000000e+00 0.000000e+00 0.000000e+00 	 0.000000e+00 0.000000e+00 0.000000e+00 	 0
1.750000 	 0.000000e+00 0.000000e+00 0.000000e+00 	 0.000000e+00 0.000000e+00 0.000000e+00 	 0.000000e+00 0.000000e+00 0.000000e+00 	 0
2.250000 	 0.000000e+00 0.000000e+00 0.000000e+00 	 0.000000e+00 0.000000e+00 0.000000e+00 	 0.000000e+00 0.000000e+00 0.000000e+00 	 0
2.750000 	 0.000000e+00 0.000000e+00 0.000000e+00 	 0.000000e+00 0.000000e+00 0.000000e+00 	 0.000000e+00 0.000000e+00 0.000000e+00 	 0
3.250000 	 -8.957556e-06 -2.371338e-06 1.979898e-06 	 3.426422e-06 2.978872e-07 -2.281766e-06 	 -5.531134e-06 -2.073451e-06 -3.018681e-07 	 59
3.750000 	 5.561677e-07 2.340140e-06 3.751898e-06 	 -1.898605e-08 -5.823274e-07 5.698020e-07 	 5.371817e-07 1.757812e-06 4.321700e-06 	 539
4.250000 	 -3.641720e-06 -1.756158e-06 2.551605e-06 	 1.680575e-06 -5.652728e-07 1.440145e-07 	 -1.961146e-06 -2.321431e-06 2.695620e-06 	 902
4.750000 	 -9.359698e-07 7.894970e-07 2.412206e-06 	 -2.115924e-06 -3.850920e-07 1.736342e-08 	 -3.051894e-06 4.044050e-07 2.429570e-06 	 890
5.250000 	 4.741729e-07 8.853191e-07 -6.750294e-06 	 8.255652e-07 8.002695e-08 -4.163682e-07 	 1.299738e-06 9.653461e-07 -7.166662e-06 	 912
5.750000 	 1.071833e-06 -8.399372e-07 -4.304784e-06 	 -5.657285e-07 -7.703522e-07 6.512319e-07 	 5.061046e-07 -1.610289e-06 -3.653552e-06 	 899
6.250000 	 -1.652767e-06 7.561571e-07 1.478827e-06 	 -1.672445e-06 -2.883578e-07 -6.974448e-07 	 -3.325212e-06 4.677993e-07 7.813819e-07 	 904
6.750000 	 -1.176267e-06 -9.501112e-07 1.239889e-06 	 2.653921e-06 4.585880e-07 -5.783730e-07 	 1.477654e-06 -4.915231e-07 6.615157e-07 	 914
7.250000 	 2.255102e-07 -1.676121e-06 -4.046039e-07 	 -1.615496e-07 9.548525e-07 3.739680e-07 	 6.396054e-08 -7.212687e-07 -3.063588e-08 	 899
7.750000 	 2.482403e-06 2.640576e-07 -3.218692e-06 	 7.313716e-07 2.438236e-08 1.430528e-07 	 3.213775e-06 2.884399e-07 -3.075639e-06 	 911
8.250000 	 -3.055536e-06 2.899638e-06 1.867145e-06 	 -1.986395e-06 4.684435e-07 -9.572196e-07 	 -5.041931e-06 3.368082e-06 9.099250e-07 	 912
8.750000 	 9.196648e-08 -2.858655e-07 2.941461e-06 	 2.409182e-08 3.026430e-08 6.050793e-08 	 1.160583e-07 -2.556012e-07 3.001969e-06 	 906
9.250000 	 -8.829422e-07 -1.244856e-07 -2.093409e-06 	 -1.374610e-06 -2.605266e-07 -1.246664e-07 	 -2.257552e-06 -3.850122e-07 -2.218075e-06 	 897
9.750000 	 1.896794e-07 6.647466e-07 2.476184e-06 	 3.236144e-07 -1.141359e-08 -1.518971e-07 	 5.132938e-07 6.533330e-07 2.324287e-06 	 928
10.250000 	 8.171545e-07 6.626789e-07 3.855166e-07 	 2.391647e-06 5.675666e-07 -6.142848e-09 	 3.208801e-06 1.230246e-06 3.793737e-07 	 884
10.750000 	 -1.844481e-06 1.096951e-06 -2.095793e-06 	 -1.520234e-06 -2.050945e-07 -9.883701e-07 	 -3.364716e-06 8.918560e-07 -3.084163e-06 	 901
11.250000 	 3.404864e-07 -4.996648e-07 -3.052084e-06 	 5.860926e-07 -4.171795e-07 1.174404e-06 	 9.265790e-07 -9.168443e-07 -1.877680e-06 	 521
11.750000 	 -6.874336e-06 -6.525996e-06 -9.099241e-07 	 3.218572e-07 2.916677e-06 -6.806076e-07 	 -6.552479e-06 -3.609319e-06 -1.590532e-06 	 46
12.250000 	 0.000000e+00 0.000000e+00 0.000000e+00 	 0.000000e+00 0.000000e+00 0.000000e+00 	 0.000000e+00 0.000000e+00 0.000000e+00 	 0
12.750000 	 0.000000e+00 0.000000e+00 0.000000e+00 	 0.000000e+00 0.000000e+00 0.000000e+00 	 0.000000e+00 0.000000e+00 0.000000e+00 	 0
13.250000 	 0.000000e+00 0.000000e+00 0.000000e+00 	 0.000000e+00 0.000000e+00 0.000000e+00 	 0.000000e+00 0.000000e+00 0.000000e+00 	 0
13.750000 	 0.000000e+00 0.000000e+00 0.000000e+00 	 0.000000e+00 0.000000e+00 0.000000e+00 	 0.000000e+00 0.000000e+00 0.000000e+00 	 0
14.250000 	 0.000000e+00 0.000000e+00 0.000000e+00 	 0.000000e+00 0.000000e+00 0.000000e+00 	 0.000000e+00 0.000000e+00 0.000000e+00 	 0
14.750000 	 0.000000e+00 0.000000e+00 0.000000e+00 	 0.000000e+00 0.000000e+00 0.000000e+00 	 0.000000e+00 0.000000e+00 0.000000e+00 	 0
