# 1  2-4    5-7    8-10   11     
# x  dirEF  recEF  sumEF  #Sample
0.250000 	 0.000000e+00 0.000000e+00 0.000000e+00 	 0.000000e+00 0.000000e+00 0.000000e+00 	 0.000000e+00 0.000000e+00 0.000000e+00 	 0
0.750000 	 0.000000e+00 0.000000e+00 0.000000e+00 	 0.000000e+00 0.000000e+00 0.000000e+00 	 0.000000e+00 0.000000e+00 0.000000e+00 	 0
1.250000 	 0.000000e+00 0.000000e+00 0.000000e+00 	 0.000000e+00 0.000000e+00 0.000000e+00 	 0.000000e+00 0.000000e+00 0.000000e+00 	 0
1.750000 	 0.000000e+00 0.000000e+00 0.000000e+00 	 0.000000e+00 0.000000e+00 0.000000e+00 	 0.000000e+00 0.000000e+00 0.000000e+00 	 0
2.250000 	 0.000000e+00 0.000000e+00 0.000000e+00 	 0.000000e+00 0.000000e+00 0.000000e+00 	 0.000000e+00 0.000000e+00 0.000000e+00 	 0
2.750000 	 0.000000e+00 0.000000e+00 0.000000e+00 	 0.000000e+00 0.000000e+00 0.000000e+00 	 0.000000e+00 0.000000e+00 0.000000e+00 	 0
3.250000 	 -1.627688e-05 -5.796395e-07 2.505023e-06 	 9.965131e-06 4.564669e-06 -1.215486e-05 	 -6.311752e-06 3.985030e-06 -9.649837e-06 	 21
3.750000 	 -2.380156e-07 -2.227149e-06 -1.748708e-06 	 9.199681e-07 -8.969763e-07 -1.145093e-06 	 6.819526e-07 -3.124125e-06 -2.893801e-06 	 597
4.250000 	 -3.534796e-06 7.806374e-07 2.264363e-06 	 1.077025e-06 -1.330681e-07 7.527455e-08 	 -2.457771e-06 6.475694e-07 2.339638e-06 	 882
4.750000 	 -2.220090e-06 -4.109359e-07 -1.654092e-06 	 2.475365e-06 -5.099725e-07 5.032410e-07 	 2.552752e-07 -9.209084e-07 -1.150851e-06 	 897
5.250000 	 1.183534e-06 2.109534e-06 -2.272108e-07 	 3.512416e-07 -5.841841e-07 3.002733e-06 	 1.534775e-06 1.525350e-06 2.775522e-06 	 902
5.750000 	 1.185174e-06 -4.464626e-06 -1.144919e-06 	 -1.251915e-07 -7.938526e-08 -2.207619e-07 	 1.059982e-06 -4.544012e-06 -1.365681e-06 	 906
6.250000 	 5.023390e-07 1.012363e-06 -2.460018e-07 	 -1.613361e-06 -2.943411e-06 1.280529e-06 	 -1.111022e-06 -1.931048e-06 1.034527e-06 	 913
6.750000 	 -1.304845e-06 5.870091e-07 -8.495500e-07 	 -1.708450e-06 -2.468478e-06 -1.903988e-07 	 -3.013295e-06 -1.881469e-06 -1.039949e-06 	 910
7.250000 	 -1.987848e-06 -1.224677e-06 1.146207e-06 	 -1.715788e-06 -7.437938e-06 -9.547406e-08 	 -3.703636e-06 -8.662616e-06 1.050733e-06 	 897
7.750000 	 1.774221e-06 2.653429e-06 2.526567e-06 	 5.273692e-07 -4.658987e-07 9.199951e-08 	 2.301590e-06 2.187530e-06 2.618566e-06 	 892
8.250000 	 1.526263e-06 9.538885e-07 -1.449108e-06 	 -5.627463e-07 9.023466e-07 -1.571657e-06 	 9.635166e-07 1.856235e-06 -3.020765e-06 	 924
8.750000 	 -2.396460e-06 -4.118004e-07 7.800378e-07 	 5.576769e-06 -1.857606e-08 1.745007e-06 	 3.180309e-06 -4.303764e-07 2.525045e-06 	 889
9.250000 	 -3.242679e-06 -3.720279e-06 -1.534370e-06 	 6.173703e-07 -6.380058e-07 -2.480262e-06 	 -2.625308e-06 -4.358285e-06 -4.014632e-06 	 922
9.750000 	 -1.808139e-06 2.788673e-06 1.401952e-06 	 -1.266560e-06 -2.396646e-06 9.687663e-07 	 -3.074699e-06 3.920268e-07 2.370718e-06 	 904
10.250000 	 2.783589e-06 -1.366706e-06 2.353793e-06 	 2.179561e-06 -3.442144e-07 -5.656966e-07 	 4.963151e-06 -1.710921e-06 1.788097e-06 	 898
10.750000 	 6.197410e-07 1.511072e-06 1.474704e-06 	 -1.711269e-06 1.008366e-07 9.214748e-07 	 -1.091528e-06 1.611909e-06 2.396178e-06 	 898
11.250000 	 -3.799459e-06 8.012126e-07 -1.284675e-06 	 -5.470468e-07 8.476748e-07 -4.014194e-07 	 -4.346506e-06 1.648887e-06 -1.686094e-06 	 561
11.750000 	 2.905669e-06 -3.360462e-06 1.234036e-05 	 1.626840e-05 -7.684354e-06 8.661241e-06 	 1.917407e-05 -1.104482e-05 2.100160e-05 	 11
12.250000 	 0.000000e+00 0.000000e+00 0.000000e+00 	 0.000000e+00 0.000000e+00 0.000000e+00 	 0.000000e+00 0.000000e+00 0.000000e+00 	 0
12.750000 	 0.000000e+00 0.000000e+00 0.000000e+00 	 0.000000e+00 0.000000e+00 0.000000e+00 	 0.000000e+00 0.000000e+00 0.000000e+00 	 0
13.250000 	 0.000000e+00 0.000000e+00 0.000000e+00 	 0.000000e+00 0.000000e+00 0.000000e+00 	 0.000000e+00 0.000000e+00 0.000000e+00 	 0
13.750000 	 0.000000e+00 0.000000e+00 0.000000e+00 	 0.000000e+00 0.000000e+00 0.000000e+00 	 0.000000e+00 0.000000e+00 0.000000e+00 	 0
14.250000 	 0.000000e+00 0.000000e+00 0.000000e+00 	 0.000000e+00 0.000000e+00 0.000000e+00 	 0.000000e+00 0.000000e+00 0.000000e+00 	 0
14.750000 	 0.000000e+00 0.000000e+00 0.000000e+00 	 0.000000e+00 0.000000e+00 0.000000e+00 	 0.000000e+00 0.000000e+00 0.000000e+00 	 0
