# 1  2-4    5-7    8-10   11     
# x  dirEF  recEF  sumEF  #Sample
0.250000 	 0.000000e+00 0.000000e+00 0.000000e+00 	 0.000000e+00 0.000000e+00 0.000000e+00 	 0.000000e+00 0.000000e+00 0.000000e+00 	 0
0.750000 	 0.000000e+00 0.000000e+00 0.000000e+00 	 0.000000e+00 0.000000e+00 0.000000e+00 	 0.000000e+00 0.000000e+00 0.000000e+00 	 0
1.250000 	 0.000000e+00 0.000000e+00 0.000000e+00 	 0.000000e+00 0.000000e+00 0.000000e+00 	 0.000000e+00 0.000000e+00 0.000000e+00 	 0
1.750000 	 0.000000e+00 0.000000e+00 0.000000e+00 	 0.000000e+00 0.000000e+00 0.000000e+00 	 0.000000e+00 0.000000e+00 0.000000e+00 	 0
2.250000 	 0.000000e+00 0.000000e+00 0.000000e+00 	 0.000000e+00 0.000000e+00 0.000000e+00 	 0.000000e+00 0.000000e+00 0.000000e+00 	 0
2.750000 	 0.000000e+00 0.000000e+00 0.000000e+00 	 0.000000e+00 0.000000e+00 0.000000e+00 	 0.000000e+00 0.000000e+00 0.000000e+00 	 0
3.250000 	 -6.433239e-06 -1.055686e-05 1.027703e-05 	 2.817321e-07 -1.068658e-06 1.818811e-06 	 -6.151507e-06 -1.162552e-05 1.209584e-05 	 47
3.750000 	 -2.435719e-06 -1.122945e-06 1.013358e-06 	 4.647668e-07 1.020780e-08 4.763088e-07 	 -1.970952e-06 -1.112738e-06 1.489667e-06 	 560
4.250000 	 -4.251591e-07 3.398122e-07 1.261171e-06 	 -8.580103e-08 -9.954629e-07 -8.635681e-07 	 -5.109602e-07 -6.556508e-07 3.976033e-07 	 886
4.750000 	 -1.380231e-06 4.197570e-06 -3.615207e-07 	 -2.601482e-08 4.611692e-07 -1.804140e-07 	 -1.406246e-06 4.658739e-06 -5.419347e-07 	 910
5.250000 	 6.394986e-07 -1.284344e-06 -1.827261e-06 	 -1.070823e-07 -1.449527e-07 -1.347647e-07 	 5.324163e-07 -1.429297e-06 -1.962025e-06 	 892
5.750000 	 3.931842e-06 1.430619e-06 -2.036596e-06 	 5.448270e-07 -2.144725e-07 1.181018e-07 	 4.476669e-06 1.216147e-06 -1.918494e-06 	 918
6.250000 	 -1.466764e-06 -2.787948e-07 -1.533464e-07 	 -1.593287e-07 -4.958030e-07 -4.575109e-07 	 -1.626093e-06 -7.745978e-07 -6.108573e-07 	 909
6.750000 	 7.910870e-07 -4.668726e-07 -3.071787e-06 	 -1.742351e-07 1.062692e-06 3.743101e-07 	 6.168520e-07 5.958193e-07 -2.697476e-06 	 910
7.250000 	 -2.941437e-06 2.876576e-06 -4.980591e-06 	 -2.110186e-07 1.651988e-07 3.478417e-07 	 -3.152455e-06 3.041775e-06 -4.632749e-06 	 895
7.750000 	 -2.459877e-06 9.111285e-07 1.555523e-06 	 2.628268e-08 5.404959e-08 7.404946e-07 	 -2.433595e-06 9.651781e-07 2.296018e-06 	 916
8.250000 	 2.426501e-06 3.688658e-06 4.619327e-06 	 -7.599001e-08 6.726784e-07 -1.199369e-07 	 2.350511e-06 4.361336e-06 4.499390e-06 	 894
8.750000 	 1.500894e-06 -1.443126e-06 -3.239799e-06 	 1.895415e-07 -1.397072e-07 3.128264e-07 	 1.690435e-06 -1.582833e-06 -2.926972e-06 	 904
9.250000 	 6.866158e-07 3.128811e-06 1.947977e-06 	 -3.706525e-07 -1.438673e-07 1.990953e-07 	 3.159633e-07 2.984944e-06 2.147072e-06 	 905
9.750000 	 -5.955945e-06 2.561039e-06 -1.062917e-06 	 3.106979e-07 -9.403191e-07 -4.188781e-08 	 -5.645247e-06 1.620720e-06 -1.104804e-06 	 904
10.250000 	 -2.744005e-07 3.388818e-06 3.100699e-06 	 1.204870e-07 8.169250e-08 3.912315e-08 	 -1.539135e-07 3.470510e-06 3.139822e-06 	 891
10.750000 	 -2.151891e-06 2.064549e-06 -1.312779e-06 	 -2.517674e-07 -2.777585e-07 -1.570875e-07 	 -2.403659e-06 1.786790e-06 -1.469866e-06 	 881
11.250000 	 4.933432e-06 -4.689920e-06 -3.123143e-06 	 -3.741414e-07 -7.287598e-07 6.517331e-07 	 4.559291e-06 -5.418680e-06 -2.471410e-06 	 571
11.750000 	 4.726205e-06 -4.559535e-06 4.159456e-06 	 3.085455e-06 1.006560e-06 -3.358094e-06 	 7.811660e-06 -3.552975e-06 8.013613e-07 	 31
12.250000 	 0.000000e+00 0.000000e+00 0.000000e+00 	 0.000000e+00 0.000000e+00 0.000000e+00 	 0.000000e+00 0.000000e+00 0.000000e+00 	 0
12.750000 	 0.000000e+00 0.000000e+00 0.000000e+00 	 0.000000e+00 0.000000e+00 0.000000e+00 	 0.000000e+00 0.000000e+00 0.000000e+00 	 0
13.250000 	 0.000000e+00 0.000000e+00 0.000000e+00 	 0.000000e+00 0.000000e+00 0.000000e+00 	 0.000000e+00 0.000000e+00 0.000000e+00 	 0
13.750000 	 0.000000e+00 0.000000e+00 0.000000e+00 	 0.000000e+00 0.000000e+00 0.000000e+00 	 0.000000e+00 0.000000e+00 0.000000e+00 	 0
14.250000 	 0.000000e+00 0.000000e+00 0.000000e+00 	 0.000000e+00 0.000000e+00 0.000000e+00 	 0.000000e+00 0.000000e+00 0.000000e+00 	 0
14.750000 	 0.000000e+00 0.000000e+00 0.000000e+00 	 0.000000e+00 0.000000e+00 0.000000e+00 	 0.000000e+00 0.000000e+00 0.000000e+00 	 0
