# 1  2-4    5-7    8-10   11     
# x  dirEF  recEF  sumEF  #Sample
0.250000 	 0.000000e+00 0.000000e+00 0.000000e+00 	 0.000000e+00 0.000000e+00 0.000000e+00 	 0.000000e+00 0.000000e+00 0.000000e+00 	 0
0.750000 	 0.000000e+00 0.000000e+00 0.000000e+00 	 0.000000e+00 0.000000e+00 0.000000e+00 	 0.000000e+00 0.000000e+00 0.000000e+00 	 0
1.250000 	 0.000000e+00 0.000000e+00 0.000000e+00 	 0.000000e+00 0.000000e+00 0.000000e+00 	 0.000000e+00 0.000000e+00 0.000000e+00 	 0
1.750000 	 0.000000e+00 0.000000e+00 0.000000e+00 	 0.000000e+00 0.000000e+00 0.000000e+00 	 0.000000e+00 0.000000e+00 0.000000e+00 	 0
2.250000 	 0.000000e+00 0.000000e+00 0.000000e+00 	 0.000000e+00 0.000000e+00 0.000000e+00 	 0.000000e+00 0.000000e+00 0.000000e+00 	 0
2.750000 	 0.000000e+00 0.000000e+00 0.000000e+00 	 0.000000e+00 0.000000e+00 0.000000e+00 	 0.000000e+00 0.000000e+00 0.000000e+00 	 0
3.250000 	 -7.190698e-06 3.971299e-07 1.433232e-08 	 2.787139e-06 -2.157574e-06 7.944238e-07 	 -4.403559e-06 -1.760444e-06 8.087562e-07 	 31
3.750000 	 -2.562341e-06 -4.107724e-06 2.151746e-06 	 -2.176941e-06 -1.006235e-06 2.539352e-07 	 -4.739282e-06 -5.113960e-06 2.405682e-06 	 562
4.250000 	 -1.734888e-06 -4.016867e-07 9.547538e-07 	 4.856562e-07 1.072331e-06 2.738366e-07 	 -1.249231e-06 6.706445e-07 1.228590e-06 	 907
4.750000 	 1.984824e-06 4.062595e-07 -4.564547e-06 	 -4.950835e-07 -5.509340e-07 5.555870e-07 	 1.489741e-06 -1.446745e-07 -4.008960e-06 	 878
5.250000 	 3.229439e-06 4.006352e-07 1.215978e-06 	 1.169828e-06 -5.034386e-08 1.030872e-06 	 4.399267e-06 3.502913e-07 2.246849e-06 	 897
5.750000 	 -1.080448e-07 3.826232e-06 3.042646e-06 	 4.259966e-07 2.461061e-07 8.577356e-07 	 3.179518e-07 4.072338e-06 3.900382e-06 	 918
6.250000 	 -3.645656e-07 -2.416242e-06 -2.444223e-06 	 1.466017e-07 -6.460638e-07 8.314523e-07 	 -2.179639e-07 -3.062306e-06 -1.612770e-06 	 916
6.750000 	 1.893873e-06 -1.493733e-06 -1.439528e-06 	 -1.061480e-06 3.631458e-07 -2.161856e-06 	 8.323933e-07 -1.130587e-06 -3.601384e-06 	 892
7.250000 	 1.015671e-06 -4.303673e-07 2.143634e-06 	 -1.019508e-06 7.307577e-07 1.765498e-06 	 -3.837160e-09 3.003904e-07 3.909132e-06 	 940
7.750000 	 -8.436889e-06 1.850491e-06 -4.951489e-06 	 1.568814e-06 -1.912994e-06 1.688559e-08 	 -6.868075e-06 -6.250369e-08 -4.934603e-06 	 920
8.250000 	 -3.158135e-06 3.674431e-07 -6.439692e-07 	 7.264417e-07 -2.652047e-07 1.400466e-07 	 -2.431694e-06 1.022384e-07 -5.039226e-07 	 887
8.750000 	 3.342871e-06 7.088157e-07 2.012511e-06 	 -5.077684e-08 1.053186e-06 -5.449287e-07 	 3.292094e-06 1.762002e-06 1.467582e-06 	 911
9.250000 	 2.914012e-06 -2.627265e-06 -2.084964e-06 	 -2.325243e-07 1.048176e-06 1.768909e-06 	 2.681488e-06 -1.579090e-06 -3.160548e-07 	 902
9.750000 	 -9.160071e-07 -5.636521e-07 2.333375e-06 	 -4.364600e-07 -8.159649e-08 7.442415e-07 	 -1.352467e-06 -6.452485e-07 3.077616e-06 	 916
10.250000 	 2.801703e-06 5.932340e-06 -6.474876e-07 	 8.234261e-07 9.058545e-07 -8.204260e-08 	 3.625129e-06 6.838195e-06 -7.295302e-07 	 879
10.750000 	 2.014647e-07 5.360109e-07 -1.314729e-06 	 -3.406487e-07 -3.806369e-07 1.172557e-06 	 -1.391840e-07 1.553740e-07 -1.421724e-07 	 902
11.250000 	 -3.093458e-06 -2.812352e-06 -8.533617e-07 	 3.287798e-08 1.737378e-06 2.922115e-06 	 -3.060580e-06 -1.074973e-06 2.068753e-06 	 546
11.750000 	 -1.596606e-05 -4.876137e-06 -1.865270e-05 	 1.857521e-07 -3.299221e-06 1.495772e-06 	 -1.578030e-05 -8.175358e-06 -1.715693e-05 	 20
12.250000 	 0.000000e+00 0.000000e+00 0.000000e+00 	 0.000000e+00 0.000000e+00 0.000000e+00 	 0.000000e+00 0.000000e+00 0.000000e+00 	 0
12.750000 	 0.000000e+00 0.000000e+00 0.000000e+00 	 0.000000e+00 0.000000e+00 0.000000e+00 	 0.000000e+00 0.000000e+00 0.000000e+00 	 0
13.250000 	 0.000000e+00 0.000000e+00 0.000000e+00 	 0.000000e+00 0.000000e+00 0.000000e+00 	 0.000000e+00 0.000000e+00 0.000000e+00 	 0
13.750000 	 0.000000e+00 0.000000e+00 0.000000e+00 	 0.000000e+00 0.000000e+00 0.000000e+00 	 0.000000e+00 0.000000e+00 0.000000e+00 	 0
14.250000 	 0.000000e+00 0.000000e+00 0.000000e+00 	 0.000000e+00 0.000000e+00 0.000000e+00 	 0.000000e+00 0.000000e+00 0.000000e+00 	 0
14.750000 	 0.000000e+00 0.000000e+00 0.000000e+00 	 0.000000e+00 0.000000e+00 0.000000e+00 	 0.000000e+00 0.000000e+00 0.000000e+00 	 0
