# 1  2-4    5-7    8-10   11     
# x  dirEF  recEF  sumEF  #Sample
0.250000 	 0.000000e+00 0.000000e+00 0.000000e+00 	 0.000000e+00 0.000000e+00 0.000000e+00 	 0.000000e+00 0.000000e+00 0.000000e+00 	 0
0.750000 	 0.000000e+00 0.000000e+00 0.000000e+00 	 0.000000e+00 0.000000e+00 0.000000e+00 	 0.000000e+00 0.000000e+00 0.000000e+00 	 0
1.250000 	 0.000000e+00 0.000000e+00 0.000000e+00 	 0.000000e+00 0.000000e+00 0.000000e+00 	 0.000000e+00 0.000000e+00 0.000000e+00 	 0
1.750000 	 0.000000e+00 0.000000e+00 0.000000e+00 	 0.000000e+00 0.000000e+00 0.000000e+00 	 0.000000e+00 0.000000e+00 0.000000e+00 	 0
2.250000 	 0.000000e+00 0.000000e+00 0.000000e+00 	 0.000000e+00 0.000000e+00 0.000000e+00 	 0.000000e+00 0.000000e+00 0.000000e+00 	 0
2.750000 	 0.000000e+00 0.000000e+00 0.000000e+00 	 0.000000e+00 0.000000e+00 0.000000e+00 	 0.000000e+00 0.000000e+00 0.000000e+00 	 0
3.250000 	 8.572403e-06 -9.047751e-06 7.797543e-06 	 -5.069255e-07 -3.728837e-07 -5.491943e-07 	 8.065478e-06 -9.420635e-06 7.248348e-06 	 17
3.750000 	 3.485927e-07 -2.631040e-07 -2.133052e-06 	 1.872629e-07 -6.501286e-07 8.924208e-08 	 5.358556e-07 -9.132325e-07 -2.043810e-06 	 590
4.250000 	 -1.314353e-06 4.188587e-07 1.413093e-06 	 -2.151410e-08 3.553148e-08 1.513930e-06 	 -1.335867e-06 4.543901e-07 2.927023e-06 	 888
4.750000 	 2.022360e-06 4.644387e-07 -4.437947e-07 	 7.400126e-08 -7.754907e-08 -1.912538e-07 	 2.096361e-06 3.868897e-07 -6.350485e-07 	 905
5.250000 	 1.215899e-07 1.978953e-06 -1.734612e-06 	 -1.420799e-07 3.296440e-07 -3.559297e-07 	 -2.048996e-08 2.308597e-06 -2.090542e-06 	 909
5.750000 	 -1.319529e-06 1.350484e-06 1.625123e-06 	 2.564234e-08 5.857856e-07 -3.852119e-07 	 -1.293887e-06 1.936269e-06 1.239911e-06 	 905
6.250000 	 1.837291e-06 4.960927e-06 -4.241321e-06 	 3.088405e-07 4.855971e-09 -3.345778e-07 	 2.146132e-06 4.965783e-06 -4.575899e-06 	 914
6.750000 	 3.108631e-06 -3.591562e-06 -1.362779e-06 	 -1.089433e-07 -4.724151e-08 2.050627e-07 	 2.999688e-06 -3.638804e-06 -1.157717e-06 	 903
7.250000 	 -2.773649e-06 -3.388756e-06 -2.944500e-06 	 -7.495510e-08 1.700836e-07 7.689028e-07 	 -2.848604e-06 -3.218672e-06 -2.175597e-06 	 894
7.750000 	 -2.327759e-07 -1.144334e-06 6.351578e-06 	 2.350752e-07 6.267145e-07 2.987501e-07 	 2.299353e-09 -5.176197e-07 6.650328e-06 	 910
8.250000 	 -1.647161e-06 1.887648e-07 4.254807e-07 	 -2.531140e-07 -6.206066e-07 6.997523e-07 	 -1.900275e-06 -4.318418e-07 1.125233e-06 	 918
8.750000 	 -1.973372e-06 1.714376e-06 1.135118e-07 	 5.557586e-08 -2.977314e-07 1.272908e-07 	 -1.917796e-06 1.416645e-06 2.408027e-07 	 904
9.250000 	 3.800680e-07 -4.120009e-06 -2.141289e-06 	 3.109360e-07 -1.224120e-07 -5.485141e-08 	 6.910040e-07 -4.242421e-06 -2.196140e-06 	 888
9.750000 	 -1.367442e-07 -5.069733e-06 1.757897e-08 	 -2.404466e-07 -1.356154e-06 4.278609e-07 	 -3.771907e-07 -6.425887e-06 4.454399e-07 	 893
10.250000 	 -5.761551e-07 3.029101e-06 -3.568611e-08 	 -1.749258e-07 2.467938e-07 3.590683e-07 	 -7.510808e-07 3.275895e-06 3.233822e-07 	 904
10.750000 	 -1.125119e-06 -1.647671e-06 3.799699e-06 	 2.748757e-07 1.051282e-07 -7.835666e-07 	 -8.502436e-07 -1.542542e-06 3.016132e-06 	 891
11.250000 	 9.966989e-07 4.720919e-06 -8.600439e-07 	 -9.209954e-07 9.114114e-07 -4.729853e-07 	 7.570346e-08 5.632330e-06 -1.333029e-06 	 573
11.750000 	 -1.860832e-05 5.878060e-06 9.416701e-06 	 4.487217e-06 2.517472e-06 8.215523e-07 	 -1.412110e-05 8.395532e-06 1.023825e-05 	 18
12.250000 	 0.000000e+00 0.000000e+00 0.000000e+00 	 0.000000e+00 0.000000e+00 0.000000e+00 	 0.000000e+00 0.000000e+00 0.000000e+00 	 0
12.750000 	 0.000000e+00 0.000000e+00 0.000000e+00 	 0.000000e+00 0.000000e+00 0.000000e+00 	 0.000000e+00 0.000000e+00 0.000000e+00 	 0
13.250000 	 0.000000e+00 0.000000e+00 0.000000e+00 	 0.000000e+00 0.000000e+00 0.000000e+00 	 0.000000e+00 0.000000e+00 0.000000e+00 	 0
13.750000 	 0.000000e+00 0.000000e+00 0.000000e+00 	 0.000000e+00 0.000000e+00 0.000000e+00 	 0.000000e+00 0.000000e+00 0.000000e+00 	 0
14.250000 	 0.000000e+00 0.000000e+00 0.000000e+00 	 0.000000e+00 0.000000e+00 0.000000e+00 	 0.000000e+00 0.000000e+00 0.000000e+00 	 0
14.750000 	 0.000000e+00 0.000000e+00 0.000000e+00 	 0.000000e+00 0.000000e+00 0.000000e+00 	 0.000000e+00 0.000000e+00 0.000000e+00 	 0
