# 1  2-4    5-7    8-10   11     
# x  dirEF  recEF  sumEF  #Sample
0.250000 	 0.000000e+00 0.000000e+00 0.000000e+00 	 0.000000e+00 0.000000e+00 0.000000e+00 	 0.000000e+00 0.000000e+00 0.000000e+00 	 0
0.750000 	 0.000000e+00 0.000000e+00 0.000000e+00 	 0.000000e+00 0.000000e+00 0.000000e+00 	 0.000000e+00 0.000000e+00 0.000000e+00 	 0
1.250000 	 0.000000e+00 0.000000e+00 0.000000e+00 	 0.000000e+00 0.000000e+00 0.000000e+00 	 0.000000e+00 0.000000e+00 0.000000e+00 	 0
1.750000 	 0.000000e+00 0.000000e+00 0.000000e+00 	 0.000000e+00 0.000000e+00 0.000000e+00 	 0.000000e+00 0.000000e+00 0.000000e+00 	 0
2.250000 	 0.000000e+00 0.000000e+00 0.000000e+00 	 0.000000e+00 0.000000e+00 0.000000e+00 	 0.000000e+00 0.000000e+00 0.000000e+00 	 0
2.750000 	 0.000000e+00 0.000000e+00 0.000000e+00 	 0.000000e+00 0.000000e+00 0.000000e+00 	 0.000000e+00 0.000000e+00 0.000000e+00 	 0
3.250000 	 -1.627688e-05 -5.796395e-07 2.505023e-06 	 -1.221245e-05 5.584093e-06 -1.399543e-05 	 -2.848934e-05 5.004454e-06 -1.149041e-05 	 21
3.750000 	 -2.380156e-07 -2.227149e-06 -1.748708e-06 	 7.951731e-07 -3.462788e-07 4.401261e-07 	 5.571575e-07 -2.573428e-06 -1.308582e-06 	 597
4.250000 	 -3.534796e-06 7.806374e-07 2.264363e-06 	 9.912124e-07 8.177126e-07 2.902635e-07 	 -2.543584e-06 1.598350e-06 2.554627e-06 	 882
4.750000 	 -2.220090e-06 -4.109359e-07 -1.654092e-06 	 -3.060170e-07 1.562987e-07 1.528136e-07 	 -2.526107e-06 -2.546372e-07 -1.501278e-06 	 897
5.250000 	 1.183534e-06 2.109534e-06 -2.272108e-07 	 6.247546e-08 9.041146e-07 9.771590e-08 	 1.246009e-06 3.013649e-06 -1.294949e-07 	 902
5.750000 	 1.185174e-06 -4.464626e-06 -1.144919e-06 	 2.792385e-07 7.396373e-07 -7.220098e-07 	 1.464412e-06 -3.724989e-06 -1.866929e-06 	 906
6.250000 	 5.023390e-07 1.012363e-06 -2.460018e-07 	 -4.147118e-07 -1.003915e-06 -1.167447e-07 	 8.762722e-08 8.447867e-09 -3.627466e-07 	 913
6.750000 	 -1.304845e-06 5.870091e-07 -8.495500e-07 	 -2.464196e-07 8.248441e-07 5.843226e-08 	 -1.551264e-06 1.411853e-06 -7.911177e-07 	 910
7.250000 	 -1.987848e-06 -1.224677e-06 1.146207e-06 	 5.711959e-08 -1.296042e-06 9.261617e-07 	 -1.930729e-06 -2.520719e-06 2.072368e-06 	 897
7.750000 	 1.774221e-06 2.653429e-06 2.526567e-06 	 2.260944e-07 1.764536e-07 3.228537e-07 	 2.000315e-06 2.829883e-06 2.849420e-06 	 892
8.250000 	 1.526263e-06 9.538885e-07 -1.449108e-06 	 6.998891e-07 1.579100e-07 4.693868e-07 	 2.226152e-06 1.111798e-06 -9.797214e-07 	 924
8.750000 	 -2.396460e-06 -4.118004e-07 7.800378e-07 	 1.512579e-06 -4.927688e-07 9.978987e-07 	 -8.838817e-07 -9.045692e-07 1.777937e-06 	 889
9.250000 	 -3.242679e-06 -3.720279e-06 -1.534370e-06 	 1.677845e-07 -1.471196e-06 2.542980e-07 	 -3.074894e-06 -5.191475e-06 -1.280072e-06 	 922
9.750000 	 -1.808139e-06 2.788673e-06 1.401952e-06 	 -1.429150e-06 -1.265175e-07 -1.057149e-07 	 -3.237288e-06 2.662156e-06 1.296237e-06 	 904
10.250000 	 2.783589e-06 -1.366706e-06 2.353793e-06 	 2.037015e-06 3.075907e-07 3.225773e-07 	 4.820604e-06 -1.059116e-06 2.676371e-06 	 898
10.750000 	 6.197410e-07 1.511072e-06 1.474704e-06 	 -1.092396e-06 9.068359e-07 -3.806006e-07 	 -4.726546e-07 2.417908e-06 1.094103e-06 	 898
11.250000 	 -3.799459e-06 8.012126e-07 -1.284675e-06 	 -3.637025e-07 5.133618e-07 -4.010536e-07 	 -4.163161e-06 1.314574e-06 -1.685729e-06 	 561
11.750000 	 2.905669e-06 -3.360462e-06 1.234036e-05 	 -5.192007e-07 2.069248e-06 4.790330e-06 	 2.386469e-06 -1.291215e-06 1.713069e-05 	 11
12.250000 	 0.000000e+00 0.000000e+00 0.000000e+00 	 0.000000e+00 0.000000e+00 0.000000e+00 	 0.000000e+00 0.000000e+00 0.000000e+00 	 0
12.750000 	 0.000000e+00 0.000000e+00 0.000000e+00 	 0.000000e+00 0.000000e+00 0.000000e+00 	 0.000000e+00 0.000000e+00 0.000000e+00 	 0
13.250000 	 0.000000e+00 0.000000e+00 0.000000e+00 	 0.000000e+00 0.000000e+00 0.000000e+00 	 0.000000e+00 0.000000e+00 0.000000e+00 	 0
13.750000 	 0.000000e+00 0.000000e+00 0.000000e+00 	 0.000000e+00 0.000000e+00 0.000000e+00 	 0.000000e+00 0.000000e+00 0.000000e+00 	 0
14.250000 	 0.000000e+00 0.000000e+00 0.000000e+00 	 0.000000e+00 0.000000e+00 0.000000e+00 	 0.000000e+00 0.000000e+00 0.000000e+00 	 0
14.750000 	 0.000000e+00 0.000000e+00 0.000000e+00 	 0.000000e+00 0.000000e+00 0.000000e+00 	 0.000000e+00 0.000000e+00 0.000000e+00 	 0
