# 1  2-4    5-7    8-10   11     
# x  dirEF  recEF  sumEF  #Sample
0.250000 	 0.000000e+00 0.000000e+00 0.000000e+00 	 0.000000e+00 0.000000e+00 0.000000e+00 	 0.000000e+00 0.000000e+00 0.000000e+00 	 0
0.750000 	 0.000000e+00 0.000000e+00 0.000000e+00 	 0.000000e+00 0.000000e+00 0.000000e+00 	 0.000000e+00 0.000000e+00 0.000000e+00 	 0
1.250000 	 0.000000e+00 0.000000e+00 0.000000e+00 	 0.000000e+00 0.000000e+00 0.000000e+00 	 0.000000e+00 0.000000e+00 0.000000e+00 	 0
1.750000 	 0.000000e+00 0.000000e+00 0.000000e+00 	 0.000000e+00 0.000000e+00 0.000000e+00 	 0.000000e+00 0.000000e+00 0.000000e+00 	 0
2.250000 	 0.000000e+00 0.000000e+00 0.000000e+00 	 0.000000e+00 0.000000e+00 0.000000e+00 	 0.000000e+00 0.000000e+00 0.000000e+00 	 0
2.750000 	 0.000000e+00 0.000000e+00 0.000000e+00 	 0.000000e+00 0.000000e+00 0.000000e+00 	 0.000000e+00 0.000000e+00 0.000000e+00 	 0
3.250000 	 -7.190698e-06 3.971299e-07 1.433232e-08 	 -1.377562e-06 -2.325403e-06 -5.315503e-06 	 -8.568259e-06 -1.928273e-06 -5.301171e-06 	 31
3.750000 	 -2.562341e-06 -4.107724e-06 2.151746e-06 	 7.030399e-07 -2.433878e-07 3.123130e-07 	 -1.859301e-06 -4.351112e-06 2.464059e-06 	 562
4.250000 	 -1.734888e-06 -4.016867e-07 9.547538e-07 	 -1.463501e-07 -1.422190e-07 3.684685e-07 	 -1.881238e-06 -5.439057e-07 1.323222e-06 	 907
4.750000 	 1.984824e-06 4.062595e-07 -4.564547e-06 	 -1.494828e-07 9.968693e-08 -2.227309e-07 	 1.835341e-06 5.059465e-07 -4.787278e-06 	 878
5.250000 	 3.229439e-06 4.006352e-07 1.215978e-06 	 3.365289e-07 -4.208544e-07 4.499684e-07 	 3.565968e-06 -2.021917e-08 1.665946e-06 	 897
5.750000 	 -1.080448e-07 3.826232e-06 3.042646e-06 	 -4.381469e-08 9.131509e-07 5.703480e-07 	 -1.518595e-07 4.739383e-06 3.612994e-06 	 918
6.250000 	 -3.645656e-07 -2.416242e-06 -2.444223e-06 	 -1.430905e-07 9.497186e-07 1.111621e-07 	 -5.076561e-07 -1.466523e-06 -2.333060e-06 	 916
6.750000 	 1.893873e-06 -1.493733e-06 -1.439528e-06 	 1.865206e-07 2.023812e-07 -1.047554e-06 	 2.080393e-06 -1.291352e-06 -2.487081e-06 	 892
7.250000 	 1.015671e-06 -4.303673e-07 2.143634e-06 	 -3.866799e-08 3.377834e-07 9.704731e-07 	 9.770028e-07 -9.258393e-08 3.114107e-06 	 940
7.750000 	 -8.436889e-06 1.850491e-06 -4.951489e-06 	 -1.180221e-07 -1.256043e-06 5.072654e-07 	 -8.554911e-06 5.944472e-07 -4.444223e-06 	 920
8.250000 	 -3.158135e-06 3.674431e-07 -6.439692e-07 	 6.302336e-08 -4.254361e-07 -3.709490e-07 	 -3.095112e-06 -5.799293e-08 -1.014918e-06 	 887
8.750000 	 3.342871e-06 7.088157e-07 2.012511e-06 	 5.594581e-08 3.187596e-07 2.590739e-07 	 3.398817e-06 1.027575e-06 2.271585e-06 	 911
9.250000 	 2.914012e-06 -2.627265e-06 -2.084964e-06 	 -7.636057e-08 3.118426e-07 2.230972e-07 	 2.837651e-06 -2.315423e-06 -1.861867e-06 	 902
9.750000 	 -9.160071e-07 -5.636521e-07 2.333375e-06 	 1.839509e-07 -9.771839e-08 -2.128005e-07 	 -7.320562e-07 -6.613704e-07 2.120574e-06 	 916
10.250000 	 2.801703e-06 5.932340e-06 -6.474876e-07 	 -2.401933e-08 4.533194e-07 -1.997143e-07 	 2.777684e-06 6.385659e-06 -8.472019e-07 	 879
10.750000 	 2.014647e-07 5.360109e-07 -1.314729e-06 	 1.905603e-08 5.028010e-07 -2.292855e-07 	 2.205207e-07 1.038812e-06 -1.544015e-06 	 902
11.250000 	 -3.093458e-06 -2.812352e-06 -8.533617e-07 	 -2.858887e-07 1.598051e-06 1.252110e-06 	 -3.379347e-06 -1.214301e-06 3.987481e-07 	 546
11.750000 	 -1.596606e-05 -4.876137e-06 -1.865270e-05 	 1.156935e-06 -1.947456e-06 1.024573e-06 	 -1.480912e-05 -6.823593e-06 -1.762813e-05 	 20
12.250000 	 0.000000e+00 0.000000e+00 0.000000e+00 	 0.000000e+00 0.000000e+00 0.000000e+00 	 0.000000e+00 0.000000e+00 0.000000e+00 	 0
12.750000 	 0.000000e+00 0.000000e+00 0.000000e+00 	 0.000000e+00 0.000000e+00 0.000000e+00 	 0.000000e+00 0.000000e+00 0.000000e+00 	 0
13.250000 	 0.000000e+00 0.000000e+00 0.000000e+00 	 0.000000e+00 0.000000e+00 0.000000e+00 	 0.000000e+00 0.000000e+00 0.000000e+00 	 0
13.750000 	 0.000000e+00 0.000000e+00 0.000000e+00 	 0.000000e+00 0.000000e+00 0.000000e+00 	 0.000000e+00 0.000000e+00 0.000000e+00 	 0
14.250000 	 0.000000e+00 0.000000e+00 0.000000e+00 	 0.000000e+00 0.000000e+00 0.000000e+00 	 0.000000e+00 0.000000e+00 0.000000e+00 	 0
14.750000 	 0.000000e+00 0.000000e+00 0.000000e+00 	 0.000000e+00 0.000000e+00 0.000000e+00 	 0.000000e+00 0.000000e+00 0.000000e+00 	 0
