# 1  2-4    5-7    8-10   11     
# x  dirEF  recEF  sumEF  #Sample
0.250000 	 0.000000e+00 0.000000e+00 0.000000e+00 	 0.000000e+00 0.000000e+00 0.000000e+00 	 0.000000e+00 0.000000e+00 0.000000e+00 	 0
0.750000 	 0.000000e+00 0.000000e+00 0.000000e+00 	 0.000000e+00 0.000000e+00 0.000000e+00 	 0.000000e+00 0.000000e+00 0.000000e+00 	 0
1.250000 	 0.000000e+00 0.000000e+00 0.000000e+00 	 0.000000e+00 0.000000e+00 0.000000e+00 	 0.000000e+00 0.000000e+00 0.000000e+00 	 0
1.750000 	 0.000000e+00 0.000000e+00 0.000000e+00 	 0.000000e+00 0.000000e+00 0.000000e+00 	 0.000000e+00 0.000000e+00 0.000000e+00 	 0
2.250000 	 0.000000e+00 0.000000e+00 0.000000e+00 	 0.000000e+00 0.000000e+00 0.000000e+00 	 0.000000e+00 0.000000e+00 0.000000e+00 	 0
2.750000 	 0.000000e+00 0.000000e+00 0.000000e+00 	 0.000000e+00 0.000000e+00 0.000000e+00 	 0.000000e+00 0.000000e+00 0.000000e+00 	 0
3.250000 	 7.502457e-06 6.461195e-06 1.118757e-05 	 -3.466471e-06 -1.186249e-06 3.436102e-06 	 4.035985e-06 5.274946e-06 1.462368e-05 	 20
3.750000 	 -1.239065e-06 -2.243125e-06 -2.186682e-06 	 1.493225e-06 3.133819e-08 -1.235521e-07 	 2.541608e-07 -2.211787e-06 -2.310234e-06 	 600
4.250000 	 2.586220e-06 1.738720e-06 -7.787659e-07 	 -4.418771e-07 -5.532759e-08 1.300408e-07 	 2.144343e-06 1.683393e-06 -6.487251e-07 	 912
4.750000 	 -1.006501e-06 -1.948658e-06 1.934489e-06 	 7.326077e-08 2.918786e-08 5.980303e-08 	 -9.332402e-07 -1.919470e-06 1.994292e-06 	 894
5.250000 	 -2.913699e-06 1.118821e-06 -9.130902e-07 	 -2.878549e-08 -4.190223e-08 1.265563e-07 	 -2.942484e-06 1.076919e-06 -7.865339e-07 	 887
5.750000 	 1.669994e-06 -1.191886e-06 4.000499e-07 	 -3.221662e-07 -1.113517e-08 -2.080910e-08 	 1.347827e-06 -1.203021e-06 3.792408e-07 	 920
6.250000 	 -1.242701e-06 1.851184e-07 4.347721e-06 	 6.815096e-07 4.667506e-08 5.043166e-08 	 -5.611918e-07 2.317934e-07 4.398153e-06 	 888
6.750000 	 1.367777e-06 -4.088608e-06 1.582557e-06 	 -5.585992e-07 -1.341585e-08 3.417124e-09 	 8.091778e-07 -4.102024e-06 1.585974e-06 	 922
7.250000 	 7.530623e-07 1.478760e-06 1.969364e-06 	 3.735443e-07 -1.078417e-07 -2.055581e-07 	 1.126607e-06 1.370918e-06 1.763806e-06 	 883
7.750000 	 -3.661081e-06 -2.173951e-06 -1.250666e-06 	 9.289323e-08 1.327214e-07 2.403208e-07 	 -3.568188e-06 -2.041229e-06 -1.010346e-06 	 907
8.250000 	 -1.956742e-06 -3.215803e-07 -6.149203e-06 	 -2.664731e-08 7.469359e-09 -1.514826e-07 	 -1.983390e-06 -3.141110e-07 -6.300685e-06 	 891
8.750000 	 6.364388e-07 -8.423416e-07 -8.435182e-08 	 -5.086304e-08 -1.924807e-07 5.211360e-08 	 5.855757e-07 -1.034822e-06 -3.223822e-08 	 918
9.250000 	 -1.122807e-06 -3.272685e-07 -3.657230e-07 	 1.570171e-07 2.283881e-08 5.965938e-08 	 -9.657897e-07 -3.044297e-07 -3.060636e-07 	 885
9.750000 	 8.480644e-07 2.810340e-07 1.212014e-06 	 -9.784346e-08 6.375053e-08 5.748635e-08 	 7.502210e-07 3.447846e-07 1.269501e-06 	 921
10.250000 	 1.970433e-06 8.975328e-07 -1.714200e-06 	 1.840350e-07 2.196615e-08 4.117921e-08 	 2.154468e-06 9.194990e-07 -1.673020e-06 	 890
10.750000 	 -1.307958e-06 -1.079994e-06 -1.519397e-06 	 -3.110394e-08 -4.913432e-08 -8.369999e-09 	 -1.339062e-06 -1.129128e-06 -1.527767e-06 	 884
11.250000 	 4.565131e-06 2.533205e-06 -4.784401e-07 	 -1.052327e-06 -2.101587e-08 -1.399859e-07 	 3.512805e-06 2.512189e-06 -6.184260e-07 	 567
11.750000 	 9.596274e-06 -1.482316e-05 3.523884e-06 	 2.892671e-06 -1.437586e-06 -4.144464e-07 	 1.248895e-05 -1.626074e-05 3.109438e-06 	 35
12.250000 	 0.000000e+00 0.000000e+00 0.000000e+00 	 0.000000e+00 0.000000e+00 0.000000e+00 	 0.000000e+00 0.000000e+00 0.000000e+00 	 0
12.750000 	 0.000000e+00 0.000000e+00 0.000000e+00 	 0.000000e+00 0.000000e+00 0.000000e+00 	 0.000000e+00 0.000000e+00 0.000000e+00 	 0
13.250000 	 0.000000e+00 0.000000e+00 0.000000e+00 	 0.000000e+00 0.000000e+00 0.000000e+00 	 0.000000e+00 0.000000e+00 0.000000e+00 	 0
13.750000 	 0.000000e+00 0.000000e+00 0.000000e+00 	 0.000000e+00 0.000000e+00 0.000000e+00 	 0.000000e+00 0.000000e+00 0.000000e+00 	 0
14.250000 	 0.000000e+00 0.000000e+00 0.000000e+00 	 0.000000e+00 0.000000e+00 0.000000e+00 	 0.000000e+00 0.000000e+00 0.000000e+00 	 0
14.750000 	 0.000000e+00 0.000000e+00 0.000000e+00 	 0.000000e+00 0.000000e+00 0.000000e+00 	 0.000000e+00 0.000000e+00 0.000000e+00 	 0
