# 1  2-4    5-7    8-10   11     
# x  dirEF  recEF  sumEF  #Sample
0.250000 	 0.000000e+00 0.000000e+00 0.000000e+00 	 0.000000e+00 0.000000e+00 0.000000e+00 	 0.000000e+00 0.000000e+00 0.000000e+00 	 0
0.750000 	 0.000000e+00 0.000000e+00 0.000000e+00 	 0.000000e+00 0.000000e+00 0.000000e+00 	 0.000000e+00 0.000000e+00 0.000000e+00 	 0
1.250000 	 0.000000e+00 0.000000e+00 0.000000e+00 	 0.000000e+00 0.000000e+00 0.000000e+00 	 0.000000e+00 0.000000e+00 0.000000e+00 	 0
1.750000 	 0.000000e+00 0.000000e+00 0.000000e+00 	 0.000000e+00 0.000000e+00 0.000000e+00 	 0.000000e+00 0.000000e+00 0.000000e+00 	 0
2.250000 	 0.000000e+00 0.000000e+00 0.000000e+00 	 0.000000e+00 0.000000e+00 0.000000e+00 	 0.000000e+00 0.000000e+00 0.000000e+00 	 0
2.750000 	 0.000000e+00 0.000000e+00 0.000000e+00 	 0.000000e+00 0.000000e+00 0.000000e+00 	 0.000000e+00 0.000000e+00 0.000000e+00 	 0
3.250000 	 8.572403e-06 -9.047751e-06 7.797543e-06 	 5.373562e-06 6.068344e-06 -1.157703e-05 	 1.394597e-05 -2.979408e-06 -3.779489e-06 	 17
3.750000 	 3.485927e-07 -2.631040e-07 -2.133052e-06 	 1.938734e-06 2.433875e-06 6.982877e-07 	 2.287327e-06 2.170771e-06 -1.434764e-06 	 590
4.250000 	 -1.314353e-06 4.188587e-07 1.413093e-06 	 -2.091293e-06 -2.723891e-06 -1.114815e-06 	 -3.405645e-06 -2.305033e-06 2.982782e-07 	 888
4.750000 	 2.022360e-06 4.644387e-07 -4.437947e-07 	 2.163888e-06 -2.601497e-06 3.004728e-06 	 4.186248e-06 -2.137059e-06 2.560934e-06 	 905
5.250000 	 1.215899e-07 1.978953e-06 -1.734612e-06 	 5.507630e-07 3.496320e-06 1.886351e-06 	 6.723529e-07 5.475273e-06 1.517390e-07 	 909
5.750000 	 -1.319529e-06 1.350484e-06 1.625123e-06 	 7.200404e-07 -3.271560e-06 3.921007e-07 	 -5.994889e-07 -1.921076e-06 2.017224e-06 	 905
6.250000 	 1.837291e-06 4.960927e-06 -4.241321e-06 	 -3.240876e-06 1.830940e-06 -5.701979e-07 	 -1.403585e-06 6.791867e-06 -4.811519e-06 	 914
6.750000 	 3.108631e-06 -3.591562e-06 -1.362779e-06 	 -9.143188e-07 -9.834563e-07 7.132379e-07 	 2.194312e-06 -4.575018e-06 -6.495416e-07 	 903
7.250000 	 -2.773649e-06 -3.388756e-06 -2.944500e-06 	 -2.495678e-06 7.225897e-07 -1.191934e-06 	 -5.269328e-06 -2.666166e-06 -4.136434e-06 	 894
7.750000 	 -2.327759e-07 -1.144334e-06 6.351578e-06 	 -2.491532e-06 1.877505e-06 7.549412e-08 	 -2.724308e-06 7.331710e-07 6.427072e-06 	 910
8.250000 	 -1.647161e-06 1.887648e-07 4.254807e-07 	 3.461237e-07 -1.202150e-06 -4.696855e-06 	 -1.301037e-06 -1.013385e-06 -4.271374e-06 	 918
8.750000 	 -1.973372e-06 1.714376e-06 1.135118e-07 	 1.601011e-06 -1.311397e-06 -2.270211e-06 	 -3.723606e-07 4.029791e-07 -2.156699e-06 	 904
9.250000 	 3.800680e-07 -4.120009e-06 -2.141289e-06 	 -4.263710e-06 -1.294567e-07 1.381474e-07 	 -3.883642e-06 -4.249466e-06 -2.003142e-06 	 888
9.750000 	 -1.367442e-07 -5.069733e-06 1.757897e-08 	 -1.804644e-06 -2.485943e-06 -2.458486e-06 	 -1.941389e-06 -7.555676e-06 -2.440907e-06 	 893
10.250000 	 -5.761551e-07 3.029101e-06 -3.568611e-08 	 3.063906e-07 3.663157e-07 4.327978e-06 	 -2.697644e-07 3.395416e-06 4.292292e-06 	 904
10.750000 	 -1.125119e-06 -1.647671e-06 3.799699e-06 	 5.023018e-07 2.098990e-06 6.698261e-07 	 -6.228175e-07 4.513191e-07 4.469525e-06 	 891
11.250000 	 9.966989e-07 4.720919e-06 -8.600439e-07 	 2.120770e-06 -7.047977e-07 -1.964067e-07 	 3.117469e-06 4.016121e-06 -1.056451e-06 	 573
11.750000 	 -1.860832e-05 5.878060e-06 9.416701e-06 	 -2.241424e-05 -3.166994e-06 1.198755e-05 	 -4.102256e-05 2.711066e-06 2.140425e-05 	 18
12.250000 	 0.000000e+00 0.000000e+00 0.000000e+00 	 0.000000e+00 0.000000e+00 0.000000e+00 	 0.000000e+00 0.000000e+00 0.000000e+00 	 0
12.750000 	 0.000000e+00 0.000000e+00 0.000000e+00 	 0.000000e+00 0.000000e+00 0.000000e+00 	 0.000000e+00 0.000000e+00 0.000000e+00 	 0
13.250000 	 0.000000e+00 0.000000e+00 0.000000e+00 	 0.000000e+00 0.000000e+00 0.000000e+00 	 0.000000e+00 0.000000e+00 0.000000e+00 	 0
13.750000 	 0.000000e+00 0.000000e+00 0.000000e+00 	 0.000000e+00 0.000000e+00 0.000000e+00 	 0.000000e+00 0.000000e+00 0.000000e+00 	 0
14.250000 	 0.000000e+00 0.000000e+00 0.000000e+00 	 0.000000e+00 0.000000e+00 0.000000e+00 	 0.000000e+00 0.000000e+00 0.000000e+00 	 0
14.750000 	 0.000000e+00 0.000000e+00 0.000000e+00 	 0.000000e+00 0.000000e+00 0.000000e+00 	 0.000000e+00 0.000000e+00 0.000000e+00 	 0
