# 1  2-4    5-7    8-10   11     
# x  dirEF  recEF  sumEF  #Sample
0.250000 	 0.000000e+00 0.000000e+00 0.000000e+00 	 0.000000e+00 0.000000e+00 0.000000e+00 	 0.000000e+00 0.000000e+00 0.000000e+00 	 0
0.750000 	 0.000000e+00 0.000000e+00 0.000000e+00 	 0.000000e+00 0.000000e+00 0.000000e+00 	 0.000000e+00 0.000000e+00 0.000000e+00 	 0
1.250000 	 0.000000e+00 0.000000e+00 0.000000e+00 	 0.000000e+00 0.000000e+00 0.000000e+00 	 0.000000e+00 0.000000e+00 0.000000e+00 	 0
1.750000 	 0.000000e+00 0.000000e+00 0.000000e+00 	 0.000000e+00 0.000000e+00 0.000000e+00 	 0.000000e+00 0.000000e+00 0.000000e+00 	 0
2.250000 	 0.000000e+00 0.000000e+00 0.000000e+00 	 0.000000e+00 0.000000e+00 0.000000e+00 	 0.000000e+00 0.000000e+00 0.000000e+00 	 0
2.750000 	 0.000000e+00 0.000000e+00 0.000000e+00 	 0.000000e+00 0.000000e+00 0.000000e+00 	 0.000000e+00 0.000000e+00 0.000000e+00 	 0
3.250000 	 -1.242413e-05 -5.260207e-06 4.736685e-06 	 -1.063295e-06 -1.000413e-07 5.467013e-07 	 -1.348743e-05 -5.360249e-06 5.283386e-06 	 43
3.750000 	 -1.299040e-06 -3.960265e-06 -2.885322e-06 	 3.784219e-07 7.285009e-07 -1.703442e-07 	 -9.206181e-07 -3.231764e-06 -3.055666e-06 	 575
4.250000 	 -6.926640e-07 4.852440e-07 2.696206e-06 	 -9.463780e-08 4.951923e-07 -3.088482e-07 	 -7.873018e-07 9.804362e-07 2.387358e-06 	 903
4.750000 	 5.250053e-06 -4.850525e-07 2.284623e-07 	 2.756142e-07 2.188705e-07 -1.128060e-06 	 5.525667e-06 -2.661820e-07 -8.995976e-07 	 899
5.250000 	 -2.472375e-06 -3.361662e-06 -3.063493e-06 	 -8.201180e-08 -3.975822e-07 -6.762241e-07 	 -2.554387e-06 -3.759244e-06 -3.739717e-06 	 903
5.750000 	 -2.366821e-06 7.331814e-07 1.233944e-06 	 -1.479048e-07 4.191541e-07 1.545435e-07 	 -2.514725e-06 1.152336e-06 1.388488e-06 	 898
6.250000 	 1.601184e-06 -2.134415e-06 8.014874e-07 	 -1.650804e-07 4.149062e-07 -1.595337e-07 	 1.436104e-06 -1.719509e-06 6.419538e-07 	 883
6.750000 	 2.700349e-06 2.424867e-06 -3.898915e-06 	 2.487394e-07 -3.329320e-07 1.043098e-07 	 2.949088e-06 2.091935e-06 -3.794605e-06 	 904
7.250000 	 -2.828361e-06 -1.344613e-07 2.422190e-06 	 -3.345648e-07 -3.836506e-07 -6.858666e-07 	 -3.162926e-06 -5.181119e-07 1.736323e-06 	 924
7.750000 	 -2.562576e-06 -1.367807e-06 -7.075304e-07 	 2.987483e-07 7.508156e-07 -1.891037e-07 	 -2.263828e-06 -6.169918e-07 -8.966340e-07 	 893
8.250000 	 3.357467e-06 3.618094e-07 5.535344e-07 	 7.054167e-08 6.674756e-07 -2.375357e-08 	 3.428008e-06 1.029285e-06 5.297808e-07 	 900
8.750000 	 -2.066628e-06 -1.128539e-06 -8.000267e-08 	 -2.574615e-07 6.004842e-07 -7.324562e-07 	 -2.324089e-06 -5.280546e-07 -8.124589e-07 	 918
9.250000 	 1.046144e-06 2.286020e-06 1.425522e-06 	 -4.993386e-08 -1.495647e-07 8.227894e-07 	 9.962102e-07 2.136455e-06 2.248311e-06 	 893
9.750000 	 1.319211e-06 2.413025e-06 3.236709e-06 	 -2.142251e-07 5.401388e-07 -1.073221e-06 	 1.104986e-06 2.953164e-06 2.163487e-06 	 906
10.250000 	 -7.508231e-08 -3.152007e-06 -2.314820e-06 	 4.378587e-07 -5.922466e-07 -4.161273e-08 	 3.627764e-07 -3.744253e-06 -2.356432e-06 	 916
10.750000 	 -1.371229e-07 1.304089e-06 -4.114652e-08 	 -3.203936e-07 -6.063623e-07 6.665044e-07 	 -4.575165e-07 6.977262e-07 6.253578e-07 	 876
11.250000 	 7.754632e-07 7.218983e-08 8.041991e-07 	 -2.491087e-07 -1.082759e-06 -1.941791e-07 	 5.263545e-07 -1.010570e-06 6.100201e-07 	 559
11.750000 	 -3.118099e-06 9.772223e-06 -1.708470e-06 	 2.768338e-06 -1.771142e-06 1.556389e-06 	 -3.497609e-07 8.001081e-06 -1.520812e-07 	 31
12.250000 	 0.000000e+00 0.000000e+00 0.000000e+00 	 0.000000e+00 0.000000e+00 0.000000e+00 	 0.000000e+00 0.000000e+00 0.000000e+00 	 0
12.750000 	 0.000000e+00 0.000000e+00 0.000000e+00 	 0.000000e+00 0.000000e+00 0.000000e+00 	 0.000000e+00 0.000000e+00 0.000000e+00 	 0
13.250000 	 0.000000e+00 0.000000e+00 0.000000e+00 	 0.000000e+00 0.000000e+00 0.000000e+00 	 0.000000e+00 0.000000e+00 0.000000e+00 	 0
13.750000 	 0.000000e+00 0.000000e+00 0.000000e+00 	 0.000000e+00 0.000000e+00 0.000000e+00 	 0.000000e+00 0.000000e+00 0.000000e+00 	 0
14.250000 	 0.000000e+00 0.000000e+00 0.000000e+00 	 0.000000e+00 0.000000e+00 0.000000e+00 	 0.000000e+00 0.000000e+00 0.000000e+00 	 0
14.750000 	 0.000000e+00 0.000000e+00 0.000000e+00 	 0.000000e+00 0.000000e+00 0.000000e+00 	 0.000000e+00 0.000000e+00 0.000000e+00 	 0
