# 1  2-4    5-7    8-10   11     
# x  dirEF  recEF  sumEF  #Sample
0.250000 	 0.000000e+00 0.000000e+00 0.000000e+00 	 0.000000e+00 0.000000e+00 0.000000e+00 	 0.000000e+00 0.000000e+00 0.000000e+00 	 0
0.750000 	 0.000000e+00 0.000000e+00 0.000000e+00 	 0.000000e+00 0.000000e+00 0.000000e+00 	 0.000000e+00 0.000000e+00 0.000000e+00 	 0
1.250000 	 0.000000e+00 0.000000e+00 0.000000e+00 	 0.000000e+00 0.000000e+00 0.000000e+00 	 0.000000e+00 0.000000e+00 0.000000e+00 	 0
1.750000 	 0.000000e+00 0.000000e+00 0.000000e+00 	 0.000000e+00 0.000000e+00 0.000000e+00 	 0.000000e+00 0.000000e+00 0.000000e+00 	 0
2.250000 	 0.000000e+00 0.000000e+00 0.000000e+00 	 0.000000e+00 0.000000e+00 0.000000e+00 	 0.000000e+00 0.000000e+00 0.000000e+00 	 0
2.750000 	 -3.399353e-05 1.484367e-06 1.986863e-05 	 1.263076e-06 9.224131e-07 3.170599e-07 	 -3.273045e-05 2.406780e-06 2.018569e-05 	 1
3.250000 	 -4.032407e-06 5.982661e-07 2.950185e-06 	 1.002458e-05 2.503113e-06 -2.992239e-07 	 5.992171e-06 3.101379e-06 2.650961e-06 	 33
3.750000 	 -2.144359e-06 8.015997e-08 -4.233712e-06 	 -1.208774e-06 1.172701e-06 2.073364e-06 	 -3.353133e-06 1.252861e-06 -2.160347e-06 	 555
4.250000 	 -1.133802e-06 2.106625e-06 -1.035369e-06 	 2.381003e-06 -7.036663e-07 4.198392e-08 	 1.247201e-06 1.402959e-06 -9.933846e-07 	 879
4.750000 	 2.882491e-07 1.796813e-07 3.473251e-06 	 -1.979990e-06 -2.292420e-07 -1.012721e-06 	 -1.691740e-06 -4.956068e-08 2.460530e-06 	 903
5.250000 	 6.073928e-07 -2.343781e-06 -5.296909e-08 	 2.487071e-06 -1.832741e-07 1.474230e-06 	 3.094463e-06 -2.527055e-06 1.421261e-06 	 915
5.750000 	 -1.877851e-06 1.826643e-06 -1.792561e-06 	 -2.078638e-06 1.998065e-07 7.119080e-07 	 -3.956489e-06 2.026450e-06 -1.080653e-06 	 912
6.250000 	 -2.245756e-06 -2.791279e-06 1.033709e-07 	 -8.158290e-07 -4.626787e-07 -4.958005e-09 	 -3.061585e-06 -3.253958e-06 9.841292e-08 	 907
6.750000 	 2.387002e-06 1.098777e-07 5.159365e-06 	 3.899849e-06 6.634674e-07 -7.782401e-07 	 6.286851e-06 7.733451e-07 4.381125e-06 	 923
7.250000 	 1.414835e-06 -8.392499e-09 -2.516727e-06 	 -8.447774e-07 5.098209e-07 -2.561975e-07 	 5.700579e-07 5.014284e-07 -2.772924e-06 	 886
7.750000 	 -1.072767e-07 2.616964e-06 1.387212e-06 	 -1.243392e-06 3.518421e-07 6.398045e-07 	 -1.350668e-06 2.968806e-06 2.027016e-06 	 928
8.250000 	 -2.980337e-06 2.318620e-06 -4.595715e-06 	 1.939293e-06 1.562862e-06 1.403408e-06 	 -1.041045e-06 3.881482e-06 -3.192306e-06 	 906
8.750000 	 -1.721661e-06 -1.065733e-06 1.559846e-06 	 -5.409531e-07 -2.629415e-07 -9.514646e-07 	 -2.262615e-06 -1.328675e-06 6.083812e-07 	 924
9.250000 	 2.233693e-07 -2.291178e-06 -2.582306e-06 	 1.745798e-07 2.732921e-07 -1.117254e-06 	 3.979492e-07 -2.017886e-06 -3.699560e-06 	 915
9.750000 	 1.613486e-06 1.266432e-06 -3.260877e-07 	 -2.069354e-06 1.247274e-06 -8.683411e-07 	 -4.558674e-07 2.513707e-06 -1.194429e-06 	 891
10.250000 	 1.362047e-06 1.591544e-06 -4.031216e-06 	 2.120114e-06 -3.825196e-07 1.282813e-07 	 3.482160e-06 1.209024e-06 -3.902935e-06 	 901
10.750000 	 -1.507854e-06 2.338971e-06 1.556113e-06 	 6.250453e-07 -1.137649e-06 6.743250e-07 	 -8.828083e-07 1.201322e-06 2.230438e-06 	 885
11.250000 	 1.247651e-06 -3.113334e-06 -2.605160e-06 	 -3.257814e-07 -1.823984e-06 1.216157e-06 	 9.218695e-07 -4.937318e-06 -1.389003e-06 	 509
11.750000 	 1.137079e-05 -2.558473e-06 -6.939849e-06 	 -5.488732e-06 2.057810e-06 4.612470e-07 	 5.882053e-06 -5.006626e-07 -6.478602e-06 	 51
12.250000 	 0.000000e+00 0.000000e+00 0.000000e+00 	 0.000000e+00 0.000000e+00 0.000000e+00 	 0.000000e+00 0.000000e+00 0.000000e+00 	 0
12.750000 	 0.000000e+00 0.000000e+00 0.000000e+00 	 0.000000e+00 0.000000e+00 0.000000e+00 	 0.000000e+00 0.000000e+00 0.000000e+00 	 0
13.250000 	 0.000000e+00 0.000000e+00 0.000000e+00 	 0.000000e+00 0.000000e+00 0.000000e+00 	 0.000000e+00 0.000000e+00 0.000000e+00 	 0
13.750000 	 0.000000e+00 0.000000e+00 0.000000e+00 	 0.000000e+00 0.000000e+00 0.000000e+00 	 0.000000e+00 0.000000e+00 0.000000e+00 	 0
14.250000 	 0.000000e+00 0.000000e+00 0.000000e+00 	 0.000000e+00 0.000000e+00 0.000000e+00 	 0.000000e+00 0.000000e+00 0.000000e+00 	 0
14.750000 	 0.000000e+00 0.000000e+00 0.000000e+00 	 0.000000e+00 0.000000e+00 0.000000e+00 	 0.000000e+00 0.000000e+00 0.000000e+00 	 0
