# 1  2-4    5-7    8-10   11     
# x  dirEF  recEF  sumEF  #Sample
0.250000 	 0.000000e+00 0.000000e+00 0.000000e+00 	 0.000000e+00 0.000000e+00 0.000000e+00 	 0.000000e+00 0.000000e+00 0.000000e+00 	 0
0.750000 	 0.000000e+00 0.000000e+00 0.000000e+00 	 0.000000e+00 0.000000e+00 0.000000e+00 	 0.000000e+00 0.000000e+00 0.000000e+00 	 0
1.250000 	 0.000000e+00 0.000000e+00 0.000000e+00 	 0.000000e+00 0.000000e+00 0.000000e+00 	 0.000000e+00 0.000000e+00 0.000000e+00 	 0
1.750000 	 0.000000e+00 0.000000e+00 0.000000e+00 	 0.000000e+00 0.000000e+00 0.000000e+00 	 0.000000e+00 0.000000e+00 0.000000e+00 	 0
2.250000 	 0.000000e+00 0.000000e+00 0.000000e+00 	 0.000000e+00 0.000000e+00 0.000000e+00 	 0.000000e+00 0.000000e+00 0.000000e+00 	 0
2.750000 	 0.000000e+00 0.000000e+00 0.000000e+00 	 0.000000e+00 0.000000e+00 0.000000e+00 	 0.000000e+00 0.000000e+00 0.000000e+00 	 0
3.250000 	 -6.433239e-06 -1.055686e-05 1.027703e-05 	 3.435176e-07 -9.241959e-07 2.101650e-06 	 -6.089721e-06 -1.148106e-05 1.237868e-05 	 47
3.750000 	 -2.435719e-06 -1.122945e-06 1.013358e-06 	 4.181024e-07 7.005119e-08 4.501621e-07 	 -2.017616e-06 -1.052894e-06 1.463521e-06 	 560
4.250000 	 -4.251591e-07 3.398122e-07 1.261171e-06 	 -5.137945e-09 -9.568499e-07 -8.437930e-07 	 -4.302971e-07 -6.170377e-07 4.173784e-07 	 886
4.750000 	 -1.380231e-06 4.197570e-06 -3.615207e-07 	 -6.137530e-08 4.934852e-07 -1.238409e-07 	 -1.441606e-06 4.691055e-06 -4.853615e-07 	 910
5.250000 	 6.394986e-07 -1.284344e-06 -1.827261e-06 	 -9.613478e-08 -1.232465e-07 -6.129457e-08 	 5.433638e-07 -1.407591e-06 -1.888555e-06 	 892
5.750000 	 3.931842e-06 1.430619e-06 -2.036596e-06 	 5.147077e-07 -2.173769e-07 1.130604e-07 	 4.446549e-06 1.213242e-06 -1.923536e-06 	 918
6.250000 	 -1.466764e-06 -2.787948e-07 -1.533464e-07 	 -1.657514e-07 -4.720192e-07 -3.981910e-07 	 -1.632516e-06 -7.508140e-07 -5.515375e-07 	 909
6.750000 	 7.910870e-07 -4.668726e-07 -3.071787e-06 	 -2.083006e-07 9.907617e-07 3.575900e-07 	 5.827865e-07 5.238891e-07 -2.714197e-06 	 910
7.250000 	 -2.941437e-06 2.876576e-06 -4.980591e-06 	 -1.588621e-07 2.008115e-07 4.301433e-07 	 -3.100299e-06 3.077388e-06 -4.550448e-06 	 895
7.750000 	 -2.459877e-06 9.111285e-07 1.555523e-06 	 5.100128e-08 1.065647e-07 7.567464e-07 	 -2.408876e-06 1.017693e-06 2.312270e-06 	 916
8.250000 	 2.426501e-06 3.688658e-06 4.619327e-06 	 -8.851093e-08 6.807281e-07 -1.713314e-07 	 2.337990e-06 4.369386e-06 4.447995e-06 	 894
8.750000 	 1.500894e-06 -1.443126e-06 -3.239799e-06 	 1.904529e-07 -1.302087e-07 3.332512e-07 	 1.691347e-06 -1.573335e-06 -2.906548e-06 	 904
9.250000 	 6.866158e-07 3.128811e-06 1.947977e-06 	 -3.328761e-07 -1.316456e-07 1.198924e-07 	 3.537398e-07 2.997165e-06 2.067869e-06 	 905
9.750000 	 -5.955945e-06 2.561039e-06 -1.062917e-06 	 3.145692e-07 -9.586014e-07 -7.635626e-08 	 -5.641376e-06 1.602437e-06 -1.139273e-06 	 904
10.250000 	 -2.744005e-07 3.388818e-06 3.100699e-06 	 1.145352e-07 9.710660e-08 4.789736e-08 	 -1.598653e-07 3.485924e-06 3.148596e-06 	 891
10.750000 	 -2.151891e-06 2.064549e-06 -1.312779e-06 	 -2.617202e-07 -3.527050e-07 -1.481755e-07 	 -2.413611e-06 1.711844e-06 -1.460954e-06 	 881
11.250000 	 4.933432e-06 -4.689920e-06 -3.123143e-06 	 -3.890589e-07 -7.371260e-07 6.701799e-07 	 4.544373e-06 -5.427046e-06 -2.452963e-06 	 571
11.750000 	 4.726205e-06 -4.559535e-06 4.159456e-06 	 2.976075e-06 1.090642e-06 -3.382889e-06 	 7.702280e-06 -3.468894e-06 7.765668e-07 	 31
12.250000 	 0.000000e+00 0.000000e+00 0.000000e+00 	 0.000000e+00 0.000000e+00 0.000000e+00 	 0.000000e+00 0.000000e+00 0.000000e+00 	 0
12.750000 	 0.000000e+00 0.000000e+00 0.000000e+00 	 0.000000e+00 0.000000e+00 0.000000e+00 	 0.000000e+00 0.000000e+00 0.000000e+00 	 0
13.250000 	 0.000000e+00 0.000000e+00 0.000000e+00 	 0.000000e+00 0.000000e+00 0.000000e+00 	 0.000000e+00 0.000000e+00 0.000000e+00 	 0
13.750000 	 0.000000e+00 0.000000e+00 0.000000e+00 	 0.000000e+00 0.000000e+00 0.000000e+00 	 0.000000e+00 0.000000e+00 0.000000e+00 	 0
14.250000 	 0.000000e+00 0.000000e+00 0.000000e+00 	 0.000000e+00 0.000000e+00 0.000000e+00 	 0.000000e+00 0.000000e+00 0.000000e+00 	 0
14.750000 	 0.000000e+00 0.000000e+00 0.000000e+00 	 0.000000e+00 0.000000e+00 0.000000e+00 	 0.000000e+00 0.000000e+00 0.000000e+00 	 0
