# 1  2-4    5-7    8-10   11     
# x  dirEF  recEF  sumEF  #Sample
0.250000 	 0.000000e+00 0.000000e+00 0.000000e+00 	 0.000000e+00 0.000000e+00 0.000000e+00 	 0.000000e+00 0.000000e+00 0.000000e+00 	 0
0.750000 	 0.000000e+00 0.000000e+00 0.000000e+00 	 0.000000e+00 0.000000e+00 0.000000e+00 	 0.000000e+00 0.000000e+00 0.000000e+00 	 0
1.250000 	 0.000000e+00 0.000000e+00 0.000000e+00 	 0.000000e+00 0.000000e+00 0.000000e+00 	 0.000000e+00 0.000000e+00 0.000000e+00 	 0
1.750000 	 0.000000e+00 0.000000e+00 0.000000e+00 	 0.000000e+00 0.000000e+00 0.000000e+00 	 0.000000e+00 0.000000e+00 0.000000e+00 	 0
2.250000 	 0.000000e+00 0.000000e+00 0.000000e+00 	 0.000000e+00 0.000000e+00 0.000000e+00 	 0.000000e+00 0.000000e+00 0.000000e+00 	 0
2.750000 	 0.000000e+00 0.000000e+00 0.000000e+00 	 0.000000e+00 0.000000e+00 0.000000e+00 	 0.000000e+00 0.000000e+00 0.000000e+00 	 0
3.250000 	 -4.012889e-06 9.553426e-07 -3.967512e-06 	 -9.758993e-06 2.750587e-06 5.775501e-06 	 -1.377188e-05 3.705930e-06 1.807989e-06 	 43
3.750000 	 2.636629e-07 -2.008380e-06 -2.415390e-06 	 2.408063e-06 5.306139e-07 -7.259492e-07 	 2.671726e-06 -1.477766e-06 -3.141339e-06 	 570
4.250000 	 1.309837e-06 5.556756e-06 8.607654e-07 	 -4.045535e-06 -4.422575e-07 -1.828365e-06 	 -2.735698e-06 5.114498e-06 -9.675993e-07 	 887
4.750000 	 1.275341e-06 -2.366476e-06 1.963811e-06 	 1.095304e-06 7.428870e-07 2.298323e-06 	 2.370645e-06 -1.623589e-06 4.262134e-06 	 905
5.250000 	 -8.528661e-07 -3.012526e-07 1.986850e-06 	 -3.292170e-06 -1.328537e-06 -4.244718e-06 	 -4.145036e-06 -1.629790e-06 -2.257868e-06 	 917
5.750000 	 -5.801564e-07 3.929347e-06 7.952578e-07 	 -2.654968e-06 2.845411e-06 -9.768195e-07 	 -3.235124e-06 6.774758e-06 -1.815617e-07 	 923
6.250000 	 4.073769e-07 -6.786240e-07 -1.464014e-06 	 2.722153e-06 -3.112752e-07 -1.047115e-06 	 3.129530e-06 -9.898992e-07 -2.511129e-06 	 885
6.750000 	 3.405651e-06 1.005235e-06 2.021261e-06 	 2.798916e-06 2.232789e-06 -1.562707e-06 	 6.204567e-06 3.238024e-06 4.585540e-07 	 919
7.250000 	 -1.547218e-06 1.550887e-06 1.506224e-06 	 2.865770e-07 -3.611234e-06 3.320907e-06 	 -1.260641e-06 -2.060347e-06 4.827131e-06 	 887
7.750000 	 -4.724684e-06 4.514906e-07 -4.282440e-06 	 -2.561301e-06 2.005762e-06 -2.800714e-06 	 -7.285985e-06 2.457252e-06 -7.083155e-06 	 901
8.250000 	 -2.497114e-06 -2.178645e-06 2.584933e-06 	 3.150767e-06 -1.203735e-07 9.686529e-07 	 6.536530e-07 -2.299019e-06 3.553586e-06 	 899
8.750000 	 -3.850244e-07 2.376596e-06 3.193183e-06 	 -1.228427e-06 -9.209762e-07 1.834671e-07 	 -1.613452e-06 1.455620e-06 3.376650e-06 	 891
9.250000 	 2.009621e-07 3.892676e-07 -6.376119e-07 	 3.320535e-07 -2.511929e-06 3.767600e-07 	 5.330156e-07 -2.122661e-06 -2.608520e-07 	 917
9.750000 	 4.844112e-06 -1.246756e-06 3.169960e-06 	 -3.538985e-06 -1.852114e-07 3.419864e-06 	 1.305127e-06 -1.431967e-06 6.589824e-06 	 886
10.250000 	 1.784440e-06 -7.023281e-07 -8.776037e-07 	 4.428464e-07 4.306444e-06 3.168830e-08 	 2.227286e-06 3.604116e-06 -8.459154e-07 	 897
10.750000 	 -4.476291e-07 1.022660e-06 9.075144e-07 	 -1.929513e-06 -1.332892e-06 -4.982545e-07 	 -2.377142e-06 -3.102316e-07 4.092599e-07 	 884
11.250000 	 -5.434200e-07 1.401139e-06 -3.177397e-06 	 1.386877e-06 -2.654085e-06 1.078113e-06 	 8.434568e-07 -1.252946e-06 -2.099285e-06 	 541
11.750000 	 7.886459e-06 -5.633914e-06 3.592229e-07 	 -6.015684e-06 1.602491e-05 8.341994e-06 	 1.870776e-06 1.039100e-05 8.701217e-06 	 72
12.250000 	 0.000000e+00 0.000000e+00 0.000000e+00 	 0.000000e+00 0.000000e+00 0.000000e+00 	 0.000000e+00 0.000000e+00 0.000000e+00 	 0
12.750000 	 0.000000e+00 0.000000e+00 0.000000e+00 	 0.000000e+00 0.000000e+00 0.000000e+00 	 0.000000e+00 0.000000e+00 0.000000e+00 	 0
13.250000 	 0.000000e+00 0.000000e+00 0.000000e+00 	 0.000000e+00 0.000000e+00 0.000000e+00 	 0.000000e+00 0.000000e+00 0.000000e+00 	 0
13.750000 	 0.000000e+00 0.000000e+00 0.000000e+00 	 0.000000e+00 0.000000e+00 0.000000e+00 	 0.000000e+00 0.000000e+00 0.000000e+00 	 0
14.250000 	 0.000000e+00 0.000000e+00 0.000000e+00 	 0.000000e+00 0.000000e+00 0.000000e+00 	 0.000000e+00 0.000000e+00 0.000000e+00 	 0
14.750000 	 0.000000e+00 0.000000e+00 0.000000e+00 	 0.000000e+00 0.000000e+00 0.000000e+00 	 0.000000e+00 0.000000e+00 0.000000e+00 	 0
