# 1  2-4    5-7    8-10   11     
# x  dirEF  recEF  sumEF  #Sample
0.250000 	 0.000000e+00 0.000000e+00 0.000000e+00 	 0.000000e+00 0.000000e+00 0.000000e+00 	 0.000000e+00 0.000000e+00 0.000000e+00 	 0
0.750000 	 0.000000e+00 0.000000e+00 0.000000e+00 	 0.000000e+00 0.000000e+00 0.000000e+00 	 0.000000e+00 0.000000e+00 0.000000e+00 	 0
1.250000 	 0.000000e+00 0.000000e+00 0.000000e+00 	 0.000000e+00 0.000000e+00 0.000000e+00 	 0.000000e+00 0.000000e+00 0.000000e+00 	 0
1.750000 	 0.000000e+00 0.000000e+00 0.000000e+00 	 0.000000e+00 0.000000e+00 0.000000e+00 	 0.000000e+00 0.000000e+00 0.000000e+00 	 0
2.250000 	 0.000000e+00 0.000000e+00 0.000000e+00 	 0.000000e+00 0.000000e+00 0.000000e+00 	 0.000000e+00 0.000000e+00 0.000000e+00 	 0
2.750000 	 0.000000e+00 0.000000e+00 0.000000e+00 	 0.000000e+00 0.000000e+00 0.000000e+00 	 0.000000e+00 0.000000e+00 0.000000e+00 	 0
3.250000 	 -4.371197e-06 9.167121e-06 2.650446e-06 	 -2.725323e-06 1.143677e-06 5.759984e-08 	 -7.096521e-06 1.031080e-05 2.708046e-06 	 34
3.750000 	 1.170340e-07 -1.412247e-06 1.821717e-06 	 7.150828e-07 1.321794e-06 6.116082e-08 	 8.321168e-07 -9.045292e-08 1.882878e-06 	 572
4.250000 	 -8.601221e-07 -9.487551e-07 -1.815519e-06 	 -2.162923e-07 6.094003e-07 -5.230871e-07 	 -1.076414e-06 -3.393548e-07 -2.338607e-06 	 892
4.750000 	 -1.439240e-07 -1.360947e-08 -5.381877e-07 	 -1.114860e-07 -1.724432e-07 -1.014471e-07 	 -2.554100e-07 -1.860527e-07 -6.396348e-07 	 911
5.250000 	 -2.450936e-06 -2.587367e-06 1.176654e-06 	 -3.635364e-07 -5.768941e-08 -4.358777e-07 	 -2.814472e-06 -2.645057e-06 7.407759e-07 	 916
5.750000 	 -1.259539e-07 2.389650e-06 -5.197056e-06 	 3.336461e-07 -1.059145e-07 -9.018384e-07 	 2.076922e-07 2.283735e-06 -6.098894e-06 	 895
6.250000 	 5.587331e-06 1.181061e-08 1.019287e-06 	 2.800383e-08 7.893155e-07 -8.568169e-07 	 5.615335e-06 8.011261e-07 1.624703e-07 	 897
6.750000 	 2.409846e-06 2.190329e-06 1.904969e-06 	 -1.847436e-07 3.779837e-07 -4.600384e-07 	 2.225102e-06 2.568313e-06 1.444931e-06 	 896
7.250000 	 1.042164e-06 3.833642e-06 7.747258e-07 	 -5.481504e-08 2.678914e-07 -6.960686e-08 	 9.873491e-07 4.101534e-06 7.051189e-07 	 911
7.750000 	 8.229757e-07 2.773929e-09 -2.036918e-06 	 1.275198e-07 4.421584e-07 -6.665478e-08 	 9.504954e-07 4.449324e-07 -2.103573e-06 	 889
8.250000 	 -3.631400e-06 -7.158959e-07 2.092872e-06 	 -3.868589e-08 7.537572e-07 -4.305957e-07 	 -3.670086e-06 3.786128e-08 1.662276e-06 	 916
8.750000 	 -2.024639e-06 -1.789344e-06 -3.247085e-06 	 3.339278e-08 7.475487e-07 -7.537198e-07 	 -1.991247e-06 -1.041795e-06 -4.000805e-06 	 912
9.250000 	 -1.915289e-06 4.647857e-06 3.221634e-06 	 -2.685112e-07 1.001177e-06 3.219438e-07 	 -2.183800e-06 5.649034e-06 3.543577e-06 	 911
9.750000 	 3.195754e-07 -1.563450e-06 8.313905e-07 	 1.812971e-07 1.167815e-06 -3.285587e-08 	 5.008725e-07 -3.956353e-07 7.985347e-07 	 902
10.250000 	 5.467271e-07 1.893479e-06 -6.419423e-07 	 -1.177595e-07 2.619161e-08 9.132629e-07 	 4.289676e-07 1.919670e-06 2.713205e-07 	 914
10.750000 	 -6.685055e-07 5.208428e-07 2.398157e-07 	 -4.740561e-08 -7.715214e-07 1.230246e-06 	 -7.159111e-07 -2.506786e-07 1.470062e-06 	 891
11.250000 	 2.418987e-06 -3.562944e-06 -4.426884e-06 	 -5.629251e-07 -5.753126e-07 3.838082e-07 	 1.856062e-06 -4.138257e-06 -4.043076e-06 	 544
11.750000 	 9.581223e-07 -8.134652e-06 -6.342125e-07 	 7.589977e-07 -3.139380e-06 -2.676779e-07 	 1.717120e-06 -1.127403e-05 -9.018904e-07 	 21
12.250000 	 0.000000e+00 0.000000e+00 0.000000e+00 	 0.000000e+00 0.000000e+00 0.000000e+00 	 0.000000e+00 0.000000e+00 0.000000e+00 	 0
12.750000 	 0.000000e+00 0.000000e+00 0.000000e+00 	 0.000000e+00 0.000000e+00 0.000000e+00 	 0.000000e+00 0.000000e+00 0.000000e+00 	 0
13.250000 	 0.000000e+00 0.000000e+00 0.000000e+00 	 0.000000e+00 0.000000e+00 0.000000e+00 	 0.000000e+00 0.000000e+00 0.000000e+00 	 0
13.750000 	 0.000000e+00 0.000000e+00 0.000000e+00 	 0.000000e+00 0.000000e+00 0.000000e+00 	 0.000000e+00 0.000000e+00 0.000000e+00 	 0
14.250000 	 0.000000e+00 0.000000e+00 0.000000e+00 	 0.000000e+00 0.000000e+00 0.000000e+00 	 0.000000e+00 0.000000e+00 0.000000e+00 	 0
14.750000 	 0.000000e+00 0.000000e+00 0.000000e+00 	 0.000000e+00 0.000000e+00 0.000000e+00 	 0.000000e+00 0.000000e+00 0.000000e+00 	 0
