# 1  2-4    5-7    8-10   11     
# x  dirEF  recEF  sumEF  #Sample
0.250000 	 0.000000e+00 0.000000e+00 0.000000e+00 	 0.000000e+00 0.000000e+00 0.000000e+00 	 0.000000e+00 0.000000e+00 0.000000e+00 	 0
0.750000 	 0.000000e+00 0.000000e+00 0.000000e+00 	 0.000000e+00 0.000000e+00 0.000000e+00 	 0.000000e+00 0.000000e+00 0.000000e+00 	 0
1.250000 	 0.000000e+00 0.000000e+00 0.000000e+00 	 0.000000e+00 0.000000e+00 0.000000e+00 	 0.000000e+00 0.000000e+00 0.000000e+00 	 0
1.750000 	 0.000000e+00 0.000000e+00 0.000000e+00 	 0.000000e+00 0.000000e+00 0.000000e+00 	 0.000000e+00 0.000000e+00 0.000000e+00 	 0
2.250000 	 0.000000e+00 0.000000e+00 0.000000e+00 	 0.000000e+00 0.000000e+00 0.000000e+00 	 0.000000e+00 0.000000e+00 0.000000e+00 	 0
2.750000 	 0.000000e+00 0.000000e+00 0.000000e+00 	 0.000000e+00 0.000000e+00 0.000000e+00 	 0.000000e+00 0.000000e+00 0.000000e+00 	 0
3.250000 	 2.326082e-06 -1.503609e-07 -7.153146e-06 	 -2.148810e-06 2.439106e-08 2.737194e-06 	 1.772712e-07 -1.259699e-07 -4.415951e-06 	 22
3.750000 	 1.840650e-06 6.201204e-07 -1.418306e-06 	 5.182576e-07 -2.553014e-07 -1.038298e-06 	 2.358908e-06 3.648191e-07 -2.456604e-06 	 565
4.250000 	 -2.387885e-06 -7.222707e-07 3.868007e-07 	 2.107070e-07 -3.326375e-07 -9.478411e-08 	 -2.177178e-06 -1.054908e-06 2.920166e-07 	 886
4.750000 	 1.007593e-07 -5.140002e-07 -9.520362e-08 	 -1.751354e-07 -6.184420e-07 -7.207540e-07 	 -7.437613e-08 -1.132442e-06 -8.159576e-07 	 933
5.250000 	 1.940348e-06 -1.852310e-06 7.486163e-07 	 -5.892198e-08 8.646506e-07 -4.364236e-07 	 1.881426e-06 -9.876595e-07 3.121927e-07 	 884
5.750000 	 -1.666578e-07 -1.328570e-06 1.841988e-07 	 2.209294e-07 2.723636e-07 1.252717e-06 	 5.427162e-08 -1.056206e-06 1.436915e-06 	 906
6.250000 	 -2.718321e-06 -4.560374e-07 -2.127830e-06 	 2.410463e-07 9.753354e-08 1.114218e-07 	 -2.477275e-06 -3.585038e-07 -2.016408e-06 	 915
6.750000 	 1.277847e-06 2.440061e-06 -1.784696e-06 	 1.115763e-07 -4.811012e-07 -1.184034e-06 	 1.389423e-06 1.958960e-06 -2.968730e-06 	 906
7.250000 	 7.626706e-07 7.349626e-07 1.270925e-06 	 -1.968035e-07 -4.272130e-07 3.330651e-07 	 5.658671e-07 3.077496e-07 1.603990e-06 	 926
7.750000 	 3.465086e-07 -1.282891e-06 1.633386e-06 	 2.053417e-07 9.682280e-07 2.935341e-07 	 5.518503e-07 -3.146631e-07 1.926921e-06 	 901
8.250000 	 -3.783297e-06 -4.503929e-07 1.164352e-06 	 1.720769e-07 9.422207e-07 1.835563e-08 	 -3.611220e-06 4.918278e-07 1.182708e-06 	 886
8.750000 	 -6.612539e-07 -3.884046e-06 -3.876669e-06 	 -7.971564e-08 -4.809957e-07 1.832535e-07 	 -7.409695e-07 -4.365042e-06 -3.693416e-06 	 916
9.250000 	 1.640372e-07 3.885670e-07 7.443045e-07 	 -5.128076e-07 -1.014098e-07 -1.801084e-07 	 -3.487705e-07 2.871573e-07 5.641961e-07 	 892
9.750000 	 2.560608e-06 2.834476e-08 1.218610e-06 	 -2.053424e-08 3.719993e-07 -5.874449e-08 	 2.540073e-06 4.003441e-07 1.159865e-06 	 924
10.250000 	 9.820434e-07 -1.465578e-06 -5.867615e-07 	 -1.526211e-07 4.401943e-07 1.963181e-07 	 8.294223e-07 -1.025384e-06 -3.904434e-07 	 912
10.750000 	 4.308439e-07 -2.133291e-07 -1.202770e-06 	 3.912367e-08 7.978851e-07 -7.773816e-07 	 4.699676e-07 5.845559e-07 -1.980152e-06 	 903
11.250000 	 -1.754477e-06 2.368221e-07 -2.722279e-07 	 3.982161e-07 7.212571e-07 -1.353177e-06 	 -1.356261e-06 9.580792e-07 -1.625405e-06 	 524
11.750000 	 -2.100133e-05 1.422743e-06 8.652943e-06 	 1.164647e-06 2.968801e-06 -3.058365e-07 	 -1.983669e-05 4.391544e-06 8.347106e-06 	 23
12.250000 	 0.000000e+00 0.000000e+00 0.000000e+00 	 0.000000e+00 0.000000e+00 0.000000e+00 	 0.000000e+00 0.000000e+00 0.000000e+00 	 0
12.750000 	 0.000000e+00 0.000000e+00 0.000000e+00 	 0.000000e+00 0.000000e+00 0.000000e+00 	 0.000000e+00 0.000000e+00 0.000000e+00 	 0
13.250000 	 0.000000e+00 0.000000e+00 0.000000e+00 	 0.000000e+00 0.000000e+00 0.000000e+00 	 0.000000e+00 0.000000e+00 0.000000e+00 	 0
13.750000 	 0.000000e+00 0.000000e+00 0.000000e+00 	 0.000000e+00 0.000000e+00 0.000000e+00 	 0.000000e+00 0.000000e+00 0.000000e+00 	 0
14.250000 	 0.000000e+00 0.000000e+00 0.000000e+00 	 0.000000e+00 0.000000e+00 0.000000e+00 	 0.000000e+00 0.000000e+00 0.000000e+00 	 0
14.750000 	 0.000000e+00 0.000000e+00 0.000000e+00 	 0.000000e+00 0.000000e+00 0.000000e+00 	 0.000000e+00 0.000000e+00 0.000000e+00 	 0
