# 1  2-4    5-7    8-10   11     
# x  dirEF  recEF  sumEF  #Sample
0.250000 	 0.000000e+00 0.000000e+00 0.000000e+00 	 0.000000e+00 0.000000e+00 0.000000e+00 	 0.000000e+00 0.000000e+00 0.000000e+00 	 0
0.750000 	 0.000000e+00 0.000000e+00 0.000000e+00 	 0.000000e+00 0.000000e+00 0.000000e+00 	 0.000000e+00 0.000000e+00 0.000000e+00 	 0
1.250000 	 0.000000e+00 0.000000e+00 0.000000e+00 	 0.000000e+00 0.000000e+00 0.000000e+00 	 0.000000e+00 0.000000e+00 0.000000e+00 	 0
1.750000 	 0.000000e+00 0.000000e+00 0.000000e+00 	 0.000000e+00 0.000000e+00 0.000000e+00 	 0.000000e+00 0.000000e+00 0.000000e+00 	 0
2.250000 	 0.000000e+00 0.000000e+00 0.000000e+00 	 0.000000e+00 0.000000e+00 0.000000e+00 	 0.000000e+00 0.000000e+00 0.000000e+00 	 0
2.750000 	 0.000000e+00 0.000000e+00 0.000000e+00 	 0.000000e+00 0.000000e+00 0.000000e+00 	 0.000000e+00 0.000000e+00 0.000000e+00 	 0
3.250000 	 -4.396715e-07 1.084924e-06 8.132157e-06 	 8.076436e-06 1.326400e-07 -2.035020e-06 	 7.636765e-06 1.217564e-06 6.097137e-06 	 18
3.750000 	 -4.353266e-06 -1.191299e-07 2.554424e-06 	 3.800071e-06 -7.941090e-07 1.137982e-07 	 -5.531948e-07 -9.132389e-07 2.668223e-06 	 581
4.250000 	 -2.798329e-06 4.140361e-06 -2.783978e-06 	 -3.175259e-06 1.834071e-07 -5.061894e-07 	 -5.973588e-06 4.323768e-06 -3.290168e-06 	 891
4.750000 	 2.465253e-06 -4.598183e-06 8.133828e-08 	 1.867930e-06 8.498623e-07 1.196096e-06 	 4.333183e-06 -3.748320e-06 1.277434e-06 	 906
5.250000 	 4.690420e-06 -1.148682e-06 2.432414e-06 	 -5.115129e-07 4.629400e-09 -1.252611e-06 	 4.178907e-06 -1.144053e-06 1.179803e-06 	 912
5.750000 	 -1.604992e-06 -5.700987e-08 9.276834e-07 	 1.230579e-07 -1.109776e-06 8.029208e-07 	 -1.481934e-06 -1.166786e-06 1.730604e-06 	 902
6.250000 	 3.899596e-07 -7.103791e-07 -1.410027e-06 	 -3.380069e-06 -5.937350e-07 -2.429385e-07 	 -2.990110e-06 -1.304114e-06 -1.652966e-06 	 894
6.750000 	 -3.206637e-06 3.997360e-07 -1.475054e-06 	 3.060361e-06 -1.592131e-07 -3.274267e-07 	 -1.462764e-07 2.405229e-07 -1.802480e-06 	 922
7.250000 	 2.209171e-06 -6.261691e-07 7.908862e-07 	 -9.649954e-07 -1.857328e-07 1.492485e-07 	 1.244176e-06 -8.119019e-07 9.401347e-07 	 899
7.750000 	 3.165500e-06 -7.520196e-07 3.387551e-06 	 -6.369693e-07 -2.805525e-08 2.171135e-07 	 2.528531e-06 -7.800748e-07 3.604664e-06 	 907
8.250000 	 -2.742957e-07 1.975452e-06 -4.329087e-07 	 -7.824528e-07 -5.741100e-07 7.464712e-07 	 -1.056748e-06 1.401342e-06 3.135626e-07 	 894
8.750000 	 -1.392938e-06 -3.765523e-06 -1.544100e-06 	 7.592474e-07 -1.175118e-07 1.701204e-07 	 -6.336902e-07 -3.883035e-06 -1.373980e-06 	 923
9.250000 	 -8.916916e-07 1.919764e-06 2.028592e-07 	 -7.832442e-07 -5.786814e-07 2.203772e-07 	 -1.674936e-06 1.341083e-06 4.232364e-07 	 898
9.750000 	 3.462261e-06 8.808653e-07 1.579275e-06 	 1.219613e-06 -4.714067e-07 -4.643468e-08 	 4.681874e-06 4.094585e-07 1.532840e-06 	 885
10.250000 	 -6.418269e-07 -2.779439e-06 8.843212e-07 	 -1.103041e-06 1.630857e-07 5.011745e-08 	 -1.744868e-06 -2.616353e-06 9.344387e-07 	 931
10.750000 	 1.694973e-06 -2.467159e-06 2.574857e-06 	 7.707755e-07 1.750035e-07 2.610455e-07 	 2.465749e-06 -2.292155e-06 2.835902e-06 	 903
11.250000 	 1.257594e-06 -4.438349e-07 -1.929044e-06 	 -2.138536e-07 6.674923e-07 -5.861551e-07 	 1.043740e-06 2.236573e-07 -2.515199e-06 	 538
11.750000 	 2.580969e-05 -3.067519e-07 2.281786e-06 	 4.842325e-06 -3.407133e-06 2.419514e-06 	 3.065202e-05 -3.713885e-06 4.701300e-06 	 20
12.250000 	 0.000000e+00 0.000000e+00 0.000000e+00 	 0.000000e+00 0.000000e+00 0.000000e+00 	 0.000000e+00 0.000000e+00 0.000000e+00 	 0
12.750000 	 0.000000e+00 0.000000e+00 0.000000e+00 	 0.000000e+00 0.000000e+00 0.000000e+00 	 0.000000e+00 0.000000e+00 0.000000e+00 	 0
13.250000 	 0.000000e+00 0.000000e+00 0.000000e+00 	 0.000000e+00 0.000000e+00 0.000000e+00 	 0.000000e+00 0.000000e+00 0.000000e+00 	 0
13.750000 	 0.000000e+00 0.000000e+00 0.000000e+00 	 0.000000e+00 0.000000e+00 0.000000e+00 	 0.000000e+00 0.000000e+00 0.000000e+00 	 0
14.250000 	 0.000000e+00 0.000000e+00 0.000000e+00 	 0.000000e+00 0.000000e+00 0.000000e+00 	 0.000000e+00 0.000000e+00 0.000000e+00 	 0
14.750000 	 0.000000e+00 0.000000e+00 0.000000e+00 	 0.000000e+00 0.000000e+00 0.000000e+00 	 0.000000e+00 0.000000e+00 0.000000e+00 	 0
