# 1  2-4    5-7    8-10   11     
# x  dirEF  recEF  sumEF  #Sample
0.250000 	 0.000000e+00 0.000000e+00 0.000000e+00 	 0.000000e+00 0.000000e+00 0.000000e+00 	 0.000000e+00 0.000000e+00 0.000000e+00 	 0
0.750000 	 0.000000e+00 0.000000e+00 0.000000e+00 	 0.000000e+00 0.000000e+00 0.000000e+00 	 0.000000e+00 0.000000e+00 0.000000e+00 	 0
1.250000 	 0.000000e+00 0.000000e+00 0.000000e+00 	 0.000000e+00 0.000000e+00 0.000000e+00 	 0.000000e+00 0.000000e+00 0.000000e+00 	 0
1.750000 	 0.000000e+00 0.000000e+00 0.000000e+00 	 0.000000e+00 0.000000e+00 0.000000e+00 	 0.000000e+00 0.000000e+00 0.000000e+00 	 0
2.250000 	 0.000000e+00 0.000000e+00 0.000000e+00 	 0.000000e+00 0.000000e+00 0.000000e+00 	 0.000000e+00 0.000000e+00 0.000000e+00 	 0
2.750000 	 0.000000e+00 0.000000e+00 0.000000e+00 	 0.000000e+00 0.000000e+00 0.000000e+00 	 0.000000e+00 0.000000e+00 0.000000e+00 	 0
3.250000 	 1.023955e-05 -1.185903e-05 -4.887480e-06 	 -7.620806e-06 -6.048678e-06 -5.295341e-06 	 2.618740e-06 -1.790771e-05 -1.018282e-05 	 43
3.750000 	 -2.136024e-06 1.215704e-06 1.134636e-06 	 3.194465e-06 -4.786924e-07 2.873181e-07 	 1.058441e-06 7.370112e-07 1.421954e-06 	 569
4.250000 	 -1.821933e-06 -2.835279e-06 2.912386e-06 	 -3.915829e-06 -7.034280e-08 -1.121843e-06 	 -5.737762e-06 -2.905622e-06 1.790543e-06 	 884
4.750000 	 -6.699881e-07 2.856940e-06 1.114829e-06 	 3.231510e-06 1.445425e-06 -4.706603e-07 	 2.561522e-06 4.302365e-06 6.441688e-07 	 897
5.250000 	 -5.046610e-07 2.708893e-07 -2.491118e-06 	 8.255739e-08 -6.144564e-07 7.542533e-07 	 -4.221036e-07 -3.435671e-07 -1.736865e-06 	 920
5.750000 	 1.879050e-06 8.233827e-08 1.084088e-07 	 -3.052006e-06 -2.850303e-07 8.953157e-07 	 -1.172956e-06 -2.026920e-07 1.003725e-06 	 894
6.250000 	 8.360085e-07 -9.216302e-07 1.332279e-07 	 3.778192e-06 -1.082305e-06 -2.898472e-07 	 4.614201e-06 -2.003935e-06 -1.566192e-07 	 905
6.750000 	 4.558224e-07 2.900075e-06 -9.374006e-07 	 -4.331141e-06 -3.047533e-07 1.153270e-07 	 -3.875319e-06 2.595322e-06 -8.220736e-07 	 914
7.250000 	 7.386551e-06 -1.752245e-06 -2.388603e-06 	 2.951028e-06 5.728005e-07 1.053413e-08 	 1.033758e-05 -1.179444e-06 -2.378068e-06 	 908
7.750000 	 -2.821756e-06 1.732849e-07 -2.809135e-07 	 1.435277e-06 -1.890349e-07 -4.622790e-08 	 -1.386479e-06 -1.575006e-08 -3.271414e-07 	 907
8.250000 	 -1.767253e-06 4.963476e-07 3.124062e-07 	 -2.363021e-06 -7.041440e-09 -2.532931e-07 	 -4.130274e-06 4.893061e-07 5.911310e-08 	 910
8.750000 	 4.099792e-07 9.294226e-07 1.063223e-06 	 1.607625e-06 -1.888614e-07 2.497360e-07 	 2.017604e-06 7.405612e-07 1.312959e-06 	 890
9.250000 	 -3.194081e-07 -1.718639e-06 5.115874e-06 	 -5.676613e-07 6.632584e-07 3.121227e-07 	 -8.870694e-07 -1.055381e-06 5.427997e-06 	 889
9.750000 	 2.726863e-06 -2.808544e-06 -6.972480e-06 	 5.157405e-07 -6.802645e-07 -4.032698e-07 	 3.242603e-06 -3.488809e-06 -7.375750e-06 	 914
10.250000 	 -4.402685e-06 1.150513e-06 3.457745e-06 	 2.119746e-06 -9.315935e-08 -1.719641e-07 	 -2.282939e-06 1.057353e-06 3.285781e-06 	 910
10.750000 	 -1.651134e-07 -1.931344e-06 -2.485641e-06 	 -2.228405e-06 -3.182454e-07 -3.768358e-07 	 -2.393518e-06 -2.249589e-06 -2.862477e-06 	 891
11.250000 	 1.005381e-06 5.015981e-07 -1.695723e-06 	 5.819003e-07 1.014652e-06 1.712045e-07 	 1.587282e-06 1.516250e-06 -1.524518e-06 	 558
11.750000 	 -7.672805e-06 7.731562e-06 -2.536435e-06 	 -1.637342e-06 -2.489564e-06 2.567767e-06 	 -9.310147e-06 5.241998e-06 3.133187e-08 	 21
12.250000 	 0.000000e+00 0.000000e+00 0.000000e+00 	 0.000000e+00 0.000000e+00 0.000000e+00 	 0.000000e+00 0.000000e+00 0.000000e+00 	 0
12.750000 	 0.000000e+00 0.000000e+00 0.000000e+00 	 0.000000e+00 0.000000e+00 0.000000e+00 	 0.000000e+00 0.000000e+00 0.000000e+00 	 0
13.250000 	 0.000000e+00 0.000000e+00 0.000000e+00 	 0.000000e+00 0.000000e+00 0.000000e+00 	 0.000000e+00 0.000000e+00 0.000000e+00 	 0
13.750000 	 0.000000e+00 0.000000e+00 0.000000e+00 	 0.000000e+00 0.000000e+00 0.000000e+00 	 0.000000e+00 0.000000e+00 0.000000e+00 	 0
14.250000 	 0.000000e+00 0.000000e+00 0.000000e+00 	 0.000000e+00 0.000000e+00 0.000000e+00 	 0.000000e+00 0.000000e+00 0.000000e+00 	 0
14.750000 	 0.000000e+00 0.000000e+00 0.000000e+00 	 0.000000e+00 0.000000e+00 0.000000e+00 	 0.000000e+00 0.000000e+00 0.000000e+00 	 0
