# 1  2-4    5-7    8-10   11     
# x  dirEF  recEF  sumEF  #Sample
0.250000 	 0.000000e+00 0.000000e+00 0.000000e+00 	 0.000000e+00 0.000000e+00 0.000000e+00 	 0.000000e+00 0.000000e+00 0.000000e+00 	 0
0.750000 	 0.000000e+00 0.000000e+00 0.000000e+00 	 0.000000e+00 0.000000e+00 0.000000e+00 	 0.000000e+00 0.000000e+00 0.000000e+00 	 0
1.250000 	 0.000000e+00 0.000000e+00 0.000000e+00 	 0.000000e+00 0.000000e+00 0.000000e+00 	 0.000000e+00 0.000000e+00 0.000000e+00 	 0
1.750000 	 0.000000e+00 0.000000e+00 0.000000e+00 	 0.000000e+00 0.000000e+00 0.000000e+00 	 0.000000e+00 0.000000e+00 0.000000e+00 	 0
2.250000 	 0.000000e+00 0.000000e+00 0.000000e+00 	 0.000000e+00 0.000000e+00 0.000000e+00 	 0.000000e+00 0.000000e+00 0.000000e+00 	 0
2.750000 	 0.000000e+00 0.000000e+00 0.000000e+00 	 0.000000e+00 0.000000e+00 0.000000e+00 	 0.000000e+00 0.000000e+00 0.000000e+00 	 0
3.250000 	 -4.012889e-06 9.553426e-07 -3.967512e-06 	 -3.864826e-06 2.978766e-08 -6.510434e-07 	 -7.877715e-06 9.851303e-07 -4.618555e-06 	 43
3.750000 	 2.636629e-07 -2.008380e-06 -2.415390e-06 	 1.092023e-06 8.232398e-09 -3.784721e-08 	 1.355686e-06 -2.000147e-06 -2.453237e-06 	 570
4.250000 	 1.309837e-06 5.556756e-06 8.607653e-07 	 -1.557794e-07 -3.264900e-08 -1.232073e-07 	 1.154058e-06 5.524107e-06 7.375581e-07 	 887
4.750000 	 1.275341e-06 -2.366476e-06 1.963811e-06 	 7.916103e-08 1.004291e-09 6.230063e-09 	 1.354502e-06 -2.365471e-06 1.970041e-06 	 905
5.250000 	 -8.528661e-07 -3.012526e-07 1.986850e-06 	 -7.649360e-08 2.829017e-09 -8.497513e-08 	 -9.293597e-07 -2.984235e-07 1.901875e-06 	 917
5.750000 	 -5.801564e-07 3.929347e-06 7.952578e-07 	 9.807904e-08 1.119861e-07 -4.202892e-08 	 -4.820774e-07 4.041333e-06 7.532289e-07 	 923
6.250000 	 4.073769e-07 -6.786240e-07 -1.464014e-06 	 6.433048e-08 9.614247e-08 8.034005e-08 	 4.717074e-07 -5.824816e-07 -1.383674e-06 	 885
6.750000 	 3.405651e-06 1.005235e-06 2.021261e-06 	 -1.010954e-08 -2.311260e-08 -4.187485e-08 	 3.395542e-06 9.821220e-07 1.979386e-06 	 919
7.250000 	 -1.547218e-06 1.550887e-06 1.506224e-06 	 -5.894108e-08 4.005315e-08 1.860102e-07 	 -1.606159e-06 1.590940e-06 1.692234e-06 	 887
7.750000 	 -4.724684e-06 4.514906e-07 -4.282440e-06 	 -1.719098e-07 -7.516892e-08 -1.571275e-08 	 -4.896594e-06 3.763217e-07 -4.298153e-06 	 901
8.250000 	 -2.497114e-06 -2.178645e-06 2.584933e-06 	 9.617513e-08 -4.261815e-08 -4.902430e-08 	 -2.400939e-06 -2.221263e-06 2.535909e-06 	 899
8.750000 	 -3.850244e-07 2.376596e-06 3.193183e-06 	 -8.153740e-09 -1.236817e-07 -4.167795e-08 	 -3.931781e-07 2.252914e-06 3.151505e-06 	 891
9.250000 	 2.009621e-07 3.892676e-07 -6.376119e-07 	 2.433329e-07 -3.806388e-08 1.274614e-07 	 4.442949e-07 3.512037e-07 -5.101505e-07 	 917
9.750000 	 4.841535e-06 -1.242578e-06 3.178329e-06 	 -3.073195e-07 1.599167e-08 2.062111e-08 	 4.534216e-06 -1.226587e-06 3.198950e-06 	 886
10.250000 	 1.784440e-06 -7.023281e-07 -8.776037e-07 	 4.807994e-07 -1.417705e-08 5.983884e-08 	 2.265239e-06 -7.165051e-07 -8.177648e-07 	 897
10.750000 	 -4.476291e-07 1.022660e-06 9.075144e-07 	 -5.770513e-07 -1.429950e-08 8.223622e-10 	 -1.024680e-06 1.008361e-06 9.083368e-07 	 884
11.250000 	 -5.434200e-07 1.401139e-06 -3.177397e-06 	 -6.137406e-07 -3.149005e-08 5.419527e-09 	 -1.157161e-06 1.369649e-06 -3.171978e-06 	 541
11.750000 	 7.886459e-06 -5.633914e-06 3.592229e-07 	 -2.113554e-08 5.574441e-08 -3.574126e-08 	 7.865324e-06 -5.578170e-06 3.234817e-07 	 72
12.250000 	 0.000000e+00 0.000000e+00 0.000000e+00 	 0.000000e+00 0.000000e+00 0.000000e+00 	 0.000000e+00 0.000000e+00 0.000000e+00 	 0
12.750000 	 0.000000e+00 0.000000e+00 0.000000e+00 	 0.000000e+00 0.000000e+00 0.000000e+00 	 0.000000e+00 0.000000e+00 0.000000e+00 	 0
13.250000 	 0.000000e+00 0.000000e+00 0.000000e+00 	 0.000000e+00 0.000000e+00 0.000000e+00 	 0.000000e+00 0.000000e+00 0.000000e+00 	 0
13.750000 	 0.000000e+00 0.000000e+00 0.000000e+00 	 0.000000e+00 0.000000e+00 0.000000e+00 	 0.000000e+00 0.000000e+00 0.000000e+00 	 0
14.250000 	 0.000000e+00 0.000000e+00 0.000000e+00 	 0.000000e+00 0.000000e+00 0.000000e+00 	 0.000000e+00 0.000000e+00 0.000000e+00 	 0
14.750000 	 0.000000e+00 0.000000e+00 0.000000e+00 	 0.000000e+00 0.000000e+00 0.000000e+00 	 0.000000e+00 0.000000e+00 0.000000e+00 	 0
