# 1  2-4    5-7    8-10   11     
# x  dirEF  recEF  sumEF  #Sample
0.250000 	 0.000000e+00 0.000000e+00 0.000000e+00 	 0.000000e+00 0.000000e+00 0.000000e+00 	 0.000000e+00 0.000000e+00 0.000000e+00 	 0
0.750000 	 0.000000e+00 0.000000e+00 0.000000e+00 	 0.000000e+00 0.000000e+00 0.000000e+00 	 0.000000e+00 0.000000e+00 0.000000e+00 	 0
1.250000 	 0.000000e+00 0.000000e+00 0.000000e+00 	 0.000000e+00 0.000000e+00 0.000000e+00 	 0.000000e+00 0.000000e+00 0.000000e+00 	 0
1.750000 	 0.000000e+00 0.000000e+00 0.000000e+00 	 0.000000e+00 0.000000e+00 0.000000e+00 	 0.000000e+00 0.000000e+00 0.000000e+00 	 0
2.250000 	 0.000000e+00 0.000000e+00 0.000000e+00 	 0.000000e+00 0.000000e+00 0.000000e+00 	 0.000000e+00 0.000000e+00 0.000000e+00 	 0
2.750000 	 0.000000e+00 0.000000e+00 0.000000e+00 	 0.000000e+00 0.000000e+00 0.000000e+00 	 0.000000e+00 0.000000e+00 0.000000e+00 	 0
3.250000 	 -6.138045e-06 3.923024e-06 5.582960e-06 	 -3.149954e-06 -1.148881e-07 -1.472608e-06 	 -9.287999e-06 3.808136e-06 4.110352e-06 	 44
3.750000 	 9.150881e-07 7.878775e-07 -3.207869e-06 	 8.387387e-07 7.427593e-07 7.435551e-07 	 1.753827e-06 1.530637e-06 -2.464314e-06 	 579
4.250000 	 2.892927e-06 -2.077714e-06 2.427506e-06 	 -3.259379e-07 5.162483e-07 -2.421081e-07 	 2.566989e-06 -1.561466e-06 2.185398e-06 	 882
4.750000 	 -6.643750e-07 4.526436e-07 -8.831195e-08 	 -4.555175e-07 -7.193285e-07 -1.770455e-07 	 -1.119892e-06 -2.666848e-07 -2.653574e-07 	 903
5.250000 	 4.160613e-06 6.320296e-06 -6.665587e-09 	 4.898359e-07 9.402892e-07 3.341774e-07 	 4.650448e-06 7.260586e-06 3.275118e-07 	 910
5.750000 	 -2.675081e-06 -1.779174e-06 -1.017609e-06 	 3.623208e-07 -2.184795e-08 4.269846e-07 	 -2.312760e-06 -1.801022e-06 -5.906241e-07 	 906
6.250000 	 3.548659e-07 -2.462790e-06 1.395652e-07 	 8.925677e-08 -5.327227e-07 3.793719e-07 	 4.441227e-07 -2.995513e-06 5.189370e-07 	 924
6.750000 	 1.035434e-06 -1.230302e-06 -2.932617e-06 	 3.068643e-07 -4.660255e-07 4.057955e-07 	 1.342298e-06 -1.696328e-06 -2.526821e-06 	 899
7.250000 	 4.172731e-07 -3.078055e-06 2.369855e-06 	 -3.927854e-07 -9.943122e-07 6.643282e-07 	 2.448761e-08 -4.072367e-06 3.034183e-06 	 909
7.750000 	 1.123667e-06 1.558298e-06 -1.206469e-06 	 3.741314e-07 7.390041e-07 5.949427e-08 	 1.497798e-06 2.297302e-06 -1.146974e-06 	 904
8.250000 	 -2.021429e-07 -9.718473e-07 -3.350300e-06 	 -1.778060e-07 8.689701e-09 -7.238616e-07 	 -3.799489e-07 -9.631576e-07 -4.074161e-06 	 881
8.750000 	 4.914492e-06 1.375347e-06 1.900919e-06 	 -1.408700e-07 7.551339e-07 5.679826e-07 	 4.773622e-06 2.130481e-06 2.468901e-06 	 892
9.250000 	 -1.823694e-06 1.326317e-06 -1.955847e-07 	 4.508660e-07 5.952955e-08 2.697500e-07 	 -1.372828e-06 1.385847e-06 7.416527e-08 	 896
9.750000 	 8.359844e-07 1.952800e-06 -3.148483e-08 	 -5.812218e-07 -6.719137e-07 3.593384e-07 	 2.547626e-07 1.280886e-06 3.278536e-07 	 896
10.250000 	 -1.474521e-07 -2.361408e-06 3.794724e-07 	 3.389141e-07 -1.074296e-06 5.896455e-08 	 1.914619e-07 -3.435703e-06 4.384370e-07 	 895
10.750000 	 -1.022137e-06 1.900764e-06 -1.917270e-06 	 1.963011e-07 -7.235307e-07 -7.602485e-07 	 -8.258362e-07 1.177234e-06 -2.677518e-06 	 907
11.250000 	 -2.542542e-06 -2.570319e-08 -9.602591e-07 	 -8.209156e-07 2.848681e-07 5.896128e-07 	 -3.363458e-06 2.591649e-07 -3.706463e-07 	 523
11.750000 	 -3.826591e-07 7.852641e-08 3.310798e-06 	 6.518315e-07 -4.654882e-07 -1.000882e-06 	 2.691724e-07 -3.869618e-07 2.309916e-06 	 73
12.250000 	 7.261800e-05 -7.496433e-06 5.015457e-06 	 3.460287e-06 -5.685904e-06 8.020897e-06 	 7.607828e-05 -1.318234e-05 1.303635e-05 	 1
12.750000 	 0.000000e+00 0.000000e+00 0.000000e+00 	 0.000000e+00 0.000000e+00 0.000000e+00 	 0.000000e+00 0.000000e+00 0.000000e+00 	 0
13.250000 	 0.000000e+00 0.000000e+00 0.000000e+00 	 0.000000e+00 0.000000e+00 0.000000e+00 	 0.000000e+00 0.000000e+00 0.000000e+00 	 0
13.750000 	 0.000000e+00 0.000000e+00 0.000000e+00 	 0.000000e+00 0.000000e+00 0.000000e+00 	 0.000000e+00 0.000000e+00 0.000000e+00 	 0
14.250000 	 0.000000e+00 0.000000e+00 0.000000e+00 	 0.000000e+00 0.000000e+00 0.000000e+00 	 0.000000e+00 0.000000e+00 0.000000e+00 	 0
14.750000 	 0.000000e+00 0.000000e+00 0.000000e+00 	 0.000000e+00 0.000000e+00 0.000000e+00 	 0.000000e+00 0.000000e+00 0.000000e+00 	 0
