# 1  2-4    5-7    8-10   11     
# x  dirEF  recEF  sumEF  #Sample
0.250000 	 0.000000e+00 0.000000e+00 0.000000e+00 	 0.000000e+00 0.000000e+00 0.000000e+00 	 0.000000e+00 0.000000e+00 0.000000e+00 	 0
0.750000 	 0.000000e+00 0.000000e+00 0.000000e+00 	 0.000000e+00 0.000000e+00 0.000000e+00 	 0.000000e+00 0.000000e+00 0.000000e+00 	 0
1.250000 	 0.000000e+00 0.000000e+00 0.000000e+00 	 0.000000e+00 0.000000e+00 0.000000e+00 	 0.000000e+00 0.000000e+00 0.000000e+00 	 0
1.750000 	 0.000000e+00 0.000000e+00 0.000000e+00 	 0.000000e+00 0.000000e+00 0.000000e+00 	 0.000000e+00 0.000000e+00 0.000000e+00 	 0
2.250000 	 0.000000e+00 0.000000e+00 0.000000e+00 	 0.000000e+00 0.000000e+00 0.000000e+00 	 0.000000e+00 0.000000e+00 0.000000e+00 	 0
2.750000 	 -3.399353e-05 1.484367e-06 1.986863e-05 	 2.167800e-06 2.346411e-06 5.550042e-07 	 -3.182573e-05 3.830778e-06 2.042363e-05 	 1
3.250000 	 -4.032407e-06 5.982661e-07 2.950185e-06 	 7.485094e-06 -1.736239e-06 5.989430e-06 	 3.452687e-06 -1.137973e-06 8.939616e-06 	 33
3.750000 	 -2.144359e-06 8.015997e-08 -4.233712e-06 	 -7.235542e-09 1.553590e-06 2.349511e-06 	 -2.151594e-06 1.633750e-06 -1.884200e-06 	 555
4.250000 	 -1.133802e-06 2.106625e-06 -1.035369e-06 	 1.216385e-06 -5.813808e-07 8.596989e-07 	 8.258328e-08 1.525244e-06 -1.756697e-07 	 879
4.750000 	 2.882491e-07 1.796813e-07 3.473251e-06 	 -1.323389e-06 -1.602446e-07 -1.258460e-06 	 -1.035140e-06 1.943671e-08 2.214790e-06 	 903
5.250000 	 6.073928e-07 -2.343781e-06 -5.296909e-08 	 2.309004e-06 -1.596681e-07 1.602021e-06 	 2.916397e-06 -2.503449e-06 1.549052e-06 	 915
5.750000 	 -1.877851e-06 1.826643e-06 -1.792561e-06 	 -1.472564e-06 -2.766472e-07 1.246620e-06 	 -3.350416e-06 1.549996e-06 -5.459413e-07 	 912
6.250000 	 -2.245756e-06 -2.791279e-06 1.033709e-07 	 -4.334956e-07 -2.890633e-07 -5.670686e-07 	 -2.679252e-06 -3.080342e-06 -4.636977e-07 	 907
6.750000 	 2.387002e-06 1.098777e-07 5.159365e-06 	 5.006327e-06 1.129263e-06 -6.556999e-07 	 7.393329e-06 1.239141e-06 4.503665e-06 	 923
7.250000 	 1.414835e-06 -8.392499e-09 -2.516727e-06 	 -3.882515e-07 9.937274e-07 -9.608551e-07 	 1.026584e-06 9.853349e-07 -3.477582e-06 	 886
7.750000 	 -1.072767e-07 2.616964e-06 1.387212e-06 	 -8.582425e-07 1.555286e-06 2.937681e-07 	 -9.655192e-07 4.172250e-06 1.680980e-06 	 928
8.250000 	 -2.980337e-06 2.318620e-06 -4.595715e-06 	 1.572285e-06 6.905069e-07 1.869105e-06 	 -1.408052e-06 3.009127e-06 -2.726610e-06 	 906
8.750000 	 -1.721661e-06 -1.065733e-06 1.559846e-06 	 -3.119020e-07 4.407316e-07 -1.074477e-06 	 -2.033563e-06 -6.250016e-07 4.853687e-07 	 924
9.250000 	 2.233693e-07 -2.291178e-06 -2.582306e-06 	 -5.067573e-07 2.182256e-08 -1.070410e-06 	 -2.833879e-07 -2.269356e-06 -3.652716e-06 	 915
9.750000 	 1.613486e-06 1.266432e-06 -3.260877e-07 	 -6.000961e-07 7.416692e-07 -1.509194e-06 	 1.013390e-06 2.008102e-06 -1.835281e-06 	 891
10.250000 	 1.362047e-06 1.591544e-06 -4.031216e-06 	 1.973989e-06 -1.552099e-06 1.455800e-06 	 3.336036e-06 3.944491e-08 -2.575416e-06 	 901
10.750000 	 -1.507854e-06 2.338971e-06 1.556113e-06 	 2.463366e-07 -1.597938e-06 8.345110e-07 	 -1.261517e-06 7.410324e-07 2.390624e-06 	 885
11.250000 	 1.247651e-06 -3.113334e-06 -2.605160e-06 	 -8.115799e-07 -2.624506e-06 3.534338e-07 	 4.360709e-07 -5.737839e-06 -2.251726e-06 	 509
11.750000 	 1.137079e-05 -2.558473e-06 -6.939849e-06 	 -2.551101e-07 -2.830767e-06 -2.453061e-07 	 1.111567e-05 -5.389239e-06 -7.185155e-06 	 51
12.250000 	 0.000000e+00 0.000000e+00 0.000000e+00 	 0.000000e+00 0.000000e+00 0.000000e+00 	 0.000000e+00 0.000000e+00 0.000000e+00 	 0
12.750000 	 0.000000e+00 0.000000e+00 0.000000e+00 	 0.000000e+00 0.000000e+00 0.000000e+00 	 0.000000e+00 0.000000e+00 0.000000e+00 	 0
13.250000 	 0.000000e+00 0.000000e+00 0.000000e+00 	 0.000000e+00 0.000000e+00 0.000000e+00 	 0.000000e+00 0.000000e+00 0.000000e+00 	 0
13.750000 	 0.000000e+00 0.000000e+00 0.000000e+00 	 0.000000e+00 0.000000e+00 0.000000e+00 	 0.000000e+00 0.000000e+00 0.000000e+00 	 0
14.250000 	 0.000000e+00 0.000000e+00 0.000000e+00 	 0.000000e+00 0.000000e+00 0.000000e+00 	 0.000000e+00 0.000000e+00 0.000000e+00 	 0
14.750000 	 0.000000e+00 0.000000e+00 0.000000e+00 	 0.000000e+00 0.000000e+00 0.000000e+00 	 0.000000e+00 0.000000e+00 0.000000e+00 	 0
