# 1  2-4    5-7    8-10   11     
# x  dirEF  recEF  sumEF  #Sample
0.250000 	 0.000000e+00 0.000000e+00 0.000000e+00 	 0.000000e+00 0.000000e+00 0.000000e+00 	 0.000000e+00 0.000000e+00 0.000000e+00 	 0
0.750000 	 0.000000e+00 0.000000e+00 0.000000e+00 	 0.000000e+00 0.000000e+00 0.000000e+00 	 0.000000e+00 0.000000e+00 0.000000e+00 	 0
1.250000 	 0.000000e+00 0.000000e+00 0.000000e+00 	 0.000000e+00 0.000000e+00 0.000000e+00 	 0.000000e+00 0.000000e+00 0.000000e+00 	 0
1.750000 	 0.000000e+00 0.000000e+00 0.000000e+00 	 0.000000e+00 0.000000e+00 0.000000e+00 	 0.000000e+00 0.000000e+00 0.000000e+00 	 0
2.250000 	 0.000000e+00 0.000000e+00 0.000000e+00 	 0.000000e+00 0.000000e+00 0.000000e+00 	 0.000000e+00 0.000000e+00 0.000000e+00 	 0
2.750000 	 0.000000e+00 0.000000e+00 0.000000e+00 	 0.000000e+00 0.000000e+00 0.000000e+00 	 0.000000e+00 0.000000e+00 0.000000e+00 	 0
3.250000 	 2.108990e-05 -8.099717e-06 -2.536333e-06 	 1.941838e-06 4.090915e-06 -3.259383e-06 	 2.303174e-05 -4.008802e-06 -5.795715e-06 	 21
3.750000 	 2.134765e-06 7.059088e-07 4.176967e-07 	 -1.152100e-06 5.198583e-07 2.881418e-07 	 9.826643e-07 1.225767e-06 7.058384e-07 	 569
4.250000 	 -2.284721e-06 2.452344e-07 -1.202468e-06 	 1.916722e-06 3.512125e-07 3.473118e-07 	 -3.679986e-07 5.964468e-07 -8.551566e-07 	 899
4.750000 	 4.560998e-07 -4.532196e-07 1.146830e-06 	 -1.530072e-06 4.781081e-07 -7.374932e-08 	 -1.073973e-06 2.488851e-08 1.073080e-06 	 904
5.250000 	 2.329623e-06 4.071244e-07 -3.881088e-06 	 -2.323371e-06 5.785611e-07 6.487025e-07 	 6.251788e-09 9.856855e-07 -3.232386e-06 	 906
5.750000 	 4.831510e-06 -9.080675e-07 -1.344000e-06 	 2.738608e-06 -1.436637e-07 8.991393e-07 	 7.570118e-06 -1.051731e-06 -4.448602e-07 	 906
6.250000 	 -5.652564e-06 2.303126e-06 -2.739514e-07 	 -8.793756e-07 6.807834e-07 -4.583905e-07 	 -6.531940e-06 2.983909e-06 -7.323419e-07 	 905
6.750000 	 -1.268868e-06 -2.325862e-07 -1.335413e-06 	 2.497937e-07 -6.074884e-07 8.087668e-07 	 -1.019074e-06 -8.400746e-07 -5.266458e-07 	 913
7.250000 	 -1.109365e-06 -1.437061e-06 -1.132967e-06 	 -1.479936e-06 2.223433e-08 -4.537228e-07 	 -2.589301e-06 -1.414827e-06 -1.586690e-06 	 911
7.750000 	 -2.847630e-06 -2.195927e-06 2.146825e-06 	 -8.145719e-07 -2.515254e-07 4.716804e-07 	 -3.662202e-06 -2.447452e-06 2.618505e-06 	 907
8.250000 	 -3.083220e-06 8.317145e-07 7.233697e-07 	 1.332553e-06 7.906889e-07 -8.206643e-07 	 -1.750668e-06 1.622403e-06 -9.729459e-08 	 901
8.750000 	 9.690146e-07 4.318987e-06 3.183099e-06 	 -2.267802e-08 1.752465e-07 5.000957e-08 	 9.463366e-07 4.494233e-06 3.233109e-06 	 909
9.250000 	 1.003444e-07 -3.095019e-08 -2.653508e-06 	 -2.775887e-08 -1.743450e-07 9.007508e-07 	 7.258555e-08 -2.052952e-07 -1.752757e-06 	 905
9.750000 	 -6.372726e-07 -2.660584e-06 -1.622870e-06 	 -3.240370e-07 5.009034e-08 5.466911e-07 	 -9.613096e-07 -2.610494e-06 -1.076178e-06 	 900
10.250000 	 1.956202e-06 2.265935e-06 -9.765804e-07 	 -6.238855e-07 -1.189750e-06 -5.107411e-07 	 1.332316e-06 1.076185e-06 -1.487322e-06 	 913
10.750000 	 -1.991353e-06 8.852398e-07 1.470806e-06 	 2.191413e-07 7.112685e-07 5.362265e-07 	 -1.772212e-06 1.596508e-06 2.007033e-06 	 872
11.250000 	 2.479524e-06 1.518381e-06 6.101983e-08 	 -2.187294e-07 1.099964e-06 -2.755823e-07 	 2.260795e-06 2.618345e-06 -2.145625e-07 	 559
11.750000 	 8.282681e-06 8.729091e-07 5.002664e-06 	 8.250534e-06 2.507893e-07 -4.001519e-07 	 1.653321e-05 1.123698e-06 4.602512e-06 	 24
12.250000 	 0.000000e+00 0.000000e+00 0.000000e+00 	 0.000000e+00 0.000000e+00 0.000000e+00 	 0.000000e+00 0.000000e+00 0.000000e+00 	 0
12.750000 	 0.000000e+00 0.000000e+00 0.000000e+00 	 0.000000e+00 0.000000e+00 0.000000e+00 	 0.000000e+00 0.000000e+00 0.000000e+00 	 0
13.250000 	 0.000000e+00 0.000000e+00 0.000000e+00 	 0.000000e+00 0.000000e+00 0.000000e+00 	 0.000000e+00 0.000000e+00 0.000000e+00 	 0
13.750000 	 0.000000e+00 0.000000e+00 0.000000e+00 	 0.000000e+00 0.000000e+00 0.000000e+00 	 0.000000e+00 0.000000e+00 0.000000e+00 	 0
14.250000 	 0.000000e+00 0.000000e+00 0.000000e+00 	 0.000000e+00 0.000000e+00 0.000000e+00 	 0.000000e+00 0.000000e+00 0.000000e+00 	 0
14.750000 	 0.000000e+00 0.000000e+00 0.000000e+00 	 0.000000e+00 0.000000e+00 0.000000e+00 	 0.000000e+00 0.000000e+00 0.000000e+00 	 0
