# 1  2-4    5-7    8-10   11     
# x  dirEF  recEF  sumEF  #Sample
0.250000 	 0.000000e+00 0.000000e+00 0.000000e+00 	 0.000000e+00 0.000000e+00 0.000000e+00 	 0.000000e+00 0.000000e+00 0.000000e+00 	 0
0.750000 	 0.000000e+00 0.000000e+00 0.000000e+00 	 0.000000e+00 0.000000e+00 0.000000e+00 	 0.000000e+00 0.000000e+00 0.000000e+00 	 0
1.250000 	 0.000000e+00 0.000000e+00 0.000000e+00 	 0.000000e+00 0.000000e+00 0.000000e+00 	 0.000000e+00 0.000000e+00 0.000000e+00 	 0
1.750000 	 0.000000e+00 0.000000e+00 0.000000e+00 	 0.000000e+00 0.000000e+00 0.000000e+00 	 0.000000e+00 0.000000e+00 0.000000e+00 	 0
2.250000 	 0.000000e+00 0.000000e+00 0.000000e+00 	 0.000000e+00 0.000000e+00 0.000000e+00 	 0.000000e+00 0.000000e+00 0.000000e+00 	 0
2.750000 	 0.000000e+00 0.000000e+00 0.000000e+00 	 0.000000e+00 0.000000e+00 0.000000e+00 	 0.000000e+00 0.000000e+00 0.000000e+00 	 0
3.250000 	 -2.299148e-06 6.264631e-06 -2.655263e-06 	 -1.518776e-06 1.953279e-06 -3.559077e-07 	 -3.817924e-06 8.217910e-06 -3.011171e-06 	 33
3.750000 	 -6.731529e-07 1.673678e-06 -2.155165e-06 	 -2.332547e-07 1.369664e-07 1.011816e-06 	 -9.064076e-07 1.810645e-06 -1.143348e-06 	 568
4.250000 	 -1.868995e-06 -2.217998e-06 1.379130e-06 	 5.888517e-07 8.111883e-07 1.872549e-07 	 -1.280144e-06 -1.406810e-06 1.566385e-06 	 905
4.750000 	 5.980281e-07 1.172537e-06 -1.463955e-06 	 -4.056220e-07 5.380820e-07 -9.154060e-07 	 1.924061e-07 1.710619e-06 -2.379361e-06 	 888
5.250000 	 2.719268e-06 -2.513462e-06 -4.018663e-07 	 -1.140547e-07 1.082319e-07 3.869218e-07 	 2.605213e-06 -2.405230e-06 -1.494445e-08 	 925
5.750000 	 3.954449e-08 1.453313e-06 1.345027e-06 	 -2.235364e-07 7.242429e-07 -1.669265e-07 	 -1.839919e-07 2.177556e-06 1.178100e-06 	 894
6.250000 	 5.508862e-07 -9.599893e-07 1.357048e-06 	 -1.657276e-07 1.687976e-08 5.336013e-07 	 3.851586e-07 -9.431095e-07 1.890650e-06 	 882
6.750000 	 -6.640606e-07 6.289501e-07 8.001322e-07 	 1.243976e-07 3.350520e-07 2.803735e-07 	 -5.396630e-07 9.640021e-07 1.080506e-06 	 916
7.250000 	 3.932305e-07 3.913017e-06 1.239320e-06 	 3.016814e-08 -4.394687e-07 -2.599666e-07 	 4.233986e-07 3.473549e-06 9.793531e-07 	 929
7.750000 	 -1.116709e-07 1.318353e-06 -8.601137e-07 	 -6.877037e-08 3.401308e-07 -8.812533e-07 	 -1.804412e-07 1.658484e-06 -1.741367e-06 	 900
8.250000 	 -1.704630e-06 -3.107460e-06 -2.984659e-06 	 1.749187e-07 1.435696e-06 3.104101e-07 	 -1.529711e-06 -1.671764e-06 -2.674249e-06 	 911
8.750000 	 5.648392e-06 2.786167e-06 2.364499e-07 	 -2.205572e-07 -2.549873e-07 -6.447798e-07 	 5.427835e-06 2.531180e-06 -4.083299e-07 	 902
9.250000 	 -9.033815e-07 2.170951e-06 1.529416e-06 	 6.895976e-08 -1.472726e-07 -1.331387e-07 	 -8.344218e-07 2.023678e-06 1.396278e-06 	 903
9.750000 	 -1.639226e-06 1.656736e-06 -3.167481e-07 	 2.839705e-07 3.350363e-07 -9.221660e-07 	 -1.355255e-06 1.991772e-06 -1.238914e-06 	 908
10.250000 	 8.058657e-09 -8.852526e-08 -1.576626e-06 	 -5.492207e-07 -4.518467e-07 -6.750108e-07 	 -5.411621e-07 -5.403720e-07 -2.251637e-06 	 871
10.750000 	 3.989087e-07 1.845132e-06 1.252765e-07 	 -1.299331e-07 8.921217e-08 1.965461e-07 	 2.689756e-07 1.934344e-06 3.218226e-07 	 898
11.250000 	 8.672702e-07 -1.800086e-06 1.129701e-07 	 1.328781e-07 -1.569348e-06 -9.554746e-08 	 1.000148e-06 -3.369433e-06 1.742264e-08 	 559
11.750000 	 -2.295098e-05 7.468869e-06 6.008174e-06 	 2.753940e-06 -1.769526e-06 1.563807e-06 	 -2.019704e-05 5.699344e-06 7.571980e-06 	 32
12.250000 	 0.000000e+00 0.000000e+00 0.000000e+00 	 0.000000e+00 0.000000e+00 0.000000e+00 	 0.000000e+00 0.000000e+00 0.000000e+00 	 0
12.750000 	 0.000000e+00 0.000000e+00 0.000000e+00 	 0.000000e+00 0.000000e+00 0.000000e+00 	 0.000000e+00 0.000000e+00 0.000000e+00 	 0
13.250000 	 0.000000e+00 0.000000e+00 0.000000e+00 	 0.000000e+00 0.000000e+00 0.000000e+00 	 0.000000e+00 0.000000e+00 0.000000e+00 	 0
13.750000 	 0.000000e+00 0.000000e+00 0.000000e+00 	 0.000000e+00 0.000000e+00 0.000000e+00 	 0.000000e+00 0.000000e+00 0.000000e+00 	 0
14.250000 	 0.000000e+00 0.000000e+00 0.000000e+00 	 0.000000e+00 0.000000e+00 0.000000e+00 	 0.000000e+00 0.000000e+00 0.000000e+00 	 0
14.750000 	 0.000000e+00 0.000000e+00 0.000000e+00 	 0.000000e+00 0.000000e+00 0.000000e+00 	 0.000000e+00 0.000000e+00 0.000000e+00 	 0
