# 1  2-4    5-7    8-10   11     
# x  dirEF  recEF  sumEF  #Sample
0.250000 	 0.000000e+00 0.000000e+00 0.000000e+00 	 0.000000e+00 0.000000e+00 0.000000e+00 	 0.000000e+00 0.000000e+00 0.000000e+00 	 0
0.750000 	 0.000000e+00 0.000000e+00 0.000000e+00 	 0.000000e+00 0.000000e+00 0.000000e+00 	 0.000000e+00 0.000000e+00 0.000000e+00 	 0
1.250000 	 0.000000e+00 0.000000e+00 0.000000e+00 	 0.000000e+00 0.000000e+00 0.000000e+00 	 0.000000e+00 0.000000e+00 0.000000e+00 	 0
1.750000 	 0.000000e+00 0.000000e+00 0.000000e+00 	 0.000000e+00 0.000000e+00 0.000000e+00 	 0.000000e+00 0.000000e+00 0.000000e+00 	 0
2.250000 	 0.000000e+00 0.000000e+00 0.000000e+00 	 0.000000e+00 0.000000e+00 0.000000e+00 	 0.000000e+00 0.000000e+00 0.000000e+00 	 0
2.750000 	 0.000000e+00 0.000000e+00 0.000000e+00 	 0.000000e+00 0.000000e+00 0.000000e+00 	 0.000000e+00 0.000000e+00 0.000000e+00 	 0
3.250000 	 7.502457e-06 6.461195e-06 1.118757e-05 	 -6.793276e-06 -8.309446e-06 -5.607034e-06 	 7.091803e-07 -1.848251e-06 5.580539e-06 	 20
3.750000 	 -1.239065e-06 -2.243125e-06 -2.186682e-06 	 1.678708e-06 -3.647377e-07 -1.134536e-06 	 4.396436e-07 -2.607863e-06 -3.321218e-06 	 600
4.250000 	 2.586220e-06 1.738720e-06 -7.787659e-07 	 -1.367204e-06 1.690901e-06 3.956469e-07 	 1.219016e-06 3.429621e-06 -3.831189e-07 	 912
4.750000 	 -1.006501e-06 -1.948658e-06 1.934489e-06 	 8.674589e-07 -1.122926e-06 4.058409e-07 	 -1.390421e-07 -3.071584e-06 2.340329e-06 	 894
5.250000 	 -2.913699e-06 1.118821e-06 -9.130902e-07 	 -5.762865e-07 6.233872e-07 -2.926178e-07 	 -3.489985e-06 1.742208e-06 -1.205708e-06 	 887
5.750000 	 1.669994e-06 -1.191886e-06 4.000499e-07 	 1.028861e-06 -7.226696e-07 -1.292838e-06 	 2.698855e-06 -1.914555e-06 -8.927877e-07 	 920
6.250000 	 -1.242701e-06 1.851184e-07 4.347721e-06 	 -5.670007e-07 -5.176194e-07 -1.327884e-06 	 -1.809702e-06 -3.325011e-07 3.019837e-06 	 888
6.750000 	 1.367777e-06 -4.088608e-06 1.582557e-06 	 -2.695750e-06 1.169021e-06 9.006455e-07 	 -1.327973e-06 -2.919587e-06 2.483203e-06 	 922
7.250000 	 7.530623e-07 1.478760e-06 1.969364e-06 	 1.256495e-06 7.692343e-07 9.193722e-07 	 2.009557e-06 2.247994e-06 2.888736e-06 	 883
7.750000 	 -3.661081e-06 -2.173951e-06 -1.250666e-06 	 1.106973e-06 3.668076e-07 1.785642e-06 	 -2.554108e-06 -1.807143e-06 5.349753e-07 	 907
8.250000 	 -1.956742e-06 -3.215803e-07 -6.149203e-06 	 2.771565e-07 1.815894e-06 -1.453776e-07 	 -1.679586e-06 1.494314e-06 -6.294580e-06 	 891
8.750000 	 6.364388e-07 -8.423416e-07 -8.435182e-08 	 -2.367903e-06 3.685317e-07 5.964975e-08 	 -1.731464e-06 -4.738099e-07 -2.470208e-08 	 918
9.250000 	 -1.122807e-06 -3.272685e-07 -3.657230e-07 	 4.736184e-06 7.738766e-07 7.103221e-07 	 3.613377e-06 4.466081e-07 3.445991e-07 	 885
9.750000 	 8.480644e-07 2.810340e-07 1.212014e-06 	 -5.578026e-06 -9.217339e-07 5.110506e-07 	 -4.729962e-06 -6.406999e-07 1.723065e-06 	 921
10.250000 	 1.970433e-06 8.975328e-07 -1.714200e-06 	 2.560907e-06 -3.247970e-07 -3.813862e-07 	 4.531340e-06 5.727358e-07 -2.095586e-06 	 890
10.750000 	 -1.307958e-06 -1.079994e-06 -1.519397e-06 	 1.148379e-07 -1.947590e-07 -8.839463e-07 	 -1.193120e-06 -1.274753e-06 -2.403344e-06 	 884
11.250000 	 4.565131e-06 2.533205e-06 -4.784401e-07 	 -2.168340e-06 -3.110294e-06 -5.377520e-07 	 2.396792e-06 -5.770891e-07 -1.016192e-06 	 567
11.750000 	 9.596274e-06 -1.482316e-05 3.523884e-06 	 5.018180e-06 1.912231e-06 -2.804217e-06 	 1.461445e-05 -1.291092e-05 7.196670e-07 	 35
12.250000 	 0.000000e+00 0.000000e+00 0.000000e+00 	 0.000000e+00 0.000000e+00 0.000000e+00 	 0.000000e+00 0.000000e+00 0.000000e+00 	 0
12.750000 	 0.000000e+00 0.000000e+00 0.000000e+00 	 0.000000e+00 0.000000e+00 0.000000e+00 	 0.000000e+00 0.000000e+00 0.000000e+00 	 0
13.250000 	 0.000000e+00 0.000000e+00 0.000000e+00 	 0.000000e+00 0.000000e+00 0.000000e+00 	 0.000000e+00 0.000000e+00 0.000000e+00 	 0
13.750000 	 0.000000e+00 0.000000e+00 0.000000e+00 	 0.000000e+00 0.000000e+00 0.000000e+00 	 0.000000e+00 0.000000e+00 0.000000e+00 	 0
14.250000 	 0.000000e+00 0.000000e+00 0.000000e+00 	 0.000000e+00 0.000000e+00 0.000000e+00 	 0.000000e+00 0.000000e+00 0.000000e+00 	 0
14.750000 	 0.000000e+00 0.000000e+00 0.000000e+00 	 0.000000e+00 0.000000e+00 0.000000e+00 	 0.000000e+00 0.000000e+00 0.000000e+00 	 0
