# 1  2-4    5-7    8-10   11     
# x  dirEF  recEF  sumEF  #Sample
0.250000 	 0.000000e+00 0.000000e+00 0.000000e+00 	 0.000000e+00 0.000000e+00 0.000000e+00 	 0.000000e+00 0.000000e+00 0.000000e+00 	 0
0.750000 	 0.000000e+00 0.000000e+00 0.000000e+00 	 0.000000e+00 0.000000e+00 0.000000e+00 	 0.000000e+00 0.000000e+00 0.000000e+00 	 0
1.250000 	 0.000000e+00 0.000000e+00 0.000000e+00 	 0.000000e+00 0.000000e+00 0.000000e+00 	 0.000000e+00 0.000000e+00 0.000000e+00 	 0
1.750000 	 0.000000e+00 0.000000e+00 0.000000e+00 	 0.000000e+00 0.000000e+00 0.000000e+00 	 0.000000e+00 0.000000e+00 0.000000e+00 	 0
2.250000 	 0.000000e+00 0.000000e+00 0.000000e+00 	 0.000000e+00 0.000000e+00 0.000000e+00 	 0.000000e+00 0.000000e+00 0.000000e+00 	 0
2.750000 	 0.000000e+00 0.000000e+00 0.000000e+00 	 0.000000e+00 0.000000e+00 0.000000e+00 	 0.000000e+00 0.000000e+00 0.000000e+00 	 0
3.250000 	 -1.897519e-05 2.261591e-05 -1.781466e-05 	 1.639187e-06 1.195188e-06 -1.285910e-06 	 -1.733600e-05 2.381110e-05 -1.910057e-05 	 14
3.750000 	 -2.104393e-06 4.378193e-07 -2.130056e-06 	 -7.647570e-07 6.902257e-08 -1.817888e-07 	 -2.869150e-06 5.068419e-07 -2.311845e-06 	 583
4.250000 	 -1.817631e-07 -8.475017e-07 -1.257163e-06 	 1.339336e-06 -1.891653e-07 1.107642e-07 	 1.157573e-06 -1.036667e-06 -1.146398e-06 	 918
4.750000 	 1.928917e-06 2.535130e-07 1.369372e-06 	 -9.859085e-08 -7.981691e-08 6.262703e-07 	 1.830326e-06 1.736961e-07 1.995643e-06 	 885
5.250000 	 5.406165e-06 -1.095048e-06 -3.047291e-07 	 -2.167974e-06 3.292425e-07 -2.209181e-07 	 3.238191e-06 -7.658053e-07 -5.256471e-07 	 915
5.750000 	 -4.799289e-07 2.163361e-06 -1.430546e-06 	 1.413945e-06 -1.237336e-07 5.151811e-08 	 9.340164e-07 2.039628e-06 -1.379028e-06 	 886
6.250000 	 -5.444692e-06 -1.311179e-06 5.161046e-06 	 -8.160135e-07 4.063827e-07 5.318911e-07 	 -6.260706e-06 -9.047962e-07 5.692937e-06 	 913
6.750000 	 1.007007e-06 4.046452e-08 -2.726207e-06 	 7.447963e-07 4.415025e-07 3.074574e-07 	 1.751803e-06 4.819670e-07 -2.418750e-06 	 914
7.250000 	 2.723054e-06 5.732352e-07 3.253334e-06 	 -1.193911e-06 -5.389458e-07 -8.902007e-08 	 1.529143e-06 3.428931e-08 3.164314e-06 	 888
7.750000 	 -1.165155e-08 -5.489880e-06 1.204000e-06 	 -2.108079e-07 -1.963783e-07 -1.851560e-07 	 -2.224595e-07 -5.686259e-06 1.018844e-06 	 917
8.250000 	 -4.825514e-06 8.803133e-08 -2.846287e-06 	 -1.942733e-07 3.134927e-07 -2.608531e-08 	 -5.019788e-06 4.015240e-07 -2.872373e-06 	 904
8.750000 	 7.399665e-07 -2.135592e-06 3.231626e-06 	 6.345234e-07 1.064976e-07 -9.853546e-07 	 1.374490e-06 -2.029094e-06 2.246272e-06 	 906
9.250000 	 1.363197e-06 -2.672263e-06 1.882763e-06 	 1.008811e-06 -5.723770e-08 7.198524e-07 	 2.372007e-06 -2.729501e-06 2.602616e-06 	 915
9.750000 	 3.264323e-06 1.022717e-07 -5.639951e-06 	 -1.857427e-06 1.288015e-07 2.313457e-07 	 1.406897e-06 2.310732e-07 -5.408605e-06 	 898
10.250000 	 -2.113593e-06 1.835278e-06 3.512613e-06 	 2.385023e-06 -2.164591e-07 -4.213259e-07 	 2.714305e-07 1.618818e-06 3.091287e-06 	 911
10.750000 	 1.634923e-06 -8.184837e-07 1.484609e-06 	 -1.290675e-06 -1.969960e-07 7.712023e-08 	 3.442478e-07 -1.015480e-06 1.561729e-06 	 884
11.250000 	 -1.354930e-06 -3.548802e-07 -1.869110e-06 	 -2.112087e-06 8.269549e-07 9.570700e-07 	 -3.467017e-06 4.720747e-07 -9.120399e-07 	 538
11.750000 	 6.984491e-06 -1.145210e-05 1.325139e-05 	 1.175285e-05 -2.886997e-06 3.325963e-07 	 1.873734e-05 -1.433910e-05 1.358398e-05 	 35
12.250000 	 0.000000e+00 0.000000e+00 0.000000e+00 	 0.000000e+00 0.000000e+00 0.000000e+00 	 0.000000e+00 0.000000e+00 0.000000e+00 	 0
12.750000 	 0.000000e+00 0.000000e+00 0.000000e+00 	 0.000000e+00 0.000000e+00 0.000000e+00 	 0.000000e+00 0.000000e+00 0.000000e+00 	 0
13.250000 	 0.000000e+00 0.000000e+00 0.000000e+00 	 0.000000e+00 0.000000e+00 0.000000e+00 	 0.000000e+00 0.000000e+00 0.000000e+00 	 0
13.750000 	 0.000000e+00 0.000000e+00 0.000000e+00 	 0.000000e+00 0.000000e+00 0.000000e+00 	 0.000000e+00 0.000000e+00 0.000000e+00 	 0
14.250000 	 0.000000e+00 0.000000e+00 0.000000e+00 	 0.000000e+00 0.000000e+00 0.000000e+00 	 0.000000e+00 0.000000e+00 0.000000e+00 	 0
14.750000 	 0.000000e+00 0.000000e+00 0.000000e+00 	 0.000000e+00 0.000000e+00 0.000000e+00 	 0.000000e+00 0.000000e+00 0.000000e+00 	 0
