# 1  2-4    5-7    8-10   11     
# x  dirEF  recEF  sumEF  #Sample
0.250000 	 0.000000e+00 0.000000e+00 0.000000e+00 	 0.000000e+00 0.000000e+00 0.000000e+00 	 0.000000e+00 0.000000e+00 0.000000e+00 	 0
0.750000 	 0.000000e+00 0.000000e+00 0.000000e+00 	 0.000000e+00 0.000000e+00 0.000000e+00 	 0.000000e+00 0.000000e+00 0.000000e+00 	 0
1.250000 	 0.000000e+00 0.000000e+00 0.000000e+00 	 0.000000e+00 0.000000e+00 0.000000e+00 	 0.000000e+00 0.000000e+00 0.000000e+00 	 0
1.750000 	 0.000000e+00 0.000000e+00 0.000000e+00 	 0.000000e+00 0.000000e+00 0.000000e+00 	 0.000000e+00 0.000000e+00 0.000000e+00 	 0
2.250000 	 0.000000e+00 0.000000e+00 0.000000e+00 	 0.000000e+00 0.000000e+00 0.000000e+00 	 0.000000e+00 0.000000e+00 0.000000e+00 	 0
2.750000 	 0.000000e+00 0.000000e+00 0.000000e+00 	 0.000000e+00 0.000000e+00 0.000000e+00 	 0.000000e+00 0.000000e+00 0.000000e+00 	 0
3.250000 	 -3.759057e-06 2.893181e-06 -2.114412e-05 	 5.396497e-07 2.867054e-07 1.337874e-06 	 -3.219408e-06 3.179887e-06 -1.980625e-05 	 34
3.750000 	 9.287411e-07 2.830775e-06 6.165068e-06 	 -6.943753e-09 -4.165569e-07 -3.000009e-08 	 9.217974e-07 2.414219e-06 6.135068e-06 	 580
4.250000 	 -1.842991e-06 -1.789823e-06 -5.152039e-07 	 1.799524e-07 -8.680558e-07 6.641243e-07 	 -1.663038e-06 -2.657879e-06 1.489204e-07 	 905
4.750000 	 3.558904e-06 1.826921e-06 -4.023425e-06 	 -6.935663e-09 4.375919e-07 2.829155e-07 	 3.551968e-06 2.264513e-06 -3.740510e-06 	 902
5.250000 	 1.489294e-06 -9.833506e-07 -2.322354e-06 	 2.288828e-07 -4.348868e-07 -5.482299e-07 	 1.718177e-06 -1.418237e-06 -2.870584e-06 	 907
5.750000 	 1.754999e-06 1.800969e-06 6.696709e-06 	 -3.665375e-07 -2.871784e-07 6.496240e-07 	 1.388462e-06 1.513790e-06 7.346333e-06 	 897
6.250000 	 4.253244e-06 -6.661536e-07 -5.917661e-07 	 1.026217e-07 3.920601e-08 -2.262731e-07 	 4.355865e-06 -6.269476e-07 -8.180392e-07 	 881
6.750000 	 -6.791373e-07 1.080177e-06 1.541626e-06 	 1.555080e-07 -1.393144e-06 -2.412253e-07 	 -5.236293e-07 -3.129675e-07 1.300401e-06 	 905
7.250000 	 -1.459141e-06 2.438707e-07 -1.654952e-06 	 -1.432244e-07 4.689084e-07 2.434889e-07 	 -1.602365e-06 7.127791e-07 -1.411463e-06 	 899
7.750000 	 3.545578e-07 -1.944009e-06 -1.048017e-06 	 3.432194e-07 -6.458125e-08 1.976718e-07 	 6.977772e-07 -2.008591e-06 -8.503448e-07 	 909
8.250000 	 1.014461e-06 1.779965e-06 -2.665024e-06 	 -2.489722e-07 -2.168361e-07 -3.023764e-07 	 7.654885e-07 1.563129e-06 -2.967401e-06 	 908
8.750000 	 -3.552277e-06 2.655415e-06 1.382995e-06 	 -3.433361e-08 3.745623e-07 -3.276019e-07 	 -3.586611e-06 3.029978e-06 1.055393e-06 	 886
9.250000 	 -3.963122e-06 3.973867e-08 4.249661e-06 	 2.160928e-07 4.225567e-07 -1.371401e-07 	 -3.747029e-06 4.622953e-07 4.112521e-06 	 921
9.750000 	 -5.436199e-07 -1.044188e-06 -1.808029e-06 	 -6.480080e-08 5.230124e-07 -1.224231e-07 	 -6.084207e-07 -5.211759e-07 -1.930453e-06 	 913
10.250000 	 1.698102e-06 2.724761e-06 -1.327009e-07 	 1.484085e-07 2.760375e-07 8.223281e-07 	 1.846510e-06 3.000799e-06 6.896272e-07 	 921
10.750000 	 7.645694e-07 6.861803e-07 -6.238934e-07 	 -2.208804e-07 -1.947322e-07 -9.060364e-07 	 5.436889e-07 4.914481e-07 -1.529930e-06 	 881
11.250000 	 -4.534464e-06 -4.962661e-06 1.713526e-06 	 3.507469e-07 6.365554e-07 5.255699e-08 	 -4.183717e-06 -4.326106e-06 1.766083e-06 	 544
11.750000 	 6.233100e-06 -9.475339e-06 -3.207965e-06 	 1.104634e-06 2.710456e-06 3.813206e-06 	 7.337734e-06 -6.764883e-06 6.052418e-07 	 31
12.250000 	 0.000000e+00 0.000000e+00 0.000000e+00 	 0.000000e+00 0.000000e+00 0.000000e+00 	 0.000000e+00 0.000000e+00 0.000000e+00 	 0
12.750000 	 0.000000e+00 0.000000e+00 0.000000e+00 	 0.000000e+00 0.000000e+00 0.000000e+00 	 0.000000e+00 0.000000e+00 0.000000e+00 	 0
13.250000 	 0.000000e+00 0.000000e+00 0.000000e+00 	 0.000000e+00 0.000000e+00 0.000000e+00 	 0.000000e+00 0.000000e+00 0.000000e+00 	 0
13.750000 	 0.000000e+00 0.000000e+00 0.000000e+00 	 0.000000e+00 0.000000e+00 0.000000e+00 	 0.000000e+00 0.000000e+00 0.000000e+00 	 0
14.250000 	 0.000000e+00 0.000000e+00 0.000000e+00 	 0.000000e+00 0.000000e+00 0.000000e+00 	 0.000000e+00 0.000000e+00 0.000000e+00 	 0
14.750000 	 0.000000e+00 0.000000e+00 0.000000e+00 	 0.000000e+00 0.000000e+00 0.000000e+00 	 0.000000e+00 0.000000e+00 0.000000e+00 	 0
