# 1  2-4    5-7    8-10   11     
# x  dirEF  recEF  sumEF  #Sample
0.250000 	 0.000000e+00 0.000000e+00 0.000000e+00 	 0.000000e+00 0.000000e+00 0.000000e+00 	 0.000000e+00 0.000000e+00 0.000000e+00 	 0
0.750000 	 0.000000e+00 0.000000e+00 0.000000e+00 	 0.000000e+00 0.000000e+00 0.000000e+00 	 0.000000e+00 0.000000e+00 0.000000e+00 	 0
1.250000 	 0.000000e+00 0.000000e+00 0.000000e+00 	 0.000000e+00 0.000000e+00 0.000000e+00 	 0.000000e+00 0.000000e+00 0.000000e+00 	 0
1.750000 	 9.577406e-11 1.051603e-11 1.948308e-11 	 -1.361866e-05 7.637364e-06 4.077843e-06 	 -1.361856e-05 7.637375e-06 4.077863e-06 	 1
2.250000 	 0.000000e+00 0.000000e+00 0.000000e+00 	 0.000000e+00 0.000000e+00 0.000000e+00 	 0.000000e+00 0.000000e+00 0.000000e+00 	 0
2.750000 	 0.000000e+00 0.000000e+00 0.000000e+00 	 0.000000e+00 0.000000e+00 0.000000e+00 	 0.000000e+00 0.000000e+00 0.000000e+00 	 0
3.250000 	 6.258552e-06 -1.004314e-05 -1.359980e-05 	 -6.329500e-07 8.822586e-07 5.378009e-09 	 5.625602e-06 -9.160877e-06 -1.359442e-05 	 34
3.750000 	 -3.941261e-07 -5.124437e-06 1.073178e-06 	 6.958852e-07 2.095834e-07 9.602218e-09 	 3.017591e-07 -4.914854e-06 1.082780e-06 	 566
4.250000 	 5.382973e-07 -2.315360e-06 -8.825206e-07 	 -7.027053e-08 -1.980768e-07 2.566111e-08 	 4.680268e-07 -2.513436e-06 -8.568595e-07 	 899
4.750000 	 5.637341e-07 2.717943e-06 -3.901005e-07 	 6.573300e-08 1.592337e-07 6.772498e-08 	 6.294671e-07 2.877177e-06 -3.223755e-07 	 912
5.250000 	 -1.689665e-06 3.753133e-07 -2.415652e-06 	 7.985089e-08 -6.556301e-08 1.057177e-07 	 -1.609814e-06 3.097503e-07 -2.309935e-06 	 904
5.750000 	 1.585427e-06 -3.549093e-06 6.563021e-07 	 3.181608e-07 -2.341361e-08 7.720237e-08 	 1.903588e-06 -3.572506e-06 7.335045e-07 	 884
6.250000 	 4.687663e-06 -2.412251e-06 1.672173e-06 	 1.046001e-07 -2.913282e-08 9.499846e-08 	 4.792263e-06 -2.441384e-06 1.767172e-06 	 892
6.750000 	 5.291679e-07 -8.102422e-07 -6.066598e-07 	 -1.143512e-07 1.246692e-07 -3.529001e-08 	 4.148167e-07 -6.855729e-07 -6.419499e-07 	 923
7.250000 	 -4.641055e-06 3.091882e-07 -5.538193e-07 	 -5.872446e-08 9.661497e-08 1.168069e-07 	 -4.699779e-06 4.058032e-07 -4.370124e-07 	 905
7.750000 	 -3.889172e-07 -6.344851e-08 1.004725e-06 	 1.447646e-07 1.559591e-07 -2.211063e-08 	 -2.441526e-07 9.251058e-08 9.826145e-07 	 898
8.250000 	 2.096001e-06 8.140542e-07 2.273824e-06 	 1.466441e-07 -9.146213e-09 1.555249e-08 	 2.242645e-06 8.049080e-07 2.289376e-06 	 919
8.750000 	 5.553793e-07 -2.079994e-06 -3.968896e-06 	 -2.538414e-07 -4.085332e-08 -2.267849e-08 	 3.015379e-07 -2.120848e-06 -3.991574e-06 	 908
9.250000 	 -2.651845e-06 -2.635670e-06 -2.707195e-06 	 1.085262e-07 3.606317e-08 4.329839e-08 	 -2.543319e-06 -2.599607e-06 -2.663896e-06 	 922
9.750000 	 3.736866e-06 -9.035341e-07 4.729460e-07 	 -2.150619e-07 -1.350399e-07 -4.099286e-09 	 3.521804e-06 -1.038574e-06 4.688467e-07 	 902
10.250000 	 1.582393e-06 8.787063e-07 8.932873e-08 	 -3.445102e-08 -3.967269e-08 5.769287e-08 	 1.547942e-06 8.390336e-07 1.470216e-07 	 894
10.750000 	 1.410244e-07 -3.070193e-06 -1.330272e-06 	 -2.005027e-07 -2.406175e-08 8.892978e-08 	 -5.947837e-08 -3.094255e-06 -1.241342e-06 	 904
11.250000 	 4.514270e-06 1.275288e-06 5.783897e-06 	 -4.264817e-07 -1.542214e-07 1.761686e-07 	 4.087789e-06 1.121067e-06 5.960065e-06 	 534
11.750000 	 -1.027303e-05 3.198746e-06 -1.194936e-05 	 -4.526717e-07 2.753554e-07 6.311952e-07 	 -1.072570e-05 3.474101e-06 -1.131817e-05 	 22
12.250000 	 0.000000e+00 0.000000e+00 0.000000e+00 	 0.000000e+00 0.000000e+00 0.000000e+00 	 0.000000e+00 0.000000e+00 0.000000e+00 	 0
12.750000 	 0.000000e+00 0.000000e+00 0.000000e+00 	 0.000000e+00 0.000000e+00 0.000000e+00 	 0.000000e+00 0.000000e+00 0.000000e+00 	 0
13.250000 	 0.000000e+00 0.000000e+00 0.000000e+00 	 0.000000e+00 0.000000e+00 0.000000e+00 	 0.000000e+00 0.000000e+00 0.000000e+00 	 0
13.750000 	 0.000000e+00 0.000000e+00 0.000000e+00 	 -1.533831e-05 5.352660e-06 -4.056605e-07 	 -1.533831e-05 5.352660e-06 -4.056605e-07 	 1
14.250000 	 0.000000e+00 0.000000e+00 0.000000e+00 	 0.000000e+00 0.000000e+00 0.000000e+00 	 0.000000e+00 0.000000e+00 0.000000e+00 	 0
14.750000 	 0.000000e+00 0.000000e+00 0.000000e+00 	 0.000000e+00 0.000000e+00 0.000000e+00 	 0.000000e+00 0.000000e+00 0.000000e+00 	 0
