# 1  2-4    5-7    8-10   11     
# x  dirEF  recEF  sumEF  #Sample
0.250000 	 0.000000e+00 0.000000e+00 0.000000e+00 	 0.000000e+00 0.000000e+00 0.000000e+00 	 0.000000e+00 0.000000e+00 0.000000e+00 	 0
0.750000 	 0.000000e+00 0.000000e+00 0.000000e+00 	 0.000000e+00 0.000000e+00 0.000000e+00 	 0.000000e+00 0.000000e+00 0.000000e+00 	 0
1.250000 	 0.000000e+00 0.000000e+00 0.000000e+00 	 0.000000e+00 0.000000e+00 0.000000e+00 	 0.000000e+00 0.000000e+00 0.000000e+00 	 0
1.750000 	 0.000000e+00 0.000000e+00 0.000000e+00 	 0.000000e+00 0.000000e+00 0.000000e+00 	 0.000000e+00 0.000000e+00 0.000000e+00 	 0
2.250000 	 0.000000e+00 0.000000e+00 0.000000e+00 	 0.000000e+00 0.000000e+00 0.000000e+00 	 0.000000e+00 0.000000e+00 0.000000e+00 	 0
2.750000 	 0.000000e+00 0.000000e+00 0.000000e+00 	 0.000000e+00 0.000000e+00 0.000000e+00 	 0.000000e+00 0.000000e+00 0.000000e+00 	 0
3.250000 	 -1.242413e-05 -5.260207e-06 4.736685e-06 	 -2.249662e-06 -5.873722e-07 -2.983583e-07 	 -1.467380e-05 -5.847579e-06 4.438327e-06 	 43
3.750000 	 -1.299040e-06 -3.960265e-06 -2.885322e-06 	 8.616456e-07 -8.224614e-08 -1.803617e-08 	 -4.373945e-07 -4.042511e-06 -2.903358e-06 	 575
4.250000 	 -6.926640e-07 4.852440e-07 2.696206e-06 	 -2.520479e-08 -1.396039e-07 -6.268656e-08 	 -7.178687e-07 3.456401e-07 2.633520e-06 	 903
4.750000 	 5.250053e-06 -4.850525e-07 2.284623e-07 	 4.763986e-08 -1.608456e-07 -2.806452e-08 	 5.297693e-06 -6.458980e-07 2.003978e-07 	 899
5.250000 	 -2.472375e-06 -3.361662e-06 -3.063493e-06 	 -2.983064e-08 3.769297e-08 -4.082523e-08 	 -2.502206e-06 -3.323969e-06 -3.104318e-06 	 903
5.750000 	 -2.366821e-06 7.331814e-07 1.233944e-06 	 -1.352703e-07 -1.774477e-07 4.756232e-08 	 -2.502091e-06 5.557337e-07 1.281507e-06 	 898
6.250000 	 1.601184e-06 -2.134415e-06 8.014874e-07 	 -7.846350e-08 4.304877e-08 -1.224849e-07 	 1.522721e-06 -2.091367e-06 6.790025e-07 	 883
6.750000 	 2.700349e-06 2.424867e-06 -3.898915e-06 	 -1.849015e-08 -7.336791e-08 1.948234e-07 	 2.681859e-06 2.351499e-06 -3.704092e-06 	 904
7.250000 	 -2.828361e-06 -1.344613e-07 2.422190e-06 	 -3.356124e-07 5.702779e-08 -1.657165e-07 	 -3.163974e-06 -7.743350e-08 2.256474e-06 	 924
7.750000 	 -2.562576e-06 -1.367807e-06 -7.075304e-07 	 2.236642e-07 5.923653e-08 -5.046962e-08 	 -2.338912e-06 -1.308571e-06 -7.580000e-07 	 893
8.250000 	 3.357467e-06 3.618094e-07 5.535344e-07 	 7.494618e-08 -1.265442e-07 1.006268e-07 	 3.432413e-06 2.352652e-07 6.541611e-07 	 900
8.750000 	 -2.066628e-06 -1.128539e-06 -8.000267e-08 	 -4.302889e-08 -2.958749e-08 9.025945e-09 	 -2.109657e-06 -1.158126e-06 -7.097672e-08 	 918
9.250000 	 1.046144e-06 2.286020e-06 1.425522e-06 	 -1.474233e-07 1.460896e-07 -6.225329e-08 	 8.987207e-07 2.432110e-06 1.363269e-06 	 893
9.750000 	 1.319211e-06 2.413025e-06 3.236709e-06 	 -3.225022e-07 -1.096882e-07 4.840574e-08 	 9.967090e-07 2.303337e-06 3.285115e-06 	 906
10.250000 	 -7.508231e-08 -3.152007e-06 -2.314820e-06 	 2.976519e-07 -1.415396e-09 -9.996370e-08 	 2.225696e-07 -3.153422e-06 -2.414783e-06 	 916
10.750000 	 -1.371229e-07 1.304089e-06 -4.114652e-08 	 -3.632884e-07 -7.485353e-08 -1.085003e-07 	 -5.004112e-07 1.229235e-06 -1.496468e-07 	 876
11.250000 	 7.754632e-07 7.218983e-08 8.041991e-07 	 -3.849756e-07 1.421583e-07 -5.325398e-08 	 3.904876e-07 2.143482e-07 7.509452e-07 	 559
11.750000 	 -3.118099e-06 9.772223e-06 -1.708470e-06 	 2.184568e-06 1.074896e-07 6.841821e-07 	 -9.335310e-07 9.879712e-06 -1.024288e-06 	 31
12.250000 	 0.000000e+00 0.000000e+00 0.000000e+00 	 0.000000e+00 0.000000e+00 0.000000e+00 	 0.000000e+00 0.000000e+00 0.000000e+00 	 0
12.750000 	 0.000000e+00 0.000000e+00 0.000000e+00 	 0.000000e+00 0.000000e+00 0.000000e+00 	 0.000000e+00 0.000000e+00 0.000000e+00 	 0
13.250000 	 0.000000e+00 0.000000e+00 0.000000e+00 	 0.000000e+00 0.000000e+00 0.000000e+00 	 0.000000e+00 0.000000e+00 0.000000e+00 	 0
13.750000 	 0.000000e+00 0.000000e+00 0.000000e+00 	 0.000000e+00 0.000000e+00 0.000000e+00 	 0.000000e+00 0.000000e+00 0.000000e+00 	 0
14.250000 	 0.000000e+00 0.000000e+00 0.000000e+00 	 0.000000e+00 0.000000e+00 0.000000e+00 	 0.000000e+00 0.000000e+00 0.000000e+00 	 0
14.750000 	 0.000000e+00 0.000000e+00 0.000000e+00 	 0.000000e+00 0.000000e+00 0.000000e+00 	 0.000000e+00 0.000000e+00 0.000000e+00 	 0
