# 1  2-4    5-7    8-10   11     
# x  dirEF  recEF  sumEF  #Sample
0.250000 	 0.000000e+00 0.000000e+00 0.000000e+00 	 0.000000e+00 0.000000e+00 0.000000e+00 	 0.000000e+00 0.000000e+00 0.000000e+00 	 0
0.750000 	 0.000000e+00 0.000000e+00 0.000000e+00 	 0.000000e+00 0.000000e+00 0.000000e+00 	 0.000000e+00 0.000000e+00 0.000000e+00 	 0
1.250000 	 0.000000e+00 0.000000e+00 0.000000e+00 	 0.000000e+00 0.000000e+00 0.000000e+00 	 0.000000e+00 0.000000e+00 0.000000e+00 	 0
1.750000 	 0.000000e+00 0.000000e+00 0.000000e+00 	 0.000000e+00 0.000000e+00 0.000000e+00 	 0.000000e+00 0.000000e+00 0.000000e+00 	 0
2.250000 	 0.000000e+00 0.000000e+00 0.000000e+00 	 0.000000e+00 0.000000e+00 0.000000e+00 	 0.000000e+00 0.000000e+00 0.000000e+00 	 0
2.750000 	 0.000000e+00 0.000000e+00 0.000000e+00 	 0.000000e+00 0.000000e+00 0.000000e+00 	 0.000000e+00 0.000000e+00 0.000000e+00 	 0
3.250000 	 -6.966831e-06 7.924863e-06 9.311768e-06 	 1.030361e-05 -1.271932e-06 -3.901267e-06 	 3.336782e-06 6.652931e-06 5.410501e-06 	 28
3.750000 	 -1.830955e-06 -2.612442e-06 -2.778859e-06 	 -1.007539e-06 1.055219e-06 1.648072e-06 	 -2.838495e-06 -1.557224e-06 -1.130788e-06 	 549
4.250000 	 5.089468e-07 -2.213960e-06 -3.578900e-06 	 1.480953e-06 6.528520e-07 1.276837e-06 	 1.989900e-06 -1.561108e-06 -2.302062e-06 	 905
4.750000 	 1.008256e-06 2.044631e-07 1.808504e-07 	 -3.380133e-06 -1.023051e-07 8.450043e-10 	 -2.371876e-06 1.021580e-07 1.816954e-07 	 927
5.250000 	 -1.717724e-06 -1.479623e-06 5.235094e-06 	 -5.472749e-07 6.921856e-07 1.250529e-06 	 -2.264999e-06 -7.874376e-07 6.485623e-06 	 890
5.750000 	 1.307986e-06 -6.931775e-07 -2.464636e-06 	 1.504996e-06 -1.410629e-06 -4.390878e-07 	 2.812982e-06 -2.103806e-06 -2.903724e-06 	 915
6.250000 	 3.811305e-06 -1.406494e-06 2.124324e-06 	 -1.022913e-06 9.668830e-08 8.002557e-07 	 2.788392e-06 -1.309806e-06 2.924580e-06 	 916
6.750000 	 -2.082162e-06 -5.513477e-07 1.061359e-08 	 3.338729e-06 -1.130216e-06 -8.609824e-07 	 1.256567e-06 -1.681564e-06 -8.503688e-07 	 911
7.250000 	 -3.899876e-06 -3.201206e-06 -1.719712e-06 	 -1.538602e-06 1.339335e-06 -5.849611e-07 	 -5.438478e-06 -1.861871e-06 -2.304674e-06 	 911
7.750000 	 4.137591e-06 2.275116e-06 -2.200601e-06 	 1.096487e-06 -8.204451e-08 1.474071e-06 	 5.234078e-06 2.193072e-06 -7.265299e-07 	 902
8.250000 	 5.684522e-06 -2.553140e-07 -2.676855e-08 	 1.349546e-06 5.859520e-07 -5.201377e-07 	 7.034068e-06 3.306380e-07 -5.469063e-07 	 889
8.750000 	 -3.865712e-07 -3.706249e-06 2.360106e-06 	 -3.984637e-06 -9.525064e-07 -4.714249e-07 	 -4.371208e-06 -4.658755e-06 1.888681e-06 	 914
9.250000 	 -5.653305e-06 2.714953e-06 -2.379310e-06 	 3.301204e-06 1.015511e-07 1.793558e-06 	 -2.352101e-06 2.816504e-06 -5.857520e-07 	 887
9.750000 	 -2.550485e-06 2.287544e-06 -4.029076e-07 	 -5.082715e-06 -1.147278e-06 -1.260616e-06 	 -7.633201e-06 1.140266e-06 -1.663524e-06 	 906
10.250000 	 1.245483e-06 -7.779126e-07 1.903277e-06 	 1.349651e-06 -8.843286e-07 2.134946e-06 	 2.595134e-06 -1.662241e-06 4.038223e-06 	 904
10.750000 	 1.776032e-06 8.948469e-07 -2.278486e-06 	 -1.007778e-06 -4.020776e-07 4.375591e-07 	 7.682544e-07 4.927693e-07 -1.840927e-06 	 896
11.250000 	 1.170535e-06 -1.740647e-06 3.030588e-06 	 6.967025e-07 -6.388533e-07 5.766210e-07 	 1.867237e-06 -2.379500e-06 3.607209e-06 	 551
11.750000 	 1.611863e-05 -9.499352e-06 -4.022608e-06 	 2.995703e-06 -1.689811e-07 8.927404e-06 	 1.911433e-05 -9.668333e-06 4.904796e-06 	 23
12.250000 	 0.000000e+00 0.000000e+00 0.000000e+00 	 0.000000e+00 0.000000e+00 0.000000e+00 	 0.000000e+00 0.000000e+00 0.000000e+00 	 0
12.750000 	 0.000000e+00 0.000000e+00 0.000000e+00 	 0.000000e+00 0.000000e+00 0.000000e+00 	 0.000000e+00 0.000000e+00 0.000000e+00 	 0
13.250000 	 0.000000e+00 0.000000e+00 0.000000e+00 	 0.000000e+00 0.000000e+00 0.000000e+00 	 0.000000e+00 0.000000e+00 0.000000e+00 	 0
13.750000 	 0.000000e+00 0.000000e+00 0.000000e+00 	 0.000000e+00 0.000000e+00 0.000000e+00 	 0.000000e+00 0.000000e+00 0.000000e+00 	 0
14.250000 	 0.000000e+00 0.000000e+00 0.000000e+00 	 0.000000e+00 0.000000e+00 0.000000e+00 	 0.000000e+00 0.000000e+00 0.000000e+00 	 0
14.750000 	 0.000000e+00 0.000000e+00 0.000000e+00 	 0.000000e+00 0.000000e+00 0.000000e+00 	 0.000000e+00 0.000000e+00 0.000000e+00 	 0
