# 1  2-4    5-7    8-10   11     
# x  dirEF  recEF  sumEF  #Sample
0.250000 	 0.000000e+00 0.000000e+00 0.000000e+00 	 0.000000e+00 0.000000e+00 0.000000e+00 	 0.000000e+00 0.000000e+00 0.000000e+00 	 0
0.750000 	 0.000000e+00 0.000000e+00 0.000000e+00 	 0.000000e+00 0.000000e+00 0.000000e+00 	 0.000000e+00 0.000000e+00 0.000000e+00 	 0
1.250000 	 0.000000e+00 0.000000e+00 0.000000e+00 	 0.000000e+00 0.000000e+00 0.000000e+00 	 0.000000e+00 0.000000e+00 0.000000e+00 	 0
1.750000 	 0.000000e+00 0.000000e+00 0.000000e+00 	 0.000000e+00 0.000000e+00 0.000000e+00 	 0.000000e+00 0.000000e+00 0.000000e+00 	 0
2.250000 	 0.000000e+00 0.000000e+00 0.000000e+00 	 0.000000e+00 0.000000e+00 0.000000e+00 	 0.000000e+00 0.000000e+00 0.000000e+00 	 0
2.750000 	 0.000000e+00 0.000000e+00 0.000000e+00 	 0.000000e+00 0.000000e+00 0.000000e+00 	 0.000000e+00 0.000000e+00 0.000000e+00 	 0
3.250000 	 2.108990e-05 -8.099717e-06 -2.536333e-06 	 1.706394e-06 1.693882e-07 4.140531e-06 	 2.279629e-05 -7.930329e-06 1.604199e-06 	 21
3.750000 	 2.134765e-06 7.059088e-07 4.176967e-07 	 -1.387672e-06 7.194999e-08 2.696374e-07 	 7.470923e-07 7.778588e-07 6.873341e-07 	 569
4.250000 	 -2.284721e-06 2.452344e-07 -1.202468e-06 	 1.278468e-06 8.022901e-07 -1.502677e-07 	 -1.006252e-06 1.047524e-06 -1.352736e-06 	 899
4.750000 	 4.560998e-07 -4.532196e-07 1.146830e-06 	 -1.523838e-06 1.332456e-06 1.523530e-06 	 -1.067738e-06 8.792364e-07 2.670359e-06 	 904
5.250000 	 2.329623e-06 4.071244e-07 -3.881088e-06 	 -2.431555e-06 4.901264e-07 8.959448e-07 	 -1.019317e-07 8.972509e-07 -2.985143e-06 	 906
5.750000 	 4.831510e-06 -9.080675e-07 -1.344000e-06 	 2.753038e-06 -8.285578e-07 1.299956e-06 	 7.584548e-06 -1.736625e-06 -4.404383e-08 	 906
6.250000 	 -5.652564e-06 2.303126e-06 -2.739514e-07 	 -6.366471e-07 -9.508029e-08 -7.698884e-07 	 -6.289211e-06 2.208046e-06 -1.043840e-06 	 905
6.750000 	 -1.268868e-06 -2.325862e-07 -1.335413e-06 	 -1.225369e-07 -1.228230e-06 1.492956e-06 	 -1.391405e-06 -1.460816e-06 1.575432e-07 	 913
7.250000 	 -1.109365e-06 -1.437061e-06 -1.132967e-06 	 -1.147907e-06 -5.911177e-07 -3.252374e-07 	 -2.257273e-06 -2.028179e-06 -1.458204e-06 	 911
7.750000 	 -2.847630e-06 -2.195927e-06 2.146825e-06 	 -9.488939e-07 -6.835546e-07 1.571836e-07 	 -3.796524e-06 -2.879482e-06 2.304008e-06 	 907
8.250000 	 -3.083220e-06 8.317145e-07 7.233697e-07 	 4.560662e-07 4.133313e-07 -2.804910e-07 	 -2.627154e-06 1.245046e-06 4.428786e-07 	 901
8.750000 	 9.690146e-07 4.318987e-06 3.183099e-06 	 6.900518e-07 2.970645e-07 4.656783e-07 	 1.659066e-06 4.616052e-06 3.648777e-06 	 909
9.250000 	 1.003444e-07 -3.095019e-08 -2.653508e-06 	 -3.993853e-07 -3.172263e-07 7.804611e-07 	 -2.990409e-07 -3.481765e-07 -1.873047e-06 	 905
9.750000 	 -6.372726e-07 -2.660584e-06 -1.622870e-06 	 8.059444e-07 1.377747e-07 -1.364882e-07 	 1.686718e-07 -2.522810e-06 -1.759358e-06 	 900
10.250000 	 1.956202e-06 2.265935e-06 -9.765804e-07 	 5.819918e-07 -1.176444e-06 -7.471421e-08 	 2.538193e-06 1.089491e-06 -1.051295e-06 	 913
10.750000 	 -1.991353e-06 8.852398e-07 1.470806e-06 	 1.150349e-07 1.156765e-06 6.011492e-08 	 -1.876318e-06 2.042004e-06 1.530921e-06 	 872
11.250000 	 2.479524e-06 1.518381e-06 6.101983e-08 	 -1.464460e-06 6.294904e-07 -4.329024e-07 	 1.015065e-06 2.147871e-06 -3.718825e-07 	 559
11.750000 	 8.282681e-06 8.729091e-07 5.002664e-06 	 1.033415e-05 -1.487204e-06 2.204226e-06 	 1.861683e-05 -6.142944e-07 7.206890e-06 	 24
12.250000 	 0.000000e+00 0.000000e+00 0.000000e+00 	 0.000000e+00 0.000000e+00 0.000000e+00 	 0.000000e+00 0.000000e+00 0.000000e+00 	 0
12.750000 	 0.000000e+00 0.000000e+00 0.000000e+00 	 0.000000e+00 0.000000e+00 0.000000e+00 	 0.000000e+00 0.000000e+00 0.000000e+00 	 0
13.250000 	 0.000000e+00 0.000000e+00 0.000000e+00 	 0.000000e+00 0.000000e+00 0.000000e+00 	 0.000000e+00 0.000000e+00 0.000000e+00 	 0
13.750000 	 0.000000e+00 0.000000e+00 0.000000e+00 	 0.000000e+00 0.000000e+00 0.000000e+00 	 0.000000e+00 0.000000e+00 0.000000e+00 	 0
14.250000 	 0.000000e+00 0.000000e+00 0.000000e+00 	 0.000000e+00 0.000000e+00 0.000000e+00 	 0.000000e+00 0.000000e+00 0.000000e+00 	 0
14.750000 	 0.000000e+00 0.000000e+00 0.000000e+00 	 0.000000e+00 0.000000e+00 0.000000e+00 	 0.000000e+00 0.000000e+00 0.000000e+00 	 0
