# 1  2-4    5-7    8-10   11     
# x  dirEF  recEF  sumEF  #Sample
0.250000 	 0.000000e+00 0.000000e+00 0.000000e+00 	 0.000000e+00 0.000000e+00 0.000000e+00 	 0.000000e+00 0.000000e+00 0.000000e+00 	 0
0.750000 	 0.000000e+00 0.000000e+00 0.000000e+00 	 0.000000e+00 0.000000e+00 0.000000e+00 	 0.000000e+00 0.000000e+00 0.000000e+00 	 0
1.250000 	 0.000000e+00 0.000000e+00 0.000000e+00 	 0.000000e+00 0.000000e+00 0.000000e+00 	 0.000000e+00 0.000000e+00 0.000000e+00 	 0
1.750000 	 0.000000e+00 0.000000e+00 0.000000e+00 	 0.000000e+00 0.000000e+00 0.000000e+00 	 0.000000e+00 0.000000e+00 0.000000e+00 	 0
2.250000 	 0.000000e+00 0.000000e+00 0.000000e+00 	 0.000000e+00 0.000000e+00 0.000000e+00 	 0.000000e+00 0.000000e+00 0.000000e+00 	 0
2.750000 	 0.000000e+00 0.000000e+00 0.000000e+00 	 0.000000e+00 0.000000e+00 0.000000e+00 	 0.000000e+00 0.000000e+00 0.000000e+00 	 0
3.250000 	 -4.396715e-07 1.084924e-06 8.132157e-06 	 7.877105e-06 -4.502039e-06 -2.160543e-06 	 7.437434e-06 -3.417116e-06 5.971614e-06 	 18
3.750000 	 -4.353266e-06 -1.191299e-07 2.554424e-06 	 3.040256e-06 -7.907842e-07 -3.534221e-07 	 -1.313010e-06 -9.099141e-07 2.201002e-06 	 581
4.250000 	 -2.798329e-06 4.140361e-06 -2.783978e-06 	 -3.220320e-06 5.080300e-07 1.914132e-07 	 -6.018649e-06 4.648391e-06 -2.592565e-06 	 891
4.750000 	 2.465253e-06 -4.598183e-06 8.133828e-08 	 1.763123e-06 1.140586e-06 1.302757e-07 	 4.228376e-06 -3.457597e-06 2.116140e-07 	 906
5.250000 	 4.690420e-06 -1.148682e-06 2.432414e-06 	 -9.708187e-07 1.040228e-06 -1.797413e-06 	 3.719601e-06 -1.084547e-07 6.350011e-07 	 912
5.750000 	 -1.604992e-06 -5.700987e-08 9.276834e-07 	 3.230388e-07 -7.471623e-07 1.847673e-06 	 -1.281953e-06 -8.041721e-07 2.775357e-06 	 902
6.250000 	 3.899596e-07 -7.103791e-07 -1.410027e-06 	 -3.027442e-06 -6.900250e-07 -7.348920e-07 	 -2.637482e-06 -1.400404e-06 -2.144919e-06 	 894
6.750000 	 -3.206637e-06 3.997360e-07 -1.475054e-06 	 3.194406e-06 -7.825289e-07 -3.941618e-07 	 -1.223147e-08 -3.827929e-07 -1.869215e-06 	 922
7.250000 	 2.209171e-06 -6.261691e-07 7.908862e-07 	 -1.168779e-06 7.987266e-07 1.012748e-06 	 1.040392e-06 1.725575e-07 1.803634e-06 	 899
7.750000 	 3.165500e-06 -7.520196e-07 3.387551e-06 	 -9.802094e-07 1.721758e-07 2.553257e-07 	 2.185290e-06 -5.798437e-07 3.642876e-06 	 907
8.250000 	 -2.742957e-07 1.975452e-06 -4.329087e-07 	 -8.591045e-07 6.264363e-08 1.387437e-08 	 -1.133400e-06 2.038096e-06 -4.190343e-07 	 894
8.750000 	 -1.392938e-06 -3.765523e-06 -1.544100e-06 	 9.002045e-07 -7.665285e-08 1.932189e-07 	 -4.927332e-07 -3.842176e-06 -1.350881e-06 	 923
9.250000 	 -8.916916e-07 1.919764e-06 2.028592e-07 	 -9.263572e-07 -6.813403e-07 3.168555e-07 	 -1.818049e-06 1.238424e-06 5.197147e-07 	 898
9.750000 	 3.462261e-06 8.808653e-07 1.579275e-06 	 1.113642e-06 -6.161921e-07 -6.222876e-08 	 4.575904e-06 2.646732e-07 1.517046e-06 	 885
10.250000 	 -6.418269e-07 -2.779439e-06 8.843212e-07 	 -1.448698e-06 5.253708e-07 5.315558e-07 	 -2.090525e-06 -2.254068e-06 1.415877e-06 	 931
10.750000 	 1.694973e-06 -2.467159e-06 2.574857e-06 	 7.876894e-07 1.626145e-06 3.276663e-07 	 2.482662e-06 -8.410141e-07 2.902523e-06 	 903
11.250000 	 1.257594e-06 -4.438349e-07 -1.929044e-06 	 3.528495e-07 -3.103310e-07 -7.958624e-07 	 1.610443e-06 -7.541659e-07 -2.724907e-06 	 538
11.750000 	 2.580969e-05 -3.067519e-07 2.281786e-06 	 4.676674e-07 -6.846348e-06 5.833994e-07 	 2.627736e-05 -7.153099e-06 2.865185e-06 	 20
12.250000 	 0.000000e+00 0.000000e+00 0.000000e+00 	 0.000000e+00 0.000000e+00 0.000000e+00 	 0.000000e+00 0.000000e+00 0.000000e+00 	 0
12.750000 	 0.000000e+00 0.000000e+00 0.000000e+00 	 0.000000e+00 0.000000e+00 0.000000e+00 	 0.000000e+00 0.000000e+00 0.000000e+00 	 0
13.250000 	 0.000000e+00 0.000000e+00 0.000000e+00 	 0.000000e+00 0.000000e+00 0.000000e+00 	 0.000000e+00 0.000000e+00 0.000000e+00 	 0
13.750000 	 0.000000e+00 0.000000e+00 0.000000e+00 	 0.000000e+00 0.000000e+00 0.000000e+00 	 0.000000e+00 0.000000e+00 0.000000e+00 	 0
14.250000 	 0.000000e+00 0.000000e+00 0.000000e+00 	 0.000000e+00 0.000000e+00 0.000000e+00 	 0.000000e+00 0.000000e+00 0.000000e+00 	 0
14.750000 	 0.000000e+00 0.000000e+00 0.000000e+00 	 0.000000e+00 0.000000e+00 0.000000e+00 	 0.000000e+00 0.000000e+00 0.000000e+00 	 0
