# 1  2-4    5-7    8-10   11     
# x  dirEF  recEF  sumEF  #Sample
0.250000 	 0.000000e+00 0.000000e+00 0.000000e+00 	 0.000000e+00 0.000000e+00 0.000000e+00 	 0.000000e+00 0.000000e+00 0.000000e+00 	 0
0.750000 	 0.000000e+00 0.000000e+00 0.000000e+00 	 0.000000e+00 0.000000e+00 0.000000e+00 	 0.000000e+00 0.000000e+00 0.000000e+00 	 0
1.250000 	 0.000000e+00 0.000000e+00 0.000000e+00 	 0.000000e+00 0.000000e+00 0.000000e+00 	 0.000000e+00 0.000000e+00 0.000000e+00 	 0
1.750000 	 0.000000e+00 0.000000e+00 0.000000e+00 	 0.000000e+00 0.000000e+00 0.000000e+00 	 0.000000e+00 0.000000e+00 0.000000e+00 	 0
2.250000 	 0.000000e+00 0.000000e+00 0.000000e+00 	 0.000000e+00 0.000000e+00 0.000000e+00 	 0.000000e+00 0.000000e+00 0.000000e+00 	 0
2.750000 	 0.000000e+00 0.000000e+00 0.000000e+00 	 0.000000e+00 0.000000e+00 0.000000e+00 	 0.000000e+00 0.000000e+00 0.000000e+00 	 0
3.250000 	 -3.759057e-06 2.893181e-06 -2.114412e-05 	 3.262538e-06 -3.953806e-06 -6.513813e-06 	 -4.965193e-07 -1.060624e-06 -2.765794e-05 	 34
3.750000 	 9.287411e-07 2.830775e-06 6.165068e-06 	 5.273106e-06 8.396914e-07 1.189894e-07 	 6.201847e-06 3.670467e-06 6.284058e-06 	 580
4.250000 	 -1.842991e-06 -1.789823e-06 -5.152039e-07 	 -1.445276e-06 2.642266e-07 -1.338106e-07 	 -3.288266e-06 -1.525597e-06 -6.490145e-07 	 905
4.750000 	 3.558904e-06 1.826921e-06 -4.023425e-06 	 -2.777794e-06 -4.747597e-07 -1.390404e-07 	 7.811101e-07 1.352161e-06 -4.162465e-06 	 902
5.250000 	 1.489294e-06 -9.833506e-07 -2.322354e-06 	 4.328673e-06 -9.646464e-07 -6.258346e-07 	 5.817967e-06 -1.947997e-06 -2.948188e-06 	 907
5.750000 	 1.756023e-06 1.809659e-06 6.700616e-06 	 -2.378416e-06 -1.010278e-06 4.151115e-07 	 -6.223930e-07 7.993819e-07 7.115727e-06 	 897
6.250000 	 4.253244e-06 -6.661536e-07 -5.917661e-07 	 -4.466121e-07 1.184622e-06 -4.910624e-07 	 3.806631e-06 5.184683e-07 -1.082829e-06 	 881
6.750000 	 -6.791373e-07 1.080177e-06 1.541626e-06 	 -3.663250e-07 -2.830053e-07 2.979542e-07 	 -1.045462e-06 7.971713e-07 1.839580e-06 	 905
7.250000 	 -1.459141e-06 2.438707e-07 -1.654952e-06 	 -2.478889e-06 -7.955266e-07 8.184167e-07 	 -3.938029e-06 -5.516559e-07 -8.365355e-07 	 899
7.750000 	 3.545578e-07 -1.944009e-06 -1.048017e-06 	 1.354650e-06 -3.379468e-08 -1.097754e-06 	 1.709208e-06 -1.977804e-06 -2.145770e-06 	 909
8.250000 	 1.014461e-06 1.779965e-06 -2.665024e-06 	 1.727230e-06 8.698282e-07 4.948945e-07 	 2.741690e-06 2.649794e-06 -2.170130e-06 	 908
8.750000 	 -3.552277e-06 2.655415e-06 1.382995e-06 	 1.428696e-06 -2.327814e-07 -9.728033e-08 	 -2.123581e-06 2.422634e-06 1.285715e-06 	 886
9.250000 	 -3.963122e-06 3.973867e-08 4.249661e-06 	 -9.846640e-07 7.496108e-07 -6.777167e-07 	 -4.947786e-06 7.893495e-07 3.571944e-06 	 921
9.750000 	 -5.436199e-07 -1.044188e-06 -1.808029e-06 	 2.052816e-07 9.119931e-07 -6.197394e-07 	 -3.383382e-07 -1.321952e-07 -2.427769e-06 	 913
10.250000 	 1.698102e-06 2.724761e-06 -1.327009e-07 	 -9.991735e-07 -2.372661e-07 4.330733e-07 	 6.989281e-07 2.487495e-06 3.003724e-07 	 921
10.750000 	 7.645694e-07 6.861803e-07 -6.238934e-07 	 -7.027525e-07 1.030262e-06 1.188578e-06 	 6.181684e-08 1.716442e-06 5.646847e-07 	 881
11.250000 	 -4.534464e-06 -4.962661e-06 1.713526e-06 	 -7.906391e-07 2.359170e-07 -2.562960e-06 	 -5.325103e-06 -4.726744e-06 -8.494341e-07 	 544
11.750000 	 6.233100e-06 -9.475339e-06 -3.207965e-06 	 4.956458e-06 -5.154728e-06 -8.191705e-07 	 1.118956e-05 -1.463007e-05 -4.027135e-06 	 31
12.250000 	 0.000000e+00 0.000000e+00 0.000000e+00 	 0.000000e+00 0.000000e+00 0.000000e+00 	 0.000000e+00 0.000000e+00 0.000000e+00 	 0
12.750000 	 0.000000e+00 0.000000e+00 0.000000e+00 	 0.000000e+00 0.000000e+00 0.000000e+00 	 0.000000e+00 0.000000e+00 0.000000e+00 	 0
13.250000 	 0.000000e+00 0.000000e+00 0.000000e+00 	 0.000000e+00 0.000000e+00 0.000000e+00 	 0.000000e+00 0.000000e+00 0.000000e+00 	 0
13.750000 	 0.000000e+00 0.000000e+00 0.000000e+00 	 0.000000e+00 0.000000e+00 0.000000e+00 	 0.000000e+00 0.000000e+00 0.000000e+00 	 0
14.250000 	 0.000000e+00 0.000000e+00 0.000000e+00 	 0.000000e+00 0.000000e+00 0.000000e+00 	 0.000000e+00 0.000000e+00 0.000000e+00 	 0
14.750000 	 0.000000e+00 0.000000e+00 0.000000e+00 	 0.000000e+00 0.000000e+00 0.000000e+00 	 0.000000e+00 0.000000e+00 0.000000e+00 	 0
