# 1  2-4    5-7    8-10   11     
# x  dirEF  recEF  sumEF  #Sample
0.250000 	 0.000000e+00 0.000000e+00 0.000000e+00 	 0.000000e+00 0.000000e+00 0.000000e+00 	 0.000000e+00 0.000000e+00 0.000000e+00 	 0
0.750000 	 0.000000e+00 0.000000e+00 0.000000e+00 	 0.000000e+00 0.000000e+00 0.000000e+00 	 0.000000e+00 0.000000e+00 0.000000e+00 	 0
1.250000 	 0.000000e+00 0.000000e+00 0.000000e+00 	 0.000000e+00 0.000000e+00 0.000000e+00 	 0.000000e+00 0.000000e+00 0.000000e+00 	 0
1.750000 	 0.000000e+00 0.000000e+00 0.000000e+00 	 0.000000e+00 0.000000e+00 0.000000e+00 	 0.000000e+00 0.000000e+00 0.000000e+00 	 0
2.250000 	 0.000000e+00 0.000000e+00 0.000000e+00 	 0.000000e+00 0.000000e+00 0.000000e+00 	 0.000000e+00 0.000000e+00 0.000000e+00 	 0
2.750000 	 0.000000e+00 0.000000e+00 0.000000e+00 	 0.000000e+00 0.000000e+00 0.000000e+00 	 0.000000e+00 0.000000e+00 0.000000e+00 	 0
3.250000 	 -2.531246e-06 -2.114642e-06 8.641976e-06 	 -3.961793e-06 -2.746336e-06 8.524141e-07 	 -6.493039e-06 -4.860978e-06 9.494390e-06 	 22
3.750000 	 -7.752347e-07 2.915737e-06 -4.909569e-07 	 5.734977e-07 -5.889631e-07 1.140165e-06 	 -2.017371e-07 2.326774e-06 6.492081e-07 	 593
4.250000 	 -2.624054e-06 -1.800193e-06 -8.933304e-07 	 -2.537609e-07 1.386674e-07 4.259244e-07 	 -2.877815e-06 -1.661525e-06 -4.674060e-07 	 877
4.750000 	 1.171586e-06 1.201633e-06 -2.409896e-07 	 6.253081e-08 -8.842564e-07 -2.159844e-07 	 1.234117e-06 3.173762e-07 -4.569740e-07 	 904
5.250000 	 4.142908e-06 1.890711e-06 -3.020768e-07 	 1.357872e-07 -9.505350e-07 1.750773e-07 	 4.278695e-06 9.401765e-07 -1.269995e-07 	 905
5.750000 	 -5.515433e-06 -3.063453e-06 -4.415234e-07 	 -3.364197e-07 -4.208083e-07 1.056881e-07 	 -5.851852e-06 -3.484261e-06 -3.358353e-07 	 902
6.250000 	 2.128711e-06 1.789895e-06 3.452500e-07 	 1.925206e-07 -8.773574e-08 -1.481700e-07 	 2.321231e-06 1.702159e-06 1.970800e-07 	 894
6.750000 	 -4.114811e-07 -8.287344e-07 -1.846336e-06 	 1.447320e-07 5.029005e-07 4.120899e-07 	 -2.667491e-07 -3.258339e-07 -1.434246e-06 	 907
7.250000 	 -3.256697e-08 2.742309e-06 -2.595709e-07 	 -1.688008e-07 1.207615e-06 -2.130247e-07 	 -2.013677e-07 3.949924e-06 -4.725957e-07 	 908
7.750000 	 2.679948e-06 -5.566377e-07 -9.349502e-07 	 3.571300e-07 -1.755098e-07 -2.871579e-07 	 3.037078e-06 -7.321475e-07 -1.222108e-06 	 917
8.250000 	 -2.619640e-06 1.180969e-06 3.625607e-06 	 2.577873e-07 2.560471e-07 -5.313690e-07 	 -2.361852e-06 1.437016e-06 3.094238e-06 	 941
8.750000 	 8.770535e-07 -3.860200e-07 2.219765e-06 	 -1.005475e-07 -2.215988e-07 2.590681e-07 	 7.765060e-07 -6.076187e-07 2.478833e-06 	 892
9.250000 	 -9.747263e-07 1.022029e-06 -3.224362e-06 	 -3.097449e-07 -4.515906e-08 -3.052249e-07 	 -1.284471e-06 9.768699e-07 -3.529587e-06 	 890
9.750000 	 -2.614230e-06 -1.559356e-06 -2.994432e-06 	 -6.732422e-08 -5.162417e-07 7.789944e-07 	 -2.681554e-06 -2.075598e-06 -2.215437e-06 	 907
10.250000 	 6.089682e-07 -1.427819e-08 -1.577670e-06 	 1.266530e-07 5.997317e-07 1.395821e-06 	 7.356213e-07 5.854535e-07 -1.818489e-07 	 900
10.750000 	 2.202744e-06 2.346405e-06 -9.240715e-07 	 -1.192629e-07 1.022640e-07 8.614149e-07 	 2.083481e-06 2.448669e-06 -6.265656e-08 	 905
11.250000 	 -4.929660e-07 -4.906427e-06 5.494269e-06 	 -7.343265e-07 5.673183e-07 -1.200846e-07 	 -1.227293e-06 -4.339108e-06 5.374185e-06 	 534
11.750000 	 -8.828124e-06 -7.716016e-08 -3.021969e-06 	 1.574425e-06 1.530597e-06 -2.683519e-06 	 -7.253700e-06 1.453437e-06 -5.705489e-06 	 26
12.250000 	 0.000000e+00 0.000000e+00 0.000000e+00 	 0.000000e+00 0.000000e+00 0.000000e+00 	 0.000000e+00 0.000000e+00 0.000000e+00 	 0
12.750000 	 0.000000e+00 0.000000e+00 0.000000e+00 	 0.000000e+00 0.000000e+00 0.000000e+00 	 0.000000e+00 0.000000e+00 0.000000e+00 	 0
13.250000 	 0.000000e+00 0.000000e+00 0.000000e+00 	 0.000000e+00 0.000000e+00 0.000000e+00 	 0.000000e+00 0.000000e+00 0.000000e+00 	 0
13.750000 	 0.000000e+00 0.000000e+00 0.000000e+00 	 0.000000e+00 0.000000e+00 0.000000e+00 	 0.000000e+00 0.000000e+00 0.000000e+00 	 0
14.250000 	 0.000000e+00 0.000000e+00 0.000000e+00 	 0.000000e+00 0.000000e+00 0.000000e+00 	 0.000000e+00 0.000000e+00 0.000000e+00 	 0
14.750000 	 0.000000e+00 0.000000e+00 0.000000e+00 	 0.000000e+00 0.000000e+00 0.000000e+00 	 0.000000e+00 0.000000e+00 0.000000e+00 	 0
