# 1  2-4    5-7    8-10   11     
# x  dirEF  recEF  sumEF  #Sample
0.250000 	 0.000000e+00 0.000000e+00 0.000000e+00 	 0.000000e+00 0.000000e+00 0.000000e+00 	 0.000000e+00 0.000000e+00 0.000000e+00 	 0
0.750000 	 0.000000e+00 0.000000e+00 0.000000e+00 	 0.000000e+00 0.000000e+00 0.000000e+00 	 0.000000e+00 0.000000e+00 0.000000e+00 	 0
1.250000 	 0.000000e+00 0.000000e+00 0.000000e+00 	 0.000000e+00 0.000000e+00 0.000000e+00 	 0.000000e+00 0.000000e+00 0.000000e+00 	 0
1.750000 	 0.000000e+00 0.000000e+00 0.000000e+00 	 0.000000e+00 0.000000e+00 0.000000e+00 	 0.000000e+00 0.000000e+00 0.000000e+00 	 0
2.250000 	 0.000000e+00 0.000000e+00 0.000000e+00 	 0.000000e+00 0.000000e+00 0.000000e+00 	 0.000000e+00 0.000000e+00 0.000000e+00 	 0
2.750000 	 0.000000e+00 0.000000e+00 0.000000e+00 	 0.000000e+00 0.000000e+00 0.000000e+00 	 0.000000e+00 0.000000e+00 0.000000e+00 	 0
3.250000 	 2.326082e-06 -1.503609e-07 -7.153146e-06 	 -1.867391e-06 9.309593e-07 1.313162e-06 	 4.586903e-07 7.805984e-07 -5.839984e-06 	 22
3.750000 	 1.840650e-06 6.201204e-07 -1.418306e-06 	 7.152172e-07 -7.809858e-08 2.517849e-08 	 2.555867e-06 5.420218e-07 -1.393127e-06 	 565
4.250000 	 -2.387885e-06 -7.222707e-07 3.868007e-07 	 1.055542e-07 -1.256533e-07 4.920979e-09 	 -2.282331e-06 -8.479239e-07 3.917217e-07 	 886
4.750000 	 1.007593e-07 -5.140002e-07 -9.520362e-08 	 -2.996501e-07 -3.623632e-08 -3.602586e-10 	 -1.988909e-07 -5.502366e-07 -9.556388e-08 	 933
5.250000 	 1.940348e-06 -1.852310e-06 7.486163e-07 	 1.233315e-07 1.393453e-08 -8.189703e-08 	 2.063679e-06 -1.838376e-06 6.667193e-07 	 884
5.750000 	 -1.666578e-07 -1.328570e-06 1.841988e-07 	 5.056607e-08 1.146331e-07 3.929878e-08 	 -1.160917e-07 -1.213937e-06 2.234976e-07 	 906
6.250000 	 -2.718321e-06 -4.560374e-07 -2.127830e-06 	 2.184491e-07 6.825122e-08 8.812474e-08 	 -2.499872e-06 -3.877862e-07 -2.039705e-06 	 915
6.750000 	 1.277847e-06 2.440061e-06 -1.784696e-06 	 2.931918e-08 -2.970853e-08 -8.233244e-09 	 1.307166e-06 2.410353e-06 -1.792930e-06 	 906
7.250000 	 7.626706e-07 7.349626e-07 1.270925e-06 	 -2.597963e-07 4.840633e-08 -8.733166e-08 	 5.028744e-07 7.833689e-07 1.183593e-06 	 926
7.750000 	 3.465086e-07 -1.282891e-06 1.633386e-06 	 3.538029e-07 7.893091e-08 9.257805e-09 	 7.003115e-07 -1.203960e-06 1.642644e-06 	 901
8.250000 	 -3.783297e-06 -4.503929e-07 1.164352e-06 	 -7.556056e-08 -3.468969e-08 1.971799e-08 	 -3.858858e-06 -4.850826e-07 1.184070e-06 	 886
8.750000 	 -6.612539e-07 -3.884046e-06 -3.876669e-06 	 -4.159214e-09 -7.046528e-08 9.854524e-09 	 -6.654131e-07 -3.954511e-06 -3.866815e-06 	 916
9.250000 	 1.640372e-07 3.885670e-07 7.443045e-07 	 -3.573721e-07 -7.002196e-08 1.430981e-07 	 -1.933349e-07 3.185451e-07 8.874026e-07 	 892
9.750000 	 2.560608e-06 2.834476e-08 1.218610e-06 	 4.916080e-09 4.338614e-08 4.872776e-08 	 2.565524e-06 7.173090e-08 1.267338e-06 	 924
10.250000 	 9.820434e-07 -1.465578e-06 -5.867615e-07 	 -2.095952e-07 -7.442337e-08 3.435508e-08 	 7.724482e-07 -1.540002e-06 -5.524064e-07 	 912
10.750000 	 4.308439e-07 -2.133291e-07 -1.202770e-06 	 -1.184016e-07 6.735667e-10 1.568219e-08 	 3.124423e-07 -2.126556e-07 -1.187088e-06 	 903
11.250000 	 -1.754477e-06 2.368221e-07 -2.722279e-07 	 -1.972984e-08 -9.153480e-08 -1.668223e-07 	 -1.774206e-06 1.452873e-07 -4.390502e-07 	 524
11.750000 	 -2.100133e-05 1.422743e-06 8.652943e-06 	 4.325959e-08 7.742703e-07 8.762587e-07 	 -2.095807e-05 2.197014e-06 9.529201e-06 	 23
12.250000 	 0.000000e+00 0.000000e+00 0.000000e+00 	 0.000000e+00 0.000000e+00 0.000000e+00 	 0.000000e+00 0.000000e+00 0.000000e+00 	 0
12.750000 	 0.000000e+00 0.000000e+00 0.000000e+00 	 0.000000e+00 0.000000e+00 0.000000e+00 	 0.000000e+00 0.000000e+00 0.000000e+00 	 0
13.250000 	 0.000000e+00 0.000000e+00 0.000000e+00 	 0.000000e+00 0.000000e+00 0.000000e+00 	 0.000000e+00 0.000000e+00 0.000000e+00 	 0
13.750000 	 0.000000e+00 0.000000e+00 0.000000e+00 	 0.000000e+00 0.000000e+00 0.000000e+00 	 0.000000e+00 0.000000e+00 0.000000e+00 	 0
14.250000 	 0.000000e+00 0.000000e+00 0.000000e+00 	 0.000000e+00 0.000000e+00 0.000000e+00 	 0.000000e+00 0.000000e+00 0.000000e+00 	 0
14.750000 	 0.000000e+00 0.000000e+00 0.000000e+00 	 0.000000e+00 0.000000e+00 0.000000e+00 	 0.000000e+00 0.000000e+00 0.000000e+00 	 0
