# 1  2-4    5-7    8-10   11     
# x  dirEF  recEF  sumEF  #Sample
0.250000 	 0.000000e+00 0.000000e+00 0.000000e+00 	 0.000000e+00 0.000000e+00 0.000000e+00 	 0.000000e+00 0.000000e+00 0.000000e+00 	 0
0.750000 	 0.000000e+00 3.552714e-15 0.000000e+00 	 1.221103e-05 1.028538e-05 -1.934522e-06 	 1.221103e-05 1.028538e-05 -1.934522e-06 	 1
1.250000 	 0.000000e+00 0.000000e+00 0.000000e+00 	 0.000000e+00 0.000000e+00 0.000000e+00 	 0.000000e+00 0.000000e+00 0.000000e+00 	 0
1.750000 	 0.000000e+00 0.000000e+00 0.000000e+00 	 0.000000e+00 0.000000e+00 0.000000e+00 	 0.000000e+00 0.000000e+00 0.000000e+00 	 0
2.250000 	 0.000000e+00 0.000000e+00 0.000000e+00 	 0.000000e+00 0.000000e+00 0.000000e+00 	 0.000000e+00 0.000000e+00 0.000000e+00 	 0
2.750000 	 0.000000e+00 0.000000e+00 0.000000e+00 	 0.000000e+00 0.000000e+00 0.000000e+00 	 0.000000e+00 0.000000e+00 0.000000e+00 	 0
3.250000 	 3.549350e-06 -1.599620e-05 9.843428e-07 	 1.376850e-07 -2.655950e-07 -8.550902e-07 	 3.687035e-06 -1.626180e-05 1.292527e-07 	 48
3.750000 	 -2.474235e-07 1.274209e-06 4.119665e-07 	 6.508903e-07 1.778571e-08 -2.238541e-07 	 4.034667e-07 1.291995e-06 1.881124e-07 	 592
4.250000 	 -6.650640e-07 -1.659363e-07 -2.476062e-06 	 -6.142292e-08 -8.917483e-08 -1.621670e-08 	 -7.264869e-07 -2.551112e-07 -2.492279e-06 	 871
4.750000 	 1.567713e-06 1.107692e-06 -1.626506e-06 	 3.147190e-07 5.054332e-08 1.351153e-07 	 1.882432e-06 1.158236e-06 -1.491391e-06 	 896
5.250000 	 -1.227725e-06 -4.501535e-06 1.188413e-06 	 -6.337970e-08 -1.441639e-08 -1.128447e-07 	 -1.291104e-06 -4.515952e-06 1.075568e-06 	 882
5.750000 	 -1.410448e-06 2.520290e-06 -2.457323e-06 	 -6.417936e-07 -8.591574e-08 1.142875e-07 	 -2.052242e-06 2.434374e-06 -2.343035e-06 	 907
6.250000 	 3.422227e-06 -3.545012e-07 2.253248e-06 	 9.449110e-08 -1.433974e-07 -5.669005e-08 	 3.516718e-06 -4.978986e-07 2.196558e-06 	 915
6.750000 	 7.291482e-07 6.115364e-07 -1.567178e-06 	 6.793519e-07 -7.878790e-08 1.339987e-07 	 1.408500e-06 5.327485e-07 -1.433180e-06 	 917
7.250000 	 -1.614938e-06 1.721272e-06 9.948088e-07 	 -2.226920e-07 1.393259e-07 -1.046671e-08 	 -1.837630e-06 1.860598e-06 9.843421e-07 	 890
7.750000 	 -1.447172e-06 -7.478562e-07 3.059915e-06 	 -1.521178e-07 -5.883537e-08 -4.205984e-08 	 -1.599290e-06 -8.066915e-07 3.017855e-06 	 921
8.250000 	 -2.087890e-06 1.108243e-06 2.860564e-06 	 -2.484586e-08 1.413857e-08 -1.291011e-07 	 -2.112736e-06 1.122382e-06 2.731463e-06 	 881
8.750000 	 1.509533e-07 2.361305e-06 -3.188533e-06 	 1.359953e-07 1.704376e-08 1.887778e-09 	 2.869486e-07 2.378349e-06 -3.186645e-06 	 920
9.250000 	 -4.062585e-07 -1.126216e-06 9.635454e-07 	 6.208484e-08 4.656809e-08 2.221485e-08 	 -3.441736e-07 -1.079648e-06 9.857602e-07 	 912
9.750000 	 -3.361964e-06 -1.652617e-06 -3.481459e-06 	 -2.922142e-07 2.195519e-07 4.162932e-09 	 -3.654178e-06 -1.433065e-06 -3.477296e-06 	 894
10.250000 	 -1.628134e-07 1.710247e-06 1.828001e-06 	 3.447809e-07 -1.803631e-07 -1.723188e-08 	 1.819674e-07 1.529884e-06 1.810769e-06 	 926
10.750000 	 2.721426e-06 -2.520875e-06 -2.648403e-07 	 -6.524415e-08 -4.502396e-09 -3.497265e-08 	 2.656182e-06 -2.525378e-06 -2.998130e-07 	 879
11.250000 	 -9.583729e-07 1.508360e-06 -1.448328e-06 	 -1.072256e-06 1.224898e-07 -4.092027e-08 	 -2.030628e-06 1.630850e-06 -1.489249e-06 	 537
11.750000 	 2.871269e-05 6.588439e-06 -4.749952e-06 	 1.246540e-06 2.948502e-08 -4.705032e-07 	 2.995923e-05 6.617924e-06 -5.220455e-06 	 34
12.250000 	 0.000000e+00 0.000000e+00 0.000000e+00 	 0.000000e+00 0.000000e+00 0.000000e+00 	 0.000000e+00 0.000000e+00 0.000000e+00 	 0
12.750000 	 0.000000e+00 0.000000e+00 0.000000e+00 	 0.000000e+00 0.000000e+00 0.000000e+00 	 0.000000e+00 0.000000e+00 0.000000e+00 	 0
13.250000 	 0.000000e+00 0.000000e+00 0.000000e+00 	 0.000000e+00 0.000000e+00 0.000000e+00 	 0.000000e+00 0.000000e+00 0.000000e+00 	 0
13.750000 	 0.000000e+00 0.000000e+00 0.000000e+00 	 0.000000e+00 0.000000e+00 0.000000e+00 	 0.000000e+00 0.000000e+00 0.000000e+00 	 0
14.250000 	 0.000000e+00 0.000000e+00 0.000000e+00 	 0.000000e+00 0.000000e+00 0.000000e+00 	 0.000000e+00 0.000000e+00 0.000000e+00 	 0
14.750000 	 0.000000e+00 0.000000e+00 0.000000e+00 	 -7.457231e-06 3.329586e-06 -1.392981e-05 	 -7.457231e-06 3.329586e-06 -1.392981e-05 	 1
