# 1  2-4    5-7    8-10   11     
# x  dirEF  recEF  sumEF  #Sample
0.250000 	 0.000000e+00 0.000000e+00 0.000000e+00 	 0.000000e+00 0.000000e+00 0.000000e+00 	 0.000000e+00 0.000000e+00 0.000000e+00 	 0
0.750000 	 0.000000e+00 0.000000e+00 0.000000e+00 	 0.000000e+00 0.000000e+00 0.000000e+00 	 0.000000e+00 0.000000e+00 0.000000e+00 	 0
1.250000 	 0.000000e+00 0.000000e+00 0.000000e+00 	 0.000000e+00 0.000000e+00 0.000000e+00 	 0.000000e+00 0.000000e+00 0.000000e+00 	 0
1.750000 	 0.000000e+00 0.000000e+00 0.000000e+00 	 0.000000e+00 0.000000e+00 0.000000e+00 	 0.000000e+00 0.000000e+00 0.000000e+00 	 0
2.250000 	 0.000000e+00 0.000000e+00 0.000000e+00 	 0.000000e+00 0.000000e+00 0.000000e+00 	 0.000000e+00 0.000000e+00 0.000000e+00 	 0
2.750000 	 0.000000e+00 0.000000e+00 0.000000e+00 	 0.000000e+00 0.000000e+00 0.000000e+00 	 0.000000e+00 0.000000e+00 0.000000e+00 	 0
3.250000 	 -8.432674e-06 8.643281e-06 -2.692187e-06 	 -2.619277e-06 2.365461e-06 3.421842e-06 	 -1.105195e-05 1.100874e-05 7.296549e-07 	 45
3.750000 	 -2.178582e-06 -5.687211e-07 2.973500e-06 	 -5.813761e-07 1.160539e-07 1.730802e-07 	 -2.759958e-06 -4.526672e-07 3.146580e-06 	 544
4.250000 	 -9.375430e-07 6.502727e-07 1.074052e-06 	 1.072975e-06 -3.108340e-07 -2.453237e-09 	 1.354319e-07 3.394386e-07 1.071599e-06 	 899
4.750000 	 -1.110476e-07 -3.026576e-06 -3.153818e-06 	 -4.016030e-07 -2.474005e-07 6.247530e-08 	 -5.126506e-07 -3.273976e-06 -3.091343e-06 	 886
5.250000 	 3.704397e-06 1.502075e-06 -2.150303e-06 	 2.867260e-07 -3.826103e-07 -4.835019e-07 	 3.991123e-06 1.119465e-06 -2.633805e-06 	 913
5.750000 	 -1.141054e-06 2.515464e-06 1.245276e-06 	 -3.183289e-06 1.762582e-07 -3.322448e-07 	 -4.324343e-06 2.691722e-06 9.130313e-07 	 918
6.250000 	 -6.261142e-07 2.438338e-06 1.685716e-06 	 3.709633e-06 -8.229060e-07 1.871526e-07 	 3.083519e-06 1.615432e-06 1.872868e-06 	 911
6.750000 	 2.061683e-06 -1.312238e-06 -3.719960e-07 	 -6.988926e-07 -2.833823e-07 -1.452389e-07 	 1.362790e-06 -1.595621e-06 -5.172349e-07 	 910
7.250000 	 2.954287e-06 1.977977e-06 -3.880970e-06 	 -9.276887e-07 1.150337e-06 -4.531744e-07 	 2.026598e-06 3.128314e-06 -4.334144e-06 	 892
7.750000 	 -5.500035e-06 -2.062066e-06 2.328155e-06 	 -5.310986e-08 7.526490e-08 2.733902e-07 	 -5.553145e-06 -1.986801e-06 2.601545e-06 	 919
8.250000 	 -6.857228e-07 1.032549e-06 -1.787808e-06 	 2.080135e-06 1.535600e-07 4.544390e-07 	 1.394412e-06 1.186109e-06 -1.333369e-06 	 902
8.750000 	 2.493168e-06 -3.938199e-07 -2.576259e-06 	 1.216051e-06 -3.284987e-08 -5.810434e-07 	 3.709219e-06 -4.266698e-07 -3.157302e-06 	 922
9.250000 	 -7.094195e-07 3.075730e-06 9.717487e-08 	 -1.994348e-06 -5.799451e-07 -5.689678e-07 	 -2.703768e-06 2.495785e-06 -4.717930e-07 	 880
9.750000 	 -9.221957e-07 -4.063988e-08 2.696761e-06 	 2.297850e-07 4.601044e-07 5.390161e-07 	 -6.924107e-07 4.194646e-07 3.235777e-06 	 921
10.250000 	 7.111307e-07 -6.469273e-07 -1.389912e-06 	 1.918043e-07 -9.686036e-08 4.300498e-07 	 9.029350e-07 -7.437877e-07 -9.598620e-07 	 902
10.750000 	 -1.570098e-06 -5.453394e-08 -1.483795e-06 	 3.980216e-08 8.256760e-07 1.333030e-07 	 -1.530295e-06 7.711420e-07 -1.350492e-06 	 887
11.250000 	 1.514063e-06 5.459853e-07 1.795834e-06 	 -3.918757e-07 1.285712e-07 -7.592463e-07 	 1.122188e-06 6.745565e-07 1.036587e-06 	 533
11.750000 	 -6.196732e-06 -4.365304e-06 -9.947766e-06 	 1.648903e-06 4.313647e-06 -3.375613e-07 	 -4.547829e-06 -5.165676e-08 -1.028533e-05 	 40
12.250000 	 0.000000e+00 0.000000e+00 0.000000e+00 	 0.000000e+00 0.000000e+00 0.000000e+00 	 0.000000e+00 0.000000e+00 0.000000e+00 	 0
12.750000 	 0.000000e+00 0.000000e+00 0.000000e+00 	 0.000000e+00 0.000000e+00 0.000000e+00 	 0.000000e+00 0.000000e+00 0.000000e+00 	 0
13.250000 	 0.000000e+00 0.000000e+00 0.000000e+00 	 0.000000e+00 0.000000e+00 0.000000e+00 	 0.000000e+00 0.000000e+00 0.000000e+00 	 0
13.750000 	 0.000000e+00 0.000000e+00 0.000000e+00 	 0.000000e+00 0.000000e+00 0.000000e+00 	 0.000000e+00 0.000000e+00 0.000000e+00 	 0
14.250000 	 0.000000e+00 0.000000e+00 0.000000e+00 	 0.000000e+00 0.000000e+00 0.000000e+00 	 0.000000e+00 0.000000e+00 0.000000e+00 	 0
14.750000 	 0.000000e+00 0.000000e+00 0.000000e+00 	 0.000000e+00 0.000000e+00 0.000000e+00 	 0.000000e+00 0.000000e+00 0.000000e+00 	 0
