# 1  2-4    5-7    8-10   11     
# x  dirEF  recEF  sumEF  #Sample
0.250000 	 0.000000e+00 0.000000e+00 0.000000e+00 	 0.000000e+00 0.000000e+00 0.000000e+00 	 0.000000e+00 0.000000e+00 0.000000e+00 	 0
0.750000 	 0.000000e+00 0.000000e+00 0.000000e+00 	 0.000000e+00 0.000000e+00 0.000000e+00 	 0.000000e+00 0.000000e+00 0.000000e+00 	 0
1.250000 	 0.000000e+00 0.000000e+00 0.000000e+00 	 0.000000e+00 0.000000e+00 0.000000e+00 	 0.000000e+00 0.000000e+00 0.000000e+00 	 0
1.750000 	 0.000000e+00 0.000000e+00 0.000000e+00 	 0.000000e+00 0.000000e+00 0.000000e+00 	 0.000000e+00 0.000000e+00 0.000000e+00 	 0
2.250000 	 0.000000e+00 0.000000e+00 0.000000e+00 	 0.000000e+00 0.000000e+00 0.000000e+00 	 0.000000e+00 0.000000e+00 0.000000e+00 	 0
2.750000 	 0.000000e+00 0.000000e+00 0.000000e+00 	 0.000000e+00 0.000000e+00 0.000000e+00 	 0.000000e+00 0.000000e+00 0.000000e+00 	 0
3.250000 	 -2.531246e-06 -2.114642e-06 8.641976e-06 	 3.316175e-07 4.718506e-07 8.949854e-07 	 -2.199628e-06 -1.642791e-06 9.536961e-06 	 22
3.750000 	 -7.752347e-07 2.915737e-06 -4.909569e-07 	 5.849338e-07 -4.969508e-07 1.146717e-07 	 -1.903009e-07 2.418786e-06 -3.762851e-07 	 593
4.250000 	 -2.624054e-06 -1.800193e-06 -8.933304e-07 	 6.873398e-07 5.413820e-07 2.924387e-08 	 -1.936715e-06 -1.258811e-06 -8.640865e-07 	 877
4.750000 	 1.171586e-06 1.201633e-06 -2.409896e-07 	 -2.434643e-06 3.591050e-07 6.043127e-08 	 -1.263057e-06 1.560738e-06 -1.805583e-07 	 904
5.250000 	 4.142908e-06 1.890711e-06 -3.020768e-07 	 2.414636e-06 -5.520933e-07 1.256357e-07 	 6.557544e-06 1.338618e-06 -1.764411e-07 	 905
5.750000 	 -5.515433e-06 -3.063453e-06 -4.415234e-07 	 -1.180602e-06 -5.725335e-07 8.019175e-07 	 -6.696034e-06 -3.635986e-06 3.603940e-07 	 902
6.250000 	 2.128711e-06 1.789895e-06 3.452500e-07 	 -1.493646e-06 -1.527953e-07 -1.296720e-06 	 6.350642e-07 1.637100e-06 -9.514704e-07 	 894
6.750000 	 -4.114811e-07 -8.287344e-07 -1.846336e-06 	 -1.703136e-07 5.149550e-07 7.322522e-07 	 -5.817947e-07 -3.137794e-07 -1.114084e-06 	 907
7.250000 	 -3.256697e-08 2.742309e-06 -2.595709e-07 	 1.121443e-06 -2.256851e-07 -6.167381e-07 	 1.088876e-06 2.516624e-06 -8.763090e-07 	 908
7.750000 	 2.679948e-06 -5.566377e-07 -9.349502e-07 	 -1.360888e-06 3.519743e-07 8.798826e-07 	 1.319060e-06 -2.046634e-07 -5.506754e-08 	 917
8.250000 	 -2.619640e-06 1.180969e-06 3.625607e-06 	 1.773869e-06 -2.702277e-07 -8.060515e-07 	 -8.457701e-07 9.107408e-07 2.819556e-06 	 941
8.750000 	 8.770535e-07 -3.860200e-07 2.219765e-06 	 -1.739057e-06 3.794593e-07 4.271865e-07 	 -8.620030e-07 -6.560659e-09 2.646952e-06 	 892
9.250000 	 -9.747263e-07 1.022029e-06 -3.224362e-06 	 1.535146e-06 6.297663e-07 4.990556e-07 	 5.604196e-07 1.651795e-06 -2.725306e-06 	 890
9.750000 	 -2.614230e-06 -1.559356e-06 -2.994432e-06 	 -1.932925e-06 1.507196e-07 -6.822358e-07 	 -4.547155e-06 -1.408636e-06 -3.676668e-06 	 907
10.250000 	 6.089682e-07 -1.427819e-08 -1.577670e-06 	 1.042626e-06 -4.635765e-07 -6.811347e-08 	 1.651594e-06 -4.778547e-07 -1.645784e-06 	 900
10.750000 	 2.202744e-06 2.346405e-06 -9.240715e-07 	 -1.286927e-06 2.218073e-07 -1.149637e-06 	 9.158171e-07 2.568212e-06 -2.073708e-06 	 905
11.250000 	 -4.929660e-07 -4.906427e-06 5.494269e-06 	 -9.045484e-07 -3.466711e-08 -7.668858e-07 	 -1.397514e-06 -4.941094e-06 4.727383e-06 	 534
11.750000 	 -8.828124e-06 -7.716015e-08 -3.021969e-06 	 1.364389e-05 6.033063e-07 -8.331164e-06 	 4.815770e-06 5.261462e-07 -1.135313e-05 	 26
12.250000 	 0.000000e+00 0.000000e+00 0.000000e+00 	 0.000000e+00 0.000000e+00 0.000000e+00 	 0.000000e+00 0.000000e+00 0.000000e+00 	 0
12.750000 	 0.000000e+00 0.000000e+00 0.000000e+00 	 0.000000e+00 0.000000e+00 0.000000e+00 	 0.000000e+00 0.000000e+00 0.000000e+00 	 0
13.250000 	 0.000000e+00 0.000000e+00 0.000000e+00 	 0.000000e+00 0.000000e+00 0.000000e+00 	 0.000000e+00 0.000000e+00 0.000000e+00 	 0
13.750000 	 0.000000e+00 0.000000e+00 0.000000e+00 	 0.000000e+00 0.000000e+00 0.000000e+00 	 0.000000e+00 0.000000e+00 0.000000e+00 	 0
14.250000 	 0.000000e+00 0.000000e+00 0.000000e+00 	 0.000000e+00 0.000000e+00 0.000000e+00 	 0.000000e+00 0.000000e+00 0.000000e+00 	 0
14.750000 	 0.000000e+00 0.000000e+00 0.000000e+00 	 0.000000e+00 0.000000e+00 0.000000e+00 	 0.000000e+00 0.000000e+00 0.000000e+00 	 0
