# 1  2-4    5-7    8-10   11     
# x  dirEF  recEF  sumEF  #Sample
0.250000 	 0.000000e+00 0.000000e+00 0.000000e+00 	 0.000000e+00 0.000000e+00 0.000000e+00 	 0.000000e+00 0.000000e+00 0.000000e+00 	 0
0.750000 	 0.000000e+00 0.000000e+00 0.000000e+00 	 0.000000e+00 0.000000e+00 0.000000e+00 	 0.000000e+00 0.000000e+00 0.000000e+00 	 0
1.250000 	 0.000000e+00 0.000000e+00 0.000000e+00 	 0.000000e+00 0.000000e+00 0.000000e+00 	 0.000000e+00 0.000000e+00 0.000000e+00 	 0
1.750000 	 0.000000e+00 0.000000e+00 0.000000e+00 	 0.000000e+00 0.000000e+00 0.000000e+00 	 0.000000e+00 0.000000e+00 0.000000e+00 	 0
2.250000 	 0.000000e+00 0.000000e+00 0.000000e+00 	 0.000000e+00 0.000000e+00 0.000000e+00 	 0.000000e+00 0.000000e+00 0.000000e+00 	 0
2.750000 	 0.000000e+00 0.000000e+00 0.000000e+00 	 0.000000e+00 0.000000e+00 0.000000e+00 	 0.000000e+00 0.000000e+00 0.000000e+00 	 0
3.250000 	 5.033586e-06 -5.556073e-06 -4.508297e-06 	 -4.619187e-06 -1.704280e-07 -4.952503e-07 	 4.143993e-07 -5.726501e-06 -5.003547e-06 	 26
3.750000 	 3.019001e-06 3.927202e-06 1.128997e-06 	 1.420887e-06 -2.005385e-08 6.269648e-08 	 4.439888e-06 3.907149e-06 1.191694e-06 	 550
4.250000 	 -7.122917e-07 -1.991126e-06 -1.958866e-06 	 -5.747152e-07 -2.981981e-08 3.169549e-08 	 -1.287007e-06 -2.020946e-06 -1.927170e-06 	 889
4.750000 	 -1.083893e-06 1.213153e-06 2.221716e-07 	 4.131792e-07 -9.312285e-10 1.778860e-07 	 -6.707133e-07 1.212222e-06 4.000576e-07 	 923
5.250000 	 -3.462312e-08 4.511080e-06 2.074951e-06 	 -3.140064e-07 -1.378597e-07 -2.505549e-09 	 -3.486295e-07 4.373220e-06 2.072445e-06 	 913
5.750000 	 -3.826994e-06 -3.759988e-06 1.014758e-06 	 6.957597e-08 4.876448e-08 -4.768259e-08 	 -3.757418e-06 -3.711223e-06 9.670750e-07 	 910
6.250000 	 -1.573335e-06 3.193387e-06 -1.144262e-06 	 -1.427003e-07 -3.261274e-08 3.980144e-08 	 -1.716035e-06 3.160774e-06 -1.104460e-06 	 897
6.750000 	 1.529926e-06 3.747053e-06 -7.925084e-07 	 9.526441e-10 1.000614e-07 -1.816310e-07 	 1.530878e-06 3.847115e-06 -9.741394e-07 	 921
7.250000 	 -5.278245e-07 -3.825447e-07 1.324003e-06 	 6.418583e-08 6.514345e-08 2.879783e-08 	 -4.636387e-07 -3.174013e-07 1.352801e-06 	 908
7.750000 	 -1.462276e-06 1.081882e-06 -2.294466e-06 	 2.450775e-07 5.323090e-08 8.736115e-09 	 -1.217198e-06 1.135113e-06 -2.285730e-06 	 897
8.250000 	 -3.720891e-06 3.008007e-07 3.169254e-07 	 -1.427086e-08 1.340430e-07 -4.520933e-08 	 -3.735161e-06 4.348438e-07 2.717160e-07 	 901
8.750000 	 6.568258e-07 -4.737495e-06 1.189647e-06 	 1.118322e-07 -1.531344e-07 6.098022e-08 	 7.686580e-07 -4.890630e-06 1.250627e-06 	 913
9.250000 	 3.430434e-06 -5.767314e-07 7.505998e-08 	 -1.252324e-07 -5.305425e-08 -1.732602e-11 	 3.305201e-06 -6.297856e-07 7.504265e-08 	 908
9.750000 	 2.105705e-06 3.990624e-06 -4.900787e-07 	 -1.019323e-07 -9.581260e-08 9.431109e-09 	 2.003773e-06 3.894811e-06 -4.806476e-07 	 891
10.250000 	 1.147854e-06 1.160145e-06 -8.149360e-07 	 2.808371e-07 1.352225e-07 -1.280803e-07 	 1.428691e-06 1.295367e-06 -9.430163e-07 	 922
10.750000 	 -1.812346e-06 4.333323e-06 3.201490e-06 	 -4.436249e-07 -1.030839e-08 6.158449e-08 	 -2.255970e-06 4.323015e-06 3.263074e-06 	 884
11.250000 	 2.529350e-07 -4.221939e-07 -3.407658e-06 	 -5.085264e-07 -2.134464e-07 -1.733000e-07 	 -2.555914e-07 -6.356402e-07 -3.580957e-06 	 542
11.750000 	 -1.214255e-06 -1.303878e-06 -7.138748e-06 	 1.032331e-06 -2.021293e-06 1.106020e-06 	 -1.819232e-07 -3.325171e-06 -6.032728e-06 	 28
12.250000 	 0.000000e+00 0.000000e+00 0.000000e+00 	 0.000000e+00 0.000000e+00 0.000000e+00 	 0.000000e+00 0.000000e+00 0.000000e+00 	 0
12.750000 	 -2.505697e-06 6.572633e-06 -5.442468e-06 	 -2.404054e-06 1.554025e-05 1.432005e-06 	 -4.909752e-06 2.211289e-05 -4.010463e-06 	 1
13.250000 	 0.000000e+00 0.000000e+00 0.000000e+00 	 0.000000e+00 0.000000e+00 0.000000e+00 	 0.000000e+00 0.000000e+00 0.000000e+00 	 0
13.750000 	 0.000000e+00 0.000000e+00 0.000000e+00 	 0.000000e+00 0.000000e+00 0.000000e+00 	 0.000000e+00 0.000000e+00 0.000000e+00 	 0
14.250000 	 0.000000e+00 0.000000e+00 0.000000e+00 	 0.000000e+00 0.000000e+00 0.000000e+00 	 0.000000e+00 0.000000e+00 0.000000e+00 	 0
14.750000 	 0.000000e+00 0.000000e+00 0.000000e+00 	 0.000000e+00 0.000000e+00 0.000000e+00 	 0.000000e+00 0.000000e+00 0.000000e+00 	 0
