# 1  2-4    5-7    8-10   11     
# x  dirEF  recEF  sumEF  #Sample
0.250000 	 0.000000e+00 0.000000e+00 0.000000e+00 	 0.000000e+00 0.000000e+00 0.000000e+00 	 0.000000e+00 0.000000e+00 0.000000e+00 	 0
0.750000 	 0.000000e+00 0.000000e+00 0.000000e+00 	 0.000000e+00 0.000000e+00 0.000000e+00 	 0.000000e+00 0.000000e+00 0.000000e+00 	 0
1.250000 	 0.000000e+00 0.000000e+00 0.000000e+00 	 0.000000e+00 0.000000e+00 0.000000e+00 	 0.000000e+00 0.000000e+00 0.000000e+00 	 0
1.750000 	 0.000000e+00 0.000000e+00 0.000000e+00 	 0.000000e+00 0.000000e+00 0.000000e+00 	 0.000000e+00 0.000000e+00 0.000000e+00 	 0
2.250000 	 0.000000e+00 0.000000e+00 0.000000e+00 	 0.000000e+00 0.000000e+00 0.000000e+00 	 0.000000e+00 0.000000e+00 0.000000e+00 	 0
2.750000 	 0.000000e+00 0.000000e+00 0.000000e+00 	 0.000000e+00 0.000000e+00 0.000000e+00 	 0.000000e+00 0.000000e+00 0.000000e+00 	 0
3.250000 	 -8.351380e-06 5.824726e-06 2.326401e-06 	 -2.303634e-06 1.189654e-07 1.885017e-07 	 -1.065501e-05 5.943691e-06 2.514903e-06 	 43
3.750000 	 8.042775e-07 2.407467e-06 2.182839e-06 	 5.342990e-07 -9.247635e-08 -3.019787e-07 	 1.338577e-06 2.314991e-06 1.880860e-06 	 561
4.250000 	 1.958071e-06 -1.880953e-06 3.599891e-06 	 3.280824e-07 -8.646766e-09 8.501394e-08 	 2.286153e-06 -1.889600e-06 3.684905e-06 	 884
4.750000 	 -8.980409e-08 3.315404e-06 -2.398541e-06 	 -7.386799e-08 -2.468640e-08 7.991770e-08 	 -1.636721e-07 3.290718e-06 -2.318624e-06 	 893
5.250000 	 2.180361e-06 2.261463e-06 -4.427586e-08 	 -2.112785e-07 -9.865151e-09 3.609339e-08 	 1.969082e-06 2.251598e-06 -8.182475e-09 	 908
5.750000 	 5.078981e-06 -1.583207e-06 -1.365167e-06 	 4.901358e-08 3.875057e-08 1.449320e-08 	 5.127995e-06 -1.544456e-06 -1.350674e-06 	 913
6.250000 	 -2.644294e-06 1.448617e-07 -1.900403e-06 	 3.338504e-09 -4.488783e-08 -8.609106e-08 	 -2.640956e-06 9.997385e-08 -1.986494e-06 	 897
6.750000 	 -2.526986e-06 6.535356e-06 3.280693e-06 	 1.818725e-07 -1.134833e-07 -1.001108e-07 	 -2.345113e-06 6.421873e-06 3.180582e-06 	 919
7.250000 	 -1.574897e-06 -4.363041e-06 1.174045e-07 	 5.929445e-08 3.087334e-08 1.445092e-07 	 -1.515603e-06 -4.332168e-06 2.619137e-07 	 905
7.750000 	 2.846612e-06 -2.930328e-07 -1.075541e-06 	 -4.082017e-07 -5.827151e-09 -9.186276e-08 	 2.438410e-06 -2.988600e-07 -1.167404e-06 	 911
8.250000 	 1.545084e-06 -1.094062e-06 -2.709566e-08 	 1.513074e-07 -6.882703e-09 3.875459e-08 	 1.696391e-06 -1.100945e-06 1.165893e-08 	 894
8.750000 	 -4.429443e-06 -2.591161e-06 1.561047e-06 	 1.391915e-08 1.246766e-08 -1.853616e-07 	 -4.415523e-06 -2.578694e-06 1.375685e-06 	 916
9.250000 	 1.376301e-06 1.619322e-06 9.627006e-08 	 -1.223556e-07 -4.269017e-08 1.147948e-07 	 1.253946e-06 1.576632e-06 2.110649e-07 	 931
9.750000 	 2.652960e-06 3.860793e-06 8.464767e-07 	 1.888358e-07 1.173151e-07 -1.450707e-07 	 2.841796e-06 3.978108e-06 7.014060e-07 	 896
10.250000 	 -6.777844e-07 -7.361572e-07 -3.618451e-06 	 6.158614e-08 2.992795e-08 6.789746e-08 	 -6.161983e-07 -7.062292e-07 -3.550553e-06 	 901
10.750000 	 -2.156757e-06 -2.762117e-06 1.468226e-06 	 -4.104224e-07 1.210350e-07 4.190881e-08 	 -2.567179e-06 -2.641082e-06 1.510135e-06 	 900
11.250000 	 -3.191758e-06 -5.228348e-06 1.452328e-07 	 -3.359738e-07 -1.658472e-07 1.242555e-07 	 -3.527731e-06 -5.394195e-06 2.694883e-07 	 536
11.750000 	 -5.118203e-06 2.904158e-05 -1.291254e-06 	 4.807690e-06 9.760335e-07 1.235444e-06 	 -3.105129e-07 3.001762e-05 -5.580959e-08 	 16
12.250000 	 0.000000e+00 0.000000e+00 0.000000e+00 	 0.000000e+00 0.000000e+00 0.000000e+00 	 0.000000e+00 0.000000e+00 0.000000e+00 	 0
12.750000 	 0.000000e+00 0.000000e+00 0.000000e+00 	 0.000000e+00 0.000000e+00 0.000000e+00 	 0.000000e+00 0.000000e+00 0.000000e+00 	 0
13.250000 	 0.000000e+00 0.000000e+00 0.000000e+00 	 0.000000e+00 0.000000e+00 0.000000e+00 	 0.000000e+00 0.000000e+00 0.000000e+00 	 0
13.750000 	 0.000000e+00 0.000000e+00 0.000000e+00 	 0.000000e+00 0.000000e+00 0.000000e+00 	 0.000000e+00 0.000000e+00 0.000000e+00 	 0
14.250000 	 0.000000e+00 0.000000e+00 0.000000e+00 	 0.000000e+00 0.000000e+00 0.000000e+00 	 0.000000e+00 0.000000e+00 0.000000e+00 	 0
14.750000 	 0.000000e+00 0.000000e+00 0.000000e+00 	 0.000000e+00 0.000000e+00 0.000000e+00 	 0.000000e+00 0.000000e+00 0.000000e+00 	 0
