# 1  2-4    5-7    8-10   11     
# x  dirEF  recEF  sumEF  #Sample
0.250000 	 0.000000e+00 0.000000e+00 0.000000e+00 	 0.000000e+00 0.000000e+00 0.000000e+00 	 0.000000e+00 0.000000e+00 0.000000e+00 	 0
0.750000 	 0.000000e+00 0.000000e+00 0.000000e+00 	 0.000000e+00 0.000000e+00 0.000000e+00 	 0.000000e+00 0.000000e+00 0.000000e+00 	 0
1.250000 	 0.000000e+00 0.000000e+00 0.000000e+00 	 0.000000e+00 0.000000e+00 0.000000e+00 	 0.000000e+00 0.000000e+00 0.000000e+00 	 0
1.750000 	 0.000000e+00 0.000000e+00 0.000000e+00 	 0.000000e+00 0.000000e+00 0.000000e+00 	 0.000000e+00 0.000000e+00 0.000000e+00 	 0
2.250000 	 0.000000e+00 0.000000e+00 0.000000e+00 	 0.000000e+00 0.000000e+00 0.000000e+00 	 0.000000e+00 0.000000e+00 0.000000e+00 	 0
2.750000 	 0.000000e+00 0.000000e+00 0.000000e+00 	 0.000000e+00 0.000000e+00 0.000000e+00 	 0.000000e+00 0.000000e+00 0.000000e+00 	 0
3.250000 	 5.033586e-06 -5.556073e-06 -4.508297e-06 	 -1.477341e-06 -8.174010e-07 -7.662696e-06 	 3.556246e-06 -6.373474e-06 -1.217099e-05 	 26
3.750000 	 3.019001e-06 3.927202e-06 1.128997e-06 	 3.702425e-06 8.294680e-07 -2.677542e-07 	 6.721426e-06 4.756670e-06 8.612429e-07 	 550
4.250000 	 -7.122917e-07 -1.991126e-06 -1.958866e-06 	 -1.441322e-06 -1.483598e-07 -5.775084e-07 	 -2.153614e-06 -2.139486e-06 -2.536374e-06 	 889
4.750000 	 -1.083893e-06 1.213153e-06 2.221716e-07 	 2.037505e-06 -8.343229e-07 5.233041e-07 	 9.536124e-07 3.788303e-07 7.454756e-07 	 923
5.250000 	 -3.462312e-08 4.511080e-06 2.074951e-06 	 -1.298707e-06 -4.177253e-07 -6.581077e-07 	 -1.333330e-06 4.093355e-06 1.416843e-06 	 913
5.750000 	 -3.826994e-06 -3.759988e-06 1.014758e-06 	 -9.587866e-07 3.475853e-07 6.112045e-07 	 -4.785781e-06 -3.412402e-06 1.625962e-06 	 910
6.250000 	 -1.573335e-06 3.193387e-06 -1.144262e-06 	 1.259669e-07 5.602796e-07 -4.101296e-07 	 -1.447368e-06 3.753666e-06 -1.554391e-06 	 897
6.750000 	 1.529926e-06 3.747053e-06 -7.925084e-07 	 1.664151e-06 7.592373e-07 -8.981468e-07 	 3.194077e-06 4.506291e-06 -1.690655e-06 	 921
7.250000 	 -5.278245e-07 -3.825447e-07 1.324003e-06 	 -3.424160e-06 -1.421746e-06 8.204405e-08 	 -3.951984e-06 -1.804291e-06 1.406047e-06 	 908
7.750000 	 -1.462276e-06 1.081882e-06 -2.294466e-06 	 2.677780e-06 -1.180854e-09 -7.763987e-07 	 1.215504e-06 1.080701e-06 -3.070865e-06 	 897
8.250000 	 -3.720891e-06 3.008007e-07 3.169254e-07 	 8.661766e-08 5.391286e-07 -2.650754e-10 	 -3.634273e-06 8.399293e-07 3.166603e-07 	 901
8.750000 	 6.568258e-07 -4.737495e-06 1.189647e-06 	 -1.298439e-06 -1.239270e-07 -1.269637e-07 	 -6.416127e-07 -4.861422e-06 1.062683e-06 	 913
9.250000 	 3.430434e-06 -5.767314e-07 7.505998e-08 	 -2.275381e-06 7.762519e-07 -3.429677e-07 	 1.155053e-06 1.995205e-07 -2.679077e-07 	 908
9.750000 	 2.105705e-06 3.990624e-06 -4.900787e-07 	 2.173871e-06 -7.517079e-07 -9.382694e-07 	 4.279576e-06 3.238916e-06 -1.428348e-06 	 891
10.250000 	 1.147854e-06 1.160145e-06 -8.149360e-07 	 -1.215593e-06 1.055482e-06 -5.357561e-07 	 -6.773904e-08 2.215627e-06 -1.350692e-06 	 922
10.750000 	 -1.812346e-06 4.333323e-06 3.201490e-06 	 2.097485e-06 1.560390e-06 -6.121985e-08 	 2.851398e-07 5.893714e-06 3.140270e-06 	 884
11.250000 	 2.529350e-07 -4.221939e-07 -3.407658e-06 	 -1.773382e-06 -1.109899e-06 -2.043910e-07 	 -1.520447e-06 -1.532093e-06 -3.612049e-06 	 542
11.750000 	 -1.214255e-06 -1.303878e-06 -7.138748e-06 	 8.580476e-06 9.540728e-07 7.831307e-07 	 7.366222e-06 -3.498052e-07 -6.355617e-06 	 28
12.250000 	 0.000000e+00 0.000000e+00 0.000000e+00 	 0.000000e+00 0.000000e+00 0.000000e+00 	 0.000000e+00 0.000000e+00 0.000000e+00 	 0
12.750000 	 -2.505697e-06 6.572633e-06 -5.442468e-06 	 2.291918e-08 3.379607e-10 1.626032e-08 	 -2.482778e-06 6.572971e-06 -5.426208e-06 	 1
13.250000 	 0.000000e+00 0.000000e+00 0.000000e+00 	 0.000000e+00 0.000000e+00 0.000000e+00 	 0.000000e+00 0.000000e+00 0.000000e+00 	 0
13.750000 	 0.000000e+00 0.000000e+00 0.000000e+00 	 0.000000e+00 0.000000e+00 0.000000e+00 	 0.000000e+00 0.000000e+00 0.000000e+00 	 0
14.250000 	 0.000000e+00 0.000000e+00 0.000000e+00 	 0.000000e+00 0.000000e+00 0.000000e+00 	 0.000000e+00 0.000000e+00 0.000000e+00 	 0
14.750000 	 0.000000e+00 0.000000e+00 0.000000e+00 	 0.000000e+00 0.000000e+00 0.000000e+00 	 0.000000e+00 0.000000e+00 0.000000e+00 	 0
