# 1  2-4    5-7    8-10   11     
# x  dirEF  recEF  sumEF  #Sample
0.250000 	 0.000000e+00 0.000000e+00 0.000000e+00 	 0.000000e+00 0.000000e+00 0.000000e+00 	 0.000000e+00 0.000000e+00 0.000000e+00 	 0
0.750000 	 0.000000e+00 0.000000e+00 0.000000e+00 	 0.000000e+00 0.000000e+00 0.000000e+00 	 0.000000e+00 0.000000e+00 0.000000e+00 	 0
1.250000 	 0.000000e+00 0.000000e+00 0.000000e+00 	 0.000000e+00 0.000000e+00 0.000000e+00 	 0.000000e+00 0.000000e+00 0.000000e+00 	 0
1.750000 	 0.000000e+00 0.000000e+00 0.000000e+00 	 0.000000e+00 0.000000e+00 0.000000e+00 	 0.000000e+00 0.000000e+00 0.000000e+00 	 0
2.250000 	 0.000000e+00 0.000000e+00 0.000000e+00 	 0.000000e+00 0.000000e+00 0.000000e+00 	 0.000000e+00 0.000000e+00 0.000000e+00 	 0
2.750000 	 0.000000e+00 0.000000e+00 0.000000e+00 	 0.000000e+00 0.000000e+00 0.000000e+00 	 0.000000e+00 0.000000e+00 0.000000e+00 	 0
3.250000 	 3.816092e-06 8.317442e-06 7.399708e-06 	 -1.525777e-06 4.275027e-06 4.340793e-06 	 2.290315e-06 1.259247e-05 1.174050e-05 	 25
3.750000 	 3.537477e-07 -4.674339e-06 -3.211092e-06 	 -1.907009e-06 -3.275301e-07 -7.445896e-07 	 -1.553262e-06 -5.001869e-06 -3.955681e-06 	 575
4.250000 	 -3.123094e-06 -5.779057e-07 -1.205546e-06 	 3.395897e-06 -7.397453e-07 -7.591570e-08 	 2.728025e-07 -1.317651e-06 -1.281462e-06 	 900
4.750000 	 -1.313972e-07 6.238744e-07 2.958097e-06 	 -2.865875e-06 -1.624558e-07 -6.180021e-07 	 -2.997272e-06 4.614186e-07 2.340095e-06 	 893
5.250000 	 -2.259839e-06 1.256100e-06 -3.682268e-06 	 1.311211e-06 -1.095326e-07 -4.274310e-07 	 -9.486280e-07 1.146568e-06 -4.109699e-06 	 916
5.750000 	 -2.682046e-06 4.915354e-06 -2.857412e-06 	 -9.315908e-08 5.557369e-07 1.056403e-08 	 -2.775205e-06 5.471091e-06 -2.846848e-06 	 887
6.250000 	 4.966368e-06 2.607878e-06 1.417228e-06 	 -1.993927e-07 -1.460532e-06 -4.429987e-08 	 4.766975e-06 1.147345e-06 1.372928e-06 	 910
6.750000 	 5.075312e-07 2.931593e-06 -1.282024e-06 	 8.416848e-07 9.561995e-07 -8.804582e-08 	 1.349216e-06 3.887793e-06 -1.370070e-06 	 898
7.250000 	 6.510413e-07 -1.256354e-06 5.238798e-08 	 3.269342e-07 2.681621e-07 -3.944338e-07 	 9.779754e-07 -9.881923e-07 -3.420458e-07 	 920
7.750000 	 -3.642364e-06 -1.538401e-06 1.756287e-06 	 -2.206702e-06 -5.427371e-07 -6.906337e-07 	 -5.849066e-06 -2.081138e-06 1.065653e-06 	 910
8.250000 	 1.295355e-06 -1.129084e-06 2.504323e-06 	 8.064308e-07 -5.397388e-07 -1.218046e-06 	 2.101786e-06 -1.668822e-06 1.286277e-06 	 916
8.750000 	 2.159083e-06 -2.387524e-06 7.778053e-07 	 1.202319e-06 6.863536e-08 -2.997214e-07 	 3.361402e-06 -2.318889e-06 4.780839e-07 	 902
9.250000 	 -6.860388e-06 1.492395e-06 3.781915e-07 	 -2.344475e-06 -2.650832e-07 4.122477e-07 	 -9.204863e-06 1.227312e-06 7.904392e-07 	 916
9.750000 	 -2.817930e-06 6.236867e-07 1.266580e-06 	 4.307141e-06 -3.660982e-08 7.513849e-07 	 1.489211e-06 5.870769e-07 2.017964e-06 	 885
10.250000 	 3.021416e-06 1.299415e-06 5.068663e-07 	 -1.844049e-06 -1.262088e-06 -6.010424e-08 	 1.177366e-06 3.732726e-08 4.467621e-07 	 903
10.750000 	 3.279373e-06 -1.730169e-06 1.068784e-06 	 -1.792411e-07 -6.572240e-07 2.262267e-07 	 3.100132e-06 -2.387393e-06 1.295011e-06 	 913
11.250000 	 -5.726284e-06 6.666785e-07 -8.080901e-07 	 -1.430549e-06 -3.140553e-09 -4.494979e-07 	 -7.156833e-06 6.635379e-07 -1.257588e-06 	 541
11.750000 	 1.770894e-05 -9.344641e-06 -7.426573e-06 	 2.149355e-06 -1.640554e-06 8.929260e-07 	 1.985829e-05 -1.098519e-05 -6.533647e-06 	 14
12.250000 	 0.000000e+00 0.000000e+00 0.000000e+00 	 0.000000e+00 0.000000e+00 0.000000e+00 	 0.000000e+00 0.000000e+00 0.000000e+00 	 0
12.750000 	 0.000000e+00 0.000000e+00 0.000000e+00 	 0.000000e+00 0.000000e+00 0.000000e+00 	 0.000000e+00 0.000000e+00 0.000000e+00 	 0
13.250000 	 0.000000e+00 0.000000e+00 0.000000e+00 	 0.000000e+00 0.000000e+00 0.000000e+00 	 0.000000e+00 0.000000e+00 0.000000e+00 	 0
13.750000 	 0.000000e+00 0.000000e+00 0.000000e+00 	 0.000000e+00 0.000000e+00 0.000000e+00 	 0.000000e+00 0.000000e+00 0.000000e+00 	 0
14.250000 	 0.000000e+00 0.000000e+00 0.000000e+00 	 0.000000e+00 0.000000e+00 0.000000e+00 	 0.000000e+00 0.000000e+00 0.000000e+00 	 0
14.750000 	 0.000000e+00 0.000000e+00 0.000000e+00 	 0.000000e+00 0.000000e+00 0.000000e+00 	 0.000000e+00 0.000000e+00 0.000000e+00 	 0
