# 1  2-4    5-7    8-10   11     
# x  dirEF  recEF  sumEF  #Sample
0.250000 	 0.000000e+00 0.000000e+00 0.000000e+00 	 0.000000e+00 0.000000e+00 0.000000e+00 	 0.000000e+00 0.000000e+00 0.000000e+00 	 0
0.750000 	 0.000000e+00 0.000000e+00 0.000000e+00 	 0.000000e+00 0.000000e+00 0.000000e+00 	 0.000000e+00 0.000000e+00 0.000000e+00 	 0
1.250000 	 0.000000e+00 0.000000e+00 0.000000e+00 	 0.000000e+00 0.000000e+00 0.000000e+00 	 0.000000e+00 0.000000e+00 0.000000e+00 	 0
1.750000 	 0.000000e+00 0.000000e+00 0.000000e+00 	 0.000000e+00 0.000000e+00 0.000000e+00 	 0.000000e+00 0.000000e+00 0.000000e+00 	 0
2.250000 	 0.000000e+00 0.000000e+00 0.000000e+00 	 0.000000e+00 0.000000e+00 0.000000e+00 	 0.000000e+00 0.000000e+00 0.000000e+00 	 0
2.750000 	 0.000000e+00 0.000000e+00 0.000000e+00 	 0.000000e+00 0.000000e+00 0.000000e+00 	 0.000000e+00 0.000000e+00 0.000000e+00 	 0
3.250000 	 1.555882e-05 -4.592553e-06 1.548417e-05 	 -1.207380e-05 9.690453e-06 8.059767e-06 	 3.485021e-06 5.097900e-06 2.354393e-05 	 16
3.750000 	 -2.436443e-06 -3.025362e-06 -2.124832e-06 	 1.686382e-06 -1.052173e-06 1.922426e-06 	 -7.500606e-07 -4.077535e-06 -2.024063e-07 	 573
4.250000 	 -2.041396e-06 -5.245761e-07 -2.192547e-06 	 -3.056522e-06 -5.985753e-07 2.477872e-07 	 -5.097918e-06 -1.123151e-06 -1.944760e-06 	 899
4.750000 	 -8.824483e-07 3.496973e-06 4.881496e-06 	 2.174007e-06 2.040712e-07 -1.307207e-06 	 1.291559e-06 3.701044e-06 3.574288e-06 	 923
5.250000 	 2.040990e-07 1.149375e-06 -4.508276e-06 	 1.655022e-06 8.135514e-07 -5.787223e-08 	 1.859121e-06 1.962927e-06 -4.566148e-06 	 901
5.750000 	 2.679630e-06 -2.787617e-06 -4.247860e-08 	 -7.882523e-08 -5.392774e-07 -9.873349e-07 	 2.600805e-06 -3.326895e-06 -1.029814e-06 	 902
6.250000 	 2.722323e-06 1.431464e-06 1.029551e-08 	 -6.918044e-07 4.876492e-07 9.786400e-07 	 2.030519e-06 1.919114e-06 9.889355e-07 	 906
6.750000 	 -3.044656e-06 3.613750e-06 -2.066919e-06 	 1.209535e-06 8.817659e-07 9.916434e-07 	 -1.835121e-06 4.495516e-06 -1.075275e-06 	 911
7.250000 	 -1.247763e-06 5.352479e-07 -4.695161e-07 	 -2.315896e-06 8.851238e-07 5.803181e-07 	 -3.563659e-06 1.420372e-06 1.108020e-07 	 883
7.750000 	 -1.872743e-07 -8.705548e-07 -8.962227e-07 	 4.907231e-07 -1.570933e-07 4.871216e-07 	 3.034488e-07 -1.027648e-06 -4.091011e-07 	 922
8.250000 	 1.348336e-06 -1.085501e-06 -2.268789e-06 	 -1.608460e-06 -4.536259e-07 -6.996984e-07 	 -2.601239e-07 -1.539127e-06 -2.968487e-06 	 909
8.750000 	 2.682197e-06 -4.110354e-06 3.821384e-06 	 2.939984e-06 -1.668710e-06 1.410910e-07 	 5.622182e-06 -5.779064e-06 3.962475e-06 	 891
9.250000 	 3.053450e-06 6.830723e-06 2.494951e-06 	 -2.219008e-06 -4.821876e-07 -9.450434e-07 	 8.344428e-07 6.348535e-06 1.549907e-06 	 912
9.750000 	 -1.098246e-06 4.613783e-07 -3.014117e-06 	 1.837167e-06 -9.937164e-08 1.957639e-07 	 7.389218e-07 3.620067e-07 -2.818353e-06 	 905
10.250000 	 -6.064479e-07 -1.372895e-06 -1.280869e-06 	 -3.878310e-06 1.045192e-06 4.519686e-07 	 -4.484758e-06 -3.277031e-07 -8.289003e-07 	 918
10.750000 	 1.509231e-06 8.659411e-08 -2.027083e-06 	 3.984697e-06 1.597370e-07 2.974321e-07 	 5.493928e-06 2.463311e-07 -1.729651e-06 	 893
11.250000 	 1.102576e-07 2.591495e-06 8.263662e-06 	 -3.447957e-06 1.256563e-06 9.169589e-07 	 -3.337699e-06 3.848058e-06 9.180620e-06 	 539
11.750000 	 -5.822845e-06 -9.012834e-06 -1.042511e-06 	 -1.861590e-06 -1.513385e-06 -1.229959e-06 	 -7.684434e-06 -1.052622e-05 -2.272469e-06 	 21
12.250000 	 0.000000e+00 0.000000e+00 0.000000e+00 	 0.000000e+00 0.000000e+00 0.000000e+00 	 0.000000e+00 0.000000e+00 0.000000e+00 	 0
12.750000 	 0.000000e+00 0.000000e+00 0.000000e+00 	 0.000000e+00 0.000000e+00 0.000000e+00 	 0.000000e+00 0.000000e+00 0.000000e+00 	 0
13.250000 	 0.000000e+00 0.000000e+00 0.000000e+00 	 0.000000e+00 0.000000e+00 0.000000e+00 	 0.000000e+00 0.000000e+00 0.000000e+00 	 0
13.750000 	 0.000000e+00 0.000000e+00 0.000000e+00 	 0.000000e+00 0.000000e+00 0.000000e+00 	 0.000000e+00 0.000000e+00 0.000000e+00 	 0
14.250000 	 0.000000e+00 0.000000e+00 0.000000e+00 	 0.000000e+00 0.000000e+00 0.000000e+00 	 0.000000e+00 0.000000e+00 0.000000e+00 	 0
14.750000 	 0.000000e+00 0.000000e+00 0.000000e+00 	 0.000000e+00 0.000000e+00 0.000000e+00 	 0.000000e+00 0.000000e+00 0.000000e+00 	 0
