# 1  2-4    5-7    8-10   11     
# x  dirEF  recEF  sumEF  #Sample
0.250000 	 0.000000e+00 0.000000e+00 0.000000e+00 	 0.000000e+00 0.000000e+00 0.000000e+00 	 0.000000e+00 0.000000e+00 0.000000e+00 	 0
0.750000 	 0.000000e+00 0.000000e+00 0.000000e+00 	 0.000000e+00 0.000000e+00 0.000000e+00 	 0.000000e+00 0.000000e+00 0.000000e+00 	 0
1.250000 	 0.000000e+00 0.000000e+00 0.000000e+00 	 0.000000e+00 0.000000e+00 0.000000e+00 	 0.000000e+00 0.000000e+00 0.000000e+00 	 0
1.750000 	 0.000000e+00 0.000000e+00 0.000000e+00 	 0.000000e+00 0.000000e+00 0.000000e+00 	 0.000000e+00 0.000000e+00 0.000000e+00 	 0
2.250000 	 0.000000e+00 0.000000e+00 0.000000e+00 	 0.000000e+00 0.000000e+00 0.000000e+00 	 0.000000e+00 0.000000e+00 0.000000e+00 	 0
2.750000 	 0.000000e+00 0.000000e+00 0.000000e+00 	 0.000000e+00 0.000000e+00 0.000000e+00 	 0.000000e+00 0.000000e+00 0.000000e+00 	 0
3.250000 	 2.332741e-06 2.984210e-06 -1.512234e-07 	 -5.971287e-06 -5.338472e-07 5.818888e-07 	 -3.638547e-06 2.450363e-06 4.306653e-07 	 13
3.750000 	 -8.368648e-07 -3.552114e-06 5.033132e-07 	 2.111767e-07 8.358864e-08 -1.273856e-07 	 -6.256881e-07 -3.468525e-06 3.759276e-07 	 576
4.250000 	 2.477624e-07 1.620262e-06 3.408948e-06 	 5.033474e-07 4.235642e-08 9.020492e-08 	 7.511098e-07 1.662619e-06 3.499152e-06 	 909
4.750000 	 3.203801e-06 -1.702697e-06 1.001077e-06 	 -3.327965e-07 9.384127e-08 -7.409321e-08 	 2.871005e-06 -1.608856e-06 9.269837e-07 	 908
5.250000 	 3.519128e-07 3.284382e-06 3.859439e-07 	 5.333263e-08 -3.969457e-08 -7.451910e-08 	 4.052454e-07 3.244688e-06 3.114248e-07 	 896
5.750000 	 6.232533e-07 -3.867003e-06 3.958127e-07 	 2.638032e-07 3.737320e-08 1.104404e-07 	 8.870565e-07 -3.829630e-06 5.062531e-07 	 912
6.250000 	 -1.062856e-06 -2.488545e-07 2.214034e-06 	 -1.461817e-08 6.354928e-08 -3.434300e-08 	 -1.077474e-06 -1.853053e-07 2.179691e-06 	 903
6.750000 	 -1.172009e-06 3.331596e-06 3.403042e-06 	 -1.220886e-07 -1.865528e-07 4.894150e-08 	 -1.294098e-06 3.145043e-06 3.451983e-06 	 906
7.250000 	 3.950980e-06 -2.924320e-06 -3.369378e-06 	 5.485276e-08 9.335492e-08 6.008536e-09 	 4.005832e-06 -2.830965e-06 -3.363369e-06 	 891
7.750000 	 5.684824e-06 -3.251528e-06 -9.905390e-07 	 -3.611080e-07 2.878953e-08 -1.439006e-08 	 5.323716e-06 -3.222739e-06 -1.004929e-06 	 920
8.250000 	 -2.308786e-06 1.847132e-07 -4.785148e-06 	 4.447390e-07 1.763033e-07 2.065629e-07 	 -1.864047e-06 3.610165e-07 -4.578585e-06 	 911
8.750000 	 -5.951937e-08 2.158341e-06 4.124218e-06 	 1.252628e-07 -7.918478e-08 -6.453453e-08 	 6.574342e-08 2.079156e-06 4.059683e-06 	 922
9.250000 	 5.297594e-07 6.755598e-07 1.244451e-06 	 -2.991363e-07 1.163194e-07 7.908139e-08 	 2.306230e-07 7.918792e-07 1.323533e-06 	 901
9.750000 	 -9.207475e-08 -2.688497e-06 3.672697e-06 	 -4.087895e-08 -4.356476e-08 1.490884e-07 	 -1.329537e-07 -2.732062e-06 3.821785e-06 	 879
10.250000 	 1.785729e-06 -3.182552e-06 -1.203586e-06 	 2.669897e-07 -4.545000e-09 -8.318403e-08 	 2.052718e-06 -3.187097e-06 -1.286770e-06 	 909
10.750000 	 -3.303926e-06 4.369874e-07 -6.542423e-06 	 -5.060785e-07 2.973264e-10 3.092369e-08 	 -3.810005e-06 4.372847e-07 -6.511500e-06 	 894
11.250000 	 2.731665e-06 -1.115649e-06 3.122555e-06 	 -2.406576e-07 -7.046481e-08 1.537723e-08 	 2.491007e-06 -1.186114e-06 3.137932e-06 	 552
11.750000 	 -1.325835e-05 -1.722302e-05 2.769295e-06 	 4.004074e-06 -9.339172e-07 -6.261546e-08 	 -9.254279e-06 -1.815694e-05 2.706679e-06 	 22
12.250000 	 0.000000e+00 0.000000e+00 0.000000e+00 	 0.000000e+00 0.000000e+00 0.000000e+00 	 0.000000e+00 0.000000e+00 0.000000e+00 	 0
12.750000 	 0.000000e+00 0.000000e+00 0.000000e+00 	 0.000000e+00 0.000000e+00 0.000000e+00 	 0.000000e+00 0.000000e+00 0.000000e+00 	 0
13.250000 	 0.000000e+00 0.000000e+00 0.000000e+00 	 0.000000e+00 0.000000e+00 0.000000e+00 	 0.000000e+00 0.000000e+00 0.000000e+00 	 0
13.750000 	 0.000000e+00 0.000000e+00 0.000000e+00 	 0.000000e+00 0.000000e+00 0.000000e+00 	 0.000000e+00 0.000000e+00 0.000000e+00 	 0
14.250000 	 0.000000e+00 0.000000e+00 0.000000e+00 	 0.000000e+00 0.000000e+00 0.000000e+00 	 0.000000e+00 0.000000e+00 0.000000e+00 	 0
14.750000 	 0.000000e+00 0.000000e+00 0.000000e+00 	 0.000000e+00 0.000000e+00 0.000000e+00 	 0.000000e+00 0.000000e+00 0.000000e+00 	 0
