# 1  2-4    5-7    8-10   11     
# x  dirEF  recEF  sumEF  #Sample
0.250000 	 0.000000e+00 0.000000e+00 0.000000e+00 	 0.000000e+00 0.000000e+00 0.000000e+00 	 0.000000e+00 0.000000e+00 0.000000e+00 	 0
0.750000 	 0.000000e+00 0.000000e+00 0.000000e+00 	 0.000000e+00 0.000000e+00 0.000000e+00 	 0.000000e+00 0.000000e+00 0.000000e+00 	 0
1.250000 	 0.000000e+00 0.000000e+00 0.000000e+00 	 0.000000e+00 0.000000e+00 0.000000e+00 	 0.000000e+00 0.000000e+00 0.000000e+00 	 0
1.750000 	 0.000000e+00 0.000000e+00 0.000000e+00 	 0.000000e+00 0.000000e+00 0.000000e+00 	 0.000000e+00 0.000000e+00 0.000000e+00 	 0
2.250000 	 0.000000e+00 0.000000e+00 0.000000e+00 	 0.000000e+00 0.000000e+00 0.000000e+00 	 0.000000e+00 0.000000e+00 0.000000e+00 	 0
2.750000 	 0.000000e+00 0.000000e+00 0.000000e+00 	 0.000000e+00 0.000000e+00 0.000000e+00 	 0.000000e+00 0.000000e+00 0.000000e+00 	 0
3.250000 	 1.555882e-05 -4.592553e-06 1.548417e-05 	 -1.088240e-05 3.715974e-06 4.052895e-06 	 4.676413e-06 -8.765788e-07 1.953706e-05 	 16
3.750000 	 -2.436443e-06 -3.025362e-06 -2.124832e-06 	 2.224260e-06 -1.545497e-06 3.284366e-06 	 -2.121830e-07 -4.570859e-06 1.159534e-06 	 573
4.250000 	 -2.041396e-06 -5.245761e-07 -2.192547e-06 	 -3.720635e-06 -8.988474e-07 -6.921304e-07 	 -5.762030e-06 -1.423423e-06 -2.884677e-06 	 899
4.750000 	 -8.824483e-07 3.496973e-06 4.881496e-06 	 2.181834e-06 7.697938e-07 -1.304262e-06 	 1.299386e-06 4.266767e-06 3.577234e-06 	 923
5.250000 	 2.040990e-07 1.149375e-06 -4.508276e-06 	 1.158304e-06 1.265229e-06 7.934182e-07 	 1.362403e-06 2.414604e-06 -3.714858e-06 	 901
5.750000 	 2.679630e-06 -2.787617e-06 -4.247860e-08 	 -2.559554e-07 -1.278627e-06 -3.167262e-07 	 2.423675e-06 -4.066244e-06 -3.592048e-07 	 902
6.250000 	 2.722323e-06 1.431464e-06 1.029551e-08 	 -1.413724e-07 3.151581e-07 8.628812e-07 	 2.580951e-06 1.746622e-06 8.731767e-07 	 906
6.750000 	 -3.044656e-06 3.613750e-06 -2.066919e-06 	 1.375388e-06 4.635314e-07 1.150236e-06 	 -1.669268e-06 4.077281e-06 -9.166827e-07 	 911
7.250000 	 -1.247763e-06 5.352479e-07 -4.695161e-07 	 -1.481363e-06 2.070889e-07 5.476202e-07 	 -2.729126e-06 7.423368e-07 7.810410e-08 	 883
7.750000 	 -1.872743e-07 -8.705548e-07 -8.962227e-07 	 1.784619e-06 5.183126e-08 6.142163e-07 	 1.597344e-06 -8.187236e-07 -2.820064e-07 	 922
8.250000 	 1.348336e-06 -1.085501e-06 -2.268789e-06 	 -1.985315e-06 -6.290684e-07 -8.482971e-07 	 -6.369785e-07 -1.714570e-06 -3.117086e-06 	 909
8.750000 	 2.682197e-06 -4.110354e-06 3.821384e-06 	 3.051356e-06 -1.984691e-06 9.155442e-08 	 5.733553e-06 -6.095045e-06 3.912939e-06 	 891
9.250000 	 3.053450e-06 6.830723e-06 2.494951e-06 	 -1.417664e-06 -5.385811e-07 -1.559773e-06 	 1.635786e-06 6.292142e-06 9.351776e-07 	 912
9.750000 	 -1.098246e-06 4.613783e-07 -3.014117e-06 	 7.435484e-07 -3.651165e-07 -7.550255e-07 	 -3.546973e-07 9.626185e-08 -3.769142e-06 	 905
10.250000 	 -6.064479e-07 -1.372895e-06 -1.280869e-06 	 -3.772529e-06 6.190818e-07 5.835467e-07 	 -4.378977e-06 -7.538133e-07 -6.973222e-07 	 918
10.750000 	 1.509231e-06 8.659411e-08 -2.027083e-06 	 3.711662e-06 -8.979338e-08 8.084802e-07 	 5.220893e-06 -3.199269e-09 -1.218603e-06 	 893
11.250000 	 1.102576e-07 2.591495e-06 8.263662e-06 	 -5.544357e-06 1.685079e-06 3.024440e-06 	 -5.434100e-06 4.276574e-06 1.128810e-05 	 539
11.750000 	 -5.822845e-06 -9.012834e-06 -1.042511e-06 	 4.353975e-06 2.884492e-06 1.755315e-06 	 -1.468869e-06 -6.128341e-06 7.128049e-07 	 21
12.250000 	 0.000000e+00 0.000000e+00 0.000000e+00 	 0.000000e+00 0.000000e+00 0.000000e+00 	 0.000000e+00 0.000000e+00 0.000000e+00 	 0
12.750000 	 0.000000e+00 0.000000e+00 0.000000e+00 	 0.000000e+00 0.000000e+00 0.000000e+00 	 0.000000e+00 0.000000e+00 0.000000e+00 	 0
13.250000 	 0.000000e+00 0.000000e+00 0.000000e+00 	 0.000000e+00 0.000000e+00 0.000000e+00 	 0.000000e+00 0.000000e+00 0.000000e+00 	 0
13.750000 	 0.000000e+00 0.000000e+00 0.000000e+00 	 0.000000e+00 0.000000e+00 0.000000e+00 	 0.000000e+00 0.000000e+00 0.000000e+00 	 0
14.250000 	 0.000000e+00 0.000000e+00 0.000000e+00 	 0.000000e+00 0.000000e+00 0.000000e+00 	 0.000000e+00 0.000000e+00 0.000000e+00 	 0
14.750000 	 0.000000e+00 0.000000e+00 0.000000e+00 	 0.000000e+00 0.000000e+00 0.000000e+00 	 0.000000e+00 0.000000e+00 0.000000e+00 	 0
