# 1  2-4    5-7    8-10   11     
# x  dirEF  recEF  sumEF  #Sample
0.250000 	 0.000000e+00 0.000000e+00 0.000000e+00 	 0.000000e+00 0.000000e+00 0.000000e+00 	 0.000000e+00 0.000000e+00 0.000000e+00 	 0
0.750000 	 0.000000e+00 0.000000e+00 0.000000e+00 	 0.000000e+00 0.000000e+00 0.000000e+00 	 0.000000e+00 0.000000e+00 0.000000e+00 	 0
1.250000 	 0.000000e+00 0.000000e+00 0.000000e+00 	 0.000000e+00 0.000000e+00 0.000000e+00 	 0.000000e+00 0.000000e+00 0.000000e+00 	 0
1.750000 	 0.000000e+00 0.000000e+00 0.000000e+00 	 0.000000e+00 0.000000e+00 0.000000e+00 	 0.000000e+00 0.000000e+00 0.000000e+00 	 0
2.250000 	 0.000000e+00 0.000000e+00 0.000000e+00 	 0.000000e+00 0.000000e+00 0.000000e+00 	 0.000000e+00 0.000000e+00 0.000000e+00 	 0
2.750000 	 0.000000e+00 0.000000e+00 0.000000e+00 	 0.000000e+00 0.000000e+00 0.000000e+00 	 0.000000e+00 0.000000e+00 0.000000e+00 	 0
3.250000 	 1.765764e-05 1.363266e-05 8.999447e-06 	 -1.111285e-05 5.481215e-06 6.883628e-06 	 6.544787e-06 1.911388e-05 1.588307e-05 	 26
3.750000 	 -6.238676e-06 -3.341312e-06 -3.625029e-06 	 -9.893748e-07 -6.344179e-06 7.953123e-07 	 -7.228050e-06 -9.685490e-06 -2.829716e-06 	 582
4.250000 	 1.135764e-06 -1.156078e-07 5.980928e-06 	 1.116728e-06 2.404109e-07 -2.201172e-06 	 2.252492e-06 1.248031e-07 3.779756e-06 	 876
4.750000 	 4.220342e-07 3.019560e-07 3.678936e-06 	 -1.037639e-06 -2.385625e-06 3.489759e-06 	 -6.156045e-07 -2.083669e-06 7.168694e-06 	 909
5.250000 	 1.053505e-06 2.157976e-06 -1.293032e-06 	 9.292292e-07 2.898387e-06 -1.026747e-06 	 1.982734e-06 5.056363e-06 -2.319779e-06 	 905
5.750000 	 3.305508e-07 3.740186e-06 2.648349e-06 	 -1.879911e-06 -7.144403e-07 -1.099808e-06 	 -1.549360e-06 3.025746e-06 1.548540e-06 	 913
6.250000 	 -1.971922e-06 2.942086e-06 -6.981346e-08 	 5.634247e-06 -8.550140e-07 -2.239612e-06 	 3.662325e-06 2.087072e-06 -2.309426e-06 	 903
6.750000 	 -2.080881e-06 1.079511e-06 -6.297911e-06 	 8.436077e-07 2.439374e-06 -3.487687e-07 	 -1.237273e-06 3.518884e-06 -6.646680e-06 	 915
7.250000 	 -3.840921e-06 -1.373637e-06 3.329823e-06 	 -1.315764e-06 -1.591458e-06 1.972790e-06 	 -5.156685e-06 -2.965095e-06 5.302613e-06 	 922
7.750000 	 1.918791e-06 -1.519840e-06 1.428024e-06 	 6.376121e-07 -3.229867e-06 1.870147e-06 	 2.556403e-06 -4.749707e-06 3.298171e-06 	 881
8.250000 	 1.374390e-08 -4.898021e-06 -9.465149e-07 	 -1.112825e-06 1.455039e-06 6.457783e-07 	 -1.099081e-06 -3.442982e-06 -3.007366e-07 	 908
8.750000 	 1.135223e-07 3.399583e-08 -1.307062e-06 	 -1.017461e-06 1.796945e-07 6.420545e-08 	 -9.039392e-07 2.136904e-07 -1.242856e-06 	 892
9.250000 	 2.904241e-06 3.703979e-06 4.194936e-07 	 -3.819568e-07 -1.133612e-06 1.918715e-06 	 2.522284e-06 2.570367e-06 2.338209e-06 	 923
9.750000 	 2.666165e-06 2.061872e-06 1.664558e-06 	 -3.832733e-07 1.904469e-06 -1.078980e-06 	 2.282891e-06 3.966341e-06 5.855779e-07 	 895
10.250000 	 -1.857214e-06 -9.090854e-07 -2.323993e-06 	 -7.468114e-07 1.710563e-06 -1.719906e-06 	 -2.604026e-06 8.014780e-07 -4.043899e-06 	 903
10.750000 	 8.852217e-07 -2.411508e-06 1.143785e-06 	 -4.573042e-06 -1.363652e-06 1.652217e-06 	 -3.687821e-06 -3.775160e-06 2.796001e-06 	 899
11.250000 	 4.498292e-06 -1.676848e-06 -1.444224e-06 	 1.344496e-06 2.045254e-06 -2.216515e-06 	 5.842788e-06 3.684064e-07 -3.660739e-06 	 543
11.750000 	 -6.930847e-06 9.755688e-06 7.225842e-06 	 1.636050e-05 9.977584e-06 -4.235111e-06 	 9.429657e-06 1.973327e-05 2.990731e-06 	 29
12.250000 	 0.000000e+00 0.000000e+00 0.000000e+00 	 0.000000e+00 0.000000e+00 0.000000e+00 	 0.000000e+00 0.000000e+00 0.000000e+00 	 0
12.750000 	 0.000000e+00 0.000000e+00 0.000000e+00 	 0.000000e+00 0.000000e+00 0.000000e+00 	 0.000000e+00 0.000000e+00 0.000000e+00 	 0
13.250000 	 0.000000e+00 0.000000e+00 0.000000e+00 	 0.000000e+00 0.000000e+00 0.000000e+00 	 0.000000e+00 0.000000e+00 0.000000e+00 	 0
13.750000 	 0.000000e+00 0.000000e+00 0.000000e+00 	 0.000000e+00 0.000000e+00 0.000000e+00 	 0.000000e+00 0.000000e+00 0.000000e+00 	 0
14.250000 	 0.000000e+00 0.000000e+00 0.000000e+00 	 0.000000e+00 0.000000e+00 0.000000e+00 	 0.000000e+00 0.000000e+00 0.000000e+00 	 0
14.750000 	 0.000000e+00 0.000000e+00 0.000000e+00 	 0.000000e+00 0.000000e+00 0.000000e+00 	 0.000000e+00 0.000000e+00 0.000000e+00 	 0
