# 1  2-4    5-7    8-10   11     
# x  dirEF  recEF  sumEF  #Sample
0.250000 	 0.000000e+00 0.000000e+00 0.000000e+00 	 0.000000e+00 0.000000e+00 0.000000e+00 	 0.000000e+00 0.000000e+00 0.000000e+00 	 0
0.750000 	 0.000000e+00 0.000000e+00 0.000000e+00 	 0.000000e+00 0.000000e+00 0.000000e+00 	 0.000000e+00 0.000000e+00 0.000000e+00 	 0
1.250000 	 0.000000e+00 0.000000e+00 0.000000e+00 	 0.000000e+00 0.000000e+00 0.000000e+00 	 0.000000e+00 0.000000e+00 0.000000e+00 	 0
1.750000 	 0.000000e+00 0.000000e+00 0.000000e+00 	 0.000000e+00 0.000000e+00 0.000000e+00 	 0.000000e+00 0.000000e+00 0.000000e+00 	 0
2.250000 	 0.000000e+00 0.000000e+00 0.000000e+00 	 0.000000e+00 0.000000e+00 0.000000e+00 	 0.000000e+00 0.000000e+00 0.000000e+00 	 0
2.750000 	 0.000000e+00 0.000000e+00 0.000000e+00 	 0.000000e+00 0.000000e+00 0.000000e+00 	 0.000000e+00 0.000000e+00 0.000000e+00 	 0
3.250000 	 1.555882e-05 -4.592553e-06 1.548417e-05 	 -3.277525e-06 6.872028e-06 1.110281e-05 	 1.228129e-05 2.279475e-06 2.658698e-05 	 16
3.750000 	 -2.436443e-06 -3.025362e-06 -2.124832e-06 	 2.074088e-06 -2.287411e-06 5.237470e-06 	 -3.623551e-07 -5.312773e-06 3.112638e-06 	 573
4.250000 	 -2.041396e-06 -5.245761e-07 -2.192547e-06 	 -4.279755e-06 -1.518787e-06 -1.608020e-06 	 -6.321151e-06 -2.043363e-06 -3.800566e-06 	 899
4.750000 	 -8.824483e-07 3.496973e-06 4.881496e-06 	 3.206471e-06 2.461187e-06 -8.244727e-07 	 2.324022e-06 5.958160e-06 4.057023e-06 	 923
5.250000 	 2.040990e-07 1.149375e-06 -4.508276e-06 	 1.515646e-06 4.239799e-06 3.078463e-06 	 1.719745e-06 5.389174e-06 -1.429814e-06 	 901
5.750000 	 2.679630e-06 -2.787617e-06 -4.247860e-08 	 1.154256e-08 -1.892448e-06 1.121017e-06 	 2.691173e-06 -4.680065e-06 1.078538e-06 	 902
6.250000 	 2.722323e-06 1.431464e-06 1.029551e-08 	 -9.168655e-07 -1.477809e-06 5.618104e-07 	 1.805458e-06 -4.634483e-08 5.721059e-07 	 906
6.750000 	 -3.044656e-06 3.613750e-06 -2.066919e-06 	 1.914571e-07 -1.418989e-06 1.387749e-06 	 -2.853199e-06 2.194761e-06 -6.791698e-07 	 911
7.250000 	 -1.247763e-06 5.352479e-07 -4.695161e-07 	 1.827293e-06 -2.510159e-07 4.428707e-07 	 5.795299e-07 2.842320e-07 -2.664541e-08 	 883
7.750000 	 -1.872743e-07 -8.705548e-07 -8.962227e-07 	 2.385569e-06 3.868329e-07 2.209605e-06 	 2.198295e-06 -4.837219e-07 1.313382e-06 	 922
8.250000 	 1.348336e-06 -1.085501e-06 -2.268789e-06 	 -3.521228e-06 -1.178952e-07 -7.646605e-07 	 -2.172892e-06 -1.203397e-06 -3.033449e-06 	 909
8.750000 	 2.682197e-06 -4.110354e-06 3.821384e-06 	 2.614552e-06 -1.334730e-06 -2.514058e-07 	 5.296749e-06 -5.445084e-06 3.569978e-06 	 891
9.250000 	 3.053450e-06 6.830723e-06 2.494951e-06 	 -3.326462e-06 1.049421e-06 -1.164731e-06 	 -2.730114e-07 7.880144e-06 1.330220e-06 	 912
9.750000 	 -1.098246e-06 4.613783e-07 -3.014117e-06 	 -1.348341e-06 -1.441093e-06 -1.925602e-06 	 -2.446587e-06 -9.797147e-07 -4.939719e-06 	 905
10.250000 	 -6.064479e-07 -1.372895e-06 -1.280869e-06 	 -5.189664e-06 1.445882e-07 -2.691241e-06 	 -5.796112e-06 -1.228307e-06 -3.972109e-06 	 918
10.750000 	 1.509231e-06 8.659411e-08 -2.027083e-06 	 2.352828e-06 -1.644275e-06 1.582001e-06 	 3.862058e-06 -1.557681e-06 -4.450814e-07 	 893
11.250000 	 1.102576e-07 2.591495e-06 8.263662e-06 	 -5.648514e-06 3.905297e-06 3.369949e-06 	 -5.538257e-06 6.496792e-06 1.163361e-05 	 539
11.750000 	 -5.822845e-06 -9.012834e-06 -1.042511e-06 	 -1.106776e-05 2.835403e-06 -1.672536e-05 	 -1.689061e-05 -6.177431e-06 -1.776787e-05 	 21
12.250000 	 0.000000e+00 0.000000e+00 0.000000e+00 	 0.000000e+00 0.000000e+00 0.000000e+00 	 0.000000e+00 0.000000e+00 0.000000e+00 	 0
12.750000 	 0.000000e+00 0.000000e+00 0.000000e+00 	 0.000000e+00 0.000000e+00 0.000000e+00 	 0.000000e+00 0.000000e+00 0.000000e+00 	 0
13.250000 	 0.000000e+00 0.000000e+00 0.000000e+00 	 0.000000e+00 0.000000e+00 0.000000e+00 	 0.000000e+00 0.000000e+00 0.000000e+00 	 0
13.750000 	 0.000000e+00 0.000000e+00 0.000000e+00 	 0.000000e+00 0.000000e+00 0.000000e+00 	 0.000000e+00 0.000000e+00 0.000000e+00 	 0
14.250000 	 0.000000e+00 0.000000e+00 0.000000e+00 	 0.000000e+00 0.000000e+00 0.000000e+00 	 0.000000e+00 0.000000e+00 0.000000e+00 	 0
14.750000 	 0.000000e+00 0.000000e+00 0.000000e+00 	 0.000000e+00 0.000000e+00 0.000000e+00 	 0.000000e+00 0.000000e+00 0.000000e+00 	 0
