# 1  2-4    5-7    8-10   11     
# x  sumEF  dirEF  recEF  #Sample
0.250000 	 0.000000e+00 0.000000e+00 0.000000e+00 	 0.000000e+00 0.000000e+00 0.000000e+00 	 0.000000e+00 0.000000e+00 0.000000e+00 	 0
0.750000 	 0.000000e+00 0.000000e+00 0.000000e+00 	 0.000000e+00 0.000000e+00 0.000000e+00 	 0.000000e+00 0.000000e+00 0.000000e+00 	 0
1.250000 	 0.000000e+00 0.000000e+00 0.000000e+00 	 0.000000e+00 0.000000e+00 0.000000e+00 	 0.000000e+00 0.000000e+00 0.000000e+00 	 0
1.750000 	 0.000000e+00 0.000000e+00 0.000000e+00 	 0.000000e+00 0.000000e+00 0.000000e+00 	 0.000000e+00 0.000000e+00 0.000000e+00 	 0
2.250000 	 0.000000e+00 0.000000e+00 0.000000e+00 	 0.000000e+00 0.000000e+00 0.000000e+00 	 0.000000e+00 0.000000e+00 0.000000e+00 	 0
2.750000 	 0.000000e+00 0.000000e+00 0.000000e+00 	 0.000000e+00 0.000000e+00 0.000000e+00 	 0.000000e+00 0.000000e+00 0.000000e+00 	 0
3.250000 	 4.600455e-07 6.496931e-06 1.051834e-05 	 5.761081e-06 3.642651e-06 1.020177e-05 	 -5.301035e-06 2.854281e-06 3.165727e-07 	 98
3.750000 	 -2.560349e-06 -2.658047e-06 3.794539e-07 	 -2.360190e-06 -2.433083e-06 -5.954466e-07 	 -2.001592e-07 -2.249645e-07 9.749008e-07 	 2893
4.250000 	 -7.358144e-07 -2.223983e-07 6.897113e-07 	 -1.206916e-06 -2.178402e-07 7.003156e-07 	 4.711014e-07 -4.558277e-09 -1.060432e-08 	 4460
4.750000 	 8.518968e-08 1.845871e-06 3.288886e-06 	 9.992825e-07 1.449596e-06 3.217104e-06 	 -9.140928e-07 3.962753e-07 7.178208e-08 	 4548
5.250000 	 2.400747e-06 1.482861e-06 -1.356127e-06 	 1.878067e-06 1.879221e-06 -1.376908e-06 	 5.226800e-07 -3.963608e-07 2.078087e-08 	 4513
5.750000 	 1.665576e-06 -1.630397e-06 -7.354177e-07 	 1.437240e-06 -8.148877e-07 -8.142585e-07 	 2.283353e-07 -8.155096e-07 7.884088e-08 	 4535
6.250000 	 -1.339226e-06 1.181311e-06 5.543515e-07 	 -1.276610e-06 6.090928e-07 3.126636e-07 	 -6.261628e-08 5.722182e-07 2.416878e-07 	 4511
6.750000 	 -7.114736e-07 1.962950e-06 6.118643e-08 	 -1.358097e-06 1.466447e-06 -4.765944e-07 	 6.466238e-07 4.965031e-07 5.377810e-07 	 4552
7.250000 	 -9.972097e-07 -6.536393e-07 -1.397601e-06 	 1.902766e-07 -1.237319e-06 -1.558506e-06 	 -1.187486e-06 5.836800e-07 1.609049e-07 	 4515
7.750000 	 2.741788e-06 -1.101607e-06 1.222467e-06 	 2.518994e-06 -1.005920e-06 8.171043e-07 	 2.227937e-07 -9.568692e-08 4.053628e-07 	 4547
8.250000 	 -1.675911e-06 -2.707789e-07 -1.670357e-06 	 -1.247890e-06 -5.024365e-07 -1.191385e-06 	 -4.280208e-07 2.316575e-07 -4.789729e-07 	 4570
8.750000 	 3.558821e-07 -3.557349e-07 2.069900e-06 	 3.107510e-07 3.527807e-08 2.172439e-06 	 4.513093e-08 -3.910130e-07 -1.025386e-07 	 4506
9.250000 	 1.219676e-06 1.744674e-06 -3.304261e-07 	 1.463066e-06 1.950459e-06 -4.505345e-07 	 -2.433904e-07 -2.057851e-07 1.201086e-07 	 4531
9.750000 	 -1.944998e-07 -1.328578e-06 3.625685e-07 	 -1.105161e-07 -1.180149e-06 -2.173075e-07 	 -8.398362e-08 -1.484294e-07 5.798760e-07 	 4486
10.250000 	 -1.075450e-06 -1.048191e-06 -1.035391e-06 	 -4.376529e-07 -1.003649e-06 -1.352743e-06 	 -6.377970e-07 -4.454206e-08 3.173517e-07 	 4543
10.750000 	 3.677633e-07 3.236897e-07 -1.740576e-06 	 2.627699e-08 1.055149e-07 -2.056928e-06 	 3.414864e-07 2.181749e-07 3.163525e-07 	 4463
11.250000 	 2.251676e-06 7.757373e-07 3.346778e-06 	 2.946060e-06 1.642101e-07 3.185152e-06 	 -6.943843e-07 6.115273e-07 1.616265e-07 	 2727
11.750000 	 1.727290e-06 -4.935254e-06 -2.272004e-06 	 -2.638992e-06 -4.240969e-06 -6.596046e-07 	 4.366283e-06 -6.942851e-07 -1.612399e-06 	 122
12.250000 	 0.000000e+00 0.000000e+00 0.000000e+00 	 0.000000e+00 0.000000e+00 0.000000e+00 	 0.000000e+00 0.000000e+00 0.000000e+00 	 0
12.750000 	 0.000000e+00 0.000000e+00 0.000000e+00 	 0.000000e+00 0.000000e+00 0.000000e+00 	 0.000000e+00 0.000000e+00 0.000000e+00 	 0
13.250000 	 0.000000e+00 0.000000e+00 0.000000e+00 	 0.000000e+00 0.000000e+00 0.000000e+00 	 0.000000e+00 0.000000e+00 0.000000e+00 	 0
13.750000 	 0.000000e+00 0.000000e+00 0.000000e+00 	 0.000000e+00 0.000000e+00 0.000000e+00 	 0.000000e+00 0.000000e+00 0.000000e+00 	 0
14.250000 	 0.000000e+00 0.000000e+00 0.000000e+00 	 0.000000e+00 0.000000e+00 0.000000e+00 	 0.000000e+00 0.000000e+00 0.000000e+00 	 0
14.750000 	 0.000000e+00 0.000000e+00 0.000000e+00 	 0.000000e+00 0.000000e+00 0.000000e+00 	 0.000000e+00 0.000000e+00 0.000000e+00 	 0
