# 1  2-4    5-7    8-10   11     
# x  sumEF  dirEF  recEF  #Sample
0.250000 	 0.000000e+00 0.000000e+00 0.000000e+00 	 0.000000e+00 0.000000e+00 0.000000e+00 	 0.000000e+00 0.000000e+00 0.000000e+00 	 0
0.750000 	 0.000000e+00 0.000000e+00 0.000000e+00 	 0.000000e+00 0.000000e+00 0.000000e+00 	 0.000000e+00 0.000000e+00 0.000000e+00 	 0
1.250000 	 0.000000e+00 0.000000e+00 0.000000e+00 	 0.000000e+00 0.000000e+00 0.000000e+00 	 0.000000e+00 0.000000e+00 0.000000e+00 	 0
1.750000 	 0.000000e+00 0.000000e+00 0.000000e+00 	 0.000000e+00 0.000000e+00 0.000000e+00 	 0.000000e+00 0.000000e+00 0.000000e+00 	 0
2.250000 	 0.000000e+00 0.000000e+00 0.000000e+00 	 0.000000e+00 0.000000e+00 0.000000e+00 	 0.000000e+00 0.000000e+00 0.000000e+00 	 0
2.750000 	 0.000000e+00 0.000000e+00 0.000000e+00 	 0.000000e+00 0.000000e+00 0.000000e+00 	 0.000000e+00 0.000000e+00 0.000000e+00 	 0
3.250000 	 -9.734279e-07 4.932457e-06 1.080169e-05 	 5.761081e-06 3.642651e-06 1.020177e-05 	 -6.734510e-06 1.289807e-06 5.999242e-07 	 98
3.750000 	 -2.263887e-06 -2.715115e-06 -2.967721e-07 	 -2.360190e-06 -2.433083e-06 -5.954466e-07 	 9.630261e-08 -2.820323e-07 2.986745e-07 	 2893
4.250000 	 -3.942237e-07 -1.594217e-07 5.651569e-07 	 -1.206916e-06 -2.178402e-07 7.003156e-07 	 8.126921e-07 5.841828e-08 -1.351586e-07 	 4460
4.750000 	 -4.512589e-08 1.515454e-06 3.009434e-06 	 9.992825e-07 1.449596e-06 3.217104e-06 	 -1.044408e-06 6.585776e-08 -2.076699e-07 	 4548
5.250000 	 2.185868e-06 1.921950e-06 -1.420012e-06 	 1.878067e-06 1.879221e-06 -1.376908e-06 	 3.078016e-07 4.272793e-08 -4.310446e-08 	 4513
5.750000 	 1.676884e-06 -1.265865e-06 -5.328151e-07 	 1.437240e-06 -8.148877e-07 -8.142585e-07 	 2.396442e-07 -4.509771e-07 2.814433e-07 	 4535
6.250000 	 -1.628296e-06 7.197177e-07 -1.947392e-07 	 -1.276610e-06 6.090928e-07 3.126636e-07 	 -3.516857e-07 1.106249e-07 -5.074028e-07 	 4511
6.750000 	 -5.430258e-07 1.505552e-06 -1.670297e-07 	 -1.358097e-06 1.466447e-06 -4.765944e-07 	 8.150715e-07 3.910529e-08 3.095648e-07 	 4552
7.250000 	 -1.037010e-06 -1.005393e-06 -1.765623e-06 	 1.902766e-07 -1.237319e-06 -1.558506e-06 	 -1.227286e-06 2.319262e-07 -2.071166e-07 	 4515
7.750000 	 2.710696e-06 -9.682231e-07 1.183502e-06 	 2.518994e-06 -1.005920e-06 8.171043e-07 	 1.917018e-07 3.769669e-08 3.663977e-07 	 4547
8.250000 	 -1.706550e-06 -3.220713e-07 -1.181284e-06 	 -1.247890e-06 -5.024365e-07 -1.191385e-06 	 -4.586599e-07 1.803651e-07 1.010043e-08 	 4570
8.750000 	 3.918269e-07 -2.187408e-07 2.342959e-06 	 3.107510e-07 3.527807e-08 2.172439e-06 	 8.107585e-08 -2.540187e-07 1.705198e-07 	 4506
9.250000 	 1.525237e-06 1.901727e-06 -3.391358e-07 	 1.463066e-06 1.950459e-06 -4.505345e-07 	 6.217063e-08 -4.873276e-08 1.113987e-07 	 4531
9.750000 	 -1.015783e-07 -1.388193e-06 -8.924565e-08 	 -1.105161e-07 -1.180149e-06 -2.173075e-07 	 8.938121e-09 -2.080439e-07 1.280617e-07 	 4486
10.250000 	 -6.156410e-07 -8.474436e-07 -1.242252e-06 	 -4.376529e-07 -1.003649e-06 -1.352743e-06 	 -1.779881e-07 1.562052e-07 1.104905e-07 	 4543
10.750000 	 3.361070e-07 2.133632e-07 -2.052832e-06 	 2.627699e-08 1.055149e-07 -2.056928e-06 	 3.098299e-07 1.078483e-07 4.095629e-09 	 4463
11.250000 	 2.070704e-06 3.261963e-07 3.355427e-06 	 2.946060e-06 1.642101e-07 3.185152e-06 	 -8.753565e-07 1.619862e-07 1.702753e-07 	 2727
11.750000 	 2.126470e-06 -4.666774e-06 -2.624241e-06 	 -2.638992e-06 -4.240969e-06 -6.596046e-07 	 4.765464e-06 -4.258043e-07 -1.964637e-06 	 122
12.250000 	 0.000000e+00 0.000000e+00 0.000000e+00 	 0.000000e+00 0.000000e+00 0.000000e+00 	 0.000000e+00 0.000000e+00 0.000000e+00 	 0
12.750000 	 0.000000e+00 0.000000e+00 0.000000e+00 	 0.000000e+00 0.000000e+00 0.000000e+00 	 0.000000e+00 0.000000e+00 0.000000e+00 	 0
13.250000 	 0.000000e+00 0.000000e+00 0.000000e+00 	 0.000000e+00 0.000000e+00 0.000000e+00 	 0.000000e+00 0.000000e+00 0.000000e+00 	 0
13.750000 	 0.000000e+00 0.000000e+00 0.000000e+00 	 0.000000e+00 0.000000e+00 0.000000e+00 	 0.000000e+00 0.000000e+00 0.000000e+00 	 0
14.250000 	 0.000000e+00 0.000000e+00 0.000000e+00 	 0.000000e+00 0.000000e+00 0.000000e+00 	 0.000000e+00 0.000000e+00 0.000000e+00 	 0
14.750000 	 0.000000e+00 0.000000e+00 0.000000e+00 	 0.000000e+00 0.000000e+00 0.000000e+00 	 0.000000e+00 0.000000e+00 0.000000e+00 	 0
