# 1       2    3-5
# x  meanFx  meanF
0.198020 -6.421692e-06 -6.421692e-06 7.210206e-06 -1.520584e-06
0.594059 2.367787e-06 2.367787e-06 6.521165e-06 1.120396e-06
0.990099 1.836247e-06 1.836247e-06 5.303481e-06 3.430815e-06
1.386139 6.566244e-07 6.566244e-07 -1.130996e-07 7.095969e-06
1.782178 3.752469e-06 3.752469e-06 -7.317403e-06 1.131302e-05
2.178218 -3.486874e-06 -3.486874e-06 -1.161330e-05 1.251607e-05
2.574257 -4.452784e-06 -4.452784e-06 -9.607821e-06 1.010475e-05
2.970297 4.295622e-06 4.295622e-06 -4.415221e-06 6.484505e-06
3.366337 3.562280e-06 3.562280e-06 -3.405072e-06 4.214375e-06
3.762376 -8.938720e-07 -8.938720e-07 -4.824329e-06 3.555817e-06
4.158416 3.578488e-06 3.578488e-06 -3.162348e-06 2.658169e-06
4.554455 2.572118e-06 2.572118e-06 -5.781750e-07 9.226319e-07
4.950495 -4.744239e-06 -4.744239e-06 -6.041858e-07 -9.541456e-07
5.346535 1.208736e-06 1.208736e-06 -1.027134e-06 -2.098140e-06
5.742574 3.593636e-06 3.593636e-06 8.281082e-07 -2.996171e-06
6.138614 -5.177603e-06 -5.177603e-06 2.431927e-06 -6.284021e-06
6.534653 -2.027847e-06 -2.027847e-06 8.887132e-07 -1.232513e-05
6.930693 1.418469e-06 1.418469e-06 -2.602187e-06 -1.448256e-05
7.326733 -5.327097e-06 -5.327097e-06 -6.045071e-06 -8.501606e-06
7.722772 -7.020710e-06 -7.020710e-06 -6.590677e-06 -1.765638e-06
8.118812 -2.491796e-06 -2.491796e-06 -4.340741e-06 1.796888e-06
8.514851 1.072129e-05 1.072129e-05 -4.473399e-06 6.044051e-06
8.910891 2.992922e-05 2.992922e-05 -4.775060e-06 9.427186e-06
9.306931 1.382569e-05 1.382569e-05 9.132601e-07 9.361141e-06
9.702970 -3.013709e-05 -3.013709e-05 6.233441e-06 7.850373e-06
10.099010 -3.190667e-05 -3.190667e-05 4.836544e-06 6.203839e-06
10.495050 8.684270e-07 8.684270e-07 2.714157e-06 5.004682e-06
10.891089 1.324306e-05 1.324306e-05 2.976679e-06 5.716420e-06
11.287129 5.053902e-06 5.053902e-06 1.277304e-06 6.580985e-06
11.683168 -9.765263e-07 -9.765263e-07 -2.605119e-06 5.561745e-06
12.079208 1.868354e-06 1.868354e-06 -4.790969e-06 3.048031e-06
12.475248 2.809984e-08 2.809984e-08 -4.050113e-06 -1.010988e-07
12.871287 -8.106821e-06 -8.106821e-06 -3.293990e-06 -2.055128e-06
13.267327 -3.282686e-06 -3.282686e-06 -3.558107e-06 -1.450857e-06
13.663366 6.721854e-06 6.721854e-06 -8.874159e-07 2.030638e-06
14.059406 2.408285e-06 2.408285e-06 2.988515e-06 5.536398e-06
14.455446 -2.328794e-06 -2.328794e-06 2.185007e-06 5.467626e-06
14.851485 5.759607e-06 5.759607e-06 3.635614e-07 3.459509e-06
15.247525 7.779762e-06 7.779762e-06 1.640569e-06 2.755064e-06
15.643564 -3.885100e-06 -3.885100e-06 2.949967e-07 2.888842e-06
16.039604 -6.620070e-06 -6.620070e-06 -3.297510e-06 2.938455e-06
16.435644 3.102220e-06 3.102220e-06 -5.647479e-07 3.493681e-06
16.831683 3.546291e-06 3.546291e-06 5.989187e-06 3.076995e-06
17.227723 -8.645368e-06 -8.645368e-06 6.737152e-06 1.307614e-06
17.623762 -1.072675e-05 -1.072675e-05 4.000046e-06 1.529370e-06
18.019802 6.009974e-06 6.009974e-06 4.225867e-06 2.758660e-06
18.415842 1.253278e-05 1.253278e-05 4.002579e-06 1.985609e-06
18.811881 -2.129565e-06 -2.129565e-06 1.012396e-06 3.454828e-06
19.207921 -6.828088e-06 -6.828088e-06 -1.083884e-06 7.319134e-06
19.603960 3.751182e-06 3.751182e-06 -2.106123e-06 5.720387e-06
20.000000 8.788455e-06 8.788455e-06 -1.808756e-06 1.006867e-06
20.396040 2.504292e-06 2.504292e-06 3.442919e-07 1.016824e-06
20.792079 -6.874207e-06 -6.874207e-06 2.867688e-07 3.747995e-06
21.188119 -6.504057e-06 -6.504057e-06 9.433341e-07 2.640506e-06
21.584158 2.020349e-06 2.020349e-06 5.131595e-06 -1.231198e-06
21.980198 5.591746e-06 5.591746e-06 6.077862e-06 -1.021697e-06
22.376238 2.844137e-06 2.844137e-06 4.436005e-06 9.705928e-07
22.772277 2.095690e-06 2.095690e-06 5.751535e-06 -2.243046e-07
23.168317 -1.201092e-06 -1.201092e-06 8.422912e-06 -1.436252e-06
23.564356 -5.833106e-06 -5.833106e-06 7.389899e-06 -1.359911e-06
23.960396 3.505254e-06 3.505254e-06 2.975757e-06 -5.214586e-07
24.356436 1.138293e-05 1.138293e-05 2.081576e-06 2.695649e-07
24.752475 -4.932984e-06 -4.932984e-06 4.824172e-06 -1.316843e-06
25.148515 -1.364209e-05 -1.364209e-05 3.904905e-06 -3.152489e-06
25.544554 1.706251e-06 1.706251e-06 8.621599e-07 -2.381494e-06
25.940594 6.301769e-06 6.301769e-06 1.674286e-06 3.454295e-07
26.336634 -1.659719e-06 -1.659719e-06 3.883380e-06 3.190148e-06
26.732673 -2.429342e-06 -2.429342e-06 5.743956e-06 3.617386e-06
27.128713 -3.401940e-06 -3.401940e-06 9.074556e-06 1.508648e-06
27.524752 -2.485417e-06 -2.485417e-06 1.140283e-05 1.645980e-07
27.920792 9.576033e-06 9.576033e-06 1.081690e-05 6.134810e-08
28.316832 4.512217e-06 4.512217e-06 9.287715e-06 -4.628355e-07
28.712871 -2.086737e-05 -2.086737e-05 7.647408e-06 5.622659e-08
29.108911 -1.762930e-05 -1.762930e-05 4.987755e-06 3.116666e-06
29.504950 1.068700e-05 1.068700e-05 1.650591e-06 7.705627e-06
29.900990 2.832020e-05 2.832020e-05 8.471197e-07 9.870458e-06
30.297030 2.405700e-05 2.405700e-05 1.616107e-06 6.849628e-06
30.693069 -6.304308e-06 -6.304308e-06 -1.321553e-06 3.866557e-06
31.089109 -2.393453e-05 -2.393453e-05 -4.277685e-06 5.569888e-06
31.485149 -7.085363e-06 -7.085363e-06 -2.147879e-06 8.434119e-06
31.881188 -1.119584e-06 -1.119584e-06 1.344195e-06 8.089287e-06
32.277228 -8.416741e-06 -8.416741e-06 4.027424e-06 5.892232e-06
32.673267 2.698757e-06 2.698757e-06 5.907238e-06 6.322562e-06
33.069307 1.119284e-05 1.119284e-05 6.192235e-06 8.258260e-06
33.465347 2.626168e-06 2.626168e-06 6.290610e-06 7.120758e-06
33.861386 -8.504174e-06 -8.504174e-06 5.463157e-06 4.208084e-06
34.257426 -7.005785e-06 -7.005785e-06 2.419211e-06 3.611039e-06
34.653465 7.956194e-06 7.956194e-06 -3.985122e-07 5.010986e-06
35.049505 1.347712e-05 1.347712e-05 -1.866075e-06 2.543812e-06
35.445545 2.074513e-07 2.074513e-07 -2.447425e-06 -5.395971e-06
35.841584 -1.326697e-05 -1.326697e-05 -2.262531e-06 -9.138089e-06
36.237624 -8.195363e-06 -8.195363e-06 -1.879961e-06 -3.658679e-06
36.633663 5.728476e-06 5.728476e-06 -1.952583e-06 1.569005e-06
37.029703 1.071285e-05 1.071285e-05 -1.890018e-06 3.550311e-07
37.425743 5.629354e-06 5.629354e-06 5.281238e-07 -1.824770e-06
37.821782 -3.372632e-06 -3.372632e-06 3.073048e-06 -2.160693e-06
38.217822 -8.889880e-06 -8.889880e-06 1.648770e-06 -2.301936e-06
38.613861 -8.078780e-06 -8.078780e-06 -1.025079e-06 -1.949681e-06
39.009901 9.062988e-07 9.062988e-07 8.493995e-07 -1.266707e-06
39.405941 8.696586e-06 8.696586e-06 6.053879e-06 -1.768718e-06
39.801980 -4.651309e-07 -4.651309e-07 8.414912e-06 -2.768737e-06
