# 1  2-4    5-7    8-10   11     
# x  dirEF  recEF  sumEF  #Sample
0.500000 	 -1.217213e-06 -4.258591e-05 1.574159e-05 	 1.953790e-06 -5.036625e-06 -1.427041e-05 	 7.365764e-07 -4.762253e-05 1.471187e-06 	 21
1.500000 	 1.661946e-05 2.175214e-05 2.443478e-06 	 -1.337996e-05 6.175199e-06 7.254553e-06 	 3.239508e-06 2.792733e-05 9.698032e-06 	 19
2.500000 	 -2.287138e-05 8.759845e-06 -1.797770e-05 	 7.407808e-06 -2.233733e-06 8.687453e-07 	 -1.546358e-05 6.526112e-06 -1.710896e-05 	 19
3.500000 	 -2.715537e-05 7.360323e-06 1.403062e-05 	 3.050492e-06 -3.207189e-05 -6.118552e-06 	 -2.410488e-05 -2.471157e-05 7.912066e-06 	 20
4.500000 	 -2.562205e-05 2.889094e-06 1.829088e-06 	 -4.240145e-06 1.782495e-05 1.397175e-05 	 -2.986219e-05 2.071404e-05 1.580084e-05 	 15
5.500000 	 -3.020863e-05 -2.473738e-05 1.910044e-05 	 -2.241845e-05 7.702736e-06 -1.710222e-05 	 -5.262708e-05 -1.703464e-05 1.998226e-06 	 18
6.500000 	 -4.102504e-05 6.709477e-06 2.504768e-06 	 3.521278e-06 7.999616e-06 -3.931057e-06 	 -3.750376e-05 1.470909e-05 -1.426289e-06 	 20
7.500000 	 -1.912788e-04 -1.803112e-05 -3.332818e-05 	 -6.032432e-06 3.056068e-05 -1.252372e-05 	 -1.973112e-04 1.252956e-05 -4.585190e-05 	 13
8.500000 	 -3.159008e-04 3.924059e-05 -2.153829e-05 	 4.826703e-05 -1.780638e-05 -4.030210e-06 	 -2.676338e-04 2.143421e-05 -2.556850e-05 	 25
9.500000 	 -4.281062e-04 -6.978455e-06 -1.326059e-05 	 -2.423039e-05 3.475902e-06 -2.272996e-06 	 -4.523366e-04 -3.502553e-06 -1.553358e-05 	 85
10.500000 	 -4.117234e-04 -4.348598e-06 7.424069e-06 	 -2.831099e-06 5.035759e-07 -7.833365e-07 	 -4.145545e-04 -3.845022e-06 6.640733e-06 	 343
11.500000 	 -3.299385e-04 1.733844e-07 -6.643304e-07 	 9.016395e-06 1.282738e-06 3.597123e-06 	 -3.209221e-04 1.456122e-06 2.932793e-06 	 410
12.500000 	 -1.399321e-04 6.622650e-06 1.500224e-06 	 -8.090069e-06 -2.679621e-06 -8.511176e-07 	 -1.480221e-04 3.943029e-06 6.491059e-07 	 415
13.500000 	 -2.034570e-05 -3.296104e-06 1.273965e-06 	 3.539171e-06 -1.133592e-06 2.204878e-06 	 -1.680653e-05 -4.429696e-06 3.478842e-06 	 384
14.500000 	 -3.186061e-06 2.370575e-06 -1.551920e-06 	 -1.189722e-07 2.823328e-06 2.368885e-06 	 -3.305033e-06 5.193903e-06 8.169644e-07 	 406
15.500000 	 -8.397893e-07 -1.970404e-06 -4.365494e-06 	 1.680859e-06 -2.419362e-06 -1.794912e-06 	 8.410696e-07 -4.389766e-06 -6.160407e-06 	 378
16.500000 	 -5.411174e-06 -5.557972e-07 4.674756e-07 	 -1.348240e-07 1.675545e-06 -9.349125e-07 	 -5.545998e-06 1.119748e-06 -4.674369e-07 	 426
17.500000 	 2.526349e-06 -3.397943e-06 5.814340e-06 	 1.194195e-06 -2.977001e-06 2.971466e-06 	 3.720544e-06 -6.374944e-06 8.785806e-06 	 386
18.500000 	 -1.524906e-06 3.807851e-06 4.372266e-06 	 4.507584e-06 1.936181e-06 1.136270e-06 	 2.982678e-06 5.744033e-06 5.508537e-06 	 397
19.500000 	 5.989148e-06 -7.181012e-06 -8.699442e-08 	 -5.305929e-06 -2.150072e-06 -3.332413e-06 	 6.832188e-07 -9.331084e-06 -3.419407e-06 	 384
20.500000 	 -1.342678e-06 5.892673e-06 -4.839500e-06 	 -3.738737e-06 -1.242479e-06 3.858276e-06 	 -5.081415e-06 4.650194e-06 -9.812243e-07 	 413
21.500000 	 -4.220200e-06 -2.828493e-06 2.681204e-06 	 1.001485e-05 1.387084e-06 -6.570276e-07 	 5.794647e-06 -1.441408e-06 2.024176e-06 	 382
22.500000 	 -9.879586e-06 -6.609989e-06 -5.619209e-07 	 -6.571610e-06 2.457036e-06 -1.497964e-06 	 -1.645120e-05 -4.152952e-06 -2.059884e-06 	 398
23.500000 	 -1.329504e-05 7.755760e-06 -3.809552e-07 	 2.241674e-06 -2.702820e-06 3.372612e-07 	 -1.105336e-05 5.052939e-06 -4.369399e-08 	 410
24.500000 	 -8.526070e-06 -2.322462e-06 -7.080010e-06 	 2.174876e-06 -1.804128e-06 -1.627519e-07 	 -6.351194e-06 -4.126590e-06 -7.242762e-06 	 400
25.500000 	 8.482129e-06 1.047882e-06 4.785232e-06 	 9.765223e-07 2.674282e-06 2.340735e-06 	 9.458651e-06 3.722164e-06 7.125967e-06 	 421
26.500000 	 3.221012e-05 -2.342349e-06 5.313711e-06 	 -4.642991e-06 -2.099202e-06 -6.887601e-07 	 2.756713e-05 -4.441552e-06 4.624951e-06 	 433
27.500000 	 1.698984e-04 -7.154149e-07 -9.551016e-07 	 1.039768e-05 1.350664e-06 -2.065994e-06 	 1.802961e-04 6.352493e-07 -3.021095e-06 	 405
28.500000 	 3.422201e-04 -2.964834e-06 -9.653995e-07 	 -1.554584e-05 6.794896e-07 2.590244e-06 	 3.266743e-04 -2.285344e-06 1.624845e-06 	 363
29.500000 	 4.127509e-04 -2.520026e-06 -7.228457e-07 	 3.058276e-06 -7.391355e-08 -4.128823e-06 	 4.158092e-04 -2.593939e-06 -4.851669e-06 	 320
30.500000 	 3.999942e-04 -5.068581e-06 -6.873846e-06 	 2.048910e-05 3.908305e-06 3.224389e-06 	 4.204833e-04 -1.160276e-06 -3.649457e-06 	 77
31.500000 	 2.975525e-04 2.404300e-05 -3.189050e-06 	 -5.560418e-05 3.731952e-06 -1.756333e-05 	 2.419483e-04 2.777495e-05 -2.075238e-05 	 12
32.500000 	 1.185751e-04 -9.360428e-06 2.185747e-05 	 1.175650e-05 -9.540646e-06 1.384784e-05 	 1.303316e-04 -1.890107e-05 3.570531e-05 	 15
33.500000 	 1.150040e-05 1.996018e-05 -5.927799e-07 	 -8.774138e-07 -9.483302e-06 5.944172e-06 	 1.062299e-05 1.047688e-05 5.351392e-06 	 29
34.500000 	 -2.521763e-05 -7.795885e-05 6.938166e-06 	 -1.045363e-05 -4.445702e-06 -1.651257e-05 	 -3.567126e-05 -8.240455e-05 -9.574408e-06 	 14
35.500000 	 2.992580e-06 -1.439597e-05 4.879948e-06 	 -7.641702e-06 1.597011e-05 -4.800175e-06 	 -4.649122e-06 1.574144e-06 7.977284e-08 	 19
36.500000 	 -6.060001e-06 -1.190802e-05 -3.871747e-05 	 2.290813e-05 -8.424316e-06 1.766785e-06 	 1.684813e-05 -2.033233e-05 -3.695069e-05 	 30
37.500000 	 1.147312e-05 -1.758862e-05 -1.019160e-05 	 4.793628e-06 2.565814e-06 7.802267e-06 	 1.626674e-05 -1.502280e-05 -2.389336e-06 	 28
38.500000 	 2.418952e-07 6.127746e-06 -1.997812e-05 	 -4.025988e-05 5.042162e-06 4.178004e-05 	 -4.001798e-05 1.116991e-05 2.180192e-05 	 25
39.500000 	 1.267417e-05 -2.672019e-06 3.672263e-05 	 -5.724849e-06 -2.316390e-05 2.474621e-06 	 6.949318e-06 -2.583592e-05 3.919725e-05 	 22
