# 1  2-4    5-7    8-10   11     
# x  dirEF  recEF  sumEF  #Sample
0.500000 	 2.195381e-05 -2.600169e-05 -2.845980e-05 	 -1.518108e-05 -1.142457e-05 -9.748429e-06 	 6.772725e-06 -3.742627e-05 -3.820823e-05 	 17
1.500000 	 -3.890600e-06 1.573186e-05 2.394871e-06 	 5.455427e-06 -1.411599e-05 1.614661e-05 	 1.564827e-06 1.615864e-06 1.854148e-05 	 22
2.500000 	 -1.140857e-05 3.477972e-05 -2.373439e-05 	 1.996464e-05 -1.123497e-05 -3.914559e-05 	 8.556065e-06 2.354475e-05 -6.287999e-05 	 18
3.500000 	 -2.665750e-05 -1.484101e-05 -5.514216e-06 	 -1.307720e-05 1.658777e-06 2.726501e-05 	 -3.973470e-05 -1.318223e-05 2.175080e-05 	 26
4.500000 	 3.157615e-05 -8.034100e-06 1.127529e-05 	 5.556588e-06 1.233721e-05 -1.773145e-05 	 3.713274e-05 4.303114e-06 -6.456152e-06 	 19
5.500000 	 1.371398e-05 -6.005080e-06 -6.612805e-06 	 1.958828e-05 -6.311792e-06 -1.261649e-05 	 3.330226e-05 -1.231687e-05 -1.922929e-05 	 20
6.500000 	 -2.234964e-05 -2.010950e-05 3.794290e-06 	 2.484962e-05 -4.298603e-05 -3.801918e-05 	 2.499973e-06 -6.309553e-05 -3.422489e-05 	 20
7.500000 	 -1.462954e-04 4.430458e-05 -1.384062e-05 	 2.666040e-05 1.024386e-05 -2.091881e-05 	 -1.196350e-04 5.454845e-05 -3.475942e-05 	 12
8.500000 	 -2.923367e-04 2.281571e-05 3.461724e-05 	 1.768098e-05 1.595691e-05 -1.970333e-05 	 -2.746558e-04 3.877262e-05 1.491391e-05 	 15
9.500000 	 -4.030977e-04 2.857273e-06 -6.409423e-06 	 -2.669166e-05 -2.920686e-05 -1.202722e-05 	 -4.297893e-04 -2.634959e-05 -1.843664e-05 	 96
10.500000 	 -4.222520e-04 3.403921e-06 2.844871e-07 	 1.203610e-05 1.111904e-05 1.590400e-06 	 -4.102159e-04 1.452296e-05 1.874887e-06 	 313
11.500000 	 -3.295660e-04 -2.135149e-06 -9.254280e-07 	 8.588951e-06 3.504401e-06 7.449535e-07 	 -3.209770e-04 1.369252e-06 -1.804745e-07 	 406
12.500000 	 -1.582749e-04 5.664721e-07 -3.571637e-06 	 -8.399322e-06 5.177760e-06 -5.799037e-06 	 -1.666742e-04 5.744232e-06 -9.370674e-06 	 375
13.500000 	 -1.845554e-05 -9.533709e-07 3.394020e-07 	 -6.640338e-06 -6.723525e-06 8.858751e-06 	 -2.509587e-05 -7.676896e-06 9.198153e-06 	 436
14.500000 	 -1.368296e-05 4.498151e-07 4.515307e-06 	 7.424010e-06 -4.427404e-06 2.006854e-06 	 -6.258955e-06 -3.977589e-06 6.522161e-06 	 379
15.500000 	 -1.934891e-05 9.688005e-07 1.476391e-06 	 -1.832956e-05 -2.436179e-06 -6.106226e-07 	 -3.767848e-05 -1.467379e-06 8.657685e-07 	 384
16.500000 	 3.749384e-06 -1.274951e-06 -2.162344e-06 	 1.263605e-05 -1.129030e-06 9.517803e-06 	 1.638543e-05 -2.403980e-06 7.355459e-06 	 422
17.500000 	 4.399517e-06 -1.918154e-06 2.529807e-07 	 -2.859015e-05 5.638459e-06 4.750929e-06 	 -2.419064e-05 3.720306e-06 5.003910e-06 	 465
18.500000 	 2.504267e-05 5.376564e-06 -1.925418e-06 	 1.094777e-05 7.210670e-06 -7.299338e-06 	 3.599043e-05 1.258723e-05 -9.224756e-06 	 372
19.500000 	 2.135183e-05 -1.882421e-06 -3.177805e-06 	 -1.186582e-05 -6.568905e-06 -9.816203e-08 	 9.486010e-06 -8.451326e-06 -3.275967e-06 	 388
20.500000 	 9.256506e-06 -1.437750e-06 2.862018e-06 	 2.289766e-05 -3.903129e-06 1.042838e-05 	 3.215417e-05 -5.340879e-06 1.329040e-05 	 394
21.500000 	 -2.409921e-06 1.415841e-06 2.550049e-07 	 -1.159283e-05 7.924405e-06 2.134373e-06 	 -1.400276e-05 9.340247e-06 2.389378e-06 	 390
22.500000 	 -2.535578e-05 -1.232549e-06 1.295025e-07 	 3.619295e-06 5.696286e-06 -1.020890e-05 	 -2.173648e-05 4.463737e-06 -1.007940e-05 	 375
23.500000 	 -2.176474e-05 -7.673767e-07 7.390713e-06 	 -6.599506e-06 -4.744719e-06 6.792762e-07 	 -2.836424e-05 -5.512096e-06 8.069989e-06 	 398
24.500000 	 -7.664790e-06 3.925888e-06 -1.653067e-06 	 1.470568e-05 -5.832979e-06 3.259549e-06 	 7.040894e-06 -1.907092e-06 1.606482e-06 	 417
25.500000 	 1.180347e-05 5.981698e-06 -2.935811e-06 	 -1.393694e-05 -4.224915e-06 5.586001e-06 	 -2.133476e-06 1.756784e-06 2.650190e-06 	 431
26.500000 	 2.990271e-05 9.402220e-07 -5.495805e-06 	 1.717984e-05 -6.653440e-06 -2.802111e-06 	 4.708254e-05 -5.713218e-06 -8.297917e-06 	 397
27.500000 	 1.656521e-04 -8.263511e-06 5.263392e-07 	 -4.606864e-06 5.994981e-06 7.101775e-06 	 1.610453e-04 -2.268530e-06 7.628114e-06 	 381
28.500000 	 3.411574e-04 -3.977716e-06 1.641829e-06 	 -1.222942e-05 -3.219312e-06 3.392314e-06 	 3.289280e-04 -7.197028e-06 5.034143e-06 	 391
29.500000 	 3.990747e-04 1.325423e-06 2.466438e-06 	 2.282113e-06 1.095966e-05 -5.291657e-06 	 4.013568e-04 1.228509e-05 -2.825219e-06 	 341
30.500000 	 4.062229e-04 -8.756922e-06 -1.027151e-05 	 1.752818e-05 1.258257e-05 6.652223e-06 	 4.237511e-04 3.825644e-06 -3.619291e-06 	 85
31.500000 	 3.224295e-04 3.070725e-06 6.518163e-05 	 -5.030784e-05 -1.573528e-05 -3.595941e-05 	 2.721217e-04 -1.266456e-05 2.922222e-05 	 19
32.500000 	 1.181485e-04 2.050315e-06 -5.109268e-06 	 4.792663e-05 -4.668039e-06 -1.213841e-05 	 1.660751e-04 -2.617724e-06 -1.724768e-05 	 22
33.500000 	 1.688893e-05 -8.411665e-06 -5.294268e-06 	 -1.038260e-05 -7.564287e-06 2.454933e-05 	 6.506334e-06 -1.597595e-05 1.925506e-05 	 21
34.500000 	 -1.162715e-05 -7.995816e-06 -5.184433e-06 	 -6.138629e-05 1.431139e-05 -2.522976e-06 	 -7.301343e-05 6.315574e-06 -7.707409e-06 	 27
35.500000 	 2.915956e-05 -2.276619e-06 4.055504e-05 	 -7.356156e-07 9.020808e-06 -5.534157e-05 	 2.842395e-05 6.744189e-06 -1.478653e-05 	 17
36.500000 	 -1.103316e-06 -2.294007e-06 9.084473e-06 	 -4.446618e-05 -1.731384e-05 -2.410230e-06 	 -4.556949e-05 -1.960785e-05 6.674243e-06 	 25
37.500000 	 2.191596e-05 -4.561205e-06 8.719137e-06 	 9.981718e-06 -4.986136e-05 -3.612939e-05 	 3.189768e-05 -5.442256e-05 -2.741026e-05 	 19
38.500000 	 1.890217e-06 1.722852e-05 1.042560e-05 	 6.808313e-06 -5.743625e-06 -7.577676e-06 	 8.698531e-06 1.148490e-05 2.847921e-06 	 29
39.500000 	 -2.630138e-05 -1.039636e-07 -1.851957e-05 	 2.825041e-05 -2.458805e-05 6.996967e-05 	 1.949039e-06 -2.469201e-05 5.145010e-05 	 16
