# 1  2-4    5-7    8-10   11     
# x  dirEF  recEF  sumEF  #Sample
0.500000 	 -3.058292e-05 -1.504526e-05 2.991293e-05 	 -1.381151e-09 1.818544e-09 2.446808e-09 	 -3.058430e-05 -1.504344e-05 2.991538e-05 	 20
1.500000 	 -1.151469e-05 -8.309099e-07 8.414868e-06 	 1.844663e-09 -2.092956e-09 6.706463e-10 	 -1.151285e-05 -8.330029e-07 8.415539e-06 	 20
2.500000 	 1.913705e-05 1.151933e-05 -2.571967e-05 	 1.703696e-09 -2.180679e-10 6.627669e-10 	 1.913875e-05 1.151911e-05 -2.571901e-05 	 24
3.500000 	 -4.243313e-05 8.299281e-06 1.971140e-05 	 2.212872e-09 -2.229073e-09 -3.181481e-10 	 -4.243092e-05 8.297052e-06 1.971108e-05 	 20
4.500000 	 1.330182e-05 -1.057697e-05 4.710146e-06 	 -9.048529e-10 3.568178e-10 -1.221093e-09 	 1.330091e-05 -1.057661e-05 4.708924e-06 	 22
5.500000 	 4.295132e-05 1.440869e-06 -2.958758e-05 	 -5.641892e-10 -4.916847e-09 -7.077760e-10 	 4.295075e-05 1.435952e-06 -2.958828e-05 	 14
6.500000 	 -1.159930e-05 -1.718060e-05 -2.849295e-06 	 3.005632e-09 -8.388683e-10 -4.612102e-09 	 -1.159630e-05 -1.718143e-05 -2.853907e-06 	 23
7.500000 	 -1.531105e-04 -1.198835e-05 -2.525906e-05 	 2.882112e-09 -2.570618e-09 -1.872110e-09 	 -1.531076e-04 -1.199092e-05 -2.526094e-05 	 24
8.500000 	 -3.482197e-04 -1.576103e-05 -6.325595e-05 	 9.783398e-10 -2.884188e-09 -6.254525e-11 	 -3.482187e-04 -1.576391e-05 -6.325601e-05 	 22
9.500000 	 -4.324574e-04 -6.023123e-06 1.694786e-05 	 6.769165e-10 2.233431e-09 -9.045039e-10 	 -4.324567e-04 -6.020890e-06 1.694695e-05 	 98
10.500000 	 -4.187190e-04 8.387191e-09 -2.705826e-06 	 5.917380e-10 -1.943693e-10 4.126869e-10 	 -4.187184e-04 8.192822e-09 -2.705414e-06 	 326
11.500000 	 -3.261560e-04 5.234867e-07 3.087990e-06 	 1.005354e-09 -1.578137e-10 5.123036e-11 	 -3.261550e-04 5.233289e-07 3.088041e-06 	 391
12.500000 	 -1.451522e-04 -1.309547e-06 2.608481e-06 	 3.628867e-10 4.865253e-10 2.226678e-10 	 -1.451519e-04 -1.309060e-06 2.608704e-06 	 413
13.500000 	 -2.260532e-05 -4.630255e-07 -1.046929e-05 	 2.389415e-10 -7.652708e-11 -3.129645e-10 	 -2.260508e-05 -4.631021e-07 -1.046961e-05 	 429
14.500000 	 9.109123e-06 3.374071e-07 8.749192e-07 	 -2.706122e-11 2.075228e-10 6.213385e-10 	 9.109096e-06 3.376146e-07 8.755405e-07 	 386
15.500000 	 8.536915e-06 6.104130e-06 -1.873282e-06 	 9.662271e-10 -3.985652e-12 -5.238229e-10 	 8.537881e-06 6.104126e-06 -1.873806e-06 	 376
16.500000 	 6.567683e-06 -2.250447e-07 1.841839e-06 	 5.769458e-10 -5.669113e-10 9.811683e-11 	 6.568260e-06 -2.256116e-07 1.841937e-06 	 417
17.500000 	 -2.432203e-06 -5.908674e-06 5.654923e-07 	 2.571690e-11 9.357045e-10 1.946709e-10 	 -2.432177e-06 -5.907739e-06 5.656869e-07 	 369
18.500000 	 6.725870e-06 6.030743e-07 3.393211e-06 	 -4.516989e-10 -1.637804e-10 -4.594733e-10 	 6.725419e-06 6.029106e-07 3.392752e-06 	 408
19.500000 	 -1.230610e-05 -2.018870e-06 1.404209e-06 	 2.081228e-10 3.644157e-11 -1.851672e-11 	 -1.230589e-05 -2.018834e-06 1.404190e-06 	 400
20.500000 	 -1.984730e-05 3.631099e-07 -1.054525e-06 	 -2.749186e-10 -1.718073e-10 2.553443e-10 	 -1.984758e-05 3.629381e-07 -1.054270e-06 	 374
21.500000 	 -6.814190e-06 8.330181e-06 7.601688e-06 	 -7.585978e-10 -3.301537e-10 -1.097772e-10 	 -6.814949e-06 8.329851e-06 7.601579e-06 	 409
22.500000 	 6.449255e-06 -6.917337e-06 -6.568392e-06 	 -8.797952e-10 5.283939e-10 -2.208592e-10 	 6.448375e-06 -6.916809e-06 -6.568613e-06 	 429
23.500000 	 3.315129e-06 -9.434958e-08 -1.062791e-06 	 1.686596e-10 -5.228116e-10 3.850867e-10 	 3.315298e-06 -9.487239e-08 -1.062406e-06 	 416
24.500000 	 1.217870e-05 -7.175045e-06 -1.637089e-07 	 -2.493553e-11 -3.510049e-10 -2.205766e-10 	 1.217867e-05 -7.175396e-06 -1.639295e-07 	 382
25.500000 	 5.324825e-06 2.956974e-07 -9.007541e-07 	 -1.158124e-10 3.297675e-10 -2.574826e-10 	 5.324709e-06 2.960272e-07 -9.010116e-07 	 398
26.500000 	 3.045903e-05 -3.135846e-06 -2.597984e-06 	 1.150004e-09 -1.627318e-11 1.053859e-10 	 3.046018e-05 -3.135862e-06 -2.597879e-06 	 389
27.500000 	 1.564910e-04 4.355256e-06 6.155099e-06 	 2.204743e-09 3.928783e-10 -7.112538e-11 	 1.564932e-04 4.355649e-06 6.155028e-06 	 401
28.500000 	 3.179746e-04 -1.656299e-06 -3.031063e-06 	 -9.866397e-10 -5.485852e-11 1.995232e-10 	 3.179736e-04 -1.656354e-06 -3.030863e-06 	 398
29.500000 	 4.083072e-04 4.439655e-06 7.893499e-06 	 -1.006688e-09 -9.636402e-10 2.162003e-10 	 4.083062e-04 4.438691e-06 7.893715e-06 	 309
30.500000 	 4.227688e-04 -7.556356e-06 8.836654e-06 	 5.837877e-10 -2.176815e-10 5.400978e-10 	 4.227694e-04 -7.556574e-06 8.837194e-06 	 98
31.500000 	 3.079880e-04 -2.034124e-05 6.451329e-06 	 9.882185e-10 1.121369e-09 2.060742e-09 	 3.079890e-04 -2.034012e-05 6.453390e-06 	 26
32.500000 	 1.011782e-04 -2.507369e-05 1.509868e-05 	 -1.390792e-09 2.170835e-09 -3.168439e-09 	 1.011768e-04 -2.507152e-05 1.509551e-05 	 17
33.500000 	 3.116888e-05 4.589862e-05 -2.102343e-05 	 9.768542e-10 7.996223e-10 6.146237e-09 	 3.116986e-05 4.589942e-05 -2.101728e-05 	 19
34.500000 	 -2.356189e-05 3.424051e-06 -7.426441e-06 	 1.301387e-08 -3.389200e-09 -3.752822e-09 	 -2.354888e-05 3.420662e-06 -7.430194e-06 	 15
35.500000 	 -6.187359e-06 -3.757265e-06 2.144627e-06 	 7.262998e-10 -9.139647e-10 -1.550759e-10 	 -6.186633e-06 -3.758179e-06 2.144472e-06 	 18
36.500000 	 3.556922e-05 1.846311e-05 2.107804e-06 	 2.568384e-09 3.193692e-09 3.252136e-09 	 3.557179e-05 1.846630e-05 2.111057e-06 	 23
37.500000 	 -2.649588e-06 -2.876006e-06 9.003241e-06 	 -6.954188e-10 1.977109e-09 1.220025e-09 	 -2.650283e-06 -2.874029e-06 9.004461e-06 	 27
38.500000 	 1.665282e-05 -1.765543e-06 -1.150328e-05 	 -3.698586e-09 1.780173e-09 -3.276956e-09 	 1.664912e-05 -1.763763e-06 -1.150656e-05 	 25
39.500000 	 -1.556778e-05 1.840905e-05 -1.723423e-06 	 -2.952236e-09 2.326153e-10 -1.341885e-09 	 -1.557073e-05 1.840928e-05 -1.724765e-06 	 25
