# 1  2-4    5-7    8-10   11     
# x  sumEF  dirEF  recEF  #Sample
0.500000 	 -2.795298e-06 -3.469460e-05 -2.042858e-05 	 1.018358e-05 -1.677450e-05 1.484719e-06 	 -1.297888e-05 -1.792009e-05 -2.191330e-05 	 96
1.500000 	 1.339102e-05 2.349399e-06 -5.229256e-06 	 -5.871912e-06 7.411259e-06 -9.755341e-06 	 1.926293e-05 -5.061857e-06 4.526086e-06 	 97
2.500000 	 -5.195140e-06 1.564069e-05 -3.269097e-05 	 -9.268104e-06 1.688393e-05 -1.608818e-05 	 4.072966e-06 -1.243240e-06 -1.660278e-05 	 101
3.500000 	 -2.276788e-05 -3.783334e-06 -3.195885e-06 	 -1.447827e-05 3.488034e-06 1.262523e-07 	 -8.289611e-06 -7.271370e-06 -3.322139e-06 	 104
4.500000 	 -3.260348e-07 2.755242e-06 1.066581e-05 	 7.523573e-06 -9.513954e-06 8.805851e-06 	 -7.849607e-06 1.226919e-05 1.859966e-06 	 84
5.500000 	 1.276823e-05 -1.160674e-05 1.311878e-05 	 -1.337722e-06 -9.393254e-06 -4.955261e-06 	 1.410595e-05 -2.213484e-06 1.807404e-05 	 93
6.500000 	 -1.858025e-05 -1.228327e-06 -1.106928e-05 	 -2.667382e-05 1.089497e-07 -8.570739e-06 	 8.093569e-06 -1.337279e-06 -2.498537e-06 	 119
7.500000 	 -1.471798e-04 5.410085e-06 -6.211655e-06 	 -1.598556e-04 -1.924177e-06 -2.016893e-05 	 1.267584e-05 7.334261e-06 1.395727e-05 	 91
8.500000 	 -3.062956e-04 1.414137e-05 -1.542554e-05 	 -3.201603e-04 8.653882e-06 -1.121052e-05 	 1.386475e-05 5.487486e-06 -4.215014e-06 	 100
9.500000 	 -4.368562e-04 -5.659364e-06 -1.112780e-05 	 -4.150488e-04 -4.064529e-06 -1.092963e-06 	 -2.180738e-05 -1.594833e-06 -1.003484e-05 	 458
10.500000 	 -4.189813e-04 3.336327e-06 -2.478838e-06 	 -4.165031e-04 1.411865e-06 -1.784842e-06 	 -2.478198e-06 1.924462e-06 -6.939962e-07 	 1663
11.500000 	 -3.249116e-04 -1.556848e-06 -5.356335e-07 	 -3.302386e-04 -1.760201e-06 1.999424e-06 	 5.327088e-06 2.033524e-07 -2.535057e-06 	 1994
12.500000 	 -1.565552e-04 1.163159e-06 -2.979872e-06 	 -1.496128e-04 2.357421e-06 1.328860e-06 	 -6.942391e-06 -1.194263e-06 -4.308731e-06 	 2012
13.500000 	 -2.830409e-05 -5.515383e-07 4.756857e-06 	 -2.319878e-05 -1.280432e-06 -2.234050e-06 	 -5.105309e-06 7.288933e-07 6.990908e-06 	 2102
14.500000 	 4.384195e-06 1.203688e-06 -5.307899e-07 	 1.451218e-06 -2.940091e-07 3.699754e-07 	 2.932977e-06 1.497697e-06 -9.007652e-07 	 2001
15.500000 	 -7.588571e-06 8.032978e-06 -1.383244e-06 	 3.923029e-06 1.787450e-06 -2.273751e-06 	 -1.151160e-05 6.245527e-06 8.905074e-07 	 1952
16.500000 	 2.268171e-05 -1.767569e-06 2.831600e-06 	 8.769250e-06 -1.090756e-07 1.584258e-06 	 1.391246e-05 -1.658494e-06 1.247341e-06 	 2073
17.500000 	 -9.912112e-06 -1.469639e-06 3.374124e-06 	 4.612515e-06 -3.333779e-06 2.042914e-06 	 -1.452462e-05 1.864139e-06 1.331210e-06 	 1967
18.500000 	 1.600793e-05 8.558631e-06 1.698608e-06 	 5.400164e-06 4.650669e-06 -7.372372e-09 	 1.060777e-05 3.907962e-06 1.705978e-06 	 1982
19.500000 	 -9.386159e-06 -5.226817e-06 5.110511e-07 	 1.380481e-06 -3.719681e-06 -1.254013e-08 	 -1.076664e-05 -1.507138e-06 5.235914e-07 	 1926
20.500000 	 7.284712e-06 3.382569e-06 1.411367e-06 	 -4.442611e-06 5.603182e-07 -3.213525e-06 	 1.172732e-05 2.822251e-06 4.624892e-06 	 1960
21.500000 	 -1.222426e-05 3.665477e-06 2.604277e-06 	 -6.086306e-06 2.878272e-06 3.341237e-06 	 -6.137951e-06 7.872046e-07 -7.369600e-07 	 1999
22.500000 	 4.431034e-07 -4.204345e-07 -6.976722e-06 	 -9.082389e-06 -2.646940e-06 -8.487075e-07 	 9.525494e-06 2.226505e-06 -6.128014e-06 	 1988
23.500000 	 -2.245689e-05 -4.368199e-07 3.344119e-06 	 -6.231814e-06 -8.785697e-07 1.565835e-06 	 -1.622508e-05 4.417501e-07 1.778282e-06 	 2034
24.500000 	 1.244954e-05 -1.355185e-06 -3.611018e-06 	 -4.033084e-07 -8.585354e-07 -1.703178e-06 	 1.285285e-05 -4.966508e-07 -1.907840e-06 	 2019
25.500000 	 -2.795230e-06 -1.634009e-06 -8.013061e-07 	 6.420382e-06 1.322682e-06 -6.253731e-07 	 -9.215611e-06 -2.956690e-06 -1.759321e-07 	 2031
26.500000 	 3.535185e-05 -1.154596e-07 -1.681474e-07 	 3.026594e-05 -6.572027e-07 -1.770258e-06 	 5.085912e-06 5.417430e-07 1.602111e-06 	 2034
27.500000 	 1.592698e-04 2.641669e-06 4.038096e-06 	 1.600109e-04 -9.950344e-07 1.823847e-06 	 -7.411258e-07 3.636703e-06 2.214249e-06 	 1951
28.500000 	 3.180874e-04 -1.663840e-06 -2.031866e-06 	 3.298253e-04 -1.415062e-06 4.051276e-07 	 -1.173787e-05 -2.487781e-07 -2.436994e-06 	 1950
29.500000 	 4.058805e-04 7.010645e-06 4.105341e-06 	 4.051213e-04 -2.218433e-08 2.855721e-06 	 7.591853e-07 7.032828e-06 1.249621e-06 	 1644
30.500000 	 4.418170e-04 -5.346539e-06 -9.409444e-06 	 4.113499e-04 -3.701500e-06 -5.491785e-06 	 3.046716e-05 -1.645037e-06 -3.917658e-06 	 439
31.500000 	 2.968162e-04 -2.071422e-05 9.335683e-06 	 3.247740e-04 -1.056791e-06 2.160267e-05 	 -2.795783e-05 -1.965743e-05 -1.226699e-05 	 90
32.500000 	 1.490323e-04 -5.774120e-06 7.694760e-06 	 1.429247e-04 9.133519e-07 1.179196e-05 	 6.107626e-06 -6.687473e-06 -4.097204e-06 	 96
33.500000 	 3.563166e-05 1.875068e-05 1.860417e-05 	 2.006170e-05 1.553611e-05 -2.834517e-06 	 1.556995e-05 3.214573e-06 2.143869e-05 	 96
34.500000 	 -2.830743e-05 -5.746008e-06 -1.126332e-06 	 -1.318663e-05 -1.908666e-05 -4.115519e-06 	 -1.512080e-05 1.334065e-05 2.989187e-06 	 93
35.500000 	 1.343081e-05 1.731068e-06 -4.584369e-06 	 4.406372e-06 -1.398424e-05 7.313045e-06 	 9.024439e-06 1.571530e-05 -1.189742e-05 	 93
36.500000 	 -4.453762e-06 2.171403e-06 -7.334568e-06 	 7.948375e-06 -4.976635e-07 -9.898690e-06 	 -1.240214e-05 2.669066e-06 2.564123e-06 	 120
37.500000 	 8.927491e-06 -1.069436e-05 8.721025e-06 	 3.779092e-06 -1.269122e-05 4.910594e-06 	 5.148395e-06 1.996865e-06 3.810432e-06 	 120
38.500000 	 2.038976e-07 3.584534e-07 -2.130282e-05 	 2.477129e-06 -1.906598e-06 -6.850928e-06 	 -2.273233e-06 2.265049e-06 -1.445188e-05 	 126
39.500000 	 1.763424e-05 -1.732522e-06 -2.193869e-05 	 -5.168926e-06 6.033221e-06 -5.742787e-06 	 2.280316e-05 -7.765740e-06 -1.619590e-05 	 102
