# 1  2-4    5-7    8-10   11     
# x  dirEF  recEF  sumEF  #Sample
0.250000 	 0.000000e+00 0.000000e+00 0.000000e+00 	 0.000000e+00 0.000000e+00 0.000000e+00 	 0.000000e+00 0.000000e+00 0.000000e+00 	 0
0.750000 	 0.000000e+00 0.000000e+00 0.000000e+00 	 0.000000e+00 0.000000e+00 0.000000e+00 	 0.000000e+00 0.000000e+00 0.000000e+00 	 0
1.250000 	 0.000000e+00 0.000000e+00 0.000000e+00 	 0.000000e+00 0.000000e+00 0.000000e+00 	 0.000000e+00 0.000000e+00 0.000000e+00 	 0
1.750000 	 0.000000e+00 0.000000e+00 0.000000e+00 	 0.000000e+00 0.000000e+00 0.000000e+00 	 0.000000e+00 0.000000e+00 0.000000e+00 	 0
2.250000 	 0.000000e+00 0.000000e+00 0.000000e+00 	 0.000000e+00 0.000000e+00 0.000000e+00 	 0.000000e+00 0.000000e+00 0.000000e+00 	 0
2.750000 	 5.424798e-06 -5.045177e-05 6.717818e-05 	 -2.929212e-12 8.909540e-14 1.665335e-13 	 5.424795e-06 -5.045177e-05 6.717818e-05 	 1
3.250000 	 -4.880534e-06 -2.215500e-05 -5.544499e-06 	 9.370976e-15 7.681551e-14 1.232777e-13 	 -4.880534e-06 -2.215500e-05 -5.544499e-06 	 32
3.750000 	 1.552581e-06 3.778480e-06 6.183676e-06 	 -2.013529e-13 3.386631e-14 -1.842655e-14 	 1.552581e-06 3.778480e-06 6.183676e-06 	 596
4.250000 	 8.905318e-06 7.698119e-06 -2.544413e-07 	 -8.915325e-15 -3.204315e-14 -2.215948e-14 	 8.905318e-06 7.698119e-06 -2.544414e-07 	 914
4.750000 	 2.185855e-05 -4.412667e-06 -1.139713e-06 	 1.632135e-14 3.356245e-14 2.791787e-14 	 2.185855e-05 -4.412667e-06 -1.139713e-06 	 891
5.250000 	 1.944621e-05 9.420554e-06 -5.694015e-06 	 7.434821e-14 5.108462e-14 -1.392383e-14 	 1.944621e-05 9.420554e-06 -5.694015e-06 	 899
5.750000 	 2.159709e-06 -6.195110e-08 3.482865e-06 	 6.255018e-15 -1.813887e-14 1.434654e-14 	 2.159709e-06 -6.195111e-08 3.482865e-06 	 849
6.250000 	 -2.347112e-05 7.369281e-07 2.014367e-06 	 1.008972e-14 2.798019e-14 -7.149330e-14 	 -2.347112e-05 7.369281e-07 2.014367e-06 	 899
6.750000 	 -2.879215e-06 7.353916e-06 1.249758e-06 	 3.148916e-14 -3.997163e-14 1.073853e-14 	 -2.879215e-06 7.353916e-06 1.249758e-06 	 895
7.250000 	 2.514051e-06 -4.272557e-06 2.675779e-06 	 -2.888911e-14 -4.320987e-14 -5.009846e-14 	 2.514051e-06 -4.272557e-06 2.675779e-06 	 920
7.750000 	 1.820094e-05 4.013894e-06 3.326974e-06 	 -2.618967e-14 1.636919e-14 3.724828e-14 	 1.820094e-05 4.013894e-06 3.326974e-06 	 901
8.250000 	 -4.670076e-07 5.622577e-07 -8.209662e-07 	 6.589027e-14 -5.420781e-14 -7.147277e-15 	 -4.670076e-07 5.622577e-07 -8.209662e-07 	 885
8.750000 	 -1.915752e-05 -3.128586e-06 9.894832e-08 	 2.430394e-14 -3.309277e-14 -7.511633e-15 	 -1.915752e-05 -3.128586e-06 9.894831e-08 	 884
9.250000 	 -3.839848e-05 4.888898e-06 -4.416198e-06 	 1.676963e-14 7.970033e-14 1.549239e-14 	 -3.839848e-05 4.888898e-06 -4.416198e-06 	 917
9.750000 	 -1.326345e-05 1.891846e-06 1.465121e-06 	 -4.556226e-14 -5.141143e-14 2.756621e-16 	 -1.326345e-05 1.891846e-06 1.465121e-06 	 906
10.250000 	 1.364578e-05 3.368705e-06 2.923050e-06 	 -2.683850e-14 9.344601e-14 9.677828e-14 	 1.364578e-05 3.368705e-06 2.923050e-06 	 920
10.750000 	 1.599627e-05 -3.850517e-06 -8.003828e-07 	 -9.600135e-14 -4.033173e-14 1.332018e-14 	 1.599627e-05 -3.850517e-06 -8.003828e-07 	 916
11.250000 	 1.013175e-05 -5.152494e-07 5.995601e-06 	 -8.241654e-14 -2.689629e-14 -2.206806e-15 	 1.013175e-05 -5.152494e-07 5.995601e-06 	 552
11.750000 	 5.754055e-05 -6.235677e-06 -2.130035e-05 	 -2.910048e-13 9.905642e-14 -1.264290e-13 	 5.754055e-05 -6.235677e-06 -2.130035e-05 	 47
12.250000 	 0.000000e+00 0.000000e+00 0.000000e+00 	 0.000000e+00 0.000000e+00 0.000000e+00 	 0.000000e+00 0.000000e+00 0.000000e+00 	 0
12.750000 	 0.000000e+00 0.000000e+00 0.000000e+00 	 0.000000e+00 0.000000e+00 0.000000e+00 	 0.000000e+00 0.000000e+00 0.000000e+00 	 0
13.250000 	 0.000000e+00 0.000000e+00 0.000000e+00 	 0.000000e+00 0.000000e+00 0.000000e+00 	 0.000000e+00 0.000000e+00 0.000000e+00 	 0
13.750000 	 0.000000e+00 0.000000e+00 0.000000e+00 	 0.000000e+00 0.000000e+00 0.000000e+00 	 0.000000e+00 0.000000e+00 0.000000e+00 	 0
14.250000 	 0.000000e+00 0.000000e+00 0.000000e+00 	 0.000000e+00 0.000000e+00 0.000000e+00 	 0.000000e+00 0.000000e+00 0.000000e+00 	 0
14.750000 	 0.000000e+00 0.000000e+00 0.000000e+00 	 0.000000e+00 0.000000e+00 0.000000e+00 	 0.000000e+00 0.000000e+00 0.000000e+00 	 0
