# 1  2-4    5-7    8-10   11     
# x  dirEF  recEF  sumEF  #Sample
0.250000 	 9.074356e-06 -3.131723e-07 6.796041e-06 	 6.166473e-07 1.147192e-06 1.621249e-06 	 9.691004e-06 8.340193e-07 8.417289e-06 	 1
0.750000 	 1.160836e-12 4.347295e-13 1.007592e-12 	 1.192551e-06 -4.726586e-07 9.016664e-07 	 1.192552e-06 -4.726581e-07 9.016674e-07 	 2
1.250000 	 0.000000e+00 0.000000e+00 0.000000e+00 	 0.000000e+00 0.000000e+00 0.000000e+00 	 0.000000e+00 0.000000e+00 0.000000e+00 	 0
1.750000 	 0.000000e+00 0.000000e+00 0.000000e+00 	 0.000000e+00 0.000000e+00 0.000000e+00 	 0.000000e+00 0.000000e+00 0.000000e+00 	 0
2.250000 	 0.000000e+00 0.000000e+00 0.000000e+00 	 0.000000e+00 0.000000e+00 0.000000e+00 	 0.000000e+00 0.000000e+00 0.000000e+00 	 0
2.750000 	 0.000000e+00 0.000000e+00 0.000000e+00 	 0.000000e+00 0.000000e+00 0.000000e+00 	 0.000000e+00 0.000000e+00 0.000000e+00 	 0
3.250000 	 3.679545e-06 1.691640e-05 -2.829090e-06 	 -1.337993e-05 5.373681e-06 -1.839130e-06 	 -9.700383e-06 2.229008e-05 -4.668220e-06 	 41
3.750000 	 9.556777e-06 -5.645162e-06 1.533786e-06 	 1.286784e-05 -7.721962e-07 -3.843510e-07 	 2.242462e-05 -6.417358e-06 1.149435e-06 	 600
4.250000 	 5.575770e-06 2.424870e-06 1.004594e-06 	 -9.829354e-06 -8.486798e-07 -1.075697e-06 	 -4.253583e-06 1.576191e-06 -7.110345e-08 	 908
4.750000 	 -1.134901e-05 -4.161103e-06 -6.997835e-06 	 1.880910e-06 1.588447e-06 3.256849e-06 	 -9.468095e-06 -2.572656e-06 -3.740985e-06 	 889
5.250000 	 -1.554884e-05 4.841215e-06 3.470608e-06 	 2.322945e-06 -1.635219e-06 9.738363e-07 	 -1.322590e-05 3.205996e-06 4.444444e-06 	 895
5.750000 	 -5.489214e-06 -4.162686e-06 -3.900865e-08 	 -3.402927e-06 2.727873e-07 -1.909406e-06 	 -8.892141e-06 -3.889898e-06 -1.948415e-06 	 932
6.250000 	 2.200323e-05 -1.687149e-06 -5.383310e-06 	 -2.653628e-06 -1.399670e-06 -1.156452e-06 	 1.934960e-05 -3.086819e-06 -6.539762e-06 	 879
6.750000 	 2.675165e-05 -1.815377e-06 4.319385e-06 	 2.514990e-06 6.732990e-07 6.018253e-07 	 2.926664e-05 -1.142078e-06 4.921210e-06 	 905
7.250000 	 7.237143e-06 4.542416e-06 -1.071592e-06 	 -6.940703e-06 -1.155693e-06 -1.861893e-06 	 2.964399e-07 3.386723e-06 -2.933485e-06 	 868
7.750000 	 7.217706e-06 -4.057613e-06 4.397806e-06 	 5.454896e-06 -6.518947e-08 3.211596e-07 	 1.267260e-05 -4.122802e-06 4.718965e-06 	 899
8.250000 	 -1.854560e-05 2.572821e-06 2.558544e-06 	 -6.598176e-06 8.185866e-07 -1.348682e-06 	 -2.514377e-05 3.391407e-06 1.209862e-06 	 859
8.750000 	 -1.164160e-05 -4.749850e-07 7.682964e-06 	 7.272219e-06 -2.558025e-07 -1.248923e-07 	 -4.369380e-06 -7.307875e-07 7.558072e-06 	 900
9.250000 	 -1.743621e-05 3.261848e-06 4.242410e-06 	 -1.524850e-06 4.359158e-07 -7.117294e-08 	 -1.896106e-05 3.697763e-06 4.171237e-06 	 927
9.750000 	 -4.381930e-06 7.616612e-06 2.248301e-06 	 1.350158e-06 -1.245066e-06 -1.856677e-07 	 -3.031772e-06 6.371546e-06 2.062634e-06 	 922
10.250000 	 5.436203e-06 1.696038e-07 1.784764e-06 	 -2.600640e-06 4.931769e-07 8.280204e-07 	 2.835562e-06 6.627807e-07 2.612784e-06 	 895
10.750000 	 -2.873851e-07 1.536119e-06 -6.906748e-06 	 1.502091e-07 -9.111737e-07 1.633443e-06 	 -1.371760e-07 6.249450e-07 -5.273305e-06 	 882
11.250000 	 4.541628e-06 -4.867534e-06 -3.116110e-07 	 2.911759e-06 3.349117e-07 1.158601e-06 	 7.453387e-06 -4.532623e-06 8.469901e-07 	 574
11.750000 	 -6.332536e-06 -4.723579e-06 -6.999028e-07 	 -3.782011e-06 4.346997e-06 1.541587e-06 	 -1.011455e-05 -3.765823e-07 8.416845e-07 	 44
12.250000 	 0.000000e+00 0.000000e+00 0.000000e+00 	 0.000000e+00 0.000000e+00 0.000000e+00 	 0.000000e+00 0.000000e+00 0.000000e+00 	 0
12.750000 	 0.000000e+00 0.000000e+00 0.000000e+00 	 0.000000e+00 0.000000e+00 0.000000e+00 	 0.000000e+00 0.000000e+00 0.000000e+00 	 0
13.250000 	 0.000000e+00 0.000000e+00 0.000000e+00 	 0.000000e+00 0.000000e+00 0.000000e+00 	 0.000000e+00 0.000000e+00 0.000000e+00 	 0
13.750000 	 1.314740e-12 -1.245513e-12 -6.119764e-13 	 -1.512879e-06 8.092972e-07 2.118494e-07 	 -1.512878e-06 8.092959e-07 2.118487e-07 	 1
14.250000 	 -9.073491e-06 3.139387e-07 -6.798214e-06 	 -1.138248e-06 4.592846e-08 -1.626218e-06 	 -1.021174e-05 3.598671e-07 -8.424432e-06 	 1
14.750000 	 0.000000e+00 0.000000e+00 0.000000e+00 	 0.000000e+00 0.000000e+00 0.000000e+00 	 0.000000e+00 0.000000e+00 0.000000e+00 	 0
