# 1  2-4    5-7    8-10   11     
# x  dirEF  recEF  sumEF  #Sample
0.250000 	 0.000000e+00 0.000000e+00 0.000000e+00 	 0.000000e+00 0.000000e+00 0.000000e+00 	 0.000000e+00 0.000000e+00 0.000000e+00 	 0
0.750000 	 0.000000e+00 0.000000e+00 0.000000e+00 	 0.000000e+00 0.000000e+00 0.000000e+00 	 0.000000e+00 0.000000e+00 0.000000e+00 	 0
1.250000 	 0.000000e+00 0.000000e+00 0.000000e+00 	 0.000000e+00 0.000000e+00 0.000000e+00 	 0.000000e+00 0.000000e+00 0.000000e+00 	 0
1.750000 	 0.000000e+00 0.000000e+00 0.000000e+00 	 0.000000e+00 0.000000e+00 0.000000e+00 	 0.000000e+00 0.000000e+00 0.000000e+00 	 0
2.250000 	 0.000000e+00 0.000000e+00 0.000000e+00 	 0.000000e+00 0.000000e+00 0.000000e+00 	 0.000000e+00 0.000000e+00 0.000000e+00 	 0
2.750000 	 0.000000e+00 0.000000e+00 0.000000e+00 	 0.000000e+00 0.000000e+00 0.000000e+00 	 0.000000e+00 0.000000e+00 0.000000e+00 	 0
3.250000 	 -2.096542e-05 4.242245e-06 6.562702e-06 	 -1.400444e-05 5.026894e-06 1.127639e-06 	 -3.496986e-05 9.269139e-06 7.690341e-06 	 38
3.750000 	 -8.241150e-06 -2.033770e-06 -2.986791e-06 	 -7.161282e-06 -4.066980e-06 5.573616e-06 	 -1.540243e-05 -6.100750e-06 2.586825e-06 	 548
4.250000 	 -1.085933e-05 -1.411680e-06 -3.343578e-06 	 3.235604e-06 -2.659287e-06 1.018711e-06 	 -7.623724e-06 -4.070967e-06 -2.324867e-06 	 912
4.750000 	 -9.942170e-06 2.819691e-06 -5.949532e-06 	 -6.236911e-06 1.249940e-06 -7.679653e-06 	 -1.617908e-05 4.069631e-06 -1.362919e-05 	 907
5.250000 	 1.078976e-05 5.550609e-06 -1.235334e-07 	 1.928608e-06 1.105478e-05 -2.641550e-06 	 1.271836e-05 1.660539e-05 -2.765083e-06 	 883
5.750000 	 9.360292e-06 5.288644e-07 -3.708195e-06 	 -1.316515e-06 1.834513e-06 3.345911e-06 	 8.043777e-06 2.363377e-06 -3.622840e-07 	 870
6.250000 	 6.650558e-06 -3.997101e-06 1.122835e-06 	 1.216487e-05 5.125575e-06 -1.885376e-06 	 1.881542e-05 1.128474e-06 -7.625412e-07 	 917
6.750000 	 -9.560810e-06 -7.185768e-07 4.392770e-06 	 -1.151644e-05 1.246252e-05 2.948448e-06 	 -2.107725e-05 1.174395e-05 7.341218e-06 	 917
7.250000 	 4.655497e-06 6.797839e-06 -6.326395e-07 	 1.231036e-05 2.283893e-06 9.848556e-06 	 1.696585e-05 9.081732e-06 9.215916e-06 	 909
7.750000 	 -3.704525e-06 -4.396574e-06 1.321957e-07 	 -2.008910e-05 -7.716657e-06 1.034129e-06 	 -2.379362e-05 -1.211323e-05 1.166325e-06 	 944
8.250000 	 5.586088e-06 9.378094e-06 -7.622678e-06 	 3.127097e-07 4.745543e-06 -2.945982e-06 	 5.898798e-06 1.412364e-05 -1.056866e-05 	 911
8.750000 	 1.950937e-06 1.544744e-07 -3.440642e-06 	 -1.211568e-07 -4.072210e-06 -9.714645e-07 	 1.829780e-06 -3.917736e-06 -4.412106e-06 	 888
9.250000 	 8.629835e-06 -4.025251e-06 -2.543337e-06 	 -2.045048e-06 -1.836342e-06 -4.239749e-06 	 6.584786e-06 -5.861593e-06 -6.783085e-06 	 934
9.750000 	 1.402947e-05 -3.701768e-06 -3.293817e-07 	 1.998939e-05 -2.946640e-06 -7.717364e-06 	 3.401885e-05 -6.648408e-06 -8.046745e-06 	 911
10.250000 	 2.225275e-05 4.863711e-06 2.286423e-06 	 -1.976715e-06 1.310185e-05 -1.594374e-07 	 2.027603e-05 1.796557e-05 2.126985e-06 	 902
10.750000 	 3.273727e-06 -2.335822e-06 2.677908e-06 	 -1.664791e-05 8.780646e-06 -2.586434e-06 	 -1.337419e-05 6.444824e-06 9.147339e-08 	 878
11.250000 	 -1.534048e-05 1.419185e-06 3.333088e-07 	 6.363866e-06 -1.078321e-05 5.025139e-06 	 -8.976615e-06 -9.364021e-06 5.358448e-06 	 518
11.750000 	 -6.627712e-06 -1.031067e-05 -1.259183e-05 	 -5.887732e-06 6.683308e-06 -1.963288e-05 	 -1.251544e-05 -3.627363e-06 -3.222471e-05 	 36
12.250000 	 0.000000e+00 0.000000e+00 0.000000e+00 	 0.000000e+00 0.000000e+00 0.000000e+00 	 0.000000e+00 0.000000e+00 0.000000e+00 	 0
12.750000 	 0.000000e+00 0.000000e+00 0.000000e+00 	 0.000000e+00 0.000000e+00 0.000000e+00 	 0.000000e+00 0.000000e+00 0.000000e+00 	 0
13.250000 	 0.000000e+00 0.000000e+00 0.000000e+00 	 0.000000e+00 0.000000e+00 0.000000e+00 	 0.000000e+00 0.000000e+00 0.000000e+00 	 0
13.750000 	 -5.085520e-13 1.010188e-13 -4.939796e-15 	 1.440766e-05 -2.973011e-05 7.488083e-05 	 1.440765e-05 -2.973011e-05 7.488083e-05 	 1
14.250000 	 0.000000e+00 0.000000e+00 0.000000e+00 	 0.000000e+00 0.000000e+00 0.000000e+00 	 0.000000e+00 0.000000e+00 0.000000e+00 	 0
14.750000 	 0.000000e+00 0.000000e+00 0.000000e+00 	 0.000000e+00 0.000000e+00 0.000000e+00 	 0.000000e+00 0.000000e+00 0.000000e+00 	 0
