# 1  2-4    5-7    8-10   11     
# x  dirEF  recEF  sumEF  #Sample
0.250000 	 0.000000e+00 0.000000e+00 0.000000e+00 	 0.000000e+00 0.000000e+00 0.000000e+00 	 0.000000e+00 0.000000e+00 0.000000e+00 	 0
0.750000 	 0.000000e+00 0.000000e+00 0.000000e+00 	 0.000000e+00 0.000000e+00 0.000000e+00 	 0.000000e+00 0.000000e+00 0.000000e+00 	 0
1.250000 	 0.000000e+00 0.000000e+00 0.000000e+00 	 0.000000e+00 0.000000e+00 0.000000e+00 	 0.000000e+00 0.000000e+00 0.000000e+00 	 0
1.750000 	 0.000000e+00 0.000000e+00 0.000000e+00 	 0.000000e+00 0.000000e+00 0.000000e+00 	 0.000000e+00 0.000000e+00 0.000000e+00 	 0
2.250000 	 0.000000e+00 0.000000e+00 0.000000e+00 	 0.000000e+00 0.000000e+00 0.000000e+00 	 0.000000e+00 0.000000e+00 0.000000e+00 	 0
2.750000 	 0.000000e+00 0.000000e+00 0.000000e+00 	 0.000000e+00 0.000000e+00 0.000000e+00 	 0.000000e+00 0.000000e+00 0.000000e+00 	 0
3.250000 	 7.321567e-06 1.751578e-06 -4.093097e-06 	 -4.265793e-13 -3.696020e-14 4.661439e-14 	 7.321566e-06 1.751578e-06 -4.093097e-06 	 38
3.750000 	 1.081013e-05 -1.976395e-06 7.575631e-06 	 -7.550635e-14 9.502754e-14 -5.540157e-14 	 1.081013e-05 -1.976394e-06 7.575631e-06 	 586
4.250000 	 -1.043755e-05 -1.498273e-06 4.438368e-06 	 -1.068874e-13 -1.727240e-14 7.947102e-14 	 -1.043755e-05 -1.498273e-06 4.438368e-06 	 882
4.750000 	 -1.042253e-05 2.289632e-06 3.617628e-06 	 -5.051996e-14 1.958796e-14 -2.885783e-14 	 -1.042253e-05 2.289632e-06 3.617628e-06 	 870
5.250000 	 -2.382168e-05 6.992658e-06 -9.070793e-07 	 -4.541797e-15 5.978833e-14 1.998107e-14 	 -2.382168e-05 6.992658e-06 -9.070793e-07 	 940
5.750000 	 -1.333706e-05 4.133457e-07 4.178951e-06 	 -6.237551e-15 4.702358e-14 1.103026e-14 	 -1.333706e-05 4.133458e-07 4.178951e-06 	 942
6.250000 	 -5.604259e-06 -6.368649e-07 1.109821e-06 	 -1.472634e-14 -2.064885e-14 9.793172e-15 	 -5.604260e-06 -6.368649e-07 1.109821e-06 	 923
6.750000 	 1.250795e-05 6.616197e-06 -2.915037e-06 	 1.075722e-15 1.453677e-14 4.020875e-14 	 1.250795e-05 6.616197e-06 -2.915037e-06 	 879
7.250000 	 1.685268e-05 -2.085896e-06 -2.437084e-06 	 -1.537966e-13 4.238083e-14 5.970732e-14 	 1.685268e-05 -2.085896e-06 -2.437084e-06 	 945
7.750000 	 2.219349e-05 6.398388e-07 1.310901e-06 	 2.015219e-13 2.601063e-14 -4.148468e-15 	 2.219349e-05 6.398388e-07 1.310901e-06 	 889
8.250000 	 4.842707e-05 -3.012280e-06 2.896443e-06 	 1.117477e-13 -1.941664e-14 5.971515e-14 	 4.842707e-05 -3.012280e-06 2.896443e-06 	 875
8.750000 	 1.119749e-05 1.763730e-06 -6.051743e-07 	 2.518365e-14 -1.420589e-14 8.569207e-15 	 1.119749e-05 1.763730e-06 -6.051743e-07 	 883
9.250000 	 -1.843660e-05 -5.049143e-07 -8.357547e-07 	 1.848016e-13 -2.810686e-14 -7.758875e-15 	 -1.843660e-05 -5.049143e-07 -8.357547e-07 	 845
9.750000 	 -1.872338e-05 -8.669504e-07 1.261108e-06 	 -2.528107e-14 -9.260376e-14 1.619024e-14 	 -1.872338e-05 -8.669505e-07 1.261108e-06 	 909
10.250000 	 -3.553223e-05 2.243957e-06 9.616362e-08 	 -9.444270e-14 -1.850986e-16 -1.179602e-14 	 -3.553223e-05 2.243957e-06 9.616361e-08 	 918
10.750000 	 -1.572781e-05 3.267961e-06 8.610531e-07 	 -1.298853e-13 -2.562872e-14 9.343832e-15 	 -1.572781e-05 3.267961e-06 8.610531e-07 	 908
11.250000 	 2.180148e-05 1.312120e-06 3.583135e-06 	 -2.754022e-14 1.290403e-14 2.941312e-14 	 2.180148e-05 1.312120e-06 3.583135e-06 	 557
11.750000 	 2.482610e-08 -4.287070e-06 1.500271e-05 	 -2.254177e-13 9.471182e-14 -7.664131e-14 	 2.482587e-08 -4.287069e-06 1.500271e-05 	 34
12.250000 	 0.000000e+00 0.000000e+00 0.000000e+00 	 0.000000e+00 0.000000e+00 0.000000e+00 	 0.000000e+00 0.000000e+00 0.000000e+00 	 0
12.750000 	 0.000000e+00 0.000000e+00 0.000000e+00 	 0.000000e+00 0.000000e+00 0.000000e+00 	 0.000000e+00 0.000000e+00 0.000000e+00 	 0
13.250000 	 -1.967325e-09 -1.086264e-09 4.418802e-10 	 -1.326050e-12 1.249001e-13 5.209722e-14 	 -1.968651e-09 -1.086139e-09 4.419323e-10 	 1
13.750000 	 0.000000e+00 0.000000e+00 0.000000e+00 	 0.000000e+00 0.000000e+00 0.000000e+00 	 0.000000e+00 0.000000e+00 0.000000e+00 	 0
14.250000 	 0.000000e+00 0.000000e+00 0.000000e+00 	 0.000000e+00 0.000000e+00 0.000000e+00 	 0.000000e+00 0.000000e+00 0.000000e+00 	 0
14.750000 	 0.000000e+00 0.000000e+00 0.000000e+00 	 0.000000e+00 0.000000e+00 0.000000e+00 	 0.000000e+00 0.000000e+00 0.000000e+00 	 0
