# 1  2-4    5-7    8-10   11     
# x  dirEF  recEF  sumEF  #Sample
0.250000 	 0.000000e+00 0.000000e+00 0.000000e+00 	 0.000000e+00 0.000000e+00 0.000000e+00 	 0.000000e+00 0.000000e+00 0.000000e+00 	 0
0.750000 	 0.000000e+00 0.000000e+00 0.000000e+00 	 0.000000e+00 0.000000e+00 0.000000e+00 	 0.000000e+00 0.000000e+00 0.000000e+00 	 0
1.250000 	 0.000000e+00 0.000000e+00 0.000000e+00 	 0.000000e+00 0.000000e+00 0.000000e+00 	 0.000000e+00 0.000000e+00 0.000000e+00 	 0
1.750000 	 0.000000e+00 0.000000e+00 0.000000e+00 	 0.000000e+00 0.000000e+00 0.000000e+00 	 0.000000e+00 0.000000e+00 0.000000e+00 	 0
2.250000 	 0.000000e+00 0.000000e+00 0.000000e+00 	 0.000000e+00 0.000000e+00 0.000000e+00 	 0.000000e+00 0.000000e+00 0.000000e+00 	 0
2.750000 	 0.000000e+00 0.000000e+00 0.000000e+00 	 0.000000e+00 0.000000e+00 0.000000e+00 	 0.000000e+00 0.000000e+00 0.000000e+00 	 0
3.250000 	 -5.587528e-06 1.678233e-06 -1.610647e-05 	 1.380988e-05 -5.993337e-06 -1.817722e-05 	 8.222357e-06 -4.315104e-06 -3.428369e-05 	 36
3.750000 	 -1.477313e-05 5.514641e-07 -4.284437e-06 	 2.454773e-06 -1.362493e-06 1.037486e-06 	 -1.231836e-05 -8.110290e-07 -3.246951e-06 	 539
4.250000 	 -5.634121e-06 -9.130495e-08 1.769287e-06 	 1.018263e-05 4.501246e-06 -3.769546e-06 	 4.548506e-06 4.409941e-06 -2.000260e-06 	 844
4.750000 	 -2.147473e-05 -1.385160e-06 2.558625e-06 	 5.420870e-06 -2.353743e-06 2.421315e-06 	 -1.605386e-05 -3.738903e-06 4.979940e-06 	 939
5.250000 	 -8.152395e-06 1.518190e-06 7.654791e-07 	 -3.628074e-06 8.434146e-06 -1.003958e-05 	 -1.178047e-05 9.952336e-06 -9.274098e-06 	 887
5.750000 	 1.701330e-05 -4.716804e-07 -5.024775e-07 	 -2.562126e-06 4.342649e-07 4.240614e-06 	 1.445117e-05 -3.741547e-08 3.738136e-06 	 911
6.250000 	 -1.574139e-06 -3.207004e-06 -2.757600e-06 	 3.566097e-06 3.584984e-06 -3.544706e-06 	 1.991957e-06 3.779805e-07 -6.302306e-06 	 909
6.750000 	 3.164044e-06 -3.434918e-06 7.884076e-06 	 1.759312e-06 -1.584883e-06 -3.712654e-06 	 4.923356e-06 -5.019801e-06 4.171422e-06 	 887
7.250000 	 -3.315527e-06 -2.578247e-07 -9.234746e-09 	 -7.633437e-07 9.143526e-07 -3.063682e-06 	 -4.078870e-06 6.565279e-07 -3.072917e-06 	 929
7.750000 	 -7.344121e-06 1.657299e-07 -2.809880e-06 	 5.444827e-06 2.258128e-06 -1.801898e-06 	 -1.899295e-06 2.423858e-06 -4.611778e-06 	 906
8.250000 	 1.877844e-05 -1.785159e-06 -1.725605e-06 	 -2.704147e-06 2.871489e-06 -4.022946e-06 	 1.607429e-05 1.086329e-06 -5.748551e-06 	 868
8.750000 	 1.026321e-05 3.165624e-06 -4.666468e-06 	 1.445069e-05 -7.441577e-06 2.903776e-06 	 2.471391e-05 -4.275953e-06 -1.762693e-06 	 926
9.250000 	 -1.544669e-05 2.130700e-06 -6.147253e-07 	 -4.749355e-06 7.021265e-06 7.453220e-06 	 -2.019605e-05 9.151966e-06 6.838495e-06 	 924
9.750000 	 -4.090291e-06 -9.600614e-08 -1.639413e-06 	 -1.538441e-05 7.786181e-06 4.497665e-06 	 -1.947471e-05 7.690175e-06 2.858251e-06 	 916
10.250000 	 -1.173486e-05 3.520558e-06 -8.238585e-07 	 -2.608612e-06 -4.462491e-06 2.250301e-06 	 -1.434347e-05 -9.419332e-07 1.426442e-06 	 892
10.750000 	 -4.557562e-06 2.557894e-06 -5.913747e-07 	 -2.436985e-06 9.562525e-06 -3.714864e-06 	 -6.994548e-06 1.212042e-05 -4.306239e-06 	 896
11.250000 	 4.144491e-06 -4.288411e-06 -4.088116e-06 	 -7.664394e-06 4.450070e-07 -1.849046e-07 	 -3.519904e-06 -3.843404e-06 -4.273021e-06 	 575
11.750000 	 1.390393e-05 -1.034498e-05 1.118137e-05 	 -1.016176e-05 2.625593e-05 -2.674509e-06 	 3.742163e-06 1.591095e-05 8.506860e-06 	 40
12.250000 	 0.000000e+00 0.000000e+00 0.000000e+00 	 0.000000e+00 0.000000e+00 0.000000e+00 	 0.000000e+00 0.000000e+00 0.000000e+00 	 0
12.750000 	 0.000000e+00 0.000000e+00 0.000000e+00 	 0.000000e+00 0.000000e+00 0.000000e+00 	 0.000000e+00 0.000000e+00 0.000000e+00 	 0
13.250000 	 0.000000e+00 0.000000e+00 0.000000e+00 	 0.000000e+00 0.000000e+00 0.000000e+00 	 0.000000e+00 0.000000e+00 0.000000e+00 	 0
13.750000 	 0.000000e+00 0.000000e+00 0.000000e+00 	 0.000000e+00 0.000000e+00 0.000000e+00 	 0.000000e+00 0.000000e+00 0.000000e+00 	 0
14.250000 	 0.000000e+00 0.000000e+00 0.000000e+00 	 0.000000e+00 0.000000e+00 0.000000e+00 	 0.000000e+00 0.000000e+00 0.000000e+00 	 0
14.750000 	 0.000000e+00 0.000000e+00 0.000000e+00 	 0.000000e+00 0.000000e+00 0.000000e+00 	 0.000000e+00 0.000000e+00 0.000000e+00 	 0
