# 1  2-4    5-7    8-10   11     
# x  dirEF  recEF  sumEF  #Sample
0.250000 	 0.000000e+00 0.000000e+00 0.000000e+00 	 0.000000e+00 0.000000e+00 0.000000e+00 	 0.000000e+00 0.000000e+00 0.000000e+00 	 0
0.750000 	 0.000000e+00 0.000000e+00 0.000000e+00 	 0.000000e+00 0.000000e+00 0.000000e+00 	 0.000000e+00 0.000000e+00 0.000000e+00 	 0
1.250000 	 0.000000e+00 0.000000e+00 0.000000e+00 	 0.000000e+00 0.000000e+00 0.000000e+00 	 0.000000e+00 0.000000e+00 0.000000e+00 	 0
1.750000 	 0.000000e+00 0.000000e+00 0.000000e+00 	 0.000000e+00 0.000000e+00 0.000000e+00 	 0.000000e+00 0.000000e+00 0.000000e+00 	 0
2.250000 	 0.000000e+00 0.000000e+00 0.000000e+00 	 0.000000e+00 0.000000e+00 0.000000e+00 	 0.000000e+00 0.000000e+00 0.000000e+00 	 0
2.750000 	 5.424798e-06 -5.045177e-05 6.717818e-05 	 -2.300967e-05 4.664892e-05 6.362585e-05 	 -1.758488e-05 -3.802845e-06 1.308040e-04 	 1
3.250000 	 -4.880534e-06 -2.215500e-05 -5.544499e-06 	 -5.276762e-06 -1.994078e-05 2.886996e-05 	 -1.015730e-05 -4.209578e-05 2.332546e-05 	 32
3.750000 	 1.552581e-06 3.778480e-06 6.183676e-06 	 9.910126e-07 2.011959e-06 3.415569e-06 	 2.543593e-06 5.790438e-06 9.599244e-06 	 596
4.250000 	 8.905318e-06 7.698119e-06 -2.544413e-07 	 1.757226e-06 -8.644156e-07 1.721206e-06 	 1.066254e-05 6.833704e-06 1.466765e-06 	 914
4.750000 	 2.185855e-05 -4.412667e-06 -1.139713e-06 	 -8.664034e-06 5.698504e-06 5.664726e-06 	 1.319452e-05 1.285837e-06 4.525013e-06 	 891
5.250000 	 1.944621e-05 9.420554e-06 -5.694015e-06 	 1.056598e-05 -5.660976e-06 1.522668e-06 	 3.001219e-05 3.759578e-06 -4.171347e-06 	 899
5.750000 	 2.159709e-06 -6.195110e-08 3.482865e-06 	 -1.938509e-05 -3.101044e-06 9.006979e-07 	 -1.722538e-05 -3.162995e-06 4.383563e-06 	 849
6.250000 	 -2.347112e-05 7.369281e-07 2.014367e-06 	 3.789536e-07 9.466860e-09 8.621271e-06 	 -2.309217e-05 7.463950e-07 1.063564e-05 	 899
6.750000 	 -2.879215e-06 7.353916e-06 1.249758e-06 	 -3.595267e-06 -5.873359e-06 9.004196e-07 	 -6.474482e-06 1.480557e-06 2.150178e-06 	 895
7.250000 	 2.514051e-06 -4.272557e-06 2.675779e-06 	 -8.846836e-06 -5.178514e-06 4.942107e-06 	 -6.332784e-06 -9.451071e-06 7.617886e-06 	 920
7.750000 	 1.820094e-05 4.013894e-06 3.326974e-06 	 4.660826e-06 2.652573e-06 -6.225815e-06 	 2.286176e-05 6.666467e-06 -2.898842e-06 	 901
8.250000 	 -4.670076e-07 5.622577e-07 -8.209662e-07 	 -1.049081e-05 8.567331e-07 -5.096096e-06 	 -1.095782e-05 1.418991e-06 -5.917063e-06 	 885
8.750000 	 -1.915752e-05 -3.128586e-06 9.894832e-08 	 1.070079e-05 1.894642e-07 4.386144e-06 	 -8.456730e-06 -2.939121e-06 4.485092e-06 	 884
9.250000 	 -3.839848e-05 4.888898e-06 -4.416198e-06 	 -2.647925e-06 -1.468658e-06 -3.475345e-06 	 -4.104641e-05 3.420240e-06 -7.891543e-06 	 917
9.750000 	 -1.326345e-05 1.891846e-06 1.465121e-06 	 -1.139523e-05 -4.388982e-08 -2.222710e-06 	 -2.465868e-05 1.847956e-06 -7.575896e-07 	 906
10.250000 	 1.364578e-05 3.368705e-06 2.923050e-06 	 -1.139790e-05 1.893244e-06 2.832638e-06 	 2.247883e-06 5.261949e-06 5.755688e-06 	 920
10.750000 	 1.599627e-05 -3.850517e-06 -8.003828e-07 	 1.443477e-05 -5.194527e-06 -5.854868e-06 	 3.043104e-05 -9.045045e-06 -6.655250e-06 	 916
11.250000 	 1.013175e-05 -5.152494e-07 5.995601e-06 	 -1.346960e-05 4.340413e-06 -4.214899e-06 	 -3.337853e-06 3.825164e-06 1.780702e-06 	 552
11.750000 	 5.754055e-05 -6.235677e-06 -2.130035e-05 	 4.706376e-05 -1.495331e-05 3.655632e-06 	 1.046043e-04 -2.118899e-05 -1.764472e-05 	 47
12.250000 	 0.000000e+00 0.000000e+00 0.000000e+00 	 0.000000e+00 0.000000e+00 0.000000e+00 	 0.000000e+00 0.000000e+00 0.000000e+00 	 0
12.750000 	 0.000000e+00 0.000000e+00 0.000000e+00 	 0.000000e+00 0.000000e+00 0.000000e+00 	 0.000000e+00 0.000000e+00 0.000000e+00 	 0
13.250000 	 0.000000e+00 0.000000e+00 0.000000e+00 	 0.000000e+00 0.000000e+00 0.000000e+00 	 0.000000e+00 0.000000e+00 0.000000e+00 	 0
13.750000 	 0.000000e+00 0.000000e+00 0.000000e+00 	 0.000000e+00 0.000000e+00 0.000000e+00 	 0.000000e+00 0.000000e+00 0.000000e+00 	 0
14.250000 	 0.000000e+00 0.000000e+00 0.000000e+00 	 0.000000e+00 0.000000e+00 0.000000e+00 	 0.000000e+00 0.000000e+00 0.000000e+00 	 0
14.750000 	 0.000000e+00 0.000000e+00 0.000000e+00 	 0.000000e+00 0.000000e+00 0.000000e+00 	 0.000000e+00 0.000000e+00 0.000000e+00 	 0
