# 1  2-4    5-7    8-10   11     
# x  dirEF  recEF  sumEF  #Sample
0.250000 	 0.000000e+00 0.000000e+00 0.000000e+00 	 0.000000e+00 0.000000e+00 0.000000e+00 	 0.000000e+00 0.000000e+00 0.000000e+00 	 0
0.750000 	 0.000000e+00 0.000000e+00 0.000000e+00 	 0.000000e+00 0.000000e+00 0.000000e+00 	 0.000000e+00 0.000000e+00 0.000000e+00 	 0
1.250000 	 0.000000e+00 0.000000e+00 0.000000e+00 	 0.000000e+00 0.000000e+00 0.000000e+00 	 0.000000e+00 0.000000e+00 0.000000e+00 	 0
1.750000 	 0.000000e+00 0.000000e+00 0.000000e+00 	 0.000000e+00 0.000000e+00 0.000000e+00 	 0.000000e+00 0.000000e+00 0.000000e+00 	 0
2.250000 	 0.000000e+00 0.000000e+00 0.000000e+00 	 0.000000e+00 0.000000e+00 0.000000e+00 	 0.000000e+00 0.000000e+00 0.000000e+00 	 0
2.750000 	 0.000000e+00 0.000000e+00 0.000000e+00 	 0.000000e+00 0.000000e+00 0.000000e+00 	 0.000000e+00 0.000000e+00 0.000000e+00 	 0
3.250000 	 1.609650e-05 -1.059042e-06 6.371450e-06 	 -1.173369e-05 -1.631869e-05 9.363432e-06 	 4.362815e-06 -1.737773e-05 1.573488e-05 	 37
3.750000 	 -3.176167e-06 -1.622222e-06 2.037341e-06 	 -8.362043e-06 1.196734e-06 1.122862e-06 	 -1.153821e-05 -4.254872e-07 3.160203e-06 	 559
4.250000 	 -4.970312e-06 4.466848e-06 -1.665551e-06 	 6.459122e-06 6.366015e-06 8.266469e-06 	 1.488810e-06 1.083286e-05 6.600919e-06 	 933
4.750000 	 6.948185e-06 1.341419e-07 4.734974e-07 	 6.432780e-06 -2.768428e-07 1.734975e-06 	 1.338097e-05 -1.427008e-07 2.208472e-06 	 889
5.250000 	 1.248481e-05 2.817348e-06 1.374787e-06 	 -1.945914e-06 3.270176e-07 -6.097054e-06 	 1.053890e-05 3.144365e-06 -4.722268e-06 	 906
5.750000 	 -6.124048e-06 4.647478e-06 -4.583851e-06 	 9.940598e-06 -2.405622e-06 7.926581e-06 	 3.816550e-06 2.241856e-06 3.342731e-06 	 883
6.250000 	 -3.572163e-06 4.630550e-06 -4.249183e-06 	 -2.469584e-05 -9.697451e-06 -5.504214e-06 	 -2.826800e-05 -5.066901e-06 -9.753397e-06 	 864
6.750000 	 -9.812779e-06 2.131292e-06 -4.620200e-06 	 5.843083e-06 7.658014e-06 2.235276e-06 	 -3.969696e-06 9.789306e-06 -2.384924e-06 	 953
7.250000 	 2.086500e-06 1.563565e-06 2.867558e-06 	 -1.409228e-06 2.494155e-06 -1.498975e-06 	 6.772720e-07 4.057720e-06 1.368583e-06 	 898
7.750000 	 9.673009e-06 -6.623036e-07 1.291903e-06 	 -1.997387e-05 8.727005e-06 -1.121050e-06 	 -1.030086e-05 8.064702e-06 1.708529e-07 	 897
8.250000 	 -9.466538e-06 2.277354e-06 -1.285055e-06 	 3.152775e-06 8.129569e-07 -6.223527e-06 	 -6.313763e-06 3.090311e-06 -7.508581e-06 	 887
8.750000 	 -1.326010e-05 1.944397e-06 7.365853e-06 	 1.978956e-05 3.146093e-06 6.406684e-06 	 6.529461e-06 5.090490e-06 1.377254e-05 	 950
9.250000 	 4.065084e-06 -5.359352e-06 2.568163e-06 	 -9.852753e-06 9.165112e-07 1.123223e-05 	 -5.787669e-06 -4.442841e-06 1.380040e-05 	 943
9.750000 	 2.018639e-05 1.818440e-06 -1.719746e-06 	 4.793553e-07 -3.766595e-06 -2.115758e-06 	 2.066574e-05 -1.948155e-06 -3.835505e-06 	 889
10.250000 	 1.949143e-05 6.973658e-07 3.476144e-06 	 7.858309e-06 -1.654149e-06 3.642384e-06 	 2.734974e-05 -9.567833e-07 7.118528e-06 	 857
10.750000 	 1.854455e-06 -5.207434e-07 -1.862041e-06 	 -1.103974e-05 1.153533e-05 2.973800e-06 	 -9.185281e-06 1.101458e-05 1.111759e-06 	 918
11.250000 	 -5.147579e-06 7.895686e-06 1.785040e-06 	 -1.082025e-05 2.015758e-06 -1.881158e-06 	 -1.596783e-05 9.911444e-06 -9.611817e-08 	 522
11.750000 	 7.522588e-06 -1.691706e-05 1.424621e-05 	 -1.831854e-05 -3.140301e-06 1.801060e-05 	 -1.079595e-05 -2.005736e-05 3.225681e-05 	 39
12.250000 	 0.000000e+00 0.000000e+00 0.000000e+00 	 0.000000e+00 0.000000e+00 0.000000e+00 	 0.000000e+00 0.000000e+00 0.000000e+00 	 0
12.750000 	 0.000000e+00 0.000000e+00 0.000000e+00 	 0.000000e+00 0.000000e+00 0.000000e+00 	 0.000000e+00 0.000000e+00 0.000000e+00 	 0
13.250000 	 0.000000e+00 0.000000e+00 0.000000e+00 	 0.000000e+00 0.000000e+00 0.000000e+00 	 0.000000e+00 0.000000e+00 0.000000e+00 	 0
13.750000 	 0.000000e+00 0.000000e+00 0.000000e+00 	 0.000000e+00 0.000000e+00 0.000000e+00 	 0.000000e+00 0.000000e+00 0.000000e+00 	 0
14.250000 	 0.000000e+00 0.000000e+00 0.000000e+00 	 0.000000e+00 0.000000e+00 0.000000e+00 	 0.000000e+00 0.000000e+00 0.000000e+00 	 0
14.750000 	 0.000000e+00 0.000000e+00 0.000000e+00 	 0.000000e+00 0.000000e+00 0.000000e+00 	 0.000000e+00 0.000000e+00 0.000000e+00 	 0
