# 1  2-4    5-7    8-10   11     
# x  dirEF  recEF  sumEF  #Sample
0.250000 	 0.000000e+00 0.000000e+00 0.000000e+00 	 0.000000e+00 0.000000e+00 0.000000e+00 	 0.000000e+00 0.000000e+00 0.000000e+00 	 0
0.750000 	 0.000000e+00 0.000000e+00 0.000000e+00 	 0.000000e+00 0.000000e+00 0.000000e+00 	 0.000000e+00 0.000000e+00 0.000000e+00 	 0
1.250000 	 0.000000e+00 0.000000e+00 0.000000e+00 	 0.000000e+00 0.000000e+00 0.000000e+00 	 0.000000e+00 0.000000e+00 0.000000e+00 	 0
1.750000 	 0.000000e+00 0.000000e+00 0.000000e+00 	 0.000000e+00 0.000000e+00 0.000000e+00 	 0.000000e+00 0.000000e+00 0.000000e+00 	 0
2.250000 	 0.000000e+00 0.000000e+00 0.000000e+00 	 0.000000e+00 0.000000e+00 0.000000e+00 	 0.000000e+00 0.000000e+00 0.000000e+00 	 0
2.750000 	 0.000000e+00 0.000000e+00 0.000000e+00 	 0.000000e+00 0.000000e+00 0.000000e+00 	 0.000000e+00 0.000000e+00 0.000000e+00 	 0
3.250000 	 -1.044255e-05 -1.148647e-05 -5.399599e-06 	 3.778325e-13 -1.521595e-13 -4.325047e-14 	 -1.044255e-05 -1.148647e-05 -5.399599e-06 	 40
3.750000 	 3.706347e-06 -1.289776e-07 2.512164e-07 	 -1.365539e-13 8.628663e-15 -8.745968e-15 	 3.706346e-06 -1.289776e-07 2.512164e-07 	 560
4.250000 	 -4.365813e-06 -6.665108e-07 -4.640585e-06 	 9.018156e-14 -1.307248e-14 4.606455e-14 	 -4.365813e-06 -6.665108e-07 -4.640585e-06 	 916
4.750000 	 1.271987e-06 -7.802066e-07 2.689705e-06 	 -3.566374e-14 5.045468e-14 -1.346095e-14 	 1.271987e-06 -7.802066e-07 2.689705e-06 	 901
5.250000 	 -1.050362e-05 4.078722e-07 4.335695e-06 	 -2.111713e-14 -1.551290e-14 -3.880000e-14 	 -1.050362e-05 4.078721e-07 4.335695e-06 	 894
5.750000 	 -2.138344e-05 -6.680148e-07 -8.925187e-07 	 -8.259671e-14 -2.514210e-14 5.963232e-14 	 -2.138344e-05 -6.680148e-07 -8.925187e-07 	 906
6.250000 	 -1.531521e-07 -2.067831e-06 -1.549373e-06 	 -1.246122e-14 -4.182635e-14 -5.459164e-14 	 -1.531522e-07 -2.067831e-06 -1.549373e-06 	 954
6.750000 	 2.575369e-05 -6.154137e-06 -7.115224e-07 	 5.092338e-14 3.023596e-14 -1.483597e-14 	 2.575369e-05 -6.154137e-06 -7.115224e-07 	 931
7.250000 	 1.780999e-05 -2.418287e-06 6.435896e-08 	 6.317327e-14 2.387628e-14 -2.460871e-14 	 1.780999e-05 -2.418287e-06 6.435893e-08 	 901
7.750000 	 2.619888e-05 4.861037e-06 2.054050e-06 	 -9.779087e-15 2.375015e-14 -1.048958e-13 	 2.619888e-05 4.861037e-06 2.054050e-06 	 873
8.250000 	 1.844606e-05 -3.217110e-07 -2.405743e-06 	 2.160657e-14 -2.786873e-14 1.012621e-13 	 1.844606e-05 -3.217111e-07 -2.405743e-06 	 944
8.750000 	 1.306914e-05 6.300896e-07 -8.669788e-07 	 5.482616e-14 4.163910e-14 -1.986837e-14 	 1.306914e-05 6.300896e-07 -8.669788e-07 	 861
9.250000 	 8.964365e-06 2.512295e-06 5.012706e-06 	 1.103719e-13 -9.755679e-15 -5.088231e-15 	 8.964365e-06 2.512295e-06 5.012706e-06 	 841
9.750000 	 -1.458674e-06 7.281919e-06 -2.773091e-06 	 -7.606562e-14 -9.243168e-15 8.635463e-14 	 -1.458674e-06 7.281919e-06 -2.773090e-06 	 910
10.250000 	 -1.489663e-05 -4.822764e-06 -8.709015e-06 	 -6.637132e-14 3.745474e-14 -9.947282e-14 	 -1.489663e-05 -4.822764e-06 -8.709015e-06 	 875
10.750000 	 -7.716073e-06 -2.732037e-06 2.421137e-06 	 -1.788428e-14 2.631122e-14 3.234919e-14 	 -7.716073e-06 -2.732037e-06 2.421137e-06 	 900
11.250000 	 -1.301783e-05 -3.543123e-06 -1.349710e-06 	 6.200031e-14 2.454493e-14 -3.910990e-14 	 -1.301783e-05 -3.543123e-06 -1.349710e-06 	 586
11.750000 	 -6.793317e-06 -1.870896e-06 1.828502e-05 	 -5.207483e-14 1.312328e-13 2.296819e-13 	 -6.793317e-06 -1.870896e-06 1.828502e-05 	 31
12.250000 	 0.000000e+00 0.000000e+00 0.000000e+00 	 0.000000e+00 0.000000e+00 0.000000e+00 	 0.000000e+00 0.000000e+00 0.000000e+00 	 0
12.750000 	 0.000000e+00 0.000000e+00 0.000000e+00 	 0.000000e+00 0.000000e+00 0.000000e+00 	 0.000000e+00 0.000000e+00 0.000000e+00 	 0
13.250000 	 0.000000e+00 0.000000e+00 0.000000e+00 	 0.000000e+00 0.000000e+00 0.000000e+00 	 0.000000e+00 0.000000e+00 0.000000e+00 	 0
13.750000 	 0.000000e+00 0.000000e+00 0.000000e+00 	 0.000000e+00 0.000000e+00 0.000000e+00 	 0.000000e+00 0.000000e+00 0.000000e+00 	 0
14.250000 	 0.000000e+00 0.000000e+00 0.000000e+00 	 0.000000e+00 0.000000e+00 0.000000e+00 	 0.000000e+00 0.000000e+00 0.000000e+00 	 0
14.750000 	 0.000000e+00 0.000000e+00 0.000000e+00 	 0.000000e+00 0.000000e+00 0.000000e+00 	 0.000000e+00 0.000000e+00 0.000000e+00 	 0
