# 1  2-4    5-7    8-10   11     
# x  dirEF  recEF  sumEF  #Sample
0.250000 	 0.000000e+00 0.000000e+00 0.000000e+00 	 0.000000e+00 0.000000e+00 0.000000e+00 	 0.000000e+00 0.000000e+00 0.000000e+00 	 0
0.750000 	 0.000000e+00 0.000000e+00 0.000000e+00 	 0.000000e+00 0.000000e+00 0.000000e+00 	 0.000000e+00 0.000000e+00 0.000000e+00 	 0
1.250000 	 0.000000e+00 0.000000e+00 0.000000e+00 	 0.000000e+00 0.000000e+00 0.000000e+00 	 0.000000e+00 0.000000e+00 0.000000e+00 	 0
1.750000 	 0.000000e+00 0.000000e+00 0.000000e+00 	 0.000000e+00 0.000000e+00 0.000000e+00 	 0.000000e+00 0.000000e+00 0.000000e+00 	 0
2.250000 	 0.000000e+00 0.000000e+00 0.000000e+00 	 0.000000e+00 0.000000e+00 0.000000e+00 	 0.000000e+00 0.000000e+00 0.000000e+00 	 0
2.750000 	 0.000000e+00 0.000000e+00 0.000000e+00 	 0.000000e+00 0.000000e+00 0.000000e+00 	 0.000000e+00 0.000000e+00 0.000000e+00 	 0
3.250000 	 1.936927e-05 -8.031150e-06 1.446683e-05 	 -5.811697e-06 1.730795e-05 -1.411886e-05 	 1.355758e-05 9.276797e-06 3.479705e-07 	 34
3.750000 	 1.599090e-05 1.647116e-07 2.645368e-06 	 4.949174e-06 1.157619e-06 -6.010360e-07 	 2.094007e-05 1.322330e-06 2.044332e-06 	 566
4.250000 	 1.868631e-05 -1.646898e-06 -4.801740e-06 	 -2.005987e-06 -9.799541e-06 -2.543502e-06 	 1.668033e-05 -1.144644e-05 -7.345241e-06 	 868
4.750000 	 7.938513e-06 3.416982e-06 3.680469e-06 	 -1.275524e-05 -8.163116e-06 -1.177758e-06 	 -4.816730e-06 -4.746134e-06 2.502711e-06 	 900
5.250000 	 -2.755197e-05 8.941589e-07 -1.425796e-06 	 6.093647e-06 -9.255899e-07 4.526940e-06 	 -2.145832e-05 -3.143098e-08 3.101144e-06 	 880
5.750000 	 -2.966899e-05 5.007273e-07 2.462467e-06 	 4.452456e-07 -6.856675e-06 3.888808e-06 	 -2.922375e-05 -6.355948e-06 6.351275e-06 	 916
6.250000 	 -1.502833e-05 -1.236645e-06 -2.429209e-06 	 -5.334457e-06 4.476321e-07 3.014605e-07 	 -2.036279e-05 -7.890128e-07 -2.127749e-06 	 941
6.750000 	 1.700506e-05 -8.019089e-07 -1.614491e-06 	 -5.155097e-07 1.004921e-06 -2.675373e-06 	 1.648955e-05 2.030124e-07 -4.289864e-06 	 924
7.250000 	 3.666527e-05 6.101113e-06 5.381047e-06 	 -7.493078e-06 2.768974e-06 3.992613e-06 	 2.917219e-05 8.870087e-06 9.373660e-06 	 906
7.750000 	 7.457354e-06 -7.486301e-06 -2.456871e-06 	 1.606422e-05 1.167734e-06 2.504976e-06 	 2.352158e-05 -6.318566e-06 4.810460e-08 	 886
8.250000 	 -2.537477e-05 -8.154737e-07 -3.295533e-06 	 -3.605633e-07 2.643024e-06 6.628951e-06 	 -2.573533e-05 1.827550e-06 3.333418e-06 	 842
8.750000 	 -2.316992e-05 2.410789e-06 1.459575e-06 	 -1.544883e-05 2.716604e-06 7.070443e-06 	 -3.861875e-05 5.127393e-06 8.530018e-06 	 924
9.250000 	 -1.279630e-05 -4.923089e-06 -1.621504e-06 	 1.000976e-05 -4.592195e-06 -4.308708e-06 	 -2.786541e-06 -9.515284e-06 -5.930212e-06 	 933
9.750000 	 1.140534e-05 -1.091831e-06 7.527926e-06 	 -3.342819e-06 -2.416202e-06 7.585182e-06 	 8.062523e-06 -3.508034e-06 1.511311e-05 	 914
10.250000 	 2.450424e-05 1.050240e-06 -6.597038e-06 	 1.088570e-06 -2.589931e-06 -6.259026e-06 	 2.559281e-05 -1.539691e-06 -1.285606e-05 	 921
10.750000 	 1.500377e-05 -3.419325e-07 2.742886e-06 	 8.127817e-06 -2.879708e-06 -3.161236e-06 	 2.313158e-05 -3.221640e-06 -4.183496e-07 	 884
11.250000 	 -1.144381e-06 3.417411e-06 -2.636148e-06 	 8.691454e-06 -6.047363e-06 -5.859563e-06 	 7.547072e-06 -2.629952e-06 -8.495711e-06 	 550
11.750000 	 -1.188674e-05 1.774140e-05 7.258407e-06 	 3.063288e-05 1.200436e-05 9.261450e-07 	 1.874614e-05 2.974576e-05 8.184552e-06 	 35
12.250000 	 0.000000e+00 0.000000e+00 0.000000e+00 	 0.000000e+00 0.000000e+00 0.000000e+00 	 0.000000e+00 0.000000e+00 0.000000e+00 	 0
12.750000 	 0.000000e+00 0.000000e+00 0.000000e+00 	 0.000000e+00 0.000000e+00 0.000000e+00 	 0.000000e+00 0.000000e+00 0.000000e+00 	 0
13.250000 	 0.000000e+00 0.000000e+00 0.000000e+00 	 0.000000e+00 0.000000e+00 0.000000e+00 	 0.000000e+00 0.000000e+00 0.000000e+00 	 0
13.750000 	 0.000000e+00 0.000000e+00 0.000000e+00 	 0.000000e+00 0.000000e+00 0.000000e+00 	 0.000000e+00 0.000000e+00 0.000000e+00 	 0
14.250000 	 0.000000e+00 0.000000e+00 0.000000e+00 	 0.000000e+00 0.000000e+00 0.000000e+00 	 0.000000e+00 0.000000e+00 0.000000e+00 	 0
14.750000 	 0.000000e+00 0.000000e+00 0.000000e+00 	 0.000000e+00 0.000000e+00 0.000000e+00 	 0.000000e+00 0.000000e+00 0.000000e+00 	 0
