# 1  2-4    5-7    8-10   11     
# x  dirEF  recEF  sumEF  #Sample
0.250000 	 0.000000e+00 0.000000e+00 0.000000e+00 	 0.000000e+00 0.000000e+00 0.000000e+00 	 0.000000e+00 0.000000e+00 0.000000e+00 	 0
0.750000 	 0.000000e+00 0.000000e+00 0.000000e+00 	 0.000000e+00 0.000000e+00 0.000000e+00 	 0.000000e+00 0.000000e+00 0.000000e+00 	 0
1.250000 	 0.000000e+00 0.000000e+00 0.000000e+00 	 0.000000e+00 0.000000e+00 0.000000e+00 	 0.000000e+00 0.000000e+00 0.000000e+00 	 0
1.750000 	 0.000000e+00 0.000000e+00 0.000000e+00 	 0.000000e+00 0.000000e+00 0.000000e+00 	 0.000000e+00 0.000000e+00 0.000000e+00 	 0
2.250000 	 0.000000e+00 0.000000e+00 0.000000e+00 	 0.000000e+00 0.000000e+00 0.000000e+00 	 0.000000e+00 0.000000e+00 0.000000e+00 	 0
2.750000 	 0.000000e+00 0.000000e+00 0.000000e+00 	 0.000000e+00 0.000000e+00 0.000000e+00 	 0.000000e+00 0.000000e+00 0.000000e+00 	 0
3.250000 	 -1.005952e-05 8.617568e-06 -4.658642e-06 	 -5.211526e-06 -1.411057e-07 -2.159636e-06 	 -1.527105e-05 8.476462e-06 -6.818278e-06 	 39
3.750000 	 -9.938798e-06 5.935911e-06 -5.702945e-06 	 -2.367789e-06 3.000428e-07 6.003870e-06 	 -1.230659e-05 6.235954e-06 3.009247e-07 	 534
4.250000 	 2.203380e-05 -7.808561e-07 9.299397e-07 	 3.380146e-06 -1.871219e-06 3.748216e-07 	 2.541394e-05 -2.652075e-06 1.304761e-06 	 916
4.750000 	 1.207940e-05 -5.421601e-06 -2.569016e-06 	 -1.007413e-06 1.536689e-06 1.480503e-06 	 1.107198e-05 -3.884912e-06 -1.088513e-06 	 955
5.250000 	 1.386102e-05 5.626840e-07 4.371073e-06 	 6.563679e-06 1.785533e-06 -5.215901e-07 	 2.042470e-05 2.348217e-06 3.849483e-06 	 855
5.750000 	 -7.753888e-07 1.569531e-06 -2.336180e-06 	 -1.022064e-05 -1.587341e-07 1.160250e-07 	 -1.099603e-05 1.410796e-06 -2.220155e-06 	 900
6.250000 	 -1.261441e-05 -4.298157e-06 2.573936e-06 	 6.402257e-06 3.839727e-07 2.737381e-06 	 -6.212154e-06 -3.914185e-06 5.311317e-06 	 895
6.750000 	 7.518754e-07 4.470856e-06 1.730463e-06 	 6.402175e-07 2.120673e-06 -8.238773e-07 	 1.392093e-06 6.591529e-06 9.065856e-07 	 948
7.250000 	 1.171173e-05 -6.308538e-06 -3.388106e-06 	 -4.927543e-06 -1.386214e-06 9.092917e-07 	 6.784190e-06 -7.694752e-06 -2.478814e-06 	 889
7.750000 	 -1.065431e-06 1.511056e-06 -3.096982e-06 	 3.926857e-07 6.385160e-07 2.005084e-07 	 -6.727448e-07 2.149572e-06 -2.896474e-06 	 866
8.250000 	 -5.720402e-06 -5.664024e-07 -3.718051e-06 	 3.053782e-06 -2.739170e-06 -6.271866e-08 	 -2.666620e-06 -3.305572e-06 -3.780770e-06 	 888
8.750000 	 -2.858795e-05 5.620393e-06 3.615740e-06 	 -4.868992e-06 8.900969e-07 -2.868202e-08 	 -3.345695e-05 6.510490e-06 3.587058e-06 	 936
9.250000 	 -1.002900e-05 5.888963e-07 2.130817e-06 	 3.027228e-06 1.474030e-06 -2.498225e-06 	 -7.001772e-06 2.062926e-06 -3.674071e-07 	 878
9.750000 	 1.443762e-05 3.287822e-06 -3.224501e-06 	 -2.953888e-06 -2.376013e-06 -8.719886e-08 	 1.148373e-05 9.118092e-07 -3.311699e-06 	 942
10.250000 	 1.241849e-05 -3.153529e-06 3.092669e-06 	 6.537803e-06 1.352617e-06 7.579699e-07 	 1.895629e-05 -1.800912e-06 3.850639e-06 	 929
10.750000 	 1.440565e-05 -2.087653e-07 4.067806e-06 	 -8.354439e-06 -4.451858e-06 2.241225e-06 	 6.051208e-06 -4.660623e-06 6.309031e-06 	 878
11.250000 	 1.007471e-05 4.141634e-06 -6.506120e-06 	 9.740570e-06 1.963378e-06 2.326873e-06 	 1.981528e-05 6.105013e-06 -4.179247e-06 	 545
11.750000 	 8.100758e-06 -8.518492e-06 4.460903e-06 	 -3.666845e-06 -4.874957e-06 -1.554082e-06 	 4.433913e-06 -1.339345e-05 2.906821e-06 	 30
12.250000 	 0.000000e+00 0.000000e+00 0.000000e+00 	 0.000000e+00 0.000000e+00 0.000000e+00 	 0.000000e+00 0.000000e+00 0.000000e+00 	 0
12.750000 	 0.000000e+00 0.000000e+00 0.000000e+00 	 0.000000e+00 0.000000e+00 0.000000e+00 	 0.000000e+00 0.000000e+00 0.000000e+00 	 0
13.250000 	 1.675548e-07 8.931967e-08 6.350940e-08 	 -1.406489e-06 -2.062651e-07 -1.607547e-06 	 -1.238934e-06 -1.169454e-07 -1.544038e-06 	 1
13.750000 	 0.000000e+00 0.000000e+00 0.000000e+00 	 0.000000e+00 0.000000e+00 0.000000e+00 	 0.000000e+00 0.000000e+00 0.000000e+00 	 0
14.250000 	 0.000000e+00 0.000000e+00 0.000000e+00 	 0.000000e+00 0.000000e+00 0.000000e+00 	 0.000000e+00 0.000000e+00 0.000000e+00 	 0
14.750000 	 0.000000e+00 0.000000e+00 0.000000e+00 	 0.000000e+00 0.000000e+00 0.000000e+00 	 0.000000e+00 0.000000e+00 0.000000e+00 	 0
