# 1  2-4    5-7    8-10   11     
# x  dirEF  recEF  sumEF  #Sample
0.250000 	 0.000000e+00 0.000000e+00 0.000000e+00 	 0.000000e+00 0.000000e+00 0.000000e+00 	 0.000000e+00 0.000000e+00 0.000000e+00 	 0
0.750000 	 0.000000e+00 0.000000e+00 0.000000e+00 	 0.000000e+00 0.000000e+00 0.000000e+00 	 0.000000e+00 0.000000e+00 0.000000e+00 	 0
1.250000 	 0.000000e+00 0.000000e+00 0.000000e+00 	 0.000000e+00 0.000000e+00 0.000000e+00 	 0.000000e+00 0.000000e+00 0.000000e+00 	 0
1.750000 	 7.639286e-10 9.982787e-11 -2.858840e-11 	 -3.786085e-09 2.207431e-09 1.428034e-09 	 -3.022157e-09 2.307259e-09 1.399446e-09 	 1
2.250000 	 0.000000e+00 0.000000e+00 0.000000e+00 	 0.000000e+00 0.000000e+00 0.000000e+00 	 0.000000e+00 0.000000e+00 0.000000e+00 	 0
2.750000 	 0.000000e+00 0.000000e+00 0.000000e+00 	 0.000000e+00 0.000000e+00 0.000000e+00 	 0.000000e+00 0.000000e+00 0.000000e+00 	 0
3.250000 	 -1.328114e-05 9.202292e-06 -2.806479e-05 	 8.647021e-06 3.060616e-06 8.560494e-06 	 -4.634117e-06 1.226291e-05 -1.950430e-05 	 38
3.750000 	 -5.012477e-06 -8.424017e-07 2.691990e-06 	 -2.712611e-06 1.261364e-06 -2.324030e-06 	 -7.725088e-06 4.189620e-07 3.679597e-07 	 517
4.250000 	 -2.384580e-05 -5.841819e-06 3.822329e-06 	 -5.900255e-06 1.087736e-06 3.263235e-06 	 -2.974606e-05 -4.754083e-06 7.085563e-06 	 945
4.750000 	 -1.385926e-05 6.206576e-06 -3.569675e-06 	 8.635876e-06 3.332120e-06 -2.082150e-06 	 -5.223385e-06 9.538696e-06 -5.651825e-06 	 874
5.250000 	 -4.750525e-06 -2.426620e-06 1.031706e-06 	 -4.186129e-06 2.441237e-07 1.195331e-06 	 -8.936654e-06 -2.182496e-06 2.227037e-06 	 933
5.750000 	 2.182897e-05 4.866589e-06 -7.840449e-07 	 2.677283e-06 2.259345e-06 1.027480e-06 	 2.450625e-05 7.125934e-06 2.434354e-07 	 933
6.250000 	 2.440009e-05 -3.627075e-06 -3.993691e-06 	 -3.854653e-06 2.379571e-07 -9.075507e-08 	 2.054544e-05 -3.389118e-06 -4.084446e-06 	 900
6.750000 	 4.961081e-06 8.686690e-07 1.430468e-06 	 3.584762e-06 -2.079055e-06 2.825046e-07 	 8.545843e-06 -1.210386e-06 1.712972e-06 	 890
7.250000 	 -1.409036e-05 -1.751370e-06 4.461781e-06 	 -1.119203e-06 1.243453e-06 -1.855503e-06 	 -1.520956e-05 -5.079172e-07 2.606278e-06 	 879
7.750000 	 -2.237683e-05 7.999574e-06 -4.164761e-07 	 -2.200560e-06 -1.065599e-06 -1.885151e-06 	 -2.457739e-05 6.933974e-06 -2.301627e-06 	 878
8.250000 	 -1.097571e-05 -1.131072e-05 -4.497053e-06 	 3.287265e-06 1.652208e-06 3.216918e-06 	 -7.688441e-06 -9.658507e-06 -1.280134e-06 	 943
8.750000 	 2.718885e-05 -1.115295e-06 -8.643813e-07 	 -1.490578e-06 2.352235e-06 -9.134284e-07 	 2.569827e-05 1.236940e-06 -1.777810e-06 	 906
9.250000 	 4.225124e-05 6.973045e-06 -3.672112e-06 	 4.942125e-06 -6.098956e-08 3.191283e-06 	 4.719336e-05 6.912055e-06 -4.808291e-07 	 918
9.750000 	 1.195537e-05 2.359492e-06 7.555951e-07 	 -5.418460e-06 -2.478135e-07 -2.688411e-06 	 6.536906e-06 2.111678e-06 -1.932816e-06 	 909
10.250000 	 -5.405212e-06 4.589537e-07 3.842863e-06 	 8.447243e-07 1.198533e-06 1.929535e-06 	 -4.560487e-06 1.657486e-06 5.772398e-06 	 842
10.750000 	 -1.856362e-05 -2.269588e-06 9.685858e-06 	 -4.360784e-07 -7.130470e-07 -2.242668e-06 	 -1.899970e-05 -2.982635e-06 7.443191e-06 	 950
11.250000 	 -1.128026e-05 -1.219616e-05 -2.103521e-06 	 -8.790340e-08 1.882188e-06 2.169181e-06 	 -1.136816e-05 -1.031397e-05 6.566015e-08 	 535
11.750000 	 -9.092519e-07 -2.878740e-05 1.550361e-05 	 -3.646512e-06 3.738115e-07 -1.324798e-06 	 -4.555764e-06 -2.841359e-05 1.417881e-05 	 32
12.250000 	 0.000000e+00 0.000000e+00 0.000000e+00 	 0.000000e+00 0.000000e+00 0.000000e+00 	 0.000000e+00 0.000000e+00 0.000000e+00 	 0
12.750000 	 0.000000e+00 0.000000e+00 0.000000e+00 	 0.000000e+00 0.000000e+00 0.000000e+00 	 0.000000e+00 0.000000e+00 0.000000e+00 	 0
13.250000 	 0.000000e+00 0.000000e+00 0.000000e+00 	 0.000000e+00 0.000000e+00 0.000000e+00 	 0.000000e+00 0.000000e+00 0.000000e+00 	 0
13.750000 	 0.000000e+00 0.000000e+00 0.000000e+00 	 0.000000e+00 0.000000e+00 0.000000e+00 	 0.000000e+00 0.000000e+00 0.000000e+00 	 0
14.250000 	 0.000000e+00 0.000000e+00 0.000000e+00 	 0.000000e+00 0.000000e+00 0.000000e+00 	 0.000000e+00 0.000000e+00 0.000000e+00 	 0
14.750000 	 0.000000e+00 0.000000e+00 0.000000e+00 	 -6.481637e-11 5.673401e-11 3.182653e-10 	 -6.481637e-11 5.673401e-11 3.182653e-10 	 1
