# 1  2-4    5-7    8-10   11     
# x  dirEF  recEF  sumEF  #Sample
0.250000 	 0.000000e+00 0.000000e+00 0.000000e+00 	 5.553020e-10 3.003858e-11 -1.103517e-10 	 5.553020e-10 3.003858e-11 -1.103517e-10 	 1
0.750000 	 0.000000e+00 0.000000e+00 0.000000e+00 	 0.000000e+00 0.000000e+00 0.000000e+00 	 0.000000e+00 0.000000e+00 0.000000e+00 	 0
1.250000 	 0.000000e+00 0.000000e+00 0.000000e+00 	 0.000000e+00 0.000000e+00 0.000000e+00 	 0.000000e+00 0.000000e+00 0.000000e+00 	 0
1.750000 	 0.000000e+00 0.000000e+00 0.000000e+00 	 0.000000e+00 0.000000e+00 0.000000e+00 	 0.000000e+00 0.000000e+00 0.000000e+00 	 0
2.250000 	 0.000000e+00 0.000000e+00 0.000000e+00 	 0.000000e+00 0.000000e+00 0.000000e+00 	 0.000000e+00 0.000000e+00 0.000000e+00 	 0
2.750000 	 0.000000e+00 0.000000e+00 0.000000e+00 	 0.000000e+00 0.000000e+00 0.000000e+00 	 0.000000e+00 0.000000e+00 0.000000e+00 	 0
3.250000 	 -4.067651e-05 -2.045008e-06 -2.994606e-05 	 -1.832124e-06 -4.749887e-06 3.508507e-06 	 -4.250864e-05 -6.794895e-06 -2.643755e-05 	 33
3.750000 	 3.558988e-07 -7.147101e-06 2.213184e-06 	 3.052885e-06 5.594890e-07 -1.729421e-06 	 3.408784e-06 -6.587612e-06 4.837633e-07 	 520
4.250000 	 8.678559e-06 3.736015e-06 1.516679e-06 	 -9.980134e-07 -1.739293e-06 7.410060e-07 	 7.680545e-06 1.996722e-06 2.257685e-06 	 917
4.750000 	 -4.525225e-06 -4.843539e-06 1.878179e-06 	 2.590137e-06 -1.227203e-06 2.962993e-06 	 -1.935088e-06 -6.070742e-06 4.841172e-06 	 922
5.250000 	 1.401206e-05 -2.218979e-06 -4.790290e-06 	 -1.077121e-06 3.531885e-06 -3.815027e-07 	 1.293494e-05 1.312906e-06 -5.171793e-06 	 853
5.750000 	 -1.986313e-06 -2.585042e-07 5.231422e-06 	 -6.652161e-07 -2.479333e-06 1.480899e-06 	 -2.651529e-06 -2.737837e-06 6.712321e-06 	 910
6.250000 	 -7.486032e-06 9.569971e-08 1.054725e-06 	 2.722750e-06 3.900355e-07 3.059825e-06 	 -4.763282e-06 4.857352e-07 4.114550e-06 	 897
6.750000 	 2.355002e-06 -1.773602e-06 2.179983e-06 	 -1.599018e-06 2.392874e-06 7.402718e-07 	 7.559842e-07 6.192712e-07 2.920255e-06 	 933
7.250000 	 1.139355e-05 -5.553242e-06 -1.301561e-06 	 6.256241e-07 -1.376063e-06 1.517196e-06 	 1.201917e-05 -6.929305e-06 2.156352e-07 	 899
7.750000 	 2.494581e-05 1.799656e-06 -7.533955e-06 	 -4.764109e-06 2.031488e-06 3.468682e-07 	 2.018171e-05 3.831144e-06 -7.187087e-06 	 923
8.250000 	 2.876561e-06 3.342111e-06 -3.392531e-06 	 3.744035e-06 4.949634e-06 -3.865327e-08 	 6.620595e-06 8.291745e-06 -3.431184e-06 	 897
8.750000 	 -9.812869e-06 -3.962608e-06 2.044624e-06 	 -1.561444e-06 -2.621897e-06 -1.975247e-06 	 -1.137431e-05 -6.584505e-06 6.937693e-08 	 868
9.250000 	 -2.486030e-05 -2.485297e-06 -2.799736e-06 	 4.062738e-06 -1.737229e-06 3.749169e-06 	 -2.079757e-05 -4.222527e-06 9.494328e-07 	 903
9.750000 	 -1.771249e-05 -2.997521e-06 -1.215989e-06 	 -2.843514e-06 -1.987584e-07 -6.022509e-07 	 -2.055601e-05 -3.196280e-06 -1.818240e-06 	 971
10.250000 	 1.358136e-06 5.317737e-06 4.351913e-07 	 -3.079656e-06 -2.508701e-06 1.839744e-06 	 -1.721521e-06 2.809036e-06 2.274935e-06 	 935
10.750000 	 1.276790e-05 -9.051590e-06 3.955086e-06 	 1.236525e-06 -9.228888e-07 -1.850197e-06 	 1.400442e-05 -9.974479e-06 2.104889e-06 	 874
11.250000 	 1.863537e-05 1.971996e-06 3.866142e-08 	 -4.509310e-06 3.601618e-07 -1.809943e-06 	 1.412606e-05 2.332158e-06 -1.771281e-06 	 524
11.750000 	 1.626265e-05 -3.985506e-06 1.444822e-06 	 -1.384309e-05 -1.045519e-06 1.533885e-06 	 2.419559e-06 -5.031025e-06 2.978707e-06 	 43
12.250000 	 0.000000e+00 0.000000e+00 0.000000e+00 	 0.000000e+00 0.000000e+00 0.000000e+00 	 0.000000e+00 0.000000e+00 0.000000e+00 	 0
12.750000 	 0.000000e+00 0.000000e+00 0.000000e+00 	 0.000000e+00 0.000000e+00 0.000000e+00 	 0.000000e+00 0.000000e+00 0.000000e+00 	 0
13.250000 	 0.000000e+00 0.000000e+00 0.000000e+00 	 0.000000e+00 0.000000e+00 0.000000e+00 	 0.000000e+00 0.000000e+00 0.000000e+00 	 0
13.750000 	 0.000000e+00 0.000000e+00 0.000000e+00 	 0.000000e+00 0.000000e+00 0.000000e+00 	 0.000000e+00 0.000000e+00 0.000000e+00 	 0
14.250000 	 1.644985e-12 -1.634913e-11 -1.485522e-12 	 -4.889025e-10 5.801954e-10 -1.532441e-10 	 -4.872576e-10 5.638463e-10 -1.547296e-10 	 1
14.750000 	 0.000000e+00 0.000000e+00 0.000000e+00 	 0.000000e+00 0.000000e+00 0.000000e+00 	 0.000000e+00 0.000000e+00 0.000000e+00 	 0
