# 1  2-4    5-7    8-10   11     
# x  dirEF  recEF  sumEF  #Sample
0.250000 	 0.000000e+00 0.000000e+00 0.000000e+00 	 0.000000e+00 0.000000e+00 0.000000e+00 	 0.000000e+00 0.000000e+00 0.000000e+00 	 0
0.750000 	 0.000000e+00 0.000000e+00 0.000000e+00 	 0.000000e+00 0.000000e+00 0.000000e+00 	 0.000000e+00 0.000000e+00 0.000000e+00 	 0
1.250000 	 0.000000e+00 0.000000e+00 0.000000e+00 	 0.000000e+00 0.000000e+00 0.000000e+00 	 0.000000e+00 0.000000e+00 0.000000e+00 	 0
1.750000 	 0.000000e+00 0.000000e+00 0.000000e+00 	 0.000000e+00 0.000000e+00 0.000000e+00 	 0.000000e+00 0.000000e+00 0.000000e+00 	 0
2.250000 	 0.000000e+00 0.000000e+00 0.000000e+00 	 0.000000e+00 0.000000e+00 0.000000e+00 	 0.000000e+00 0.000000e+00 0.000000e+00 	 0
2.750000 	 0.000000e+00 0.000000e+00 0.000000e+00 	 0.000000e+00 0.000000e+00 0.000000e+00 	 0.000000e+00 0.000000e+00 0.000000e+00 	 0
3.250000 	 5.576723e-06 1.317091e-05 -5.996426e-07 	 2.309668e-06 2.709738e-06 -9.134073e-08 	 7.886391e-06 1.588065e-05 -6.909833e-07 	 36
3.750000 	 -9.471372e-06 -1.116347e-06 3.590473e-06 	 -5.963682e-06 1.395791e-06 1.776321e-06 	 -1.543505e-05 2.794442e-07 5.366794e-06 	 584
4.250000 	 -1.088183e-05 8.153149e-07 1.988779e-06 	 7.027745e-06 -2.683483e-06 -6.256256e-07 	 -3.854087e-06 -1.868168e-06 1.363154e-06 	 893
4.750000 	 -5.929596e-06 2.043812e-06 -6.628483e-06 	 -6.834883e-06 2.244266e-07 -1.741328e-07 	 -1.276448e-05 2.268238e-06 -6.802616e-06 	 929
5.250000 	 1.725263e-05 2.203729e-06 -6.832236e-07 	 3.978903e-06 -3.486292e-06 -6.803169e-07 	 2.123154e-05 -1.282563e-06 -1.363540e-06 	 878
5.750000 	 1.838712e-05 -2.834985e-06 -2.174535e-07 	 -1.155471e-06 2.888730e-06 7.634445e-07 	 1.723165e-05 5.374444e-08 5.459910e-07 	 890
6.250000 	 7.251676e-06 8.067366e-07 1.976153e-06 	 3.637990e-06 -5.508502e-06 -1.585641e-06 	 1.088967e-05 -4.701765e-06 3.905116e-07 	 865
6.750000 	 -1.249726e-05 -4.160899e-06 3.706415e-06 	 -2.901620e-07 -7.766206e-07 -2.723159e-06 	 -1.278742e-05 -4.937520e-06 9.832560e-07 	 898
7.250000 	 -1.741184e-05 -4.972160e-06 4.381502e-06 	 -5.430767e-06 2.716828e-07 1.598295e-06 	 -2.284261e-05 -4.700477e-06 5.979797e-06 	 918
7.750000 	 3.632837e-06 4.501189e-06 9.221988e-06 	 -8.929039e-07 3.123540e-06 7.998925e-07 	 2.739933e-06 7.624730e-06 1.002188e-05 	 923
8.250000 	 4.744648e-06 -1.474613e-07 -6.399326e-06 	 -2.037032e-07 -3.982637e-06 -2.208447e-06 	 4.540945e-06 -4.130099e-06 -8.607773e-06 	 931
8.750000 	 3.178011e-06 -4.575340e-06 -5.076800e-07 	 6.438877e-06 3.035351e-06 1.782967e-07 	 9.616887e-06 -1.539989e-06 -3.293833e-07 	 888
9.250000 	 1.719488e-06 1.465409e-06 6.458350e-06 	 5.622020e-07 9.146980e-07 -7.844779e-07 	 2.281690e-06 2.380107e-06 5.673872e-06 	 921
9.750000 	 -8.759579e-06 2.272095e-06 -7.716715e-06 	 -7.059837e-06 -8.765872e-07 -6.015418e-07 	 -1.581942e-05 1.395508e-06 -8.318256e-06 	 890
10.250000 	 -1.106786e-06 7.678487e-07 -7.139141e-08 	 1.797120e-06 1.969142e-06 2.428322e-06 	 6.903348e-07 2.736991e-06 2.356931e-06 	 894
10.750000 	 7.073827e-06 -6.734871e-07 3.291769e-06 	 6.670573e-07 3.289856e-07 1.445793e-06 	 7.740884e-06 -3.445015e-07 4.737562e-06 	 874
11.250000 	 -1.082918e-06 4.550482e-06 -2.110253e-06 	 -3.877582e-06 1.745671e-06 -5.336299e-06 	 -4.960500e-06 6.296152e-06 -7.446553e-06 	 573
11.750000 	 -1.653073e-05 5.740594e-07 -9.259870e-06 	 -4.780628e-06 -1.053458e-05 -2.183298e-06 	 -2.131136e-05 -9.960518e-06 -1.144317e-05 	 38
12.250000 	 0.000000e+00 0.000000e+00 0.000000e+00 	 0.000000e+00 0.000000e+00 0.000000e+00 	 0.000000e+00 0.000000e+00 0.000000e+00 	 0
12.750000 	 5.656887e-05 8.278578e-06 2.566241e-06 	 3.382864e-08 -1.054224e-08 2.954687e-08 	 5.660270e-05 8.268036e-06 2.595788e-06 	 1
13.250000 	 0.000000e+00 0.000000e+00 0.000000e+00 	 0.000000e+00 0.000000e+00 0.000000e+00 	 0.000000e+00 0.000000e+00 0.000000e+00 	 0
13.750000 	 0.000000e+00 0.000000e+00 0.000000e+00 	 0.000000e+00 0.000000e+00 0.000000e+00 	 0.000000e+00 0.000000e+00 0.000000e+00 	 0
14.250000 	 0.000000e+00 0.000000e+00 0.000000e+00 	 0.000000e+00 0.000000e+00 0.000000e+00 	 0.000000e+00 0.000000e+00 0.000000e+00 	 0
14.750000 	 0.000000e+00 0.000000e+00 0.000000e+00 	 0.000000e+00 0.000000e+00 0.000000e+00 	 0.000000e+00 0.000000e+00 0.000000e+00 	 0
