# 1  2-4    5-7    8-10   11     
# x  dirEF  recEF  sumEF  #Sample
0.250000 	 0.000000e+00 0.000000e+00 0.000000e+00 	 0.000000e+00 0.000000e+00 0.000000e+00 	 0.000000e+00 0.000000e+00 0.000000e+00 	 0
0.750000 	 0.000000e+00 0.000000e+00 0.000000e+00 	 0.000000e+00 0.000000e+00 0.000000e+00 	 0.000000e+00 0.000000e+00 0.000000e+00 	 0
1.250000 	 0.000000e+00 0.000000e+00 0.000000e+00 	 0.000000e+00 0.000000e+00 0.000000e+00 	 0.000000e+00 0.000000e+00 0.000000e+00 	 0
1.750000 	 0.000000e+00 0.000000e+00 0.000000e+00 	 0.000000e+00 0.000000e+00 0.000000e+00 	 0.000000e+00 0.000000e+00 0.000000e+00 	 0
2.250000 	 0.000000e+00 0.000000e+00 0.000000e+00 	 0.000000e+00 0.000000e+00 0.000000e+00 	 0.000000e+00 0.000000e+00 0.000000e+00 	 0
2.750000 	 0.000000e+00 0.000000e+00 0.000000e+00 	 0.000000e+00 0.000000e+00 0.000000e+00 	 0.000000e+00 0.000000e+00 0.000000e+00 	 0
3.250000 	 3.401179e-05 8.687522e-06 -2.954533e-06 	 5.467777e-06 -1.889153e-06 -5.613737e-06 	 3.947956e-05 6.798370e-06 -8.568270e-06 	 51
3.750000 	 9.926359e-06 -2.065500e-07 7.964008e-07 	 -4.568118e-06 5.753787e-07 9.712166e-07 	 5.358242e-06 3.688287e-07 1.767617e-06 	 538
4.250000 	 -1.454438e-06 -7.082567e-06 -8.643950e-07 	 7.941140e-06 -2.779849e-06 7.474181e-08 	 6.486702e-06 -9.862416e-06 -7.896532e-07 	 858
4.750000 	 -9.183721e-06 -2.268423e-06 5.206227e-06 	 -3.875519e-06 1.580253e-06 -5.459034e-07 	 -1.305924e-05 -6.881706e-07 4.660323e-06 	 942
5.250000 	 -1.412482e-05 4.115710e-06 -5.027035e-06 	 -8.602293e-07 -2.701122e-06 -7.230204e-07 	 -1.498505e-05 1.414588e-06 -5.750055e-06 	 881
5.750000 	 4.356531e-06 2.493116e-06 -1.492833e-06 	 2.601267e-06 -1.693546e-06 -8.313719e-07 	 6.957797e-06 7.995702e-07 -2.324205e-06 	 910
6.250000 	 2.531095e-05 -4.925028e-07 5.868209e-06 	 -4.847449e-08 1.189769e-06 8.429117e-07 	 2.526247e-05 6.972663e-07 6.711121e-06 	 924
6.750000 	 1.170162e-05 -7.715200e-06 -3.640104e-06 	 -4.688497e-06 -2.978512e-06 -1.447959e-06 	 7.013120e-06 -1.069371e-05 -5.088063e-06 	 869
7.250000 	 -3.564197e-06 5.293182e-06 -3.761778e-06 	 -2.319226e-06 3.924965e-08 -7.755431e-07 	 -5.883423e-06 5.332432e-06 -4.537321e-06 	 864
7.750000 	 -1.672826e-05 1.866830e-06 3.611174e-06 	 6.505287e-06 1.045991e-06 -2.369521e-06 	 -1.022298e-05 2.912822e-06 1.241653e-06 	 899
8.250000 	 -3.080283e-05 2.823674e-06 -6.043231e-06 	 -3.517160e-06 1.739332e-06 2.576914e-06 	 -3.431999e-05 4.563007e-06 -3.466317e-06 	 946
8.750000 	 -1.665828e-05 -1.863015e-06 6.088873e-06 	 1.301700e-06 -5.175813e-06 -2.781583e-06 	 -1.535658e-05 -7.038828e-06 3.307290e-06 	 853
9.250000 	 -1.081835e-05 -2.713942e-06 -2.396638e-06 	 -1.300230e-06 -2.542884e-06 3.617333e-06 	 -1.211858e-05 -5.256826e-06 1.220695e-06 	 926
9.750000 	 -1.255305e-05 4.201474e-06 4.284759e-06 	 3.450813e-06 4.317186e-06 -4.499043e-07 	 -9.102236e-06 8.518660e-06 3.834855e-06 	 894
10.250000 	 -2.418834e-05 -1.144771e-06 -1.984991e-06 	 -4.336918e-06 -3.153058e-06 4.703473e-07 	 -2.852526e-05 -4.297830e-06 -1.514644e-06 	 888
10.750000 	 -7.490052e-06 -3.003779e-06 -5.747226e-06 	 4.197390e-06 -3.433416e-06 -1.298612e-06 	 -3.292662e-06 -6.437196e-06 -7.045838e-06 	 920
11.250000 	 1.233351e-05 3.229931e-06 -7.525153e-07 	 8.285961e-07 4.185449e-06 1.676048e-08 	 1.316210e-05 7.415380e-06 -7.357548e-07 	 609
11.750000 	 2.269436e-05 -1.469166e-05 1.457394e-05 	 -2.668787e-06 -3.915202e-06 -4.578498e-06 	 2.002557e-05 -1.860686e-05 9.995438e-06 	 50
12.250000 	 0.000000e+00 0.000000e+00 0.000000e+00 	 0.000000e+00 0.000000e+00 0.000000e+00 	 0.000000e+00 0.000000e+00 0.000000e+00 	 0
12.750000 	 0.000000e+00 0.000000e+00 0.000000e+00 	 0.000000e+00 0.000000e+00 0.000000e+00 	 0.000000e+00 0.000000e+00 0.000000e+00 	 0
13.250000 	 2.358954e-09 -2.961388e-10 -1.033416e-10 	 -1.288444e-09 3.515409e-09 1.419998e-09 	 1.070510e-09 3.219270e-09 1.316657e-09 	 2
13.750000 	 0.000000e+00 0.000000e+00 0.000000e+00 	 0.000000e+00 0.000000e+00 0.000000e+00 	 0.000000e+00 0.000000e+00 0.000000e+00 	 0
14.250000 	 0.000000e+00 0.000000e+00 0.000000e+00 	 0.000000e+00 0.000000e+00 0.000000e+00 	 0.000000e+00 0.000000e+00 0.000000e+00 	 0
14.750000 	 0.000000e+00 0.000000e+00 0.000000e+00 	 0.000000e+00 0.000000e+00 0.000000e+00 	 0.000000e+00 0.000000e+00 0.000000e+00 	 0
