# 1  2-4    5-7    8-10   11     
# x  dirEF  recEF  sumEF  #Sample
0.250000 	 0.000000e+00 0.000000e+00 0.000000e+00 	 0.000000e+00 0.000000e+00 0.000000e+00 	 0.000000e+00 0.000000e+00 0.000000e+00 	 0
0.750000 	 0.000000e+00 0.000000e+00 0.000000e+00 	 0.000000e+00 0.000000e+00 0.000000e+00 	 0.000000e+00 0.000000e+00 0.000000e+00 	 0
1.250000 	 0.000000e+00 0.000000e+00 0.000000e+00 	 -7.341163e-05 3.139812e-05 4.225192e-05 	 -7.341163e-05 3.139812e-05 4.225192e-05 	 1
1.750000 	 0.000000e+00 0.000000e+00 0.000000e+00 	 0.000000e+00 0.000000e+00 0.000000e+00 	 0.000000e+00 0.000000e+00 0.000000e+00 	 0
2.250000 	 -1.020334e-05 2.447736e-05 4.617829e-06 	 2.197814e-05 2.923047e-05 -3.407193e-05 	 1.177480e-05 5.370783e-05 -2.945410e-05 	 2
2.750000 	 2.035497e-05 1.336571e-05 -9.752032e-05 	 -4.330205e-05 -4.878333e-05 2.192384e-05 	 -2.294708e-05 -3.541763e-05 -7.559648e-05 	 1
3.250000 	 -2.563450e-06 4.711927e-06 1.097129e-05 	 -7.606171e-06 1.039358e-05 -3.144790e-05 	 -1.016962e-05 1.510550e-05 -2.047661e-05 	 34
3.750000 	 6.892125e-06 -5.894197e-06 1.315881e-06 	 -1.269421e-05 3.384035e-06 -4.449616e-06 	 -5.802082e-06 -2.510162e-06 -3.133735e-06 	 546
4.250000 	 8.936174e-06 7.348552e-07 1.577938e-06 	 -2.700640e-06 -6.957925e-06 -9.180847e-06 	 6.235533e-06 -6.223070e-06 -7.602908e-06 	 881
4.750000 	 -7.129215e-06 -2.252195e-06 -1.242714e-06 	 -4.140596e-06 -1.301405e-06 -5.241495e-06 	 -1.126981e-05 -3.553601e-06 -6.484209e-06 	 848
5.250000 	 -1.485692e-06 1.266232e-06 -1.990959e-06 	 8.711048e-06 2.276633e-06 2.054521e-06 	 7.225356e-06 3.542865e-06 6.356180e-08 	 938
5.750000 	 -7.978643e-06 -1.192868e-06 9.948709e-06 	 -7.769187e-06 -7.847402e-07 -1.588897e-05 	 -1.574783e-05 -1.977608e-06 -5.940258e-06 	 952
6.250000 	 5.056616e-06 4.706132e-06 2.474602e-06 	 -6.430482e-06 3.454276e-06 -1.419044e-06 	 -1.373867e-06 8.160408e-06 1.055558e-06 	 890
6.750000 	 -2.781176e-07 -7.159090e-06 -7.375674e-06 	 -6.647605e-06 8.421294e-06 -2.725424e-06 	 -6.925722e-06 1.262204e-06 -1.010110e-05 	 931
7.250000 	 4.001832e-06 2.215780e-06 6.643157e-06 	 1.653265e-05 -7.036445e-06 7.349687e-06 	 2.053449e-05 -4.820665e-06 1.399284e-05 	 861
7.750000 	 -5.736461e-06 -3.708282e-06 4.769213e-06 	 4.964982e-06 -1.542582e-05 -8.193244e-06 	 -7.714785e-07 -1.913410e-05 -3.424031e-06 	 898
8.250000 	 -1.119741e-05 9.119822e-07 1.362754e-06 	 7.702411e-06 -1.999191e-06 -1.570547e-06 	 -3.495002e-06 -1.087209e-06 -2.077928e-07 	 888
8.750000 	 7.748090e-07 2.518785e-06 -1.342161e-07 	 -2.074234e-06 -2.263824e-06 -2.962644e-06 	 -1.299425e-06 2.549616e-07 -3.096861e-06 	 890
9.250000 	 4.229109e-06 -1.395570e-06 -2.140817e-06 	 -1.581092e-05 3.240274e-06 5.021508e-06 	 -1.158181e-05 1.844704e-06 2.880692e-06 	 912
9.750000 	 -1.766905e-05 9.304613e-08 -1.123975e-06 	 2.187524e-05 1.148497e-06 4.105016e-06 	 4.206186e-06 1.241543e-06 2.981041e-06 	 917
10.250000 	 -1.503020e-05 1.251291e-05 -4.853971e-07 	 -1.539612e-05 -1.147446e-05 -1.574850e-06 	 -3.042632e-05 1.038448e-06 -2.060247e-06 	 891
10.750000 	 -2.965747e-06 3.428339e-07 -1.842759e-07 	 -9.563440e-07 5.977805e-06 -3.195160e-06 	 -3.922090e-06 6.320639e-06 -3.379436e-06 	 943
11.250000 	 -1.029142e-05 -1.613368e-07 2.600879e-06 	 4.620006e-06 3.841048e-06 -5.305215e-06 	 -5.671415e-06 3.679712e-06 -2.704336e-06 	 561
11.750000 	 -1.429986e-05 -1.386028e-05 -1.728914e-05 	 -9.095730e-06 8.257007e-06 4.699545e-06 	 -2.339559e-05 -5.603276e-06 -1.258960e-05 	 39
12.250000 	 0.000000e+00 0.000000e+00 0.000000e+00 	 0.000000e+00 0.000000e+00 0.000000e+00 	 0.000000e+00 0.000000e+00 0.000000e+00 	 0
12.750000 	 0.000000e+00 0.000000e+00 0.000000e+00 	 0.000000e+00 0.000000e+00 0.000000e+00 	 0.000000e+00 0.000000e+00 0.000000e+00 	 0
13.250000 	 0.000000e+00 0.000000e+00 0.000000e+00 	 0.000000e+00 0.000000e+00 0.000000e+00 	 0.000000e+00 0.000000e+00 0.000000e+00 	 0
13.750000 	 0.000000e+00 0.000000e+00 0.000000e+00 	 0.000000e+00 0.000000e+00 0.000000e+00 	 0.000000e+00 0.000000e+00 0.000000e+00 	 0
14.250000 	 0.000000e+00 0.000000e+00 0.000000e+00 	 0.000000e+00 0.000000e+00 0.000000e+00 	 0.000000e+00 0.000000e+00 0.000000e+00 	 0
14.750000 	 0.000000e+00 0.000000e+00 0.000000e+00 	 0.000000e+00 0.000000e+00 0.000000e+00 	 0.000000e+00 0.000000e+00 0.000000e+00 	 0
