# 1  2-4    5-7    8-10   11     
# x  dirEF  recEF  sumEF  #Sample
0.250000 	 0.000000e+00 0.000000e+00 0.000000e+00 	 0.000000e+00 0.000000e+00 0.000000e+00 	 0.000000e+00 0.000000e+00 0.000000e+00 	 0
0.750000 	 0.000000e+00 0.000000e+00 0.000000e+00 	 0.000000e+00 0.000000e+00 0.000000e+00 	 0.000000e+00 0.000000e+00 0.000000e+00 	 0
1.250000 	 0.000000e+00 0.000000e+00 0.000000e+00 	 -6.775180e-10 4.243772e-11 3.239942e-11 	 -6.775180e-10 4.243772e-11 3.239942e-11 	 1
1.750000 	 0.000000e+00 0.000000e+00 0.000000e+00 	 0.000000e+00 0.000000e+00 0.000000e+00 	 0.000000e+00 0.000000e+00 0.000000e+00 	 0
2.250000 	 0.000000e+00 0.000000e+00 0.000000e+00 	 0.000000e+00 0.000000e+00 0.000000e+00 	 0.000000e+00 0.000000e+00 0.000000e+00 	 0
2.750000 	 0.000000e+00 0.000000e+00 0.000000e+00 	 0.000000e+00 0.000000e+00 0.000000e+00 	 0.000000e+00 0.000000e+00 0.000000e+00 	 0
3.250000 	 -5.931791e-06 -3.275633e-06 -5.311682e-06 	 -3.070260e-06 4.413467e-06 -1.226057e-05 	 -9.002051e-06 1.137833e-06 -1.757225e-05 	 46
3.750000 	 5.931856e-06 3.828375e-06 4.053387e-06 	 3.816388e-06 -1.963416e-06 2.502545e-06 	 9.748244e-06 1.864959e-06 6.555932e-06 	 571
4.250000 	 1.345936e-05 1.169000e-06 -1.555048e-06 	 -5.197124e-06 1.759577e-06 4.892181e-06 	 8.262234e-06 2.928577e-06 3.337134e-06 	 916
4.750000 	 1.025799e-05 2.091454e-06 -1.147168e-06 	 -3.840495e-06 -3.098353e-06 -1.627699e-06 	 6.417492e-06 -1.006900e-06 -2.774867e-06 	 876
5.250000 	 2.700088e-06 -3.175212e-06 -6.896144e-06 	 7.859729e-06 1.559582e-07 3.973374e-07 	 1.055982e-05 -3.019253e-06 -6.498806e-06 	 887
5.750000 	 -7.186478e-06 -5.073062e-08 4.817083e-07 	 -3.841177e-06 -1.764286e-06 2.699281e-07 	 -1.102766e-05 -1.815016e-06 7.516363e-07 	 895
6.250000 	 -1.754100e-05 6.143371e-06 3.831810e-07 	 9.448387e-07 -2.222909e-06 -1.628033e-06 	 -1.659616e-05 3.920462e-06 -1.244852e-06 	 927
6.750000 	 -1.044569e-05 -1.594051e-06 4.284106e-06 	 -6.989348e-07 3.183822e-06 -9.135384e-07 	 -1.114462e-05 1.589771e-06 3.370568e-06 	 889
7.250000 	 1.783648e-05 -3.701556e-06 6.365787e-06 	 -9.932435e-06 1.479324e-06 -2.287162e-06 	 7.904040e-06 -2.222232e-06 4.078626e-06 	 940
7.750000 	 2.573866e-05 4.750048e-06 3.372991e-06 	 7.843243e-06 1.976207e-06 1.905616e-06 	 3.358191e-05 6.726256e-06 5.278607e-06 	 906
8.250000 	 2.294922e-05 -5.222880e-06 -2.468439e-06 	 3.269176e-06 -2.908005e-07 -5.391372e-07 	 2.621839e-05 -5.513681e-06 -3.007576e-06 	 877
8.750000 	 -1.057444e-06 1.151213e-05 4.720986e-06 	 -2.682033e-06 -1.783121e-06 -1.102919e-06 	 -3.739477e-06 9.729009e-06 3.618068e-06 	 859
9.250000 	 -3.442404e-06 -9.548456e-06 -2.796331e-06 	 3.052664e-06 -1.622039e-06 3.263321e-06 	 -3.897399e-07 -1.117049e-05 4.669901e-07 	 893
9.750000 	 -2.480886e-05 5.145239e-06 1.803566e-06 	 -6.636888e-06 -3.501120e-07 -1.147151e-07 	 -3.144575e-05 4.795127e-06 1.688851e-06 	 907
10.250000 	 -1.550934e-05 -6.735963e-07 -2.427764e-06 	 8.083318e-06 1.197327e-06 -6.191469e-07 	 -7.426023e-06 5.237302e-07 -3.046911e-06 	 929
10.750000 	 -8.302441e-06 1.494690e-06 -2.941363e-06 	 -1.928082e-06 -7.068651e-07 -3.056665e-06 	 -1.023052e-05 7.878244e-07 -5.998029e-06 	 920
11.250000 	 1.927373e-06 -5.074787e-06 2.205606e-06 	 -1.314915e-06 4.977399e-06 3.711448e-06 	 6.124580e-07 -9.738773e-08 5.917054e-06 	 545
11.750000 	 2.832969e-06 1.201094e-05 -8.206539e-06 	 -1.776856e-06 -3.333437e-06 -5.558070e-06 	 1.056113e-06 8.677500e-06 -1.376461e-05 	 40
12.250000 	 0.000000e+00 0.000000e+00 0.000000e+00 	 0.000000e+00 0.000000e+00 0.000000e+00 	 0.000000e+00 0.000000e+00 0.000000e+00 	 0
12.750000 	 0.000000e+00 0.000000e+00 0.000000e+00 	 0.000000e+00 0.000000e+00 0.000000e+00 	 0.000000e+00 0.000000e+00 0.000000e+00 	 0
13.250000 	 0.000000e+00 0.000000e+00 0.000000e+00 	 0.000000e+00 0.000000e+00 0.000000e+00 	 0.000000e+00 0.000000e+00 0.000000e+00 	 0
13.750000 	 0.000000e+00 0.000000e+00 0.000000e+00 	 0.000000e+00 0.000000e+00 0.000000e+00 	 0.000000e+00 0.000000e+00 0.000000e+00 	 0
14.250000 	 0.000000e+00 0.000000e+00 0.000000e+00 	 0.000000e+00 0.000000e+00 0.000000e+00 	 0.000000e+00 0.000000e+00 0.000000e+00 	 0
14.750000 	 0.000000e+00 0.000000e+00 0.000000e+00 	 0.000000e+00 0.000000e+00 0.000000e+00 	 0.000000e+00 0.000000e+00 0.000000e+00 	 0
