# 1  2-4    5-7    8-10   11     
# x  dirEF  recEF  sumEF  #Sample
0.250000 	 0.000000e+00 0.000000e+00 0.000000e+00 	 0.000000e+00 0.000000e+00 0.000000e+00 	 0.000000e+00 0.000000e+00 0.000000e+00 	 0
0.750000 	 0.000000e+00 0.000000e+00 0.000000e+00 	 0.000000e+00 0.000000e+00 0.000000e+00 	 0.000000e+00 0.000000e+00 0.000000e+00 	 0
1.250000 	 0.000000e+00 0.000000e+00 0.000000e+00 	 0.000000e+00 0.000000e+00 0.000000e+00 	 0.000000e+00 0.000000e+00 0.000000e+00 	 0
1.750000 	 0.000000e+00 0.000000e+00 0.000000e+00 	 0.000000e+00 0.000000e+00 0.000000e+00 	 0.000000e+00 0.000000e+00 0.000000e+00 	 0
2.250000 	 0.000000e+00 0.000000e+00 0.000000e+00 	 0.000000e+00 0.000000e+00 0.000000e+00 	 0.000000e+00 0.000000e+00 0.000000e+00 	 0
2.750000 	 0.000000e+00 0.000000e+00 0.000000e+00 	 0.000000e+00 0.000000e+00 0.000000e+00 	 0.000000e+00 0.000000e+00 0.000000e+00 	 0
3.250000 	 1.194602e-05 3.747926e-06 -1.415940e-05 	 -4.876802e-05 -1.553187e-05 -1.084038e-05 	 -3.682201e-05 -1.178395e-05 -2.499979e-05 	 52
3.750000 	 -3.365561e-06 -5.466668e-06 1.148775e-05 	 7.327657e-06 -1.942429e-06 -6.310447e-06 	 3.962096e-06 -7.409098e-06 5.177303e-06 	 538
4.250000 	 2.253064e-06 2.430423e-06 -8.154693e-07 	 -7.945828e-06 3.406405e-06 3.007768e-06 	 -5.692764e-06 5.836828e-06 2.192299e-06 	 874
4.750000 	 -1.630378e-05 -4.708039e-06 -1.378924e-06 	 -1.924865e-06 -1.751675e-05 1.937933e-06 	 -1.822865e-05 -2.222479e-05 5.590092e-07 	 973
5.250000 	 -1.865895e-06 8.206642e-07 4.374002e-06 	 -3.260220e-06 2.741383e-06 -5.444689e-06 	 -5.126115e-06 3.562047e-06 -1.070687e-06 	 858
5.750000 	 -3.635458e-06 3.040456e-07 -5.342233e-07 	 -9.147048e-07 2.777125e-06 1.500045e-06 	 -4.550163e-06 3.081171e-06 9.658216e-07 	 933
6.250000 	 -2.183289e-05 -1.679048e-06 -1.229843e-06 	 7.046822e-06 8.428342e-07 4.314949e-06 	 -1.478607e-05 -8.362141e-07 3.085106e-06 	 883
6.750000 	 1.673692e-06 1.443987e-06 -7.536818e-06 	 -1.402612e-05 3.984287e-06 -7.676560e-07 	 -1.235242e-05 5.428275e-06 -8.304474e-06 	 904
7.250000 	 2.306892e-05 7.980552e-07 9.141181e-07 	 1.133018e-05 3.174382e-06 -1.331031e-05 	 3.439910e-05 3.972438e-06 -1.239619e-05 	 918
7.750000 	 6.964343e-06 -9.467764e-07 -4.127268e-06 	 -7.803313e-06 8.758675e-06 -1.319091e-06 	 -8.389701e-07 7.811899e-06 -5.446359e-06 	 946
8.250000 	 2.482655e-05 3.020694e-06 5.195696e-07 	 6.779552e-06 3.074424e-06 9.571857e-06 	 3.160610e-05 6.095117e-06 1.009143e-05 	 860
8.750000 	 1.368900e-05 2.336463e-06 -9.964501e-07 	 -2.635609e-05 -2.603136e-06 -2.687068e-06 	 -1.266708e-05 -2.666732e-07 -3.683518e-06 	 927
9.250000 	 1.202382e-05 2.350197e-06 -2.466935e-07 	 2.078966e-05 -1.114246e-05 6.143003e-06 	 3.281348e-05 -8.792263e-06 5.896310e-06 	 850
9.750000 	 -1.816880e-05 -9.395575e-06 6.946817e-06 	 -9.142558e-06 9.429380e-06 -7.193068e-06 	 -2.731136e-05 3.380506e-08 -2.462505e-07 	 913
10.250000 	 -2.443521e-05 -1.631290e-07 -5.145545e-06 	 5.509532e-06 -9.303380e-07 1.302923e-05 	 -1.892568e-05 -1.093467e-06 7.883683e-06 	 865
10.750000 	 -1.188039e-05 -2.757239e-07 1.530146e-06 	 -1.233376e-05 -4.567607e-06 6.316804e-06 	 -2.421415e-05 -4.843331e-06 7.846949e-06 	 926
11.250000 	 -9.771284e-06 5.574469e-06 -1.511269e-06 	 8.447162e-06 -1.432228e-06 6.889240e-07 	 -1.324122e-06 4.142241e-06 -8.223449e-07 	 570
11.750000 	 -1.323562e-05 1.374291e-05 -3.682343e-05 	 -2.127877e-05 -1.434148e-05 -1.377615e-06 	 -3.451438e-05 -5.985669e-07 -3.820105e-05 	 33
12.250000 	 0.000000e+00 0.000000e+00 0.000000e+00 	 0.000000e+00 0.000000e+00 0.000000e+00 	 0.000000e+00 0.000000e+00 0.000000e+00 	 0
12.750000 	 0.000000e+00 0.000000e+00 0.000000e+00 	 0.000000e+00 0.000000e+00 0.000000e+00 	 0.000000e+00 0.000000e+00 0.000000e+00 	 0
13.250000 	 -1.433212e-07 -3.657044e-08 -3.805096e-08 	 3.641441e-05 -1.612145e-05 4.646839e-05 	 3.627109e-05 -1.615802e-05 4.643034e-05 	 1
13.750000 	 0.000000e+00 0.000000e+00 0.000000e+00 	 0.000000e+00 0.000000e+00 0.000000e+00 	 0.000000e+00 0.000000e+00 0.000000e+00 	 0
14.250000 	 0.000000e+00 0.000000e+00 0.000000e+00 	 0.000000e+00 0.000000e+00 0.000000e+00 	 0.000000e+00 0.000000e+00 0.000000e+00 	 0
14.750000 	 0.000000e+00 0.000000e+00 0.000000e+00 	 0.000000e+00 0.000000e+00 0.000000e+00 	 0.000000e+00 0.000000e+00 0.000000e+00 	 0
