# 1  2-4    5-7    8-10   11     
# x  dirEF  recEF  sumEF  #Sample
0.250000 	 0.000000e+00 0.000000e+00 0.000000e+00 	 0.000000e+00 0.000000e+00 0.000000e+00 	 0.000000e+00 0.000000e+00 0.000000e+00 	 0
0.750000 	 0.000000e+00 0.000000e+00 0.000000e+00 	 0.000000e+00 0.000000e+00 0.000000e+00 	 0.000000e+00 0.000000e+00 0.000000e+00 	 0
1.250000 	 0.000000e+00 0.000000e+00 0.000000e+00 	 0.000000e+00 0.000000e+00 0.000000e+00 	 0.000000e+00 0.000000e+00 0.000000e+00 	 0
1.750000 	 0.000000e+00 0.000000e+00 0.000000e+00 	 0.000000e+00 0.000000e+00 0.000000e+00 	 0.000000e+00 0.000000e+00 0.000000e+00 	 0
2.250000 	 2.377036e-05 -4.499739e-06 3.136250e-06 	 -1.703420e-06 5.211692e-07 1.608160e-06 	 2.206694e-05 -3.978570e-06 4.744410e-06 	 1
2.750000 	 0.000000e+00 0.000000e+00 0.000000e+00 	 0.000000e+00 0.000000e+00 0.000000e+00 	 0.000000e+00 0.000000e+00 0.000000e+00 	 0
3.250000 	 8.528879e-06 -2.806461e-06 5.064135e-06 	 -1.035325e-05 -1.638641e-06 7.786936e-07 	 -1.824373e-06 -4.445102e-06 5.842828e-06 	 38
3.750000 	 -7.504413e-06 7.151519e-07 -2.936391e-06 	 7.791338e-06 2.513543e-08 -1.312196e-06 	 2.869250e-07 7.402873e-07 -4.248587e-06 	 560
4.250000 	 -9.753232e-06 2.140536e-06 2.122574e-06 	 -4.513891e-06 1.625662e-06 1.352124e-06 	 -1.426712e-05 3.766198e-06 3.474698e-06 	 917
4.750000 	 -1.286543e-05 -9.545906e-07 3.514047e-06 	 1.525790e-06 2.171065e-06 -2.830156e-06 	 -1.133964e-05 1.216474e-06 6.838914e-07 	 890
5.250000 	 1.207730e-05 -8.087913e-06 -3.641083e-06 	 -3.818948e-06 -4.900810e-06 -1.851137e-07 	 8.258350e-06 -1.298872e-05 -3.826197e-06 	 898
5.750000 	 1.423036e-05 -2.560734e-06 -4.238767e-06 	 6.904303e-07 1.268551e-06 -1.220152e-06 	 1.492079e-05 -1.292183e-06 -5.458920e-06 	 965
6.250000 	 3.507287e-05 9.187976e-06 -7.718227e-06 	 3.059393e-06 2.153095e-06 -1.342302e-06 	 3.813226e-05 1.134107e-05 -9.060529e-06 	 874
6.750000 	 6.469506e-06 -5.766497e-06 1.079763e-06 	 -7.764391e-06 -6.960033e-07 1.745888e-06 	 -1.294885e-06 -6.462501e-06 2.825651e-06 	 857
7.250000 	 -1.980908e-05 -2.790935e-06 6.960464e-06 	 1.891182e-06 -5.122386e-07 6.194290e-07 	 -1.791790e-05 -3.303173e-06 7.579893e-06 	 936
7.750000 	 -3.870737e-05 4.491479e-06 4.401392e-06 	 -2.499741e-06 8.409499e-07 -1.617667e-07 	 -4.120711e-05 5.332429e-06 4.239625e-06 	 880
8.250000 	 -2.105382e-05 -2.667945e-06 -5.290043e-06 	 1.668607e-06 5.987565e-07 1.583824e-06 	 -1.938522e-05 -2.069188e-06 -3.706219e-06 	 921
8.750000 	 1.091465e-05 -3.412139e-06 -4.963423e-06 	 -1.799098e-06 -1.569751e-06 -1.356475e-06 	 9.115548e-06 -4.981890e-06 -6.319898e-06 	 898
9.250000 	 2.526786e-05 2.375862e-06 -4.408830e-06 	 3.936192e-06 6.067843e-07 -1.777880e-06 	 2.920406e-05 2.982646e-06 -6.186709e-06 	 905
9.750000 	 1.445955e-05 2.204056e-06 5.131725e-06 	 3.249237e-06 -1.685484e-06 3.071503e-06 	 1.770879e-05 5.185720e-07 8.203228e-06 	 887
10.250000 	 1.872125e-06 -5.555714e-06 -2.895037e-06 	 -3.234344e-06 1.632623e-06 1.212606e-06 	 -1.362219e-06 -3.923091e-06 -1.682432e-06 	 897
10.750000 	 -8.483767e-06 3.046976e-06 2.044903e-06 	 4.978070e-07 1.428718e-06 -2.560342e-06 	 -7.985960e-06 4.475694e-06 -5.154395e-07 	 886
11.250000 	 -1.043544e-05 3.483788e-06 -1.264220e-06 	 1.425055e-07 4.006868e-07 -3.858584e-07 	 -1.029293e-05 3.884475e-06 -1.650079e-06 	 580
11.750000 	 -1.506551e-05 1.827692e-05 -3.364525e-05 	 -2.013783e-07 1.901183e-06 -8.240446e-06 	 -1.526689e-05 2.017811e-05 -4.188569e-05 	 34
12.250000 	 0.000000e+00 0.000000e+00 0.000000e+00 	 0.000000e+00 0.000000e+00 0.000000e+00 	 0.000000e+00 0.000000e+00 0.000000e+00 	 0
12.750000 	 0.000000e+00 0.000000e+00 0.000000e+00 	 0.000000e+00 0.000000e+00 0.000000e+00 	 0.000000e+00 0.000000e+00 0.000000e+00 	 0
13.250000 	 0.000000e+00 0.000000e+00 0.000000e+00 	 0.000000e+00 0.000000e+00 0.000000e+00 	 0.000000e+00 0.000000e+00 0.000000e+00 	 0
13.750000 	 0.000000e+00 0.000000e+00 0.000000e+00 	 0.000000e+00 0.000000e+00 0.000000e+00 	 0.000000e+00 0.000000e+00 0.000000e+00 	 0
14.250000 	 0.000000e+00 0.000000e+00 0.000000e+00 	 0.000000e+00 0.000000e+00 0.000000e+00 	 0.000000e+00 0.000000e+00 0.000000e+00 	 0
14.750000 	 0.000000e+00 0.000000e+00 0.000000e+00 	 0.000000e+00 0.000000e+00 0.000000e+00 	 0.000000e+00 0.000000e+00 0.000000e+00 	 0
