# 1  2-4    5-7    8-10   11     
# x  dirEF  recEF  sumEF  #Sample
0.250000 	 0.000000e+00 0.000000e+00 0.000000e+00 	 0.000000e+00 0.000000e+00 0.000000e+00 	 0.000000e+00 0.000000e+00 0.000000e+00 	 0
0.750000 	 5.145263e-08 -5.643835e-08 2.208674e-08 	 -5.136096e-10 -1.635916e-09 3.931335e-09 	 5.093902e-08 -5.807426e-08 2.601807e-08 	 1
1.250000 	 0.000000e+00 0.000000e+00 0.000000e+00 	 0.000000e+00 0.000000e+00 0.000000e+00 	 0.000000e+00 0.000000e+00 0.000000e+00 	 0
1.750000 	 -5.405403e-06 9.313246e-07 8.352314e-07 	 8.000540e-09 1.834356e-08 2.670859e-09 	 -5.397402e-06 9.496681e-07 8.379023e-07 	 1
2.250000 	 0.000000e+00 0.000000e+00 0.000000e+00 	 0.000000e+00 0.000000e+00 0.000000e+00 	 0.000000e+00 0.000000e+00 0.000000e+00 	 0
2.750000 	 0.000000e+00 0.000000e+00 0.000000e+00 	 0.000000e+00 0.000000e+00 0.000000e+00 	 0.000000e+00 0.000000e+00 0.000000e+00 	 0
3.250000 	 -2.865293e-05 -7.462286e-06 9.708493e-06 	 1.135654e-05 2.700756e-06 2.854285e-06 	 -1.729639e-05 -4.761530e-06 1.256278e-05 	 36
3.750000 	 -1.952403e-05 -3.762871e-07 1.897231e-06 	 -6.460640e-06 -5.965213e-07 -3.268328e-06 	 -2.598467e-05 -9.728084e-07 -1.371097e-06 	 529
4.250000 	 -8.298043e-06 -1.722000e-06 1.569586e-06 	 2.539678e-06 3.188187e-06 2.644727e-07 	 -5.758364e-06 1.466187e-06 1.834058e-06 	 945
4.750000 	 3.206735e-06 3.790401e-07 -2.895363e-07 	 3.085762e-06 -2.262730e-07 1.378571e-07 	 6.292497e-06 1.527671e-07 -1.516792e-07 	 917
5.250000 	 1.305073e-05 -2.757351e-06 -2.184403e-06 	 1.213918e-06 -3.259805e-06 2.516012e-06 	 1.426465e-05 -6.017156e-06 3.316086e-07 	 959
5.750000 	 -6.475502e-06 -4.753365e-06 -4.938245e-06 	 -4.106674e-06 -9.124992e-07 -1.260399e-06 	 -1.058218e-05 -5.665864e-06 -6.198644e-06 	 871
6.250000 	 -1.699370e-05 8.686820e-06 5.819402e-06 	 -4.243099e-06 -5.518359e-07 -1.001476e-06 	 -2.123680e-05 8.134984e-06 4.817925e-06 	 915
6.750000 	 -1.062424e-06 -3.350071e-06 -8.509336e-07 	 3.500781e-06 -3.069286e-06 5.169509e-07 	 2.438357e-06 -6.419357e-06 -3.339827e-07 	 900
7.250000 	 2.391627e-05 5.428935e-07 -1.593233e-06 	 2.553878e-06 3.287680e-07 2.767181e-06 	 2.647014e-05 8.716615e-07 1.173949e-06 	 925
7.750000 	 3.017389e-05 5.342723e-07 3.169101e-06 	 -1.977870e-06 4.610110e-07 1.520060e-06 	 2.819602e-05 9.952833e-07 4.689161e-06 	 844
8.250000 	 3.355865e-05 1.382939e-06 -1.020107e-06 	 3.058371e-06 -1.069718e-06 -1.134969e-06 	 3.661702e-05 3.132213e-07 -2.155077e-06 	 882
8.750000 	 -6.692300e-06 -1.335829e-06 2.629442e-06 	 -5.160288e-06 1.362955e-06 2.153214e-06 	 -1.185259e-05 2.712582e-08 4.782657e-06 	 893
9.250000 	 9.426515e-07 5.304437e-07 1.257504e-06 	 -7.069536e-06 -4.879255e-08 -7.235547e-07 	 -6.126884e-06 4.816512e-07 5.339489e-07 	 900
9.750000 	 -4.738280e-06 2.241044e-06 -1.621394e-06 	 8.827125e-06 -1.917792e-06 -1.119350e-06 	 4.088845e-06 3.232514e-07 -2.740743e-06 	 906
10.250000 	 -2.851170e-06 3.978233e-06 1.104234e-06 	 1.570040e-06 4.224887e-07 1.994233e-06 	 -1.281130e-06 4.400722e-06 3.098467e-06 	 895
10.750000 	 4.864241e-06 -1.048836e-05 -4.257842e-06 	 -1.732630e-07 -1.336672e-06 1.514881e-06 	 4.690978e-06 -1.182503e-05 -2.742961e-06 	 927
11.250000 	 -1.593172e-05 4.754345e-06 5.993810e-07 	 -3.820615e-06 9.948644e-07 2.892678e-06 	 -1.975234e-05 5.749209e-06 3.492059e-06 	 549
11.750000 	 3.371444e-06 1.722123e-06 -1.105024e-05 	 9.409483e-07 4.949118e-06 -6.593284e-07 	 4.312392e-06 6.671241e-06 -1.170957e-05 	 28
12.250000 	 0.000000e+00 0.000000e+00 0.000000e+00 	 0.000000e+00 0.000000e+00 0.000000e+00 	 0.000000e+00 0.000000e+00 0.000000e+00 	 0
12.750000 	 0.000000e+00 0.000000e+00 0.000000e+00 	 0.000000e+00 0.000000e+00 0.000000e+00 	 0.000000e+00 0.000000e+00 0.000000e+00 	 0
13.250000 	 0.000000e+00 0.000000e+00 0.000000e+00 	 0.000000e+00 0.000000e+00 0.000000e+00 	 0.000000e+00 0.000000e+00 0.000000e+00 	 0
13.750000 	 0.000000e+00 0.000000e+00 0.000000e+00 	 0.000000e+00 0.000000e+00 0.000000e+00 	 0.000000e+00 0.000000e+00 0.000000e+00 	 0
14.250000 	 0.000000e+00 0.000000e+00 0.000000e+00 	 0.000000e+00 0.000000e+00 0.000000e+00 	 0.000000e+00 0.000000e+00 0.000000e+00 	 0
14.750000 	 0.000000e+00 0.000000e+00 0.000000e+00 	 -8.678729e-10 4.643237e-10 -4.590398e-10 	 -8.678729e-10 4.643237e-10 -4.590398e-10 	 1
