# 1  2-4    5-7    8-10   11     
# x  dirEF  recEF  sumEF  #Sample
0.250000 	 0.000000e+00 0.000000e+00 0.000000e+00 	 0.000000e+00 0.000000e+00 0.000000e+00 	 0.000000e+00 0.000000e+00 0.000000e+00 	 0
0.750000 	 0.000000e+00 0.000000e+00 0.000000e+00 	 0.000000e+00 0.000000e+00 0.000000e+00 	 0.000000e+00 0.000000e+00 0.000000e+00 	 0
1.250000 	 0.000000e+00 0.000000e+00 0.000000e+00 	 0.000000e+00 0.000000e+00 0.000000e+00 	 0.000000e+00 0.000000e+00 0.000000e+00 	 0
1.750000 	 5.967675e-08 1.425873e-07 5.914499e-07 	 -1.502750e-08 -5.290701e-08 -7.574910e-09 	 4.464925e-08 8.968031e-08 5.838750e-07 	 1
2.250000 	 0.000000e+00 0.000000e+00 0.000000e+00 	 0.000000e+00 0.000000e+00 0.000000e+00 	 0.000000e+00 0.000000e+00 0.000000e+00 	 0
2.750000 	 0.000000e+00 0.000000e+00 0.000000e+00 	 0.000000e+00 0.000000e+00 0.000000e+00 	 0.000000e+00 0.000000e+00 0.000000e+00 	 0
3.250000 	 1.819829e-06 -6.627747e-06 -1.681057e-05 	 -5.372401e-06 -1.804098e-05 -6.460273e-06 	 -3.552572e-06 -2.466872e-05 -2.327085e-05 	 26
3.750000 	 1.482378e-05 1.572476e-06 4.450899e-06 	 7.759738e-06 4.695209e-06 1.001338e-05 	 2.258352e-05 6.267685e-06 1.446428e-05 	 545
4.250000 	 3.048944e-06 2.274479e-06 -7.428348e-06 	 -4.037099e-07 -2.154754e-06 -4.512009e-06 	 2.645234e-06 1.197252e-07 -1.194036e-05 	 886
4.750000 	 8.610667e-06 3.011850e-06 5.367334e-06 	 -6.038572e-07 -1.771125e-06 1.419629e-05 	 8.006810e-06 1.240725e-06 1.956362e-05 	 898
5.250000 	 -9.940133e-06 1.104642e-06 -9.682674e-08 	 -1.093222e-05 9.537785e-06 -2.386875e-06 	 -2.087236e-05 1.064243e-05 -2.483701e-06 	 905
5.750000 	 -4.678501e-06 -6.091060e-06 -4.173387e-07 	 -2.818394e-06 -1.110666e-05 -5.653625e-06 	 -7.496895e-06 -1.719772e-05 -6.070964e-06 	 895
6.250000 	 -9.271672e-06 -4.339854e-06 -2.811063e-06 	 2.286904e-06 -9.294379e-06 -1.983458e-06 	 -6.984769e-06 -1.363423e-05 -4.794521e-06 	 907
6.750000 	 -3.681691e-06 1.355378e-06 1.685819e-06 	 4.361822e-06 -1.101551e-05 -1.054136e-06 	 6.801310e-07 -9.660132e-06 6.316827e-07 	 921
7.250000 	 6.966032e-06 -1.613681e-06 -2.519066e-06 	 9.038790e-06 -1.579322e-06 -4.923129e-06 	 1.600482e-05 -3.193003e-06 -7.442195e-06 	 896
7.750000 	 -2.450730e-06 3.094340e-06 5.346819e-06 	 4.924471e-07 2.991040e-06 -4.157414e-07 	 -1.958282e-06 6.085380e-06 4.931077e-06 	 910
8.250000 	 -4.888795e-06 -4.945372e-06 -4.424947e-06 	 -1.083092e-05 1.491288e-06 7.605153e-06 	 -1.571972e-05 -3.454084e-06 3.180206e-06 	 915
8.750000 	 -1.690127e-06 -2.802369e-06 1.599159e-07 	 -1.593740e-06 2.868449e-06 1.414661e-06 	 -3.283867e-06 6.608012e-08 1.574577e-06 	 896
9.250000 	 4.344979e-06 -9.093616e-06 5.483564e-06 	 -4.154560e-07 1.446611e-06 -1.090138e-05 	 3.929523e-06 -7.647005e-06 -5.417814e-06 	 896
9.750000 	 -3.324767e-06 -2.115938e-06 1.570038e-06 	 -3.678739e-06 -1.734459e-06 -1.617762e-06 	 -7.003506e-06 -3.850397e-06 -4.772371e-08 	 910
10.250000 	 6.111357e-06 2.563373e-06 -1.269270e-06 	 -1.106939e-06 -5.019262e-07 -4.182860e-06 	 5.004419e-06 2.061447e-06 -5.452130e-06 	 904
10.750000 	 6.556060e-06 -1.525284e-06 3.563537e-06 	 -2.283247e-06 3.939678e-06 6.458494e-07 	 4.272813e-06 2.414394e-06 4.209386e-06 	 908
11.250000 	 -5.597533e-08 1.859107e-06 8.134341e-07 	 8.338378e-06 1.639843e-07 -1.278724e-06 	 8.282403e-06 2.023091e-06 -4.652900e-07 	 565
11.750000 	 -1.451425e-05 -1.777688e-05 -1.543859e-05 	 -6.129098e-06 3.710745e-06 2.124654e-06 	 -2.064335e-05 -1.406613e-05 -1.331394e-05 	 39
12.250000 	 0.000000e+00 0.000000e+00 0.000000e+00 	 0.000000e+00 0.000000e+00 0.000000e+00 	 0.000000e+00 0.000000e+00 0.000000e+00 	 0
12.750000 	 0.000000e+00 0.000000e+00 0.000000e+00 	 0.000000e+00 0.000000e+00 0.000000e+00 	 0.000000e+00 0.000000e+00 0.000000e+00 	 0
13.250000 	 0.000000e+00 0.000000e+00 0.000000e+00 	 0.000000e+00 0.000000e+00 0.000000e+00 	 0.000000e+00 0.000000e+00 0.000000e+00 	 0
13.750000 	 0.000000e+00 0.000000e+00 0.000000e+00 	 -8.169923e-09 1.219633e-08 2.536597e-08 	 -8.169923e-09 1.219633e-08 2.536597e-08 	 1
14.250000 	 0.000000e+00 0.000000e+00 0.000000e+00 	 0.000000e+00 0.000000e+00 0.000000e+00 	 0.000000e+00 0.000000e+00 0.000000e+00 	 0
14.750000 	 0.000000e+00 0.000000e+00 0.000000e+00 	 0.000000e+00 0.000000e+00 0.000000e+00 	 0.000000e+00 0.000000e+00 0.000000e+00 	 0
