# 1  2-4    5-7    8-10   11     
# x  dirEF  recEF  sumEF  #Sample
0.250000 	 0.000000e+00 0.000000e+00 0.000000e+00 	 0.000000e+00 0.000000e+00 0.000000e+00 	 0.000000e+00 0.000000e+00 0.000000e+00 	 0
0.750000 	 0.000000e+00 0.000000e+00 0.000000e+00 	 0.000000e+00 0.000000e+00 0.000000e+00 	 0.000000e+00 0.000000e+00 0.000000e+00 	 0
1.250000 	 0.000000e+00 0.000000e+00 0.000000e+00 	 0.000000e+00 0.000000e+00 0.000000e+00 	 0.000000e+00 0.000000e+00 0.000000e+00 	 0
1.750000 	 0.000000e+00 0.000000e+00 0.000000e+00 	 0.000000e+00 0.000000e+00 0.000000e+00 	 0.000000e+00 0.000000e+00 0.000000e+00 	 0
2.250000 	 2.377036e-05 -4.499739e-06 3.136250e-06 	 -6.437055e-08 1.952159e-08 8.451086e-09 	 2.370599e-05 -4.480217e-06 3.144701e-06 	 1
2.750000 	 0.000000e+00 0.000000e+00 0.000000e+00 	 0.000000e+00 0.000000e+00 0.000000e+00 	 0.000000e+00 0.000000e+00 0.000000e+00 	 0
3.250000 	 8.528879e-06 -2.806461e-06 5.064135e-06 	 -4.682008e-06 -1.257954e-06 1.404347e-06 	 3.846872e-06 -4.064415e-06 6.468482e-06 	 38
3.750000 	 -7.504413e-06 7.151519e-07 -2.936391e-06 	 1.012753e-05 5.481282e-07 -1.378749e-06 	 2.623118e-06 1.263280e-06 -4.315140e-06 	 560
4.250000 	 -9.753232e-06 2.140536e-06 2.122574e-06 	 -9.279726e-06 1.413371e-06 2.903542e-06 	 -1.903296e-05 3.553907e-06 5.026116e-06 	 917
4.750000 	 -1.285809e-05 -9.570247e-07 3.505581e-06 	 3.589386e-06 1.013840e-06 -4.434445e-06 	 -9.268709e-06 5.681505e-08 -9.288648e-07 	 890
5.250000 	 1.207730e-05 -8.087913e-06 -3.641083e-06 	 -3.634419e-06 -3.430635e-06 -4.356380e-07 	 8.442879e-06 -1.151855e-05 -4.076721e-06 	 898
5.750000 	 1.423036e-05 -2.560734e-06 -4.238767e-06 	 1.801858e-06 1.303107e-06 -5.162808e-07 	 1.603222e-05 -1.257627e-06 -4.755048e-06 	 965
6.250000 	 3.507287e-05 9.187976e-06 -7.718227e-06 	 2.173239e-06 2.544368e-06 -1.052657e-07 	 3.724611e-05 1.173234e-05 -7.823493e-06 	 874
6.750000 	 6.469506e-06 -5.766497e-06 1.079763e-06 	 -5.739292e-06 5.529316e-07 -1.291399e-06 	 7.302136e-07 -5.213566e-06 -2.116357e-07 	 857
7.250000 	 -1.980908e-05 -2.790935e-06 6.960464e-06 	 1.880503e-06 -1.728259e-06 8.639993e-07 	 -1.792858e-05 -4.519193e-06 7.824463e-06 	 936
7.750000 	 -3.870737e-05 4.491479e-06 4.401392e-06 	 5.250915e-07 -6.397220e-07 -1.224131e-06 	 -3.818228e-05 3.851757e-06 3.177260e-06 	 880
8.250000 	 -2.105382e-05 -2.667945e-06 -5.290043e-06 	 -2.102610e-06 1.689615e-06 2.081268e-06 	 -2.315643e-05 -9.783299e-07 -3.208775e-06 	 921
8.750000 	 1.091465e-05 -3.412139e-06 -4.963423e-06 	 3.561828e-06 -2.128708e-06 -2.533949e-06 	 1.447647e-05 -5.540847e-06 -7.497373e-06 	 898
9.250000 	 2.526786e-05 2.375862e-06 -4.408830e-06 	 1.590164e-06 6.146887e-07 -1.710352e-06 	 2.685803e-05 2.990550e-06 -6.119182e-06 	 905
9.750000 	 1.445955e-05 2.204056e-06 5.131725e-06 	 1.349847e-06 -5.154328e-07 3.972090e-06 	 1.580940e-05 1.688623e-06 9.103814e-06 	 887
10.250000 	 1.872125e-06 -5.555714e-06 -2.895037e-06 	 -2.245979e-06 1.540072e-06 1.309172e-06 	 -3.738542e-07 -4.015642e-06 -1.585865e-06 	 897
10.750000 	 -8.483767e-06 3.046976e-06 2.044903e-06 	 -7.798632e-07 3.437224e-07 -2.961454e-06 	 -9.263630e-06 3.390698e-06 -9.165513e-07 	 886
11.250000 	 -1.043544e-05 3.483788e-06 -1.264220e-06 	 -1.852983e-06 8.890344e-07 -3.979733e-07 	 -1.228842e-05 4.372823e-06 -1.662193e-06 	 580
11.750000 	 -1.506551e-05 1.827692e-05 -3.364525e-05 	 6.543051e-06 1.937821e-06 -5.606485e-06 	 -8.522457e-06 2.021475e-05 -3.925173e-05 	 34
12.250000 	 0.000000e+00 0.000000e+00 0.000000e+00 	 0.000000e+00 0.000000e+00 0.000000e+00 	 0.000000e+00 0.000000e+00 0.000000e+00 	 0
12.750000 	 0.000000e+00 0.000000e+00 0.000000e+00 	 0.000000e+00 0.000000e+00 0.000000e+00 	 0.000000e+00 0.000000e+00 0.000000e+00 	 0
13.250000 	 0.000000e+00 0.000000e+00 0.000000e+00 	 0.000000e+00 0.000000e+00 0.000000e+00 	 0.000000e+00 0.000000e+00 0.000000e+00 	 0
13.750000 	 0.000000e+00 0.000000e+00 0.000000e+00 	 0.000000e+00 0.000000e+00 0.000000e+00 	 0.000000e+00 0.000000e+00 0.000000e+00 	 0
14.250000 	 0.000000e+00 0.000000e+00 0.000000e+00 	 0.000000e+00 0.000000e+00 0.000000e+00 	 0.000000e+00 0.000000e+00 0.000000e+00 	 0
14.750000 	 0.000000e+00 0.000000e+00 0.000000e+00 	 0.000000e+00 0.000000e+00 0.000000e+00 	 0.000000e+00 0.000000e+00 0.000000e+00 	 0
