# 1  2-4    5-7    8-10   11     
# x  dirEF  recEF  sumEF  #Sample
0.250000 	 0.000000e+00 0.000000e+00 0.000000e+00 	 0.000000e+00 0.000000e+00 0.000000e+00 	 0.000000e+00 0.000000e+00 0.000000e+00 	 0
0.750000 	 0.000000e+00 0.000000e+00 0.000000e+00 	 0.000000e+00 0.000000e+00 0.000000e+00 	 0.000000e+00 0.000000e+00 0.000000e+00 	 0
1.250000 	 0.000000e+00 0.000000e+00 0.000000e+00 	 0.000000e+00 0.000000e+00 0.000000e+00 	 0.000000e+00 0.000000e+00 0.000000e+00 	 0
1.750000 	 5.018407e-11 -2.083543e-12 1.444541e-12 	 -9.409158e-10 1.864569e-09 -3.223104e-10 	 -8.907319e-10 1.862485e-09 -3.208658e-10 	 1
2.250000 	 0.000000e+00 0.000000e+00 0.000000e+00 	 0.000000e+00 0.000000e+00 0.000000e+00 	 0.000000e+00 0.000000e+00 0.000000e+00 	 0
2.750000 	 0.000000e+00 0.000000e+00 0.000000e+00 	 0.000000e+00 0.000000e+00 0.000000e+00 	 0.000000e+00 0.000000e+00 0.000000e+00 	 0
3.250000 	 -7.692144e-06 4.610593e-06 1.777491e-05 	 -5.950265e-06 -3.613906e-06 -4.991649e-06 	 -1.364241e-05 9.966865e-07 1.278326e-05 	 39
3.750000 	 -1.246920e-05 -3.334779e-06 4.809507e-06 	 2.120488e-06 -7.037148e-07 1.823456e-07 	 -1.034871e-05 -4.038494e-06 4.991853e-06 	 570
4.250000 	 -8.016378e-06 1.075777e-05 -3.605109e-06 	 2.191171e-07 5.663046e-07 -1.001062e-06 	 -7.797261e-06 1.132407e-05 -4.606170e-06 	 898
4.750000 	 -8.657056e-07 -6.112372e-06 -4.300531e-06 	 1.829251e-06 4.957909e-07 7.141135e-07 	 9.635455e-07 -5.616581e-06 -3.586418e-06 	 939
5.250000 	 9.367636e-06 -3.016733e-06 -8.572667e-06 	 2.666185e-06 -3.015413e-06 1.762065e-06 	 1.203382e-05 -6.032146e-06 -6.810601e-06 	 929
5.750000 	 2.318448e-05 1.379616e-06 6.205084e-06 	 -1.043666e-06 -4.355272e-07 -5.387660e-07 	 2.214081e-05 9.440887e-07 5.666318e-06 	 900
6.250000 	 9.387578e-06 -5.047183e-06 3.933067e-06 	 5.629004e-06 3.519590e-08 -1.716443e-06 	 1.501658e-05 -5.011987e-06 2.216624e-06 	 899
6.750000 	 -5.581982e-06 -8.566383e-06 -8.281336e-06 	 -7.034329e-06 -8.658063e-07 -2.277498e-06 	 -1.261631e-05 -9.432189e-06 -1.055883e-05 	 852
7.250000 	 -4.065732e-07 -2.298264e-06 -4.857178e-06 	 2.492050e-06 6.807106e-08 -1.963263e-06 	 2.085477e-06 -2.230193e-06 -6.820441e-06 	 917
7.750000 	 -1.514056e-06 -7.516378e-06 4.268756e-06 	 3.956370e-06 -5.119861e-08 -3.143836e-07 	 2.442313e-06 -7.567576e-06 3.954373e-06 	 930
8.250000 	 1.739997e-05 1.329258e-06 -6.754948e-07 	 -1.699335e-06 -1.593587e-06 2.788226e-06 	 1.570063e-05 -2.643283e-07 2.112732e-06 	 888
8.750000 	 -1.201004e-05 -4.856281e-06 2.687664e-06 	 -4.127219e-06 -6.410578e-07 -2.196414e-06 	 -1.613726e-05 -5.497339e-06 4.912502e-07 	 883
9.250000 	 1.497810e-06 -1.146890e-06 -2.347324e-06 	 4.225009e-06 1.436075e-06 -1.826512e-06 	 5.722819e-06 2.891849e-07 -4.173835e-06 	 911
9.750000 	 1.102368e-05 -5.868408e-08 -2.277216e-06 	 -1.015327e-06 1.190256e-06 2.312445e-06 	 1.000835e-05 1.131572e-06 3.522916e-08 	 917
10.250000 	 5.639461e-06 -1.304101e-06 1.028295e-05 	 -4.266424e-06 1.588680e-06 -5.385222e-07 	 1.373037e-06 2.845791e-07 9.744423e-06 	 895
10.750000 	 -1.754147e-06 1.363997e-06 1.274653e-06 	 -1.681046e-07 8.687221e-07 2.243337e-06 	 -1.922251e-06 2.232719e-06 3.517990e-06 	 879
11.250000 	 -1.068605e-05 -2.607457e-06 -6.557454e-06 	 8.384485e-07 -2.305657e-07 -5.902031e-07 	 -9.847598e-06 -2.838022e-06 -7.147657e-06 	 540
11.750000 	 -3.640512e-05 -1.155517e-05 -2.331562e-07 	 5.392983e-06 1.099621e-05 2.303285e-07 	 -3.101214e-05 -5.589556e-07 -2.827707e-09 	 35
12.250000 	 0.000000e+00 0.000000e+00 0.000000e+00 	 0.000000e+00 0.000000e+00 0.000000e+00 	 0.000000e+00 0.000000e+00 0.000000e+00 	 0
12.750000 	 4.164188e-05 2.826112e-05 7.113882e-06 	 -7.913526e-07 3.545582e-08 -1.903376e-07 	 4.085053e-05 2.829658e-05 6.923545e-06 	 1
13.250000 	 0.000000e+00 0.000000e+00 0.000000e+00 	 0.000000e+00 0.000000e+00 0.000000e+00 	 0.000000e+00 0.000000e+00 0.000000e+00 	 0
13.750000 	 0.000000e+00 0.000000e+00 0.000000e+00 	 0.000000e+00 0.000000e+00 0.000000e+00 	 0.000000e+00 0.000000e+00 0.000000e+00 	 0
14.250000 	 0.000000e+00 0.000000e+00 0.000000e+00 	 0.000000e+00 0.000000e+00 0.000000e+00 	 0.000000e+00 0.000000e+00 0.000000e+00 	 0
14.750000 	 0.000000e+00 0.000000e+00 0.000000e+00 	 4.591616e-11 -1.932765e-10 -3.591127e-12 	 4.591616e-11 -1.932765e-10 -3.591127e-12 	 1
