# 1  2-4    5-7    8-10   11     
# x  dirEF  recEF  sumEF  #Sample
0.250000 	 0.000000e+00 0.000000e+00 0.000000e+00 	 0.000000e+00 0.000000e+00 0.000000e+00 	 0.000000e+00 0.000000e+00 0.000000e+00 	 0
0.750000 	 0.000000e+00 0.000000e+00 0.000000e+00 	 0.000000e+00 0.000000e+00 0.000000e+00 	 0.000000e+00 0.000000e+00 0.000000e+00 	 0
1.250000 	 1.257019e-07 -9.767606e-08 1.328326e-08 	 -1.614597e-12 -5.973000e-14 -1.352252e-13 	 1.257003e-07 -9.767612e-08 1.328313e-08 	 1
1.750000 	 0.000000e+00 0.000000e+00 0.000000e+00 	 0.000000e+00 0.000000e+00 0.000000e+00 	 0.000000e+00 0.000000e+00 0.000000e+00 	 0
2.250000 	 0.000000e+00 0.000000e+00 0.000000e+00 	 0.000000e+00 0.000000e+00 0.000000e+00 	 0.000000e+00 0.000000e+00 0.000000e+00 	 0
2.750000 	 0.000000e+00 0.000000e+00 0.000000e+00 	 0.000000e+00 0.000000e+00 0.000000e+00 	 0.000000e+00 0.000000e+00 0.000000e+00 	 0
3.250000 	 2.276530e-05 -1.363611e-05 1.261361e-05 	 -4.136065e-13 -1.231013e-13 6.150239e-14 	 2.276530e-05 -1.363611e-05 1.261361e-05 	 42
3.750000 	 8.797432e-06 -4.835358e-06 -1.828447e-06 	 -7.801369e-14 -3.065826e-14 -1.220838e-15 	 8.797432e-06 -4.835358e-06 -1.828447e-06 	 570
4.250000 	 1.834445e-05 2.097596e-06 1.396720e-06 	 -5.436005e-14 -1.412837e-14 1.141096e-14 	 1.834445e-05 2.097596e-06 1.396720e-06 	 879
4.750000 	 -2.737063e-06 -1.471490e-06 -2.751401e-06 	 1.539092e-13 1.626343e-16 9.913202e-14 	 -2.737063e-06 -1.471490e-06 -2.751401e-06 	 864
5.250000 	 -1.868071e-05 -6.038393e-06 9.714916e-06 	 3.851361e-14 2.073908e-14 -7.058491e-15 	 -1.868071e-05 -6.038393e-06 9.714916e-06 	 878
5.750000 	 -1.391353e-05 2.556902e-06 -1.151210e-06 	 4.788650e-15 -1.532597e-14 -3.537290e-15 	 -1.391353e-05 2.556902e-06 -1.151210e-06 	 921
6.250000 	 -2.278870e-05 -1.311974e-06 -6.789827e-06 	 1.042516e-13 3.706590e-14 -6.815115e-14 	 -2.278870e-05 -1.311974e-06 -6.789827e-06 	 914
6.750000 	 -1.405310e-05 -1.492494e-06 -1.791102e-06 	 -2.117806e-13 6.766201e-15 1.336625e-14 	 -1.405310e-05 -1.492494e-06 -1.791102e-06 	 886
7.250000 	 9.952452e-06 4.680049e-06 -1.150683e-06 	 1.158233e-13 -5.063893e-14 -1.016503e-14 	 9.952452e-06 4.680049e-06 -1.150683e-06 	 947
7.750000 	 3.287745e-06 -2.316437e-06 4.183871e-06 	 -1.078569e-13 -2.327876e-14 -6.699265e-14 	 3.287744e-06 -2.316437e-06 4.183871e-06 	 929
8.250000 	 9.711594e-06 -2.063025e-06 2.458804e-06 	 -4.058602e-14 9.445191e-15 1.066800e-13 	 9.711594e-06 -2.063025e-06 2.458804e-06 	 893
8.750000 	 1.356184e-05 -4.699161e-06 -1.189675e-06 	 6.672194e-14 -2.169293e-15 -6.228880e-14 	 1.356184e-05 -4.699161e-06 -1.189675e-06 	 941
9.250000 	 -2.645334e-06 6.837388e-06 5.788310e-06 	 5.615284e-14 -1.957081e-14 6.740386e-14 	 -2.645334e-06 6.837388e-06 5.788310e-06 	 921
9.750000 	 2.501657e-06 -5.627747e-06 -3.283414e-06 	 -4.854973e-14 9.972209e-15 -5.368754e-14 	 2.501657e-06 -5.627747e-06 -3.283414e-06 	 944
10.250000 	 1.568035e-05 2.537191e-06 -2.394449e-06 	 -7.632207e-15 1.891292e-14 -1.820595e-14 	 1.568035e-05 2.537191e-06 -2.394449e-06 	 864
10.750000 	 2.362394e-06 2.654901e-06 -9.688661e-07 	 -7.699947e-14 -4.958968e-16 3.314915e-14 	 2.362394e-06 2.654901e-06 -9.688660e-07 	 889
11.250000 	 9.954732e-07 5.495743e-06 6.131661e-06 	 -5.083882e-14 -6.792164e-14 1.609961e-14 	 9.954731e-07 5.495743e-06 6.131661e-06 	 498
11.750000 	 -2.388012e-06 -1.827772e-05 3.486028e-06 	 1.222752e-13 -9.167270e-15 7.281609e-14 	 -2.388012e-06 -1.827772e-05 3.486028e-06 	 42
12.250000 	 0.000000e+00 0.000000e+00 0.000000e+00 	 0.000000e+00 0.000000e+00 0.000000e+00 	 0.000000e+00 0.000000e+00 0.000000e+00 	 0
12.750000 	 0.000000e+00 0.000000e+00 0.000000e+00 	 0.000000e+00 0.000000e+00 0.000000e+00 	 0.000000e+00 0.000000e+00 0.000000e+00 	 0
13.250000 	 0.000000e+00 0.000000e+00 0.000000e+00 	 0.000000e+00 0.000000e+00 0.000000e+00 	 0.000000e+00 0.000000e+00 0.000000e+00 	 0
13.750000 	 0.000000e+00 0.000000e+00 0.000000e+00 	 0.000000e+00 0.000000e+00 0.000000e+00 	 0.000000e+00 0.000000e+00 0.000000e+00 	 0
14.250000 	 0.000000e+00 0.000000e+00 0.000000e+00 	 0.000000e+00 0.000000e+00 0.000000e+00 	 0.000000e+00 0.000000e+00 0.000000e+00 	 0
14.750000 	 0.000000e+00 0.000000e+00 0.000000e+00 	 -3.171907e-13 -1.432188e-13 -1.834644e-13 	 -3.171907e-13 -1.432188e-13 -1.834644e-13 	 1
