# 1  2-4    5-7    8-10   11     
# x  dirEF  recEF  sumEF  #Sample
0.250000 	 0.000000e+00 0.000000e+00 0.000000e+00 	 0.000000e+00 0.000000e+00 0.000000e+00 	 0.000000e+00 0.000000e+00 0.000000e+00 	 0
0.750000 	 0.000000e+00 0.000000e+00 0.000000e+00 	 0.000000e+00 0.000000e+00 0.000000e+00 	 0.000000e+00 0.000000e+00 0.000000e+00 	 0
1.250000 	 0.000000e+00 0.000000e+00 0.000000e+00 	 0.000000e+00 0.000000e+00 0.000000e+00 	 0.000000e+00 0.000000e+00 0.000000e+00 	 0
1.750000 	 0.000000e+00 0.000000e+00 0.000000e+00 	 0.000000e+00 0.000000e+00 0.000000e+00 	 0.000000e+00 0.000000e+00 0.000000e+00 	 0
2.250000 	 0.000000e+00 0.000000e+00 0.000000e+00 	 0.000000e+00 0.000000e+00 0.000000e+00 	 0.000000e+00 0.000000e+00 0.000000e+00 	 0
2.750000 	 0.000000e+00 0.000000e+00 0.000000e+00 	 0.000000e+00 0.000000e+00 0.000000e+00 	 0.000000e+00 0.000000e+00 0.000000e+00 	 0
3.250000 	 -1.276485e-05 -1.396998e-05 -5.741478e-06 	 -1.660826e-05 3.346972e-06 5.304468e-06 	 -2.937311e-05 -1.062300e-05 -4.370106e-07 	 46
3.750000 	 1.270006e-05 2.199847e-06 4.973407e-07 	 1.040270e-05 -4.757531e-07 5.925211e-07 	 2.310277e-05 1.724093e-06 1.089862e-06 	 595
4.250000 	 1.094219e-05 1.726086e-06 2.779499e-07 	 -4.863484e-06 -5.298453e-07 9.156450e-08 	 6.078710e-06 1.196240e-06 3.695144e-07 	 908
4.750000 	 6.035457e-06 5.915981e-07 -9.338910e-06 	 9.619581e-07 -1.119540e-06 -5.280344e-06 	 6.997415e-06 -5.279420e-07 -1.461925e-05 	 889
5.250000 	 -5.120167e-06 -4.694137e-07 2.428097e-06 	 -6.007555e-07 -6.824081e-07 8.235175e-07 	 -5.720922e-06 -1.151822e-06 3.251615e-06 	 847
5.750000 	 -1.811944e-05 1.944847e-06 -2.297390e-06 	 2.671893e-06 2.159684e-07 2.760818e-07 	 -1.544755e-05 2.160815e-06 -2.021308e-06 	 996
6.250000 	 -1.446914e-05 4.605815e-06 5.646727e-08 	 1.397591e-06 2.834569e-07 1.250527e-06 	 -1.307155e-05 4.889272e-06 1.306994e-06 	 849
6.750000 	 1.553212e-05 2.471905e-06 -1.312908e-06 	 -3.116639e-06 -1.590671e-06 -2.255187e-06 	 1.241548e-05 8.812346e-07 -3.568095e-06 	 922
7.250000 	 -4.901314e-06 1.721242e-06 -4.843984e-07 	 -8.622918e-06 6.509967e-07 3.368722e-06 	 -1.352423e-05 2.372239e-06 2.884324e-06 	 923
7.750000 	 2.696137e-06 -1.208042e-05 -5.539435e-06 	 1.004232e-05 1.800611e-06 -1.257181e-06 	 1.273846e-05 -1.027981e-05 -6.796616e-06 	 917
8.250000 	 2.524395e-05 -1.420230e-06 2.835047e-06 	 -5.933938e-06 -1.980111e-06 -6.099362e-07 	 1.931001e-05 -3.400341e-06 2.225111e-06 	 931
8.750000 	 5.328880e-06 2.915174e-07 -4.422614e-07 	 -6.699725e-06 2.384473e-08 -4.345845e-08 	 -1.370845e-06 3.153621e-07 -4.857198e-07 	 885
9.250000 	 3.238350e-06 -9.772131e-07 -1.831500e-06 	 3.407173e-06 -9.012343e-07 4.042199e-07 	 6.645523e-06 -1.878447e-06 -1.427280e-06 	 887
9.750000 	 1.234132e-05 -1.616545e-06 -5.279728e-06 	 5.469657e-07 6.790654e-07 -5.543497e-07 	 1.288829e-05 -9.374799e-07 -5.834078e-06 	 888
10.250000 	 1.479986e-05 8.536909e-06 4.651370e-06 	 -2.690094e-06 -2.177925e-07 -2.398670e-06 	 1.210976e-05 8.319116e-06 2.252700e-06 	 929
10.750000 	 -2.953958e-06 -1.296204e-06 2.746737e-07 	 2.993980e-06 -2.793015e-06 2.567646e-06 	 4.002185e-08 -4.089219e-06 2.842319e-06 	 867
11.250000 	 -4.450224e-06 -2.432034e-06 -1.924631e-06 	 -1.332494e-06 1.367513e-06 -1.195602e-06 	 -5.782718e-06 -1.064520e-06 -3.120233e-06 	 502
11.750000 	 -1.556039e-05 5.147920e-06 1.604706e-05 	 4.084951e-06 -2.609900e-06 1.429850e-06 	 -1.147544e-05 2.538020e-06 1.747691e-05 	 41
12.250000 	 0.000000e+00 0.000000e+00 0.000000e+00 	 0.000000e+00 0.000000e+00 0.000000e+00 	 0.000000e+00 0.000000e+00 0.000000e+00 	 0
12.750000 	 0.000000e+00 0.000000e+00 0.000000e+00 	 0.000000e+00 0.000000e+00 0.000000e+00 	 0.000000e+00 0.000000e+00 0.000000e+00 	 0
13.250000 	 -1.167273e-06 1.019189e-07 1.503717e-08 	 -6.230162e-09 -6.180265e-09 1.309785e-09 	 -1.173503e-06 9.573866e-08 1.634696e-08 	 1
13.750000 	 0.000000e+00 0.000000e+00 0.000000e+00 	 0.000000e+00 0.000000e+00 0.000000e+00 	 0.000000e+00 0.000000e+00 0.000000e+00 	 0
14.250000 	 -2.300425e-08 7.821446e-07 1.292672e-06 	 -1.070330e-09 -1.880039e-09 1.143534e-08 	 -2.407458e-08 7.802645e-07 1.304107e-06 	 1
14.750000 	 0.000000e+00 0.000000e+00 0.000000e+00 	 0.000000e+00 0.000000e+00 0.000000e+00 	 0.000000e+00 0.000000e+00 0.000000e+00 	 0
