# 1  2-4    5-7    8-10   11     
# x  dirEF  recEF  sumEF  #Sample
0.250000 	 0.000000e+00 0.000000e+00 0.000000e+00 	 -2.178862e-10 -7.841783e-12 1.926205e-11 	 -2.178862e-10 -7.841783e-12 1.926205e-11 	 1
0.750000 	 0.000000e+00 0.000000e+00 0.000000e+00 	 0.000000e+00 0.000000e+00 0.000000e+00 	 0.000000e+00 0.000000e+00 0.000000e+00 	 0
1.250000 	 4.351602e-12 -6.150364e-13 4.438929e-13 	 -1.445492e-09 2.766978e-10 -1.638343e-10 	 -1.441141e-09 2.760827e-10 -1.633904e-10 	 1
1.750000 	 0.000000e+00 0.000000e+00 0.000000e+00 	 0.000000e+00 0.000000e+00 0.000000e+00 	 0.000000e+00 0.000000e+00 0.000000e+00 	 0
2.250000 	 0.000000e+00 0.000000e+00 0.000000e+00 	 0.000000e+00 0.000000e+00 0.000000e+00 	 0.000000e+00 0.000000e+00 0.000000e+00 	 0
2.750000 	 0.000000e+00 0.000000e+00 0.000000e+00 	 0.000000e+00 0.000000e+00 0.000000e+00 	 0.000000e+00 0.000000e+00 0.000000e+00 	 0
3.250000 	 -2.383832e-06 5.817859e-06 -4.031382e-06 	 -5.125479e-06 1.193935e-06 3.227556e-06 	 -7.509311e-06 7.011794e-06 -8.038260e-07 	 40
3.750000 	 -1.945613e-05 -7.010135e-09 3.709054e-06 	 -1.166857e-06 -1.336430e-06 -9.353286e-07 	 -2.062299e-05 -1.343440e-06 2.773726e-06 	 571
4.250000 	 -3.142842e-06 7.193152e-07 2.326057e-06 	 -4.230437e-06 -7.262121e-07 4.031806e-07 	 -7.373278e-06 -6.896903e-09 2.729237e-06 	 924
4.750000 	 3.858864e-05 -1.207657e-06 2.216021e-06 	 4.775776e-06 3.776412e-06 4.475419e-07 	 4.336441e-05 2.568755e-06 2.663563e-06 	 943
5.250000 	 3.293922e-05 8.263866e-06 -3.091922e-06 	 -6.561751e-06 1.453253e-06 6.002137e-07 	 2.637747e-05 9.717119e-06 -2.491709e-06 	 912
5.750000 	 1.374904e-05 -9.734418e-07 -1.918156e-06 	 5.084860e-06 -4.006185e-06 -2.444338e-06 	 1.883390e-05 -4.979627e-06 -4.362494e-06 	 884
6.250000 	 -4.818345e-06 -2.573285e-06 -7.822576e-07 	 -5.328104e-06 -1.896039e-06 1.333092e-06 	 -1.014645e-05 -4.469324e-06 5.508348e-07 	 840
6.750000 	 -2.128272e-05 -2.284151e-06 -2.386311e-06 	 9.321424e-06 -6.626766e-07 3.188509e-07 	 -1.196130e-05 -2.946827e-06 -2.067460e-06 	 921
7.250000 	 -6.587396e-06 -6.019965e-06 4.387354e-06 	 -7.074256e-06 -4.097038e-07 2.153863e-06 	 -1.366165e-05 -6.429669e-06 6.541218e-06 	 891
7.750000 	 1.239518e-05 5.012774e-06 -3.571647e-06 	 5.246540e-07 -1.306168e-06 4.429009e-07 	 1.291983e-05 3.706605e-06 -3.128746e-06 	 885
8.250000 	 6.035842e-06 -3.068442e-06 2.546368e-06 	 1.547007e-06 -2.848860e-08 -1.201660e-06 	 7.582849e-06 -3.096931e-06 1.344708e-06 	 905
8.750000 	 7.847997e-07 -4.300448e-06 -4.189938e-06 	 -1.065740e-06 1.585950e-06 1.438249e-06 	 -2.809399e-07 -2.714498e-06 -2.751689e-06 	 900
9.250000 	 -6.218892e-06 1.132277e-06 -1.704796e-06 	 5.576822e-06 -1.024680e-06 -6.154084e-07 	 -6.420696e-07 1.075969e-07 -2.320204e-06 	 894
9.750000 	 -2.170168e-06 -2.023629e-06 9.137707e-07 	 -3.671616e-06 1.772619e-06 8.064450e-07 	 -5.841784e-06 -2.510091e-07 1.720216e-06 	 888
10.250000 	 -9.496993e-06 6.553354e-07 -4.008829e-06 	 7.349534e-07 -1.092036e-06 4.994848e-07 	 -8.762039e-06 -4.367009e-07 -3.509344e-06 	 891
10.750000 	 6.621397e-07 1.935683e-06 3.831104e-06 	 -3.220949e-07 -3.378127e-06 1.569252e-06 	 3.400448e-07 -1.442443e-06 5.400356e-06 	 914
11.250000 	 6.141447e-06 2.525505e-07 -2.931846e-06 	 2.129554e-06 1.819936e-06 -3.191304e-06 	 8.271001e-06 2.072487e-06 -6.123150e-06 	 576
11.750000 	 8.450373e-06 -5.310891e-06 1.288712e-05 	 -1.010069e-05 -1.055181e-06 1.858074e-06 	 -1.650318e-06 -6.366073e-06 1.474520e-05 	 43
12.250000 	 0.000000e+00 0.000000e+00 0.000000e+00 	 0.000000e+00 0.000000e+00 0.000000e+00 	 0.000000e+00 0.000000e+00 0.000000e+00 	 0
12.750000 	 0.000000e+00 0.000000e+00 0.000000e+00 	 0.000000e+00 0.000000e+00 0.000000e+00 	 0.000000e+00 0.000000e+00 0.000000e+00 	 0
13.250000 	 0.000000e+00 0.000000e+00 0.000000e+00 	 0.000000e+00 0.000000e+00 0.000000e+00 	 0.000000e+00 0.000000e+00 0.000000e+00 	 0
13.750000 	 0.000000e+00 0.000000e+00 0.000000e+00 	 0.000000e+00 0.000000e+00 0.000000e+00 	 0.000000e+00 0.000000e+00 0.000000e+00 	 0
14.250000 	 0.000000e+00 0.000000e+00 0.000000e+00 	 0.000000e+00 0.000000e+00 0.000000e+00 	 0.000000e+00 0.000000e+00 0.000000e+00 	 0
14.750000 	 0.000000e+00 0.000000e+00 0.000000e+00 	 0.000000e+00 0.000000e+00 0.000000e+00 	 0.000000e+00 0.000000e+00 0.000000e+00 	 0
