# 1  2-4    5-7    8-10   11     
# x  dirEF  recEF  sumEF  #Sample
0.250000 	 0.000000e+00 0.000000e+00 0.000000e+00 	 0.000000e+00 0.000000e+00 0.000000e+00 	 0.000000e+00 0.000000e+00 0.000000e+00 	 0
0.750000 	 0.000000e+00 0.000000e+00 0.000000e+00 	 0.000000e+00 0.000000e+00 0.000000e+00 	 0.000000e+00 0.000000e+00 0.000000e+00 	 0
1.250000 	 0.000000e+00 0.000000e+00 0.000000e+00 	 -1.875282e-10 3.682352e-11 2.893937e-10 	 -1.875282e-10 3.682352e-11 2.893937e-10 	 1
1.750000 	 0.000000e+00 0.000000e+00 0.000000e+00 	 0.000000e+00 0.000000e+00 0.000000e+00 	 0.000000e+00 0.000000e+00 0.000000e+00 	 0
2.250000 	 -1.020334e-05 2.447736e-05 4.617829e-06 	 1.836054e-07 5.878174e-07 2.550147e-07 	 -1.001974e-05 2.506518e-05 4.872844e-06 	 2
2.750000 	 2.035497e-05 1.336571e-05 -9.752032e-05 	 5.095123e-06 1.029493e-06 1.795825e-07 	 2.545009e-05 1.439520e-05 -9.734074e-05 	 1
3.250000 	 -2.563450e-06 4.711927e-06 1.097129e-05 	 -1.905858e-06 -1.793599e-06 -1.003149e-05 	 -4.469308e-06 2.918329e-06 9.398046e-07 	 34
3.750000 	 6.892125e-06 -5.894197e-06 1.315881e-06 	 -1.850627e-06 -1.241037e-06 -3.361979e-07 	 5.041498e-06 -7.135234e-06 9.796834e-07 	 546
4.250000 	 8.936174e-06 7.348552e-07 1.577938e-06 	 3.809195e-06 -8.425080e-07 -2.564510e-06 	 1.274537e-05 -1.076527e-07 -9.865716e-07 	 881
4.750000 	 -7.129215e-06 -2.252195e-06 -1.242714e-06 	 -5.478014e-06 -3.000989e-06 -6.138734e-07 	 -1.260723e-05 -5.253185e-06 -1.856588e-06 	 848
5.250000 	 -1.485692e-06 1.266232e-06 -1.990959e-06 	 3.809806e-06 1.318773e-07 -3.083512e-07 	 2.324115e-06 1.398110e-06 -2.299310e-06 	 938
5.750000 	 -7.978643e-06 -1.192868e-06 9.948709e-06 	 -6.676164e-07 3.340874e-06 -9.036712e-07 	 -8.646259e-06 2.148006e-06 9.045038e-06 	 952
6.250000 	 5.056616e-06 4.706132e-06 2.474602e-06 	 1.398921e-06 4.849857e-07 8.846084e-07 	 6.455537e-06 5.191118e-06 3.359210e-06 	 890
6.750000 	 -2.781176e-07 -7.159090e-06 -7.375674e-06 	 -6.875129e-06 -3.362853e-06 8.170688e-07 	 -7.153246e-06 -1.052194e-05 -6.558605e-06 	 931
7.250000 	 4.001832e-06 2.215780e-06 6.643157e-06 	 7.112432e-06 -2.486226e-06 1.077720e-07 	 1.111426e-05 -2.704460e-07 6.750929e-06 	 861
7.750000 	 -5.736461e-06 -3.708282e-06 4.769213e-06 	 -3.631548e-06 -2.836797e-06 2.997162e-06 	 -9.368009e-06 -6.545080e-06 7.766375e-06 	 898
8.250000 	 -1.119741e-05 9.119822e-07 1.362754e-06 	 -6.528767e-07 -5.440829e-07 -1.202316e-06 	 -1.185029e-05 3.678993e-07 1.604379e-07 	 888
8.750000 	 7.748090e-07 2.518785e-06 -1.342161e-07 	 6.250683e-06 -4.702891e-07 1.048970e-06 	 7.025492e-06 2.048496e-06 9.147539e-07 	 890
9.250000 	 4.229109e-06 -1.395570e-06 -2.140817e-06 	 -2.812853e-06 -1.915143e-07 -1.847390e-06 	 1.416256e-06 -1.587085e-06 -3.988207e-06 	 912
9.750000 	 -1.766905e-05 9.304613e-08 -1.123975e-06 	 6.588172e-06 7.989872e-07 3.334940e-06 	 -1.108088e-05 8.920334e-07 2.210965e-06 	 917
10.250000 	 -1.503020e-05 1.251291e-05 -4.853971e-07 	 -7.141466e-06 8.999946e-07 -1.452825e-06 	 -2.217167e-05 1.341290e-05 -1.938222e-06 	 891
10.750000 	 -2.965747e-06 3.428339e-07 -1.842759e-07 	 4.132547e-06 -8.630313e-07 -6.294810e-07 	 1.166801e-06 -5.201975e-07 -8.137570e-07 	 943
11.250000 	 -1.029142e-05 -1.613368e-07 2.600879e-06 	 -3.504322e-06 4.037159e-06 -1.576331e-06 	 -1.379574e-05 3.875822e-06 1.024548e-06 	 561
11.750000 	 -1.429986e-05 -1.386028e-05 -1.728914e-05 	 7.692773e-07 3.318481e-06 -8.962306e-06 	 -1.353059e-05 -1.054180e-05 -2.625145e-05 	 39
12.250000 	 0.000000e+00 0.000000e+00 0.000000e+00 	 0.000000e+00 0.000000e+00 0.000000e+00 	 0.000000e+00 0.000000e+00 0.000000e+00 	 0
12.750000 	 0.000000e+00 0.000000e+00 0.000000e+00 	 0.000000e+00 0.000000e+00 0.000000e+00 	 0.000000e+00 0.000000e+00 0.000000e+00 	 0
13.250000 	 0.000000e+00 0.000000e+00 0.000000e+00 	 0.000000e+00 0.000000e+00 0.000000e+00 	 0.000000e+00 0.000000e+00 0.000000e+00 	 0
13.750000 	 0.000000e+00 0.000000e+00 0.000000e+00 	 0.000000e+00 0.000000e+00 0.000000e+00 	 0.000000e+00 0.000000e+00 0.000000e+00 	 0
14.250000 	 0.000000e+00 0.000000e+00 0.000000e+00 	 0.000000e+00 0.000000e+00 0.000000e+00 	 0.000000e+00 0.000000e+00 0.000000e+00 	 0
14.750000 	 0.000000e+00 0.000000e+00 0.000000e+00 	 0.000000e+00 0.000000e+00 0.000000e+00 	 0.000000e+00 0.000000e+00 0.000000e+00 	 0
