# 1  2-4    5-7    8-10   11     
# x  dirEF  recEF  sumEF  #Sample
0.250000 	 0.000000e+00 0.000000e+00 0.000000e+00 	 0.000000e+00 0.000000e+00 0.000000e+00 	 0.000000e+00 0.000000e+00 0.000000e+00 	 0
0.750000 	 0.000000e+00 0.000000e+00 0.000000e+00 	 0.000000e+00 0.000000e+00 0.000000e+00 	 0.000000e+00 0.000000e+00 0.000000e+00 	 0
1.250000 	 0.000000e+00 0.000000e+00 0.000000e+00 	 0.000000e+00 0.000000e+00 0.000000e+00 	 0.000000e+00 0.000000e+00 0.000000e+00 	 0
1.750000 	 0.000000e+00 0.000000e+00 0.000000e+00 	 0.000000e+00 0.000000e+00 0.000000e+00 	 0.000000e+00 0.000000e+00 0.000000e+00 	 0
2.250000 	 0.000000e+00 0.000000e+00 0.000000e+00 	 0.000000e+00 0.000000e+00 0.000000e+00 	 0.000000e+00 0.000000e+00 0.000000e+00 	 0
2.750000 	 0.000000e+00 0.000000e+00 0.000000e+00 	 0.000000e+00 0.000000e+00 0.000000e+00 	 0.000000e+00 0.000000e+00 0.000000e+00 	 0
3.250000 	 6.400609e-06 9.785823e-06 5.425150e-06 	 -6.153345e-06 2.633539e-05 3.948626e-06 	 2.472647e-07 3.612122e-05 9.373777e-06 	 48
3.750000 	 -2.489816e-07 -5.585110e-07 1.501376e-06 	 3.963892e-06 -3.281552e-06 5.103603e-06 	 3.714910e-06 -3.840063e-06 6.604979e-06 	 588
4.250000 	 1.580277e-05 -1.525915e-07 -9.262141e-07 	 3.601079e-06 -1.944191e-06 1.376899e-06 	 1.940385e-05 -2.096782e-06 4.506854e-07 	 905
4.750000 	 1.376988e-06 -2.702770e-06 1.407672e-06 	 -1.297573e-05 -7.482063e-07 -3.438914e-06 	 -1.159874e-05 -3.450976e-06 -2.031242e-06 	 897
5.250000 	 -5.024507e-07 -1.492412e-06 2.613738e-07 	 1.089598e-05 2.472412e-06 2.237416e-06 	 1.039353e-05 9.800001e-07 2.498790e-06 	 891
5.750000 	 2.317740e-07 -2.115386e-08 -2.019394e-06 	 -8.291351e-06 -1.431181e-05 4.474579e-06 	 -8.059577e-06 -1.433297e-05 2.455185e-06 	 904
6.250000 	 1.002011e-05 -5.828567e-06 2.742705e-07 	 1.236396e-06 -2.138534e-06 6.898496e-07 	 1.125651e-05 -7.967101e-06 9.641201e-07 	 910
6.750000 	 -6.822491e-06 4.337010e-07 -5.595182e-06 	 4.790846e-07 7.821694e-06 3.335420e-07 	 -6.343406e-06 8.255395e-06 -5.261640e-06 	 887
7.250000 	 -1.376925e-05 -1.269712e-06 3.842384e-06 	 -5.052952e-06 7.249296e-06 1.066673e-05 	 -1.882220e-05 5.979584e-06 1.450912e-05 	 897
7.750000 	 -3.951636e-06 6.159404e-06 1.629831e-06 	 1.465633e-06 6.618205e-08 -2.397341e-06 	 -2.486003e-06 6.225586e-06 -7.675091e-07 	 940
8.250000 	 -1.094794e-05 1.054659e-06 -4.279926e-06 	 1.396333e-06 -1.428697e-07 8.322140e-06 	 -9.551606e-06 9.117888e-07 4.042214e-06 	 911
8.750000 	 6.472491e-06 -1.613411e-06 4.197665e-07 	 1.815687e-05 -4.750877e-06 -2.300982e-06 	 2.462937e-05 -6.364288e-06 -1.881215e-06 	 880
9.250000 	 2.071513e-05 2.217545e-06 1.652982e-06 	 -1.535358e-05 3.357139e-06 6.683985e-07 	 5.361544e-06 5.574684e-06 2.321380e-06 	 889
9.750000 	 3.755091e-06 3.776425e-07 -5.847935e-06 	 1.091971e-05 -9.786264e-06 -3.455182e-06 	 1.467480e-05 -9.408622e-06 -9.303116e-06 	 927
10.250000 	 -1.308161e-05 -2.438393e-06 7.259672e-06 	 -3.708530e-06 3.828466e-06 -3.250753e-06 	 -1.679014e-05 1.390073e-06 4.008919e-06 	 864
10.750000 	 -2.174175e-06 -2.286607e-06 -3.124124e-08 	 4.821711e-06 3.368794e-06 5.553906e-06 	 2.647536e-06 1.082187e-06 5.522665e-06 	 877
11.250000 	 -8.684268e-06 2.191097e-06 6.644096e-07 	 -3.878139e-06 9.141366e-06 2.554177e-06 	 -1.256241e-05 1.133246e-05 3.218587e-06 	 577
11.750000 	 4.333402e-06 -1.083990e-05 -1.395642e-05 	 1.458823e-05 -7.861983e-06 -8.437313e-06 	 1.892163e-05 -1.870189e-05 -2.239374e-05 	 32
12.250000 	 0.000000e+00 0.000000e+00 0.000000e+00 	 0.000000e+00 0.000000e+00 0.000000e+00 	 0.000000e+00 0.000000e+00 0.000000e+00 	 0
12.750000 	 0.000000e+00 0.000000e+00 0.000000e+00 	 0.000000e+00 0.000000e+00 0.000000e+00 	 0.000000e+00 0.000000e+00 0.000000e+00 	 0
13.250000 	 0.000000e+00 0.000000e+00 0.000000e+00 	 0.000000e+00 0.000000e+00 0.000000e+00 	 0.000000e+00 0.000000e+00 0.000000e+00 	 0
13.750000 	 0.000000e+00 0.000000e+00 0.000000e+00 	 0.000000e+00 0.000000e+00 0.000000e+00 	 0.000000e+00 0.000000e+00 0.000000e+00 	 0
14.250000 	 0.000000e+00 0.000000e+00 0.000000e+00 	 0.000000e+00 0.000000e+00 0.000000e+00 	 0.000000e+00 0.000000e+00 0.000000e+00 	 0
14.750000 	 0.000000e+00 0.000000e+00 0.000000e+00 	 0.000000e+00 0.000000e+00 0.000000e+00 	 0.000000e+00 0.000000e+00 0.000000e+00 	 0
