# 1  2-4    5-7    8-10   11     
# x  dirEF  recEF  sumEF  #Sample
0.250000 	 0.000000e+00 0.000000e+00 0.000000e+00 	 0.000000e+00 0.000000e+00 0.000000e+00 	 0.000000e+00 0.000000e+00 0.000000e+00 	 0
0.750000 	 0.000000e+00 0.000000e+00 0.000000e+00 	 0.000000e+00 0.000000e+00 0.000000e+00 	 0.000000e+00 0.000000e+00 0.000000e+00 	 0
1.250000 	 0.000000e+00 0.000000e+00 0.000000e+00 	 0.000000e+00 0.000000e+00 0.000000e+00 	 0.000000e+00 0.000000e+00 0.000000e+00 	 0
1.750000 	 0.000000e+00 0.000000e+00 0.000000e+00 	 0.000000e+00 0.000000e+00 0.000000e+00 	 0.000000e+00 0.000000e+00 0.000000e+00 	 0
2.250000 	 0.000000e+00 0.000000e+00 0.000000e+00 	 0.000000e+00 0.000000e+00 0.000000e+00 	 0.000000e+00 0.000000e+00 0.000000e+00 	 0
2.750000 	 0.000000e+00 0.000000e+00 0.000000e+00 	 0.000000e+00 0.000000e+00 0.000000e+00 	 0.000000e+00 0.000000e+00 0.000000e+00 	 0
3.250000 	 -7.590265e-06 2.827547e-06 -5.866907e-06 	 -3.706081e-06 -3.623559e-07 -2.575061e-06 	 -1.129635e-05 2.465191e-06 -8.441968e-06 	 41
3.750000 	 2.063406e-06 1.205349e-06 3.359153e-06 	 -7.259705e-07 -1.340779e-06 6.777047e-06 	 1.337436e-06 -1.354302e-07 1.013620e-05 	 559
4.250000 	 -5.379503e-06 -6.625262e-06 9.080460e-07 	 -3.760937e-06 -6.121967e-06 -1.178430e-06 	 -9.140440e-06 -1.274723e-05 -2.703837e-07 	 859
4.750000 	 -4.202516e-06 4.985679e-06 1.054618e-07 	 3.859625e-06 -1.943380e-08 -1.574476e-05 	 -3.428906e-07 4.966245e-06 -1.563929e-05 	 897
5.250000 	 -2.667532e-05 7.665890e-06 -3.021990e-06 	 -2.504381e-06 2.342733e-06 -3.773665e-06 	 -2.917970e-05 1.000862e-05 -6.795655e-06 	 942
5.750000 	 -2.792112e-06 1.704844e-06 1.614384e-06 	 7.422180e-07 -1.411045e-05 7.212637e-06 	 -2.049894e-06 -1.240561e-05 8.827021e-06 	 918
6.250000 	 4.235939e-06 6.305358e-06 2.451015e-06 	 -6.429542e-06 5.952253e-06 -2.374293e-06 	 -2.193603e-06 1.225761e-05 7.672157e-08 	 938
6.750000 	 8.480429e-06 -2.967624e-06 -3.102954e-07 	 1.671331e-06 -1.106184e-05 -2.230234e-06 	 1.015176e-05 -1.402947e-05 -2.540530e-06 	 896
7.250000 	 2.552892e-05 -2.964811e-06 7.899204e-08 	 3.542332e-06 -1.944642e-06 5.394552e-06 	 2.907125e-05 -4.909454e-06 5.473544e-06 	 916
7.750000 	 2.508369e-05 3.232509e-06 -3.085171e-06 	 6.139557e-06 -1.957441e-06 8.377925e-07 	 3.122325e-05 1.275068e-06 -2.247378e-06 	 909
8.250000 	 2.103193e-05 -4.005466e-06 8.897917e-06 	 -7.081703e-06 3.426257e-06 1.008071e-06 	 1.395023e-05 -5.792093e-07 9.905989e-06 	 863
8.750000 	 3.164143e-07 4.452077e-07 1.840250e-07 	 1.151156e-07 -2.803935e-06 7.174382e-07 	 4.315299e-07 -2.358727e-06 9.014632e-07 	 907
9.250000 	 -3.734443e-05 -6.705859e-07 3.086883e-08 	 -1.053834e-05 -1.011730e-05 1.950834e-06 	 -4.788276e-05 -1.078788e-05 1.981703e-06 	 908
9.750000 	 -1.116321e-05 2.218637e-06 -3.908878e-06 	 -3.438730e-06 7.372564e-06 -5.991563e-07 	 -1.460194e-05 9.591200e-06 -4.508034e-06 	 872
10.250000 	 1.019442e-06 -1.935703e-06 -1.066866e-06 	 -1.043770e-05 -6.585157e-06 3.363668e-06 	 -9.418260e-06 -8.520860e-06 2.296801e-06 	 954
10.750000 	 1.615168e-06 -3.207636e-06 1.007999e-06 	 1.668201e-07 -2.480934e-06 -1.957413e-06 	 1.781988e-06 -5.688570e-06 -9.494146e-07 	 870
11.250000 	 5.982598e-06 4.993759e-06 -4.903414e-06 	 1.135220e-05 -9.602882e-07 -1.385692e-06 	 1.733479e-05 4.033471e-06 -6.289105e-06 	 538
11.750000 	 2.833711e-05 -1.154128e-05 1.433427e-05 	 -1.425883e-05 5.503209e-06 -6.255274e-06 	 1.407827e-05 -6.038075e-06 8.078994e-06 	 37
12.250000 	 0.000000e+00 0.000000e+00 0.000000e+00 	 0.000000e+00 0.000000e+00 0.000000e+00 	 0.000000e+00 0.000000e+00 0.000000e+00 	 0
12.750000 	 0.000000e+00 0.000000e+00 0.000000e+00 	 0.000000e+00 0.000000e+00 0.000000e+00 	 0.000000e+00 0.000000e+00 0.000000e+00 	 0
13.250000 	 0.000000e+00 0.000000e+00 0.000000e+00 	 0.000000e+00 0.000000e+00 0.000000e+00 	 0.000000e+00 0.000000e+00 0.000000e+00 	 0
13.750000 	 0.000000e+00 0.000000e+00 0.000000e+00 	 0.000000e+00 0.000000e+00 0.000000e+00 	 0.000000e+00 0.000000e+00 0.000000e+00 	 0
14.250000 	 0.000000e+00 0.000000e+00 0.000000e+00 	 0.000000e+00 0.000000e+00 0.000000e+00 	 0.000000e+00 0.000000e+00 0.000000e+00 	 0
14.750000 	 0.000000e+00 0.000000e+00 0.000000e+00 	 0.000000e+00 0.000000e+00 0.000000e+00 	 0.000000e+00 0.000000e+00 0.000000e+00 	 0
