# 1  2-4    5-7    8-10   11     
# x  dirEF  recEF  sumEF  #Sample
0.250000 	 0.000000e+00 0.000000e+00 0.000000e+00 	 0.000000e+00 0.000000e+00 0.000000e+00 	 0.000000e+00 0.000000e+00 0.000000e+00 	 0
0.750000 	 0.000000e+00 0.000000e+00 0.000000e+00 	 0.000000e+00 0.000000e+00 0.000000e+00 	 0.000000e+00 0.000000e+00 0.000000e+00 	 0
1.250000 	 1.257019e-07 -9.767606e-08 1.328326e-08 	 -1.681542e-06 -1.521518e-06 -1.617409e-06 	 -1.555840e-06 -1.619194e-06 -1.604126e-06 	 1
1.750000 	 0.000000e+00 0.000000e+00 0.000000e+00 	 0.000000e+00 0.000000e+00 0.000000e+00 	 0.000000e+00 0.000000e+00 0.000000e+00 	 0
2.250000 	 0.000000e+00 0.000000e+00 0.000000e+00 	 0.000000e+00 0.000000e+00 0.000000e+00 	 0.000000e+00 0.000000e+00 0.000000e+00 	 0
2.750000 	 0.000000e+00 0.000000e+00 0.000000e+00 	 0.000000e+00 0.000000e+00 0.000000e+00 	 0.000000e+00 0.000000e+00 0.000000e+00 	 0
3.250000 	 2.276530e-05 -1.363611e-05 1.261361e-05 	 3.184345e-06 -2.562207e-06 -4.976495e-06 	 2.594965e-05 -1.619832e-05 7.637119e-06 	 42
3.750000 	 8.797432e-06 -4.835358e-06 -1.828447e-06 	 -8.761996e-07 -1.702582e-06 -2.287913e-06 	 7.921232e-06 -6.537940e-06 -4.116360e-06 	 570
4.250000 	 1.834445e-05 2.097596e-06 1.396720e-06 	 1.937306e-06 1.217094e-07 -1.143003e-08 	 2.028175e-05 2.219306e-06 1.385290e-06 	 879
4.750000 	 -2.737063e-06 -1.471490e-06 -2.751401e-06 	 -1.675853e-06 2.684582e-06 -1.967657e-07 	 -4.412917e-06 1.213092e-06 -2.948167e-06 	 864
5.250000 	 -1.868071e-05 -6.038393e-06 9.714916e-06 	 1.482059e-06 -2.138848e-06 4.480116e-07 	 -1.719865e-05 -8.177241e-06 1.016293e-05 	 878
5.750000 	 -1.391353e-05 2.556902e-06 -1.151210e-06 	 -2.254982e-06 7.412502e-07 -1.801085e-06 	 -1.616851e-05 3.298152e-06 -2.952295e-06 	 921
6.250000 	 -2.278870e-05 -1.311974e-06 -6.789827e-06 	 -5.175481e-06 -3.078169e-06 1.030311e-06 	 -2.796418e-05 -4.390143e-06 -5.759517e-06 	 914
6.750000 	 -1.405310e-05 -1.492494e-06 -1.791102e-06 	 8.594086e-06 2.232468e-06 -2.029539e-07 	 -5.459014e-06 7.399732e-07 -1.994056e-06 	 886
7.250000 	 9.952452e-06 4.680049e-06 -1.150683e-06 	 -6.880069e-06 -6.688383e-07 -6.786450e-07 	 3.072382e-06 4.011211e-06 -1.829329e-06 	 947
7.750000 	 3.287745e-06 -2.316437e-06 4.183871e-06 	 4.323995e-06 2.174831e-06 -3.696067e-07 	 7.611740e-06 -1.416060e-07 3.814264e-06 	 929
8.250000 	 9.711594e-06 -2.063025e-06 2.458804e-06 	 6.599687e-06 -3.718854e-07 -1.326938e-07 	 1.631128e-05 -2.434910e-06 2.326110e-06 	 893
8.750000 	 1.356184e-05 -4.699161e-06 -1.189675e-06 	 -7.094730e-06 1.829135e-06 1.122222e-06 	 6.467112e-06 -2.870026e-06 -6.745370e-08 	 941
9.250000 	 -2.645334e-06 6.837388e-06 5.788310e-06 	 4.399157e-06 3.975500e-09 9.917460e-07 	 1.753822e-06 6.841363e-06 6.780056e-06 	 921
9.750000 	 2.501657e-06 -5.627747e-06 -3.283414e-06 	 5.124557e-07 -4.375139e-07 9.594582e-07 	 3.014113e-06 -6.065261e-06 -2.323956e-06 	 944
10.250000 	 1.568035e-05 2.537191e-06 -2.394449e-06 	 3.227891e-06 6.723839e-07 2.185694e-06 	 1.890824e-05 3.209574e-06 -2.087553e-07 	 864
10.750000 	 2.362394e-06 2.654901e-06 -9.688661e-07 	 -1.780404e-06 -2.558595e-06 6.438794e-08 	 5.819907e-07 9.630584e-08 -9.044781e-07 	 889
11.250000 	 9.954732e-07 5.495743e-06 6.131661e-06 	 -9.370238e-07 3.509406e-06 1.296274e-06 	 5.844931e-08 9.005149e-06 7.427934e-06 	 498
11.750000 	 -2.388012e-06 -1.827772e-05 3.486028e-06 	 -3.973232e-06 -2.643949e-06 -4.610737e-06 	 -6.361244e-06 -2.092167e-05 -1.124709e-06 	 42
12.250000 	 0.000000e+00 0.000000e+00 0.000000e+00 	 0.000000e+00 0.000000e+00 0.000000e+00 	 0.000000e+00 0.000000e+00 0.000000e+00 	 0
12.750000 	 0.000000e+00 0.000000e+00 0.000000e+00 	 0.000000e+00 0.000000e+00 0.000000e+00 	 0.000000e+00 0.000000e+00 0.000000e+00 	 0
13.250000 	 0.000000e+00 0.000000e+00 0.000000e+00 	 0.000000e+00 0.000000e+00 0.000000e+00 	 0.000000e+00 0.000000e+00 0.000000e+00 	 0
13.750000 	 0.000000e+00 0.000000e+00 0.000000e+00 	 0.000000e+00 0.000000e+00 0.000000e+00 	 0.000000e+00 0.000000e+00 0.000000e+00 	 0
14.250000 	 0.000000e+00 0.000000e+00 0.000000e+00 	 0.000000e+00 0.000000e+00 0.000000e+00 	 0.000000e+00 0.000000e+00 0.000000e+00 	 0
14.750000 	 0.000000e+00 0.000000e+00 0.000000e+00 	 -1.523449e-06 -1.559295e-06 -1.613119e-06 	 -1.523449e-06 -1.559295e-06 -1.613119e-06 	 1
