# 1  2-4    5-7    8-10   11     
# x  dirEF  recEF  sumEF  #Sample
0.250000 	 0.000000e+00 0.000000e+00 0.000000e+00 	 0.000000e+00 0.000000e+00 0.000000e+00 	 0.000000e+00 0.000000e+00 0.000000e+00 	 0
0.750000 	 0.000000e+00 0.000000e+00 0.000000e+00 	 0.000000e+00 0.000000e+00 0.000000e+00 	 0.000000e+00 0.000000e+00 0.000000e+00 	 0
1.250000 	 0.000000e+00 0.000000e+00 0.000000e+00 	 0.000000e+00 0.000000e+00 0.000000e+00 	 0.000000e+00 0.000000e+00 0.000000e+00 	 0
1.750000 	 0.000000e+00 0.000000e+00 0.000000e+00 	 0.000000e+00 0.000000e+00 0.000000e+00 	 0.000000e+00 0.000000e+00 0.000000e+00 	 0
2.250000 	 -1.689930e-06 -6.114611e-07 2.313666e-05 	 -5.310719e-08 4.845102e-08 -4.706520e-08 	 -1.743037e-06 -5.630101e-07 2.308960e-05 	 1
2.750000 	 0.000000e+00 0.000000e+00 0.000000e+00 	 0.000000e+00 0.000000e+00 0.000000e+00 	 0.000000e+00 0.000000e+00 0.000000e+00 	 0
3.250000 	 1.602043e-05 1.919109e-06 1.976015e-05 	 -2.072947e-06 2.430499e-06 -7.252103e-07 	 1.394748e-05 4.349608e-06 1.903494e-05 	 35
3.750000 	 1.528177e-05 3.830444e-06 3.042249e-06 	 8.746856e-06 -1.891784e-06 -8.110707e-08 	 2.402862e-05 1.938660e-06 2.961142e-06 	 631
4.250000 	 8.606161e-06 -4.723981e-06 2.306859e-06 	 -3.733159e-06 1.268582e-06 -8.149179e-07 	 4.873002e-06 -3.455399e-06 1.491941e-06 	 855
4.750000 	 -4.140046e-06 1.065627e-06 -1.048835e-06 	 3.735026e-06 1.250817e-06 1.354447e-06 	 -4.050198e-07 2.316444e-06 3.056121e-07 	 864
5.250000 	 -1.559133e-05 2.285742e-06 -8.890973e-06 	 -3.052419e-06 -3.196984e-07 1.607798e-07 	 -1.864375e-05 1.966044e-06 -8.730193e-06 	 893
5.750000 	 5.645064e-07 7.913588e-07 -2.660837e-06 	 -5.489184e-06 -1.688158e-06 2.636691e-06 	 -4.924677e-06 -8.967994e-07 -2.414591e-08 	 908
6.250000 	 1.874800e-05 1.667235e-06 -4.872478e-08 	 -5.189801e-06 -9.216910e-07 -1.551895e-06 	 1.355820e-05 7.455439e-07 -1.600619e-06 	 917
6.750000 	 1.149965e-05 -2.305296e-06 5.083982e-06 	 8.774158e-06 -3.000252e-07 -5.341855e-07 	 2.027381e-05 -2.605321e-06 4.549797e-06 	 879
7.250000 	 8.315647e-06 1.312676e-06 6.583792e-06 	 -2.622334e-06 5.374031e-07 -1.070385e-06 	 5.693313e-06 1.850079e-06 5.513408e-06 	 891
7.750000 	 5.529061e-06 -2.027248e-07 4.469717e-06 	 -9.264480e-07 1.209745e-06 3.742905e-07 	 4.602613e-06 1.007020e-06 4.844007e-06 	 894
8.250000 	 -1.702024e-05 4.194840e-06 -2.989818e-06 	 3.678756e-06 -1.926313e-06 1.775456e-06 	 -1.334148e-05 2.268527e-06 -1.214362e-06 	 885
8.750000 	 -1.921560e-05 5.367056e-07 4.161670e-06 	 -1.548779e-06 6.011998e-07 -2.165213e-06 	 -2.076438e-05 1.137905e-06 1.996457e-06 	 899
9.250000 	 -2.564383e-05 -1.347003e-06 -6.891102e-06 	 1.794455e-06 -8.965373e-07 1.511170e-06 	 -2.384937e-05 -2.243540e-06 -5.379932e-06 	 922
9.750000 	 -1.403314e-05 1.540419e-06 7.618367e-07 	 -2.875362e-06 6.076381e-07 1.787530e-06 	 -1.690851e-05 2.148057e-06 2.549367e-06 	 920
10.250000 	 1.992002e-05 -2.131394e-06 1.696545e-06 	 -1.283484e-06 1.459399e-08 -1.503380e-07 	 1.863654e-05 -2.116800e-06 1.546207e-06 	 917
10.750000 	 2.294014e-05 -5.675355e-06 -2.630999e-06 	 -1.007403e-06 5.793072e-07 5.776840e-07 	 2.193274e-05 -5.096048e-06 -2.053315e-06 	 932
11.250000 	 4.620683e-06 8.553386e-07 1.513713e-07 	 5.217782e-06 3.139144e-06 -2.175059e-06 	 9.838465e-06 3.994483e-06 -2.023687e-06 	 542
11.750000 	 -8.081633e-06 9.332595e-06 -2.326765e-05 	 -5.560159e-06 -2.106497e-06 2.191987e-07 	 -1.364179e-05 7.226098e-06 -2.304846e-05 	 37
12.250000 	 2.061403e-05 3.757883e-05 -5.732212e-05 	 -8.346395e-07 9.825156e-09 -8.232913e-07 	 1.977939e-05 3.758866e-05 -5.814542e-05 	 1
12.750000 	 0.000000e+00 0.000000e+00 0.000000e+00 	 0.000000e+00 0.000000e+00 0.000000e+00 	 0.000000e+00 0.000000e+00 0.000000e+00 	 0
13.250000 	 -3.877640e-08 -8.966374e-09 -3.585252e-09 	 5.188156e-09 1.131432e-08 -1.248022e-08 	 -3.358824e-08 2.347944e-09 -1.606547e-08 	 1
13.750000 	 0.000000e+00 0.000000e+00 0.000000e+00 	 0.000000e+00 0.000000e+00 0.000000e+00 	 0.000000e+00 0.000000e+00 0.000000e+00 	 0
14.250000 	 0.000000e+00 0.000000e+00 0.000000e+00 	 0.000000e+00 0.000000e+00 0.000000e+00 	 0.000000e+00 0.000000e+00 0.000000e+00 	 0
14.750000 	 0.000000e+00 0.000000e+00 0.000000e+00 	 0.000000e+00 0.000000e+00 0.000000e+00 	 0.000000e+00 0.000000e+00 0.000000e+00 	 0
