# 1  2-4    5-7    8-10   11     
# x  dirEF  recEF  sumEF  #Sample
0.250000 	 9.074356e-06 -3.131723e-07 6.796041e-06 	 4.821178e-08 -6.592707e-09 1.415968e-08 	 9.122568e-06 -3.197650e-07 6.810200e-06 	 1
0.750000 	 1.160836e-12 4.347295e-13 1.007592e-12 	 1.121879e-09 -1.149268e-07 -1.251294e-07 	 1.123040e-09 -1.149264e-07 -1.251284e-07 	 2
1.250000 	 0.000000e+00 0.000000e+00 0.000000e+00 	 0.000000e+00 0.000000e+00 0.000000e+00 	 0.000000e+00 0.000000e+00 0.000000e+00 	 0
1.750000 	 0.000000e+00 0.000000e+00 0.000000e+00 	 0.000000e+00 0.000000e+00 0.000000e+00 	 0.000000e+00 0.000000e+00 0.000000e+00 	 0
2.250000 	 0.000000e+00 0.000000e+00 0.000000e+00 	 0.000000e+00 0.000000e+00 0.000000e+00 	 0.000000e+00 0.000000e+00 0.000000e+00 	 0
2.750000 	 0.000000e+00 0.000000e+00 0.000000e+00 	 0.000000e+00 0.000000e+00 0.000000e+00 	 0.000000e+00 0.000000e+00 0.000000e+00 	 0
3.250000 	 3.679545e-06 1.691640e-05 -2.829090e-06 	 -1.262080e-05 5.481833e-06 -1.557644e-06 	 -8.941257e-06 2.239823e-05 -4.386734e-06 	 41
3.750000 	 9.556777e-06 -5.645162e-06 1.533786e-06 	 1.277896e-05 -1.052974e-06 -2.662831e-07 	 2.233574e-05 -6.698136e-06 1.267503e-06 	 600
4.250000 	 5.575770e-06 2.424870e-06 1.004594e-06 	 -9.733160e-06 -7.776196e-07 -1.092955e-06 	 -4.157389e-06 1.647251e-06 -8.836145e-08 	 908
4.750000 	 -1.134901e-05 -4.161103e-06 -6.997835e-06 	 1.746528e-06 1.557228e-06 3.160565e-06 	 -9.602477e-06 -2.603875e-06 -3.837270e-06 	 889
5.250000 	 -1.554884e-05 4.841215e-06 3.470608e-06 	 2.297795e-06 -1.553144e-06 1.002840e-06 	 -1.325105e-05 3.288071e-06 4.473448e-06 	 895
5.750000 	 -5.489214e-06 -4.162686e-06 -3.900865e-08 	 -3.350993e-06 1.603634e-07 -2.000069e-06 	 -8.840207e-06 -4.002322e-06 -2.039078e-06 	 932
6.250000 	 2.200323e-05 -1.687149e-06 -5.383310e-06 	 -2.545345e-06 -1.419634e-06 -1.147850e-06 	 1.945788e-05 -3.106783e-06 -6.531159e-06 	 879
6.750000 	 2.675165e-05 -1.815377e-06 4.319385e-06 	 2.670970e-06 6.225883e-07 5.151671e-07 	 2.942262e-05 -1.192789e-06 4.834552e-06 	 905
7.250000 	 7.237143e-06 4.542416e-06 -1.071592e-06 	 -7.165682e-06 -1.330389e-06 -1.902026e-06 	 7.146049e-08 3.212027e-06 -2.973618e-06 	 868
7.750000 	 7.217706e-06 -4.057613e-06 4.397806e-06 	 5.476915e-06 1.437942e-07 2.726008e-07 	 1.269462e-05 -3.913818e-06 4.670407e-06 	 899
8.250000 	 -1.854560e-05 2.572821e-06 2.558544e-06 	 -6.703592e-06 8.151537e-07 -1.344696e-06 	 -2.524919e-05 3.387974e-06 1.213848e-06 	 859
8.750000 	 -1.164160e-05 -4.749850e-07 7.682964e-06 	 7.374753e-06 -1.129252e-07 -1.731566e-07 	 -4.266846e-06 -5.879102e-07 7.509807e-06 	 900
9.250000 	 -1.743621e-05 3.261848e-06 4.242410e-06 	 -1.419329e-06 4.863675e-07 -1.679889e-07 	 -1.885553e-05 3.748215e-06 4.074421e-06 	 927
9.750000 	 -4.381930e-06 7.616612e-06 2.248301e-06 	 1.293647e-06 -1.258707e-06 -4.213148e-08 	 -3.088283e-06 6.357905e-06 2.206170e-06 	 922
10.250000 	 5.436203e-06 1.696038e-07 1.784764e-06 	 -2.545520e-06 5.527706e-07 8.959262e-07 	 2.890682e-06 7.223745e-07 2.680690e-06 	 895
10.750000 	 -2.873851e-07 1.536119e-06 -6.906748e-06 	 2.241114e-07 -1.188434e-06 1.572887e-06 	 -6.327368e-08 3.476846e-07 -5.333861e-06 	 882
11.250000 	 4.541628e-06 -4.867534e-06 -3.116110e-07 	 2.944621e-06 4.545988e-07 1.135862e-06 	 7.486249e-06 -4.412936e-06 8.242508e-07 	 574
11.750000 	 -6.332536e-06 -4.723579e-06 -6.999028e-07 	 -3.964641e-06 3.938000e-06 1.741542e-06 	 -1.029718e-05 -7.855785e-07 1.041640e-06 	 44
12.250000 	 0.000000e+00 0.000000e+00 0.000000e+00 	 0.000000e+00 0.000000e+00 0.000000e+00 	 0.000000e+00 0.000000e+00 0.000000e+00 	 0
12.750000 	 0.000000e+00 0.000000e+00 0.000000e+00 	 0.000000e+00 0.000000e+00 0.000000e+00 	 0.000000e+00 0.000000e+00 0.000000e+00 	 0
13.250000 	 0.000000e+00 0.000000e+00 0.000000e+00 	 0.000000e+00 0.000000e+00 0.000000e+00 	 0.000000e+00 0.000000e+00 0.000000e+00 	 0
13.750000 	 1.314740e-12 -1.245513e-12 -6.119764e-13 	 9.865075e-10 6.739465e-10 1.122297e-09 	 9.878223e-10 6.727010e-10 1.121686e-09 	 1
14.250000 	 -9.073491e-06 3.139387e-07 -6.798214e-06 	 -4.868291e-08 6.856138e-09 -1.232229e-08 	 -9.122174e-06 3.207948e-07 -6.810536e-06 	 1
14.750000 	 0.000000e+00 0.000000e+00 0.000000e+00 	 0.000000e+00 0.000000e+00 0.000000e+00 	 0.000000e+00 0.000000e+00 0.000000e+00 	 0
