# 1  2-4    5-7    8-10   11     
# x  dirEF  recEF  sumEF  #Sample
0.250000 	 0.000000e+00 0.000000e+00 0.000000e+00 	 0.000000e+00 0.000000e+00 0.000000e+00 	 0.000000e+00 0.000000e+00 0.000000e+00 	 0
0.750000 	 0.000000e+00 0.000000e+00 0.000000e+00 	 0.000000e+00 0.000000e+00 0.000000e+00 	 0.000000e+00 0.000000e+00 0.000000e+00 	 0
1.250000 	 0.000000e+00 0.000000e+00 0.000000e+00 	 0.000000e+00 0.000000e+00 0.000000e+00 	 0.000000e+00 0.000000e+00 0.000000e+00 	 0
1.750000 	 0.000000e+00 0.000000e+00 0.000000e+00 	 0.000000e+00 0.000000e+00 0.000000e+00 	 0.000000e+00 0.000000e+00 0.000000e+00 	 0
2.250000 	 0.000000e+00 0.000000e+00 0.000000e+00 	 0.000000e+00 0.000000e+00 0.000000e+00 	 0.000000e+00 0.000000e+00 0.000000e+00 	 0
2.750000 	 2.216587e-05 9.175064e-06 -3.266844e-05 	 7.097940e-05 -7.848793e-05 -6.209769e-05 	 9.314527e-05 -6.931286e-05 -9.476613e-05 	 1
3.250000 	 2.266659e-05 -1.703038e-06 -2.223011e-05 	 -1.421196e-05 -5.978605e-06 1.996949e-05 	 8.454626e-06 -7.681643e-06 -2.260611e-06 	 29
3.750000 	 7.379284e-06 4.341354e-06 -1.831158e-06 	 -8.531002e-06 9.337579e-06 -4.282114e-06 	 -1.151717e-06 1.367893e-05 -6.113272e-06 	 568
4.250000 	 -4.356945e-06 3.387777e-06 3.579448e-06 	 1.256506e-06 6.165403e-06 7.972962e-06 	 -3.100440e-06 9.553180e-06 1.155241e-05 	 868
4.750000 	 1.376758e-06 -4.132270e-06 1.973016e-06 	 1.688911e-06 -1.579417e-06 5.319135e-06 	 3.065669e-06 -5.711687e-06 7.292151e-06 	 899
5.250000 	 -2.111912e-06 7.792021e-07 7.883186e-07 	 -8.193937e-06 -8.506558e-07 -5.728100e-06 	 -1.030585e-05 -7.145361e-08 -4.939781e-06 	 938
5.750000 	 1.450705e-05 -2.577603e-06 -1.980446e-07 	 4.946843e-06 1.098038e-06 8.139010e-06 	 1.945390e-05 -1.479564e-06 7.940965e-06 	 866
6.250000 	 8.214833e-06 7.127399e-07 8.509917e-07 	 2.754224e-06 -6.291650e-08 7.813787e-06 	 1.096906e-05 6.498234e-07 8.664779e-06 	 903
6.750000 	 1.643062e-06 1.063366e-06 2.135343e-07 	 9.941297e-07 -1.311602e-06 1.592444e-06 	 2.637191e-06 -2.482366e-07 1.805979e-06 	 849
7.250000 	 -2.549497e-05 -8.404216e-06 -3.958778e-06 	 -8.676539e-06 -1.365998e-08 -3.024713e-06 	 -3.417151e-05 -8.417876e-06 -6.983491e-06 	 949
7.750000 	 -1.847519e-05 8.660776e-06 1.221456e-06 	 -1.432014e-05 1.529599e-06 5.235028e-06 	 -3.279532e-05 1.019038e-05 6.456483e-06 	 916
8.250000 	 -7.155404e-06 -2.010714e-06 -5.912169e-06 	 7.332551e-06 -1.029637e-06 -5.688511e-06 	 1.771478e-07 -3.040351e-06 -1.160068e-05 	 919
8.750000 	 1.340150e-05 -6.509283e-06 4.119072e-06 	 -3.218266e-06 -1.493962e-05 -9.497757e-06 	 1.018324e-05 -2.144890e-05 -5.378686e-06 	 946
9.250000 	 1.054062e-05 5.468125e-07 3.812708e-06 	 -2.896552e-06 -2.853819e-06 -4.494020e-06 	 7.644069e-06 -2.307007e-06 -6.813126e-07 	 870
9.750000 	 5.072442e-06 7.103277e-07 -4.174792e-06 	 6.453682e-06 -4.509066e-06 1.985468e-06 	 1.152612e-05 -3.798738e-06 -2.189324e-06 	 902
10.250000 	 -2.525755e-05 -2.959835e-08 2.074072e-06 	 -7.250325e-06 2.402389e-06 1.384950e-05 	 -3.250788e-05 2.372790e-06 1.592358e-05 	 905
10.750000 	 -5.292661e-06 -1.523001e-06 2.264785e-06 	 3.149600e-06 -4.810477e-06 -2.835517e-06 	 -2.143061e-06 -6.333478e-06 -5.707320e-07 	 887
11.250000 	 4.993550e-06 -9.767861e-07 -7.265808e-06 	 -4.382412e-08 7.428716e-07 3.945854e-06 	 4.949726e-06 -2.339146e-07 -3.319954e-06 	 576
11.750000 	 1.633158e-05 -1.984835e-05 -3.417099e-06 	 -1.060452e-05 -2.116161e-05 2.999886e-05 	 5.727058e-06 -4.100997e-05 2.658176e-05 	 33
12.250000 	 0.000000e+00 0.000000e+00 0.000000e+00 	 0.000000e+00 0.000000e+00 0.000000e+00 	 0.000000e+00 0.000000e+00 0.000000e+00 	 0
12.750000 	 0.000000e+00 0.000000e+00 0.000000e+00 	 0.000000e+00 0.000000e+00 0.000000e+00 	 0.000000e+00 0.000000e+00 0.000000e+00 	 0
13.250000 	 0.000000e+00 0.000000e+00 0.000000e+00 	 0.000000e+00 0.000000e+00 0.000000e+00 	 0.000000e+00 0.000000e+00 0.000000e+00 	 0
13.750000 	 0.000000e+00 0.000000e+00 0.000000e+00 	 0.000000e+00 0.000000e+00 0.000000e+00 	 0.000000e+00 0.000000e+00 0.000000e+00 	 0
14.250000 	 0.000000e+00 0.000000e+00 0.000000e+00 	 0.000000e+00 0.000000e+00 0.000000e+00 	 0.000000e+00 0.000000e+00 0.000000e+00 	 0
14.750000 	 0.000000e+00 0.000000e+00 0.000000e+00 	 0.000000e+00 0.000000e+00 0.000000e+00 	 0.000000e+00 0.000000e+00 0.000000e+00 	 0
