# 1  2-4    5-7    8-10   11     
# x  dirEF  recEF  sumEF  #Sample
0.250000 	 0.000000e+00 0.000000e+00 0.000000e+00 	 0.000000e+00 0.000000e+00 0.000000e+00 	 0.000000e+00 0.000000e+00 0.000000e+00 	 0
0.750000 	 5.145263e-08 -5.643835e-08 2.208674e-08 	 7.984306e-05 -6.921351e-05 -4.283381e-05 	 7.989451e-05 -6.926994e-05 -4.281172e-05 	 1
1.250000 	 0.000000e+00 0.000000e+00 0.000000e+00 	 0.000000e+00 0.000000e+00 0.000000e+00 	 0.000000e+00 0.000000e+00 0.000000e+00 	 0
1.750000 	 -5.405403e-06 9.313246e-07 8.352314e-07 	 -5.460958e-05 -2.208129e-05 7.196882e-05 	 -6.001499e-05 -2.114996e-05 7.280405e-05 	 1
2.250000 	 0.000000e+00 0.000000e+00 0.000000e+00 	 0.000000e+00 0.000000e+00 0.000000e+00 	 0.000000e+00 0.000000e+00 0.000000e+00 	 0
2.750000 	 0.000000e+00 0.000000e+00 0.000000e+00 	 0.000000e+00 0.000000e+00 0.000000e+00 	 0.000000e+00 0.000000e+00 0.000000e+00 	 0
3.250000 	 -2.865293e-05 -7.462286e-06 9.708493e-06 	 -5.978658e-06 -2.627858e-06 8.086191e-08 	 -3.463159e-05 -1.009014e-05 9.789355e-06 	 36
3.750000 	 -1.952403e-05 -3.762871e-07 1.897231e-06 	 -1.228376e-05 7.947311e-07 -5.133354e-06 	 -3.180779e-05 4.184440e-07 -3.236123e-06 	 529
4.250000 	 -8.298043e-06 -1.722000e-06 1.569586e-06 	 1.110532e-06 -2.661521e-06 -2.668699e-06 	 -7.187511e-06 -4.383521e-06 -1.099113e-06 	 945
4.750000 	 3.206735e-06 3.790401e-07 -2.895363e-07 	 -4.807217e-06 -3.031636e-06 -2.174038e-06 	 -1.600482e-06 -2.652596e-06 -2.463574e-06 	 917
5.250000 	 1.305073e-05 -2.757351e-06 -2.184403e-06 	 -4.100641e-06 -6.268537e-06 -3.071971e-06 	 8.950091e-06 -9.025888e-06 -5.256374e-06 	 959
5.750000 	 -6.475502e-06 -4.753365e-06 -4.938245e-06 	 -7.500569e-06 -3.130565e-06 -2.634548e-06 	 -1.397607e-05 -7.883930e-06 -7.572792e-06 	 871
6.250000 	 -1.699370e-05 8.686820e-06 5.819402e-06 	 2.962191e-06 -6.571025e-07 7.435021e-07 	 -1.403151e-05 8.029717e-06 6.562904e-06 	 915
6.750000 	 -1.062424e-06 -3.350071e-06 -8.509336e-07 	 1.947622e-06 1.105000e-06 1.033604e-07 	 8.851982e-07 -2.245071e-06 -7.475731e-07 	 900
7.250000 	 2.391627e-05 5.428935e-07 -1.593233e-06 	 -5.711274e-06 -4.613307e-06 -1.510094e-06 	 1.820499e-05 -4.070414e-06 -3.103326e-06 	 925
7.750000 	 3.017389e-05 5.342723e-07 3.169101e-06 	 -3.590452e-06 4.992190e-06 9.123990e-06 	 2.658344e-05 5.526462e-06 1.229309e-05 	 844
8.250000 	 3.355865e-05 1.382939e-06 -1.020107e-06 	 -1.177453e-06 -1.081612e-05 -3.261356e-06 	 3.238120e-05 -9.433178e-06 -4.281463e-06 	 882
8.750000 	 -6.692300e-06 -1.335829e-06 2.629442e-06 	 -4.383616e-07 5.509684e-06 6.250031e-06 	 -7.130662e-06 4.173854e-06 8.879473e-06 	 893
9.250000 	 9.426515e-07 5.304437e-07 1.257504e-06 	 5.509077e-06 -4.500027e-06 -1.149811e-05 	 6.451728e-06 -3.969583e-06 -1.024061e-05 	 900
9.750000 	 -4.738280e-06 2.241044e-06 -1.621394e-06 	 8.358673e-06 -1.200541e-06 -1.310622e-06 	 3.620393e-06 1.040503e-06 -2.932016e-06 	 906
10.250000 	 -2.851170e-06 3.978233e-06 1.104234e-06 	 -5.786069e-06 -2.530378e-06 5.416863e-06 	 -8.637239e-06 1.447856e-06 6.521097e-06 	 895
10.750000 	 4.864241e-06 -1.048836e-05 -4.257842e-06 	 1.944063e-06 7.041743e-06 8.891549e-06 	 6.808305e-06 -3.446617e-06 4.633707e-06 	 927
11.250000 	 -1.593172e-05 4.754345e-06 5.993810e-07 	 -2.024796e-06 1.340987e-05 -1.210737e-06 	 -1.795652e-05 1.816421e-05 -6.113561e-07 	 549
11.750000 	 3.371444e-06 1.722123e-06 -1.105024e-05 	 4.653568e-06 4.351280e-06 -3.170485e-05 	 8.025011e-06 6.073403e-06 -4.275509e-05 	 28
12.250000 	 0.000000e+00 0.000000e+00 0.000000e+00 	 0.000000e+00 0.000000e+00 0.000000e+00 	 0.000000e+00 0.000000e+00 0.000000e+00 	 0
12.750000 	 0.000000e+00 0.000000e+00 0.000000e+00 	 0.000000e+00 0.000000e+00 0.000000e+00 	 0.000000e+00 0.000000e+00 0.000000e+00 	 0
13.250000 	 0.000000e+00 0.000000e+00 0.000000e+00 	 0.000000e+00 0.000000e+00 0.000000e+00 	 0.000000e+00 0.000000e+00 0.000000e+00 	 0
13.750000 	 0.000000e+00 0.000000e+00 0.000000e+00 	 0.000000e+00 0.000000e+00 0.000000e+00 	 0.000000e+00 0.000000e+00 0.000000e+00 	 0
14.250000 	 0.000000e+00 0.000000e+00 0.000000e+00 	 0.000000e+00 0.000000e+00 0.000000e+00 	 0.000000e+00 0.000000e+00 0.000000e+00 	 0
14.750000 	 0.000000e+00 0.000000e+00 0.000000e+00 	 -5.863617e-05 -1.217227e-06 -7.095758e-05 	 -5.863617e-05 -1.217227e-06 -7.095758e-05 	 1
