# 1  2-4    5-7    8-10   11     
# x  dirEF  recEF  sumEF  #Sample
0.250000 	 1.226631e-08 5.024854e-09 4.424871e-09 	 -1.637287e-09 -4.704471e-10 1.152851e-10 	 1.062902e-08 4.554407e-09 4.540156e-09 	 1
0.750000 	 0.000000e+00 0.000000e+00 0.000000e+00 	 0.000000e+00 0.000000e+00 0.000000e+00 	 0.000000e+00 0.000000e+00 0.000000e+00 	 0
1.250000 	 -3.808177e-11 6.181099e-12 -3.131929e-11 	 2.736833e-11 9.166634e-10 -1.806012e-09 	 -1.071321e-11 9.228445e-10 -1.837332e-09 	 1
1.750000 	 0.000000e+00 0.000000e+00 0.000000e+00 	 0.000000e+00 0.000000e+00 0.000000e+00 	 0.000000e+00 0.000000e+00 0.000000e+00 	 0
2.250000 	 1.071055e-05 -1.138739e-05 -4.883292e-06 	 2.621461e-09 6.075943e-08 -1.363658e-07 	 1.071317e-05 -1.132663e-05 -5.019658e-06 	 1
2.750000 	 0.000000e+00 0.000000e+00 0.000000e+00 	 0.000000e+00 0.000000e+00 0.000000e+00 	 0.000000e+00 0.000000e+00 0.000000e+00 	 0
3.250000 	 -3.005353e-05 8.497874e-06 -9.366117e-06 	 1.861078e-06 4.636400e-06 -1.407337e-06 	 -2.819245e-05 1.313427e-05 -1.077345e-05 	 39
3.750000 	 -1.262761e-05 -3.976632e-06 -3.000563e-06 	 2.640640e-06 -1.702237e-06 -1.126848e-06 	 -9.986969e-06 -5.678869e-06 -4.127411e-06 	 551
4.250000 	 -1.625147e-05 -2.329530e-07 3.695612e-06 	 8.757693e-07 5.023290e-07 1.471265e-06 	 -1.537570e-05 2.693760e-07 5.166877e-06 	 917
4.750000 	 -1.109315e-05 3.025099e-06 -3.615828e-07 	 -1.072087e-06 1.957929e-06 1.019243e-06 	 -1.216524e-05 4.983028e-06 6.576605e-07 	 933
5.250000 	 1.602411e-06 -2.510439e-06 2.212530e-06 	 -4.887523e-06 8.786745e-08 -1.094038e-07 	 -3.285113e-06 -2.422571e-06 2.103126e-06 	 878
5.750000 	 2.242412e-05 1.476688e-06 3.662328e-06 	 9.415386e-06 3.332780e-06 5.207943e-07 	 3.183951e-05 4.809468e-06 4.183123e-06 	 948
6.250000 	 1.481767e-05 1.099285e-05 5.187959e-08 	 -5.949061e-07 -2.216309e-06 -1.754251e-07 	 1.422277e-05 8.776545e-06 -1.235455e-07 	 911
6.750000 	 1.790670e-06 -3.060916e-06 -5.342333e-06 	 -2.759919e-06 -1.344478e-06 -7.469911e-08 	 -9.692486e-07 -4.405394e-06 -5.417032e-06 	 890
7.250000 	 -7.110183e-07 4.626059e-06 5.747794e-06 	 9.188858e-07 2.271478e-06 -2.031278e-06 	 2.078675e-07 6.897537e-06 3.716516e-06 	 908
7.750000 	 1.810888e-05 -5.595844e-07 -7.450793e-06 	 -3.164316e-06 -1.319169e-06 5.981947e-08 	 1.494456e-05 -1.878754e-06 -7.390974e-06 	 936
8.250000 	 2.094958e-05 5.646726e-06 -4.537305e-06 	 3.108530e-06 -1.243558e-06 4.744457e-07 	 2.405811e-05 4.403169e-06 -4.062859e-06 	 894
8.750000 	 5.681846e-06 1.713442e-06 4.667304e-06 	 5.735695e-07 3.810594e-07 1.781890e-06 	 6.255415e-06 2.094502e-06 6.449194e-06 	 826
9.250000 	 -6.507965e-06 -7.842859e-06 5.993886e-07 	 1.205526e-06 4.331379e-07 -1.033924e-06 	 -5.302439e-06 -7.409721e-06 -4.345358e-07 	 897
9.750000 	 -1.690594e-05 5.799511e-06 -6.456482e-06 	 -4.277091e-06 -1.170433e-07 -2.019875e-06 	 -2.118303e-05 5.682467e-06 -8.476357e-06 	 929
10.250000 	 4.822875e-06 3.914955e-07 4.596986e-06 	 2.232966e-06 -7.542638e-08 -1.118967e-06 	 7.055841e-06 3.160691e-07 3.478018e-06 	 915
10.750000 	 1.083032e-05 -4.159041e-06 -4.524163e-07 	 -3.345228e-06 -1.104277e-06 2.475833e-06 	 7.485088e-06 -5.263318e-06 2.023417e-06 	 894
11.250000 	 -8.437459e-06 1.503845e-06 -4.910333e-06 	 3.855110e-06 -1.088556e-06 -1.889226e-06 	 -4.582349e-06 4.152893e-07 -6.799558e-06 	 519
11.750000 	 -1.275175e-05 1.015231e-05 6.452506e-06 	 7.387273e-07 -1.299598e-06 4.533863e-06 	 -1.201302e-05 8.852717e-06 1.098637e-05 	 35
12.250000 	 0.000000e+00 0.000000e+00 0.000000e+00 	 0.000000e+00 0.000000e+00 0.000000e+00 	 0.000000e+00 0.000000e+00 0.000000e+00 	 0
12.750000 	 0.000000e+00 0.000000e+00 0.000000e+00 	 0.000000e+00 0.000000e+00 0.000000e+00 	 0.000000e+00 0.000000e+00 0.000000e+00 	 0
13.250000 	 0.000000e+00 0.000000e+00 0.000000e+00 	 0.000000e+00 0.000000e+00 0.000000e+00 	 0.000000e+00 0.000000e+00 0.000000e+00 	 0
13.750000 	 1.099023e-12 2.091977e-12 1.095189e-12 	 8.403145e-10 -9.249587e-10 -2.650088e-10 	 8.414132e-10 -9.228667e-10 -2.639136e-10 	 1
14.250000 	 0.000000e+00 0.000000e+00 0.000000e+00 	 0.000000e+00 0.000000e+00 0.000000e+00 	 0.000000e+00 0.000000e+00 0.000000e+00 	 0
14.750000 	 0.000000e+00 0.000000e+00 0.000000e+00 	 0.000000e+00 0.000000e+00 0.000000e+00 	 0.000000e+00 0.000000e+00 0.000000e+00 	 0
