# 1  2-4    5-7    8-10   11     
# x  dirEF  recEF  sumEF  #Sample
0.250000 	 9.074356e-06 -3.131723e-07 6.796041e-06 	 -3.996803e-14 3.434059e-14 9.873526e-14 	 9.074356e-06 -3.131723e-07 6.796041e-06 	 1
0.750000 	 1.160836e-12 4.347295e-13 1.007592e-12 	 -1.886852e-12 -6.600276e-14 -1.350634e-14 	 -7.260026e-13 3.687051e-13 9.940763e-13 	 2
1.250000 	 0.000000e+00 0.000000e+00 0.000000e+00 	 0.000000e+00 0.000000e+00 0.000000e+00 	 0.000000e+00 0.000000e+00 0.000000e+00 	 0
1.750000 	 0.000000e+00 0.000000e+00 0.000000e+00 	 0.000000e+00 0.000000e+00 0.000000e+00 	 0.000000e+00 0.000000e+00 0.000000e+00 	 0
2.250000 	 0.000000e+00 0.000000e+00 0.000000e+00 	 0.000000e+00 0.000000e+00 0.000000e+00 	 0.000000e+00 0.000000e+00 0.000000e+00 	 0
2.750000 	 0.000000e+00 0.000000e+00 0.000000e+00 	 0.000000e+00 0.000000e+00 0.000000e+00 	 0.000000e+00 0.000000e+00 0.000000e+00 	 0
3.250000 	 3.679545e-06 1.691640e-05 -2.829090e-06 	 2.144771e-13 -9.791693e-14 1.016829e-13 	 3.679545e-06 1.691640e-05 -2.829090e-06 	 41
3.750000 	 9.556777e-06 -5.645162e-06 1.533786e-06 	 5.658473e-14 3.283098e-14 1.307764e-14 	 9.556777e-06 -5.645162e-06 1.533786e-06 	 600
4.250000 	 5.575770e-06 2.424870e-06 1.004594e-06 	 4.312673e-14 5.212430e-14 -6.240480e-14 	 5.575770e-06 2.424870e-06 1.004594e-06 	 908
4.750000 	 -1.134901e-05 -4.161103e-06 -6.997835e-06 	 -3.072470e-14 -2.270828e-14 3.937373e-17 	 -1.134901e-05 -4.161103e-06 -6.997835e-06 	 889
5.250000 	 -1.554884e-05 4.841215e-06 3.470608e-06 	 -1.314122e-13 -1.126962e-14 -8.482250e-15 	 -1.554884e-05 4.841215e-06 3.470608e-06 	 895
5.750000 	 -5.489214e-06 -4.162686e-06 -3.900866e-08 	 1.463552e-16 -9.253521e-15 -4.095203e-14 	 -5.489214e-06 -4.162686e-06 -3.900870e-08 	 932
6.250000 	 2.200323e-05 -1.687149e-06 -5.383310e-06 	 -3.737953e-14 -8.258677e-14 2.596730e-14 	 2.200323e-05 -1.687150e-06 -5.383310e-06 	 879
6.750000 	 2.675165e-05 -1.815377e-06 4.319385e-06 	 -1.184080e-13 6.794023e-14 -3.478026e-14 	 2.675165e-05 -1.815377e-06 4.319385e-06 	 905
7.250000 	 7.237143e-06 4.542416e-06 -1.071592e-06 	 3.206575e-14 3.772882e-15 4.017484e-15 	 7.237143e-06 4.542416e-06 -1.071592e-06 	 868
7.750000 	 7.217706e-06 -4.057613e-06 4.397806e-06 	 2.609915e-13 -2.824859e-16 -3.675444e-14 	 7.217706e-06 -4.057613e-06 4.397806e-06 	 899
8.250000 	 -1.854560e-05 2.572821e-06 2.558544e-06 	 6.224150e-14 -1.165705e-14 1.365628e-13 	 -1.854560e-05 2.572821e-06 2.558545e-06 	 859
8.750000 	 -1.164160e-05 -4.749850e-07 7.682964e-06 	 3.858495e-14 5.398991e-15 4.973590e-14 	 -1.164160e-05 -4.749850e-07 7.682964e-06 	 900
9.250000 	 -1.743621e-05 3.261848e-06 4.242410e-06 	 -4.269441e-14 1.732068e-14 -7.189657e-14 	 -1.743621e-05 3.261848e-06 4.242410e-06 	 927
9.750000 	 -4.381930e-06 7.616612e-06 2.248301e-06 	 -7.292725e-15 -1.001674e-14 2.216937e-14 	 -4.381930e-06 7.616612e-06 2.248301e-06 	 922
10.250000 	 5.436203e-06 1.696038e-07 1.784764e-06 	 -1.073726e-13 3.705990e-14 1.672284e-14 	 5.436203e-06 1.696039e-07 1.784764e-06 	 895
10.750000 	 -2.873851e-07 1.536119e-06 -6.906748e-06 	 7.487065e-14 1.416792e-14 -5.159850e-15 	 -2.873850e-07 1.536119e-06 -6.906748e-06 	 882
11.250000 	 4.541628e-06 -4.867534e-06 -3.116110e-07 	 -5.011708e-14 1.946507e-14 1.153685e-14 	 4.541628e-06 -4.867534e-06 -3.116109e-07 	 574
11.750000 	 -6.332536e-06 -4.723579e-06 -6.999028e-07 	 9.666005e-14 1.162057e-13 -7.981218e-14 	 -6.332536e-06 -4.723579e-06 -6.999029e-07 	 44
12.250000 	 0.000000e+00 0.000000e+00 0.000000e+00 	 0.000000e+00 0.000000e+00 0.000000e+00 	 0.000000e+00 0.000000e+00 0.000000e+00 	 0
12.750000 	 0.000000e+00 0.000000e+00 0.000000e+00 	 0.000000e+00 0.000000e+00 0.000000e+00 	 0.000000e+00 0.000000e+00 0.000000e+00 	 0
13.250000 	 0.000000e+00 0.000000e+00 0.000000e+00 	 0.000000e+00 0.000000e+00 0.000000e+00 	 0.000000e+00 0.000000e+00 0.000000e+00 	 0
13.750000 	 1.314740e-12 -1.245513e-12 -6.119764e-13 	 3.221201e-12 3.363976e-14 3.241851e-14 	 4.535927e-12 -1.211864e-12 -5.795364e-13 	 1
14.250000 	 -9.073491e-06 3.139387e-07 -6.798214e-06 	 -7.696066e-13 -2.038369e-13 1.714184e-13 	 -9.073492e-06 3.139385e-07 -6.798214e-06 	 1
14.750000 	 0.000000e+00 0.000000e+00 0.000000e+00 	 0.000000e+00 0.000000e+00 0.000000e+00 	 0.000000e+00 0.000000e+00 0.000000e+00 	 0
