# 1  2-4    5-7    8-10   11     
# x  dirEF  recEF  sumEF  #Sample
0.250000 	 0.000000e+00 0.000000e+00 0.000000e+00 	 0.000000e+00 0.000000e+00 0.000000e+00 	 0.000000e+00 0.000000e+00 0.000000e+00 	 0
0.750000 	 0.000000e+00 0.000000e+00 0.000000e+00 	 0.000000e+00 0.000000e+00 0.000000e+00 	 0.000000e+00 0.000000e+00 0.000000e+00 	 0
1.250000 	 0.000000e+00 0.000000e+00 0.000000e+00 	 0.000000e+00 0.000000e+00 0.000000e+00 	 0.000000e+00 0.000000e+00 0.000000e+00 	 0
1.750000 	 0.000000e+00 0.000000e+00 0.000000e+00 	 0.000000e+00 0.000000e+00 0.000000e+00 	 0.000000e+00 0.000000e+00 0.000000e+00 	 0
2.250000 	 0.000000e+00 0.000000e+00 0.000000e+00 	 0.000000e+00 0.000000e+00 0.000000e+00 	 0.000000e+00 0.000000e+00 0.000000e+00 	 0
2.750000 	 0.000000e+00 0.000000e+00 0.000000e+00 	 0.000000e+00 0.000000e+00 0.000000e+00 	 0.000000e+00 0.000000e+00 0.000000e+00 	 0
3.250000 	 -1.276485e-05 -1.396998e-05 -5.741478e-06 	 -1.439240e-05 1.741281e-06 4.752350e-06 	 -2.715724e-05 -1.222869e-05 -9.891280e-07 	 46
3.750000 	 1.270006e-05 2.199847e-06 4.973407e-07 	 8.943018e-06 -2.730101e-08 -1.179259e-07 	 2.164308e-05 2.172546e-06 3.794148e-07 	 595
4.250000 	 1.094219e-05 1.726086e-06 2.779499e-07 	 -3.728277e-06 5.907927e-07 -1.388717e-06 	 7.213917e-06 2.316878e-06 -1.110767e-06 	 908
4.750000 	 6.035457e-06 5.915981e-07 -9.338910e-06 	 3.123626e-08 -1.244018e-06 -6.270292e-06 	 6.066693e-06 -6.524203e-07 -1.560920e-05 	 889
5.250000 	 -5.120167e-06 -4.694137e-07 2.428097e-06 	 3.875503e-06 -2.255543e-07 1.333764e-06 	 -1.244664e-06 -6.949680e-07 3.761861e-06 	 847
5.750000 	 -1.811944e-05 1.944847e-06 -2.297390e-06 	 2.852030e-06 2.621542e-08 9.817696e-07 	 -1.526741e-05 1.971062e-06 -1.315620e-06 	 996
6.250000 	 -1.446914e-05 4.605815e-06 5.646727e-08 	 -8.542317e-07 3.966695e-07 2.297199e-06 	 -1.532338e-05 5.002485e-06 2.353666e-06 	 849
6.750000 	 1.553212e-05 2.471905e-06 -1.312908e-06 	 -3.023766e-06 -2.185084e-06 -2.872270e-06 	 1.250835e-05 2.868211e-07 -4.185178e-06 	 922
7.250000 	 -4.901314e-06 1.721242e-06 -4.843984e-07 	 -1.039228e-05 9.254875e-07 4.410521e-06 	 -1.529360e-05 2.646729e-06 3.926122e-06 	 923
7.750000 	 2.696137e-06 -1.208042e-05 -5.539435e-06 	 1.207603e-05 2.751378e-06 -8.880901e-07 	 1.477217e-05 -9.329038e-06 -6.427525e-06 	 917
8.250000 	 2.524395e-05 -1.420230e-06 2.835047e-06 	 -7.227295e-06 -2.016158e-06 -9.324710e-07 	 1.801666e-05 -3.436388e-06 1.902576e-06 	 931
8.750000 	 5.328880e-06 2.915174e-07 -4.422614e-07 	 -5.706353e-06 1.324996e-06 3.344028e-07 	 -3.774733e-07 1.616513e-06 -1.078586e-07 	 885
9.250000 	 3.238350e-06 -9.772131e-07 -1.831500e-06 	 5.267967e-06 -6.426825e-07 8.751499e-07 	 8.506317e-06 -1.619896e-06 -9.563500e-07 	 887
9.750000 	 1.234132e-05 -1.616545e-06 -5.279728e-06 	 -1.917218e-06 2.734128e-07 7.369471e-08 	 1.042410e-05 -1.343132e-06 -5.206033e-06 	 888
10.250000 	 1.479986e-05 8.536909e-06 4.651370e-06 	 -2.315017e-06 -8.757812e-07 -2.478304e-06 	 1.248484e-05 7.661128e-06 2.173066e-06 	 929
10.750000 	 -2.953958e-06 -1.296204e-06 2.746737e-07 	 2.053397e-06 -3.207738e-06 4.790440e-06 	 -9.005616e-07 -4.503942e-06 5.065114e-06 	 867
11.250000 	 -4.450224e-06 -2.432034e-06 -1.924631e-06 	 -2.540940e-06 8.176058e-07 -1.028172e-06 	 -6.991164e-06 -1.614428e-06 -2.952803e-06 	 502
11.750000 	 -1.556039e-05 5.147920e-06 1.604706e-05 	 5.907115e-06 -2.217344e-06 4.146138e-06 	 -9.653274e-06 2.930576e-06 2.019320e-05 	 41
12.250000 	 0.000000e+00 0.000000e+00 0.000000e+00 	 0.000000e+00 0.000000e+00 0.000000e+00 	 0.000000e+00 0.000000e+00 0.000000e+00 	 0
12.750000 	 0.000000e+00 0.000000e+00 0.000000e+00 	 0.000000e+00 0.000000e+00 0.000000e+00 	 0.000000e+00 0.000000e+00 0.000000e+00 	 0
13.250000 	 -1.167273e-06 1.019189e-07 1.503717e-08 	 -4.947468e-08 1.817330e-09 5.017117e-10 	 -1.216747e-06 1.037363e-07 1.553888e-08 	 1
13.750000 	 0.000000e+00 0.000000e+00 0.000000e+00 	 0.000000e+00 0.000000e+00 0.000000e+00 	 0.000000e+00 0.000000e+00 0.000000e+00 	 0
14.250000 	 -2.300425e-08 7.821446e-07 1.292672e-06 	 -5.477254e-10 -1.374473e-09 8.366869e-09 	 -2.355198e-08 7.807701e-07 1.301039e-06 	 1
14.750000 	 0.000000e+00 0.000000e+00 0.000000e+00 	 0.000000e+00 0.000000e+00 0.000000e+00 	 0.000000e+00 0.000000e+00 0.000000e+00 	 0
