# 1  2-4    5-7    8-10   11     
# x  dirEF  recEF  sumEF  #Sample
0.250000 	 0.000000e+00 0.000000e+00 0.000000e+00 	 0.000000e+00 0.000000e+00 0.000000e+00 	 0.000000e+00 0.000000e+00 0.000000e+00 	 0
0.750000 	 0.000000e+00 0.000000e+00 0.000000e+00 	 0.000000e+00 0.000000e+00 0.000000e+00 	 0.000000e+00 0.000000e+00 0.000000e+00 	 0
1.250000 	 0.000000e+00 0.000000e+00 0.000000e+00 	 0.000000e+00 0.000000e+00 0.000000e+00 	 0.000000e+00 0.000000e+00 0.000000e+00 	 0
1.750000 	 0.000000e+00 0.000000e+00 0.000000e+00 	 0.000000e+00 0.000000e+00 0.000000e+00 	 0.000000e+00 0.000000e+00 0.000000e+00 	 0
2.250000 	 0.000000e+00 0.000000e+00 0.000000e+00 	 0.000000e+00 0.000000e+00 0.000000e+00 	 0.000000e+00 0.000000e+00 0.000000e+00 	 0
2.750000 	 2.216587e-05 9.175064e-06 -3.266844e-05 	 -3.007622e-06 1.355738e-06 3.892461e-07 	 1.915825e-05 1.053080e-05 -3.227919e-05 	 1
3.250000 	 2.266659e-05 -1.703038e-06 -2.223011e-05 	 -8.806708e-06 5.265998e-06 1.465955e-06 	 1.385988e-05 3.562960e-06 -2.076415e-05 	 29
3.750000 	 7.379284e-06 4.341354e-06 -1.831158e-06 	 4.989219e-06 5.679383e-07 -1.084056e-06 	 1.236850e-05 4.909292e-06 -2.915214e-06 	 568
4.250000 	 -4.356945e-06 3.387777e-06 3.579448e-06 	 -6.220034e-07 1.543655e-06 4.096240e-07 	 -4.978949e-06 4.931432e-06 3.989072e-06 	 868
4.750000 	 1.376758e-06 -4.132270e-06 1.973016e-06 	 -1.286902e-06 1.496800e-07 -2.513356e-07 	 8.985528e-08 -3.982590e-06 1.721680e-06 	 899
5.250000 	 -2.111912e-06 7.792021e-07 7.883186e-07 	 -7.315465e-06 -3.146830e-06 1.349038e-06 	 -9.427377e-06 -2.367628e-06 2.137357e-06 	 938
5.750000 	 1.450705e-05 -2.577603e-06 -1.980446e-07 	 5.784378e-06 -1.471717e-06 3.548035e-06 	 2.029143e-05 -4.049319e-06 3.349991e-06 	 866
6.250000 	 8.214833e-06 7.127399e-07 8.509917e-07 	 -3.291556e-06 1.061639e-06 -6.833028e-07 	 4.923277e-06 1.774379e-06 1.676889e-07 	 903
6.750000 	 1.643062e-06 1.063366e-06 2.135343e-07 	 1.891210e-06 1.054610e-06 1.699928e-06 	 3.534271e-06 2.117975e-06 1.913463e-06 	 849
7.250000 	 -2.549497e-05 -8.404216e-06 -3.958778e-06 	 -8.441575e-07 6.546377e-07 1.028235e-06 	 -2.633913e-05 -7.749578e-06 -2.930543e-06 	 949
7.750000 	 -1.847519e-05 8.660776e-06 1.221456e-06 	 -3.152693e-06 -4.724576e-08 -1.599218e-06 	 -2.162788e-05 8.613530e-06 -3.777620e-07 	 916
8.250000 	 -7.155404e-06 -2.010714e-06 -5.912169e-06 	 3.924448e-06 -7.492699e-07 -1.215470e-07 	 -3.230955e-06 -2.759984e-06 -6.033716e-06 	 919
8.750000 	 1.340150e-05 -6.509283e-06 4.119072e-06 	 -1.244107e-06 -1.089935e-06 1.233159e-06 	 1.215740e-05 -7.599218e-06 5.352230e-06 	 946
9.250000 	 1.054062e-05 5.468125e-07 3.812708e-06 	 -5.995335e-06 -9.120818e-07 -1.703659e-07 	 4.545285e-06 -3.652693e-07 3.642342e-06 	 870
9.750000 	 5.072442e-06 7.103277e-07 -4.174792e-06 	 8.981670e-06 2.681208e-08 1.705755e-06 	 1.405411e-05 7.371397e-07 -2.469037e-06 	 902
10.250000 	 -2.525755e-05 -2.959835e-08 2.074072e-06 	 -3.130073e-06 -7.401033e-07 1.000855e-07 	 -2.838763e-05 -7.697017e-07 2.174157e-06 	 905
10.750000 	 -5.292661e-06 -1.523001e-06 2.264785e-06 	 -2.960271e-06 7.576108e-07 -2.316274e-06 	 -8.252931e-06 -7.653899e-07 -5.148937e-08 	 887
11.250000 	 4.993550e-06 -9.767861e-07 -7.265808e-06 	 5.184036e-06 -1.939212e-06 1.410308e-06 	 1.017759e-05 -2.915998e-06 -5.855501e-06 	 576
11.750000 	 1.633158e-05 -1.984835e-05 -3.417099e-06 	 -2.909792e-06 -5.873312e-08 -1.783395e-06 	 1.342178e-05 -1.990709e-05 -5.200494e-06 	 33
12.250000 	 0.000000e+00 0.000000e+00 0.000000e+00 	 0.000000e+00 0.000000e+00 0.000000e+00 	 0.000000e+00 0.000000e+00 0.000000e+00 	 0
12.750000 	 0.000000e+00 0.000000e+00 0.000000e+00 	 0.000000e+00 0.000000e+00 0.000000e+00 	 0.000000e+00 0.000000e+00 0.000000e+00 	 0
13.250000 	 0.000000e+00 0.000000e+00 0.000000e+00 	 0.000000e+00 0.000000e+00 0.000000e+00 	 0.000000e+00 0.000000e+00 0.000000e+00 	 0
13.750000 	 0.000000e+00 0.000000e+00 0.000000e+00 	 0.000000e+00 0.000000e+00 0.000000e+00 	 0.000000e+00 0.000000e+00 0.000000e+00 	 0
14.250000 	 0.000000e+00 0.000000e+00 0.000000e+00 	 0.000000e+00 0.000000e+00 0.000000e+00 	 0.000000e+00 0.000000e+00 0.000000e+00 	 0
14.750000 	 0.000000e+00 0.000000e+00 0.000000e+00 	 0.000000e+00 0.000000e+00 0.000000e+00 	 0.000000e+00 0.000000e+00 0.000000e+00 	 0
