# 1  2-4    5-7    8-10   11     
# x  dirEF  recEF  sumEF  #Sample
0.250000 	 0.000000e+00 0.000000e+00 0.000000e+00 	 0.000000e+00 0.000000e+00 0.000000e+00 	 0.000000e+00 0.000000e+00 0.000000e+00 	 0
0.750000 	 5.145263e-08 -5.643835e-08 2.208674e-08 	 4.450662e-12 -1.945111e-13 7.577272e-15 	 5.145708e-08 -5.643854e-08 2.208675e-08 	 1
1.250000 	 0.000000e+00 0.000000e+00 0.000000e+00 	 0.000000e+00 0.000000e+00 0.000000e+00 	 0.000000e+00 0.000000e+00 0.000000e+00 	 0
1.750000 	 -5.405403e-06 9.313246e-07 8.352314e-07 	 -6.856737e-13 5.340173e-14 -1.948441e-13 	 -5.405403e-06 9.313246e-07 8.352312e-07 	 1
2.250000 	 0.000000e+00 0.000000e+00 0.000000e+00 	 0.000000e+00 0.000000e+00 0.000000e+00 	 0.000000e+00 0.000000e+00 0.000000e+00 	 0
2.750000 	 0.000000e+00 0.000000e+00 0.000000e+00 	 0.000000e+00 0.000000e+00 0.000000e+00 	 0.000000e+00 0.000000e+00 0.000000e+00 	 0
3.250000 	 -2.865293e-05 -7.462286e-06 9.708493e-06 	 2.506945e-14 4.432180e-14 1.536302e-13 	 -2.865293e-05 -7.462286e-06 9.708493e-06 	 36
3.750000 	 -1.952403e-05 -3.762871e-07 1.897231e-06 	 -4.768060e-14 4.222977e-14 -3.068677e-14 	 -1.952403e-05 -3.762871e-07 1.897231e-06 	 529
4.250000 	 -8.298043e-06 -1.722000e-06 1.569586e-06 	 -7.028596e-14 -8.521953e-16 1.468395e-14 	 -8.298043e-06 -1.722000e-06 1.569586e-06 	 945
4.750000 	 3.206735e-06 3.790401e-07 -2.895363e-07 	 -7.781035e-14 -6.742749e-14 -3.218617e-14 	 3.206735e-06 3.790400e-07 -2.895363e-07 	 917
5.250000 	 1.305073e-05 -2.757351e-06 -2.184403e-06 	 -9.683165e-14 -4.227013e-14 9.432892e-15 	 1.305073e-05 -2.757351e-06 -2.184403e-06 	 959
5.750000 	 -6.475502e-06 -4.753365e-06 -4.938245e-06 	 1.222229e-14 5.941274e-14 1.561389e-14 	 -6.475502e-06 -4.753365e-06 -4.938245e-06 	 871
6.250000 	 -1.699370e-05 8.686820e-06 5.819402e-06 	 3.753059e-14 -3.474149e-14 6.946143e-14 	 -1.699370e-05 8.686820e-06 5.819402e-06 	 915
6.750000 	 -1.062424e-06 -3.350071e-06 -8.509336e-07 	 -5.516102e-14 2.544741e-14 -1.657260e-14 	 -1.062424e-06 -3.350071e-06 -8.509336e-07 	 900
7.250000 	 2.391627e-05 5.428935e-07 -1.593233e-06 	 9.398146e-14 -6.989328e-15 7.257118e-14 	 2.391627e-05 5.428935e-07 -1.593233e-06 	 925
7.750000 	 3.017389e-05 5.342723e-07 3.169101e-06 	 -7.835512e-15 -6.413183e-14 2.765737e-14 	 3.017389e-05 5.342722e-07 3.169102e-06 	 844
8.250000 	 3.355865e-05 1.382939e-06 -1.020107e-06 	 1.106260e-14 9.513027e-15 2.719707e-14 	 3.355865e-05 1.382939e-06 -1.020107e-06 	 882
8.750000 	 -6.692300e-06 -1.335829e-06 2.629442e-06 	 -3.971068e-14 2.863312e-14 -6.648516e-14 	 -6.692300e-06 -1.335829e-06 2.629442e-06 	 893
9.250000 	 9.426515e-07 5.304437e-07 1.257504e-06 	 1.976410e-13 7.492288e-14 -3.416400e-14 	 9.426517e-07 5.304438e-07 1.257503e-06 	 900
9.750000 	 -4.738280e-06 2.241044e-06 -1.621394e-06 	 9.587956e-14 -1.761702e-14 -1.060312e-14 	 -4.738280e-06 2.241044e-06 -1.621394e-06 	 906
10.250000 	 -2.851170e-06 3.978233e-06 1.104234e-06 	 -4.899071e-14 -1.146300e-14 -1.863647e-14 	 -2.851170e-06 3.978233e-06 1.104234e-06 	 895
10.750000 	 4.864241e-06 -1.048836e-05 -4.257842e-06 	 -5.005387e-14 -3.947411e-14 1.741829e-14 	 4.864241e-06 -1.048836e-05 -4.257842e-06 	 927
11.250000 	 -1.593172e-05 4.754345e-06 5.993810e-07 	 7.331432e-14 3.552067e-14 5.372770e-14 	 -1.593172e-05 4.754345e-06 5.993811e-07 	 549
11.750000 	 3.371444e-06 1.722123e-06 -1.105024e-05 	 7.236077e-14 1.083424e-13 -6.162927e-14 	 3.371444e-06 1.722124e-06 -1.105024e-05 	 28
12.250000 	 0.000000e+00 0.000000e+00 0.000000e+00 	 0.000000e+00 0.000000e+00 0.000000e+00 	 0.000000e+00 0.000000e+00 0.000000e+00 	 0
12.750000 	 0.000000e+00 0.000000e+00 0.000000e+00 	 0.000000e+00 0.000000e+00 0.000000e+00 	 0.000000e+00 0.000000e+00 0.000000e+00 	 0
13.250000 	 0.000000e+00 0.000000e+00 0.000000e+00 	 0.000000e+00 0.000000e+00 0.000000e+00 	 0.000000e+00 0.000000e+00 0.000000e+00 	 0
13.750000 	 0.000000e+00 0.000000e+00 0.000000e+00 	 0.000000e+00 0.000000e+00 0.000000e+00 	 0.000000e+00 0.000000e+00 0.000000e+00 	 0
14.250000 	 0.000000e+00 0.000000e+00 0.000000e+00 	 0.000000e+00 0.000000e+00 0.000000e+00 	 0.000000e+00 0.000000e+00 0.000000e+00 	 0
14.750000 	 0.000000e+00 0.000000e+00 0.000000e+00 	 -2.162714e-12 -7.988055e-14 -1.113554e-13 	 -2.162714e-12 -7.988055e-14 -1.113554e-13 	 1
