# 1  2-4    5-7    8-10   11     
# x  dirEF  recEF  sumEF  #Sample
0.250000 	 0.000000e+00 0.000000e+00 0.000000e+00 	 0.000000e+00 0.000000e+00 0.000000e+00 	 0.000000e+00 0.000000e+00 0.000000e+00 	 0
0.750000 	 0.000000e+00 0.000000e+00 0.000000e+00 	 0.000000e+00 0.000000e+00 0.000000e+00 	 0.000000e+00 0.000000e+00 0.000000e+00 	 0
1.250000 	 0.000000e+00 0.000000e+00 0.000000e+00 	 0.000000e+00 0.000000e+00 0.000000e+00 	 0.000000e+00 0.000000e+00 0.000000e+00 	 0
1.750000 	 0.000000e+00 0.000000e+00 0.000000e+00 	 0.000000e+00 0.000000e+00 0.000000e+00 	 0.000000e+00 0.000000e+00 0.000000e+00 	 0
2.250000 	 0.000000e+00 0.000000e+00 0.000000e+00 	 0.000000e+00 0.000000e+00 0.000000e+00 	 0.000000e+00 0.000000e+00 0.000000e+00 	 0
2.750000 	 0.000000e+00 0.000000e+00 0.000000e+00 	 0.000000e+00 0.000000e+00 0.000000e+00 	 0.000000e+00 0.000000e+00 0.000000e+00 	 0
3.250000 	 5.576723e-06 1.317091e-05 -5.996426e-07 	 3.825770e-06 3.200069e-06 2.256800e-06 	 9.402493e-06 1.637098e-05 1.657158e-06 	 36
3.750000 	 -9.471372e-06 -1.116347e-06 3.590473e-06 	 -2.158233e-06 1.112911e-06 -3.848364e-08 	 -1.162960e-05 -3.435675e-09 3.551989e-06 	 584
4.250000 	 -1.088183e-05 8.153149e-07 1.988779e-06 	 1.953417e-06 -3.099015e-06 -2.809623e-07 	 -8.928414e-06 -2.283700e-06 1.707817e-06 	 893
4.750000 	 -5.929596e-06 2.043812e-06 -6.628483e-06 	 -3.710552e-06 7.595481e-07 8.076957e-07 	 -9.640148e-06 2.803360e-06 -5.820787e-06 	 929
5.250000 	 1.725263e-05 2.203729e-06 -6.832236e-07 	 3.160076e-06 -4.046894e-06 -7.582458e-07 	 2.041271e-05 -1.843165e-06 -1.441469e-06 	 878
5.750000 	 1.838712e-05 -2.834985e-06 -2.174535e-07 	 -4.872615e-07 2.720581e-06 5.067879e-07 	 1.789986e-05 -1.144043e-07 2.893344e-07 	 890
6.250000 	 7.251676e-06 8.067366e-07 1.976153e-06 	 1.850925e-06 -6.438145e-06 -1.055457e-06 	 9.102602e-06 -5.631409e-06 9.206957e-07 	 865
6.750000 	 -1.249726e-05 -4.160899e-06 3.706415e-06 	 9.385369e-08 8.621838e-07 -1.117737e-06 	 -1.240341e-05 -3.298715e-06 2.588678e-06 	 898
7.250000 	 -1.741184e-05 -4.972160e-06 4.381502e-06 	 -3.865355e-06 1.225289e-06 -7.385565e-08 	 -2.127720e-05 -3.746872e-06 4.307646e-06 	 918
7.750000 	 3.632837e-06 4.501189e-06 9.221988e-06 	 -3.728592e-07 4.425198e-07 1.424661e-06 	 3.259978e-06 4.943709e-06 1.064665e-05 	 923
8.250000 	 4.744648e-06 -1.474613e-07 -6.399326e-06 	 2.224493e-06 -2.246025e-06 -1.790833e-06 	 6.969141e-06 -2.393487e-06 -8.190159e-06 	 931
8.750000 	 3.178011e-06 -4.575340e-06 -5.076800e-07 	 4.972487e-06 2.252318e-06 -6.615069e-07 	 8.150498e-06 -2.323022e-06 -1.169187e-06 	 888
9.250000 	 1.719488e-06 1.465409e-06 6.458350e-06 	 -7.018740e-07 -2.977636e-07 -6.603762e-07 	 1.017614e-06 1.167645e-06 5.797974e-06 	 921
9.750000 	 -8.759579e-06 2.272095e-06 -7.716715e-06 	 -4.899493e-06 2.653673e-07 2.226645e-07 	 -1.365907e-05 2.537462e-06 -7.494050e-06 	 890
10.250000 	 -1.106786e-06 7.678487e-07 -7.139141e-08 	 3.526677e-06 1.120159e-06 2.267997e-06 	 2.419891e-06 1.888007e-06 2.196606e-06 	 894
10.750000 	 7.073827e-06 -6.734871e-07 3.291769e-06 	 7.918779e-08 -1.162156e-07 5.830191e-07 	 7.153014e-06 -7.897027e-07 3.874788e-06 	 874
11.250000 	 -1.082918e-06 4.550482e-06 -2.110254e-06 	 -3.756240e-06 1.821166e-06 -2.758195e-06 	 -4.839158e-06 6.371648e-06 -4.868448e-06 	 573
11.750000 	 -1.653073e-05 5.740594e-07 -9.259870e-06 	 -6.760388e-06 -7.019581e-06 -1.317001e-07 	 -2.329112e-05 -6.445522e-06 -9.391570e-06 	 38
12.250000 	 0.000000e+00 0.000000e+00 0.000000e+00 	 0.000000e+00 0.000000e+00 0.000000e+00 	 0.000000e+00 0.000000e+00 0.000000e+00 	 0
12.750000 	 5.656887e-05 8.278578e-06 2.566241e-06 	 4.077141e-07 1.193385e-06 1.393999e-06 	 5.697658e-05 9.471964e-06 3.960241e-06 	 1
13.250000 	 0.000000e+00 0.000000e+00 0.000000e+00 	 0.000000e+00 0.000000e+00 0.000000e+00 	 0.000000e+00 0.000000e+00 0.000000e+00 	 0
13.750000 	 0.000000e+00 0.000000e+00 0.000000e+00 	 0.000000e+00 0.000000e+00 0.000000e+00 	 0.000000e+00 0.000000e+00 0.000000e+00 	 0
14.250000 	 0.000000e+00 0.000000e+00 0.000000e+00 	 0.000000e+00 0.000000e+00 0.000000e+00 	 0.000000e+00 0.000000e+00 0.000000e+00 	 0
14.750000 	 0.000000e+00 0.000000e+00 0.000000e+00 	 0.000000e+00 0.000000e+00 0.000000e+00 	 0.000000e+00 0.000000e+00 0.000000e+00 	 0
