# 1  2-4    5-7    8-10   11     
# x  sumEF  dirEF  recEF  #Sample
0.250000 	 1.547576e-06 -4.792652e-08 1.123644e-06 	 1.514424e-06 -5.135645e-08 1.133411e-06 	 3.315222e-08 3.429933e-09 -9.767217e-09 	 6
0.750000 	 -2.207007e-07 -2.231223e-07 -2.049303e-07 	 7.350707e-09 -8.062497e-09 3.155536e-09 	 -2.280514e-07 -2.150598e-07 -2.080858e-07 	 7
1.250000 	 1.329046e-08 -3.934109e-08 3.565571e-08 	 2.513363e-08 -1.953410e-08 2.650477e-09 	 -1.184316e-08 -1.980699e-08 3.300523e-08 	 5
1.750000 	 -6.943523e-07 1.165964e-07 1.991964e-07 	 -6.651780e-07 1.336574e-07 1.764836e-07 	 -2.917440e-08 -1.706099e-08 2.271281e-08 	 8
2.250000 	 1.580230e-06 2.160568e-06 7.095320e-06 	 1.549326e-06 2.036946e-06 6.672984e-06 	 3.090551e-08 1.236208e-07 4.223359e-07 	 9
2.750000 	 -1.094875e-05 -1.600555e-05 1.496519e-07 	 -1.815398e-05 -1.937192e-05 1.960906e-06 	 7.205237e-06 3.366371e-06 -1.811253e-06 	 8
3.250000 	 -5.107067e-06 -4.515357e-07 -2.195188e-06 	 -2.915374e-06 -3.648411e-07 -1.842604e-06 	 -2.191693e-06 -8.669474e-08 -3.525844e-07 	 1795
3.750000 	 -8.780801e-07 1.548969e-07 1.122311e-06 	 -8.044214e-07 -3.212453e-07 1.537456e-06 	 -7.365883e-08 4.761423e-07 -4.151446e-07 	 26485
4.250000 	 8.989840e-07 1.592263e-07 -3.857466e-08 	 1.177664e-06 5.518768e-07 -6.217409e-08 	 -2.786798e-07 -3.926504e-07 2.359960e-08 	 42240
4.750000 	 2.301841e-06 7.528303e-08 -9.634065e-07 	 1.706812e-06 -4.144634e-07 -8.108579e-07 	 5.950289e-07 4.897463e-07 -1.525487e-07 	 42652
5.250000 	 3.772557e-06 5.729069e-07 -8.202392e-07 	 2.366684e-06 5.809588e-07 -8.240206e-08 	 1.405875e-06 -8.051956e-09 -7.378374e-07 	 42312
5.750000 	 -1.614793e-06 -1.289846e-06 2.073255e-06 	 1.923646e-07 -3.005991e-07 1.477089e-07 	 -1.807157e-06 -9.892467e-07 1.925546e-06 	 42587
6.250000 	 1.064177e-06 -1.022926e-07 3.575179e-07 	 1.653377e-06 4.126529e-08 -6.463265e-08 	 -5.891986e-07 -1.435579e-07 4.221505e-07 	 42180
6.750000 	 8.364260e-07 -8.983877e-07 -2.336006e-06 	 1.147124e-06 -7.748518e-07 -9.133643e-07 	 -3.106978e-07 -1.235360e-07 -1.422642e-06 	 42437
7.250000 	 2.012913e-06 -1.415108e-07 2.570465e-06 	 1.717431e-06 -4.357992e-07 1.673483e-06 	 2.954834e-07 2.942884e-07 8.969822e-07 	 42516
7.750000 	 4.207252e-07 -2.000542e-08 -6.893825e-08 	 1.457526e-06 2.201976e-07 5.613393e-07 	 -1.036801e-06 -2.402034e-07 -6.302776e-07 	 42330
8.250000 	 -4.407856e-07 -1.328962e-07 -1.100471e-06 	 -7.834625e-08 6.517157e-08 -1.852958e-06 	 -3.624392e-07 -1.980676e-07 7.524871e-07 	 42377
8.750000 	 -2.271147e-06 -1.167072e-06 1.959838e-06 	 -2.166372e-06 -4.141462e-07 9.833753e-07 	 -1.047762e-07 -7.529254e-07 9.764631e-07 	 42347
9.250000 	 7.021906e-07 -1.121730e-06 1.043689e-06 	 8.742322e-08 -7.097860e-07 5.294898e-08 	 6.147669e-07 -4.119448e-07 9.907406e-07 	 42549
9.750000 	 -1.792772e-07 4.854141e-07 -3.070231e-07 	 5.941181e-07 7.688275e-07 -6.439513e-07 	 -7.733945e-07 -2.834132e-07 3.369281e-07 	 42488
10.250000 	 8.567236e-07 9.372897e-07 1.260836e-06 	 1.520037e-06 6.203078e-07 2.974005e-07 	 -6.633128e-07 3.169819e-07 9.634356e-07 	 42273
10.750000 	 7.616073e-07 4.606210e-08 9.496712e-08 	 1.007373e-07 -8.844483e-07 2.183399e-08 	 6.608693e-07 9.305108e-07 7.313336e-08 	 42291
11.250000 	 -1.787847e-06 1.951560e-06 3.694591e-07 	 -1.470992e-06 5.270054e-07 -5.936592e-07 	 -3.168547e-07 1.424554e-06 9.631181e-07 	 25961
11.750000 	 -1.732227e-06 -2.880576e-06 -2.880658e-06 	 1.071116e-06 -1.611769e-06 -2.235406e-06 	 -2.803343e-06 -1.268807e-06 -6.452515e-07 	 1827
12.250000 	 3.101721e-05 2.003999e-05 2.863497e-05 	 3.760690e-05 2.087596e-05 2.072488e-05 	 -6.589683e-06 -8.359697e-07 7.910075e-06 	 3
12.750000 	 3.537543e-05 6.620549e-06 4.211354e-06 	 3.877751e-05 6.921443e-06 3.774615e-06 	 -3.402078e-06 -3.008940e-07 4.367382e-07 	 5
13.250000 	 1.130942e-06 -5.265331e-08 -2.761447e-07 	 1.122103e-06 -3.050867e-08 -2.530271e-07 	 8.839639e-09 -2.214461e-08 -2.311760e-08 	 11
13.750000 	 -6.787896e-09 -3.379902e-09 -6.128527e-09 	 4.763027e-13 2.368707e-13 1.195682e-13 	 -6.788371e-09 -3.380137e-09 -6.128649e-09 	 4
14.250000 	 -1.138266e-06 1.674424e-07 -7.008348e-07 	 -1.138329e-06 1.718604e-07 -7.082697e-07 	 6.268588e-11 -4.417993e-09 7.434868e-09 	 8
14.750000 	 -3.278762e-08 6.282992e-08 2.256677e-08 	 -4.091059e-08 8.238120e-08 1.513456e-08 	 8.122969e-09 -1.955128e-08 7.432213e-09 	 7
