# 1      2         3-4       5-6
# x  RMS-E  E_inhomo^2  E_homo^2
0.046262 1.535681e-12   1.920773e-26 1.675012e-51 2.339109e-24 1.274218e-38
0.138787 1.517568e-12   1.237962e-28 8.403907e-51 2.302890e-24 -2.995662e-37
0.231312 1.529084e-12   2.061854e-26 1.941264e-51 2.317480e-24 -1.499158e-37
0.323837 1.550321e-12   4.249979e-26 1.049841e-51 2.360996e-24 4.243086e-37
0.416361 1.544089e-12   2.383863e-26 2.618341e-51 2.360372e-24 -8.791494e-37
0.508886 1.527773e-12   3.008141e-28 1.210716e-51 2.333790e-24 -7.229390e-37
0.601411 1.540409e-12   1.865195e-26 2.273014e-51 2.354207e-24 -4.415861e-37
0.693935 1.565993e-12   4.517191e-26 1.343812e-51 2.407162e-24 -4.180180e-37
0.786460 1.564986e-12   2.938543e-26 1.093183e-51 2.419795e-24 -7.008164e-37
0.878985 1.550532e-12   1.100076e-27 2.051315e-51 2.403051e-24 -9.152562e-40
0.971510 1.564065e-12   1.625570e-26 7.699465e-53 2.430044e-24 -1.050755e-37
1.064034 1.594232e-12   4.799865e-26 6.087823e-51 2.493578e-24 3.480728e-37
1.156559 1.598794e-12   3.579068e-26 3.299630e-51 2.520352e-24 -4.089502e-37
1.249084 1.586439e-12   2.845747e-27 6.660353e-51 2.513942e-24 -1.074471e-36
1.341608 1.600580e-12   1.364895e-26 9.218474e-52 2.548209e-24 7.462519e-38
1.434133 1.635242e-12   5.032148e-26 6.670365e-51 2.623694e-24 2.632657e-37
1.526658 1.646176e-12   4.366738e-26 1.332045e-51 2.666230e-24 -9.503035e-37
1.619183 1.636169e-12   5.864989e-27 5.540344e-51 2.671184e-24 -1.307150e-36
1.711707 1.650413e-12   1.054868e-26 2.184237e-51 2.713314e-24 -8.257335e-37
1.804232 1.689428e-12   5.214701e-26 1.746947e-51 2.802021e-24 -2.200428e-37
1.896757 1.707450e-12   5.293221e-26 1.916964e-51 2.862454e-24 -1.060062e-36
1.989281 1.700344e-12   1.078184e-26 1.713336e-51 2.880388e-24 -1.014295e-36
2.081806 1.714017e-12   7.091989e-27 1.754611e-51 2.930762e-24 -1.102869e-36
2.174331 1.756725e-12   5.280125e-26 1.876169e-51 3.033282e-24 -3.609999e-38
2.266856 1.782455e-12   6.350743e-26 2.935553e-51 3.113637e-24 -7.822557e-37
2.359380 1.779036e-12   1.839661e-26 5.382572e-51 3.146572e-24 8.736449e-38
2.451905 1.791324e-12   3.610767e-27 2.456095e-51 3.205231e-24 4.721342e-37
2.544430 1.836348e-12   5.132359e-26 4.485238e-51 3.320850e-24 -4.918298e-37
2.636954 1.870084e-12   7.478737e-26 1.207990e-50 3.422426e-24 -7.700479e-37
2.729479 1.871694e-12   2.966634e-26 7.155232e-51 3.473573e-24 -6.146868e-37
2.822004 1.883150e-12   7.751784e-28 3.685004e-51 3.545480e-24 -1.204912e-36
2.914529 1.931375e-12   4.703876e-26 2.864283e-51 3.683171e-24 -9.601984e-37
3.007053 1.979305e-12   8.488696e-26 8.672810e-51 3.832761e-24 -4.560382e-37
3.099578 2.002092e-12   4.632518e-26 8.880471e-51 3.962046e-24 -3.323782e-37
3.192103 2.039280e-12   2.481532e-27 4.697915e-51 4.156180e-24 -2.251671e-39
3.284627 2.130606e-12   3.520802e-26 5.850517e-51 4.504274e-24 -7.344719e-37
3.377152 2.254401e-12   1.122095e-25 9.868822e-51 4.970116e-24 -9.679357e-37
3.469677 2.364286e-12   6.100587e-26 5.673176e-51 5.528844e-24 -9.324680e-37
3.562202 2.495222e-12   1.984339e-26 4.427966e-51 6.206291e-24 -4.183837e-38
3.654726 2.657756e-12   5.531771e-26 4.307570e-51 7.008347e-24 -1.032495e-36
3.747251 2.810911e-12   8.484484e-26 8.086551e-51 7.816378e-24 -9.246704e-37
3.839776 2.932493e-12   9.737577e-26 1.947562e-50 8.502140e-24 -1.228585e-36
3.932301 3.015065e-12   2.848422e-26 2.345545e-50 9.062133e-24 -9.244898e-37
4.024825 3.095666e-12   5.887981e-26 8.204871e-51 9.524267e-24 -1.163800e-36
4.117350 3.170240e-12   1.539773e-25 1.144938e-50 9.896442e-24 -1.350986e-36
4.209875 3.220729e-12   2.906439e-25 1.527213e-50 1.008245e-23 -1.148184e-36
4.302399 3.235242e-12   2.238267e-25 1.187372e-50 1.024296e-23 -4.422165e-37
4.394924 3.262886e-12   2.448198e-25 8.423081e-52 1.040161e-23 -6.152548e-37
4.487449 3.295885e-12   3.351255e-25 4.364525e-51 1.052774e-23 -4.085272e-37
4.579974 3.301518e-12   2.853435e-25 1.679661e-50 1.061468e-23 1.682920e-38
4.672498 3.299264e-12   2.257635e-25 1.275790e-50 1.065938e-23 -1.475891e-37
4.765023 3.298328e-12   1.229368e-25 4.823590e-51 1.075603e-23 -6.212076e-37
4.857548 3.318285e-12   1.259878e-25 3.065377e-51 1.088503e-23 -5.298526e-37
4.950072 3.330257e-12   1.639435e-25 8.463691e-51 1.092667e-23 -1.253906e-36
5.042597 3.323548e-12   8.322532e-26 9.407314e-51 1.096275e-23 -3.725585e-37
5.135122 3.331710e-12   1.987348e-26 1.038412e-50 1.108042e-23 5.184436e-37
5.227647 3.353940e-12   4.655372e-26 2.305335e-51 1.120236e-23 -7.453573e-37
5.320171 3.363190e-12   8.017409e-26 1.450179e-50 1.123087e-23 -4.330697e-37
5.412696 3.362987e-12   6.578928e-26 1.778695e-50 1.124389e-23 -6.391177e-37
5.505221 3.369116e-12   2.182891e-26 2.440116e-50 1.132911e-23 -6.814424e-37
5.597745 3.386982e-12   3.673045e-26 3.332041e-51 1.143491e-23 -6.406086e-37
5.690270 3.397840e-12   6.972640e-26 1.373656e-50 1.147559e-23 -6.480751e-37
5.782795 3.397977e-12   9.994927e-26 2.544615e-50 1.144630e-23 -7.194566e-37
5.875320 3.399690e-12   4.628574e-26 2.260845e-50 1.151161e-23 -3.190225e-37
5.967844 3.418428e-12   4.611482e-26 1.112103e-50 1.163954e-23 -4.255562e-37
6.060369 3.433538e-12   1.333560e-25 1.432908e-50 1.165583e-23 -8.940897e-37
6.152894 3.419382e-12   9.631273e-26 1.234783e-50 1.159586e-23 -2.877265e-37
6.245418 3.425053e-12   1.167286e-25 2.295068e-50 1.161426e-23 -9.233092e-37
6.337943 3.443724e-12   1.165064e-25 7.194013e-51 1.174273e-23 4.584421e-38
6.430468 3.448183e-12   9.244751e-26 1.960166e-51 1.179752e-23 -5.753045e-37
6.522993 3.443445e-12   1.435416e-25 1.244502e-50 1.171377e-23 -1.639018e-37
6.615517 3.429258e-12   5.427721e-26 1.867669e-50 1.170553e-23 -6.787232e-37
6.708042 3.446403e-12   3.153758e-26 1.205575e-50 1.184616e-23 -8.490476e-37
6.800567 3.459789e-12   6.985439e-26 1.561653e-51 1.190028e-23 1.706888e-37
6.893091 3.452110e-12   1.137239e-25 1.426733e-50 1.180334e-23 2.318047e-37
6.985616 3.437422e-12   7.206537e-26 2.672296e-50 1.174380e-23 -4.474118e-37
7.078141 3.459023e-12   9.822158e-26 1.965451e-50 1.186662e-23 -7.057442e-37
7.170666 3.478212e-12   1.181805e-25 3.823485e-51 1.197978e-23 -1.612350e-37
7.263190 3.462137e-12   9.136759e-26 1.053485e-50 1.189502e-23 -1.241121e-37
7.355715 3.439516e-12   5.764502e-26 1.649694e-50 1.177263e-23 -6.153701e-37
7.448240 3.448625e-12   3.597991e-26 1.412922e-50 1.185703e-23 -6.270768e-37
7.540765 3.477422e-12   1.029764e-25 5.537588e-51 1.198949e-23 -1.768607e-37
7.633289 3.462084e-12   8.175741e-26 5.675861e-51 1.190427e-23 3.731688e-37
7.725814 3.441089e-12   9.876934e-26 5.668006e-51 1.174232e-23 -8.799689e-38
7.818339 3.438242e-12   5.428381e-26 1.209552e-50 1.176722e-23 -3.848771e-37
7.910863 3.462015e-12   6.511768e-26 7.047697e-51 1.192043e-23 4.435848e-37
8.003388 3.465622e-12   1.017434e-25 1.030989e-51 1.190879e-23 9.880466e-37
8.095913 3.431327e-12   4.376907e-26 1.502010e-50 1.173023e-23 2.959042e-37
8.188438 3.423066e-12   2.001006e-26 2.880548e-50 1.169737e-23 2.446148e-37
8.280962 3.454933e-12   7.629931e-26 1.793319e-50 1.186026e-23 1.113122e-36
8.373487 3.458071e-12   6.269268e-26 2.129934e-51 1.189556e-23 1.078934e-36
8.466012 3.435744e-12   9.306203e-26 1.355353e-50 1.171127e-23 7.604568e-37
8.558536 3.412868e-12   3.656837e-26 1.490926e-50 1.161110e-23 5.226616e-37
8.651061 3.434888e-12   6.059891e-26 9.758640e-51 1.173786e-23 6.359801e-37
8.743586 3.459729e-12   1.614680e-25 5.113752e-51 1.180826e-23 6.761295e-37
8.836111 3.428718e-12   1.077809e-25 7.567711e-51 1.164832e-23 -2.617512e-37
8.928635 3.403462e-12   1.042455e-25 7.672897e-51 1.147931e-23 9.010394e-37
9.021160 3.412133e-12   9.262416e-26 1.083809e-50 1.155003e-23 5.914364e-37
9.113685 3.433190e-12   1.318284e-25 4.847782e-51 1.165496e-23 7.922762e-37
9.206209 3.417485e-12   1.427125e-25 4.229793e-51 1.153649e-23 9.209244e-37
9.298734 3.380797e-12   7.658051e-26 3.367067e-51 1.135320e-23 1.170135e-36
9.391259 3.388395e-12   1.209293e-25 1.242077e-50 1.136029e-23 5.925146e-38
9.483784 3.413297e-12   1.769672e-25 6.837482e-51 1.147363e-23 2.208291e-37
9.576308 3.394663e-12   1.573445e-25 5.438695e-51 1.136640e-23 -5.212282e-37
9.668833 3.359684e-12   1.329555e-25 6.615484e-51 1.115452e-23 3.747697e-37
9.761358 3.339256e-12   5.962489e-26 9.855591e-51 1.109100e-23 1.027941e-36
9.853882 3.353795e-12   8.054129e-26 8.646482e-51 1.116740e-23 -1.695037e-37
9.946407 3.348168e-12   8.147292e-26 2.837426e-52 1.112876e-23 -3.153459e-37
10.038932 3.305603e-12   3.539128e-26 9.150599e-52 1.089162e-23 9.493744e-37
10.131457 3.285507e-12   8.861638e-27 4.452789e-51 1.078569e-23 1.112498e-36
10.223981 3.296050e-12   2.872475e-26 2.628997e-51 1.083522e-23 9.482957e-37
10.316506 3.294572e-12   5.781101e-26 4.210915e-51 1.079639e-23 6.038023e-37
10.409031 3.255874e-12   3.601308e-26 1.920445e-51 1.056470e-23 1.145447e-36
10.501555 3.225520e-12   6.805588e-27 3.135382e-51 1.039718e-23 1.474439e-36
10.594080 3.227697e-12   4.256301e-26 1.579295e-51 1.037546e-23 1.050113e-36
10.686605 3.220817e-12   9.249010e-26 1.327007e-51 1.028117e-23 4.706094e-37
10.779130 3.175649e-12   1.123734e-25 1.576140e-51 9.972370e-24 9.332581e-37
10.871654 3.110557e-12   1.188981e-25 7.568692e-52 9.556669e-24 3.980548e-37
10.964179 3.055848e-12   1.254566e-25 6.131774e-51 9.212752e-24 -1.548564e-37
11.056704 2.981853e-12   1.426127e-25 2.114102e-51 8.748832e-24 5.612257e-37
11.149229 2.844832e-12   1.123614e-25 1.277193e-51 7.980705e-24 1.180595e-36
11.241753 2.670783e-12   3.548378e-26 2.053132e-51 7.097596e-24 5.163185e-37
11.334278 2.523420e-12   2.334714e-26 1.469131e-51 6.344301e-24 1.484843e-36
11.426803 2.403504e-12   4.430977e-26 7.529525e-52 5.732521e-24 6.000895e-37
11.519327 2.261981e-12   2.175420e-26 7.100478e-52 5.094802e-24 3.713974e-37
11.611852 2.129559e-12   4.303994e-27 1.768443e-51 4.530717e-24 5.745050e-37
11.704377 2.057601e-12   9.051278e-27 7.407239e-52 4.224670e-24 1.779778e-37
11.796902 2.030349e-12   2.756871e-26 2.200150e-52 4.094748e-24 7.094248e-37
11.889426 1.988099e-12   2.410705e-26 2.607619e-51 3.928429e-24 5.843866e-37
11.981951 1.925633e-12   3.904891e-27 4.556379e-54 3.704157e-24 9.163810e-37
12.074476 1.896204e-12   6.238663e-27 4.323005e-52 3.589352e-24 1.916231e-37
12.167000 1.900033e-12   2.614479e-26 1.355577e-51 3.583979e-24 6.658474e-37
12.259525 1.880511e-12   2.420406e-26 1.872917e-51 3.512118e-24 4.267515e-37
12.352050 1.829892e-12   3.708784e-27 5.144519e-51 3.344796e-24 7.923005e-37
12.444575 1.800973e-12   5.521177e-27 2.400920e-51 3.237982e-24 6.586616e-37
12.537099 1.805741e-12   2.604760e-26 2.475314e-51 3.234654e-24 2.825188e-37
12.629624 1.793593e-12   2.493386e-26 5.534462e-52 3.192043e-24 4.007915e-37
12.722149 1.749268e-12   4.446256e-27 1.120176e-51 3.055493e-24 7.588973e-37
12.814673 1.719953e-12   4.817461e-27 2.872978e-51 2.953420e-24 -9.976513e-38
12.907198 1.724839e-12   2.602340e-26 3.056191e-52 2.949047e-24 2.107500e-37
12.999723 1.718882e-12   2.678450e-26 1.388415e-51 2.927770e-24 1.362203e-38
13.092248 1.681008e-12   5.586564e-27 5.162688e-51 2.820202e-24 3.602977e-37
13.184772 1.652811e-12   3.942434e-27 7.796425e-53 2.727841e-24 -9.708601e-38
13.277297 1.658272e-12   2.587842e-26 1.446406e-51 2.723986e-24 1.514307e-37
13.369822 1.657740e-12   2.918518e-26 1.069844e-51 2.718917e-24 7.606550e-37
13.462346 1.626016e-12   7.223365e-27 1.130264e-51 2.636704e-24 1.212932e-36
13.554871 1.599694e-12   2.917694e-27 1.246163e-51 2.556103e-24 4.559456e-37
13.647396 1.606127e-12   2.549998e-26 3.877212e-52 2.554145e-24 -3.744337e-37
13.739921 1.610368e-12   3.174592e-26 7.275192e-52 2.561539e-24 9.255955e-37
13.832445 1.584320e-12   9.426223e-27 3.926103e-51 2.500643e-24 8.609783e-37
13.924970 1.560103e-12   1.899482e-27 1.662742e-51 2.432023e-24 6.456620e-37
14.017495 1.567727e-12   2.471773e-26 2.065022e-51 2.433051e-24 4.581008e-37
14.110020 1.576418e-12   3.448693e-26 5.063411e-52 2.450607e-24 5.391013e-37
14.202544 1.555552e-12   1.205386e-26 3.785300e-51 2.407687e-24 5.564236e-37
14.295069 1.533498e-12   1.042153e-27 1.806239e-51 2.350573e-24 3.272382e-37
14.387594 1.542453e-12   2.369255e-26 3.792765e-52 2.355467e-24 -2.397653e-37
14.480118 1.555320e-12   3.707837e-26 1.815711e-51 2.381943e-24 2.585930e-37
14.572643 1.539437e-12   1.538036e-26 9.159126e-51 2.354485e-24 3.077977e-37
14.665168 1.519389e-12   3.965403e-28 2.213255e-51 2.308146e-24 -2.088883e-37
14.757693 1.529676e-12   2.226873e-26 3.685426e-51 2.317641e-24 1.462695e-37
14.850217 1.546768e-12   3.983176e-26 8.159653e-51 2.352659e-24 -5.141581e-37
