# 1  2-4    5-7    8-10   11     
# x  dirEF  recEF  sumEF  #Sample
0.250000 	 0.000000e+00 0.000000e+00 0.000000e+00 	 0.000000e+00 0.000000e+00 0.000000e+00 	 0.000000e+00 0.000000e+00 0.000000e+00 	 0
0.750000 	 0.000000e+00 0.000000e+00 0.000000e+00 	 0.000000e+00 0.000000e+00 0.000000e+00 	 0.000000e+00 0.000000e+00 0.000000e+00 	 0
1.250000 	 0.000000e+00 0.000000e+00 0.000000e+00 	 0.000000e+00 0.000000e+00 0.000000e+00 	 0.000000e+00 0.000000e+00 0.000000e+00 	 0
1.750000 	 0.000000e+00 0.000000e+00 0.000000e+00 	 0.000000e+00 0.000000e+00 0.000000e+00 	 0.000000e+00 0.000000e+00 0.000000e+00 	 0
2.250000 	 0.000000e+00 0.000000e+00 0.000000e+00 	 0.000000e+00 0.000000e+00 0.000000e+00 	 0.000000e+00 0.000000e+00 0.000000e+00 	 0
2.750000 	 0.000000e+00 0.000000e+00 0.000000e+00 	 0.000000e+00 0.000000e+00 0.000000e+00 	 0.000000e+00 0.000000e+00 0.000000e+00 	 0
3.250000 	 -3.565506e-06 -1.721963e-06 -1.941127e-06 	 -4.417321e-06 -5.648083e-07 -4.800509e-07 	 -7.982827e-06 -2.286772e-06 -2.421178e-06 	 19
3.750000 	 -4.907211e-07 1.494945e-06 -3.939020e-07 	 1.166298e-06 -4.557472e-08 -3.876946e-08 	 6.755772e-07 1.449370e-06 -4.326715e-07 	 606
4.250000 	 -6.024503e-07 6.728189e-08 9.135903e-08 	 -8.111720e-08 7.148217e-08 -3.725872e-08 	 -6.835675e-07 1.387641e-07 5.410031e-08 	 880
4.750000 	 7.220291e-07 -1.007989e-07 -2.650749e-07 	 2.764485e-07 6.307341e-08 -5.870897e-08 	 9.984776e-07 -3.772549e-08 -3.237839e-07 	 905
5.250000 	 5.736873e-07 1.829401e-06 3.789656e-07 	 -4.158543e-08 6.565950e-09 2.094957e-08 	 5.321019e-07 1.835967e-06 3.999152e-07 	 903
5.750000 	 -5.783606e-07 -1.465529e-06 8.885501e-07 	 -1.316221e-07 4.311816e-08 -3.034915e-08 	 -7.099827e-07 -1.422410e-06 8.582009e-07 	 906
6.250000 	 1.400061e-06 1.037802e-06 8.585803e-07 	 -1.429291e-07 6.859073e-09 -1.988116e-09 	 1.257132e-06 1.044661e-06 8.565922e-07 	 918
6.750000 	 7.101076e-07 1.197404e-07 1.132022e-06 	 6.813222e-08 -8.818448e-10 9.569638e-09 	 7.782399e-07 1.188586e-07 1.141592e-06 	 888
7.250000 	 -1.301373e-06 -1.324522e-06 6.582431e-08 	 3.073830e-07 5.678102e-08 1.368583e-08 	 -9.939904e-07 -1.267741e-06 7.951014e-08 	 904
7.750000 	 7.501991e-07 8.738048e-07 7.138228e-07 	 -1.683063e-07 -1.321734e-07 -5.664331e-08 	 5.818928e-07 7.416314e-07 6.571795e-07 	 895
8.250000 	 1.837176e-06 2.537040e-07 3.025126e-07 	 -9.883427e-08 -4.373666e-08 -7.679868e-08 	 1.738342e-06 2.099673e-07 2.257139e-07 	 910
8.750000 	 -1.669852e-06 -4.777703e-07 -8.348921e-07 	 8.828794e-08 1.232820e-07 -9.818378e-08 	 -1.581564e-06 -3.544883e-07 -9.330759e-07 	 888
9.250000 	 -1.943113e-07 -1.950198e-06 -8.040214e-07 	 -3.504425e-07 -6.473074e-08 9.307935e-08 	 -5.447538e-07 -2.014928e-06 -7.109420e-07 	 914
9.750000 	 9.336226e-07 -8.898260e-07 1.034456e-06 	 5.902099e-07 -4.278375e-08 -2.586900e-08 	 1.523832e-06 -9.326098e-07 1.008587e-06 	 887
10.250000 	 1.021805e-07 5.756662e-07 1.361034e-06 	 -3.286512e-07 -6.765847e-08 -1.237558e-07 	 -2.264706e-07 5.080078e-07 1.237278e-06 	 927
10.750000 	 4.643908e-07 1.881572e-06 8.587626e-07 	 -3.241882e-07 -4.087592e-09 1.055614e-08 	 1.402026e-07 1.877484e-06 8.693187e-07 	 896
11.250000 	 5.219241e-07 5.524330e-07 -1.369919e-06 	 -4.760044e-07 2.023682e-07 1.689385e-07 	 4.591970e-08 7.548012e-07 -1.200981e-06 	 539
11.750000 	 2.324076e-06 -2.555859e-06 8.355247e-07 	 5.002201e-07 -1.286680e-06 -1.183759e-06 	 2.824296e-06 -3.842538e-06 -3.482340e-07 	 39
12.250000 	 0.000000e+00 0.000000e+00 0.000000e+00 	 0.000000e+00 0.000000e+00 0.000000e+00 	 0.000000e+00 0.000000e+00 0.000000e+00 	 0
12.750000 	 0.000000e+00 0.000000e+00 0.000000e+00 	 0.000000e+00 0.000000e+00 0.000000e+00 	 0.000000e+00 0.000000e+00 0.000000e+00 	 0
13.250000 	 0.000000e+00 0.000000e+00 0.000000e+00 	 0.000000e+00 0.000000e+00 0.000000e+00 	 0.000000e+00 0.000000e+00 0.000000e+00 	 0
13.750000 	 0.000000e+00 0.000000e+00 0.000000e+00 	 0.000000e+00 0.000000e+00 0.000000e+00 	 0.000000e+00 0.000000e+00 0.000000e+00 	 0
14.250000 	 0.000000e+00 0.000000e+00 0.000000e+00 	 0.000000e+00 0.000000e+00 0.000000e+00 	 0.000000e+00 0.000000e+00 0.000000e+00 	 0
14.750000 	 0.000000e+00 0.000000e+00 0.000000e+00 	 0.000000e+00 0.000000e+00 0.000000e+00 	 0.000000e+00 0.000000e+00 0.000000e+00 	 0
