# 1  2-4    5-7    8-10   11     
# x  dirEF  recEF  sumEF  #Sample
0.250000 	 0.000000e+00 0.000000e+00 0.000000e+00 	 0.000000e+00 0.000000e+00 0.000000e+00 	 0.000000e+00 0.000000e+00 0.000000e+00 	 0
0.750000 	 0.000000e+00 0.000000e+00 0.000000e+00 	 0.000000e+00 0.000000e+00 0.000000e+00 	 0.000000e+00 0.000000e+00 0.000000e+00 	 0
1.250000 	 0.000000e+00 0.000000e+00 0.000000e+00 	 0.000000e+00 0.000000e+00 0.000000e+00 	 0.000000e+00 0.000000e+00 0.000000e+00 	 0
1.750000 	 9.577406e-11 1.051603e-11 1.948308e-11 	 -4.776179e-13 3.328726e-13 1.260936e-13 	 9.529799e-11 1.084999e-11 1.960920e-11 	 1
2.250000 	 0.000000e+00 0.000000e+00 0.000000e+00 	 0.000000e+00 0.000000e+00 0.000000e+00 	 0.000000e+00 0.000000e+00 0.000000e+00 	 0
2.750000 	 0.000000e+00 0.000000e+00 0.000000e+00 	 0.000000e+00 0.000000e+00 0.000000e+00 	 0.000000e+00 0.000000e+00 0.000000e+00 	 0
3.250000 	 1.447490e-06 -3.277806e-06 6.967614e-06 	 3.073163e-13 -2.890825e-14 -4.100999e-14 	 1.447490e-06 -3.277806e-06 6.967614e-06 	 34
3.750000 	 4.617283e-07 2.736528e-07 -3.499912e-07 	 2.320156e-14 6.628372e-15 -5.662247e-14 	 4.617283e-07 2.736529e-07 -3.499913e-07 	 566
4.250000 	 2.137487e-06 -2.619418e-07 -7.932483e-08 	 -1.578292e-14 -1.366793e-14 2.393891e-14 	 2.137487e-06 -2.619418e-07 -7.932480e-08 	 899
4.750000 	 1.946408e-06 6.464304e-07 -1.426250e-08 	 6.385476e-14 -2.148595e-14 3.857085e-15 	 1.946408e-06 6.464304e-07 -1.426249e-08 	 912
5.250000 	 -9.099903e-07 3.297312e-07 -1.628562e-06 	 3.539080e-14 -3.113323e-14 -5.000265e-14 	 -9.099903e-07 3.297312e-07 -1.628562e-06 	 904
5.750000 	 2.032610e-06 -1.254428e-06 1.487699e-06 	 -2.731761e-14 -3.031948e-14 -3.127186e-15 	 2.032610e-06 -1.254428e-06 1.487699e-06 	 884
6.250000 	 -2.208743e-06 -1.436087e-06 2.638951e-07 	 -3.301108e-14 -1.388990e-14 -1.992213e-14 	 -2.208743e-06 -1.436087e-06 2.638951e-07 	 892
6.750000 	 -2.539137e-07 3.285000e-07 -1.748548e-06 	 6.221301e-14 6.229631e-15 4.135819e-14 	 -2.539137e-07 3.285000e-07 -1.748548e-06 	 923
7.250000 	 -3.882241e-08 -1.107490e-06 5.471810e-07 	 -7.958058e-14 2.682795e-14 -1.494254e-14 	 -3.882249e-08 -1.107490e-06 5.471810e-07 	 905
7.750000 	 5.385838e-07 3.529002e-07 6.028619e-07 	 -8.213688e-14 3.197346e-15 -6.010452e-14 	 5.385837e-07 3.529002e-07 6.028619e-07 	 898
8.250000 	 -3.552974e-07 2.851910e-07 -1.361792e-06 	 -1.008824e-14 1.080661e-14 3.000528e-14 	 -3.552974e-07 2.851910e-07 -1.361792e-06 	 919
8.750000 	 -2.252710e-06 -2.710485e-06 2.868227e-07 	 -6.525784e-14 -7.344072e-14 -6.577624e-14 	 -2.252710e-06 -2.710485e-06 2.868227e-07 	 908
9.250000 	 7.364607e-07 -2.927369e-07 -2.856167e-06 	 -8.554281e-14 -2.819040e-14 -5.559949e-14 	 7.364606e-07 -2.927369e-07 -2.856167e-06 	 922
9.750000 	 1.072351e-07 8.532071e-07 1.684338e-06 	 -6.139863e-15 6.345556e-14 9.416900e-14 	 1.072351e-07 8.532072e-07 1.684338e-06 	 902
10.250000 	 5.962686e-07 -1.758284e-06 1.192419e-06 	 -2.022304e-14 -2.559605e-14 4.404111e-14 	 5.962686e-07 -1.758284e-06 1.192419e-06 	 894
10.750000 	 3.186571e-06 2.130861e-07 -1.012173e-06 	 4.817887e-14 -7.084663e-14 5.211840e-14 	 3.186571e-06 2.130860e-07 -1.012173e-06 	 904
11.250000 	 -8.927518e-07 3.122478e-08 -4.981792e-07 	 8.885171e-14 -5.367843e-14 2.024754e-14 	 -8.927517e-07 3.122473e-08 -4.981791e-07 	 534
11.750000 	 1.082994e-05 2.561249e-06 8.179805e-07 	 -1.469254e-13 2.789634e-13 -3.835947e-15 	 1.082994e-05 2.561249e-06 8.179804e-07 	 22
12.250000 	 0.000000e+00 0.000000e+00 0.000000e+00 	 0.000000e+00 0.000000e+00 0.000000e+00 	 0.000000e+00 0.000000e+00 0.000000e+00 	 0
12.750000 	 0.000000e+00 0.000000e+00 0.000000e+00 	 0.000000e+00 0.000000e+00 0.000000e+00 	 0.000000e+00 0.000000e+00 0.000000e+00 	 0
13.250000 	 0.000000e+00 0.000000e+00 0.000000e+00 	 0.000000e+00 0.000000e+00 0.000000e+00 	 0.000000e+00 0.000000e+00 0.000000e+00 	 0
13.750000 	 0.000000e+00 0.000000e+00 0.000000e+00 	 -3.603284e-12 8.570922e-14 -1.739008e-13 	 -3.602452e-12 8.526513e-14 -1.740830e-13 	 1
14.250000 	 0.000000e+00 0.000000e+00 0.000000e+00 	 0.000000e+00 0.000000e+00 0.000000e+00 	 0.000000e+00 0.000000e+00 0.000000e+00 	 0
14.750000 	 0.000000e+00 0.000000e+00 0.000000e+00 	 0.000000e+00 0.000000e+00 0.000000e+00 	 0.000000e+00 0.000000e+00 0.000000e+00 	 0
