# 1  2-4    5-7    8-10   11     
# x  dirEF  recEF  sumEF  #Sample
0.250000 	 0.000000e+00 0.000000e+00 0.000000e+00 	 0.000000e+00 0.000000e+00 0.000000e+00 	 0.000000e+00 0.000000e+00 0.000000e+00 	 0
0.750000 	 0.000000e+00 0.000000e+00 0.000000e+00 	 0.000000e+00 0.000000e+00 0.000000e+00 	 0.000000e+00 0.000000e+00 0.000000e+00 	 0
1.250000 	 0.000000e+00 0.000000e+00 0.000000e+00 	 0.000000e+00 0.000000e+00 0.000000e+00 	 0.000000e+00 0.000000e+00 0.000000e+00 	 0
1.750000 	 0.000000e+00 0.000000e+00 0.000000e+00 	 0.000000e+00 0.000000e+00 0.000000e+00 	 0.000000e+00 0.000000e+00 0.000000e+00 	 0
2.250000 	 0.000000e+00 0.000000e+00 0.000000e+00 	 0.000000e+00 0.000000e+00 0.000000e+00 	 0.000000e+00 0.000000e+00 0.000000e+00 	 0
2.750000 	 0.000000e+00 0.000000e+00 0.000000e+00 	 0.000000e+00 0.000000e+00 0.000000e+00 	 0.000000e+00 0.000000e+00 0.000000e+00 	 0
3.250000 	 4.977548e-06 -4.984618e-07 -2.139554e-06 	 -1.251839e-06 2.440417e-06 -4.299383e-07 	 3.725710e-06 1.941955e-06 -2.569492e-06 	 22
3.750000 	 -3.948195e-07 -7.840599e-07 -9.324691e-07 	 1.050530e-06 -1.252602e-07 4.838525e-08 	 6.557108e-07 -9.093201e-07 -8.840838e-07 	 547
4.250000 	 -2.468469e-07 -9.784396e-07 -1.095573e-06 	 -3.173093e-07 1.574394e-07 8.222587e-09 	 -5.641562e-07 -8.210002e-07 -1.087350e-06 	 897
4.750000 	 -8.950196e-07 1.933580e-07 6.552113e-07 	 3.848181e-07 2.834249e-08 1.713249e-07 	 -5.102015e-07 2.217005e-07 8.265361e-07 	 922
5.250000 	 5.648609e-07 -1.647133e-06 4.387567e-08 	 -2.975960e-07 -6.795474e-09 -4.034691e-09 	 2.672649e-07 -1.653928e-06 3.984098e-08 	 907
5.750000 	 7.983236e-07 7.116957e-07 9.091482e-08 	 -1.603992e-08 -7.566193e-08 1.125778e-07 	 7.822837e-07 6.360338e-07 2.034926e-07 	 919
6.250000 	 -2.082590e-06 1.447687e-06 1.438486e-06 	 3.681093e-07 -1.467148e-07 6.241273e-08 	 -1.714481e-06 1.300972e-06 1.500899e-06 	 901
6.750000 	 1.211161e-06 -2.243521e-06 -4.211411e-08 	 2.039128e-07 -1.004809e-08 -1.715297e-07 	 1.415074e-06 -2.253569e-06 -2.136438e-07 	 904
7.250000 	 1.461084e-06 -5.794921e-07 -1.157486e-07 	 -3.575116e-07 2.563175e-08 4.689941e-08 	 1.103573e-06 -5.538603e-07 -6.884920e-08 	 906
7.750000 	 5.421018e-08 1.052719e-06 -8.112219e-08 	 -1.774771e-07 -1.527221e-07 -1.319853e-08 	 -1.232670e-07 8.999973e-07 -9.432072e-08 	 902
8.250000 	 -1.295999e-06 -7.059761e-07 1.501903e-08 	 -1.767000e-07 1.278141e-07 1.123531e-07 	 -1.472699e-06 -5.781620e-07 1.273721e-07 	 911
8.750000 	 -7.129836e-07 -1.436987e-06 -1.119629e-06 	 1.983195e-07 -9.978551e-08 -1.099600e-07 	 -5.146641e-07 -1.536772e-06 -1.229589e-06 	 918
9.250000 	 1.760379e-06 -6.088926e-08 1.372514e-06 	 1.173453e-07 3.175322e-08 4.887521e-08 	 1.877725e-06 -2.913604e-08 1.421389e-06 	 908
9.750000 	 5.264507e-07 8.244579e-08 -1.192989e-06 	 2.233750e-07 -9.896129e-08 -3.937290e-08 	 7.498257e-07 -1.651549e-08 -1.232362e-06 	 914
10.250000 	 -1.242417e-06 1.279631e-06 -6.800143e-07 	 -2.362668e-08 -1.114068e-07 6.286512e-09 	 -1.266044e-06 1.168225e-06 -6.737278e-07 	 904
10.750000 	 -3.001948e-08 4.375499e-07 8.403339e-07 	 -5.665149e-07 -1.787199e-07 1.215088e-07 	 -5.965344e-07 2.588300e-07 9.618426e-07 	 897
11.250000 	 8.963299e-07 1.278961e-06 2.134617e-06 	 -1.062414e-07 1.861144e-07 -1.938214e-07 	 7.900886e-07 1.465076e-06 1.940796e-06 	 510
11.750000 	 4.291981e-06 1.494736e-06 3.092063e-06 	 5.325555e-07 1.422858e-06 9.236450e-07 	 4.824537e-06 2.917594e-06 4.015708e-06 	 35
12.250000 	 0.000000e+00 0.000000e+00 0.000000e+00 	 0.000000e+00 0.000000e+00 0.000000e+00 	 0.000000e+00 0.000000e+00 0.000000e+00 	 0
12.750000 	 0.000000e+00 0.000000e+00 0.000000e+00 	 0.000000e+00 0.000000e+00 0.000000e+00 	 0.000000e+00 0.000000e+00 0.000000e+00 	 0
13.250000 	 0.000000e+00 0.000000e+00 0.000000e+00 	 0.000000e+00 0.000000e+00 0.000000e+00 	 0.000000e+00 0.000000e+00 0.000000e+00 	 0
13.750000 	 0.000000e+00 0.000000e+00 0.000000e+00 	 0.000000e+00 0.000000e+00 0.000000e+00 	 0.000000e+00 0.000000e+00 0.000000e+00 	 0
14.250000 	 0.000000e+00 0.000000e+00 0.000000e+00 	 0.000000e+00 0.000000e+00 0.000000e+00 	 0.000000e+00 0.000000e+00 0.000000e+00 	 0
14.750000 	 0.000000e+00 0.000000e+00 0.000000e+00 	 0.000000e+00 0.000000e+00 0.000000e+00 	 0.000000e+00 0.000000e+00 0.000000e+00 	 0
