# 1  2-4    5-7    8-10   11     
# x  dirEF  recEF  sumEF  #Sample
0.250000 	 0.000000e+00 0.000000e+00 0.000000e+00 	 0.000000e+00 0.000000e+00 0.000000e+00 	 0.000000e+00 0.000000e+00 0.000000e+00 	 0
0.750000 	 0.000000e+00 0.000000e+00 0.000000e+00 	 0.000000e+00 0.000000e+00 0.000000e+00 	 0.000000e+00 0.000000e+00 0.000000e+00 	 0
1.250000 	 0.000000e+00 0.000000e+00 0.000000e+00 	 0.000000e+00 0.000000e+00 0.000000e+00 	 0.000000e+00 0.000000e+00 0.000000e+00 	 0
1.750000 	 0.000000e+00 0.000000e+00 0.000000e+00 	 0.000000e+00 0.000000e+00 0.000000e+00 	 0.000000e+00 0.000000e+00 0.000000e+00 	 0
2.250000 	 0.000000e+00 0.000000e+00 0.000000e+00 	 0.000000e+00 0.000000e+00 0.000000e+00 	 0.000000e+00 0.000000e+00 0.000000e+00 	 0
2.750000 	 0.000000e+00 0.000000e+00 0.000000e+00 	 0.000000e+00 0.000000e+00 0.000000e+00 	 0.000000e+00 0.000000e+00 0.000000e+00 	 0
3.250000 	 6.225213e-06 3.380325e-06 1.109078e-06 	 -1.736550e-06 -5.703531e-08 -1.727766e-06 	 4.488663e-06 3.323290e-06 -6.186882e-07 	 36
3.750000 	 -1.273813e-06 1.692723e-06 -3.476614e-07 	 1.021793e-06 2.599183e-07 1.793010e-06 	 -2.520199e-07 1.952641e-06 1.445349e-06 	 569
4.250000 	 -8.598450e-07 -1.741238e-06 1.427995e-06 	 -4.251530e-07 1.224086e-08 -9.331568e-08 	 -1.284998e-06 -1.728997e-06 1.334679e-06 	 872
4.750000 	 -1.277448e-06 -5.054292e-07 -2.376356e-06 	 -3.077559e-08 2.587240e-07 -1.494355e-06 	 -1.308224e-06 -2.467052e-07 -3.870711e-06 	 900
5.250000 	 1.364123e-06 -8.532648e-08 7.856911e-07 	 3.218340e-07 -1.904105e-07 3.015629e-07 	 1.685957e-06 -2.757369e-07 1.087254e-06 	 917
5.750000 	 9.430954e-07 1.276023e-06 1.573466e-06 	 -2.986270e-07 2.056236e-07 4.701758e-07 	 6.444684e-07 1.481647e-06 2.043641e-06 	 898
6.250000 	 1.184331e-06 -1.486586e-06 -6.785011e-07 	 1.074876e-07 -3.705327e-07 2.013580e-07 	 1.291819e-06 -1.857119e-06 -4.771432e-07 	 914
6.750000 	 5.141433e-07 9.436440e-07 3.085441e-08 	 7.327255e-08 3.873876e-07 -3.823032e-07 	 5.874158e-07 1.331032e-06 -3.514488e-07 	 904
7.250000 	 -2.826753e-06 -9.800583e-07 1.979946e-06 	 2.374417e-08 -4.168428e-07 -2.604861e-07 	 -2.803009e-06 -1.396901e-06 1.719460e-06 	 909
7.750000 	 1.683945e-07 1.716976e-06 8.861661e-07 	 4.243176e-08 3.346171e-07 -8.632458e-07 	 2.108263e-07 2.051593e-06 2.292028e-08 	 919
8.250000 	 -9.395689e-07 5.508743e-07 2.369027e-07 	 3.651969e-07 5.238845e-07 3.347082e-07 	 -5.743720e-07 1.074759e-06 5.716109e-07 	 909
8.750000 	 5.199598e-07 -1.062048e-07 -1.441212e-06 	 -5.145986e-07 -5.596260e-07 -2.276854e-07 	 5.361175e-09 -6.658308e-07 -1.668897e-06 	 905
9.250000 	 1.135717e-06 7.717931e-07 -6.696110e-07 	 9.708167e-08 -2.575018e-07 -2.282995e-07 	 1.232798e-06 5.142913e-07 -8.979104e-07 	 920
9.750000 	 -1.557007e-06 -7.831115e-07 -4.316402e-07 	 1.747336e-07 4.616579e-07 -7.164111e-07 	 -1.382274e-06 -3.214536e-07 -1.148051e-06 	 895
10.250000 	 -3.291574e-08 -2.504483e-07 -1.433852e-06 	 -1.323763e-07 -4.513046e-07 -1.003179e-06 	 -1.652921e-07 -7.017528e-07 -2.437031e-06 	 914
10.750000 	 1.053936e-06 6.809745e-07 1.848616e-07 	 5.648391e-08 -1.319955e-06 3.524179e-08 	 1.110420e-06 -6.389804e-07 2.201034e-07 	 889
11.250000 	 -3.755442e-07 -1.303917e-06 -8.881940e-07 	 -7.751160e-07 -4.300448e-07 6.949172e-07 	 -1.150660e-06 -1.733962e-06 -1.932769e-07 	 516
11.750000 	 -5.109083e-07 -3.666571e-06 3.782331e-06 	 2.552389e-06 -1.445697e-06 -8.129422e-07 	 2.041481e-06 -5.112269e-06 2.969389e-06 	 38
12.250000 	 0.000000e+00 0.000000e+00 0.000000e+00 	 0.000000e+00 0.000000e+00 0.000000e+00 	 0.000000e+00 0.000000e+00 0.000000e+00 	 0
12.750000 	 0.000000e+00 0.000000e+00 0.000000e+00 	 0.000000e+00 0.000000e+00 0.000000e+00 	 0.000000e+00 0.000000e+00 0.000000e+00 	 0
13.250000 	 0.000000e+00 0.000000e+00 0.000000e+00 	 0.000000e+00 0.000000e+00 0.000000e+00 	 0.000000e+00 0.000000e+00 0.000000e+00 	 0
13.750000 	 0.000000e+00 0.000000e+00 0.000000e+00 	 0.000000e+00 0.000000e+00 0.000000e+00 	 0.000000e+00 0.000000e+00 0.000000e+00 	 0
14.250000 	 0.000000e+00 0.000000e+00 0.000000e+00 	 0.000000e+00 0.000000e+00 0.000000e+00 	 0.000000e+00 0.000000e+00 0.000000e+00 	 0
14.750000 	 0.000000e+00 0.000000e+00 0.000000e+00 	 0.000000e+00 0.000000e+00 0.000000e+00 	 0.000000e+00 0.000000e+00 0.000000e+00 	 0
