# 1  2-4    5-7    8-10   11     
# x  dirEF  recEF  sumEF  #Sample
0.250000 	 0.000000e+00 0.000000e+00 0.000000e+00 	 0.000000e+00 0.000000e+00 0.000000e+00 	 0.000000e+00 0.000000e+00 0.000000e+00 	 0
0.750000 	 0.000000e+00 0.000000e+00 0.000000e+00 	 0.000000e+00 0.000000e+00 0.000000e+00 	 0.000000e+00 0.000000e+00 0.000000e+00 	 0
1.250000 	 0.000000e+00 0.000000e+00 0.000000e+00 	 0.000000e+00 0.000000e+00 0.000000e+00 	 0.000000e+00 0.000000e+00 0.000000e+00 	 0
1.750000 	 0.000000e+00 0.000000e+00 0.000000e+00 	 0.000000e+00 0.000000e+00 0.000000e+00 	 0.000000e+00 0.000000e+00 0.000000e+00 	 0
2.250000 	 0.000000e+00 0.000000e+00 0.000000e+00 	 0.000000e+00 0.000000e+00 0.000000e+00 	 0.000000e+00 0.000000e+00 0.000000e+00 	 0
2.750000 	 0.000000e+00 0.000000e+00 0.000000e+00 	 0.000000e+00 0.000000e+00 0.000000e+00 	 0.000000e+00 0.000000e+00 0.000000e+00 	 0
3.250000 	 6.225213e-06 3.380325e-06 1.109078e-06 	 -3.331074e-06 -4.214625e-07 1.020975e-06 	 2.894139e-06 2.958863e-06 2.130053e-06 	 36
3.750000 	 -1.273813e-06 1.692723e-06 -3.476614e-07 	 4.368342e-06 7.829131e-08 8.221672e-07 	 3.094529e-06 1.771014e-06 4.745058e-07 	 569
4.250000 	 -8.598450e-07 -1.741238e-06 1.427995e-06 	 -3.813326e-06 4.317711e-07 -6.673877e-07 	 -4.673171e-06 -1.309467e-06 7.606073e-07 	 872
4.750000 	 -1.277448e-06 -5.054292e-07 -2.376356e-06 	 3.326648e-06 -1.962796e-06 -7.898136e-07 	 2.049200e-06 -2.468225e-06 -3.166170e-06 	 900
5.250000 	 1.364123e-06 -8.532648e-08 7.856911e-07 	 -7.463185e-07 3.464927e-07 1.762348e-07 	 6.178041e-07 2.611662e-07 9.619259e-07 	 917
5.750000 	 9.430954e-07 1.276023e-06 1.573466e-06 	 1.234929e-06 -7.972783e-07 -1.802121e-07 	 2.178025e-06 4.787450e-07 1.393254e-06 	 898
6.250000 	 1.184331e-06 -1.486586e-06 -6.785011e-07 	 1.540824e-07 1.191873e-07 2.258634e-07 	 1.338413e-06 -1.367399e-06 -4.526377e-07 	 914
6.750000 	 5.141433e-07 9.436440e-07 3.085441e-08 	 -2.933626e-06 9.301703e-08 -1.034613e-06 	 -2.419483e-06 1.036661e-06 -1.003759e-06 	 904
7.250000 	 -2.826753e-06 -9.800583e-07 1.979946e-06 	 5.837365e-06 -2.584495e-07 -6.272466e-07 	 3.010611e-06 -1.238508e-06 1.352700e-06 	 909
7.750000 	 1.688775e-07 1.714320e-06 8.899604e-07 	 -2.397597e-06 -2.053940e-07 1.436960e-06 	 -2.228719e-06 1.508926e-06 2.326921e-06 	 919
8.250000 	 -9.395689e-07 5.508743e-07 2.369027e-07 	 -1.469235e-06 -2.627325e-07 -6.445086e-07 	 -2.408804e-06 2.881418e-07 -4.076058e-07 	 909
8.750000 	 5.199598e-07 -1.062048e-07 -1.441212e-06 	 2.856406e-06 8.670981e-07 2.258645e-07 	 3.376366e-06 7.608933e-07 -1.215347e-06 	 905
9.250000 	 1.135717e-06 7.717931e-07 -6.696110e-07 	 -3.668797e-07 2.776272e-07 1.801498e-07 	 7.688371e-07 1.049420e-06 -4.894611e-07 	 920
9.750000 	 -1.557007e-06 -7.831115e-07 -4.316402e-07 	 -4.916882e-07 -9.436313e-07 -5.774183e-07 	 -2.048695e-06 -1.726743e-06 -1.009059e-06 	 895
10.250000 	 -3.291574e-08 -2.504483e-07 -1.433852e-06 	 1.646333e-06 -1.939723e-07 -7.409229e-08 	 1.613417e-06 -4.444206e-07 -1.507944e-06 	 914
10.750000 	 1.053936e-06 6.809745e-07 1.848616e-07 	 -3.383852e-06 4.690948e-07 4.419768e-07 	 -2.329916e-06 1.150069e-06 6.268384e-07 	 889
11.250000 	 -3.755442e-07 -1.303917e-06 -8.881940e-07 	 -3.922914e-08 6.522777e-07 1.877145e-06 	 -4.147733e-07 -6.516395e-07 9.889510e-07 	 516
11.750000 	 -5.109083e-07 -3.666571e-06 3.782331e-06 	 -4.513918e-06 2.921835e-06 -1.048518e-06 	 -5.024827e-06 -7.447358e-07 2.733813e-06 	 38
12.250000 	 0.000000e+00 0.000000e+00 0.000000e+00 	 0.000000e+00 0.000000e+00 0.000000e+00 	 0.000000e+00 0.000000e+00 0.000000e+00 	 0
12.750000 	 0.000000e+00 0.000000e+00 0.000000e+00 	 0.000000e+00 0.000000e+00 0.000000e+00 	 0.000000e+00 0.000000e+00 0.000000e+00 	 0
13.250000 	 0.000000e+00 0.000000e+00 0.000000e+00 	 0.000000e+00 0.000000e+00 0.000000e+00 	 0.000000e+00 0.000000e+00 0.000000e+00 	 0
13.750000 	 0.000000e+00 0.000000e+00 0.000000e+00 	 0.000000e+00 0.000000e+00 0.000000e+00 	 0.000000e+00 0.000000e+00 0.000000e+00 	 0
14.250000 	 0.000000e+00 0.000000e+00 0.000000e+00 	 0.000000e+00 0.000000e+00 0.000000e+00 	 0.000000e+00 0.000000e+00 0.000000e+00 	 0
14.750000 	 0.000000e+00 0.000000e+00 0.000000e+00 	 0.000000e+00 0.000000e+00 0.000000e+00 	 0.000000e+00 0.000000e+00 0.000000e+00 	 0
