# 1  2-4    5-7    8-10   11     
# x  dirEF  recEF  sumEF  #Sample
0.250000 	 0.000000e+00 0.000000e+00 0.000000e+00 	 0.000000e+00 0.000000e+00 0.000000e+00 	 0.000000e+00 0.000000e+00 0.000000e+00 	 0
0.750000 	 0.000000e+00 0.000000e+00 0.000000e+00 	 0.000000e+00 0.000000e+00 0.000000e+00 	 0.000000e+00 0.000000e+00 0.000000e+00 	 0
1.250000 	 0.000000e+00 0.000000e+00 0.000000e+00 	 0.000000e+00 0.000000e+00 0.000000e+00 	 0.000000e+00 0.000000e+00 0.000000e+00 	 0
1.750000 	 0.000000e+00 0.000000e+00 0.000000e+00 	 0.000000e+00 0.000000e+00 0.000000e+00 	 0.000000e+00 0.000000e+00 0.000000e+00 	 0
2.250000 	 0.000000e+00 0.000000e+00 0.000000e+00 	 0.000000e+00 0.000000e+00 0.000000e+00 	 0.000000e+00 0.000000e+00 0.000000e+00 	 0
2.750000 	 0.000000e+00 0.000000e+00 0.000000e+00 	 0.000000e+00 0.000000e+00 0.000000e+00 	 0.000000e+00 0.000000e+00 0.000000e+00 	 0
3.250000 	 5.413821e-06 -1.430756e-06 9.466244e-08 	 -9.840487e-06 5.636414e-06 3.837649e-06 	 -4.426667e-06 4.205658e-06 3.932311e-06 	 26
3.750000 	 6.072810e-07 -9.499941e-07 -1.800801e-07 	 -4.941329e-07 4.471785e-07 6.511030e-07 	 1.131481e-07 -5.028156e-07 4.710230e-07 	 582
4.250000 	 3.294719e-07 4.517645e-07 -8.850468e-07 	 1.355155e-06 -7.206980e-07 -4.780015e-07 	 1.684627e-06 -2.689336e-07 -1.363048e-06 	 876
4.750000 	 -1.038601e-06 -1.166218e-06 -1.037048e-06 	 -1.580653e-06 8.384516e-07 1.813359e-06 	 -2.619254e-06 -3.277663e-07 7.763105e-07 	 909
5.250000 	 2.036336e-06 2.714366e-06 1.631628e-06 	 -1.079789e-06 3.270807e-07 -6.533110e-08 	 9.565467e-07 3.041447e-06 1.566297e-06 	 905
5.750000 	 2.049817e-06 -1.011404e-06 5.074003e-07 	 9.339051e-07 -1.844496e-06 1.314488e-08 	 2.983722e-06 -2.855900e-06 5.205452e-07 	 913
6.250000 	 -2.374586e-06 -1.683938e-07 8.124461e-07 	 6.984068e-07 1.198359e-07 4.964082e-07 	 -1.676179e-06 -4.855795e-08 1.308854e-06 	 903
6.750000 	 -8.663601e-07 3.002554e-07 1.221870e-06 	 2.038538e-06 1.572443e-06 1.266703e-07 	 1.172178e-06 1.872698e-06 1.348540e-06 	 915
7.250000 	 4.415507e-07 9.786263e-07 5.261695e-07 	 -2.560395e-06 -6.193381e-08 5.575133e-08 	 -2.118844e-06 9.166924e-07 5.819209e-07 	 922
7.750000 	 4.793453e-07 7.394783e-08 -4.113513e-07 	 2.842013e-06 -9.802307e-08 4.612124e-07 	 3.321358e-06 -2.407524e-08 4.986104e-08 	 881
8.250000 	 -9.448510e-08 -2.434194e-07 1.208412e-06 	 -2.979081e-06 -4.372991e-07 3.511521e-07 	 -3.073566e-06 -6.807185e-07 1.559564e-06 	 908
8.750000 	 -2.221852e-07 1.480974e-06 1.834135e-06 	 4.875856e-07 2.462539e-07 -9.256770e-07 	 2.654005e-07 1.727228e-06 9.084581e-07 	 892
9.250000 	 6.399048e-07 -9.077491e-07 -9.069750e-07 	 -2.405995e-07 5.001731e-08 9.685594e-07 	 3.993053e-07 -8.577318e-07 6.158446e-08 	 923
9.750000 	 -3.746301e-08 3.934355e-07 9.047058e-07 	 -6.311847e-07 -1.711167e-07 6.630458e-07 	 -6.686477e-07 2.223189e-07 1.567752e-06 	 895
10.250000 	 1.813243e-07 -6.348404e-07 7.441495e-07 	 1.513914e-06 4.069742e-07 1.161281e-06 	 1.695239e-06 -2.278662e-07 1.905431e-06 	 903
10.750000 	 -1.046711e-06 -6.261093e-07 3.312910e-07 	 -2.073773e-06 3.582922e-07 4.231128e-07 	 -3.120484e-06 -2.678171e-07 7.544038e-07 	 899
11.250000 	 5.199085e-07 -8.311467e-07 -2.381042e-07 	 2.419553e-06 4.675737e-07 6.606347e-07 	 2.939461e-06 -3.635729e-07 4.225304e-07 	 543
11.750000 	 1.809008e-06 -4.671204e-06 -3.660100e-07 	 6.048529e-06 -8.805279e-07 -3.876048e-06 	 7.857537e-06 -5.551732e-06 -4.242058e-06 	 29
12.250000 	 0.000000e+00 0.000000e+00 0.000000e+00 	 0.000000e+00 0.000000e+00 0.000000e+00 	 0.000000e+00 0.000000e+00 0.000000e+00 	 0
12.750000 	 0.000000e+00 0.000000e+00 0.000000e+00 	 0.000000e+00 0.000000e+00 0.000000e+00 	 0.000000e+00 0.000000e+00 0.000000e+00 	 0
13.250000 	 0.000000e+00 0.000000e+00 0.000000e+00 	 0.000000e+00 0.000000e+00 0.000000e+00 	 0.000000e+00 0.000000e+00 0.000000e+00 	 0
13.750000 	 0.000000e+00 0.000000e+00 0.000000e+00 	 0.000000e+00 0.000000e+00 0.000000e+00 	 0.000000e+00 0.000000e+00 0.000000e+00 	 0
14.250000 	 0.000000e+00 0.000000e+00 0.000000e+00 	 0.000000e+00 0.000000e+00 0.000000e+00 	 0.000000e+00 0.000000e+00 0.000000e+00 	 0
14.750000 	 0.000000e+00 0.000000e+00 0.000000e+00 	 0.000000e+00 0.000000e+00 0.000000e+00 	 0.000000e+00 0.000000e+00 0.000000e+00 	 0
