# 1  2-4    5-7    8-10   11     
# x  dirEF  recEF  sumEF  #Sample
0.250000 	 0.000000e+00 0.000000e+00 0.000000e+00 	 0.000000e+00 0.000000e+00 0.000000e+00 	 0.000000e+00 0.000000e+00 0.000000e+00 	 0
0.750000 	 0.000000e+00 0.000000e+00 0.000000e+00 	 -3.680715e-05 1.996540e-05 -6.597587e-06 	 -3.680715e-05 1.996540e-05 -6.597587e-06 	 1
1.250000 	 0.000000e+00 0.000000e+00 0.000000e+00 	 0.000000e+00 0.000000e+00 0.000000e+00 	 0.000000e+00 0.000000e+00 0.000000e+00 	 0
1.750000 	 0.000000e+00 0.000000e+00 0.000000e+00 	 0.000000e+00 0.000000e+00 0.000000e+00 	 0.000000e+00 0.000000e+00 0.000000e+00 	 0
2.250000 	 0.000000e+00 0.000000e+00 0.000000e+00 	 0.000000e+00 0.000000e+00 0.000000e+00 	 0.000000e+00 0.000000e+00 0.000000e+00 	 0
2.750000 	 0.000000e+00 0.000000e+00 0.000000e+00 	 0.000000e+00 0.000000e+00 0.000000e+00 	 0.000000e+00 0.000000e+00 0.000000e+00 	 0
3.250000 	 -7.708288e-06 1.369644e-06 4.621784e-06 	 1.664280e-05 -5.809470e-06 -4.792069e-06 	 8.934508e-06 -4.439825e-06 -1.702855e-07 	 31
3.750000 	 1.161950e-06 1.854052e-07 6.810253e-08 	 -4.272621e-06 -2.908495e-06 1.547143e-06 	 -3.110671e-06 -2.723090e-06 1.615246e-06 	 556
4.250000 	 -7.676435e-07 -1.955789e-08 6.340775e-07 	 -4.553271e-07 1.502282e-06 3.918384e-06 	 -1.222971e-06 1.482724e-06 4.552462e-06 	 912
4.750000 	 -6.337285e-07 2.995548e-07 1.289133e-06 	 2.895534e-06 5.425298e-07 -3.418301e-07 	 2.261806e-06 8.420846e-07 9.473033e-07 	 896
5.250000 	 -4.466205e-07 -1.869459e-06 -2.176852e-06 	 -2.801620e-06 -5.684265e-07 5.837747e-07 	 -3.248240e-06 -2.437885e-06 -1.593077e-06 	 915
5.750000 	 3.382213e-07 1.832666e-09 8.492402e-07 	 1.302083e-06 -2.172620e-06 1.245061e-06 	 1.640304e-06 -2.170787e-06 2.094301e-06 	 899
6.250000 	 -6.577669e-07 1.092820e-06 2.382091e-06 	 -1.271302e-06 6.860639e-07 -2.277510e-06 	 -1.929069e-06 1.778884e-06 1.045809e-07 	 919
6.750000 	 1.425339e-06 -1.957491e-06 1.733068e-06 	 6.610498e-06 3.358889e-06 -3.540439e-06 	 8.035836e-06 1.401398e-06 -1.807371e-06 	 896
7.250000 	 -1.045789e-06 6.376351e-07 1.431178e-06 	 2.734559e-06 -1.539824e-06 2.022080e-06 	 1.688769e-06 -9.021889e-07 3.453257e-06 	 910
7.750000 	 -1.120073e-06 -4.866663e-07 7.787681e-08 	 -3.144097e-06 3.871287e-06 1.018093e-07 	 -4.264170e-06 3.384621e-06 1.796861e-07 	 903
8.250000 	 -1.241714e-07 -6.781478e-07 -5.958044e-07 	 1.484348e-06 -5.165178e-06 -1.151484e-06 	 1.360177e-06 -5.843326e-06 -1.747288e-06 	 888
8.750000 	 -2.166526e-06 1.138041e-06 1.717534e-07 	 3.584093e-06 -5.019533e-06 -5.624844e-06 	 1.417567e-06 -3.881492e-06 -5.453090e-06 	 904
9.250000 	 5.890420e-07 5.224642e-07 -9.292608e-07 	 6.568336e-07 -1.701967e-07 -9.195955e-07 	 1.245876e-06 3.522675e-07 -1.848856e-06 	 903
9.750000 	 4.836347e-07 -2.492085e-06 2.022804e-06 	 -4.387378e-06 -7.170602e-07 -3.675087e-06 	 -3.903744e-06 -3.209145e-06 -1.652283e-06 	 924
10.250000 	 -1.083050e-06 6.527044e-07 -6.134889e-07 	 4.153876e-06 -1.833162e-06 3.344168e-06 	 3.070826e-06 -1.180458e-06 2.730679e-06 	 911
10.750000 	 3.018355e-08 -1.133878e-07 -1.159459e-07 	 9.197286e-07 2.853916e-06 -1.498145e-07 	 9.499122e-07 2.740528e-06 -2.657604e-07 	 906
11.250000 	 4.623411e-07 9.772645e-07 -1.418462e-06 	 2.297700e-06 -5.003342e-06 -2.077548e-07 	 2.760042e-06 -4.026077e-06 -1.626217e-06 	 517
11.750000 	 -2.825848e-06 -1.604266e-06 -1.391648e-06 	 1.435825e-06 4.617271e-06 5.831760e-06 	 -1.390023e-06 3.013005e-06 4.440111e-06 	 32
12.250000 	 0.000000e+00 0.000000e+00 0.000000e+00 	 0.000000e+00 0.000000e+00 0.000000e+00 	 0.000000e+00 0.000000e+00 0.000000e+00 	 0
12.750000 	 0.000000e+00 0.000000e+00 0.000000e+00 	 0.000000e+00 0.000000e+00 0.000000e+00 	 0.000000e+00 0.000000e+00 0.000000e+00 	 0
13.250000 	 0.000000e+00 0.000000e+00 0.000000e+00 	 0.000000e+00 0.000000e+00 0.000000e+00 	 0.000000e+00 0.000000e+00 0.000000e+00 	 0
13.750000 	 0.000000e+00 0.000000e+00 0.000000e+00 	 0.000000e+00 0.000000e+00 0.000000e+00 	 0.000000e+00 0.000000e+00 0.000000e+00 	 0
14.250000 	 0.000000e+00 0.000000e+00 0.000000e+00 	 1.461040e-05 -2.931133e-05 4.945182e-05 	 1.461040e-05 -2.931133e-05 4.945182e-05 	 1
14.750000 	 0.000000e+00 0.000000e+00 0.000000e+00 	 0.000000e+00 0.000000e+00 0.000000e+00 	 0.000000e+00 0.000000e+00 0.000000e+00 	 0
