# 1  2-4    5-7    8-10   11     
# x  dirEF  recEF  sumEF  #Sample
0.250000 	 0.000000e+00 0.000000e+00 0.000000e+00 	 0.000000e+00 0.000000e+00 0.000000e+00 	 0.000000e+00 0.000000e+00 0.000000e+00 	 0
0.750000 	 0.000000e+00 0.000000e+00 0.000000e+00 	 0.000000e+00 0.000000e+00 0.000000e+00 	 0.000000e+00 0.000000e+00 0.000000e+00 	 0
1.250000 	 0.000000e+00 0.000000e+00 0.000000e+00 	 0.000000e+00 0.000000e+00 0.000000e+00 	 0.000000e+00 0.000000e+00 0.000000e+00 	 0
1.750000 	 0.000000e+00 0.000000e+00 0.000000e+00 	 0.000000e+00 0.000000e+00 0.000000e+00 	 0.000000e+00 0.000000e+00 0.000000e+00 	 0
2.250000 	 0.000000e+00 0.000000e+00 0.000000e+00 	 0.000000e+00 0.000000e+00 0.000000e+00 	 0.000000e+00 0.000000e+00 0.000000e+00 	 0
2.750000 	 0.000000e+00 0.000000e+00 0.000000e+00 	 0.000000e+00 0.000000e+00 0.000000e+00 	 0.000000e+00 0.000000e+00 0.000000e+00 	 0
3.250000 	 5.413821e-06 -1.430756e-06 9.466244e-08 	 2.237708e-13 1.032993e-13 1.123087e-13 	 5.413821e-06 -1.430756e-06 9.466256e-08 	 26
3.750000 	 6.072810e-07 -9.499941e-07 -1.800801e-07 	 1.526915e-14 -9.222596e-14 -8.970892e-14 	 6.072810e-07 -9.499942e-07 -1.800801e-07 	 582
4.250000 	 3.294719e-07 4.517645e-07 -8.850468e-07 	 -1.401800e-13 3.000899e-14 3.960755e-14 	 3.294717e-07 4.517645e-07 -8.850467e-07 	 876
4.750000 	 -1.038601e-06 -1.166218e-06 -1.037048e-06 	 -8.814423e-14 6.690414e-15 7.128178e-15 	 -1.038601e-06 -1.166218e-06 -1.037048e-06 	 909
5.250000 	 2.036336e-06 2.714366e-06 1.631628e-06 	 -5.437293e-14 -5.194814e-14 -2.807391e-14 	 2.036336e-06 2.714366e-06 1.631628e-06 	 905
5.750000 	 2.049817e-06 -1.011404e-06 5.074003e-07 	 -4.762816e-14 5.686189e-14 -8.935465e-14 	 2.049817e-06 -1.011404e-06 5.074002e-07 	 913
6.250000 	 -2.374586e-06 -1.683938e-07 8.124461e-07 	 -5.874821e-14 -3.812414e-14 -5.802989e-14 	 -2.374586e-06 -1.683939e-07 8.124461e-07 	 903
6.750000 	 -8.663601e-07 3.002554e-07 1.221870e-06 	 3.849801e-14 2.285820e-14 2.451300e-14 	 -8.663601e-07 3.002554e-07 1.221870e-06 	 915
7.250000 	 4.415507e-07 9.786263e-07 5.261695e-07 	 9.265473e-14 -7.062495e-14 -1.418206e-14 	 4.415508e-07 9.786262e-07 5.261695e-07 	 922
7.750000 	 4.793453e-07 7.394783e-08 -4.113513e-07 	 -4.870719e-14 -4.826829e-17 -1.741654e-14 	 4.793453e-07 7.394783e-08 -4.113514e-07 	 881
8.250000 	 -9.448510e-08 -2.434194e-07 1.208412e-06 	 -8.413623e-15 2.598865e-14 9.222309e-15 	 -9.448510e-08 -2.434194e-07 1.208412e-06 	 908
8.750000 	 -2.221852e-07 1.480974e-06 1.834135e-06 	 -9.290310e-15 -2.280013e-14 3.262714e-14 	 -2.221852e-07 1.480974e-06 1.834135e-06 	 892
9.250000 	 6.399048e-07 -9.077491e-07 -9.069750e-07 	 3.075578e-14 5.330826e-15 -2.737375e-14 	 6.399048e-07 -9.077491e-07 -9.069750e-07 	 923
9.750000 	 -3.746301e-08 3.934355e-07 9.047058e-07 	 -1.605801e-14 4.558688e-14 -1.052880e-14 	 -3.746303e-08 3.934356e-07 9.047057e-07 	 895
10.250000 	 1.813243e-07 -6.348404e-07 7.441495e-07 	 7.012819e-14 -3.512568e-14 -1.500304e-14 	 1.813244e-07 -6.348404e-07 7.441495e-07 	 903
10.750000 	 -1.046711e-06 -6.261093e-07 3.312910e-07 	 -1.558976e-14 1.573822e-14 1.081983e-14 	 -1.046711e-06 -6.261093e-07 3.312910e-07 	 899
11.250000 	 5.199085e-07 -8.311467e-07 -2.381042e-07 	 -4.252082e-14 -3.246157e-14 -1.687545e-14 	 5.199085e-07 -8.311467e-07 -2.381042e-07 	 543
11.750000 	 1.809008e-06 -4.671204e-06 -3.660100e-07 	 -6.022606e-13 1.155338e-13 -1.336842e-13 	 1.809007e-06 -4.671204e-06 -3.660101e-07 	 29
12.250000 	 0.000000e+00 0.000000e+00 0.000000e+00 	 0.000000e+00 0.000000e+00 0.000000e+00 	 0.000000e+00 0.000000e+00 0.000000e+00 	 0
12.750000 	 0.000000e+00 0.000000e+00 0.000000e+00 	 0.000000e+00 0.000000e+00 0.000000e+00 	 0.000000e+00 0.000000e+00 0.000000e+00 	 0
13.250000 	 0.000000e+00 0.000000e+00 0.000000e+00 	 0.000000e+00 0.000000e+00 0.000000e+00 	 0.000000e+00 0.000000e+00 0.000000e+00 	 0
13.750000 	 0.000000e+00 0.000000e+00 0.000000e+00 	 0.000000e+00 0.000000e+00 0.000000e+00 	 0.000000e+00 0.000000e+00 0.000000e+00 	 0
14.250000 	 0.000000e+00 0.000000e+00 0.000000e+00 	 0.000000e+00 0.000000e+00 0.000000e+00 	 0.000000e+00 0.000000e+00 0.000000e+00 	 0
14.750000 	 0.000000e+00 0.000000e+00 0.000000e+00 	 0.000000e+00 0.000000e+00 0.000000e+00 	 0.000000e+00 0.000000e+00 0.000000e+00 	 0
