# 1  2-4    5-7    8-10   11     
# x  dirEF  recEF  sumEF  #Sample
0.250000 	 0.000000e+00 0.000000e+00 0.000000e+00 	 0.000000e+00 0.000000e+00 0.000000e+00 	 0.000000e+00 0.000000e+00 0.000000e+00 	 0
0.750000 	 0.000000e+00 0.000000e+00 0.000000e+00 	 0.000000e+00 0.000000e+00 0.000000e+00 	 0.000000e+00 0.000000e+00 0.000000e+00 	 0
1.250000 	 0.000000e+00 0.000000e+00 0.000000e+00 	 0.000000e+00 0.000000e+00 0.000000e+00 	 0.000000e+00 0.000000e+00 0.000000e+00 	 0
1.750000 	 0.000000e+00 0.000000e+00 0.000000e+00 	 0.000000e+00 0.000000e+00 0.000000e+00 	 0.000000e+00 0.000000e+00 0.000000e+00 	 0
2.250000 	 0.000000e+00 0.000000e+00 0.000000e+00 	 0.000000e+00 0.000000e+00 0.000000e+00 	 0.000000e+00 0.000000e+00 0.000000e+00 	 0
2.750000 	 0.000000e+00 0.000000e+00 0.000000e+00 	 0.000000e+00 0.000000e+00 0.000000e+00 	 0.000000e+00 0.000000e+00 0.000000e+00 	 0
3.250000 	 6.460000e-06 -6.751104e-07 3.731380e-06 	 -1.792999e-06 3.800332e-06 9.809759e-07 	 4.667000e-06 3.125221e-06 4.712356e-06 	 23
3.750000 	 -4.096592e-07 -5.702484e-07 -3.890922e-07 	 1.415844e-07 -1.021379e-06 1.001801e-08 	 -2.680747e-07 -1.591627e-06 -3.790742e-07 	 543
4.250000 	 4.841936e-07 -5.840215e-07 -2.743569e-07 	 1.878865e-07 -7.420912e-07 7.340246e-07 	 6.720802e-07 -1.326113e-06 4.596676e-07 	 900
4.750000 	 7.355559e-07 9.838585e-07 -1.567024e-07 	 2.539657e-07 1.604914e-07 5.927976e-07 	 9.895216e-07 1.144350e-06 4.360952e-07 	 906
5.250000 	 -2.664153e-07 -2.773863e-06 5.692416e-09 	 8.074594e-08 -9.042916e-07 -1.281270e-07 	 -1.856694e-07 -3.678154e-06 -1.224346e-07 	 919
5.750000 	 -1.431627e-07 6.303910e-07 -8.528537e-07 	 1.277881e-07 -1.309334e-08 7.755752e-07 	 -1.537464e-08 6.172976e-07 -7.727850e-08 	 925
6.250000 	 -1.329058e-06 1.198741e-06 -1.884717e-06 	 -7.671647e-08 6.382224e-07 -6.361989e-09 	 -1.405775e-06 1.836963e-06 -1.891079e-06 	 905
6.750000 	 5.235542e-07 -8.716740e-07 6.789571e-07 	 2.318214e-07 -4.232517e-07 -6.170978e-07 	 7.553756e-07 -1.294926e-06 6.185926e-08 	 913
7.250000 	 4.149114e-07 8.497601e-07 -1.591580e-06 	 -5.128969e-07 4.056606e-07 6.871921e-07 	 -9.798557e-08 1.255421e-06 -9.043879e-07 	 904
7.750000 	 -1.925913e-06 -9.626212e-07 7.778737e-07 	 3.271880e-08 -1.493650e-06 -4.616613e-07 	 -1.893194e-06 -2.456271e-06 3.162124e-07 	 901
8.250000 	 -4.341182e-07 -1.315767e-06 -1.649907e-06 	 4.448805e-08 7.872388e-08 6.637662e-08 	 -3.896301e-07 -1.237043e-06 -1.583531e-06 	 902
8.750000 	 -1.043218e-06 8.101307e-07 -2.205448e-06 	 -2.124127e-07 9.143678e-07 -2.064891e-07 	 -1.255631e-06 1.724499e-06 -2.411937e-06 	 916
9.250000 	 1.925334e-06 -8.135218e-07 -5.057130e-07 	 2.052929e-07 5.587459e-07 1.762670e-07 	 2.130627e-06 -2.547758e-07 -3.294460e-07 	 900
9.750000 	 -1.296718e-06 -2.196170e-07 1.594391e-07 	 -4.090115e-07 -1.013951e-07 -1.111491e-07 	 -1.705729e-06 -3.210121e-07 4.829004e-08 	 907
10.250000 	 -2.421252e-06 -1.002674e-06 1.688834e-06 	 -3.726422e-08 3.856280e-07 4.798599e-09 	 -2.458516e-06 -6.170464e-07 1.693632e-06 	 900
10.750000 	 5.322894e-07 1.496447e-06 -3.340047e-07 	 1.334140e-07 6.260071e-07 1.142128e-07 	 6.657034e-07 2.122454e-06 -2.197919e-07 	 900
11.250000 	 3.165933e-06 -1.101913e-06 2.668165e-07 	 -2.764605e-07 5.235251e-07 1.005058e-06 	 2.889472e-06 -5.783878e-07 1.271874e-06 	 541
11.750000 	 4.000350e-06 -6.929177e-07 6.055421e-07 	 2.418301e-06 -1.739141e-06 -3.737821e-06 	 6.418651e-06 -2.432059e-06 -3.132279e-06 	 19
12.250000 	 0.000000e+00 0.000000e+00 0.000000e+00 	 0.000000e+00 0.000000e+00 0.000000e+00 	 0.000000e+00 0.000000e+00 0.000000e+00 	 0
12.750000 	 0.000000e+00 0.000000e+00 0.000000e+00 	 0.000000e+00 0.000000e+00 0.000000e+00 	 0.000000e+00 0.000000e+00 0.000000e+00 	 0
13.250000 	 0.000000e+00 0.000000e+00 0.000000e+00 	 0.000000e+00 0.000000e+00 0.000000e+00 	 0.000000e+00 0.000000e+00 0.000000e+00 	 0
13.750000 	 0.000000e+00 0.000000e+00 0.000000e+00 	 0.000000e+00 0.000000e+00 0.000000e+00 	 0.000000e+00 0.000000e+00 0.000000e+00 	 0
14.250000 	 0.000000e+00 0.000000e+00 0.000000e+00 	 0.000000e+00 0.000000e+00 0.000000e+00 	 0.000000e+00 0.000000e+00 0.000000e+00 	 0
14.750000 	 0.000000e+00 0.000000e+00 0.000000e+00 	 0.000000e+00 0.000000e+00 0.000000e+00 	 0.000000e+00 0.000000e+00 0.000000e+00 	 0
