# 1  2-4    5-7    8-10   11     
# x  dirEF  recEF  sumEF  #Sample
0.250000 	 0.000000e+00 0.000000e+00 0.000000e+00 	 0.000000e+00 0.000000e+00 0.000000e+00 	 0.000000e+00 0.000000e+00 0.000000e+00 	 0
0.750000 	 0.000000e+00 0.000000e+00 0.000000e+00 	 0.000000e+00 0.000000e+00 0.000000e+00 	 0.000000e+00 0.000000e+00 0.000000e+00 	 0
1.250000 	 0.000000e+00 0.000000e+00 0.000000e+00 	 0.000000e+00 0.000000e+00 0.000000e+00 	 0.000000e+00 0.000000e+00 0.000000e+00 	 0
1.750000 	 0.000000e+00 0.000000e+00 0.000000e+00 	 0.000000e+00 0.000000e+00 0.000000e+00 	 0.000000e+00 0.000000e+00 0.000000e+00 	 0
2.250000 	 0.000000e+00 0.000000e+00 0.000000e+00 	 0.000000e+00 0.000000e+00 0.000000e+00 	 0.000000e+00 0.000000e+00 0.000000e+00 	 0
2.750000 	 0.000000e+00 0.000000e+00 0.000000e+00 	 0.000000e+00 0.000000e+00 0.000000e+00 	 0.000000e+00 0.000000e+00 0.000000e+00 	 0
3.250000 	 3.774286e-07 2.785850e-06 -2.521276e-06 	 2.816736e-14 -9.628955e-14 -1.247430e-13 	 3.774286e-07 2.785849e-06 -2.521276e-06 	 44
3.750000 	 -8.511894e-07 3.952264e-07 9.541718e-07 	 2.807729e-14 3.850246e-14 -2.539558e-14 	 -8.511893e-07 3.952264e-07 9.541718e-07 	 579
4.250000 	 -1.536559e-07 4.573025e-07 -1.063636e-06 	 1.519109e-14 -1.989280e-14 4.844703e-14 	 -1.536559e-07 4.573025e-07 -1.063636e-06 	 882
4.750000 	 1.499381e-07 -2.394315e-06 2.900521e-07 	 -7.721343e-14 2.286075e-14 -2.501401e-14 	 1.499380e-07 -2.394315e-06 2.900521e-07 	 903
5.250000 	 3.014034e-06 1.463278e-06 -1.363106e-07 	 -2.566464e-14 2.753381e-14 -9.752962e-14 	 3.014034e-06 1.463278e-06 -1.363107e-07 	 910
5.750000 	 -3.919439e-07 8.547968e-07 7.918238e-07 	 7.742165e-14 2.051270e-14 2.872057e-15 	 -3.919439e-07 8.547968e-07 7.918238e-07 	 906
6.250000 	 1.410424e-07 -1.712696e-06 -1.363432e-06 	 -1.778521e-14 2.733313e-14 -1.792440e-14 	 1.410424e-07 -1.712696e-06 -1.363432e-06 	 924
6.750000 	 1.444439e-06 2.871455e-07 6.541686e-07 	 -6.957803e-14 7.307464e-14 -9.707869e-15 	 1.444439e-06 2.871455e-07 6.541686e-07 	 899
7.250000 	 -9.286157e-07 5.072244e-07 7.949677e-07 	 2.590822e-14 5.823951e-14 5.830758e-14 	 -9.286157e-07 5.072245e-07 7.949678e-07 	 909
7.750000 	 -2.072001e-08 -4.236271e-07 -3.370838e-07 	 -1.093941e-13 -5.546171e-14 -4.361963e-14 	 -2.072012e-08 -4.236272e-07 -3.370839e-07 	 904
8.250000 	 -2.117971e-06 1.281649e-06 -3.288159e-07 	 -4.482110e-14 1.829947e-14 -5.239804e-15 	 -2.117971e-06 1.281649e-06 -3.288159e-07 	 881
8.750000 	 5.221453e-07 -3.596234e-07 -1.819665e-06 	 -2.147612e-14 8.181982e-15 1.821889e-14 	 5.221453e-07 -3.596234e-07 -1.819665e-06 	 892
9.250000 	 -2.583265e-07 -1.697144e-06 9.562773e-08 	 1.346013e-13 4.663814e-14 -2.929743e-14 	 -2.583264e-07 -1.697144e-06 9.562770e-08 	 896
9.750000 	 -7.205163e-07 -1.209094e-07 -1.503368e-06 	 3.483696e-14 -4.662384e-14 6.040183e-14 	 -7.205162e-07 -1.209095e-07 -1.503368e-06 	 896
10.250000 	 1.662623e-06 8.777234e-07 1.549186e-06 	 8.326695e-15 7.834755e-14 -8.099563e-15 	 1.662623e-06 8.777235e-07 1.549186e-06 	 895
10.750000 	 1.186474e-07 -2.640874e-07 -1.656490e-06 	 -8.147611e-14 2.162475e-14 4.748386e-14 	 1.186474e-07 -2.640874e-07 -1.656490e-06 	 907
11.250000 	 1.331570e-06 -1.252455e-06 -6.696434e-07 	 -4.959619e-14 -4.065418e-15 1.678931e-14 	 1.331570e-06 -1.252455e-06 -6.696434e-07 	 523
11.750000 	 -6.165497e-07 -1.812966e-06 7.799121e-07 	 5.623113e-14 -9.221321e-15 4.646623e-14 	 -6.165497e-07 -1.812966e-06 7.799122e-07 	 73
12.250000 	 -2.377745e-05 4.000662e-06 6.036849e-05 	 8.424511e-13 -2.612494e-14 -1.615166e-13 	 -2.377745e-05 4.000662e-06 6.036849e-05 	 1
12.750000 	 0.000000e+00 0.000000e+00 0.000000e+00 	 0.000000e+00 0.000000e+00 0.000000e+00 	 0.000000e+00 0.000000e+00 0.000000e+00 	 0
13.250000 	 0.000000e+00 0.000000e+00 0.000000e+00 	 0.000000e+00 0.000000e+00 0.000000e+00 	 0.000000e+00 0.000000e+00 0.000000e+00 	 0
13.750000 	 0.000000e+00 0.000000e+00 0.000000e+00 	 0.000000e+00 0.000000e+00 0.000000e+00 	 0.000000e+00 0.000000e+00 0.000000e+00 	 0
14.250000 	 0.000000e+00 0.000000e+00 0.000000e+00 	 0.000000e+00 0.000000e+00 0.000000e+00 	 0.000000e+00 0.000000e+00 0.000000e+00 	 0
14.750000 	 0.000000e+00 0.000000e+00 0.000000e+00 	 0.000000e+00 0.000000e+00 0.000000e+00 	 0.000000e+00 0.000000e+00 0.000000e+00 	 0
