# 1  2-4    5-7    8-10   11     
# x  dirEF  recEF  sumEF  #Sample
0.250000 	 0.000000e+00 0.000000e+00 0.000000e+00 	 0.000000e+00 0.000000e+00 0.000000e+00 	 0.000000e+00 0.000000e+00 0.000000e+00 	 0
0.750000 	 0.000000e+00 0.000000e+00 0.000000e+00 	 0.000000e+00 0.000000e+00 0.000000e+00 	 0.000000e+00 0.000000e+00 0.000000e+00 	 0
1.250000 	 0.000000e+00 0.000000e+00 0.000000e+00 	 0.000000e+00 0.000000e+00 0.000000e+00 	 0.000000e+00 0.000000e+00 0.000000e+00 	 0
1.750000 	 0.000000e+00 0.000000e+00 0.000000e+00 	 0.000000e+00 0.000000e+00 0.000000e+00 	 0.000000e+00 0.000000e+00 0.000000e+00 	 0
2.250000 	 0.000000e+00 0.000000e+00 0.000000e+00 	 0.000000e+00 0.000000e+00 0.000000e+00 	 0.000000e+00 0.000000e+00 0.000000e+00 	 0
2.750000 	 0.000000e+00 0.000000e+00 0.000000e+00 	 0.000000e+00 0.000000e+00 0.000000e+00 	 0.000000e+00 0.000000e+00 0.000000e+00 	 0
3.250000 	 -9.596010e-06 3.402247e-06 -5.025007e-06 	 -6.793276e-06 -8.309446e-06 -5.607034e-06 	 -1.638929e-05 -4.907199e-06 -1.063204e-05 	 20
3.750000 	 -9.571263e-07 1.137931e-06 -1.151632e-06 	 1.678708e-06 -3.647377e-07 -1.134536e-06 	 7.215820e-07 7.731929e-07 -2.286168e-06 	 600
4.250000 	 -4.889419e-07 7.086688e-08 9.476495e-08 	 -1.367204e-06 1.690901e-06 3.956469e-07 	 -1.856146e-06 1.761768e-06 4.904119e-07 	 912
4.750000 	 -2.063209e-06 -1.082540e-06 -2.171707e-07 	 8.674589e-07 -1.122926e-06 4.058409e-07 	 -1.195750e-06 -2.205466e-06 1.886702e-07 	 894
5.250000 	 1.622330e-06 7.049119e-07 5.740540e-07 	 -5.762865e-07 6.233872e-07 -2.926178e-07 	 1.046043e-06 1.328299e-06 2.814362e-07 	 887
5.750000 	 1.272923e-06 -3.937159e-07 9.206604e-07 	 1.028861e-06 -7.226696e-07 -1.292838e-06 	 2.301784e-06 -1.116385e-06 -3.721773e-07 	 920
6.250000 	 -9.091219e-08 1.528546e-06 -4.733065e-07 	 -5.670007e-07 -5.176194e-07 -1.327884e-06 	 -6.579129e-07 1.010926e-06 -1.801190e-06 	 888
6.750000 	 -8.876710e-07 -1.770154e-06 -9.345669e-07 	 -2.695750e-06 1.169021e-06 9.006455e-07 	 -3.583421e-06 -6.011326e-07 -3.392141e-08 	 922
7.250000 	 -1.970295e-08 -1.522562e-06 1.144860e-06 	 1.256495e-06 7.692343e-07 9.193722e-07 	 1.236792e-06 -7.533275e-07 2.064232e-06 	 883
7.750000 	 4.647949e-07 2.247607e-07 3.733850e-07 	 1.106973e-06 3.668076e-07 1.785642e-06 	 1.571768e-06 5.915682e-07 2.159027e-06 	 907
8.250000 	 -1.819391e-06 8.061725e-07 -1.068975e-06 	 2.771565e-07 1.815894e-06 -1.453776e-07 	 -1.542234e-06 2.622067e-06 -1.214353e-06 	 891
8.750000 	 -2.734855e-07 7.631965e-07 -2.580985e-07 	 -2.367903e-06 3.685317e-07 5.964975e-08 	 -2.641389e-06 1.131728e-06 -1.984487e-07 	 918
9.250000 	 9.189166e-07 -1.367695e-06 1.679551e-07 	 4.736184e-06 7.738766e-07 7.103221e-07 	 5.655100e-06 -5.938188e-07 8.782772e-07 	 885
9.750000 	 2.499205e-07 -2.717087e-06 -1.282383e-07 	 -5.578026e-06 -9.217339e-07 5.110506e-07 	 -5.328106e-06 -3.638821e-06 3.828123e-07 	 921
10.250000 	 -2.233794e-06 5.234554e-07 2.686136e-06 	 2.560907e-06 -3.247970e-07 -3.813862e-07 	 3.271124e-07 1.986584e-07 2.304750e-06 	 890
10.750000 	 8.378389e-07 1.451755e-06 -1.819554e-06 	 1.148379e-07 -1.947590e-07 -8.839463e-07 	 9.526769e-07 1.256996e-06 -2.703501e-06 	 884
11.250000 	 -6.491817e-08 -4.505366e-07 2.113345e-06 	 -2.168340e-06 -3.110294e-06 -5.377520e-07 	 -2.233258e-06 -3.560831e-06 1.575593e-06 	 567
11.750000 	 6.592654e-06 -3.532624e-06 2.104950e-06 	 5.018180e-06 1.912231e-06 -2.804217e-06 	 1.161083e-05 -1.620393e-06 -6.992665e-07 	 35
12.250000 	 0.000000e+00 0.000000e+00 0.000000e+00 	 0.000000e+00 0.000000e+00 0.000000e+00 	 0.000000e+00 0.000000e+00 0.000000e+00 	 0
12.750000 	 0.000000e+00 0.000000e+00 0.000000e+00 	 0.000000e+00 0.000000e+00 0.000000e+00 	 0.000000e+00 0.000000e+00 0.000000e+00 	 0
13.250000 	 0.000000e+00 0.000000e+00 0.000000e+00 	 0.000000e+00 0.000000e+00 0.000000e+00 	 0.000000e+00 0.000000e+00 0.000000e+00 	 0
13.750000 	 0.000000e+00 0.000000e+00 0.000000e+00 	 0.000000e+00 0.000000e+00 0.000000e+00 	 0.000000e+00 0.000000e+00 0.000000e+00 	 0
14.250000 	 0.000000e+00 0.000000e+00 0.000000e+00 	 0.000000e+00 0.000000e+00 0.000000e+00 	 0.000000e+00 0.000000e+00 0.000000e+00 	 0
14.750000 	 0.000000e+00 0.000000e+00 0.000000e+00 	 0.000000e+00 0.000000e+00 0.000000e+00 	 0.000000e+00 0.000000e+00 0.000000e+00 	 0
