# 1  2-4    5-7    8-10   11     
# x  dirEF  recEF  sumEF  #Sample
0.250000 	 0.000000e+00 0.000000e+00 0.000000e+00 	 0.000000e+00 0.000000e+00 0.000000e+00 	 0.000000e+00 0.000000e+00 0.000000e+00 	 0
0.750000 	 0.000000e+00 0.000000e+00 0.000000e+00 	 0.000000e+00 0.000000e+00 0.000000e+00 	 0.000000e+00 0.000000e+00 0.000000e+00 	 0
1.250000 	 0.000000e+00 0.000000e+00 0.000000e+00 	 0.000000e+00 0.000000e+00 0.000000e+00 	 0.000000e+00 0.000000e+00 0.000000e+00 	 0
1.750000 	 0.000000e+00 0.000000e+00 0.000000e+00 	 0.000000e+00 0.000000e+00 0.000000e+00 	 0.000000e+00 0.000000e+00 0.000000e+00 	 0
2.250000 	 0.000000e+00 0.000000e+00 0.000000e+00 	 0.000000e+00 0.000000e+00 0.000000e+00 	 0.000000e+00 0.000000e+00 0.000000e+00 	 0
2.750000 	 0.000000e+00 0.000000e+00 0.000000e+00 	 0.000000e+00 0.000000e+00 0.000000e+00 	 0.000000e+00 0.000000e+00 0.000000e+00 	 0
3.250000 	 -4.658610e-07 -1.056770e-06 4.743927e-06 	 3.435176e-07 -9.241959e-07 2.101650e-06 	 -1.223434e-07 -1.980966e-06 6.845576e-06 	 47
3.750000 	 1.462930e-06 5.478270e-07 8.142572e-07 	 4.181024e-07 7.005119e-08 4.501621e-07 	 1.881033e-06 6.178782e-07 1.264419e-06 	 560
4.250000 	 2.040539e-07 1.548299e-06 1.641305e-06 	 -5.137945e-09 -9.568499e-07 -8.437930e-07 	 1.989160e-07 5.914488e-07 7.975121e-07 	 886
4.750000 	 3.103257e-07 -2.728624e-06 -8.619254e-07 	 -6.137530e-08 4.934852e-07 -1.238409e-07 	 2.489504e-07 -2.235139e-06 -9.857662e-07 	 910
5.250000 	 2.839829e-07 -7.948368e-07 -4.611918e-07 	 -9.613478e-08 -1.232465e-07 -6.129457e-08 	 1.878482e-07 -9.180832e-07 -5.224864e-07 	 892
5.750000 	 -3.799222e-07 -3.446831e-07 2.363367e-06 	 5.147077e-07 -2.173769e-07 1.130604e-07 	 1.347855e-07 -5.620600e-07 2.476427e-06 	 918
6.250000 	 1.555545e-06 -5.521387e-07 -1.598209e-06 	 -1.657514e-07 -4.720192e-07 -3.981910e-07 	 1.389794e-06 -1.024158e-06 -1.996400e-06 	 909
6.750000 	 -1.761399e-06 9.863361e-07 -9.872184e-07 	 -2.083006e-07 9.907617e-07 3.575900e-07 	 -1.969700e-06 1.977098e-06 -6.296284e-07 	 910
7.250000 	 -1.426818e-06 -9.412373e-07 1.273829e-06 	 -1.588621e-07 2.008115e-07 4.301433e-07 	 -1.585680e-06 -7.404258e-07 1.703972e-06 	 895
7.750000 	 1.604909e-06 1.239431e-07 -1.618977e-07 	 5.100128e-08 1.065647e-07 7.567464e-07 	 1.655910e-06 2.305077e-07 5.948487e-07 	 916
8.250000 	 1.888834e-07 1.203612e-07 7.446866e-08 	 -8.851093e-08 6.807281e-07 -1.713314e-07 	 1.003725e-07 8.010893e-07 -9.686278e-08 	 894
8.750000 	 5.305528e-07 5.552524e-07 -4.473685e-07 	 1.904529e-07 -1.302087e-07 3.332512e-07 	 7.210057e-07 4.250437e-07 -1.141173e-07 	 904
9.250000 	 1.349020e-06 4.041318e-07 -6.334639e-08 	 -3.328761e-07 -1.316456e-07 1.198924e-07 	 1.016144e-06 2.724862e-07 5.654605e-08 	 905
9.750000 	 -3.753529e-07 -2.363050e-06 1.311048e-06 	 3.145692e-07 -9.586014e-07 -7.635626e-08 	 -6.078368e-08 -3.321651e-06 1.234691e-06 	 904
10.250000 	 -1.662067e-08 -3.440756e-07 -1.781945e-06 	 1.145352e-07 9.710660e-08 4.789736e-08 	 9.791450e-08 -2.469690e-07 -1.734048e-06 	 891
10.750000 	 1.521278e-07 2.492691e-07 -7.058236e-07 	 -2.617202e-07 -3.527050e-07 -1.481755e-07 	 -1.095924e-07 -1.034359e-07 -8.539991e-07 	 881
11.250000 	 -7.926429e-07 -1.860625e-07 7.638930e-07 	 -3.890589e-07 -7.371260e-07 6.701799e-07 	 -1.181702e-06 -9.231886e-07 1.434073e-06 	 571
11.750000 	 1.447174e-06 3.365873e-06 6.217187e-06 	 2.976075e-06 1.090642e-06 -3.382889e-06 	 4.423249e-06 4.456514e-06 2.834298e-06 	 31
12.250000 	 0.000000e+00 0.000000e+00 0.000000e+00 	 0.000000e+00 0.000000e+00 0.000000e+00 	 0.000000e+00 0.000000e+00 0.000000e+00 	 0
12.750000 	 0.000000e+00 0.000000e+00 0.000000e+00 	 0.000000e+00 0.000000e+00 0.000000e+00 	 0.000000e+00 0.000000e+00 0.000000e+00 	 0
13.250000 	 0.000000e+00 0.000000e+00 0.000000e+00 	 0.000000e+00 0.000000e+00 0.000000e+00 	 0.000000e+00 0.000000e+00 0.000000e+00 	 0
13.750000 	 0.000000e+00 0.000000e+00 0.000000e+00 	 0.000000e+00 0.000000e+00 0.000000e+00 	 0.000000e+00 0.000000e+00 0.000000e+00 	 0
14.250000 	 0.000000e+00 0.000000e+00 0.000000e+00 	 0.000000e+00 0.000000e+00 0.000000e+00 	 0.000000e+00 0.000000e+00 0.000000e+00 	 0
14.750000 	 0.000000e+00 0.000000e+00 0.000000e+00 	 0.000000e+00 0.000000e+00 0.000000e+00 	 0.000000e+00 0.000000e+00 0.000000e+00 	 0
