# 1  2-4    5-7    8-10   11     
# x  dirEF  recEF  sumEF  #Sample
0.250000 	 0.000000e+00 0.000000e+00 0.000000e+00 	 0.000000e+00 0.000000e+00 0.000000e+00 	 0.000000e+00 0.000000e+00 0.000000e+00 	 0
0.750000 	 0.000000e+00 0.000000e+00 0.000000e+00 	 0.000000e+00 0.000000e+00 0.000000e+00 	 0.000000e+00 0.000000e+00 0.000000e+00 	 0
1.250000 	 0.000000e+00 0.000000e+00 0.000000e+00 	 0.000000e+00 0.000000e+00 0.000000e+00 	 0.000000e+00 0.000000e+00 0.000000e+00 	 0
1.750000 	 0.000000e+00 0.000000e+00 0.000000e+00 	 0.000000e+00 0.000000e+00 0.000000e+00 	 0.000000e+00 0.000000e+00 0.000000e+00 	 0
2.250000 	 0.000000e+00 0.000000e+00 0.000000e+00 	 0.000000e+00 0.000000e+00 0.000000e+00 	 0.000000e+00 0.000000e+00 0.000000e+00 	 0
2.750000 	 0.000000e+00 0.000000e+00 0.000000e+00 	 0.000000e+00 0.000000e+00 0.000000e+00 	 0.000000e+00 0.000000e+00 0.000000e+00 	 0
3.250000 	 4.669542e-06 9.235323e-07 -2.528766e-06 	 -3.864826e-06 2.978766e-08 -6.510434e-07 	 8.047161e-07 9.533200e-07 -3.179809e-06 	 43
3.750000 	 5.586381e-07 2.095513e-06 -2.906939e-06 	 1.092023e-06 8.232398e-09 -3.784721e-08 	 1.650661e-06 2.103745e-06 -2.944787e-06 	 570
4.250000 	 -1.221226e-06 3.501996e-07 -1.463995e-08 	 -1.557794e-07 -3.264900e-08 -1.232073e-07 	 -1.377005e-06 3.175506e-07 -1.378472e-07 	 887
4.750000 	 7.971032e-07 -5.585580e-07 1.693536e-06 	 7.916103e-08 1.004291e-09 6.230063e-09 	 8.762642e-07 -5.575537e-07 1.699766e-06 	 905
5.250000 	 -5.620668e-08 -8.647202e-07 2.584556e-06 	 -7.649360e-08 2.829017e-09 -8.497513e-08 	 -1.327003e-07 -8.618912e-07 2.499581e-06 	 917
5.750000 	 -2.068979e-07 1.305914e-06 -1.518833e-06 	 9.807904e-08 1.119861e-07 -4.202892e-08 	 -1.088188e-07 1.417900e-06 -1.560862e-06 	 923
6.250000 	 7.398299e-08 -1.316563e-06 -1.230032e-06 	 6.433048e-08 9.614247e-08 8.034005e-08 	 1.383135e-07 -1.220421e-06 -1.149692e-06 	 885
6.750000 	 -2.427436e-06 -8.349151e-07 -2.656712e-07 	 -1.010954e-08 -2.311260e-08 -4.187485e-08 	 -2.437546e-06 -8.580277e-07 -3.075461e-07 	 919
7.250000 	 -9.916166e-07 3.509271e-07 -2.996830e-07 	 -5.894108e-08 4.005315e-08 1.860102e-07 	 -1.050558e-06 3.909802e-07 -1.136728e-07 	 887
7.750000 	 1.512768e-07 7.903278e-07 -6.554950e-07 	 -1.719098e-07 -7.516892e-08 -1.571275e-08 	 -2.063304e-08 7.151588e-07 -6.712077e-07 	 901
8.250000 	 -6.825016e-07 1.200749e-06 3.948084e-07 	 9.617513e-08 -4.261815e-08 -4.902430e-08 	 -5.863265e-07 1.158131e-06 3.457841e-07 	 899
8.750000 	 7.365740e-07 3.146655e-07 -2.765471e-06 	 -8.153740e-09 -1.236817e-07 -4.167795e-08 	 7.284202e-07 1.909838e-07 -2.807149e-06 	 891
9.250000 	 2.100789e-06 -6.226320e-07 5.197556e-07 	 2.433329e-07 -3.806388e-08 1.274614e-07 	 2.344121e-06 -6.606959e-07 6.472170e-07 	 917
9.750000 	 3.055764e-07 -6.261998e-07 2.153363e-07 	 -3.073195e-07 1.599167e-08 2.062111e-08 	 -1.743031e-09 -6.102082e-07 2.359574e-07 	 886
10.250000 	 -2.662790e-08 -1.114446e-06 -4.345392e-07 	 4.807994e-07 -1.417705e-08 5.983884e-08 	 4.541715e-07 -1.128623e-06 -3.747004e-07 	 897
10.750000 	 -1.730978e-06 -2.694801e-07 3.309514e-07 	 -5.770513e-07 -1.429950e-08 8.223622e-10 	 -2.308030e-06 -2.837796e-07 3.317738e-07 	 884
11.250000 	 1.360203e-06 -4.656504e-08 1.418698e-06 	 -6.137406e-07 -3.149005e-08 5.419527e-09 	 7.464620e-07 -7.805508e-08 1.424117e-06 	 541
11.750000 	 3.962583e-06 -2.206431e-06 -2.968721e-06 	 -2.113554e-08 5.574441e-08 -3.574126e-08 	 3.941448e-06 -2.150687e-06 -3.004462e-06 	 72
12.250000 	 0.000000e+00 0.000000e+00 0.000000e+00 	 0.000000e+00 0.000000e+00 0.000000e+00 	 0.000000e+00 0.000000e+00 0.000000e+00 	 0
12.750000 	 0.000000e+00 0.000000e+00 0.000000e+00 	 0.000000e+00 0.000000e+00 0.000000e+00 	 0.000000e+00 0.000000e+00 0.000000e+00 	 0
13.250000 	 0.000000e+00 0.000000e+00 0.000000e+00 	 0.000000e+00 0.000000e+00 0.000000e+00 	 0.000000e+00 0.000000e+00 0.000000e+00 	 0
13.750000 	 0.000000e+00 0.000000e+00 0.000000e+00 	 0.000000e+00 0.000000e+00 0.000000e+00 	 0.000000e+00 0.000000e+00 0.000000e+00 	 0
14.250000 	 0.000000e+00 0.000000e+00 0.000000e+00 	 0.000000e+00 0.000000e+00 0.000000e+00 	 0.000000e+00 0.000000e+00 0.000000e+00 	 0
14.750000 	 0.000000e+00 0.000000e+00 0.000000e+00 	 0.000000e+00 0.000000e+00 0.000000e+00 	 0.000000e+00 0.000000e+00 0.000000e+00 	 0
