# 1  2-4    5-7    8-10   11     
# x  dirEF  recEF  sumEF  #Sample
0.250000 	 0.000000e+00 0.000000e+00 0.000000e+00 	 0.000000e+00 0.000000e+00 0.000000e+00 	 0.000000e+00 0.000000e+00 0.000000e+00 	 0
0.750000 	 0.000000e+00 0.000000e+00 0.000000e+00 	 0.000000e+00 0.000000e+00 0.000000e+00 	 0.000000e+00 0.000000e+00 0.000000e+00 	 0
1.250000 	 0.000000e+00 0.000000e+00 0.000000e+00 	 0.000000e+00 0.000000e+00 0.000000e+00 	 0.000000e+00 0.000000e+00 0.000000e+00 	 0
1.750000 	 0.000000e+00 0.000000e+00 0.000000e+00 	 0.000000e+00 0.000000e+00 0.000000e+00 	 0.000000e+00 0.000000e+00 0.000000e+00 	 0
2.250000 	 0.000000e+00 0.000000e+00 0.000000e+00 	 0.000000e+00 0.000000e+00 0.000000e+00 	 0.000000e+00 0.000000e+00 0.000000e+00 	 0
2.750000 	 0.000000e+00 0.000000e+00 0.000000e+00 	 0.000000e+00 0.000000e+00 0.000000e+00 	 0.000000e+00 0.000000e+00 0.000000e+00 	 0
3.250000 	 -9.596010e-06 3.402247e-06 -5.025007e-06 	 -6.355502e-06 -6.230628e-06 -2.926173e-06 	 -1.595151e-05 -2.828381e-06 -7.951180e-06 	 20
3.750000 	 -9.571263e-07 1.137931e-06 -1.151632e-06 	 4.369557e-07 3.456019e-07 -3.552284e-07 	 -5.201706e-07 1.483532e-06 -1.506860e-06 	 600
4.250000 	 -4.889419e-07 7.086688e-08 9.476495e-08 	 -1.317287e-06 8.764111e-07 4.725790e-07 	 -1.806229e-06 9.472780e-07 5.673439e-07 	 912
4.750000 	 -2.063209e-06 -1.082540e-06 -2.171707e-07 	 8.509911e-07 1.492719e-07 1.972731e-07 	 -1.212217e-06 -9.332680e-07 -1.989760e-08 	 894
5.250000 	 1.622330e-06 7.049119e-07 5.740540e-07 	 -6.485051e-07 2.907415e-07 6.955117e-08 	 9.738244e-07 9.956534e-07 6.436052e-07 	 887
5.750000 	 1.272923e-06 -3.937159e-07 9.206604e-07 	 1.416096e-06 -6.293874e-07 -1.577391e-06 	 2.689018e-06 -1.023103e-06 -6.567308e-07 	 920
6.250000 	 -9.091219e-08 1.528546e-06 -4.733065e-07 	 1.292207e-07 -3.208480e-07 -1.640069e-07 	 3.830853e-08 1.207698e-06 -6.373134e-07 	 888
6.750000 	 -8.876710e-07 -1.770154e-06 -9.345669e-07 	 -2.249411e-06 4.027467e-07 -2.496253e-07 	 -3.137082e-06 -1.367407e-06 -1.184192e-06 	 922
7.250000 	 -1.970295e-08 -1.522562e-06 1.144860e-06 	 1.845403e-06 1.512181e-07 1.940731e-07 	 1.825700e-06 -1.371344e-06 1.338933e-06 	 883
7.750000 	 4.647949e-07 2.247607e-07 3.733850e-07 	 1.408065e-06 2.082487e-07 1.084528e-06 	 1.872860e-06 4.330093e-07 1.457913e-06 	 907
8.250000 	 -1.819391e-06 8.061725e-07 -1.068975e-06 	 1.647310e-07 5.692907e-07 -9.677383e-07 	 -1.654659e-06 1.375463e-06 -2.036713e-06 	 891
8.750000 	 -2.734855e-07 7.631965e-07 -2.580985e-07 	 -2.604820e-06 1.176901e-06 2.372188e-08 	 -2.878306e-06 1.940097e-06 -2.343766e-07 	 918
9.250000 	 9.189166e-07 -1.367695e-06 1.679551e-07 	 4.452607e-06 -3.221812e-08 7.995263e-07 	 5.371523e-06 -1.399914e-06 9.674815e-07 	 885
9.750000 	 2.499205e-07 -2.717087e-06 -1.282383e-07 	 -5.016034e-06 -4.201110e-07 5.438870e-07 	 -4.766113e-06 -3.137198e-06 4.156487e-07 	 921
10.250000 	 -2.233794e-06 5.234554e-07 2.686136e-06 	 3.130753e-06 -8.340525e-07 -1.756453e-07 	 8.969593e-07 -3.105970e-07 2.510491e-06 	 890
10.750000 	 8.378389e-07 1.451755e-06 -1.819554e-06 	 3.056484e-07 1.982207e-07 -5.312380e-07 	 1.143487e-06 1.649976e-06 -2.350792e-06 	 884
11.250000 	 -6.491817e-08 -4.505366e-07 2.113345e-06 	 -1.580226e-06 -2.677231e-06 6.419288e-07 	 -1.645144e-06 -3.127768e-06 2.755274e-06 	 567
11.750000 	 6.592654e-06 -3.532624e-06 2.104950e-06 	 2.879108e-06 -2.300192e-07 -2.796067e-07 	 9.471763e-06 -3.762643e-06 1.825344e-06 	 35
12.250000 	 0.000000e+00 0.000000e+00 0.000000e+00 	 0.000000e+00 0.000000e+00 0.000000e+00 	 0.000000e+00 0.000000e+00 0.000000e+00 	 0
12.750000 	 0.000000e+00 0.000000e+00 0.000000e+00 	 0.000000e+00 0.000000e+00 0.000000e+00 	 0.000000e+00 0.000000e+00 0.000000e+00 	 0
13.250000 	 0.000000e+00 0.000000e+00 0.000000e+00 	 0.000000e+00 0.000000e+00 0.000000e+00 	 0.000000e+00 0.000000e+00 0.000000e+00 	 0
13.750000 	 0.000000e+00 0.000000e+00 0.000000e+00 	 0.000000e+00 0.000000e+00 0.000000e+00 	 0.000000e+00 0.000000e+00 0.000000e+00 	 0
14.250000 	 0.000000e+00 0.000000e+00 0.000000e+00 	 0.000000e+00 0.000000e+00 0.000000e+00 	 0.000000e+00 0.000000e+00 0.000000e+00 	 0
14.750000 	 0.000000e+00 0.000000e+00 0.000000e+00 	 0.000000e+00 0.000000e+00 0.000000e+00 	 0.000000e+00 0.000000e+00 0.000000e+00 	 0
