# 1  2-4    5-7    8-10   11     
# x  dirEF  recEF  sumEF  #Sample
0.250000 	 0.000000e+00 0.000000e+00 0.000000e+00 	 0.000000e+00 0.000000e+00 0.000000e+00 	 0.000000e+00 0.000000e+00 0.000000e+00 	 0
0.750000 	 0.000000e+00 0.000000e+00 0.000000e+00 	 0.000000e+00 0.000000e+00 0.000000e+00 	 0.000000e+00 0.000000e+00 0.000000e+00 	 0
1.250000 	 0.000000e+00 0.000000e+00 0.000000e+00 	 0.000000e+00 0.000000e+00 0.000000e+00 	 0.000000e+00 0.000000e+00 0.000000e+00 	 0
1.750000 	 2.619736e-10 -9.727330e-12 -2.300737e-11 	 -1.674408e-06 -1.526814e-06 -1.572043e-06 	 -1.674146e-06 -1.526824e-06 -1.572066e-06 	 1
2.250000 	 0.000000e+00 0.000000e+00 0.000000e+00 	 0.000000e+00 0.000000e+00 0.000000e+00 	 0.000000e+00 0.000000e+00 0.000000e+00 	 0
2.750000 	 0.000000e+00 0.000000e+00 0.000000e+00 	 0.000000e+00 0.000000e+00 0.000000e+00 	 0.000000e+00 0.000000e+00 0.000000e+00 	 0
3.250000 	 7.574528e-06 6.064701e-06 1.009044e-07 	 2.823451e-07 -2.614924e-06 -1.301813e-06 	 7.856873e-06 3.449777e-06 -1.200908e-06 	 29
3.750000 	 -3.210437e-07 -4.754187e-07 -1.063942e-06 	 3.360740e-07 -8.115251e-09 1.293281e-06 	 1.503030e-08 -4.835340e-07 2.293398e-07 	 565
4.250000 	 2.349277e-06 -2.026339e-06 7.005496e-07 	 2.605742e-07 -5.718649e-07 -1.598152e-07 	 2.609851e-06 -2.598204e-06 5.407344e-07 	 898
4.750000 	 -9.313994e-07 1.230273e-06 7.535886e-07 	 1.045740e-07 -1.232030e-06 8.108836e-08 	 -8.268254e-07 -1.757032e-09 8.346770e-07 	 896
5.250000 	 -2.043851e-07 -6.265498e-08 -1.157580e-06 	 -2.703905e-07 1.165429e-07 4.440245e-07 	 -4.747756e-07 5.388788e-08 -7.135559e-07 	 909
5.750000 	 -8.953702e-09 -1.569561e-06 1.193544e-06 	 -4.166316e-07 -1.186691e-07 4.739316e-08 	 -4.255853e-07 -1.688230e-06 1.240937e-06 	 913
6.250000 	 -8.702374e-07 4.591539e-07 5.148145e-07 	 6.418181e-07 -2.589241e-07 2.495676e-07 	 -2.284192e-07 2.002298e-07 7.643820e-07 	 912
6.750000 	 -1.383577e-06 -1.730143e-06 -1.571496e-06 	 1.262022e-08 3.098251e-07 -1.157612e-06 	 -1.370957e-06 -1.420318e-06 -2.729107e-06 	 876
7.250000 	 -4.838078e-07 5.705902e-07 1.351705e-06 	 -3.983905e-07 -1.288004e-07 1.057960e-07 	 -8.821982e-07 4.417898e-07 1.457501e-06 	 922
7.750000 	 1.738050e-06 -3.412345e-08 8.863804e-07 	 3.301589e-07 -6.490750e-07 3.188645e-07 	 2.068209e-06 -6.831984e-07 1.205245e-06 	 918
8.250000 	 -1.712276e-06 -9.732553e-07 -3.345411e-07 	 5.662175e-08 7.535917e-07 7.257098e-07 	 -1.655655e-06 -2.196636e-07 3.911687e-07 	 894
8.750000 	 -5.563683e-07 2.153577e-06 -2.194845e-06 	 -1.648828e-07 -1.508796e-07 -9.403463e-07 	 -7.212511e-07 2.002698e-06 -3.135192e-06 	 913
9.250000 	 2.804091e-06 -1.579394e-06 8.774505e-07 	 -1.124136e-07 -9.462689e-07 -1.634989e-06 	 2.691677e-06 -2.525663e-06 -7.575386e-07 	 919
9.750000 	 1.499673e-06 8.739501e-08 -1.072955e-06 	 8.719581e-08 6.566990e-07 -1.085414e-06 	 1.586869e-06 7.440940e-07 -2.158370e-06 	 888
10.250000 	 -1.268803e-07 7.623131e-07 1.410748e-06 	 2.320808e-07 -2.740526e-07 -9.323050e-07 	 1.052005e-07 4.882605e-07 4.784433e-07 	 930
10.750000 	 -1.810774e-06 2.698541e-07 2.766299e-06 	 -1.768850e-07 -3.378787e-07 2.325709e-07 	 -1.987659e-06 -6.802457e-08 2.998870e-06 	 881
11.250000 	 -9.833506e-07 -8.086717e-07 -9.256698e-07 	 -5.509124e-07 -3.623512e-07 -3.332618e-07 	 -1.534263e-06 -1.171023e-06 -1.258932e-06 	 522
11.750000 	 1.604945e-06 -9.561579e-06 2.552321e-07 	 2.042142e-06 -1.614947e-08 -1.998674e-06 	 3.647087e-06 -9.577728e-06 -1.743442e-06 	 37
12.250000 	 0.000000e+00 0.000000e+00 0.000000e+00 	 0.000000e+00 0.000000e+00 0.000000e+00 	 0.000000e+00 0.000000e+00 0.000000e+00 	 0
12.750000 	 0.000000e+00 0.000000e+00 0.000000e+00 	 0.000000e+00 0.000000e+00 0.000000e+00 	 0.000000e+00 0.000000e+00 0.000000e+00 	 0
13.250000 	 -1.443840e-07 -1.650071e-08 -2.897850e-08 	 -6.742267e-07 -5.685981e-07 1.063651e-06 	 -8.186107e-07 -5.850988e-07 1.034673e-06 	 1
13.750000 	 0.000000e+00 0.000000e+00 0.000000e+00 	 0.000000e+00 0.000000e+00 0.000000e+00 	 0.000000e+00 0.000000e+00 0.000000e+00 	 0
14.250000 	 0.000000e+00 0.000000e+00 0.000000e+00 	 0.000000e+00 0.000000e+00 0.000000e+00 	 0.000000e+00 0.000000e+00 0.000000e+00 	 0
14.750000 	 0.000000e+00 0.000000e+00 0.000000e+00 	 0.000000e+00 0.000000e+00 0.000000e+00 	 0.000000e+00 0.000000e+00 0.000000e+00 	 0
