# 1  2-4    5-7    8-10   11     
# x  dirEF  recEF  sumEF  #Sample
0.250000 	 0.000000e+00 0.000000e+00 0.000000e+00 	 0.000000e+00 0.000000e+00 0.000000e+00 	 0.000000e+00 0.000000e+00 0.000000e+00 	 0
0.750000 	 0.000000e+00 0.000000e+00 0.000000e+00 	 0.000000e+00 0.000000e+00 0.000000e+00 	 0.000000e+00 0.000000e+00 0.000000e+00 	 0
1.250000 	 0.000000e+00 0.000000e+00 0.000000e+00 	 0.000000e+00 0.000000e+00 0.000000e+00 	 0.000000e+00 0.000000e+00 0.000000e+00 	 0
1.750000 	 0.000000e+00 0.000000e+00 0.000000e+00 	 0.000000e+00 0.000000e+00 0.000000e+00 	 0.000000e+00 0.000000e+00 0.000000e+00 	 0
2.250000 	 0.000000e+00 0.000000e+00 0.000000e+00 	 0.000000e+00 0.000000e+00 0.000000e+00 	 0.000000e+00 0.000000e+00 0.000000e+00 	 0
2.750000 	 0.000000e+00 0.000000e+00 0.000000e+00 	 0.000000e+00 0.000000e+00 0.000000e+00 	 0.000000e+00 0.000000e+00 0.000000e+00 	 0
3.250000 	 -2.676813e-06 4.417540e-06 2.790499e-06 	 -1.824049e-05 1.287161e-05 -1.450378e-06 	 -2.091730e-05 1.728915e-05 1.340121e-06 	 15
3.750000 	 1.326551e-06 -6.563891e-07 -1.973720e-06 	 2.377224e-06 -1.039478e-06 -7.924686e-07 	 3.703776e-06 -1.695867e-06 -2.766189e-06 	 616
4.250000 	 -3.958130e-07 9.413862e-08 5.838465e-07 	 -3.294395e-06 -1.578651e-06 -9.784688e-07 	 -3.690208e-06 -1.484513e-06 -3.946223e-07 	 884
4.750000 	 -1.203039e-06 1.032120e-06 -3.021148e-07 	 2.460091e-06 -2.477329e-07 7.823936e-07 	 1.257052e-06 7.843876e-07 4.802788e-07 	 895
5.250000 	 -2.065269e-06 -6.872985e-07 -2.842345e-07 	 -1.497328e-06 -4.569335e-07 -1.969762e-07 	 -3.562598e-06 -1.144232e-06 -4.812107e-07 	 912
5.750000 	 1.544481e-06 -1.103515e-06 7.850213e-07 	 5.858922e-07 3.844307e-08 -1.396628e-08 	 2.130374e-06 -1.065072e-06 7.710550e-07 	 873
6.250000 	 4.885946e-07 1.227131e-06 -1.095410e-06 	 3.488780e-06 -2.180781e-07 -7.838670e-08 	 3.977374e-06 1.009053e-06 -1.173797e-06 	 941
6.750000 	 -2.278955e-06 -9.673332e-08 2.042085e-06 	 -4.473830e-06 -3.453423e-07 2.984431e-07 	 -6.752785e-06 -4.420756e-07 2.340528e-06 	 885
7.250000 	 1.212334e-06 -5.798896e-07 1.318357e-07 	 2.039142e-06 -6.690837e-07 4.499259e-07 	 3.251476e-06 -1.248973e-06 5.817616e-07 	 907
7.750000 	 -7.053672e-07 3.183642e-07 -1.380319e-07 	 -2.146990e-06 5.168873e-08 5.835146e-07 	 -2.852358e-06 3.700529e-07 4.454827e-07 	 892
8.250000 	 1.031358e-06 -6.198075e-08 -4.958115e-07 	 1.196678e-06 -2.569155e-07 2.394720e-07 	 2.228035e-06 -3.188963e-07 -2.563395e-07 	 919
8.750000 	 1.445448e-06 4.475759e-07 -5.639397e-07 	 1.461565e-06 5.623440e-07 -6.146199e-07 	 2.907013e-06 1.009920e-06 -1.178560e-06 	 895
9.250000 	 -3.949991e-07 2.528116e-07 3.873889e-07 	 -9.017505e-07 3.544305e-07 -1.826078e-07 	 -1.296750e-06 6.072421e-07 2.047811e-07 	 902
9.750000 	 -1.585701e-06 5.846523e-07 1.701130e-06 	 -3.164215e-06 -6.792492e-08 5.836649e-07 	 -4.749916e-06 5.167274e-07 2.284795e-06 	 919
10.250000 	 -2.670818e-06 -1.025009e-06 -1.470393e-06 	 5.009488e-06 1.177792e-06 6.515018e-08 	 2.338671e-06 1.527823e-07 -1.405242e-06 	 894
10.750000 	 2.430037e-08 -9.069764e-07 -1.876743e-07 	 -3.141114e-06 4.486479e-07 -6.102341e-07 	 -3.116814e-06 -4.583285e-07 -7.979084e-07 	 869
11.250000 	 1.518342e-06 3.346209e-07 2.292919e-06 	 3.969439e-06 1.492489e-06 -7.037499e-07 	 5.487782e-06 1.827109e-06 1.589169e-06 	 564
11.750000 	 7.700322e-06 3.525339e-06 5.371052e-06 	 -4.408736e-06 -3.763925e-06 -5.575357e-06 	 3.291586e-06 -2.385866e-07 -2.043053e-07 	 42
12.250000 	 0.000000e+00 0.000000e+00 0.000000e+00 	 0.000000e+00 0.000000e+00 0.000000e+00 	 0.000000e+00 0.000000e+00 0.000000e+00 	 0
12.750000 	 0.000000e+00 0.000000e+00 0.000000e+00 	 0.000000e+00 0.000000e+00 0.000000e+00 	 0.000000e+00 0.000000e+00 0.000000e+00 	 0
13.250000 	 0.000000e+00 0.000000e+00 0.000000e+00 	 0.000000e+00 0.000000e+00 0.000000e+00 	 0.000000e+00 0.000000e+00 0.000000e+00 	 0
13.750000 	 0.000000e+00 0.000000e+00 0.000000e+00 	 0.000000e+00 0.000000e+00 0.000000e+00 	 0.000000e+00 0.000000e+00 0.000000e+00 	 0
14.250000 	 0.000000e+00 0.000000e+00 0.000000e+00 	 0.000000e+00 0.000000e+00 0.000000e+00 	 0.000000e+00 0.000000e+00 0.000000e+00 	 0
14.750000 	 0.000000e+00 0.000000e+00 0.000000e+00 	 0.000000e+00 0.000000e+00 0.000000e+00 	 0.000000e+00 0.000000e+00 0.000000e+00 	 0
