# 1  2-4    5-7    8-10   11     
# x  dirEF  recEF  sumEF  #Sample
0.250000 	 0.000000e+00 0.000000e+00 0.000000e+00 	 0.000000e+00 0.000000e+00 0.000000e+00 	 0.000000e+00 0.000000e+00 0.000000e+00 	 0
0.750000 	 0.000000e+00 0.000000e+00 0.000000e+00 	 0.000000e+00 0.000000e+00 0.000000e+00 	 0.000000e+00 0.000000e+00 0.000000e+00 	 0
1.250000 	 0.000000e+00 0.000000e+00 0.000000e+00 	 0.000000e+00 0.000000e+00 0.000000e+00 	 0.000000e+00 0.000000e+00 0.000000e+00 	 0
1.750000 	 0.000000e+00 0.000000e+00 0.000000e+00 	 0.000000e+00 0.000000e+00 0.000000e+00 	 0.000000e+00 0.000000e+00 0.000000e+00 	 0
2.250000 	 0.000000e+00 0.000000e+00 0.000000e+00 	 0.000000e+00 0.000000e+00 0.000000e+00 	 0.000000e+00 0.000000e+00 0.000000e+00 	 0
2.750000 	 -1.345827e-05 9.590005e-06 -6.937855e-06 	 -2.028363e-05 -2.513261e-06 -1.503709e-05 	 -3.374190e-05 7.076744e-06 -2.197495e-05 	 1
3.250000 	 -3.054544e-07 9.681049e-07 1.882845e-06 	 1.097766e-05 1.793127e-06 -1.482614e-06 	 1.067221e-05 2.761231e-06 4.002309e-07 	 33
3.750000 	 -4.331255e-08 2.255764e-06 1.639291e-06 	 -1.517623e-06 1.923211e-07 -3.140463e-07 	 -1.560936e-06 2.448085e-06 1.325244e-06 	 555
4.250000 	 2.941707e-07 4.543243e-07 -8.864354e-07 	 2.190482e-06 -5.020988e-07 -8.840728e-08 	 2.484653e-06 -4.777447e-08 -9.748427e-07 	 879
4.750000 	 1.117361e-06 -7.069447e-07 -4.872095e-07 	 -2.338075e-06 8.443332e-07 -7.133101e-07 	 -1.220713e-06 1.373885e-07 -1.200520e-06 	 903
5.250000 	 -2.278031e-07 4.278450e-07 3.029162e-07 	 2.388137e-06 -2.785226e-08 1.175615e-06 	 2.160334e-06 3.999927e-07 1.478531e-06 	 915
5.750000 	 -1.941855e-06 1.127719e-06 -5.275187e-07 	 -2.329823e-06 -3.534491e-07 2.343736e-07 	 -4.271677e-06 7.742700e-07 -2.931451e-07 	 912
6.250000 	 1.980764e-06 5.788010e-07 3.988632e-07 	 -9.919813e-07 -7.356213e-07 3.202200e-08 	 9.887828e-07 -1.568203e-07 4.308852e-07 	 907
6.750000 	 -2.638709e-07 4.344695e-07 -1.416084e-06 	 3.588418e-06 9.256541e-07 -1.288820e-07 	 3.324547e-06 1.360124e-06 -1.544966e-06 	 923
7.250000 	 -4.032523e-08 -1.007201e-06 -2.379162e-07 	 -1.864016e-06 3.743097e-07 6.214047e-08 	 -1.904341e-06 -6.328910e-07 -1.757757e-07 	 886
7.750000 	 2.262632e-08 1.009701e-07 -3.591377e-07 	 -1.665068e-06 1.476102e-08 5.262762e-07 	 -1.642442e-06 1.157311e-07 1.671385e-07 	 928
8.250000 	 2.260083e-07 8.885168e-07 -3.187057e-07 	 1.959121e-06 8.056354e-08 -1.089880e-07 	 2.185129e-06 9.690803e-07 -4.276937e-07 	 906
8.750000 	 -8.237675e-07 8.620042e-07 5.930580e-09 	 -6.339044e-07 -9.882520e-07 1.440900e-07 	 -1.457672e-06 -1.262478e-07 1.500206e-07 	 924
9.250000 	 4.822334e-07 -2.977771e-06 -5.974083e-07 	 1.461564e-07 4.678024e-07 -3.119455e-07 	 6.283899e-07 -2.509969e-06 -9.093538e-07 	 915
9.750000 	 4.719490e-08 1.323802e-06 1.236891e-06 	 -2.740007e-06 -9.705906e-09 -2.367981e-07 	 -2.692812e-06 1.314096e-06 1.000093e-06 	 891
10.250000 	 -3.334084e-07 7.872583e-09 -7.322919e-07 	 2.502207e-06 4.412401e-07 1.064374e-07 	 2.168799e-06 4.491126e-07 -6.258544e-07 	 901
10.750000 	 -1.010050e-06 9.936877e-07 -6.495361e-07 	 5.387165e-07 -8.685387e-07 3.508984e-07 	 -4.713331e-07 1.251490e-07 -2.986377e-07 	 885
11.250000 	 -1.195168e-06 1.342844e-06 -1.006256e-08 	 -1.081760e-06 -5.808979e-08 7.256259e-07 	 -2.276928e-06 1.284754e-06 7.155634e-07 	 509
11.750000 	 -2.132845e-06 -2.331366e-06 -2.779819e-06 	 -8.042210e-06 2.729735e-06 1.582898e-06 	 -1.017506e-05 3.983690e-07 -1.196922e-06 	 51
12.250000 	 0.000000e+00 0.000000e+00 0.000000e+00 	 0.000000e+00 0.000000e+00 0.000000e+00 	 0.000000e+00 0.000000e+00 0.000000e+00 	 0
12.750000 	 0.000000e+00 0.000000e+00 0.000000e+00 	 0.000000e+00 0.000000e+00 0.000000e+00 	 0.000000e+00 0.000000e+00 0.000000e+00 	 0
13.250000 	 0.000000e+00 0.000000e+00 0.000000e+00 	 0.000000e+00 0.000000e+00 0.000000e+00 	 0.000000e+00 0.000000e+00 0.000000e+00 	 0
13.750000 	 0.000000e+00 0.000000e+00 0.000000e+00 	 0.000000e+00 0.000000e+00 0.000000e+00 	 0.000000e+00 0.000000e+00 0.000000e+00 	 0
14.250000 	 0.000000e+00 0.000000e+00 0.000000e+00 	 0.000000e+00 0.000000e+00 0.000000e+00 	 0.000000e+00 0.000000e+00 0.000000e+00 	 0
14.750000 	 0.000000e+00 0.000000e+00 0.000000e+00 	 0.000000e+00 0.000000e+00 0.000000e+00 	 0.000000e+00 0.000000e+00 0.000000e+00 	 0
