# 1  2-4    5-7    8-10   11     
# x  dirEF  recEF  sumEF  #Sample
0.250000 	 0.000000e+00 0.000000e+00 0.000000e+00 	 0.000000e+00 0.000000e+00 0.000000e+00 	 0.000000e+00 0.000000e+00 0.000000e+00 	 0
0.750000 	 0.000000e+00 0.000000e+00 0.000000e+00 	 0.000000e+00 0.000000e+00 0.000000e+00 	 0.000000e+00 0.000000e+00 0.000000e+00 	 0
1.250000 	 0.000000e+00 0.000000e+00 0.000000e+00 	 0.000000e+00 0.000000e+00 0.000000e+00 	 0.000000e+00 0.000000e+00 0.000000e+00 	 0
1.750000 	 0.000000e+00 0.000000e+00 0.000000e+00 	 0.000000e+00 0.000000e+00 0.000000e+00 	 0.000000e+00 0.000000e+00 0.000000e+00 	 0
2.250000 	 0.000000e+00 0.000000e+00 0.000000e+00 	 0.000000e+00 0.000000e+00 0.000000e+00 	 0.000000e+00 0.000000e+00 0.000000e+00 	 0
2.750000 	 0.000000e+00 0.000000e+00 0.000000e+00 	 0.000000e+00 0.000000e+00 0.000000e+00 	 0.000000e+00 0.000000e+00 0.000000e+00 	 0
3.250000 	 -6.699503e-06 1.379993e-05 -1.259110e-06 	 -2.496035e-06 -4.808356e-07 -1.193908e-06 	 -9.195537e-06 1.331910e-05 -2.453018e-06 	 19
3.750000 	 3.352497e-08 -3.086904e-06 -4.884880e-07 	 1.704907e-07 -8.044446e-07 4.821152e-07 	 2.040156e-07 -3.891349e-06 -6.372804e-09 	 578
4.250000 	 7.227659e-07 1.227728e-06 1.905696e-06 	 -8.710861e-08 -5.146580e-07 4.116305e-07 	 6.356573e-07 7.130696e-07 2.317327e-06 	 879
4.750000 	 -1.339130e-06 1.333586e-06 -1.048159e-06 	 -2.284113e-08 7.373916e-08 -1.125826e-07 	 -1.361971e-06 1.407325e-06 -1.160741e-06 	 913
5.250000 	 1.161342e-06 -3.610833e-07 -1.464178e-06 	 -1.206604e-07 4.367064e-07 -6.977359e-07 	 1.040682e-06 7.562308e-08 -2.161914e-06 	 912
5.750000 	 2.009383e-06 -5.553387e-07 -9.301752e-07 	 1.576163e-07 3.176804e-08 2.323830e-07 	 2.167000e-06 -5.235706e-07 -6.977922e-07 	 888
6.250000 	 -7.751850e-07 2.035065e-06 -6.257444e-07 	 -8.274440e-08 5.549902e-07 4.494594e-07 	 -8.579294e-07 2.590055e-06 -1.762850e-07 	 913
6.750000 	 -9.238897e-09 -1.590071e-06 1.071064e-06 	 5.235750e-09 -1.719502e-07 -6.168338e-07 	 -4.003147e-09 -1.762021e-06 4.542303e-07 	 914
7.250000 	 -6.657805e-07 -2.757528e-06 1.364841e-06 	 -4.553451e-08 4.336585e-07 5.852421e-07 	 -7.113150e-07 -2.323869e-06 1.950083e-06 	 920
7.750000 	 -1.014180e-06 -1.660779e-06 -7.614441e-07 	 -1.469879e-07 2.316341e-07 -1.909483e-07 	 -1.161168e-06 -1.429145e-06 -9.523924e-07 	 913
8.250000 	 -2.637290e-07 -8.181113e-07 2.719923e-07 	 2.816915e-07 -1.563312e-07 -1.639285e-07 	 1.796255e-08 -9.744425e-07 1.080638e-07 	 900
8.750000 	 1.918013e-06 2.697926e-06 5.824534e-07 	 -2.036963e-07 3.333477e-07 2.376316e-07 	 1.714317e-06 3.031274e-06 8.200850e-07 	 899
9.250000 	 -6.951208e-07 -1.261628e-06 2.383613e-06 	 1.681271e-07 2.106472e-07 6.637570e-07 	 -5.269937e-07 -1.050981e-06 3.047370e-06 	 891
9.750000 	 7.728510e-07 -6.881825e-07 -5.022852e-08 	 4.356397e-07 -4.813696e-07 2.495069e-07 	 1.208491e-06 -1.169552e-06 1.992784e-07 	 911
10.250000 	 -3.322271e-07 -1.073728e-06 1.785138e-07 	 -7.145143e-07 6.138803e-08 1.588581e-07 	 -1.046741e-06 -1.012340e-06 3.373720e-07 	 916
10.750000 	 5.920676e-07 5.313055e-07 -1.896641e-07 	 -1.507816e-07 -3.053187e-07 6.028546e-07 	 4.412860e-07 2.259869e-07 4.131905e-07 	 906
11.250000 	 7.413408e-07 2.765526e-06 -2.835824e-06 	 1.401000e-07 1.153770e-06 7.132762e-07 	 8.814409e-07 3.919296e-06 -2.122547e-06 	 541
11.750000 	 4.431082e-06 -3.843274e-06 -2.518802e-08 	 4.185387e-06 3.062351e-06 -6.410808e-06 	 8.616469e-06 -7.809232e-07 -6.435996e-06 	 11
12.250000 	 0.000000e+00 0.000000e+00 0.000000e+00 	 0.000000e+00 0.000000e+00 0.000000e+00 	 0.000000e+00 0.000000e+00 0.000000e+00 	 0
12.750000 	 0.000000e+00 0.000000e+00 0.000000e+00 	 0.000000e+00 0.000000e+00 0.000000e+00 	 0.000000e+00 0.000000e+00 0.000000e+00 	 0
13.250000 	 0.000000e+00 0.000000e+00 0.000000e+00 	 0.000000e+00 0.000000e+00 0.000000e+00 	 0.000000e+00 0.000000e+00 0.000000e+00 	 0
13.750000 	 0.000000e+00 0.000000e+00 0.000000e+00 	 0.000000e+00 0.000000e+00 0.000000e+00 	 0.000000e+00 0.000000e+00 0.000000e+00 	 0
14.250000 	 0.000000e+00 0.000000e+00 0.000000e+00 	 0.000000e+00 0.000000e+00 0.000000e+00 	 0.000000e+00 0.000000e+00 0.000000e+00 	 0
14.750000 	 0.000000e+00 0.000000e+00 0.000000e+00 	 0.000000e+00 0.000000e+00 0.000000e+00 	 0.000000e+00 0.000000e+00 0.000000e+00 	 0
