# 1  2-4    5-7    8-10   11     
# x  dirEF  recEF  sumEF  #Sample
0.250000 	 0.000000e+00 0.000000e+00 0.000000e+00 	 0.000000e+00 0.000000e+00 0.000000e+00 	 0.000000e+00 0.000000e+00 0.000000e+00 	 0
0.750000 	 0.000000e+00 0.000000e+00 0.000000e+00 	 0.000000e+00 0.000000e+00 0.000000e+00 	 0.000000e+00 0.000000e+00 0.000000e+00 	 0
1.250000 	 0.000000e+00 0.000000e+00 0.000000e+00 	 0.000000e+00 0.000000e+00 0.000000e+00 	 0.000000e+00 0.000000e+00 0.000000e+00 	 0
1.750000 	 0.000000e+00 0.000000e+00 0.000000e+00 	 0.000000e+00 0.000000e+00 0.000000e+00 	 0.000000e+00 0.000000e+00 0.000000e+00 	 0
2.250000 	 0.000000e+00 0.000000e+00 0.000000e+00 	 0.000000e+00 0.000000e+00 0.000000e+00 	 0.000000e+00 0.000000e+00 0.000000e+00 	 0
2.750000 	 0.000000e+00 0.000000e+00 0.000000e+00 	 0.000000e+00 0.000000e+00 0.000000e+00 	 0.000000e+00 0.000000e+00 0.000000e+00 	 0
3.250000 	 -2.720763e-06 -3.554294e-06 -1.817468e-06 	 -3.147598e-06 -2.050822e-06 1.209828e-06 	 -5.868361e-06 -5.605116e-06 -6.076400e-07 	 43
3.750000 	 -2.042502e-06 7.509027e-07 9.111558e-07 	 5.771288e-07 -7.413051e-08 2.122293e-08 	 -1.465373e-06 6.767722e-07 9.323788e-07 	 569
4.250000 	 -2.029232e-06 1.031558e-06 -7.892148e-07 	 2.199599e-08 -3.495542e-08 3.466950e-08 	 -2.007236e-06 9.966029e-07 -7.545453e-07 	 884
4.750000 	 7.189485e-07 -1.710168e-06 1.761644e-06 	 6.886933e-07 8.333808e-08 -8.686646e-08 	 1.407642e-06 -1.626830e-06 1.674778e-06 	 897
5.250000 	 3.047002e-06 -2.249927e-07 -1.456227e-06 	 -2.766740e-07 -2.146408e-08 9.363944e-09 	 2.770328e-06 -2.464568e-07 -1.446863e-06 	 920
5.750000 	 -8.255473e-07 3.854365e-08 -9.328414e-07 	 -2.277315e-07 -5.637749e-08 2.452624e-08 	 -1.053279e-06 -1.783383e-08 -9.083151e-07 	 894
6.250000 	 -1.932710e-06 2.631729e-06 1.735823e-06 	 1.325224e-07 9.938538e-08 -1.388894e-07 	 -1.800188e-06 2.731115e-06 1.596934e-06 	 905
6.750000 	 3.982291e-07 -3.471067e-07 2.463770e-07 	 3.818530e-07 7.296729e-08 -5.481459e-08 	 7.800821e-07 -2.741394e-07 1.915624e-07 	 914
7.250000 	 -9.859802e-09 -7.036501e-07 -9.262640e-08 	 -7.242334e-07 -5.937406e-08 -1.087400e-07 	 -7.340932e-07 -7.630242e-07 -2.013663e-07 	 908
7.750000 	 -1.157076e-06 1.417154e-06 8.509888e-07 	 3.773721e-07 -1.090497e-07 6.522000e-08 	 -7.797037e-07 1.308105e-06 9.162088e-07 	 907
8.250000 	 -1.490966e-06 -1.845204e-06 -1.434518e-06 	 1.394188e-07 1.391762e-07 4.523463e-08 	 -1.351547e-06 -1.706027e-06 -1.389283e-06 	 910
8.750000 	 1.178380e-06 2.897270e-07 -1.258985e-07 	 1.422469e-07 -5.859673e-08 -8.865894e-08 	 1.320627e-06 2.311303e-07 -2.145575e-07 	 890
9.250000 	 -1.877861e-06 1.260740e-06 1.163106e-06 	 1.170329e-08 -1.599091e-08 -1.107351e-07 	 -1.866158e-06 1.244749e-06 1.052371e-06 	 889
9.750000 	 1.726492e-07 2.618336e-07 1.953423e-07 	 -1.257823e-07 -6.866245e-08 -3.167570e-09 	 4.686693e-08 1.931711e-07 1.921747e-07 	 914
10.250000 	 -4.610188e-07 5.985084e-07 1.609806e-06 	 -4.988635e-08 -1.053460e-07 -6.647097e-09 	 -5.109051e-07 4.931624e-07 1.603159e-06 	 910
10.750000 	 1.186144e-06 2.573044e-07 -9.976761e-07 	 2.603025e-07 7.497903e-08 8.072327e-08 	 1.446447e-06 3.322834e-07 -9.169528e-07 	 891
11.250000 	 -4.410156e-07 -2.326427e-06 3.602861e-08 	 -1.441097e-06 4.712902e-08 -8.800124e-08 	 -1.882113e-06 -2.279298e-06 -5.197263e-08 	 558
11.750000 	 -4.083213e-06 -8.095205e-07 -2.324789e-06 	 3.133647e-06 2.458915e-07 8.412678e-07 	 -9.495658e-07 -5.636290e-07 -1.483521e-06 	 21
12.250000 	 0.000000e+00 0.000000e+00 0.000000e+00 	 0.000000e+00 0.000000e+00 0.000000e+00 	 0.000000e+00 0.000000e+00 0.000000e+00 	 0
12.750000 	 0.000000e+00 0.000000e+00 0.000000e+00 	 0.000000e+00 0.000000e+00 0.000000e+00 	 0.000000e+00 0.000000e+00 0.000000e+00 	 0
13.250000 	 0.000000e+00 0.000000e+00 0.000000e+00 	 0.000000e+00 0.000000e+00 0.000000e+00 	 0.000000e+00 0.000000e+00 0.000000e+00 	 0
13.750000 	 0.000000e+00 0.000000e+00 0.000000e+00 	 0.000000e+00 0.000000e+00 0.000000e+00 	 0.000000e+00 0.000000e+00 0.000000e+00 	 0
14.250000 	 0.000000e+00 0.000000e+00 0.000000e+00 	 0.000000e+00 0.000000e+00 0.000000e+00 	 0.000000e+00 0.000000e+00 0.000000e+00 	 0
14.750000 	 0.000000e+00 0.000000e+00 0.000000e+00 	 0.000000e+00 0.000000e+00 0.000000e+00 	 0.000000e+00 0.000000e+00 0.000000e+00 	 0
