# 1  2-4    5-7    8-10   11     
# x  dirEF  recEF  sumEF  #Sample
0.250000 	 0.000000e+00 0.000000e+00 0.000000e+00 	 0.000000e+00 0.000000e+00 0.000000e+00 	 0.000000e+00 0.000000e+00 0.000000e+00 	 0
0.750000 	 0.000000e+00 0.000000e+00 0.000000e+00 	 0.000000e+00 0.000000e+00 0.000000e+00 	 0.000000e+00 0.000000e+00 0.000000e+00 	 0
1.250000 	 0.000000e+00 0.000000e+00 0.000000e+00 	 0.000000e+00 0.000000e+00 0.000000e+00 	 0.000000e+00 0.000000e+00 0.000000e+00 	 0
1.750000 	 0.000000e+00 0.000000e+00 0.000000e+00 	 0.000000e+00 0.000000e+00 0.000000e+00 	 0.000000e+00 0.000000e+00 0.000000e+00 	 0
2.250000 	 0.000000e+00 0.000000e+00 0.000000e+00 	 0.000000e+00 0.000000e+00 0.000000e+00 	 0.000000e+00 0.000000e+00 0.000000e+00 	 0
2.750000 	 0.000000e+00 0.000000e+00 0.000000e+00 	 0.000000e+00 0.000000e+00 0.000000e+00 	 0.000000e+00 0.000000e+00 0.000000e+00 	 0
3.250000 	 2.679842e-06 -4.942171e-06 -1.398503e-06 	 1.323708e-07 1.253297e-05 1.647659e-05 	 2.812212e-06 7.590803e-06 1.507809e-05 	 14
3.750000 	 4.433060e-07 6.907015e-07 -7.098559e-07 	 7.130785e-06 -3.599560e-06 -3.543611e-07 	 7.574091e-06 -2.908859e-06 -1.064217e-06 	 574
4.250000 	 -1.314487e-07 -1.605023e-07 -1.809035e-06 	 2.927563e-06 -1.159543e-06 3.149208e-07 	 2.796114e-06 -1.320045e-06 -1.494115e-06 	 912
4.750000 	 -1.444364e-06 -1.408409e-06 8.192453e-07 	 -3.495784e-06 -2.254095e-07 1.896077e-06 	 -4.940149e-06 -1.633818e-06 2.715322e-06 	 903
5.250000 	 3.141088e-06 8.702432e-07 1.092527e-06 	 3.390263e-06 8.858548e-07 3.120076e-07 	 6.531350e-06 1.756098e-06 1.404535e-06 	 894
5.750000 	 5.190396e-07 -1.008657e-06 -2.594196e-07 	 2.042910e-06 -1.963150e-06 -3.232333e-06 	 2.561949e-06 -2.971807e-06 -3.491752e-06 	 906
6.250000 	 -1.052261e-06 1.224795e-07 2.234393e-06 	 6.775632e-07 -2.718148e-06 1.926527e-06 	 -3.746979e-07 -2.595669e-06 4.160920e-06 	 904
6.750000 	 -3.704991e-08 1.275304e-06 1.652662e-06 	 1.154703e-06 -1.520017e-06 9.827906e-07 	 1.117653e-06 -2.447129e-07 2.635453e-06 	 903
7.250000 	 4.907156e-07 3.933470e-08 -5.010684e-06 	 3.771557e-06 1.390818e-06 -8.040510e-07 	 4.262273e-06 1.430153e-06 -5.814735e-06 	 910
7.750000 	 -9.154387e-07 9.295440e-08 1.855554e-07 	 -8.068610e-08 9.154634e-07 -7.211772e-07 	 -9.961248e-07 1.008418e-06 -5.356218e-07 	 895
8.250000 	 1.821369e-06 -1.257328e-07 3.839827e-07 	 -1.480920e-06 -3.020768e-07 -6.934704e-07 	 3.404487e-07 -4.278095e-07 -3.094877e-07 	 926
8.750000 	 -1.463007e-06 -9.393335e-07 1.313667e-06 	 -1.134399e-06 -5.519340e-07 -2.017794e-07 	 -2.597406e-06 -1.491268e-06 1.111888e-06 	 896
9.250000 	 -9.286189e-07 1.539451e-06 -1.494684e-06 	 -1.344651e-06 4.501857e-06 -1.244491e-06 	 -2.273270e-06 6.041308e-06 -2.739175e-06 	 914
9.750000 	 1.535880e-07 -5.625398e-07 -1.708443e-06 	 2.195134e-06 -1.765899e-06 -1.460650e-07 	 2.348722e-06 -2.328439e-06 -1.854508e-06 	 921
10.250000 	 -1.376072e-06 -6.147670e-07 2.348264e-06 	 -2.676887e-06 -8.204383e-07 -2.994947e-07 	 -4.052959e-06 -1.435205e-06 2.048769e-06 	 910
10.750000 	 -1.610953e-06 3.038680e-07 3.938097e-07 	 -4.594625e-06 2.746601e-07 -1.578131e-06 	 -6.205578e-06 5.785281e-07 -1.184321e-06 	 910
11.250000 	 2.105319e-06 -1.841531e-07 -1.792007e-06 	 -2.858745e-06 2.087804e-06 -1.975886e-07 	 -7.534253e-07 1.903651e-06 -1.989596e-06 	 512
11.750000 	 9.727068e-06 -2.817194e-07 6.422252e-06 	 -1.337692e-05 5.379550e-06 1.674310e-05 	 -3.649851e-06 5.097831e-06 2.316535e-05 	 20
12.250000 	 0.000000e+00 0.000000e+00 0.000000e+00 	 0.000000e+00 0.000000e+00 0.000000e+00 	 0.000000e+00 0.000000e+00 0.000000e+00 	 0
12.750000 	 0.000000e+00 0.000000e+00 0.000000e+00 	 0.000000e+00 0.000000e+00 0.000000e+00 	 0.000000e+00 0.000000e+00 0.000000e+00 	 0
13.250000 	 0.000000e+00 0.000000e+00 0.000000e+00 	 0.000000e+00 0.000000e+00 0.000000e+00 	 0.000000e+00 0.000000e+00 0.000000e+00 	 0
13.750000 	 0.000000e+00 0.000000e+00 0.000000e+00 	 0.000000e+00 0.000000e+00 0.000000e+00 	 0.000000e+00 0.000000e+00 0.000000e+00 	 0
14.250000 	 0.000000e+00 0.000000e+00 0.000000e+00 	 0.000000e+00 0.000000e+00 0.000000e+00 	 0.000000e+00 0.000000e+00 0.000000e+00 	 0
14.750000 	 0.000000e+00 0.000000e+00 0.000000e+00 	 0.000000e+00 0.000000e+00 0.000000e+00 	 0.000000e+00 0.000000e+00 0.000000e+00 	 0
