# 1  2-4    5-7    8-10   11     
# x  dirEF  recEF  sumEF  #Sample
0.250000 	 0.000000e+00 0.000000e+00 0.000000e+00 	 0.000000e+00 0.000000e+00 0.000000e+00 	 0.000000e+00 0.000000e+00 0.000000e+00 	 0
0.750000 	 0.000000e+00 0.000000e+00 0.000000e+00 	 0.000000e+00 0.000000e+00 0.000000e+00 	 0.000000e+00 0.000000e+00 0.000000e+00 	 0
1.250000 	 0.000000e+00 0.000000e+00 0.000000e+00 	 0.000000e+00 0.000000e+00 0.000000e+00 	 0.000000e+00 0.000000e+00 0.000000e+00 	 0
1.750000 	 0.000000e+00 0.000000e+00 0.000000e+00 	 0.000000e+00 0.000000e+00 0.000000e+00 	 0.000000e+00 0.000000e+00 0.000000e+00 	 0
2.250000 	 0.000000e+00 0.000000e+00 0.000000e+00 	 0.000000e+00 0.000000e+00 0.000000e+00 	 0.000000e+00 0.000000e+00 0.000000e+00 	 0
2.750000 	 0.000000e+00 0.000000e+00 0.000000e+00 	 0.000000e+00 0.000000e+00 0.000000e+00 	 0.000000e+00 0.000000e+00 0.000000e+00 	 0
3.250000 	 -2.172630e-06 -2.266046e-06 9.390473e-06 	 -8.018028e-06 4.294573e-06 3.779963e-06 	 -1.019066e-05 2.028528e-06 1.317044e-05 	 17
3.750000 	 5.370609e-07 1.130616e-06 1.411235e-06 	 2.884438e-06 -4.417992e-07 -2.113227e-07 	 3.421499e-06 6.888167e-07 1.199912e-06 	 596
4.250000 	 -6.386287e-07 2.165209e-06 -1.835713e-06 	 -1.662701e-06 -5.231463e-07 -2.073814e-07 	 -2.301330e-06 1.642063e-06 -2.043095e-06 	 886
4.750000 	 5.720751e-07 1.701520e-07 -7.901788e-08 	 2.735644e-06 3.823981e-07 -8.041676e-07 	 3.307719e-06 5.525501e-07 -8.831855e-07 	 907
5.250000 	 -1.385390e-06 2.673469e-07 9.152692e-07 	 -1.942265e-06 -3.736681e-07 1.480066e-07 	 -3.327656e-06 -1.063212e-07 1.063276e-06 	 892
5.750000 	 5.111795e-07 -3.605786e-07 -1.319565e-06 	 -3.756158e-08 4.701820e-07 -3.503392e-07 	 4.736180e-07 1.096034e-07 -1.669904e-06 	 900
6.250000 	 1.119095e-06 -4.686033e-07 -1.949762e-06 	 1.231169e-06 3.917084e-07 -4.979315e-07 	 2.350263e-06 -7.689493e-08 -2.447693e-06 	 915
6.750000 	 2.690979e-07 -4.270221e-07 1.662917e-07 	 -1.637925e-06 -1.657171e-07 1.426043e-07 	 -1.368827e-06 -5.927392e-07 3.088960e-07 	 910
7.250000 	 -1.443738e-07 -9.070820e-07 -8.315186e-07 	 -6.375811e-07 -5.360661e-07 2.309887e-07 	 -7.819548e-07 -1.443148e-06 -6.005299e-07 	 917
7.750000 	 -8.424860e-07 -1.347927e-06 9.315887e-07 	 3.554984e-06 1.351497e-06 -2.605510e-07 	 2.712498e-06 3.569739e-09 6.710377e-07 	 895
8.250000 	 -8.413611e-07 2.610830e-07 -6.140844e-09 	 -1.599172e-06 4.782604e-07 -9.275188e-07 	 -2.440533e-06 7.393434e-07 -9.336597e-07 	 912
8.750000 	 -1.419707e-06 -3.928368e-07 -1.146891e-06 	 8.029565e-08 4.050093e-07 -5.893396e-07 	 -1.339411e-06 1.217258e-08 -1.736231e-06 	 894
9.250000 	 8.830004e-07 1.104600e-06 1.567886e-07 	 1.380009e-07 -3.948585e-07 7.139672e-08 	 1.021001e-06 7.097419e-07 2.281854e-07 	 905
9.750000 	 6.645780e-07 8.191066e-07 -6.120428e-07 	 -1.299786e-06 7.620505e-07 -4.569759e-07 	 -6.352078e-07 1.581157e-06 -1.069019e-06 	 896
10.250000 	 -4.037054e-07 -4.355001e-07 6.581221e-07 	 1.219038e-06 -6.917332e-07 1.003777e-06 	 8.153327e-07 -1.127233e-06 1.661899e-06 	 906
10.750000 	 1.909782e-07 -8.784936e-07 -9.580989e-07 	 -6.643633e-07 5.628462e-08 -5.615219e-07 	 -4.733851e-07 -8.222090e-07 -1.519621e-06 	 905
11.250000 	 2.101171e-07 1.490829e-06 1.648028e-06 	 -1.985441e-06 2.159911e-07 -9.084879e-08 	 -1.775323e-06 1.706820e-06 1.557179e-06 	 548
11.750000 	 4.246934e-06 -9.956100e-07 6.398818e-07 	 1.078661e-05 -1.266964e-06 1.907242e-06 	 1.503355e-05 -2.262574e-06 2.547124e-06 	 23
12.250000 	 0.000000e+00 0.000000e+00 0.000000e+00 	 0.000000e+00 0.000000e+00 0.000000e+00 	 0.000000e+00 0.000000e+00 0.000000e+00 	 0
12.750000 	 0.000000e+00 0.000000e+00 0.000000e+00 	 0.000000e+00 0.000000e+00 0.000000e+00 	 0.000000e+00 0.000000e+00 0.000000e+00 	 0
13.250000 	 0.000000e+00 0.000000e+00 0.000000e+00 	 0.000000e+00 0.000000e+00 0.000000e+00 	 0.000000e+00 0.000000e+00 0.000000e+00 	 0
13.750000 	 0.000000e+00 0.000000e+00 0.000000e+00 	 0.000000e+00 0.000000e+00 0.000000e+00 	 0.000000e+00 0.000000e+00 0.000000e+00 	 0
14.250000 	 0.000000e+00 0.000000e+00 0.000000e+00 	 0.000000e+00 0.000000e+00 0.000000e+00 	 0.000000e+00 0.000000e+00 0.000000e+00 	 0
14.750000 	 0.000000e+00 0.000000e+00 0.000000e+00 	 0.000000e+00 0.000000e+00 0.000000e+00 	 0.000000e+00 0.000000e+00 0.000000e+00 	 0
