# 1  2-4    5-7    8-10   11     
# x  dirEF  recEF  sumEF  #Sample
0.250000 	 0.000000e+00 0.000000e+00 0.000000e+00 	 0.000000e+00 0.000000e+00 0.000000e+00 	 0.000000e+00 0.000000e+00 0.000000e+00 	 0
0.750000 	 0.000000e+00 0.000000e+00 0.000000e+00 	 0.000000e+00 0.000000e+00 0.000000e+00 	 0.000000e+00 0.000000e+00 0.000000e+00 	 0
1.250000 	 0.000000e+00 0.000000e+00 0.000000e+00 	 0.000000e+00 0.000000e+00 0.000000e+00 	 0.000000e+00 0.000000e+00 0.000000e+00 	 0
1.750000 	 0.000000e+00 0.000000e+00 0.000000e+00 	 0.000000e+00 0.000000e+00 0.000000e+00 	 0.000000e+00 0.000000e+00 0.000000e+00 	 0
2.250000 	 0.000000e+00 0.000000e+00 0.000000e+00 	 0.000000e+00 0.000000e+00 0.000000e+00 	 0.000000e+00 0.000000e+00 0.000000e+00 	 0
2.750000 	 0.000000e+00 0.000000e+00 0.000000e+00 	 0.000000e+00 0.000000e+00 0.000000e+00 	 0.000000e+00 0.000000e+00 0.000000e+00 	 0
3.250000 	 -1.572278e-06 2.316833e-06 3.090730e-07 	 4.811154e-06 -3.591608e-08 -7.604481e-06 	 3.238876e-06 2.280917e-06 -7.295408e-06 	 28
3.750000 	 -9.184901e-07 1.605070e-07 1.356065e-06 	 -4.503772e-07 6.905728e-07 -1.819137e-06 	 -1.368867e-06 8.510798e-07 -4.630722e-07 	 549
4.250000 	 1.363309e-06 -2.965390e-06 9.725679e-07 	 1.836657e-06 1.729119e-06 1.165420e-06 	 3.199966e-06 -1.236271e-06 2.137988e-06 	 905
4.750000 	 -7.815844e-07 1.969953e-06 6.007183e-08 	 -2.982854e-06 5.502008e-08 9.858023e-08 	 -3.764439e-06 2.024973e-06 1.586521e-07 	 927
5.250000 	 5.127553e-07 9.633635e-07 -1.196940e-06 	 -1.501988e-06 7.924759e-08 4.056345e-06 	 -9.892331e-07 1.042611e-06 2.859405e-06 	 890
5.750000 	 -7.855808e-07 -1.639862e-06 4.933323e-07 	 2.418333e-06 -2.106054e-06 -1.591695e-06 	 1.632753e-06 -3.745916e-06 -1.098362e-06 	 915
6.250000 	 -2.062837e-06 1.755218e-07 9.311959e-07 	 -1.097146e-07 -1.261948e-06 2.881768e-07 	 -2.172551e-06 -1.086426e-06 1.219373e-06 	 916
6.750000 	 1.816009e-07 4.634172e-07 -1.972588e-06 	 1.992565e-06 -1.584142e-06 -9.254743e-08 	 2.174166e-06 -1.120724e-06 -2.065135e-06 	 911
7.250000 	 -2.137163e-07 -1.069201e-06 -1.478243e-06 	 9.522769e-07 -1.311093e-06 -2.204808e-06 	 7.385606e-07 -2.380294e-06 -3.683051e-06 	 911
7.750000 	 1.550452e-07 -4.220067e-07 6.180705e-07 	 4.288424e-06 1.165442e-06 2.080187e-06 	 4.443469e-06 7.434355e-07 2.698257e-06 	 902
8.250000 	 -4.585843e-07 3.518773e-07 2.759648e-06 	 1.695956e-06 2.593311e-06 -8.548777e-08 	 1.237371e-06 2.945188e-06 2.674160e-06 	 889
8.750000 	 1.306434e-07 -1.907705e-06 -1.976673e-06 	 -3.133887e-06 -1.281173e-06 -8.261991e-07 	 -3.003243e-06 -3.188878e-06 -2.802872e-06 	 914
9.250000 	 1.575136e-06 1.291637e-06 8.058801e-07 	 2.247211e-06 -7.863882e-07 1.859333e-06 	 3.822346e-06 5.052488e-07 2.665214e-06 	 887
9.750000 	 2.686801e-06 3.217764e-07 1.521656e-06 	 -4.942965e-06 -9.734859e-07 -8.148361e-07 	 -2.256164e-06 -6.517095e-07 7.068198e-07 	 906
10.250000 	 -9.567082e-07 -4.788574e-07 2.075537e-07 	 1.136070e-06 1.126627e-06 2.415970e-06 	 1.793619e-07 6.477697e-07 2.623523e-06 	 904
10.750000 	 -9.081723e-07 -1.211706e-06 -7.076920e-07 	 -1.337681e-06 2.518764e-06 2.720862e-06 	 -2.245853e-06 1.307058e-06 2.013170e-06 	 896
11.250000 	 9.775520e-08 -5.287399e-07 -2.175259e-07 	 1.832625e-06 -1.575678e-06 2.387906e-06 	 1.930380e-06 -2.104418e-06 2.170381e-06 	 551
11.750000 	 -5.324663e-06 -1.254418e-06 -6.769627e-07 	 1.078781e-06 4.133984e-06 4.342667e-06 	 -4.245882e-06 2.879567e-06 3.665705e-06 	 23
12.250000 	 0.000000e+00 0.000000e+00 0.000000e+00 	 0.000000e+00 0.000000e+00 0.000000e+00 	 0.000000e+00 0.000000e+00 0.000000e+00 	 0
12.750000 	 0.000000e+00 0.000000e+00 0.000000e+00 	 0.000000e+00 0.000000e+00 0.000000e+00 	 0.000000e+00 0.000000e+00 0.000000e+00 	 0
13.250000 	 0.000000e+00 0.000000e+00 0.000000e+00 	 0.000000e+00 0.000000e+00 0.000000e+00 	 0.000000e+00 0.000000e+00 0.000000e+00 	 0
13.750000 	 0.000000e+00 0.000000e+00 0.000000e+00 	 0.000000e+00 0.000000e+00 0.000000e+00 	 0.000000e+00 0.000000e+00 0.000000e+00 	 0
14.250000 	 0.000000e+00 0.000000e+00 0.000000e+00 	 0.000000e+00 0.000000e+00 0.000000e+00 	 0.000000e+00 0.000000e+00 0.000000e+00 	 0
14.750000 	 0.000000e+00 0.000000e+00 0.000000e+00 	 0.000000e+00 0.000000e+00 0.000000e+00 	 0.000000e+00 0.000000e+00 0.000000e+00 	 0
