# 1  2-4    5-7    8-10   11     
# x  dirEF  recEF  sumEF  #Sample
0.250000 	 0.000000e+00 0.000000e+00 0.000000e+00 	 0.000000e+00 0.000000e+00 0.000000e+00 	 0.000000e+00 0.000000e+00 0.000000e+00 	 0
0.750000 	 0.000000e+00 0.000000e+00 0.000000e+00 	 0.000000e+00 0.000000e+00 0.000000e+00 	 0.000000e+00 0.000000e+00 0.000000e+00 	 0
1.250000 	 0.000000e+00 0.000000e+00 0.000000e+00 	 0.000000e+00 0.000000e+00 0.000000e+00 	 0.000000e+00 0.000000e+00 0.000000e+00 	 0
1.750000 	 0.000000e+00 0.000000e+00 0.000000e+00 	 0.000000e+00 0.000000e+00 0.000000e+00 	 0.000000e+00 0.000000e+00 0.000000e+00 	 0
2.250000 	 0.000000e+00 0.000000e+00 0.000000e+00 	 0.000000e+00 0.000000e+00 0.000000e+00 	 0.000000e+00 0.000000e+00 0.000000e+00 	 0
2.750000 	 0.000000e+00 0.000000e+00 0.000000e+00 	 0.000000e+00 0.000000e+00 0.000000e+00 	 0.000000e+00 0.000000e+00 0.000000e+00 	 0
3.250000 	 -1.572278e-06 2.316833e-06 3.090730e-07 	 -1.734013e-06 -2.305669e-06 1.673277e-06 	 -3.306291e-06 1.116434e-08 1.982350e-06 	 28
3.750000 	 -9.184901e-07 1.605070e-07 1.356065e-06 	 -2.048562e-07 2.745585e-07 1.480749e-06 	 -1.123346e-06 4.350654e-07 2.836815e-06 	 549
4.250000 	 1.363309e-06 -2.965390e-06 9.725679e-07 	 4.863617e-09 -4.402758e-07 -1.781961e-07 	 1.368172e-06 -3.405666e-06 7.943718e-07 	 905
4.750000 	 -7.815844e-07 1.969953e-06 6.007183e-08 	 -2.750483e-08 -1.362157e-07 -4.782478e-07 	 -8.090892e-07 1.833738e-06 -4.181760e-07 	 927
5.250000 	 5.127553e-07 9.633635e-07 -1.196940e-06 	 -2.245117e-08 2.876385e-07 -6.903093e-08 	 4.903041e-07 1.251002e-06 -1.265971e-06 	 890
5.750000 	 -7.855808e-07 -1.639862e-06 4.933323e-07 	 -2.702693e-07 3.038806e-07 -1.439941e-07 	 -1.055850e-06 -1.335981e-06 3.493382e-07 	 915
6.250000 	 -2.062837e-06 1.755218e-07 9.311959e-07 	 2.326974e-07 1.478020e-07 -5.694948e-07 	 -1.830139e-06 3.233238e-07 3.617011e-07 	 916
6.750000 	 1.816009e-07 4.634172e-07 -1.972588e-06 	 3.322377e-07 -5.675051e-08 -5.290939e-07 	 5.138386e-07 4.066667e-07 -2.501682e-06 	 911
7.250000 	 -2.137163e-07 -1.069201e-06 -1.478243e-06 	 -3.663477e-07 8.914796e-07 -1.592903e-07 	 -5.800640e-07 -1.777218e-07 -1.637533e-06 	 911
7.750000 	 1.550452e-07 -4.220067e-07 6.180705e-07 	 9.502894e-08 7.030742e-08 4.636996e-07 	 2.500741e-07 -3.516993e-07 1.081770e-06 	 902
8.250000 	 -4.575502e-07 3.484684e-07 2.762885e-06 	 7.804086e-08 -5.382903e-08 -7.159528e-08 	 -3.795093e-07 2.946394e-07 2.691290e-06 	 889
8.750000 	 1.306434e-07 -1.907705e-06 -1.976673e-06 	 -5.924594e-07 -1.767753e-07 2.725410e-07 	 -4.618159e-07 -2.084481e-06 -1.704132e-06 	 914
9.250000 	 1.575136e-06 1.291637e-06 8.058801e-07 	 1.144613e-07 4.785077e-07 -1.212519e-07 	 1.689597e-06 1.770145e-06 6.846283e-07 	 887
9.750000 	 2.686801e-06 3.217764e-07 1.521656e-06 	 -6.168200e-08 -1.396874e-06 -6.662047e-07 	 2.625119e-06 -1.075098e-06 8.554512e-07 	 906
10.250000 	 -9.567082e-07 -4.788574e-07 2.075537e-07 	 -1.162079e-07 -7.702970e-07 1.036013e-06 	 -1.072916e-06 -1.249154e-06 1.243567e-06 	 904
10.750000 	 -9.081723e-07 -1.211706e-06 -7.076920e-07 	 1.307459e-07 -8.914556e-07 -2.671576e-07 	 -7.774264e-07 -2.103162e-06 -9.748496e-07 	 896
11.250000 	 9.775520e-08 -5.287399e-07 -2.175259e-07 	 -7.136968e-07 -9.091649e-07 -2.694506e-07 	 -6.159416e-07 -1.437905e-06 -4.869765e-07 	 551
11.750000 	 -5.324663e-06 -1.254418e-06 -6.769627e-07 	 5.616464e-07 -4.986558e-07 2.904462e-06 	 -4.763017e-06 -1.753073e-06 2.227499e-06 	 23
12.250000 	 0.000000e+00 0.000000e+00 0.000000e+00 	 0.000000e+00 0.000000e+00 0.000000e+00 	 0.000000e+00 0.000000e+00 0.000000e+00 	 0
12.750000 	 0.000000e+00 0.000000e+00 0.000000e+00 	 0.000000e+00 0.000000e+00 0.000000e+00 	 0.000000e+00 0.000000e+00 0.000000e+00 	 0
13.250000 	 0.000000e+00 0.000000e+00 0.000000e+00 	 0.000000e+00 0.000000e+00 0.000000e+00 	 0.000000e+00 0.000000e+00 0.000000e+00 	 0
13.750000 	 0.000000e+00 0.000000e+00 0.000000e+00 	 0.000000e+00 0.000000e+00 0.000000e+00 	 0.000000e+00 0.000000e+00 0.000000e+00 	 0
14.250000 	 0.000000e+00 0.000000e+00 0.000000e+00 	 0.000000e+00 0.000000e+00 0.000000e+00 	 0.000000e+00 0.000000e+00 0.000000e+00 	 0
14.750000 	 0.000000e+00 0.000000e+00 0.000000e+00 	 0.000000e+00 0.000000e+00 0.000000e+00 	 0.000000e+00 0.000000e+00 0.000000e+00 	 0
