# 1  2-4    5-7    8-10   11     
# x  dirEF  recEF  sumEF  #Sample
0.250000 	 0.000000e+00 0.000000e+00 0.000000e+00 	 0.000000e+00 0.000000e+00 0.000000e+00 	 0.000000e+00 0.000000e+00 0.000000e+00 	 0
0.750000 	 0.000000e+00 0.000000e+00 0.000000e+00 	 0.000000e+00 0.000000e+00 0.000000e+00 	 0.000000e+00 0.000000e+00 0.000000e+00 	 0
1.250000 	 0.000000e+00 0.000000e+00 0.000000e+00 	 0.000000e+00 0.000000e+00 0.000000e+00 	 0.000000e+00 0.000000e+00 0.000000e+00 	 0
1.750000 	 2.619736e-10 -9.727330e-12 -2.300737e-11 	 -7.601328e-06 1.075808e-05 -8.721577e-06 	 -7.601066e-06 1.075807e-05 -8.721600e-06 	 1
2.250000 	 0.000000e+00 0.000000e+00 0.000000e+00 	 0.000000e+00 0.000000e+00 0.000000e+00 	 0.000000e+00 0.000000e+00 0.000000e+00 	 0
2.750000 	 0.000000e+00 0.000000e+00 0.000000e+00 	 0.000000e+00 0.000000e+00 0.000000e+00 	 0.000000e+00 0.000000e+00 0.000000e+00 	 0
3.250000 	 7.574528e-06 6.064701e-06 1.009044e-07 	 -1.273334e-07 -8.879827e-07 3.501284e-07 	 7.447195e-06 5.176719e-06 4.510327e-07 	 29
3.750000 	 -3.210437e-07 -4.754187e-07 -1.063942e-06 	 4.471593e-07 9.507510e-08 -6.907651e-08 	 1.261156e-07 -3.803436e-07 -1.133018e-06 	 565
4.250000 	 2.349277e-06 -2.026339e-06 7.005496e-07 	 3.794400e-07 -7.878070e-08 1.480547e-07 	 2.728717e-06 -2.105119e-06 8.486043e-07 	 898
4.750000 	 -9.313994e-07 1.230273e-06 7.535886e-07 	 3.929956e-08 7.841247e-09 2.126221e-08 	 -8.920999e-07 1.238114e-06 7.748508e-07 	 896
5.250000 	 -2.043851e-07 -6.265498e-08 -1.157580e-06 	 -3.100934e-07 6.994105e-09 1.442362e-08 	 -5.144785e-07 -5.566088e-08 -1.143157e-06 	 909
5.750000 	 -8.953702e-09 -1.569561e-06 1.193544e-06 	 -2.629415e-07 5.835234e-08 -1.771176e-08 	 -2.718952e-07 -1.511209e-06 1.175832e-06 	 913
6.250000 	 -8.702374e-07 4.591539e-07 5.148145e-07 	 4.278946e-07 -8.320071e-08 -3.763757e-08 	 -4.423428e-07 3.759532e-07 4.771769e-07 	 912
6.750000 	 -1.383577e-06 -1.730143e-06 -1.571496e-06 	 -1.522504e-07 2.013940e-08 3.157841e-08 	 -1.535828e-06 -1.710004e-06 -1.539917e-06 	 876
7.250000 	 -4.838078e-07 5.705902e-07 1.351705e-06 	 -1.634941e-07 -2.346912e-08 -5.047504e-08 	 -6.473018e-07 5.471211e-07 1.301230e-06 	 922
7.750000 	 1.738050e-06 -3.412345e-08 8.863804e-07 	 3.775787e-07 4.019512e-08 1.134244e-07 	 2.115629e-06 6.071670e-09 9.998048e-07 	 918
8.250000 	 -1.712276e-06 -9.732553e-07 -3.345411e-07 	 -7.810686e-08 -1.692026e-07 3.106353e-08 	 -1.790383e-06 -1.142458e-06 -3.034775e-07 	 894
8.750000 	 -5.563683e-07 2.153577e-06 -2.194845e-06 	 -3.830151e-07 1.869409e-07 1.264164e-07 	 -9.393834e-07 2.340518e-06 -2.068429e-06 	 913
9.250000 	 2.804091e-06 -1.579394e-06 8.774505e-07 	 -5.123023e-08 -8.832893e-08 -2.407907e-09 	 2.752861e-06 -1.667723e-06 8.750426e-07 	 919
9.750000 	 1.499673e-06 8.739501e-08 -1.072955e-06 	 2.551516e-07 2.922467e-08 -6.565962e-08 	 1.754825e-06 1.166197e-07 -1.138615e-06 	 888
10.250000 	 -1.268803e-07 7.623131e-07 1.410748e-06 	 4.840866e-08 1.108766e-07 5.472408e-08 	 -7.847166e-08 8.731897e-07 1.465472e-06 	 930
10.750000 	 -1.810774e-06 2.698541e-07 2.766299e-06 	 -1.544469e-07 1.766967e-08 1.740397e-08 	 -1.965221e-06 2.875237e-07 2.783703e-06 	 881
11.250000 	 -9.833506e-07 -8.086717e-07 -9.256698e-07 	 -1.153101e-06 9.850995e-08 1.143348e-07 	 -2.136452e-06 -7.101618e-07 -8.113350e-07 	 522
11.750000 	 1.604945e-06 -9.561579e-06 2.552321e-07 	 2.296157e-06 -5.292421e-07 -6.525192e-07 	 3.901102e-06 -1.009082e-05 -3.972870e-07 	 37
12.250000 	 0.000000e+00 0.000000e+00 0.000000e+00 	 0.000000e+00 0.000000e+00 0.000000e+00 	 0.000000e+00 0.000000e+00 0.000000e+00 	 0
12.750000 	 0.000000e+00 0.000000e+00 0.000000e+00 	 0.000000e+00 0.000000e+00 0.000000e+00 	 0.000000e+00 0.000000e+00 0.000000e+00 	 0
13.250000 	 -1.443840e-07 -1.650071e-08 -2.897850e-08 	 4.426376e-06 -1.210905e-05 9.741798e-06 	 4.281992e-06 -1.212556e-05 9.712819e-06 	 1
13.750000 	 0.000000e+00 0.000000e+00 0.000000e+00 	 0.000000e+00 0.000000e+00 0.000000e+00 	 0.000000e+00 0.000000e+00 0.000000e+00 	 0
14.250000 	 0.000000e+00 0.000000e+00 0.000000e+00 	 0.000000e+00 0.000000e+00 0.000000e+00 	 0.000000e+00 0.000000e+00 0.000000e+00 	 0
14.750000 	 0.000000e+00 0.000000e+00 0.000000e+00 	 0.000000e+00 0.000000e+00 0.000000e+00 	 0.000000e+00 0.000000e+00 0.000000e+00 	 0
