# 1  2-4    5-7    8-10   11     
# x  dirEF  recEF  sumEF  #Sample
0.250000 	 0.000000e+00 0.000000e+00 0.000000e+00 	 0.000000e+00 0.000000e+00 0.000000e+00 	 0.000000e+00 0.000000e+00 0.000000e+00 	 0
0.750000 	 0.000000e+00 0.000000e+00 0.000000e+00 	 0.000000e+00 0.000000e+00 0.000000e+00 	 0.000000e+00 0.000000e+00 0.000000e+00 	 0
1.250000 	 0.000000e+00 0.000000e+00 0.000000e+00 	 0.000000e+00 0.000000e+00 0.000000e+00 	 0.000000e+00 0.000000e+00 0.000000e+00 	 0
1.750000 	 0.000000e+00 0.000000e+00 0.000000e+00 	 0.000000e+00 0.000000e+00 0.000000e+00 	 0.000000e+00 0.000000e+00 0.000000e+00 	 0
2.250000 	 0.000000e+00 0.000000e+00 0.000000e+00 	 0.000000e+00 0.000000e+00 0.000000e+00 	 0.000000e+00 0.000000e+00 0.000000e+00 	 0
2.750000 	 0.000000e+00 0.000000e+00 0.000000e+00 	 0.000000e+00 0.000000e+00 0.000000e+00 	 0.000000e+00 0.000000e+00 0.000000e+00 	 0
3.250000 	 4.292519e-06 2.894514e-06 -3.289100e-06 	 -3.489631e-06 1.832570e-06 6.663987e-07 	 8.028882e-07 4.727083e-06 -2.622701e-06 	 22
3.750000 	 -4.732250e-07 -3.018016e-11 1.888483e-07 	 8.655054e-07 4.845914e-08 -8.532000e-08 	 3.922804e-07 4.842896e-08 1.035283e-07 	 593
4.250000 	 9.457656e-07 2.999218e-07 8.352629e-07 	 1.161430e-08 1.017307e-07 7.895037e-08 	 9.573799e-07 4.016525e-07 9.142133e-07 	 877
4.750000 	 4.190529e-08 2.331649e-07 2.984421e-08 	 -5.765782e-08 -3.766850e-08 -4.547405e-08 	 -1.575254e-08 1.954964e-07 -1.562984e-08 	 904
5.250000 	 2.697021e-07 -1.247783e-06 2.042682e-07 	 1.129667e-07 -6.731412e-09 -1.129390e-07 	 3.826688e-07 -1.254514e-06 9.132922e-08 	 905
5.750000 	 9.982165e-07 -2.547712e-06 6.980757e-07 	 -2.805473e-07 9.168284e-08 3.275544e-09 	 7.176692e-07 -2.456029e-06 7.013512e-07 	 902
6.250000 	 -1.357126e-06 1.286690e-06 -3.845965e-07 	 7.891255e-08 5.364570e-08 -5.177614e-08 	 -1.278214e-06 1.340336e-06 -4.363727e-07 	 894
6.750000 	 -2.447715e-06 4.344323e-07 -1.094169e-07 	 4.857518e-08 1.443663e-08 9.189619e-08 	 -2.399140e-06 4.488689e-07 -1.752074e-08 	 907
7.250000 	 1.375950e-06 3.349234e-07 -4.308004e-07 	 -2.170694e-07 -1.233926e-07 8.610990e-08 	 1.158880e-06 2.115308e-07 -3.446905e-07 	 908
7.750000 	 -2.701265e-06 -4.494698e-07 3.362533e-07 	 2.699220e-07 6.014010e-08 -9.855929e-08 	 -2.431343e-06 -3.893297e-07 2.376940e-07 	 917
8.250000 	 7.669736e-07 -1.137046e-06 1.106029e-07 	 3.343920e-07 -1.399852e-07 2.238432e-08 	 1.101366e-06 -1.277031e-06 1.329873e-07 	 941
8.750000 	 2.235568e-06 -1.350561e-07 -3.643138e-07 	 -4.147874e-08 1.823990e-07 5.017412e-08 	 2.194089e-06 4.734291e-08 -3.141397e-07 	 892
9.250000 	 -2.360482e-06 1.855701e-06 1.827693e-06 	 -4.100550e-07 -7.413109e-08 1.696454e-07 	 -2.770537e-06 1.781570e-06 1.997338e-06 	 890
9.750000 	 -9.018238e-07 1.080452e-07 -1.426757e-06 	 -1.618595e-07 4.957966e-09 2.230432e-08 	 -1.063683e-06 1.130032e-07 -1.404453e-06 	 907
10.250000 	 5.062142e-07 -7.888946e-07 3.979272e-07 	 3.087722e-07 -5.093905e-08 5.885183e-08 	 8.149864e-07 -8.398336e-07 4.567791e-07 	 900
10.750000 	 -6.840327e-07 4.217587e-07 1.252556e-06 	 -1.297467e-07 -3.976684e-08 -1.176222e-07 	 -8.137794e-07 3.819919e-07 1.134934e-06 	 905
11.250000 	 1.139297e-06 3.023465e-07 -1.331600e-06 	 -1.183823e-06 -2.249781e-09 1.484781e-07 	 -4.452589e-08 3.000967e-07 -1.183122e-06 	 534
11.750000 	 -9.495149e-06 7.880313e-06 4.906550e-07 	 2.845641e-06 1.619188e-07 -1.536245e-08 	 -6.649508e-06 8.042232e-06 4.752925e-07 	 26
12.250000 	 0.000000e+00 0.000000e+00 0.000000e+00 	 0.000000e+00 0.000000e+00 0.000000e+00 	 0.000000e+00 0.000000e+00 0.000000e+00 	 0
12.750000 	 0.000000e+00 0.000000e+00 0.000000e+00 	 0.000000e+00 0.000000e+00 0.000000e+00 	 0.000000e+00 0.000000e+00 0.000000e+00 	 0
13.250000 	 0.000000e+00 0.000000e+00 0.000000e+00 	 0.000000e+00 0.000000e+00 0.000000e+00 	 0.000000e+00 0.000000e+00 0.000000e+00 	 0
13.750000 	 0.000000e+00 0.000000e+00 0.000000e+00 	 0.000000e+00 0.000000e+00 0.000000e+00 	 0.000000e+00 0.000000e+00 0.000000e+00 	 0
14.250000 	 0.000000e+00 0.000000e+00 0.000000e+00 	 0.000000e+00 0.000000e+00 0.000000e+00 	 0.000000e+00 0.000000e+00 0.000000e+00 	 0
14.750000 	 0.000000e+00 0.000000e+00 0.000000e+00 	 0.000000e+00 0.000000e+00 0.000000e+00 	 0.000000e+00 0.000000e+00 0.000000e+00 	 0
