# 1  2-4    5-7    8-10   11     
# x  dirEF  recEF  sumEF  #Sample
0.250000 	 0.000000e+00 0.000000e+00 0.000000e+00 	 0.000000e+00 0.000000e+00 0.000000e+00 	 0.000000e+00 0.000000e+00 0.000000e+00 	 0
0.750000 	 0.000000e+00 0.000000e+00 0.000000e+00 	 0.000000e+00 0.000000e+00 0.000000e+00 	 0.000000e+00 0.000000e+00 0.000000e+00 	 0
1.250000 	 0.000000e+00 0.000000e+00 0.000000e+00 	 0.000000e+00 0.000000e+00 0.000000e+00 	 0.000000e+00 0.000000e+00 0.000000e+00 	 0
1.750000 	 0.000000e+00 0.000000e+00 0.000000e+00 	 0.000000e+00 0.000000e+00 0.000000e+00 	 0.000000e+00 0.000000e+00 0.000000e+00 	 0
2.250000 	 0.000000e+00 0.000000e+00 0.000000e+00 	 0.000000e+00 0.000000e+00 0.000000e+00 	 0.000000e+00 0.000000e+00 0.000000e+00 	 0
2.750000 	 0.000000e+00 0.000000e+00 0.000000e+00 	 0.000000e+00 0.000000e+00 0.000000e+00 	 0.000000e+00 0.000000e+00 0.000000e+00 	 0
3.250000 	 1.122086e-05 8.617461e-07 7.080730e-06 	 1.273001e-13 2.018948e-14 -1.933588e-13 	 1.122086e-05 8.617461e-07 7.080729e-06 	 53
3.750000 	 -1.845494e-07 -1.920641e-06 -4.789701e-07 	 2.827392e-15 -3.128734e-14 3.911832e-14 	 -1.845494e-07 -1.920641e-06 -4.789700e-07 	 541
4.250000 	 -5.164088e-07 2.456235e-07 6.526798e-07 	 6.871860e-14 1.719288e-14 -3.042905e-14 	 -5.164088e-07 2.456235e-07 6.526798e-07 	 893
4.750000 	 -1.150755e-06 -1.151758e-06 -5.384847e-07 	 -8.079458e-14 -2.221576e-14 -4.004177e-14 	 -1.150755e-06 -1.151758e-06 -5.384848e-07 	 900
5.250000 	 3.757522e-07 2.469165e-07 -1.244195e-06 	 -1.131303e-13 -1.439516e-14 1.518527e-14 	 3.757521e-07 2.469165e-07 -1.244195e-06 	 922
5.750000 	 2.435953e-06 8.691825e-07 -1.147730e-06 	 4.752845e-15 -2.955006e-14 1.429269e-14 	 2.435953e-06 8.691825e-07 -1.147730e-06 	 906
6.250000 	 -9.140305e-07 -2.419308e-06 -3.201615e-07 	 -1.867090e-14 3.081166e-14 2.658164e-14 	 -9.140305e-07 -2.419308e-06 -3.201615e-07 	 899
6.750000 	 -8.158250e-07 -7.480371e-07 3.324399e-07 	 2.539707e-14 -3.670401e-14 2.512177e-14 	 -8.158250e-07 -7.480371e-07 3.324399e-07 	 921
7.250000 	 -1.487066e-06 8.524980e-08 2.178141e-07 	 5.703196e-14 1.662143e-14 -5.855990e-14 	 -1.487066e-06 8.524982e-08 2.178141e-07 	 907
7.750000 	 -2.156011e-07 2.036265e-06 -1.771096e-06 	 1.671797e-14 -1.776284e-14 -2.709381e-14 	 -2.156010e-07 2.036265e-06 -1.771096e-06 	 895
8.250000 	 -6.827001e-07 9.188181e-08 -6.234983e-07 	 -6.267196e-14 3.895918e-14 -1.151840e-14 	 -6.827002e-07 9.188185e-08 -6.234983e-07 	 913
8.750000 	 2.380020e-06 1.612569e-06 4.295492e-08 	 -4.723940e-14 2.485086e-14 1.380542e-14 	 2.380020e-06 1.612569e-06 4.295493e-08 	 885
9.250000 	 -1.607718e-06 2.434899e-07 -9.715704e-07 	 -9.810286e-15 4.852723e-14 3.237510e-14 	 -1.607718e-06 2.434899e-07 -9.715704e-07 	 917
9.750000 	 6.917645e-07 1.954782e-06 7.982708e-09 	 -3.266628e-14 -8.455261e-15 -1.709131e-14 	 6.917645e-07 1.954782e-06 7.982691e-09 	 907
10.250000 	 -5.139851e-07 -2.065582e-06 1.560048e-06 	 9.263991e-14 6.151386e-14 3.532744e-15 	 -5.139851e-07 -2.065582e-06 1.560048e-06 	 900
10.750000 	 -4.410064e-07 -1.068456e-06 -1.042436e-06 	 -9.354676e-15 -2.168346e-14 -1.196386e-14 	 -4.410064e-07 -1.068456e-06 -1.042436e-06 	 894
11.250000 	 -1.438732e-07 -3.037525e-07 -1.337749e-06 	 -1.150875e-13 3.691821e-14 -2.590567e-14 	 -1.438733e-07 -3.037524e-07 -1.337749e-06 	 516
11.750000 	 1.191580e-06 7.444287e-07 5.227752e-06 	 -2.088800e-13 -1.943162e-14 -4.289184e-15 	 1.191580e-06 7.444287e-07 5.227752e-06 	 54
12.250000 	 1.127165e-05 6.215272e-06 -4.545364e-06 	 2.602196e-12 2.521872e-13 3.761956e-13 	 1.127165e-05 6.215272e-06 -4.545364e-06 	 1
12.750000 	 0.000000e+00 0.000000e+00 0.000000e+00 	 0.000000e+00 0.000000e+00 0.000000e+00 	 0.000000e+00 0.000000e+00 0.000000e+00 	 0
13.250000 	 0.000000e+00 0.000000e+00 0.000000e+00 	 0.000000e+00 0.000000e+00 0.000000e+00 	 0.000000e+00 0.000000e+00 0.000000e+00 	 0
13.750000 	 0.000000e+00 0.000000e+00 0.000000e+00 	 0.000000e+00 0.000000e+00 0.000000e+00 	 0.000000e+00 0.000000e+00 0.000000e+00 	 0
14.250000 	 0.000000e+00 0.000000e+00 0.000000e+00 	 0.000000e+00 0.000000e+00 0.000000e+00 	 0.000000e+00 0.000000e+00 0.000000e+00 	 0
14.750000 	 0.000000e+00 0.000000e+00 0.000000e+00 	 0.000000e+00 0.000000e+00 0.000000e+00 	 0.000000e+00 0.000000e+00 0.000000e+00 	 0
