# 1  2-4    5-7    8-10   11     
# x  dirEF  recEF  sumEF  #Sample
0.250000 	 0.000000e+00 0.000000e+00 0.000000e+00 	 0.000000e+00 0.000000e+00 0.000000e+00 	 0.000000e+00 0.000000e+00 0.000000e+00 	 0
0.750000 	 0.000000e+00 0.000000e+00 0.000000e+00 	 0.000000e+00 0.000000e+00 0.000000e+00 	 0.000000e+00 0.000000e+00 0.000000e+00 	 0
1.250000 	 0.000000e+00 0.000000e+00 0.000000e+00 	 0.000000e+00 0.000000e+00 0.000000e+00 	 0.000000e+00 0.000000e+00 0.000000e+00 	 0
1.750000 	 2.619736e-10 -9.727330e-12 -2.300737e-11 	 -1.716044e-10 6.878623e-10 -1.941474e-09 	 9.036683e-11 6.781349e-10 -1.964480e-09 	 1
2.250000 	 0.000000e+00 0.000000e+00 0.000000e+00 	 0.000000e+00 0.000000e+00 0.000000e+00 	 0.000000e+00 0.000000e+00 0.000000e+00 	 0
2.750000 	 0.000000e+00 0.000000e+00 0.000000e+00 	 0.000000e+00 0.000000e+00 0.000000e+00 	 0.000000e+00 0.000000e+00 0.000000e+00 	 0
3.250000 	 7.574528e-06 6.064701e-06 1.009044e-07 	 6.545244e-06 -3.730453e-06 1.020562e-06 	 1.411977e-05 2.334248e-06 1.121466e-06 	 29
3.750000 	 -3.210437e-07 -4.754187e-07 -1.063942e-06 	 2.753781e-06 2.005568e-07 2.743505e-06 	 2.432737e-06 -2.748619e-07 1.679563e-06 	 565
4.250000 	 2.349277e-06 -2.026339e-06 7.005496e-07 	 -1.592897e-06 1.112714e-07 -1.287128e-06 	 7.563799e-07 -1.915067e-06 -5.865788e-07 	 898
4.750000 	 -9.313994e-07 1.230273e-06 7.535886e-07 	 5.706936e-07 -1.262198e-06 7.045513e-07 	 -3.607058e-07 -3.192560e-08 1.458140e-06 	 896
5.250000 	 -2.043851e-07 -6.265498e-08 -1.157580e-06 	 3.096316e-07 2.054029e-07 2.034648e-07 	 1.052465e-07 1.427479e-07 -9.541156e-07 	 909
5.750000 	 -8.953703e-09 -1.569561e-06 1.193544e-06 	 -2.007988e-07 -9.472429e-07 -3.441944e-07 	 -2.097525e-07 -2.516804e-06 8.493495e-07 	 913
6.250000 	 -8.702374e-07 4.591539e-07 5.148145e-07 	 9.261032e-07 -1.019628e-06 4.824689e-07 	 5.586584e-08 -5.604740e-07 9.972834e-07 	 912
6.750000 	 -1.383577e-06 -1.730143e-06 -1.571496e-06 	 -2.860945e-06 -2.425255e-07 -8.484413e-07 	 -4.244523e-06 -1.972669e-06 -2.419937e-06 	 876
7.250000 	 -4.838078e-07 5.705902e-07 1.351705e-06 	 3.145449e-07 -3.567611e-07 -1.679854e-07 	 -1.692629e-07 2.138291e-07 1.183720e-06 	 922
7.750000 	 1.738050e-06 -3.412345e-08 8.863804e-07 	 2.885830e-06 -7.348968e-07 3.008766e-07 	 4.623881e-06 -7.690202e-07 1.187257e-06 	 918
8.250000 	 -1.712276e-06 -9.732553e-07 -3.345411e-07 	 -1.451410e-06 7.168219e-07 8.704589e-07 	 -3.163686e-06 -2.564334e-07 5.359178e-07 	 894
8.750000 	 -5.563683e-07 2.153577e-06 -2.194845e-06 	 9.986745e-07 -1.128978e-06 -1.868069e-06 	 4.423062e-07 1.024600e-06 -4.062915e-06 	 913
9.250000 	 2.804091e-06 -1.579394e-06 8.774505e-07 	 -2.398417e-06 -1.314917e-06 -1.034778e-06 	 4.056736e-07 -2.894312e-06 -1.573277e-07 	 919
9.750000 	 1.499673e-06 8.739502e-08 -1.072955e-06 	 2.267103e-06 8.636020e-07 -4.496287e-07 	 3.766776e-06 9.509970e-07 -1.522584e-06 	 888
10.250000 	 -1.268803e-07 7.623131e-07 1.410748e-06 	 -2.496252e-06 -9.631024e-08 -1.970331e-06 	 -2.623132e-06 6.660029e-07 -5.595824e-07 	 930
10.750000 	 -1.810774e-06 2.698541e-07 2.766299e-06 	 9.870460e-07 -3.667833e-07 -1.944779e-07 	 -8.237282e-07 -9.692926e-08 2.571821e-06 	 881
11.250000 	 -9.833506e-07 -8.086717e-07 -9.256698e-07 	 -4.443005e-07 2.906333e-07 4.195998e-07 	 -1.427651e-06 -5.180384e-07 -5.060699e-07 	 522
11.750000 	 1.604945e-06 -9.561579e-06 2.552321e-07 	 3.904285e-06 -4.109876e-06 -2.827179e-06 	 5.509230e-06 -1.367145e-05 -2.571946e-06 	 37
12.250000 	 0.000000e+00 0.000000e+00 0.000000e+00 	 0.000000e+00 0.000000e+00 0.000000e+00 	 0.000000e+00 0.000000e+00 0.000000e+00 	 0
12.750000 	 0.000000e+00 0.000000e+00 0.000000e+00 	 0.000000e+00 0.000000e+00 0.000000e+00 	 0.000000e+00 0.000000e+00 0.000000e+00 	 0
13.250000 	 -1.443840e-07 -1.650071e-08 -2.897850e-08 	 1.691744e-08 -6.554230e-10 1.038322e-09 	 -1.274666e-07 -1.715613e-08 -2.794018e-08 	 1
13.750000 	 0.000000e+00 0.000000e+00 0.000000e+00 	 0.000000e+00 0.000000e+00 0.000000e+00 	 0.000000e+00 0.000000e+00 0.000000e+00 	 0
14.250000 	 0.000000e+00 0.000000e+00 0.000000e+00 	 0.000000e+00 0.000000e+00 0.000000e+00 	 0.000000e+00 0.000000e+00 0.000000e+00 	 0
14.750000 	 0.000000e+00 0.000000e+00 0.000000e+00 	 0.000000e+00 0.000000e+00 0.000000e+00 	 0.000000e+00 0.000000e+00 0.000000e+00 	 0
