# 1  2-4    5-7    8-10   11     
# x  dirEF  recEF  sumEF  #Sample
0.250000 	 0.000000e+00 0.000000e+00 0.000000e+00 	 0.000000e+00 0.000000e+00 0.000000e+00 	 0.000000e+00 0.000000e+00 0.000000e+00 	 0
0.750000 	 0.000000e+00 0.000000e+00 0.000000e+00 	 0.000000e+00 0.000000e+00 0.000000e+00 	 0.000000e+00 0.000000e+00 0.000000e+00 	 0
1.250000 	 0.000000e+00 0.000000e+00 0.000000e+00 	 0.000000e+00 0.000000e+00 0.000000e+00 	 0.000000e+00 0.000000e+00 0.000000e+00 	 0
1.750000 	 0.000000e+00 0.000000e+00 0.000000e+00 	 0.000000e+00 0.000000e+00 0.000000e+00 	 0.000000e+00 0.000000e+00 0.000000e+00 	 0
2.250000 	 0.000000e+00 0.000000e+00 0.000000e+00 	 0.000000e+00 0.000000e+00 0.000000e+00 	 0.000000e+00 0.000000e+00 0.000000e+00 	 0
2.750000 	 0.000000e+00 0.000000e+00 0.000000e+00 	 0.000000e+00 0.000000e+00 0.000000e+00 	 0.000000e+00 0.000000e+00 0.000000e+00 	 0
3.250000 	 8.467965e-06 -2.791949e-06 9.273578e-08 	 -1.257985e-06 2.860734e-06 -4.700340e-07 	 7.209980e-06 6.878489e-08 -3.772982e-07 	 16
3.750000 	 -1.400636e-06 -1.633529e-06 -1.127085e-06 	 3.017336e-07 -4.014285e-07 6.012352e-07 	 -1.098902e-06 -2.034957e-06 -5.258496e-07 	 573
4.250000 	 -2.056603e-07 -1.488506e-06 -3.419975e-08 	 2.471833e-07 -3.255666e-07 3.758607e-07 	 4.152300e-08 -1.814072e-06 3.416610e-07 	 899
4.750000 	 5.570514e-07 1.695034e-06 4.081600e-07 	 -1.893702e-07 -9.538004e-08 -3.251138e-07 	 3.676812e-07 1.599654e-06 8.304617e-08 	 923
5.250000 	 1.800577e-06 1.322865e-06 -1.149388e-06 	 -6.021832e-08 -8.863568e-07 -8.588261e-07 	 1.740359e-06 4.365077e-07 -2.008215e-06 	 901
5.750000 	 2.258229e-07 -7.562908e-07 -1.827175e-06 	 6.679325e-08 1.933663e-07 -6.148796e-07 	 2.926162e-07 -5.629246e-07 -2.442055e-06 	 902
6.250000 	 -1.485815e-07 -9.273257e-07 -8.123589e-07 	 -3.501373e-08 7.737628e-07 8.739279e-07 	 -1.835952e-07 -1.535629e-07 6.156891e-08 	 906
6.750000 	 7.259898e-07 -2.720058e-07 1.289055e-06 	 -9.958543e-08 6.308896e-07 1.808519e-07 	 6.264044e-07 3.588837e-07 1.469907e-06 	 911
7.250000 	 -1.825972e-06 -4.220228e-07 -2.065170e-07 	 2.002353e-07 6.531600e-07 2.971030e-07 	 -1.625736e-06 2.311372e-07 9.058601e-08 	 883
7.750000 	 1.869910e-06 1.634331e-06 -3.803349e-07 	 -1.169571e-07 3.408459e-08 -6.217521e-08 	 1.752953e-06 1.668416e-06 -4.425101e-07 	 922
8.250000 	 1.045291e-06 -6.768323e-07 1.917398e-06 	 -2.181119e-07 -2.974123e-07 -8.643977e-07 	 8.271791e-07 -9.742446e-07 1.053001e-06 	 909
8.750000 	 1.451596e-06 -3.375385e-07 -2.924248e-06 	 1.217864e-07 -1.047687e-06 -1.412665e-07 	 1.573383e-06 -1.385225e-06 -3.065515e-06 	 891
9.250000 	 -6.357372e-08 -2.251105e-07 5.593066e-07 	 -7.542913e-08 -7.925464e-07 -3.979675e-07 	 -1.390029e-07 -1.017657e-06 1.613391e-07 	 912
9.750000 	 -2.644022e-06 4.382551e-07 -1.114701e-06 	 -2.184908e-07 3.667381e-07 4.075194e-07 	 -2.862513e-06 8.049932e-07 -7.071813e-07 	 905
10.250000 	 1.113306e-07 3.056665e-07 -6.249449e-07 	 -1.654677e-07 -1.618049e-07 5.588675e-07 	 -5.413713e-08 1.438617e-07 -6.607737e-08 	 918
10.750000 	 -2.714509e-07 -4.005180e-07 7.052172e-07 	 9.967621e-08 5.424964e-07 2.068662e-07 	 -1.717747e-07 1.419784e-07 9.120834e-07 	 893
11.250000 	 9.529371e-07 9.714767e-07 -2.349646e-06 	 -5.053164e-07 1.377301e-07 1.721916e-07 	 4.476207e-07 1.109207e-06 -2.177455e-06 	 539
11.750000 	 4.641012e-06 -1.430850e-05 3.441336e-06 	 4.041838e-06 -1.834767e-06 5.582414e-07 	 8.682850e-06 -1.614327e-05 3.999577e-06 	 21
12.250000 	 0.000000e+00 0.000000e+00 0.000000e+00 	 0.000000e+00 0.000000e+00 0.000000e+00 	 0.000000e+00 0.000000e+00 0.000000e+00 	 0
12.750000 	 0.000000e+00 0.000000e+00 0.000000e+00 	 0.000000e+00 0.000000e+00 0.000000e+00 	 0.000000e+00 0.000000e+00 0.000000e+00 	 0
13.250000 	 0.000000e+00 0.000000e+00 0.000000e+00 	 0.000000e+00 0.000000e+00 0.000000e+00 	 0.000000e+00 0.000000e+00 0.000000e+00 	 0
13.750000 	 0.000000e+00 0.000000e+00 0.000000e+00 	 0.000000e+00 0.000000e+00 0.000000e+00 	 0.000000e+00 0.000000e+00 0.000000e+00 	 0
14.250000 	 0.000000e+00 0.000000e+00 0.000000e+00 	 0.000000e+00 0.000000e+00 0.000000e+00 	 0.000000e+00 0.000000e+00 0.000000e+00 	 0
14.750000 	 0.000000e+00 0.000000e+00 0.000000e+00 	 0.000000e+00 0.000000e+00 0.000000e+00 	 0.000000e+00 0.000000e+00 0.000000e+00 	 0
