# 1  2-4    5-7    8-10   11     
# x  dirEF  recEF  sumEF  #Sample
0.250000 	 0.000000e+00 0.000000e+00 0.000000e+00 	 0.000000e+00 0.000000e+00 0.000000e+00 	 0.000000e+00 0.000000e+00 0.000000e+00 	 0
0.750000 	 0.000000e+00 0.000000e+00 0.000000e+00 	 -1.480863e-05 1.578207e-07 -2.743899e-05 	 -1.480863e-05 1.578207e-07 -2.743899e-05 	 1
1.250000 	 0.000000e+00 0.000000e+00 0.000000e+00 	 0.000000e+00 0.000000e+00 0.000000e+00 	 0.000000e+00 0.000000e+00 0.000000e+00 	 0
1.750000 	 0.000000e+00 0.000000e+00 0.000000e+00 	 0.000000e+00 0.000000e+00 0.000000e+00 	 0.000000e+00 0.000000e+00 0.000000e+00 	 0
2.250000 	 0.000000e+00 0.000000e+00 0.000000e+00 	 0.000000e+00 0.000000e+00 0.000000e+00 	 0.000000e+00 0.000000e+00 0.000000e+00 	 0
2.750000 	 0.000000e+00 0.000000e+00 0.000000e+00 	 0.000000e+00 0.000000e+00 0.000000e+00 	 0.000000e+00 0.000000e+00 0.000000e+00 	 0
3.250000 	 4.726856e-06 8.059640e-06 -7.138627e-07 	 9.597047e-08 -9.549772e-08 -4.570892e-06 	 4.822826e-06 7.964142e-06 -5.284755e-06 	 48
3.750000 	 -8.417080e-07 -4.517973e-07 -1.745683e-06 	 3.705275e-06 9.171201e-07 -4.437643e-07 	 2.863567e-06 4.653227e-07 -2.189447e-06 	 592
4.250000 	 -1.556320e-06 -1.666356e-07 3.154657e-06 	 -8.219478e-07 -5.793006e-07 -1.500077e-07 	 -2.378268e-06 -7.459362e-07 3.004649e-06 	 871
4.750000 	 8.283221e-07 -9.378968e-07 -4.872061e-07 	 8.476245e-07 -3.684053e-07 6.276067e-07 	 1.675947e-06 -1.306302e-06 1.404006e-07 	 896
5.250000 	 9.664046e-07 1.260865e-06 -6.257159e-07 	 -3.339655e-08 -1.198894e-08 -1.642263e-07 	 9.330080e-07 1.248876e-06 -7.899422e-07 	 882
5.750000 	 1.316688e-06 -1.243536e-06 -6.437623e-07 	 -1.068682e-06 -9.341318e-07 -4.296275e-07 	 2.480057e-07 -2.177668e-06 -1.073390e-06 	 907
6.250000 	 1.514298e-06 -3.211733e-07 1.654135e-07 	 1.396434e-06 -2.988102e-07 -8.596339e-07 	 2.910732e-06 -6.199835e-07 -6.942204e-07 	 915
6.750000 	 2.656015e-06 7.849955e-07 7.853597e-07 	 2.530409e-06 -2.078781e-07 3.636230e-07 	 5.186424e-06 5.771174e-07 1.148983e-06 	 917
7.250000 	 -1.422596e-06 -1.314177e-06 -2.460709e-06 	 -2.819309e-06 -5.292563e-07 -2.212144e-07 	 -4.241905e-06 -1.843433e-06 -2.681923e-06 	 890
7.750000 	 -3.170858e-07 1.104103e-06 1.434892e-07 	 -1.467052e-06 -4.543390e-08 8.312574e-07 	 -1.784138e-06 1.058669e-06 9.747466e-07 	 921
8.250000 	 -1.246443e-06 -1.055024e-06 1.538621e-06 	 8.413410e-07 -2.452617e-08 4.056984e-08 	 -4.051019e-07 -1.079550e-06 1.579190e-06 	 881
8.750000 	 -2.777452e-07 -1.862530e-07 4.585813e-07 	 -9.878494e-07 1.794363e-07 6.749767e-07 	 -1.265595e-06 -6.816723e-09 1.133558e-06 	 920
9.250000 	 -1.135177e-06 1.540534e-06 1.451525e-07 	 7.492683e-07 -7.313511e-08 2.673774e-07 	 -3.859089e-07 1.467399e-06 4.125299e-07 	 912
9.750000 	 1.040935e-07 -9.537838e-07 -1.132857e-07 	 -4.259769e-07 5.999900e-07 4.414146e-07 	 -3.218834e-07 -3.537937e-07 3.281289e-07 	 894
10.250000 	 -7.129897e-07 -1.478646e-06 -1.427757e-06 	 -7.103097e-07 -8.145968e-07 2.993347e-07 	 -1.423299e-06 -2.293242e-06 -1.128422e-06 	 926
10.750000 	 1.039723e-06 7.484435e-07 6.864811e-07 	 2.076355e-06 2.630289e-08 3.180502e-07 	 3.116078e-06 7.747464e-07 1.004531e-06 	 879
11.250000 	 -1.037294e-06 -3.035573e-08 1.658564e-06 	 -4.543014e-06 -8.081335e-07 -4.786169e-07 	 -5.580308e-06 -8.384892e-07 1.179947e-06 	 537
11.750000 	 -5.875201e-06 6.404271e-06 -8.471275e-07 	 3.135362e-06 -5.152317e-06 6.191783e-06 	 -2.739839e-06 1.251954e-06 5.344656e-06 	 34
12.250000 	 0.000000e+00 0.000000e+00 0.000000e+00 	 0.000000e+00 0.000000e+00 0.000000e+00 	 0.000000e+00 0.000000e+00 0.000000e+00 	 0
12.750000 	 0.000000e+00 0.000000e+00 0.000000e+00 	 0.000000e+00 0.000000e+00 0.000000e+00 	 0.000000e+00 0.000000e+00 0.000000e+00 	 0
13.250000 	 0.000000e+00 0.000000e+00 0.000000e+00 	 0.000000e+00 0.000000e+00 0.000000e+00 	 0.000000e+00 0.000000e+00 0.000000e+00 	 0
13.750000 	 0.000000e+00 0.000000e+00 0.000000e+00 	 0.000000e+00 0.000000e+00 0.000000e+00 	 0.000000e+00 0.000000e+00 0.000000e+00 	 0
14.250000 	 0.000000e+00 0.000000e+00 0.000000e+00 	 0.000000e+00 0.000000e+00 0.000000e+00 	 0.000000e+00 0.000000e+00 0.000000e+00 	 0
14.750000 	 0.000000e+00 0.000000e+00 0.000000e+00 	 1.681154e-05 1.899170e-05 -3.769924e-05 	 1.681154e-05 1.899170e-05 -3.769924e-05 	 1
