# 1  2-4    5-7    8-10   11     
# x  dirEF  recEF  sumEF  #Sample
0.250000 	 0.000000e+00 0.000000e+00 0.000000e+00 	 0.000000e+00 0.000000e+00 0.000000e+00 	 0.000000e+00 0.000000e+00 0.000000e+00 	 0
0.750000 	 0.000000e+00 0.000000e+00 0.000000e+00 	 0.000000e+00 0.000000e+00 0.000000e+00 	 0.000000e+00 0.000000e+00 0.000000e+00 	 0
1.250000 	 0.000000e+00 0.000000e+00 0.000000e+00 	 0.000000e+00 0.000000e+00 0.000000e+00 	 0.000000e+00 0.000000e+00 0.000000e+00 	 0
1.750000 	 0.000000e+00 0.000000e+00 0.000000e+00 	 0.000000e+00 0.000000e+00 0.000000e+00 	 0.000000e+00 0.000000e+00 0.000000e+00 	 0
2.250000 	 0.000000e+00 0.000000e+00 0.000000e+00 	 0.000000e+00 0.000000e+00 0.000000e+00 	 0.000000e+00 0.000000e+00 0.000000e+00 	 0
2.750000 	 0.000000e+00 0.000000e+00 0.000000e+00 	 0.000000e+00 0.000000e+00 0.000000e+00 	 0.000000e+00 0.000000e+00 0.000000e+00 	 0
3.250000 	 2.679842e-06 -4.942171e-06 -1.398503e-06 	 -2.918249e-06 2.113653e-06 -1.681596e-06 	 -2.384072e-07 -2.828518e-06 -3.080098e-06 	 14
3.750000 	 4.433060e-07 6.907015e-07 -7.098559e-07 	 8.408123e-07 -7.914797e-07 2.761973e-07 	 1.284118e-06 -1.007782e-07 -4.336587e-07 	 574
4.250000 	 -1.314487e-07 -1.605023e-07 -1.809035e-06 	 -1.917458e-07 -2.174048e-07 7.642081e-07 	 -3.231945e-07 -3.779072e-07 -1.044827e-06 	 912
4.750000 	 -1.444364e-06 -1.408409e-06 8.192453e-07 	 -3.483883e-07 -1.401514e-07 1.888971e-07 	 -1.792753e-06 -1.548560e-06 1.008142e-06 	 903
5.250000 	 3.141088e-06 8.702432e-07 1.092527e-06 	 4.170579e-07 -1.260227e-07 7.631557e-07 	 3.558146e-06 7.442204e-07 1.855683e-06 	 894
5.750000 	 5.190396e-07 -1.008657e-06 -2.594196e-07 	 -8.328234e-08 4.217302e-07 6.025688e-07 	 4.357572e-07 -5.869265e-07 3.431492e-07 	 906
6.250000 	 -1.052261e-06 1.224795e-07 2.234393e-06 	 -3.756932e-07 1.739365e-06 1.836736e-07 	 -1.427954e-06 1.861844e-06 2.418067e-06 	 904
6.750000 	 -3.950725e-08 1.279166e-06 1.653891e-06 	 -3.156171e-10 2.484283e-07 -6.319693e-07 	 -3.982287e-08 1.527594e-06 1.021921e-06 	 903
7.250000 	 4.907155e-07 3.933470e-08 -5.010684e-06 	 3.046091e-07 3.384975e-07 1.148543e-06 	 7.953246e-07 3.778322e-07 -3.862142e-06 	 910
7.750000 	 -9.154387e-07 9.295440e-08 1.855554e-07 	 -7.000136e-07 -8.096793e-07 -3.894107e-07 	 -1.615452e-06 -7.167249e-07 -2.038553e-07 	 895
8.250000 	 1.821369e-06 -1.257328e-07 3.839827e-07 	 6.904715e-08 -3.705666e-07 6.528492e-07 	 1.890416e-06 -4.962993e-07 1.036832e-06 	 926
8.750000 	 -1.463007e-06 -9.393335e-07 1.313667e-06 	 -1.853608e-07 5.431171e-07 -9.991157e-08 	 -1.648368e-06 -3.962164e-07 1.213756e-06 	 896
9.250000 	 -9.286189e-07 1.539451e-06 -1.494684e-06 	 6.072417e-07 3.744460e-07 -1.528628e-07 	 -3.213772e-07 1.913897e-06 -1.647547e-06 	 914
9.750000 	 1.535880e-07 -5.625398e-07 -1.708443e-06 	 -2.116962e-07 3.853066e-08 -3.345815e-07 	 -5.810820e-08 -5.240091e-07 -2.043024e-06 	 921
10.250000 	 -1.376072e-06 -6.147670e-07 2.348264e-06 	 4.929787e-10 1.295455e-07 -4.090434e-07 	 -1.375579e-06 -4.852216e-07 1.939220e-06 	 910
10.750000 	 -1.610953e-06 3.038680e-07 3.938097e-07 	 -3.309863e-07 1.027623e-06 1.739318e-07 	 -1.941939e-06 1.331491e-06 5.677415e-07 	 910
11.250000 	 2.105319e-06 -1.841531e-07 -1.792007e-06 	 8.460954e-08 1.023424e-06 4.524914e-07 	 2.189929e-06 8.392710e-07 -1.339516e-06 	 512
11.750000 	 9.727068e-06 -2.817194e-07 6.422252e-06 	 2.801152e-06 2.350572e-06 1.653196e-06 	 1.252822e-05 2.068853e-06 8.075448e-06 	 20
12.250000 	 0.000000e+00 0.000000e+00 0.000000e+00 	 0.000000e+00 0.000000e+00 0.000000e+00 	 0.000000e+00 0.000000e+00 0.000000e+00 	 0
12.750000 	 0.000000e+00 0.000000e+00 0.000000e+00 	 0.000000e+00 0.000000e+00 0.000000e+00 	 0.000000e+00 0.000000e+00 0.000000e+00 	 0
13.250000 	 0.000000e+00 0.000000e+00 0.000000e+00 	 0.000000e+00 0.000000e+00 0.000000e+00 	 0.000000e+00 0.000000e+00 0.000000e+00 	 0
13.750000 	 0.000000e+00 0.000000e+00 0.000000e+00 	 0.000000e+00 0.000000e+00 0.000000e+00 	 0.000000e+00 0.000000e+00 0.000000e+00 	 0
14.250000 	 0.000000e+00 0.000000e+00 0.000000e+00 	 0.000000e+00 0.000000e+00 0.000000e+00 	 0.000000e+00 0.000000e+00 0.000000e+00 	 0
14.750000 	 0.000000e+00 0.000000e+00 0.000000e+00 	 0.000000e+00 0.000000e+00 0.000000e+00 	 0.000000e+00 0.000000e+00 0.000000e+00 	 0
