# 1  2-4    5-7    8-10   11     
# x  dirEF  recEF  sumEF  #Sample
0.250000 	 0.000000e+00 0.000000e+00 0.000000e+00 	 0.000000e+00 0.000000e+00 0.000000e+00 	 0.000000e+00 0.000000e+00 0.000000e+00 	 0
0.750000 	 0.000000e+00 0.000000e+00 0.000000e+00 	 0.000000e+00 0.000000e+00 0.000000e+00 	 0.000000e+00 0.000000e+00 0.000000e+00 	 0
1.250000 	 0.000000e+00 0.000000e+00 0.000000e+00 	 0.000000e+00 0.000000e+00 0.000000e+00 	 0.000000e+00 0.000000e+00 0.000000e+00 	 0
1.750000 	 0.000000e+00 0.000000e+00 0.000000e+00 	 0.000000e+00 0.000000e+00 0.000000e+00 	 0.000000e+00 0.000000e+00 0.000000e+00 	 0
2.250000 	 0.000000e+00 0.000000e+00 0.000000e+00 	 0.000000e+00 0.000000e+00 0.000000e+00 	 0.000000e+00 0.000000e+00 0.000000e+00 	 0
2.750000 	 0.000000e+00 0.000000e+00 0.000000e+00 	 0.000000e+00 0.000000e+00 0.000000e+00 	 0.000000e+00 0.000000e+00 0.000000e+00 	 0
3.250000 	 -1.850354e-06 6.234310e-06 -2.580080e-06 	 -2.598512e-06 2.258401e-07 -1.294736e-06 	 -4.448865e-06 6.460150e-06 -3.874816e-06 	 33
3.750000 	 -5.072827e-07 8.055417e-08 2.887653e-06 	 6.347385e-07 -1.059095e-07 3.455678e-08 	 1.274558e-07 -2.535529e-08 2.922209e-06 	 564
4.250000 	 -1.469058e-06 1.208240e-06 -3.926556e-07 	 2.093567e-07 1.003305e-07 5.607798e-08 	 -1.259702e-06 1.308570e-06 -3.365776e-07 	 897
4.750000 	 -7.563651e-07 -8.027203e-07 -9.937757e-08 	 -3.214928e-08 1.187327e-07 -1.495296e-07 	 -7.885144e-07 -6.839876e-07 -2.489071e-07 	 915
5.250000 	 2.525163e-06 -3.370086e-07 7.483527e-07 	 -1.044905e-09 8.874663e-09 1.613867e-08 	 2.524118e-06 -3.281340e-07 7.644914e-07 	 899
5.750000 	 -4.659275e-07 9.324525e-07 -2.261484e-06 	 1.006197e-08 3.436939e-08 1.454165e-08 	 -4.558655e-07 9.668219e-07 -2.246942e-06 	 927
6.250000 	 -7.489223e-07 -9.843460e-07 2.324559e-07 	 4.007286e-07 7.692852e-08 4.102768e-08 	 -3.481937e-07 -9.074175e-07 2.734836e-07 	 902
6.750000 	 -1.041112e-06 3.606875e-07 -7.779397e-07 	 -5.956394e-07 -2.139190e-08 3.450177e-08 	 -1.636751e-06 3.392956e-07 -7.434380e-07 	 904
7.250000 	 2.826486e-07 -1.480619e-06 -9.910936e-07 	 1.345079e-07 -1.064020e-07 -3.400661e-08 	 4.171565e-07 -1.587021e-06 -1.025100e-06 	 906
7.750000 	 -9.906370e-07 1.035129e-06 4.116745e-08 	 -4.398162e-08 9.321986e-08 2.228206e-08 	 -1.034619e-06 1.128349e-06 6.344951e-08 	 890
8.250000 	 -1.024199e-06 2.749793e-06 4.358312e-07 	 6.435965e-08 -4.494819e-10 4.549659e-09 	 -9.598398e-07 2.749343e-06 4.403809e-07 	 909
8.750000 	 2.251753e-08 2.280268e-07 -9.829368e-07 	 6.861692e-08 -2.287398e-08 3.254267e-08 	 9.113445e-08 2.051528e-07 -9.503941e-07 	 891
9.250000 	 3.119464e-06 1.194024e-06 -2.066284e-07 	 9.272383e-08 5.570734e-08 -1.612287e-07 	 3.212188e-06 1.249732e-06 -3.678571e-07 	 911
9.750000 	 -1.717955e-06 7.196860e-07 1.020471e-07 	 -3.512356e-07 -1.018930e-07 8.854584e-08 	 -2.069190e-06 6.177930e-07 1.905929e-07 	 897
10.250000 	 -4.567706e-07 -4.096532e-07 -1.884423e-07 	 1.411065e-07 -1.220215e-07 -6.573868e-08 	 -3.156641e-07 -5.316747e-07 -2.541809e-07 	 882
10.750000 	 -3.911310e-07 -1.294298e-06 1.300071e-06 	 -3.904639e-08 -6.885683e-08 -5.184071e-08 	 -4.301774e-07 -1.363155e-06 1.248230e-06 	 914
11.250000 	 1.094467e-06 2.523080e-06 5.095682e-07 	 -9.674599e-07 -2.422688e-07 3.126464e-07 	 1.270071e-07 2.280811e-06 8.222146e-07 	 559
11.750000 	 -9.054110e-06 4.863728e-06 -3.312029e-06 	 6.775649e-07 7.731785e-09 2.004380e-06 	 -8.376545e-06 4.871460e-06 -1.307649e-06 	 24
12.250000 	 0.000000e+00 0.000000e+00 0.000000e+00 	 0.000000e+00 0.000000e+00 0.000000e+00 	 0.000000e+00 0.000000e+00 0.000000e+00 	 0
12.750000 	 0.000000e+00 0.000000e+00 0.000000e+00 	 0.000000e+00 0.000000e+00 0.000000e+00 	 0.000000e+00 0.000000e+00 0.000000e+00 	 0
13.250000 	 0.000000e+00 0.000000e+00 0.000000e+00 	 0.000000e+00 0.000000e+00 0.000000e+00 	 0.000000e+00 0.000000e+00 0.000000e+00 	 0
13.750000 	 0.000000e+00 0.000000e+00 0.000000e+00 	 0.000000e+00 0.000000e+00 0.000000e+00 	 0.000000e+00 0.000000e+00 0.000000e+00 	 0
14.250000 	 0.000000e+00 0.000000e+00 0.000000e+00 	 0.000000e+00 0.000000e+00 0.000000e+00 	 0.000000e+00 0.000000e+00 0.000000e+00 	 0
14.750000 	 0.000000e+00 0.000000e+00 0.000000e+00 	 0.000000e+00 0.000000e+00 0.000000e+00 	 0.000000e+00 0.000000e+00 0.000000e+00 	 0
