# 1  2-4    5-7    8-10   11     
# x  dirEF  recEF  sumEF  #Sample
0.250000 	 0.000000e+00 0.000000e+00 0.000000e+00 	 0.000000e+00 0.000000e+00 0.000000e+00 	 0.000000e+00 0.000000e+00 0.000000e+00 	 0
0.750000 	 0.000000e+00 0.000000e+00 0.000000e+00 	 0.000000e+00 0.000000e+00 0.000000e+00 	 0.000000e+00 0.000000e+00 0.000000e+00 	 0
1.250000 	 0.000000e+00 0.000000e+00 0.000000e+00 	 0.000000e+00 0.000000e+00 0.000000e+00 	 0.000000e+00 0.000000e+00 0.000000e+00 	 0
1.750000 	 0.000000e+00 0.000000e+00 0.000000e+00 	 0.000000e+00 0.000000e+00 0.000000e+00 	 0.000000e+00 0.000000e+00 0.000000e+00 	 0
2.250000 	 0.000000e+00 0.000000e+00 0.000000e+00 	 0.000000e+00 0.000000e+00 0.000000e+00 	 0.000000e+00 0.000000e+00 0.000000e+00 	 0
2.750000 	 0.000000e+00 0.000000e+00 0.000000e+00 	 0.000000e+00 0.000000e+00 0.000000e+00 	 0.000000e+00 0.000000e+00 0.000000e+00 	 0
3.250000 	 -7.955356e-06 -1.001806e-06 4.281092e-06 	 -4.837555e-06 -2.533989e-06 4.337563e-06 	 -1.279291e-05 -3.535795e-06 8.618655e-06 	 27
3.750000 	 8.521440e-07 1.076603e-06 4.942873e-07 	 1.386146e-06 2.467172e-06 -8.471995e-07 	 2.238290e-06 3.543775e-06 -3.529122e-07 	 550
4.250000 	 1.258549e-06 -1.544850e-07 7.735048e-07 	 7.288529e-07 1.149041e-07 4.608640e-07 	 1.987402e-06 -3.958092e-08 1.234369e-06 	 904
4.750000 	 1.415959e-07 -9.868718e-07 3.713864e-07 	 -2.858773e-06 -5.169634e-07 -1.422052e-07 	 -2.717177e-06 -1.503835e-06 2.291812e-07 	 903
5.250000 	 -3.757269e-07 4.876339e-07 -5.744494e-07 	 2.557910e-06 9.334962e-07 -4.363307e-07 	 2.182183e-06 1.421130e-06 -1.010780e-06 	 929
5.750000 	 4.331454e-08 9.848018e-07 -5.938964e-07 	 -1.722265e-06 -2.270103e-07 -3.781529e-07 	 -1.678951e-06 7.577915e-07 -9.720494e-07 	 897
6.250000 	 3.269229e-06 -2.240205e-06 1.202202e-06 	 5.559718e-07 7.489394e-07 -1.823564e-07 	 3.825201e-06 -1.491266e-06 1.019846e-06 	 905
6.750000 	 3.317533e-07 -8.743444e-07 -8.109424e-07 	 -8.289751e-07 9.844042e-07 -1.518019e-07 	 -4.972219e-07 1.100598e-07 -9.627443e-07 	 903
7.250000 	 7.501533e-07 5.693155e-07 9.032780e-07 	 2.437078e-06 7.001877e-07 -1.005774e-06 	 3.187231e-06 1.269503e-06 -1.024961e-07 	 932
7.750000 	 9.331172e-07 -5.906366e-07 -1.827236e-07 	 1.017342e-07 2.492497e-07 2.898258e-07 	 1.034851e-06 -3.413869e-07 1.071022e-07 	 875
8.250000 	 -1.435530e-06 4.815645e-07 8.050205e-07 	 -1.407412e-06 2.775459e-07 1.534848e-07 	 -2.842942e-06 7.591104e-07 9.585053e-07 	 916
8.750000 	 1.659822e-06 3.402237e-07 -4.009183e-07 	 6.581559e-07 6.805344e-07 -6.569141e-08 	 2.317978e-06 1.020758e-06 -4.666097e-07 	 909
9.250000 	 2.849419e-07 3.445108e-07 -1.095540e-06 	 1.816664e-07 -1.494950e-07 3.023636e-07 	 4.666082e-07 1.950158e-07 -7.931768e-07 	 884
9.750000 	 -1.058059e-06 6.037838e-07 -3.227955e-06 	 -1.086746e-07 -1.013685e-06 1.071249e-06 	 -1.166734e-06 -4.099013e-07 -2.156706e-06 	 900
10.250000 	 -7.500758e-07 -5.009471e-07 2.159647e-06 	 1.082042e-06 7.165283e-07 -3.710484e-07 	 3.319667e-07 2.155812e-07 1.788599e-06 	 941
10.750000 	 3.837390e-07 2.032363e-06 -3.847527e-07 	 -1.895911e-08 -1.780453e-06 -2.995887e-07 	 3.647799e-07 2.519105e-07 -6.843414e-07 	 907
11.250000 	 1.076240e-06 -2.320800e-06 -2.157226e-07 	 -5.789202e-07 -6.069800e-07 -5.146348e-07 	 4.973201e-07 -2.927780e-06 -7.303574e-07 	 504
11.750000 	 -4.843381e-06 3.677780e-06 -2.130408e-08 	 1.559268e-06 6.414121e-07 3.019393e-06 	 -3.284113e-06 4.319192e-06 2.998089e-06 	 38
12.250000 	 0.000000e+00 0.000000e+00 0.000000e+00 	 0.000000e+00 0.000000e+00 0.000000e+00 	 0.000000e+00 0.000000e+00 0.000000e+00 	 0
12.750000 	 0.000000e+00 0.000000e+00 0.000000e+00 	 0.000000e+00 0.000000e+00 0.000000e+00 	 0.000000e+00 0.000000e+00 0.000000e+00 	 0
13.250000 	 0.000000e+00 0.000000e+00 0.000000e+00 	 0.000000e+00 0.000000e+00 0.000000e+00 	 0.000000e+00 0.000000e+00 0.000000e+00 	 0
13.750000 	 0.000000e+00 0.000000e+00 0.000000e+00 	 0.000000e+00 0.000000e+00 0.000000e+00 	 0.000000e+00 0.000000e+00 0.000000e+00 	 0
14.250000 	 0.000000e+00 0.000000e+00 0.000000e+00 	 0.000000e+00 0.000000e+00 0.000000e+00 	 0.000000e+00 0.000000e+00 0.000000e+00 	 0
14.750000 	 0.000000e+00 0.000000e+00 0.000000e+00 	 0.000000e+00 0.000000e+00 0.000000e+00 	 0.000000e+00 0.000000e+00 0.000000e+00 	 0
