# 1  2-4    5-7    8-10   11     
# x  dirEF  recEF  sumEF  #Sample
0.250000 	 0.000000e+00 0.000000e+00 0.000000e+00 	 0.000000e+00 0.000000e+00 0.000000e+00 	 0.000000e+00 0.000000e+00 0.000000e+00 	 0
0.750000 	 0.000000e+00 0.000000e+00 0.000000e+00 	 0.000000e+00 0.000000e+00 0.000000e+00 	 0.000000e+00 0.000000e+00 0.000000e+00 	 0
1.250000 	 0.000000e+00 0.000000e+00 0.000000e+00 	 0.000000e+00 0.000000e+00 0.000000e+00 	 0.000000e+00 0.000000e+00 0.000000e+00 	 0
1.750000 	 0.000000e+00 0.000000e+00 0.000000e+00 	 0.000000e+00 0.000000e+00 0.000000e+00 	 0.000000e+00 0.000000e+00 0.000000e+00 	 0
2.250000 	 0.000000e+00 0.000000e+00 0.000000e+00 	 0.000000e+00 0.000000e+00 0.000000e+00 	 0.000000e+00 0.000000e+00 0.000000e+00 	 0
2.750000 	 0.000000e+00 0.000000e+00 0.000000e+00 	 0.000000e+00 0.000000e+00 0.000000e+00 	 0.000000e+00 0.000000e+00 0.000000e+00 	 0
3.250000 	 1.149259e-07 -2.214309e-06 -1.560088e-06 	 1.760624e-06 6.111194e-06 8.526590e-06 	 1.875550e-06 3.896885e-06 6.966503e-06 	 45
3.750000 	 -1.133494e-06 2.459603e-07 2.365944e-07 	 2.077991e-06 2.941083e-06 5.276370e-07 	 9.444965e-07 3.187043e-06 7.642314e-07 	 544
4.250000 	 4.765195e-07 2.137051e-07 -6.166791e-07 	 -1.076186e-06 9.011471e-07 -1.869440e-06 	 -5.996670e-07 1.114852e-06 -2.486119e-06 	 899
4.750000 	 3.505365e-07 -1.247004e-06 -1.142271e-07 	 -3.995158e-07 1.305994e-06 6.854734e-07 	 -4.897925e-08 5.898931e-08 5.712463e-07 	 886
5.250000 	 -8.411076e-07 1.528321e-07 1.011003e-06 	 2.771576e-06 -5.987882e-07 1.359708e-06 	 1.930469e-06 -4.459560e-07 2.370711e-06 	 913
5.750000 	 -7.041591e-07 2.317695e-06 6.590422e-07 	 6.078575e-09 -1.685043e-06 -1.663210e-06 	 -6.980805e-07 6.326519e-07 -1.004168e-06 	 918
6.250000 	 -2.384837e-07 8.108547e-07 -1.931091e-06 	 -4.635656e-07 -3.730210e-08 1.182496e-07 	 -7.020493e-07 7.735526e-07 -1.812841e-06 	 911
6.750000 	 1.932564e-06 -6.731319e-07 -1.179367e-06 	 2.779426e-06 -2.755367e-07 1.311175e-07 	 4.711990e-06 -9.486686e-07 -1.048249e-06 	 910
7.250000 	 -1.216843e-06 -3.808182e-07 1.115183e-06 	 -3.607667e-07 3.565183e-06 -1.340013e-06 	 -1.577610e-06 3.184364e-06 -2.248301e-07 	 892
7.750000 	 -1.186817e-06 -2.144526e-06 1.219501e-06 	 7.393785e-08 1.350034e-07 2.229650e-06 	 -1.112879e-06 -2.009522e-06 3.449151e-06 	 919
8.250000 	 -1.978902e-06 2.096673e-06 9.293530e-07 	 -2.716713e-06 4.553570e-07 2.292036e-06 	 -4.695615e-06 2.552030e-06 3.221389e-06 	 902
8.750000 	 -2.164120e-07 -1.126294e-06 1.122016e-06 	 -6.063392e-07 1.514643e-06 -3.328734e-07 	 -8.227511e-07 3.883488e-07 7.891424e-07 	 922
9.250000 	 -5.259130e-07 -1.701164e-06 -3.010859e-07 	 -2.939915e-06 -1.223344e-06 -3.185693e-06 	 -3.465828e-06 -2.924508e-06 -3.486778e-06 	 880
9.750000 	 6.596746e-07 1.326946e-06 1.029794e-06 	 1.025693e-06 -1.391715e-08 4.120122e-07 	 1.685368e-06 1.313029e-06 1.441806e-06 	 921
10.250000 	 4.684719e-07 2.914776e-07 -1.479858e-07 	 1.324868e-06 3.681633e-06 7.407135e-07 	 1.793340e-06 3.973111e-06 5.927277e-07 	 902
10.750000 	 2.332126e-07 -6.649686e-07 7.277641e-07 	 -1.546460e-06 4.499233e-06 4.793472e-07 	 -1.313248e-06 3.834265e-06 1.207111e-06 	 887
11.250000 	 7.958608e-07 1.260788e-06 4.043760e-08 	 -9.971759e-07 -2.787689e-06 -1.840109e-06 	 -2.013151e-07 -1.526902e-06 -1.799672e-06 	 533
11.750000 	 -2.370455e-06 -3.055892e-06 -4.627166e-06 	 -5.369090e-06 -1.441228e-05 -2.473399e-06 	 -7.739545e-06 -1.746817e-05 -7.100565e-06 	 40
12.250000 	 0.000000e+00 0.000000e+00 0.000000e+00 	 0.000000e+00 0.000000e+00 0.000000e+00 	 0.000000e+00 0.000000e+00 0.000000e+00 	 0
12.750000 	 0.000000e+00 0.000000e+00 0.000000e+00 	 0.000000e+00 0.000000e+00 0.000000e+00 	 0.000000e+00 0.000000e+00 0.000000e+00 	 0
13.250000 	 0.000000e+00 0.000000e+00 0.000000e+00 	 0.000000e+00 0.000000e+00 0.000000e+00 	 0.000000e+00 0.000000e+00 0.000000e+00 	 0
13.750000 	 0.000000e+00 0.000000e+00 0.000000e+00 	 0.000000e+00 0.000000e+00 0.000000e+00 	 0.000000e+00 0.000000e+00 0.000000e+00 	 0
14.250000 	 0.000000e+00 0.000000e+00 0.000000e+00 	 0.000000e+00 0.000000e+00 0.000000e+00 	 0.000000e+00 0.000000e+00 0.000000e+00 	 0
14.750000 	 0.000000e+00 0.000000e+00 0.000000e+00 	 0.000000e+00 0.000000e+00 0.000000e+00 	 0.000000e+00 0.000000e+00 0.000000e+00 	 0
