# 1  2-4    5-7    8-10   11     
# x  dirEF  recEF  sumEF  #Sample
0.250000 	 0.000000e+00 0.000000e+00 0.000000e+00 	 0.000000e+00 0.000000e+00 0.000000e+00 	 0.000000e+00 0.000000e+00 0.000000e+00 	 0
0.750000 	 0.000000e+00 0.000000e+00 0.000000e+00 	 0.000000e+00 0.000000e+00 0.000000e+00 	 0.000000e+00 0.000000e+00 0.000000e+00 	 0
1.250000 	 0.000000e+00 0.000000e+00 0.000000e+00 	 0.000000e+00 0.000000e+00 0.000000e+00 	 0.000000e+00 0.000000e+00 0.000000e+00 	 0
1.750000 	 0.000000e+00 0.000000e+00 0.000000e+00 	 0.000000e+00 0.000000e+00 0.000000e+00 	 0.000000e+00 0.000000e+00 0.000000e+00 	 0
2.250000 	 0.000000e+00 0.000000e+00 0.000000e+00 	 0.000000e+00 0.000000e+00 0.000000e+00 	 0.000000e+00 0.000000e+00 0.000000e+00 	 0
2.750000 	 0.000000e+00 0.000000e+00 0.000000e+00 	 0.000000e+00 0.000000e+00 0.000000e+00 	 0.000000e+00 0.000000e+00 0.000000e+00 	 0
3.250000 	 -3.565506e-06 -1.721963e-06 -1.941127e-06 	 -1.911705e-05 4.455639e-06 -1.405484e-06 	 -2.268256e-05 2.733676e-06 -3.346611e-06 	 19
3.750000 	 -4.907211e-07 1.494945e-06 -3.939020e-07 	 4.787910e-06 -8.460443e-07 3.154931e-07 	 4.297189e-06 6.489009e-07 -7.840887e-08 	 606
4.250000 	 -6.024503e-07 6.728189e-08 9.135903e-08 	 -3.975838e-06 9.665144e-07 -2.591173e-07 	 -4.578288e-06 1.033796e-06 -1.677582e-07 	 880
4.750000 	 7.220291e-07 -1.007989e-07 -2.650749e-07 	 3.939364e-06 -2.209027e-07 5.720843e-07 	 4.661393e-06 -3.217015e-07 3.070093e-07 	 905
5.250000 	 5.736873e-07 1.829401e-06 3.789656e-07 	 -1.221687e-06 3.214448e-07 3.956025e-08 	 -6.479999e-07 2.150845e-06 4.185259e-07 	 903
5.750000 	 -5.783606e-07 -1.465529e-06 8.885501e-07 	 1.036959e-06 -4.731359e-07 -6.608406e-07 	 4.585979e-07 -1.938664e-06 2.277094e-07 	 906
6.250000 	 1.400061e-06 1.037802e-06 8.585803e-07 	 -1.265099e-07 5.829168e-07 5.398366e-07 	 1.273551e-06 1.620719e-06 1.398417e-06 	 918
6.750000 	 7.101076e-07 1.197404e-07 1.132022e-06 	 -2.339124e-06 -2.462590e-07 2.130705e-07 	 -1.629016e-06 -1.265185e-07 1.345092e-06 	 888
7.250000 	 -1.301373e-06 -1.324522e-06 6.582431e-08 	 2.734801e-06 7.114714e-07 -1.545226e-06 	 1.433427e-06 -6.130504e-07 -1.479402e-06 	 904
7.750000 	 7.501991e-07 8.738048e-07 7.138228e-07 	 -1.209064e-07 -1.517973e-07 4.904056e-07 	 6.292927e-07 7.220075e-07 1.204228e-06 	 895
8.250000 	 1.837176e-06 2.537040e-07 3.025126e-07 	 -9.492792e-08 5.976154e-07 -2.201905e-07 	 1.742248e-06 8.513194e-07 8.232210e-08 	 910
8.750000 	 -1.669852e-06 -4.777703e-07 -8.348921e-07 	 9.329545e-07 4.712293e-08 4.217305e-08 	 -7.368979e-07 -4.306474e-07 -7.927190e-07 	 888
9.250000 	 -1.943113e-07 -1.950198e-06 -8.040214e-07 	 -2.960749e-06 -8.613039e-07 -3.807663e-08 	 -3.155060e-06 -2.811501e-06 -8.420980e-07 	 914
9.750000 	 9.336226e-07 -8.898260e-07 1.034456e-06 	 3.898093e-06 -5.223307e-07 9.290058e-10 	 4.831716e-06 -1.412157e-06 1.035385e-06 	 887
10.250000 	 1.021805e-07 5.756662e-07 1.361034e-06 	 -1.685410e-06 -9.427400e-07 -2.172932e-07 	 -1.583230e-06 -3.670738e-07 1.143740e-06 	 927
10.750000 	 4.643908e-07 1.881572e-06 8.587626e-07 	 -1.057556e-06 -8.244814e-07 4.505843e-07 	 -5.931651e-07 1.057091e-06 1.309347e-06 	 896
11.250000 	 5.219241e-07 5.524330e-07 -1.369919e-06 	 4.839180e-08 -2.281516e-07 1.750994e-07 	 5.703159e-07 3.242814e-07 -1.194820e-06 	 539
11.750000 	 2.324076e-06 -2.555859e-06 8.355247e-07 	 1.966498e-06 7.009091e-07 -6.553554e-07 	 4.290574e-06 -1.854949e-06 1.801693e-07 	 39
12.250000 	 0.000000e+00 0.000000e+00 0.000000e+00 	 0.000000e+00 0.000000e+00 0.000000e+00 	 0.000000e+00 0.000000e+00 0.000000e+00 	 0
12.750000 	 0.000000e+00 0.000000e+00 0.000000e+00 	 0.000000e+00 0.000000e+00 0.000000e+00 	 0.000000e+00 0.000000e+00 0.000000e+00 	 0
13.250000 	 0.000000e+00 0.000000e+00 0.000000e+00 	 0.000000e+00 0.000000e+00 0.000000e+00 	 0.000000e+00 0.000000e+00 0.000000e+00 	 0
13.750000 	 0.000000e+00 0.000000e+00 0.000000e+00 	 0.000000e+00 0.000000e+00 0.000000e+00 	 0.000000e+00 0.000000e+00 0.000000e+00 	 0
14.250000 	 0.000000e+00 0.000000e+00 0.000000e+00 	 0.000000e+00 0.000000e+00 0.000000e+00 	 0.000000e+00 0.000000e+00 0.000000e+00 	 0
14.750000 	 0.000000e+00 0.000000e+00 0.000000e+00 	 0.000000e+00 0.000000e+00 0.000000e+00 	 0.000000e+00 0.000000e+00 0.000000e+00 	 0
