# 1  2-4    5-7    8-10   11     
# x  dirEF  recEF  sumEF  #Sample
0.250000 	 0.000000e+00 0.000000e+00 0.000000e+00 	 0.000000e+00 0.000000e+00 0.000000e+00 	 0.000000e+00 0.000000e+00 0.000000e+00 	 0
0.750000 	 0.000000e+00 0.000000e+00 0.000000e+00 	 0.000000e+00 0.000000e+00 0.000000e+00 	 0.000000e+00 0.000000e+00 0.000000e+00 	 0
1.250000 	 0.000000e+00 0.000000e+00 0.000000e+00 	 0.000000e+00 0.000000e+00 0.000000e+00 	 0.000000e+00 0.000000e+00 0.000000e+00 	 0
1.750000 	 0.000000e+00 0.000000e+00 0.000000e+00 	 0.000000e+00 0.000000e+00 0.000000e+00 	 0.000000e+00 0.000000e+00 0.000000e+00 	 0
2.250000 	 0.000000e+00 0.000000e+00 0.000000e+00 	 0.000000e+00 0.000000e+00 0.000000e+00 	 0.000000e+00 0.000000e+00 0.000000e+00 	 0
2.750000 	 0.000000e+00 0.000000e+00 0.000000e+00 	 0.000000e+00 0.000000e+00 0.000000e+00 	 0.000000e+00 0.000000e+00 0.000000e+00 	 0
3.250000 	 -6.988366e-07 3.592431e-06 -3.604594e-07 	 -6.912520e-06 6.204478e-06 -3.066107e-07 	 -7.611357e-06 9.796908e-06 -6.670701e-07 	 33
3.750000 	 -1.434088e-06 -7.204396e-07 -1.044739e-07 	 -7.398270e-07 -2.914601e-07 3.870095e-07 	 -2.173915e-06 -1.011900e-06 2.825356e-07 	 568
4.250000 	 8.366724e-07 -3.687448e-07 4.606221e-07 	 4.113687e-06 -3.981121e-07 2.605941e-07 	 4.950360e-06 -7.668569e-07 7.212163e-07 	 905
4.750000 	 8.788843e-07 1.060550e-07 1.671881e-06 	 -3.329707e-06 -1.584677e-07 -7.900847e-07 	 -2.450823e-06 -5.241272e-08 8.817962e-07 	 888
5.250000 	 2.047586e-06 1.022308e-06 -2.665284e-06 	 2.371076e-06 9.663207e-07 -2.118607e-07 	 4.418662e-06 1.988629e-06 -2.877145e-06 	 925
5.750000 	 6.280338e-07 2.014171e-07 -1.313582e-06 	 -2.844634e-06 -9.467561e-07 2.106536e-07 	 -2.216600e-06 -7.453390e-07 -1.102928e-06 	 894
6.250000 	 -8.718528e-07 -5.383174e-08 -1.243705e-07 	 1.824995e-06 -9.337385e-08 6.298679e-07 	 9.531426e-07 -1.472056e-07 5.054973e-07 	 882
6.750000 	 6.724685e-07 1.152510e-06 -5.844191e-07 	 -1.616264e-06 5.719598e-07 -6.181402e-07 	 -9.437957e-07 1.724470e-06 -1.202559e-06 	 916
7.250000 	 3.024125e-08 -6.758296e-07 -1.511591e-07 	 2.312964e-06 -2.431083e-07 1.023269e-06 	 2.343205e-06 -9.189378e-07 8.721094e-07 	 929
7.750000 	 -1.083803e-06 -1.200526e-06 1.539378e-06 	 1.051311e-06 -3.978580e-07 -4.898703e-07 	 -3.249273e-08 -1.598384e-06 1.049507e-06 	 900
8.250000 	 9.600229e-07 -4.852157e-07 -1.529948e-06 	 3.823101e-07 6.573187e-07 3.395708e-07 	 1.342333e-06 1.721030e-07 -1.190377e-06 	 911
8.750000 	 1.286826e-06 4.207763e-07 1.173588e-06 	 -2.665761e-06 -8.967151e-07 3.213226e-07 	 -1.378935e-06 -4.759388e-07 1.494911e-06 	 902
9.250000 	 6.621978e-07 -1.480184e-07 3.030732e-07 	 9.517212e-08 -1.345304e-07 -3.470771e-07 	 7.573699e-07 -2.825488e-07 -4.400389e-08 	 903
9.750000 	 3.513198e-07 1.013018e-06 -1.025991e-06 	 -1.276551e-06 6.359094e-07 7.887344e-07 	 -9.252314e-07 1.648928e-06 -2.372563e-07 	 908
10.250000 	 -6.000173e-07 -1.393959e-06 3.722297e-09 	 3.786086e-06 -2.504846e-07 6.564088e-08 	 3.186069e-06 -1.644444e-06 6.936318e-08 	 871
10.750000 	 -5.658471e-07 1.594262e-06 -3.662538e-07 	 -2.282822e-06 3.229404e-07 -1.198748e-06 	 -2.848669e-06 1.917203e-06 -1.565002e-06 	 898
11.250000 	 -3.548922e-07 -1.052026e-06 9.583116e-07 	 -2.980790e-07 -4.992768e-07 1.737525e-06 	 -6.529712e-07 -1.551302e-06 2.695837e-06 	 559
11.750000 	 -6.054476e-06 -3.253257e-06 4.590022e-06 	 -3.501784e-06 1.182471e-06 -3.264852e-06 	 -9.556260e-06 -2.070787e-06 1.325170e-06 	 32
12.250000 	 0.000000e+00 0.000000e+00 0.000000e+00 	 0.000000e+00 0.000000e+00 0.000000e+00 	 0.000000e+00 0.000000e+00 0.000000e+00 	 0
12.750000 	 0.000000e+00 0.000000e+00 0.000000e+00 	 0.000000e+00 0.000000e+00 0.000000e+00 	 0.000000e+00 0.000000e+00 0.000000e+00 	 0
13.250000 	 0.000000e+00 0.000000e+00 0.000000e+00 	 0.000000e+00 0.000000e+00 0.000000e+00 	 0.000000e+00 0.000000e+00 0.000000e+00 	 0
13.750000 	 0.000000e+00 0.000000e+00 0.000000e+00 	 0.000000e+00 0.000000e+00 0.000000e+00 	 0.000000e+00 0.000000e+00 0.000000e+00 	 0
14.250000 	 0.000000e+00 0.000000e+00 0.000000e+00 	 0.000000e+00 0.000000e+00 0.000000e+00 	 0.000000e+00 0.000000e+00 0.000000e+00 	 0
14.750000 	 0.000000e+00 0.000000e+00 0.000000e+00 	 0.000000e+00 0.000000e+00 0.000000e+00 	 0.000000e+00 0.000000e+00 0.000000e+00 	 0
