# 1  2-4    5-7    8-10   11     
# x  dirEF  recEF  sumEF  #Sample
0.250000 	 0.000000e+00 0.000000e+00 0.000000e+00 	 0.000000e+00 0.000000e+00 0.000000e+00 	 0.000000e+00 0.000000e+00 0.000000e+00 	 0
0.750000 	 0.000000e+00 0.000000e+00 0.000000e+00 	 0.000000e+00 0.000000e+00 0.000000e+00 	 0.000000e+00 0.000000e+00 0.000000e+00 	 0
1.250000 	 0.000000e+00 0.000000e+00 0.000000e+00 	 0.000000e+00 0.000000e+00 0.000000e+00 	 0.000000e+00 0.000000e+00 0.000000e+00 	 0
1.750000 	 0.000000e+00 0.000000e+00 0.000000e+00 	 0.000000e+00 0.000000e+00 0.000000e+00 	 0.000000e+00 0.000000e+00 0.000000e+00 	 0
2.250000 	 0.000000e+00 0.000000e+00 0.000000e+00 	 0.000000e+00 0.000000e+00 0.000000e+00 	 0.000000e+00 0.000000e+00 0.000000e+00 	 0
2.750000 	 0.000000e+00 0.000000e+00 0.000000e+00 	 0.000000e+00 0.000000e+00 0.000000e+00 	 0.000000e+00 0.000000e+00 0.000000e+00 	 0
3.250000 	 1.122086e-05 8.617461e-07 7.080730e-06 	 -2.545818e-06 2.228486e-06 -1.467987e-06 	 8.675039e-06 3.090232e-06 5.612743e-06 	 53
3.750000 	 -1.845494e-07 -1.920641e-06 -4.789701e-07 	 6.509053e-07 2.719869e-07 -1.218065e-06 	 4.663559e-07 -1.648654e-06 -1.697035e-06 	 541
4.250000 	 -5.164088e-07 2.456235e-07 6.526798e-07 	 -2.471714e-06 -4.432482e-07 9.694414e-07 	 -2.988122e-06 -1.976247e-07 1.622121e-06 	 893
4.750000 	 -1.150755e-06 -1.151758e-06 -5.384847e-07 	 7.359004e-08 6.374778e-07 8.084745e-08 	 -1.077165e-06 -5.142801e-07 -4.576373e-07 	 900
5.250000 	 3.757522e-07 2.469165e-07 -1.244195e-06 	 1.997337e-06 1.725477e-06 -7.923832e-07 	 2.373089e-06 1.972394e-06 -2.036578e-06 	 922
5.750000 	 2.435953e-06 8.691825e-07 -1.147730e-06 	 6.253355e-07 7.199245e-07 5.442233e-07 	 3.061288e-06 1.589107e-06 -6.035068e-07 	 906
6.250000 	 -9.140305e-07 -2.419308e-06 -3.201615e-07 	 -2.923878e-07 4.174650e-07 1.918616e-06 	 -1.206418e-06 -2.001843e-06 1.598454e-06 	 899
6.750000 	 -8.158250e-07 -7.480371e-07 3.324399e-07 	 3.485338e-08 -1.147298e-07 1.002767e-06 	 -7.809716e-07 -8.627669e-07 1.335207e-06 	 921
7.250000 	 -1.487066e-06 8.524980e-08 2.178141e-07 	 1.309158e-06 2.519232e-07 1.966697e-07 	 -1.779079e-07 3.371730e-07 4.144838e-07 	 907
7.750000 	 -2.156011e-07 2.036265e-06 -1.771096e-06 	 -6.916539e-07 -1.533085e-07 7.032421e-07 	 -9.072550e-07 1.882956e-06 -1.067854e-06 	 895
8.250000 	 -6.827001e-07 9.188181e-08 -6.234983e-07 	 2.339047e-06 9.196503e-07 1.355281e-06 	 1.656347e-06 1.011532e-06 7.317831e-07 	 913
8.750000 	 2.380020e-06 1.612569e-06 4.295492e-08 	 -1.774368e-06 -1.318264e-06 -1.135343e-06 	 6.056519e-07 2.943057e-07 -1.092388e-06 	 885
9.250000 	 -1.607718e-06 2.434899e-07 -9.715704e-07 	 1.727375e-06 5.767434e-07 -1.689297e-07 	 1.196569e-07 8.202332e-07 -1.140500e-06 	 917
9.750000 	 6.917645e-07 1.954782e-06 7.982708e-09 	 -1.451922e-06 -5.393306e-07 -4.182368e-07 	 -7.601571e-07 1.415451e-06 -4.102541e-07 	 907
10.250000 	 -5.139851e-07 -2.065582e-06 1.560048e-06 	 5.250048e-07 -1.113164e-06 2.218369e-07 	 1.101964e-08 -3.178746e-06 1.781885e-06 	 900
10.750000 	 -4.410064e-07 -1.068456e-06 -1.042436e-06 	 1.688087e-06 1.229372e-08 -9.490877e-07 	 1.247081e-06 -1.056162e-06 -1.991524e-06 	 894
11.250000 	 -1.438732e-07 -3.037525e-07 -1.337749e-06 	 -2.348617e-06 -2.234185e-06 -7.254334e-09 	 -2.492490e-06 -2.537937e-06 -1.345004e-06 	 516
11.750000 	 1.191580e-06 7.444287e-07 5.227752e-06 	 -1.953227e-06 8.207076e-08 -9.910448e-07 	 -7.616467e-07 8.264995e-07 4.236707e-06 	 54
12.250000 	 1.127165e-05 6.215272e-06 -4.545364e-06 	 2.787333e-06 1.120840e-05 -3.003743e-05 	 1.405898e-05 1.742367e-05 -3.458279e-05 	 1
12.750000 	 0.000000e+00 0.000000e+00 0.000000e+00 	 0.000000e+00 0.000000e+00 0.000000e+00 	 0.000000e+00 0.000000e+00 0.000000e+00 	 0
13.250000 	 0.000000e+00 0.000000e+00 0.000000e+00 	 0.000000e+00 0.000000e+00 0.000000e+00 	 0.000000e+00 0.000000e+00 0.000000e+00 	 0
13.750000 	 0.000000e+00 0.000000e+00 0.000000e+00 	 0.000000e+00 0.000000e+00 0.000000e+00 	 0.000000e+00 0.000000e+00 0.000000e+00 	 0
14.250000 	 0.000000e+00 0.000000e+00 0.000000e+00 	 0.000000e+00 0.000000e+00 0.000000e+00 	 0.000000e+00 0.000000e+00 0.000000e+00 	 0
14.750000 	 0.000000e+00 0.000000e+00 0.000000e+00 	 0.000000e+00 0.000000e+00 0.000000e+00 	 0.000000e+00 0.000000e+00 0.000000e+00 	 0
