# 1  2-4    5-7    8-10   11     
# x  dirEF  recEF  sumEF  #Sample
0.250000 	 0.000000e+00 0.000000e+00 0.000000e+00 	 0.000000e+00 0.000000e+00 0.000000e+00 	 0.000000e+00 0.000000e+00 0.000000e+00 	 0
0.750000 	 0.000000e+00 0.000000e+00 0.000000e+00 	 0.000000e+00 0.000000e+00 0.000000e+00 	 0.000000e+00 0.000000e+00 0.000000e+00 	 0
1.250000 	 0.000000e+00 0.000000e+00 0.000000e+00 	 0.000000e+00 0.000000e+00 0.000000e+00 	 0.000000e+00 0.000000e+00 0.000000e+00 	 0
1.750000 	 0.000000e+00 0.000000e+00 0.000000e+00 	 0.000000e+00 0.000000e+00 0.000000e+00 	 0.000000e+00 0.000000e+00 0.000000e+00 	 0
2.250000 	 0.000000e+00 0.000000e+00 0.000000e+00 	 0.000000e+00 0.000000e+00 0.000000e+00 	 0.000000e+00 0.000000e+00 0.000000e+00 	 0
2.750000 	 0.000000e+00 0.000000e+00 0.000000e+00 	 0.000000e+00 0.000000e+00 0.000000e+00 	 0.000000e+00 0.000000e+00 0.000000e+00 	 0
3.250000 	 -8.929451e-06 -8.223257e-06 -6.609175e-06 	 1.189741e-05 1.521155e-05 -1.019898e-05 	 2.967961e-06 6.988294e-06 -1.680816e-05 	 22
3.750000 	 4.165807e-07 7.464876e-07 1.050497e-06 	 7.947160e-08 -2.757569e-06 -1.322098e-06 	 4.960523e-07 -2.011081e-06 -2.716004e-07 	 565
4.250000 	 1.298495e-06 -2.550016e-07 -5.849215e-08 	 3.544870e-06 -3.053476e-06 1.575319e-06 	 4.843365e-06 -3.308477e-06 1.516826e-06 	 886
4.750000 	 -9.833255e-07 2.189561e-07 -8.420626e-07 	 -9.050501e-07 -9.243375e-07 -3.560353e-06 	 -1.888376e-06 -7.053814e-07 -4.402415e-06 	 933
5.250000 	 -3.193674e-07 1.411414e-06 6.410711e-07 	 5.936770e-07 1.440638e-06 -7.495877e-07 	 2.743096e-07 2.852052e-06 -1.085166e-07 	 884
5.750000 	 2.660333e-06 -2.672958e-06 9.382445e-07 	 -2.275064e-07 9.591239e-07 -8.339269e-07 	 2.432827e-06 -1.713834e-06 1.043176e-07 	 906
6.250000 	 1.350141e-06 1.008616e-06 5.828390e-07 	 1.054499e-06 6.800663e-07 -2.387514e-07 	 2.404640e-06 1.688682e-06 3.440877e-07 	 915
6.750000 	 1.211661e-06 6.194434e-07 -4.212029e-07 	 -5.625285e-06 -4.703495e-06 -9.729227e-07 	 -4.413624e-06 -4.084052e-06 -1.394126e-06 	 906
7.250000 	 4.457349e-07 -1.407766e-06 -5.903997e-07 	 1.369486e-06 1.432440e-06 -1.563919e-06 	 1.815221e-06 2.467402e-08 -2.154319e-06 	 926
7.750000 	 -3.706872e-07 8.466900e-07 1.179490e-06 	 2.262928e-06 1.972877e-06 1.396766e-06 	 1.892241e-06 2.819567e-06 2.576256e-06 	 901
8.250000 	 1.239123e-06 1.098972e-06 -6.314182e-07 	 -4.384921e-07 1.001887e-06 -1.464890e-06 	 8.006314e-07 2.100859e-06 -2.096308e-06 	 886
8.750000 	 1.257915e-07 7.802598e-07 6.089257e-07 	 -4.432219e-06 3.040299e-06 1.591646e-06 	 -4.306428e-06 3.820559e-06 2.200572e-06 	 916
9.250000 	 -1.183037e-06 -1.607242e-06 8.292091e-07 	 2.461549e-06 -2.005588e-06 1.646342e-07 	 1.278512e-06 -3.612830e-06 9.938433e-07 	 892
9.750000 	 2.760540e-06 -2.206314e-06 -2.073071e-06 	 -5.123641e-06 4.553421e-07 -2.433842e-06 	 -2.363101e-06 -1.750972e-06 -4.506914e-06 	 924
10.250000 	 -1.851732e-07 9.166655e-08 5.783068e-07 	 -1.265449e-06 1.306466e-06 4.433837e-07 	 -1.450623e-06 1.398132e-06 1.021690e-06 	 912
10.750000 	 -2.000024e-06 -6.192733e-07 2.029479e-06 	 2.453822e-06 -1.556553e-06 -1.881670e-06 	 4.537980e-07 -2.175826e-06 1.478086e-07 	 903
11.250000 	 9.657571e-08 8.816371e-07 -2.807675e-07 	 -3.391948e-06 -6.122639e-07 -1.656495e-06 	 -3.295372e-06 2.693732e-07 -1.937262e-06 	 524
11.750000 	 3.623717e-06 7.424594e-06 9.169142e-06 	 2.274346e-05 2.315761e-05 1.303179e-05 	 2.636718e-05 3.058220e-05 2.220094e-05 	 23
12.250000 	 0.000000e+00 0.000000e+00 0.000000e+00 	 0.000000e+00 0.000000e+00 0.000000e+00 	 0.000000e+00 0.000000e+00 0.000000e+00 	 0
12.750000 	 0.000000e+00 0.000000e+00 0.000000e+00 	 0.000000e+00 0.000000e+00 0.000000e+00 	 0.000000e+00 0.000000e+00 0.000000e+00 	 0
13.250000 	 0.000000e+00 0.000000e+00 0.000000e+00 	 0.000000e+00 0.000000e+00 0.000000e+00 	 0.000000e+00 0.000000e+00 0.000000e+00 	 0
13.750000 	 0.000000e+00 0.000000e+00 0.000000e+00 	 0.000000e+00 0.000000e+00 0.000000e+00 	 0.000000e+00 0.000000e+00 0.000000e+00 	 0
14.250000 	 0.000000e+00 0.000000e+00 0.000000e+00 	 0.000000e+00 0.000000e+00 0.000000e+00 	 0.000000e+00 0.000000e+00 0.000000e+00 	 0
14.750000 	 0.000000e+00 0.000000e+00 0.000000e+00 	 0.000000e+00 0.000000e+00 0.000000e+00 	 0.000000e+00 0.000000e+00 0.000000e+00 	 0
