# 1  2-4    5-7    8-10   11     
# x  dirEF  recEF  sumEF  #Sample
0.250000 	 0.000000e+00 0.000000e+00 0.000000e+00 	 0.000000e+00 0.000000e+00 0.000000e+00 	 0.000000e+00 0.000000e+00 0.000000e+00 	 0
0.750000 	 0.000000e+00 0.000000e+00 0.000000e+00 	 0.000000e+00 0.000000e+00 0.000000e+00 	 0.000000e+00 0.000000e+00 0.000000e+00 	 0
1.250000 	 0.000000e+00 0.000000e+00 0.000000e+00 	 0.000000e+00 0.000000e+00 0.000000e+00 	 0.000000e+00 0.000000e+00 0.000000e+00 	 0
1.750000 	 0.000000e+00 0.000000e+00 0.000000e+00 	 0.000000e+00 0.000000e+00 0.000000e+00 	 0.000000e+00 0.000000e+00 0.000000e+00 	 0
2.250000 	 0.000000e+00 0.000000e+00 0.000000e+00 	 0.000000e+00 0.000000e+00 0.000000e+00 	 0.000000e+00 0.000000e+00 0.000000e+00 	 0
2.750000 	 0.000000e+00 0.000000e+00 0.000000e+00 	 0.000000e+00 0.000000e+00 0.000000e+00 	 0.000000e+00 0.000000e+00 0.000000e+00 	 0
3.250000 	 -7.790149e-06 6.532808e-07 3.918214e-06 	 7.305345e-09 5.151162e-06 5.001031e-06 	 -7.782844e-06 5.804443e-06 8.919245e-06 	 14
3.750000 	 4.303049e-07 -1.270003e-07 -5.315482e-07 	 -4.117496e-07 1.826974e-08 2.734778e-07 	 1.855535e-08 -1.087305e-07 -2.580704e-07 	 583
4.250000 	 -1.114332e-06 1.320097e-06 -1.218678e-06 	 1.580554e-06 2.457544e-07 -5.007457e-07 	 4.662224e-07 1.565852e-06 -1.719423e-06 	 918
4.750000 	 8.264396e-08 -3.624086e-07 -7.146187e-07 	 -3.471706e-07 1.517429e-07 3.335537e-07 	 -2.645266e-07 -2.106657e-07 -3.810650e-07 	 885
5.250000 	 4.832554e-07 -1.235388e-06 5.754649e-07 	 -1.764719e-06 4.048308e-07 -7.454533e-07 	 -1.281464e-06 -8.305570e-07 -1.699883e-07 	 915
5.750000 	 8.798048e-07 1.114275e-06 -7.115352e-07 	 1.276648e-06 -7.593738e-07 -2.177606e-08 	 2.156453e-06 3.549016e-07 -7.333112e-07 	 886
6.250000 	 1.866613e-06 4.410541e-07 1.046504e-06 	 -9.542851e-07 6.276619e-07 -8.326378e-08 	 9.123275e-07 1.068716e-06 9.632402e-07 	 913
6.750000 	 -3.877447e-06 -7.133270e-07 1.396148e-06 	 4.582554e-07 1.005298e-06 2.585775e-07 	 -3.419192e-06 2.919710e-07 1.654725e-06 	 914
7.250000 	 -1.502303e-06 1.523645e-06 3.669767e-07 	 -9.830825e-07 -3.651812e-09 -4.064793e-07 	 -2.485386e-06 1.519993e-06 -3.950269e-08 	 888
7.750000 	 1.863347e-06 2.503382e-07 -2.367083e-07 	 -2.226614e-07 9.632121e-08 -1.656309e-06 	 1.640686e-06 3.466594e-07 -1.893018e-06 	 917
8.250000 	 -2.133157e-06 -3.581446e-06 4.109313e-07 	 1.396057e-08 4.058425e-07 1.553963e-07 	 -2.119197e-06 -3.175604e-06 5.663276e-07 	 904
8.750000 	 5.724512e-07 6.361653e-07 1.698183e-07 	 8.392245e-07 7.467453e-07 -1.077195e-06 	 1.411676e-06 1.382911e-06 -9.073771e-07 	 906
9.250000 	 1.681884e-06 4.093200e-07 2.788874e-06 	 7.738578e-07 -3.780176e-08 5.530970e-07 	 2.455742e-06 3.715183e-07 3.341971e-06 	 915
9.750000 	 -1.725208e-06 -6.763364e-07 -3.043228e-07 	 -1.626620e-06 7.083718e-07 4.903612e-08 	 -3.351828e-06 3.203538e-08 -2.552867e-07 	 898
10.250000 	 -1.043351e-07 4.037087e-07 -9.366759e-07 	 2.997231e-06 -2.279862e-07 -3.839840e-07 	 2.892896e-06 1.757225e-07 -1.320660e-06 	 911
10.750000 	 1.931456e-08 2.045605e-07 -5.283683e-07 	 -1.282593e-06 -1.496785e-08 1.562648e-07 	 -1.263278e-06 1.895926e-07 -3.721035e-07 	 884
11.250000 	 -9.087543e-07 -5.739459e-07 1.514752e-07 	 -1.649742e-06 -1.989202e-07 1.372465e-06 	 -2.558496e-06 -7.728662e-07 1.523940e-06 	 538
11.750000 	 1.137341e-06 4.782678e-06 2.284753e-06 	 8.700898e-06 -1.658060e-07 -2.953959e-06 	 9.838239e-06 4.616872e-06 -6.692055e-07 	 35
12.250000 	 0.000000e+00 0.000000e+00 0.000000e+00 	 0.000000e+00 0.000000e+00 0.000000e+00 	 0.000000e+00 0.000000e+00 0.000000e+00 	 0
12.750000 	 0.000000e+00 0.000000e+00 0.000000e+00 	 0.000000e+00 0.000000e+00 0.000000e+00 	 0.000000e+00 0.000000e+00 0.000000e+00 	 0
13.250000 	 0.000000e+00 0.000000e+00 0.000000e+00 	 0.000000e+00 0.000000e+00 0.000000e+00 	 0.000000e+00 0.000000e+00 0.000000e+00 	 0
13.750000 	 0.000000e+00 0.000000e+00 0.000000e+00 	 0.000000e+00 0.000000e+00 0.000000e+00 	 0.000000e+00 0.000000e+00 0.000000e+00 	 0
14.250000 	 0.000000e+00 0.000000e+00 0.000000e+00 	 0.000000e+00 0.000000e+00 0.000000e+00 	 0.000000e+00 0.000000e+00 0.000000e+00 	 0
14.750000 	 0.000000e+00 0.000000e+00 0.000000e+00 	 0.000000e+00 0.000000e+00 0.000000e+00 	 0.000000e+00 0.000000e+00 0.000000e+00 	 0
