# 1  2-4    5-7    8-10   11     
# x  dirEF  recEF  sumEF  #Sample
0.250000 	 0.000000e+00 0.000000e+00 0.000000e+00 	 0.000000e+00 0.000000e+00 0.000000e+00 	 0.000000e+00 0.000000e+00 0.000000e+00 	 0
0.750000 	 0.000000e+00 0.000000e+00 0.000000e+00 	 0.000000e+00 0.000000e+00 0.000000e+00 	 0.000000e+00 0.000000e+00 0.000000e+00 	 0
1.250000 	 0.000000e+00 0.000000e+00 0.000000e+00 	 0.000000e+00 0.000000e+00 0.000000e+00 	 0.000000e+00 0.000000e+00 0.000000e+00 	 0
1.750000 	 0.000000e+00 0.000000e+00 0.000000e+00 	 0.000000e+00 0.000000e+00 0.000000e+00 	 0.000000e+00 0.000000e+00 0.000000e+00 	 0
2.250000 	 0.000000e+00 0.000000e+00 0.000000e+00 	 0.000000e+00 0.000000e+00 0.000000e+00 	 0.000000e+00 0.000000e+00 0.000000e+00 	 0
2.750000 	 0.000000e+00 0.000000e+00 0.000000e+00 	 0.000000e+00 0.000000e+00 0.000000e+00 	 0.000000e+00 0.000000e+00 0.000000e+00 	 0
3.250000 	 -7.100931e-07 2.732202e-07 -6.517750e-07 	 6.119566e-06 -9.455500e-06 -2.070439e-06 	 5.409473e-06 -9.182280e-06 -2.722214e-06 	 18
3.750000 	 1.156198e-06 4.873974e-08 -1.538850e-07 	 -5.207430e-07 -2.326695e-07 1.367897e-07 	 6.354551e-07 -1.839298e-07 -1.709528e-08 	 582
4.250000 	 8.943686e-08 -1.859290e-07 8.324404e-07 	 1.203676e-06 6.597988e-07 4.324554e-07 	 1.293113e-06 4.738698e-07 1.264896e-06 	 898
4.750000 	 8.459704e-07 -1.624853e-06 -2.168626e-07 	 -1.607057e-06 2.367156e-08 6.464886e-08 	 -7.610864e-07 -1.601182e-06 -1.522137e-07 	 894
5.250000 	 -1.106474e-07 -1.263381e-06 -1.421535e-07 	 4.518537e-07 3.690020e-07 -2.557721e-07 	 3.412064e-07 -8.943789e-07 -3.979256e-07 	 878
5.750000 	 -8.574764e-07 1.201636e-06 -4.441683e-07 	 -3.323584e-07 -2.220294e-08 -1.437107e-07 	 -1.189835e-06 1.179433e-06 -5.878790e-07 	 909
6.250000 	 2.269060e-06 5.010420e-07 2.460110e-07 	 5.374575e-07 8.677709e-07 8.231040e-08 	 2.806518e-06 1.368813e-06 3.283214e-07 	 905
6.750000 	 4.056438e-08 5.384549e-07 2.974981e-07 	 2.340847e-06 -9.159949e-07 6.253804e-07 	 2.381411e-06 -3.775400e-07 9.228785e-07 	 934
7.250000 	 -1.318424e-06 3.398117e-07 -2.796960e-07 	 -8.989869e-07 1.338806e-07 5.580027e-08 	 -2.217411e-06 4.736923e-07 -2.238957e-07 	 908
7.750000 	 -1.078087e-06 -3.507370e-07 -3.321600e-07 	 -2.338741e-06 -3.270704e-07 8.293015e-08 	 -3.416827e-06 -6.778074e-07 -2.492298e-07 	 917
8.250000 	 5.943318e-07 -6.851949e-07 -3.164884e-07 	 5.020247e-06 -3.932305e-08 9.512826e-08 	 5.614579e-06 -7.245180e-07 -2.213601e-07 	 900
8.750000 	 7.825679e-07 -9.726094e-07 -1.107583e-06 	 -4.241983e-06 -3.361500e-07 -2.536845e-07 	 -3.459416e-06 -1.308759e-06 -1.361267e-06 	 903
9.250000 	 2.378634e-06 -2.985744e-07 7.928050e-07 	 3.317560e-06 7.415264e-08 -3.896096e-07 	 5.696194e-06 -2.244218e-07 4.031954e-07 	 925
9.750000 	 -2.424139e-06 6.402818e-07 -1.635184e-06 	 -1.131684e-06 1.642741e-07 6.293589e-07 	 -3.555823e-06 8.045559e-07 -1.005825e-06 	 902
10.250000 	 -7.623315e-07 -6.353185e-07 -5.351540e-08 	 1.465880e-06 -2.528483e-07 4.115627e-08 	 7.035488e-07 -8.881668e-07 -1.235913e-08 	 923
10.750000 	 -6.555481e-07 -1.052058e-06 2.023703e-06 	 3.801516e-07 3.543646e-07 6.439052e-07 	 -2.753965e-07 -6.976935e-07 2.667609e-06 	 871
11.250000 	 1.901792e-07 1.282386e-06 -1.186246e-07 	 -3.827548e-06 5.515850e-07 8.676006e-08 	 -3.637369e-06 1.833971e-06 -3.186454e-08 	 536
11.750000 	 1.666847e-06 3.757908e-06 7.934152e-06 	 4.433095e-06 -5.577597e-06 -7.568141e-06 	 6.099942e-06 -1.819689e-06 3.660113e-07 	 21
12.250000 	 0.000000e+00 0.000000e+00 0.000000e+00 	 0.000000e+00 0.000000e+00 0.000000e+00 	 0.000000e+00 0.000000e+00 0.000000e+00 	 0
12.750000 	 0.000000e+00 0.000000e+00 0.000000e+00 	 0.000000e+00 0.000000e+00 0.000000e+00 	 0.000000e+00 0.000000e+00 0.000000e+00 	 0
13.250000 	 0.000000e+00 0.000000e+00 0.000000e+00 	 0.000000e+00 0.000000e+00 0.000000e+00 	 0.000000e+00 0.000000e+00 0.000000e+00 	 0
13.750000 	 0.000000e+00 0.000000e+00 0.000000e+00 	 0.000000e+00 0.000000e+00 0.000000e+00 	 0.000000e+00 0.000000e+00 0.000000e+00 	 0
14.250000 	 0.000000e+00 0.000000e+00 0.000000e+00 	 0.000000e+00 0.000000e+00 0.000000e+00 	 0.000000e+00 0.000000e+00 0.000000e+00 	 0
14.750000 	 0.000000e+00 0.000000e+00 0.000000e+00 	 0.000000e+00 0.000000e+00 0.000000e+00 	 0.000000e+00 0.000000e+00 0.000000e+00 	 0
