# 1  2-4    5-7    8-10   11     
# x  dirEF  recEF  sumEF  #Sample
0.250000 	 0.000000e+00 0.000000e+00 0.000000e+00 	 0.000000e+00 0.000000e+00 0.000000e+00 	 0.000000e+00 0.000000e+00 0.000000e+00 	 0
0.750000 	 0.000000e+00 0.000000e+00 0.000000e+00 	 0.000000e+00 0.000000e+00 0.000000e+00 	 0.000000e+00 0.000000e+00 0.000000e+00 	 0
1.250000 	 0.000000e+00 0.000000e+00 0.000000e+00 	 0.000000e+00 0.000000e+00 0.000000e+00 	 0.000000e+00 0.000000e+00 0.000000e+00 	 0
1.750000 	 0.000000e+00 0.000000e+00 0.000000e+00 	 0.000000e+00 0.000000e+00 0.000000e+00 	 0.000000e+00 0.000000e+00 0.000000e+00 	 0
2.250000 	 0.000000e+00 0.000000e+00 0.000000e+00 	 0.000000e+00 0.000000e+00 0.000000e+00 	 0.000000e+00 0.000000e+00 0.000000e+00 	 0
2.750000 	 0.000000e+00 0.000000e+00 0.000000e+00 	 0.000000e+00 0.000000e+00 0.000000e+00 	 0.000000e+00 0.000000e+00 0.000000e+00 	 0
3.250000 	 5.363822e-06 2.950960e-06 -2.590805e-06 	 -2.527047e-06 5.811531e-07 6.760553e-07 	 2.836775e-06 3.532113e-06 -1.914750e-06 	 57
3.750000 	 -4.399142e-07 5.111940e-07 5.948524e-07 	 1.168577e-06 1.625553e-07 1.460680e-07 	 7.286627e-07 6.737493e-07 7.409204e-07 	 552
4.250000 	 -3.435547e-07 7.480177e-08 -1.582459e-06 	 -1.405590e-07 2.886804e-09 -9.517738e-08 	 -4.841137e-07 7.768858e-08 -1.677636e-06 	 902
4.750000 	 2.653766e-06 3.384959e-07 1.342136e-06 	 3.187760e-07 -9.099615e-08 -1.221173e-08 	 2.972542e-06 2.474998e-07 1.329924e-06 	 908
5.250000 	 -2.699689e-07 -1.868554e-06 5.111800e-07 	 -1.995764e-07 7.521914e-09 9.706254e-09 	 -4.695453e-07 -1.861032e-06 5.208862e-07 	 895
5.750000 	 -1.276319e-06 8.883837e-08 9.903990e-07 	 -1.291699e-07 -2.921167e-08 -5.853082e-09 	 -1.405488e-06 5.962670e-08 9.845459e-07 	 895
6.250000 	 -1.742766e-06 -1.863558e-06 -7.564686e-07 	 -2.876969e-07 4.506509e-08 -1.355120e-07 	 -2.030463e-06 -1.818493e-06 -8.919806e-07 	 897
6.750000 	 1.213327e-06 -7.773492e-07 -1.231393e-06 	 7.114579e-08 1.869935e-09 1.247841e-07 	 1.284473e-06 -7.754793e-07 -1.106609e-06 	 910
7.250000 	 -2.612930e-06 1.587798e-06 1.968917e-07 	 2.157179e-07 2.155616e-08 -2.020327e-08 	 -2.397212e-06 1.609354e-06 1.766885e-07 	 932
7.750000 	 -3.750235e-08 -2.932257e-07 -3.791933e-07 	 -1.259863e-07 -8.055492e-08 -6.135037e-08 	 -1.634887e-07 -3.737807e-07 -4.405437e-07 	 886
8.250000 	 9.142216e-07 -1.929579e-07 -1.342905e-06 	 3.636487e-07 2.069320e-08 1.263321e-07 	 1.277870e-06 -1.722647e-07 -1.216573e-06 	 901
8.750000 	 6.521150e-08 -1.711811e-06 -1.660505e-07 	 -2.280540e-07 7.284667e-08 8.012469e-08 	 -1.628425e-07 -1.638964e-06 -8.592582e-08 	 905
9.250000 	 2.174322e-06 1.408501e-06 -7.701031e-07 	 1.128669e-07 -2.065537e-08 -1.014836e-07 	 2.287189e-06 1.387846e-06 -8.715867e-07 	 897
9.750000 	 -9.661708e-07 1.025976e-06 -7.633884e-07 	 -1.251369e-07 2.153126e-07 -9.479458e-08 	 -1.091308e-06 1.241288e-06 -8.581830e-07 	 895
10.250000 	 -2.101220e-07 -6.810692e-07 1.745101e-06 	 -5.963950e-08 -4.599628e-08 1.575249e-07 	 -2.697615e-07 -7.270655e-07 1.902626e-06 	 902
10.750000 	 1.280578e-06 -2.202050e-07 -2.161545e-07 	 1.365507e-07 4.805289e-08 -1.031138e-07 	 1.417128e-06 -1.721521e-07 -3.192683e-07 	 903
11.250000 	 -1.883235e-06 -4.918034e-07 -4.895914e-07 	 -4.193148e-07 9.847828e-08 8.516857e-08 	 -2.302550e-06 -3.933251e-07 -4.044229e-07 	 560
11.750000 	 -5.084992e-06 1.903339e-06 5.831742e-06 	 1.389188e-06 -2.536466e-07 -3.583825e-07 	 -3.695804e-06 1.649692e-06 5.473359e-06 	 27
12.250000 	 0.000000e+00 0.000000e+00 0.000000e+00 	 0.000000e+00 0.000000e+00 0.000000e+00 	 0.000000e+00 0.000000e+00 0.000000e+00 	 0
12.750000 	 0.000000e+00 0.000000e+00 0.000000e+00 	 0.000000e+00 0.000000e+00 0.000000e+00 	 0.000000e+00 0.000000e+00 0.000000e+00 	 0
13.250000 	 0.000000e+00 0.000000e+00 0.000000e+00 	 0.000000e+00 0.000000e+00 0.000000e+00 	 0.000000e+00 0.000000e+00 0.000000e+00 	 0
13.750000 	 0.000000e+00 0.000000e+00 0.000000e+00 	 0.000000e+00 0.000000e+00 0.000000e+00 	 0.000000e+00 0.000000e+00 0.000000e+00 	 0
14.250000 	 0.000000e+00 0.000000e+00 0.000000e+00 	 0.000000e+00 0.000000e+00 0.000000e+00 	 0.000000e+00 0.000000e+00 0.000000e+00 	 0
14.750000 	 0.000000e+00 0.000000e+00 0.000000e+00 	 0.000000e+00 0.000000e+00 0.000000e+00 	 0.000000e+00 0.000000e+00 0.000000e+00 	 0
