# 1  2-4    5-7    8-10   11     
# x  dirEF  recEF  sumEF  #Sample
0.250000 	 0.000000e+00 0.000000e+00 0.000000e+00 	 0.000000e+00 0.000000e+00 0.000000e+00 	 0.000000e+00 0.000000e+00 0.000000e+00 	 0
0.750000 	 0.000000e+00 0.000000e+00 0.000000e+00 	 0.000000e+00 0.000000e+00 0.000000e+00 	 0.000000e+00 0.000000e+00 0.000000e+00 	 0
1.250000 	 0.000000e+00 0.000000e+00 0.000000e+00 	 0.000000e+00 0.000000e+00 0.000000e+00 	 0.000000e+00 0.000000e+00 0.000000e+00 	 0
1.750000 	 0.000000e+00 0.000000e+00 0.000000e+00 	 0.000000e+00 0.000000e+00 0.000000e+00 	 0.000000e+00 0.000000e+00 0.000000e+00 	 0
2.250000 	 0.000000e+00 0.000000e+00 0.000000e+00 	 0.000000e+00 0.000000e+00 0.000000e+00 	 0.000000e+00 0.000000e+00 0.000000e+00 	 0
2.750000 	 0.000000e+00 0.000000e+00 0.000000e+00 	 0.000000e+00 0.000000e+00 0.000000e+00 	 0.000000e+00 0.000000e+00 0.000000e+00 	 0
3.250000 	 3.817672e-06 -1.541235e-07 -1.737788e-06 	 -2.206906e-06 -4.481158e-06 -6.311800e-06 	 1.610766e-06 -4.635282e-06 -8.049588e-06 	 26
3.750000 	 3.142999e-08 -7.406957e-07 8.790985e-07 	 2.884560e-06 7.349781e-07 5.340000e-07 	 2.915990e-06 -5.717619e-09 1.413099e-06 	 550
4.250000 	 -1.689635e-06 -9.347280e-07 1.103267e-06 	 -2.142072e-06 -2.896127e-07 2.220670e-07 	 -3.831707e-06 -1.224341e-06 1.325334e-06 	 889
4.750000 	 2.441389e-07 -2.958564e-07 6.078369e-07 	 1.460953e-06 -1.402304e-06 1.129631e-06 	 1.705092e-06 -1.698161e-06 1.737468e-06 	 923
5.250000 	 7.042399e-07 3.915909e-07 -1.502130e-07 	 -1.223891e-06 3.809385e-08 -7.380410e-07 	 -5.196508e-07 4.296847e-07 -8.882541e-07 	 913
5.750000 	 -8.102815e-08 -6.540530e-07 4.460592e-07 	 -4.496957e-07 -2.823828e-07 1.053470e-06 	 -5.307238e-07 -9.364358e-07 1.499529e-06 	 910
6.250000 	 2.539555e-06 -2.077005e-06 -1.461745e-06 	 -8.002042e-07 9.627876e-07 -1.271955e-06 	 1.739351e-06 -1.114217e-06 -2.733699e-06 	 897
6.750000 	 3.203614e-06 6.046569e-07 -1.459082e-08 	 1.098029e-06 9.409453e-07 -1.529023e-06 	 4.301643e-06 1.545602e-06 -1.543614e-06 	 921
7.250000 	 -3.149011e-07 9.787014e-07 1.033003e-06 	 -2.524112e-06 -8.980364e-07 1.999376e-08 	 -2.839013e-06 8.066495e-08 1.052996e-06 	 908
7.750000 	 -1.124281e-06 3.289193e-07 -3.189850e-07 	 3.332034e-06 -3.386063e-08 -1.194227e-06 	 2.207753e-06 2.950587e-07 -1.513212e-06 	 897
8.250000 	 -1.500974e-06 -6.836376e-07 -4.141085e-08 	 2.214396e-07 5.752974e-07 3.461691e-07 	 -1.279535e-06 -1.083402e-07 3.047582e-07 	 901
8.750000 	 -4.717816e-07 1.411697e-06 2.805985e-06 	 -9.235943e-07 -9.219606e-07 -4.200103e-07 	 -1.395376e-06 4.897368e-07 2.385975e-06 	 913
9.250000 	 3.848427e-07 1.592690e-06 -6.685722e-07 	 -2.131099e-06 7.973629e-07 3.392935e-07 	 -1.746256e-06 2.390053e-06 -3.292787e-07 	 908
9.750000 	 -7.390695e-08 -8.159838e-07 -1.374607e-06 	 2.111930e-06 -3.446886e-07 -1.200388e-06 	 2.038023e-06 -1.160672e-06 -2.574996e-06 	 891
10.250000 	 -2.489456e-07 1.598752e-07 1.634940e-06 	 -1.775360e-06 1.212442e-06 -1.275995e-06 	 -2.024305e-06 1.372318e-06 3.589448e-07 	 922
10.750000 	 -1.455395e-06 -6.953552e-08 -1.334538e-06 	 2.147686e-06 1.750447e-06 4.791442e-07 	 6.922907e-07 1.680911e-06 -8.553935e-07 	 884
11.250000 	 -4.880679e-07 -3.206403e-07 -9.113874e-07 	 -2.640681e-06 3.077503e-07 1.408006e-07 	 -3.128748e-06 -1.289002e-08 -7.705868e-07 	 542
11.750000 	 8.659239e-06 -2.715662e-06 4.963441e-07 	 1.181360e-05 1.428933e-06 2.737674e-06 	 2.047284e-05 -1.286730e-06 3.234018e-06 	 28
12.250000 	 0.000000e+00 0.000000e+00 0.000000e+00 	 0.000000e+00 0.000000e+00 0.000000e+00 	 0.000000e+00 0.000000e+00 0.000000e+00 	 0
12.750000 	 5.432041e-06 -1.497762e-06 2.178120e-06 	 4.427538e-08 7.194079e-08 -5.965852e-08 	 5.476316e-06 -1.425821e-06 2.118461e-06 	 1
13.250000 	 0.000000e+00 0.000000e+00 0.000000e+00 	 0.000000e+00 0.000000e+00 0.000000e+00 	 0.000000e+00 0.000000e+00 0.000000e+00 	 0
13.750000 	 0.000000e+00 0.000000e+00 0.000000e+00 	 0.000000e+00 0.000000e+00 0.000000e+00 	 0.000000e+00 0.000000e+00 0.000000e+00 	 0
14.250000 	 0.000000e+00 0.000000e+00 0.000000e+00 	 0.000000e+00 0.000000e+00 0.000000e+00 	 0.000000e+00 0.000000e+00 0.000000e+00 	 0
14.750000 	 0.000000e+00 0.000000e+00 0.000000e+00 	 0.000000e+00 0.000000e+00 0.000000e+00 	 0.000000e+00 0.000000e+00 0.000000e+00 	 0
