# 1  2-4    5-7    8-10   11     
# x  dirEF  recEF  sumEF  #Sample
0.250000 	 0.000000e+00 0.000000e+00 0.000000e+00 	 0.000000e+00 0.000000e+00 0.000000e+00 	 0.000000e+00 0.000000e+00 0.000000e+00 	 0
0.750000 	 0.000000e+00 0.000000e+00 0.000000e+00 	 0.000000e+00 0.000000e+00 0.000000e+00 	 0.000000e+00 0.000000e+00 0.000000e+00 	 0
1.250000 	 0.000000e+00 0.000000e+00 0.000000e+00 	 0.000000e+00 0.000000e+00 0.000000e+00 	 0.000000e+00 0.000000e+00 0.000000e+00 	 0
1.750000 	 0.000000e+00 0.000000e+00 0.000000e+00 	 0.000000e+00 0.000000e+00 0.000000e+00 	 0.000000e+00 0.000000e+00 0.000000e+00 	 0
2.250000 	 0.000000e+00 0.000000e+00 0.000000e+00 	 0.000000e+00 0.000000e+00 0.000000e+00 	 0.000000e+00 0.000000e+00 0.000000e+00 	 0
2.750000 	 0.000000e+00 0.000000e+00 0.000000e+00 	 0.000000e+00 0.000000e+00 0.000000e+00 	 0.000000e+00 0.000000e+00 0.000000e+00 	 0
3.250000 	 -1.196966e-05 7.195898e-06 4.080595e-07 	 -1.613004e-06 1.620477e-06 3.330774e-07 	 -1.358267e-05 8.816375e-06 7.411369e-07 	 17
3.750000 	 -9.555178e-07 1.889799e-07 5.896317e-07 	 5.384182e-07 -2.879562e-07 -2.001706e-07 	 -4.170996e-07 -9.897639e-08 3.894611e-07 	 590
4.250000 	 6.223410e-07 -8.405411e-07 -1.257350e-06 	 9.347802e-08 9.526352e-08 1.228452e-08 	 7.158190e-07 -7.452776e-07 -1.245066e-06 	 888
4.750000 	 1.483265e-06 2.196126e-06 1.081994e-07 	 1.043328e-07 -1.088410e-07 -7.010572e-08 	 1.587598e-06 2.087285e-06 3.809364e-08 	 905
5.250000 	 1.479085e-06 -1.788703e-06 -2.053771e-07 	 -1.075357e-07 -6.824322e-09 -1.264311e-07 	 1.371549e-06 -1.795527e-06 -3.318082e-07 	 909
5.750000 	 -3.802801e-07 -3.769533e-07 -1.261682e-06 	 1.681800e-07 1.593743e-09 -1.174321e-09 	 -2.121001e-07 -3.753595e-07 -1.262856e-06 	 905
6.250000 	 -3.458732e-07 -2.997006e-06 8.022218e-07 	 3.307666e-07 1.596496e-07 5.958285e-08 	 -1.510661e-08 -2.837356e-06 8.618046e-07 	 914
6.750000 	 -5.410041e-07 2.112861e-06 -5.085594e-07 	 -1.449704e-07 -4.775244e-08 3.989301e-08 	 -6.859746e-07 2.065109e-06 -4.686664e-07 	 903
7.250000 	 -5.496669e-07 1.264726e-07 -9.219672e-07 	 -8.287166e-08 -7.952406e-08 5.111465e-08 	 -6.325385e-07 4.694855e-08 -8.708525e-07 	 894
7.750000 	 -3.012553e-07 -3.305153e-07 4.845537e-07 	 3.466480e-07 1.556939e-07 1.113760e-07 	 4.539274e-08 -1.748214e-07 5.959297e-07 	 910
8.250000 	 -8.169000e-07 1.091856e-06 -9.237625e-07 	 -3.105142e-07 7.807325e-08 -1.361892e-08 	 -1.127414e-06 1.169929e-06 -9.373814e-07 	 918
8.750000 	 -8.195911e-07 -1.251882e-06 -1.138010e-07 	 1.005731e-07 -1.111322e-09 -3.384029e-08 	 -7.190180e-07 -1.252993e-06 -1.476413e-07 	 904
9.250000 	 -4.617741e-07 -2.288009e-06 2.083817e-06 	 3.882831e-07 2.211283e-07 7.438721e-08 	 -7.349101e-08 -2.066881e-06 2.158204e-06 	 888
9.750000 	 3.880787e-07 1.034396e-06 2.960726e-07 	 -3.893448e-07 -1.810481e-07 -2.017903e-08 	 -1.266193e-09 8.533479e-07 2.758935e-07 	 893
10.250000 	 1.747426e-07 -1.632595e-07 -1.836261e-06 	 -3.207734e-08 -8.336598e-08 1.397986e-07 	 1.426652e-07 -2.466255e-07 -1.696462e-06 	 904
10.750000 	 1.746827e-06 -2.953757e-08 2.844603e-07 	 1.930500e-07 -2.432424e-08 6.830678e-08 	 1.939877e-06 -5.386181e-08 3.527671e-07 	 891
11.250000 	 -7.025218e-07 2.219286e-07 -1.519197e-06 	 -1.389252e-06 -1.383004e-07 -1.951064e-08 	 -2.091773e-06 8.362820e-08 -1.538708e-06 	 573
11.750000 	 3.964649e-06 -3.672152e-06 6.162784e-06 	 5.332612e-06 7.028464e-07 5.638516e-08 	 9.297261e-06 -2.969305e-06 6.219169e-06 	 18
12.250000 	 0.000000e+00 0.000000e+00 0.000000e+00 	 0.000000e+00 0.000000e+00 0.000000e+00 	 0.000000e+00 0.000000e+00 0.000000e+00 	 0
12.750000 	 0.000000e+00 0.000000e+00 0.000000e+00 	 0.000000e+00 0.000000e+00 0.000000e+00 	 0.000000e+00 0.000000e+00 0.000000e+00 	 0
13.250000 	 0.000000e+00 0.000000e+00 0.000000e+00 	 0.000000e+00 0.000000e+00 0.000000e+00 	 0.000000e+00 0.000000e+00 0.000000e+00 	 0
13.750000 	 0.000000e+00 0.000000e+00 0.000000e+00 	 0.000000e+00 0.000000e+00 0.000000e+00 	 0.000000e+00 0.000000e+00 0.000000e+00 	 0
14.250000 	 0.000000e+00 0.000000e+00 0.000000e+00 	 0.000000e+00 0.000000e+00 0.000000e+00 	 0.000000e+00 0.000000e+00 0.000000e+00 	 0
14.750000 	 0.000000e+00 0.000000e+00 0.000000e+00 	 0.000000e+00 0.000000e+00 0.000000e+00 	 0.000000e+00 0.000000e+00 0.000000e+00 	 0
