# 1  2-4    5-7    8-10   11     
# x  dirEF  recEF  sumEF  #Sample
0.250000 	 0.000000e+00 0.000000e+00 0.000000e+00 	 0.000000e+00 0.000000e+00 0.000000e+00 	 0.000000e+00 0.000000e+00 0.000000e+00 	 0
0.750000 	 0.000000e+00 0.000000e+00 0.000000e+00 	 0.000000e+00 0.000000e+00 0.000000e+00 	 0.000000e+00 0.000000e+00 0.000000e+00 	 0
1.250000 	 0.000000e+00 0.000000e+00 0.000000e+00 	 0.000000e+00 0.000000e+00 0.000000e+00 	 0.000000e+00 0.000000e+00 0.000000e+00 	 0
1.750000 	 0.000000e+00 0.000000e+00 0.000000e+00 	 0.000000e+00 0.000000e+00 0.000000e+00 	 0.000000e+00 0.000000e+00 0.000000e+00 	 0
2.250000 	 0.000000e+00 0.000000e+00 0.000000e+00 	 0.000000e+00 0.000000e+00 0.000000e+00 	 0.000000e+00 0.000000e+00 0.000000e+00 	 0
2.750000 	 0.000000e+00 0.000000e+00 0.000000e+00 	 0.000000e+00 0.000000e+00 0.000000e+00 	 0.000000e+00 0.000000e+00 0.000000e+00 	 0
3.250000 	 1.149259e-07 -2.214309e-06 -1.560088e-06 	 -5.340278e-07 3.890823e-06 -3.969985e-07 	 -4.191018e-07 1.676514e-06 -1.957086e-06 	 45
3.750000 	 -1.133494e-06 2.459603e-07 2.365944e-07 	 3.983204e-07 5.525762e-07 -5.173896e-07 	 -7.351736e-07 7.985364e-07 -2.807952e-07 	 544
4.250000 	 4.765195e-07 2.137051e-07 -6.166791e-07 	 -1.717854e-07 -5.438293e-07 9.133311e-08 	 3.047340e-07 -3.301242e-07 -5.253460e-07 	 899
4.750000 	 3.505365e-07 -1.247004e-06 -1.142271e-07 	 3.848946e-07 9.228970e-07 -3.172729e-07 	 7.354311e-07 -3.241074e-07 -4.315001e-07 	 886
5.250000 	 -8.411076e-07 1.528321e-07 1.011003e-06 	 -4.711117e-07 1.542019e-07 1.130535e-07 	 -1.312219e-06 3.070340e-07 1.124056e-06 	 913
5.750000 	 -7.041591e-07 2.317695e-06 6.590422e-07 	 6.855170e-08 -1.081265e-08 -2.133453e-07 	 -6.356074e-07 2.306883e-06 4.456969e-07 	 918
6.250000 	 -2.384837e-07 8.108547e-07 -1.931091e-06 	 -1.391793e-07 3.803540e-07 -7.378816e-09 	 -3.776631e-07 1.191209e-06 -1.938469e-06 	 911
6.750000 	 1.932564e-06 -6.731319e-07 -1.179367e-06 	 -6.697396e-09 4.576653e-07 1.650361e-07 	 1.925867e-06 -2.154666e-07 -1.014331e-06 	 910
7.250000 	 -1.216843e-06 -3.808182e-07 1.115183e-06 	 -7.063907e-08 4.783345e-07 -2.463671e-07 	 -1.287482e-06 9.751628e-08 8.688159e-07 	 892
7.750000 	 -1.186817e-06 -2.144526e-06 1.219501e-06 	 -2.176093e-08 2.776637e-07 2.112956e-07 	 -1.208578e-06 -1.866862e-06 1.430797e-06 	 919
8.250000 	 -1.978902e-06 2.096673e-06 9.293530e-07 	 2.025174e-07 5.340011e-07 -4.605258e-07 	 -1.776385e-06 2.630674e-06 4.688272e-07 	 902
8.750000 	 -2.164120e-07 -1.126294e-06 1.122016e-06 	 -2.235904e-07 -3.194029e-08 5.737859e-07 	 -4.400024e-07 -1.158235e-06 1.695802e-06 	 922
9.250000 	 -5.259130e-07 -1.701164e-06 -3.010859e-07 	 -4.876237e-08 2.626131e-07 3.516333e-07 	 -5.746754e-07 -1.438551e-06 5.054740e-08 	 880
9.750000 	 6.596746e-07 1.326946e-06 1.029794e-06 	 1.161352e-07 -6.073762e-07 6.086444e-07 	 7.758099e-07 7.195702e-07 1.638438e-06 	 921
10.250000 	 4.684719e-07 2.914776e-07 -1.479858e-07 	 9.728081e-08 -8.314767e-07 5.747282e-07 	 5.657527e-07 -5.399991e-07 4.267424e-07 	 902
10.750000 	 2.332126e-07 -6.649686e-07 7.277641e-07 	 -1.072256e-07 -1.887385e-07 2.940049e-07 	 1.259870e-07 -8.537071e-07 1.021769e-06 	 887
11.250000 	 7.958608e-07 1.260788e-06 4.043760e-08 	 -7.248399e-09 -1.305256e-07 6.764212e-07 	 7.886124e-07 1.130262e-06 7.168588e-07 	 533
11.750000 	 -2.370455e-06 -3.055892e-06 -4.627166e-06 	 3.286345e-06 9.829935e-07 -1.484269e-06 	 9.158898e-07 -2.072899e-06 -6.111435e-06 	 40
12.250000 	 0.000000e+00 0.000000e+00 0.000000e+00 	 0.000000e+00 0.000000e+00 0.000000e+00 	 0.000000e+00 0.000000e+00 0.000000e+00 	 0
12.750000 	 0.000000e+00 0.000000e+00 0.000000e+00 	 0.000000e+00 0.000000e+00 0.000000e+00 	 0.000000e+00 0.000000e+00 0.000000e+00 	 0
13.250000 	 0.000000e+00 0.000000e+00 0.000000e+00 	 0.000000e+00 0.000000e+00 0.000000e+00 	 0.000000e+00 0.000000e+00 0.000000e+00 	 0
13.750000 	 0.000000e+00 0.000000e+00 0.000000e+00 	 0.000000e+00 0.000000e+00 0.000000e+00 	 0.000000e+00 0.000000e+00 0.000000e+00 	 0
14.250000 	 0.000000e+00 0.000000e+00 0.000000e+00 	 0.000000e+00 0.000000e+00 0.000000e+00 	 0.000000e+00 0.000000e+00 0.000000e+00 	 0
14.750000 	 0.000000e+00 0.000000e+00 0.000000e+00 	 0.000000e+00 0.000000e+00 0.000000e+00 	 0.000000e+00 0.000000e+00 0.000000e+00 	 0
