# 1  2-4    5-7    8-10   11     
# x  dirEF  recEF  sumEF  #Sample
0.250000 	 0.000000e+00 0.000000e+00 0.000000e+00 	 0.000000e+00 0.000000e+00 0.000000e+00 	 0.000000e+00 0.000000e+00 0.000000e+00 	 0
0.750000 	 0.000000e+00 0.000000e+00 0.000000e+00 	 0.000000e+00 0.000000e+00 0.000000e+00 	 0.000000e+00 0.000000e+00 0.000000e+00 	 0
1.250000 	 0.000000e+00 0.000000e+00 0.000000e+00 	 0.000000e+00 0.000000e+00 0.000000e+00 	 0.000000e+00 0.000000e+00 0.000000e+00 	 0
1.750000 	 0.000000e+00 0.000000e+00 0.000000e+00 	 0.000000e+00 0.000000e+00 0.000000e+00 	 0.000000e+00 0.000000e+00 0.000000e+00 	 0
2.250000 	 0.000000e+00 0.000000e+00 0.000000e+00 	 0.000000e+00 0.000000e+00 0.000000e+00 	 0.000000e+00 0.000000e+00 0.000000e+00 	 0
2.750000 	 0.000000e+00 0.000000e+00 0.000000e+00 	 0.000000e+00 0.000000e+00 0.000000e+00 	 0.000000e+00 0.000000e+00 0.000000e+00 	 0
3.250000 	 -3.488694e-06 2.230297e-06 -5.422822e-06 	 -6.297624e-06 2.324750e-06 8.017402e-07 	 -9.786318e-06 4.555046e-06 -4.621081e-06 	 33
3.750000 	 -5.298978e-08 -1.014557e-07 1.385167e-07 	 5.389948e-07 4.073400e-07 5.062984e-07 	 4.860050e-07 3.058843e-07 6.448152e-07 	 553
4.250000 	 -7.117122e-07 6.848413e-08 -1.200077e-06 	 -1.767960e-06 1.382985e-07 -1.160272e-06 	 -2.479673e-06 2.067826e-07 -2.360349e-06 	 897
4.750000 	 -7.735470e-07 3.181816e-07 2.080345e-07 	 1.215607e-06 -8.656443e-07 -2.008931e-07 	 4.420598e-07 -5.474627e-07 7.141417e-09 	 897
5.250000 	 5.341152e-07 4.775073e-07 -7.308198e-08 	 7.637228e-08 8.626587e-07 -7.391445e-07 	 6.104875e-07 1.340166e-06 -8.122265e-07 	 906
5.750000 	 -4.133614e-07 -7.088777e-07 1.627671e-06 	 -2.649263e-06 4.164917e-07 -4.154943e-07 	 -3.062624e-06 -2.923861e-07 1.212176e-06 	 915
6.250000 	 7.055034e-07 3.031854e-07 -1.678154e-07 	 2.357877e-06 2.888807e-07 -1.417567e-06 	 3.063380e-06 5.920661e-07 -1.585383e-06 	 933
6.750000 	 -9.219740e-07 1.724760e-07 1.821981e-07 	 1.727274e-06 -1.266593e-06 -1.273889e-07 	 8.053000e-07 -1.094117e-06 5.480924e-08 	 868
7.250000 	 1.275796e-06 5.272009e-07 2.395020e-07 	 -2.581639e-07 9.134189e-07 -2.075600e-06 	 1.017632e-06 1.440620e-06 -1.836098e-06 	 907
7.750000 	 -9.857089e-07 -6.001049e-08 -4.825608e-07 	 1.738835e-06 1.111672e-06 2.223855e-07 	 7.531261e-07 1.051661e-06 -2.601753e-07 	 913
8.250000 	 -1.912114e-06 -2.720997e-07 -1.586099e-06 	 3.862515e-08 -2.130141e-07 7.890635e-07 	 -1.873489e-06 -4.851138e-07 -7.970352e-07 	 917
8.750000 	 3.220327e-06 7.057725e-07 -2.057835e-07 	 -1.271436e-07 9.838798e-07 5.042264e-07 	 3.093183e-06 1.689652e-06 2.984429e-07 	 898
9.250000 	 -2.433000e-06 1.365858e-06 9.274532e-07 	 -3.564102e-06 4.109530e-07 6.489748e-07 	 -5.997102e-06 1.776811e-06 1.576428e-06 	 934
9.750000 	 -5.694558e-07 -2.076103e-06 1.313524e-06 	 6.077389e-06 -1.816463e-06 -2.899381e-07 	 5.507933e-06 -3.892566e-06 1.023586e-06 	 901
10.250000 	 9.197651e-08 2.271124e-06 1.269172e-06 	 -1.334766e-06 -3.427402e-07 1.418295e-06 	 -1.242789e-06 1.928384e-06 2.687468e-06 	 912
10.750000 	 3.552380e-07 -1.097954e-06 6.198066e-08 	 4.757249e-07 -6.973223e-07 -3.027267e-07 	 8.309629e-07 -1.795276e-06 -2.407460e-07 	 904
11.250000 	 2.447236e-07 7.181466e-07 -1.037770e-06 	 -2.079304e-06 2.300698e-07 -6.788212e-07 	 -1.834581e-06 9.482164e-07 -1.716592e-06 	 527
11.750000 	 -6.620327e-06 -6.922954e-06 -1.702211e-05 	 3.130897e-06 -2.406643e-05 -1.532677e-05 	 -3.489431e-06 -3.098938e-05 -3.234888e-05 	 9
12.250000 	 0.000000e+00 0.000000e+00 0.000000e+00 	 0.000000e+00 0.000000e+00 0.000000e+00 	 0.000000e+00 0.000000e+00 0.000000e+00 	 0
12.750000 	 0.000000e+00 0.000000e+00 0.000000e+00 	 0.000000e+00 0.000000e+00 0.000000e+00 	 0.000000e+00 0.000000e+00 0.000000e+00 	 0
13.250000 	 0.000000e+00 0.000000e+00 0.000000e+00 	 0.000000e+00 0.000000e+00 0.000000e+00 	 0.000000e+00 0.000000e+00 0.000000e+00 	 0
13.750000 	 0.000000e+00 0.000000e+00 0.000000e+00 	 0.000000e+00 0.000000e+00 0.000000e+00 	 0.000000e+00 0.000000e+00 0.000000e+00 	 0
14.250000 	 0.000000e+00 0.000000e+00 0.000000e+00 	 0.000000e+00 0.000000e+00 0.000000e+00 	 0.000000e+00 0.000000e+00 0.000000e+00 	 0
14.750000 	 0.000000e+00 0.000000e+00 0.000000e+00 	 0.000000e+00 0.000000e+00 0.000000e+00 	 0.000000e+00 0.000000e+00 0.000000e+00 	 0
