# 1  2-4    5-7    8-10   11     
# x  dirEF  recEF  sumEF  #Sample
0.250000 	 0.000000e+00 0.000000e+00 0.000000e+00 	 0.000000e+00 0.000000e+00 0.000000e+00 	 0.000000e+00 0.000000e+00 0.000000e+00 	 0
0.750000 	 0.000000e+00 0.000000e+00 0.000000e+00 	 0.000000e+00 0.000000e+00 0.000000e+00 	 0.000000e+00 0.000000e+00 0.000000e+00 	 0
1.250000 	 0.000000e+00 0.000000e+00 0.000000e+00 	 0.000000e+00 0.000000e+00 0.000000e+00 	 0.000000e+00 0.000000e+00 0.000000e+00 	 0
1.750000 	 0.000000e+00 0.000000e+00 0.000000e+00 	 0.000000e+00 0.000000e+00 0.000000e+00 	 0.000000e+00 0.000000e+00 0.000000e+00 	 0
2.250000 	 0.000000e+00 0.000000e+00 0.000000e+00 	 0.000000e+00 0.000000e+00 0.000000e+00 	 0.000000e+00 0.000000e+00 0.000000e+00 	 0
2.750000 	 0.000000e+00 0.000000e+00 0.000000e+00 	 0.000000e+00 0.000000e+00 0.000000e+00 	 0.000000e+00 0.000000e+00 0.000000e+00 	 0
3.250000 	 6.952002e-07 -2.514341e-06 6.752384e-06 	 -7.115756e-06 -5.860572e-06 -7.128294e-06 	 -6.420556e-06 -8.374913e-06 -3.759106e-07 	 26
3.750000 	 -8.918534e-07 2.124821e-07 8.706508e-07 	 6.485428e-07 -3.884525e-07 1.099792e-06 	 -2.433106e-07 -1.759704e-07 1.970442e-06 	 565
4.250000 	 1.130873e-06 1.904676e-07 1.107900e-06 	 -1.783398e-06 1.146981e-06 -4.617338e-07 	 -6.525247e-07 1.337449e-06 6.461659e-07 	 888
4.750000 	 -1.253033e-06 1.330971e-06 -1.177479e-06 	 1.105961e-06 -3.299637e-07 -8.436348e-08 	 -1.470720e-07 1.001007e-06 -1.261842e-06 	 906
5.250000 	 1.501090e-06 -1.043317e-07 -1.396642e-06 	 -1.413234e-07 9.986867e-08 2.474697e-07 	 1.359766e-06 -4.463042e-09 -1.149173e-06 	 921
5.750000 	 -1.001723e-06 -9.404938e-07 1.127498e-06 	 1.019766e-06 7.544000e-07 -1.841663e-07 	 1.804327e-08 -1.860938e-07 9.433318e-07 	 924
6.250000 	 -6.267027e-07 3.661530e-07 2.067592e-07 	 -3.437370e-06 7.924987e-08 6.645020e-08 	 -4.064073e-06 4.454028e-07 2.732094e-07 	 902
6.750000 	 7.037945e-07 -1.110821e-07 2.430972e-07 	 1.868993e-06 6.666329e-07 -5.513224e-07 	 2.572788e-06 5.555508e-07 -3.082251e-07 	 893
7.250000 	 1.450667e-06 -4.516590e-07 -1.695953e-07 	 -1.420270e-06 5.706460e-07 2.222290e-07 	 3.039640e-08 1.189871e-07 5.263373e-08 	 892
7.750000 	 1.274424e-06 5.100214e-07 -1.427156e-06 	 3.906831e-06 -4.941867e-07 1.693612e-07 	 5.181254e-06 1.583470e-08 -1.257795e-06 	 905
8.250000 	 -2.026424e-07 1.592310e-07 1.381077e-06 	 -3.346550e-06 -4.488563e-07 -7.488205e-08 	 -3.549193e-06 -2.896253e-07 1.306195e-06 	 892
8.750000 	 -1.667840e-06 -3.890378e-07 -6.436116e-07 	 3.488546e-06 7.495615e-07 -3.978394e-07 	 1.820706e-06 3.605238e-07 -1.041451e-06 	 933
9.250000 	 1.352890e-06 -1.529314e-07 5.482970e-07 	 -3.008530e-06 6.229366e-08 -7.146173e-08 	 -1.655641e-06 -9.063774e-08 4.768352e-07 	 915
9.750000 	 -6.542739e-07 1.488650e-06 -1.710741e-06 	 3.464841e-06 6.552260e-08 -3.154887e-07 	 2.810567e-06 1.554173e-06 -2.026230e-06 	 893
10.250000 	 -5.045183e-07 -4.591742e-07 -3.371072e-07 	 -1.495184e-06 -1.358991e-06 -2.697305e-07 	 -1.999702e-06 -1.818165e-06 -6.068377e-07 	 919
10.750000 	 -2.527635e-07 -8.276213e-07 -9.260268e-07 	 2.157210e-06 7.432680e-07 8.738374e-07 	 1.904447e-06 -8.435336e-08 -5.218936e-08 	 888
11.250000 	 -1.288280e-07 -1.159230e-07 1.885250e-06 	 -3.101750e-06 -3.630341e-07 6.783413e-07 	 -3.230578e-06 -4.789571e-07 2.563591e-06 	 540
11.750000 	 6.102159e-08 -8.424825e-06 3.332999e-06 	 3.442290e-06 2.188527e-06 -4.536487e-06 	 3.503312e-06 -6.236298e-06 -1.203488e-06 	 22
12.250000 	 0.000000e+00 0.000000e+00 0.000000e+00 	 0.000000e+00 0.000000e+00 0.000000e+00 	 0.000000e+00 0.000000e+00 0.000000e+00 	 0
12.750000 	 0.000000e+00 0.000000e+00 0.000000e+00 	 0.000000e+00 0.000000e+00 0.000000e+00 	 0.000000e+00 0.000000e+00 0.000000e+00 	 0
13.250000 	 0.000000e+00 0.000000e+00 0.000000e+00 	 0.000000e+00 0.000000e+00 0.000000e+00 	 0.000000e+00 0.000000e+00 0.000000e+00 	 0
13.750000 	 0.000000e+00 0.000000e+00 0.000000e+00 	 0.000000e+00 0.000000e+00 0.000000e+00 	 0.000000e+00 0.000000e+00 0.000000e+00 	 0
14.250000 	 0.000000e+00 0.000000e+00 0.000000e+00 	 0.000000e+00 0.000000e+00 0.000000e+00 	 0.000000e+00 0.000000e+00 0.000000e+00 	 0
14.750000 	 0.000000e+00 0.000000e+00 0.000000e+00 	 0.000000e+00 0.000000e+00 0.000000e+00 	 0.000000e+00 0.000000e+00 0.000000e+00 	 0
