# 1  2-4    5-7    8-10   11     
# x  sumEF  dirEF  recEF  #Sample
0.250000 	 0.000000e+00 0.000000e+00 0.000000e+00 	 0.000000e+00 0.000000e+00 0.000000e+00 	 0.000000e+00 0.000000e+00 0.000000e+00 	 0
0.750000 	 6.302634e-06 3.831280e-07 -7.300328e-06 	 0.000000e+00 1.776357e-15 0.000000e+00 	 6.302634e-06 3.831280e-07 -7.300328e-06 	 2
1.250000 	 0.000000e+00 0.000000e+00 0.000000e+00 	 0.000000e+00 0.000000e+00 0.000000e+00 	 0.000000e+00 0.000000e+00 0.000000e+00 	 0
1.750000 	 -1.056629e-05 9.337753e-06 -2.143513e-06 	 1.788738e-10 3.943500e-13 -1.762145e-12 	 -1.056647e-05 9.337752e-06 -2.143511e-06 	 2
2.250000 	 0.000000e+00 0.000000e+00 0.000000e+00 	 0.000000e+00 0.000000e+00 0.000000e+00 	 0.000000e+00 0.000000e+00 0.000000e+00 	 0
2.750000 	 -2.214721e-05 7.206649e-06 -1.930433e-05 	 -1.345827e-05 9.590005e-06 -6.937855e-06 	 -8.688936e-06 -2.383356e-06 -1.236648e-05 	 1
3.250000 	 -1.395935e-06 9.041768e-07 3.084446e-07 	 8.137915e-07 7.681379e-07 5.770650e-07 	 -2.209726e-06 1.360390e-07 -2.686204e-07 	 1495
3.750000 	 5.897234e-07 1.894135e-07 -1.709374e-08 	 -1.894692e-07 1.996792e-07 4.072909e-09 	 7.791926e-07 -1.026570e-08 -2.116665e-08 	 28507
4.250000 	 2.983525e-09 -2.196144e-07 8.204229e-08 	 -4.700688e-08 -2.037695e-07 8.228109e-08 	 4.999040e-08 -1.584494e-08 -2.388047e-10 	 44709
4.750000 	 2.926258e-08 -1.052445e-07 4.909950e-08 	 2.363515e-08 -1.146712e-07 2.781669e-08 	 5.627424e-09 9.426679e-09 2.128282e-08 	 45166
5.250000 	 3.508137e-07 -9.007390e-08 -1.408739e-07 	 3.985398e-07 -8.485595e-08 -1.293949e-07 	 -4.772601e-08 -5.217960e-09 -1.147898e-08 	 45329
5.750000 	 2.115494e-07 -1.245427e-07 -5.856015e-08 	 2.234264e-07 -1.212452e-07 -5.670699e-08 	 -1.187694e-08 -3.297485e-09 -1.853186e-09 	 45291
6.250000 	 1.172825e-07 3.267227e-08 -1.337487e-08 	 9.725404e-08 1.893714e-08 -5.682377e-09 	 2.002848e-08 1.373509e-08 -7.692490e-09 	 45252
6.750000 	 8.373971e-08 4.746647e-08 -2.719881e-08 	 7.690183e-08 4.904259e-08 -2.929501e-08 	 6.837901e-09 -1.576134e-09 2.096258e-09 	 45367
7.250000 	 -3.383170e-07 -2.926497e-07 -2.066923e-08 	 -2.793701e-07 -2.894060e-07 -2.191318e-08 	 -5.894692e-08 -3.243808e-09 1.243922e-09 	 45320
7.750000 	 -5.593086e-08 1.667425e-07 1.364198e-07 	 -6.501941e-08 1.790739e-07 1.452497e-07 	 9.088494e-09 -1.233140e-08 -8.829906e-09 	 45240
8.250000 	 -1.190910e-07 -1.060795e-07 -1.661964e-08 	 -1.855459e-07 -1.055504e-07 -2.547286e-08 	 6.645489e-08 -5.291389e-10 8.853252e-09 	 45297
8.750000 	 1.942977e-07 6.152978e-08 -2.686768e-07 	 2.457618e-07 8.085207e-08 -2.559336e-07 	 -5.146408e-08 -1.932240e-08 -1.274328e-08 	 45228
9.250000 	 3.857492e-07 1.276064e-07 8.392297e-08 	 3.566416e-07 1.148655e-07 7.246278e-08 	 2.910762e-08 1.274087e-08 1.146021e-08 	 45327
9.750000 	 -2.281212e-07 -1.975946e-07 2.590045e-08 	 -2.101351e-07 -2.032998e-07 2.150394e-08 	 -1.798607e-08 5.705181e-09 4.396564e-09 	 45133
10.250000 	 -3.922223e-07 -1.276551e-07 1.924012e-07 	 -3.821810e-07 -1.087852e-07 1.878032e-07 	 -1.004129e-08 -1.886988e-08 4.598015e-09 	 45374
10.750000 	 -7.246760e-08 3.749032e-08 2.661466e-08 	 5.828936e-08 3.957410e-08 1.393792e-08 	 -1.307569e-07 -2.083798e-09 1.267676e-08 	 44670
11.250000 	 -5.303131e-07 3.316025e-08 -5.466835e-08 	 1.814557e-07 -1.317132e-08 -5.924028e-08 	 -7.117687e-07 4.633159e-08 4.571934e-09 	 26998
11.750000 	 2.274226e-06 -6.917796e-07 1.036297e-06 	 2.461295e-07 -7.944557e-07 9.839460e-07 	 2.028097e-06 1.026761e-07 5.235082e-08 	 1483
12.250000 	 -5.770453e-06 -9.064789e-06 1.760268e-05 	 -8.158990e-06 -8.572396e-06 1.427331e-05 	 2.388540e-06 -4.923935e-07 3.329363e-06 	 4
12.750000 	 3.027987e-06 1.404249e-05 3.610125e-06 	 5.432041e-06 -1.497762e-06 2.178120e-06 	 -2.404054e-06 1.554025e-05 1.432005e-06 	 1
13.250000 	 4.316053e-06 -1.183149e-05 9.494292e-06 	 -1.443840e-07 -1.650071e-08 -2.897850e-08 	 4.460437e-06 -1.181499e-05 9.523271e-06 	 1
13.750000 	 -1.533831e-05 5.352660e-06 -4.056605e-07 	 0.000000e+00 0.000000e+00 0.000000e+00 	 -1.533831e-05 5.352660e-06 -4.056605e-07 	 1
14.250000 	 -1.585520e-05 -3.176628e-06 2.570254e-06 	 0.000000e+00 0.000000e+00 0.000000e+00 	 -1.585520e-05 -3.176628e-06 2.570254e-06 	 1
14.750000 	 -7.471603e-06 3.524138e-06 -1.355337e-05 	 0.000000e+00 0.000000e+00 0.000000e+00 	 -7.471603e-06 3.524138e-06 -1.355337e-05 	 1
