# setting device to 1
# total 21584 atoms found, 0 types are presented in mapping file
# init DensityProfile_PiecewiseConst
# init AdaptRCut
# ForceCorr nx, ny, nz are 128 64 128
# reinit: start build k mat 2 ... done
# init AssignRCut
# energy correction is 0.000000
# pressure correction is 0.000000
#@ length of the neighbor list is 230
# prepare ok, start to run
# prepare ok, start to run
#*     1     2           3         4            5       6       7
#* nstep  time  nonBondedE  kineticE  temperature  totalE  Npairs
000000100 2.000000e-01 -1.4900083e+05 2.3835887e+04 7.3632321e-01 -1.2516494e+05 2.31271e+06
000000200 4.000000e-01 -1.4891327e+05 2.3727850e+04 7.3298579e-01 -1.2518541e+05 2.31299e+06
000000300 6.000000e-01 -1.4894077e+05 2.3761338e+04 7.3402029e-01 -1.2517943e+05 2.31444e+06
000000400 8.000000e-01 -1.4891312e+05 2.3735379e+04 7.3321838e-01 -1.2517775e+05 2.31693e+06
000000500 1.000000e+00 -1.4880992e+05 2.3635912e+04 7.3014572e-01 -1.2517401e+05 2.31914e+06
000000600 1.200000e+00 -1.4897292e+05 2.3796754e+04 7.3511434e-01 -1.2517617e+05 2.32056e+06
000000700 1.400000e+00 -1.4906277e+05 2.3877285e+04 7.3760206e-01 -1.2518548e+05 2.32519e+06
000000800 1.600000e+00 -1.4907517e+05 2.3896445e+04 7.3819395e-01 -1.2517873e+05 2.32754e+06
000000900 1.800000e+00 -1.4907259e+05 2.3886838e+04 7.3789716e-01 -1.2518576e+05 2.32846e+06
000001000 2.000000e+00 -1.4902306e+05 2.3846193e+04 7.3664159e-01 -1.2517687e+05 2.32877e+06
000001100 2.200000e+00 -1.4901831e+05 2.3841018e+04 7.3648171e-01 -1.2517730e+05 2.32800e+06
000001200 2.400000e+00 -1.4908012e+05 2.3892850e+04 7.3808287e-01 -1.2518727e+05 2.32867e+06
000001300 2.600000e+00 -1.4897544e+05 2.3791688e+04 7.3495783e-01 -1.2518375e+05 2.32528e+06
000001400 2.800000e+00 -1.4895981e+05 2.3774650e+04 7.3443153e-01 -1.2518516e+05 2.32185e+06
000001500 3.000000e+00 -1.4898183e+05 2.3797463e+04 7.3513624e-01 -1.2518437e+05 2.32052e+06
000001600 3.200000e+00 -1.4891264e+05 2.3719193e+04 7.3271839e-01 -1.2519345e+05 2.31826e+06
000001700 3.400000e+00 -1.4892453e+05 2.3730998e+04 7.3308305e-01 -1.2519353e+05 2.31629e+06
000001800 3.600000e+00 -1.4893984e+05 2.3750031e+04 7.3367101e-01 -1.2518981e+05 2.31456e+06
000001900 3.800000e+00 -1.4887538e+05 2.3683762e+04 7.3162386e-01 -1.2519161e+05 2.31248e+06
000002000 4.000000e+00 -1.4884128e+05 2.3656797e+04 7.3079088e-01 -1.2518448e+05 2.31354e+06
000002100 4.200000e+00 -1.4891034e+05 2.3714447e+04 7.3257178e-01 -1.2519590e+05 2.31564e+06
000002200 4.400000e+00 -1.4891219e+05 2.3712836e+04 7.3252200e-01 -1.2519935e+05 2.31959e+06
000002300 4.600000e+00 -1.4899497e+05 2.3794941e+04 7.3505835e-01 -1.2520003e+05 2.32318e+06
000002400 4.800000e+00 -1.4890772e+05 2.3712322e+04 7.3250613e-01 -1.2519540e+05 2.32360e+06
000002500 5.000000e+00 -1.4903695e+05 2.3835551e+04 7.3631283e-01 -1.2520141e+05 2.32299e+06
000002600 5.200000e+00 -1.4909914e+05 2.3894215e+04 7.3812504e-01 -1.2520492e+05 2.32785e+06
000002700 5.400000e+00 -1.4909922e+05 2.3897736e+04 7.3823383e-01 -1.2520148e+05 2.32909e+06
000002800 5.600000e+00 -1.4900359e+05 2.3802023e+04 7.3527712e-01 -1.2520157e+05 2.32839e+06
000002900 5.800000e+00 -1.4905680e+05 2.3845832e+04 7.3663043e-01 -1.2521097e+05 2.32879e+06
000003000 6.000000e+00 -1.4902894e+05 2.3824418e+04 7.3596892e-01 -1.2520452e+05 2.32629e+06
000003100 6.200000e+00 -1.4894728e+05 2.3749021e+04 7.3363982e-01 -1.2519826e+05 2.32341e+06
000003200 6.400000e+00 -1.4899400e+05 2.3786926e+04 7.3481074e-01 -1.2520708e+05 2.32059e+06
000003300 6.600000e+00 -1.4900806e+05 2.3792484e+04 7.3498245e-01 -1.2521558e+05 2.31812e+06
000003400 6.800000e+00 -1.4897514e+05 2.3761203e+04 7.3401613e-01 -1.2521394e+05 2.31629e+06
000003500 7.000000e+00 -1.4892875e+05 2.3715131e+04 7.3259289e-01 -1.2521362e+05 2.31688e+06
000003600 7.200000e+00 -1.4892764e+05 2.3718494e+04 7.3269679e-01 -1.2520915e+05 2.31767e+06
000003700 7.400001e+00 -1.4900348e+05 2.3789121e+04 7.3487855e-01 -1.2521436e+05 2.31685e+06
000003800 7.600000e+00 -1.4898600e+05 2.3774758e+04 7.3443485e-01 -1.2521124e+05 2.31816e+06
000003900 7.800000e+00 -1.4899094e+05 2.3781895e+04 7.3465532e-01 -1.2520905e+05 2.31722e+06
000004000 8.000000e+00 -1.4902594e+05 2.3810379e+04 7.3553524e-01 -1.2521556e+05 2.32056e+06
000004100 8.200001e+00 -1.4900594e+05 2.3795400e+04 7.3507253e-01 -1.2521054e+05 2.32346e+06
000004200 8.400001e+00 -1.4910631e+05 2.3886963e+04 7.3790102e-01 -1.2521935e+05 2.32523e+06
000004300 8.600000e+00 -1.4900559e+05 2.3791275e+04 7.3494510e-01 -1.2521432e+05 2.32548e+06
000004400 8.800000e+00 -1.4906509e+05 2.3855250e+04 7.3692137e-01 -1.2520984e+05 2.32710e+06
000004500 9.000000e+00 -1.4910334e+05 2.3883863e+04 7.3780527e-01 -1.2521948e+05 2.32722e+06
000004600 9.200001e+00 -1.4911153e+05 2.3894203e+04 7.3812468e-01 -1.2521733e+05 2.32673e+06
000004700 9.400001e+00 -1.4895041e+05 2.3732475e+04 7.3312867e-01 -1.2521793e+05 2.32461e+06
000004800 9.600000e+00 -1.4895614e+05 2.3742008e+04 7.3342316e-01 -1.2521413e+05 2.32294e+06
000004900 9.800000e+00 -1.4898283e+05 2.3769719e+04 7.3427919e-01 -1.2521311e+05 2.32132e+06
000005000 1.000000e+01 -1.4896216e+05 2.3744201e+04 7.3349092e-01 -1.2521795e+05 2.31928e+06
000005100 1.020000e+01 -1.4900975e+05 2.3784279e+04 7.3472898e-01 -1.2522547e+05 2.31866e+06
000005200 1.040000e+01 -1.4895178e+05 2.3729105e+04 7.3302459e-01 -1.2522267e+05 2.31496e+06
000005300 1.060000e+01 -1.4899716e+05 2.3766785e+04 7.3418857e-01 -1.2523038e+05 2.31647e+06
000005400 1.080000e+01 -1.4900991e+05 2.3783129e+04 7.3469345e-01 -1.2522678e+05 2.31569e+06
000005500 1.100000e+01 -1.4901125e+05 2.3788738e+04 7.3486673e-01 -1.2522252e+05 2.31764e+06
000005600 1.120000e+01 -1.4905006e+05 2.3829590e+04 7.3612869e-01 -1.2522047e+05 2.32148e+06
000005700 1.140000e+01 -1.4900438e+05 2.3777820e+04 7.3452946e-01 -1.2522655e+05 2.32161e+06
000005800 1.160000e+01 -1.4902984e+05 2.3806523e+04 7.3541614e-01 -1.2522332e+05 2.32459e+06
000005900 1.180000e+01 -1.4908358e+05 2.3849057e+04 7.3673004e-01 -1.2523452e+05 2.32671e+06
000006000 1.200000e+01 -1.4903705e+05 2.3808844e+04 7.3548781e-01 -1.2522820e+05 2.32656e+06
000006100 1.220000e+01 -1.4898694e+05 2.3756488e+04 7.3387048e-01 -1.2523045e+05 2.32459e+06
000006200 1.240000e+01 -1.4903197e+05 2.3803838e+04 7.3533318e-01 -1.2522813e+05 2.32453e+06
000006300 1.260000e+01 -1.4905481e+05 2.3821557e+04 7.3588053e-01 -1.2523326e+05 2.32460e+06
000006400 1.280000e+01 -1.4903244e+05 2.3797256e+04 7.3512985e-01 -1.2523518e+05 2.32414e+06
000006500 1.300000e+01 -1.4902809e+05 2.3797656e+04 7.3514222e-01 -1.2523044e+05 2.32282e+06
000006600 1.320000e+01 -1.4899048e+05 2.3761250e+04 7.3401758e-01 -1.2522923e+05 2.32006e+06
000006700 1.340000e+01 -1.4894469e+05 2.3711408e+04 7.3247790e-01 -1.2523328e+05 2.31734e+06
000006800 1.360000e+01 -1.4891319e+05 2.3680350e+04 7.3151845e-01 -1.2523284e+05 2.31692e+06
000006900 1.380000e+01 -1.4904044e+05 2.3800668e+04 7.3523525e-01 -1.2523977e+05 2.31824e+06
000007000 1.400000e+01 -1.4893419e+05 2.3696439e+04 7.3201549e-01 -1.2523775e+05 2.31844e+06
000007100 1.420000e+01 -1.4903698e+05 2.3797584e+04 7.3513998e-01 -1.2523940e+05 2.32045e+06
000007200 1.440000e+01 -1.4904803e+05 2.3807539e+04 7.3544751e-01 -1.2524049e+05 2.32053e+06
000007300 1.460000e+01 -1.4894747e+05 2.3710051e+04 7.3243596e-01 -1.2523742e+05 2.31961e+06
000007400 1.480000e+01 -1.4909106e+05 2.3843822e+04 7.3656835e-01 -1.2524724e+05 2.32296e+06
000007500 1.500000e+01 -1.4901431e+05 2.3774168e+04 7.3441663e-01 -1.2524014e+05 2.32225e+06
000007600 1.520000e+01 -1.4898162e+05 2.3736430e+04 7.3325084e-01 -1.2524520e+05 2.32483e+06
000007700 1.540000e+01 -1.4904136e+05 2.3800404e+04 7.3522711e-01 -1.2524095e+05 2.32468e+06
000007800 1.560000e+01 -1.4900734e+05 2.3760914e+04 7.3400720e-01 -1.2524643e+05 2.32476e+06
000007900 1.580000e+01 -1.4902581e+05 2.3783770e+04 7.3471324e-01 -1.2524205e+05 2.32403e+06
000008000 1.600000e+01 -1.4893816e+05 2.3697902e+04 7.3206068e-01 -1.2524025e+05 2.32233e+06
000008100 1.620000e+01 -1.4902875e+05 2.3780551e+04 7.3461380e-01 -1.2524820e+05 2.32389e+06
000008200 1.640000e+01 -1.4905758e+05 2.3809414e+04 7.3550543e-01 -1.2524816e+05 2.32142e+06
000008300 1.660000e+01 -1.4899962e+05 2.3752010e+04 7.3373213e-01 -1.2524762e+05 2.31949e+06
000008400 1.680000e+01 -1.4904417e+05 2.3794492e+04 7.3504447e-01 -1.2524968e+05 2.31862e+06
000008500 1.700000e+01 -1.4895852e+05 2.3707289e+04 7.3235065e-01 -1.2525123e+05 2.31922e+06
000008600 1.720000e+01 -1.4897925e+05 2.3723064e+04 7.3283797e-01 -1.2525619e+05 2.31859e+06
000008700 1.740000e+01 -1.4896522e+05 2.3705830e+04 7.3230558e-01 -1.2525939e+05 2.31995e+06
000008800 1.760000e+01 -1.4898712e+05 2.3727521e+04 7.3297566e-01 -1.2525960e+05 2.32187e+06
000008900 1.780000e+01 -1.4906712e+05 2.3808871e+04 7.3548866e-01 -1.2525825e+05 2.32265e+06
000009000 1.800000e+01 -1.4903980e+05 2.3780195e+04 7.3460282e-01 -1.2525960e+05 2.32461e+06
000009100 1.820000e+01 -1.4894933e+05 2.3690150e+04 7.3182121e-01 -1.2525918e+05 2.32393e+06
000009200 1.840000e+01 -1.4903986e+05 2.3784490e+04 7.3473550e-01 -1.2525537e+05 2.32516e+06
000009300 1.860000e+01 -1.4909072e+05 2.3832928e+04 7.3623180e-01 -1.2525779e+05 2.32871e+06
000009400 1.880000e+01 -1.4905969e+05 2.3797727e+04 7.3514439e-01 -1.2526196e+05 2.32823e+06
000009500 1.900000e+01 -1.4905736e+05 2.3791910e+04 7.3496471e-01 -1.2526545e+05 2.32923e+06
000009600 1.920000e+01 -1.4902894e+05 2.3768727e+04 7.3424854e-01 -1.2526021e+05 2.32603e+06
000009700 1.940000e+01 -1.4901305e+05 2.3747922e+04 7.3360585e-01 -1.2526512e+05 2.32345e+06
000009800 1.960000e+01 -1.4906295e+05 2.3798672e+04 7.3517359e-01 -1.2526428e+05 2.32304e+06
000009900 1.980000e+01 -1.4907275e+05 2.3810941e+04 7.3555261e-01 -1.2526181e+05 2.32136e+06
000010000 2.000000e+01 -1.4904166e+05 2.3775385e+04 7.3445422e-01 -1.2526627e+05 2.32078e+06
000010100 2.020000e+01 -1.4896484e+05 2.3704705e+04 7.3227083e-01 -1.2526014e+05 2.31821e+06
000010200 2.040000e+01 -1.4902400e+05 2.3756613e+04 7.3387434e-01 -1.2526739e+05 2.31926e+06
000010300 2.060000e+01 -1.4899194e+05 2.3725246e+04 7.3290537e-01 -1.2526669e+05 2.32019e+06
000010400 2.080000e+01 -1.4908166e+05 2.3816053e+04 7.3571051e-01 -1.2526560e+05 2.32093e+06
000010500 2.100000e+01 -1.4900959e+05 2.3738969e+04 7.3332928e-01 -1.2527062e+05 2.32196e+06
000010600 2.120000e+01 -1.4902997e+05 2.3757688e+04 7.3390753e-01 -1.2527228e+05 2.32287e+06
000010700 2.140000e+01 -1.4904950e+05 2.3784826e+04 7.3474588e-01 -1.2526467e+05 2.32512e+06
000010800 2.160000e+01 -1.4905269e+05 2.3789656e+04 7.3489509e-01 -1.2526303e+05 2.32629e+06
000010900 2.180000e+01 -1.4906553e+05 2.3804309e+04 7.3534772e-01 -1.2526122e+05 2.32669e+06
000011000 2.200000e+01 -1.4902272e+05 2.3754875e+04 7.3382064e-01 -1.2526784e+05 2.32698e+06
000011100 2.220000e+01 -1.4907288e+05 2.3812514e+04 7.3560118e-01 -1.2526036e+05 2.32708e+06
000011200 2.240000e+01 -1.4904969e+05 2.3795125e+04 7.3506402e-01 -1.2525456e+05 2.32618e+06
000011300 2.260000e+01 -1.4909944e+05 2.3846434e+04 7.3664902e-01 -1.2525300e+05 2.32551e+06
000011400 2.280000e+01 -1.4905784e+05 2.3818072e+04 7.3577289e-01 -1.2523977e+05 2.32355e+06
000011500 2.300000e+01 -1.4907111e+05 2.3842260e+04 7.3652008e-01 -1.2522885e+05 2.32218e+06
000011600 2.320000e+01 -1.4914864e+05 2.3937875e+04 7.3947377e-01 -1.2521077e+05 2.32518e+06
000011700 2.340000e+01 -1.4911467e+05 2.3918680e+04 7.3888080e-01 -1.2519599e+05 2.32590e+06
000011800 2.360000e+01 -1.4900297e+05 2.3823072e+04 7.3592735e-01 -1.2517990e+05 2.32856e+06
000011900 2.380000e+01 -1.4889058e+05 2.3732885e+04 7.3314134e-01 -1.2515770e+05 2.32867e+06
000012000 2.400000e+01 -1.4883114e+05 2.3694918e+04 7.3196849e-01 -1.2513622e+05 2.33236e+06
000012100 2.420000e+01 -1.4856203e+05 2.3459936e+04 7.2470956e-01 -1.2510209e+05 2.33437e+06
000012200 2.440000e+01 -1.4850562e+05 2.3414594e+04 7.2330889e-01 -1.2509103e+05 2.34082e+06
000012300 2.460000e+01 -1.4821353e+05 2.3159072e+04 7.1541548e-01 -1.2505446e+05 2.34099e+06
000012400 2.480000e+01 -1.4804634e+05 2.3019426e+04 7.1110161e-01 -1.2502692e+05 2.33891e+06
000012500 2.500000e+01 -1.4782494e+05 2.2817080e+04 7.0485087e-01 -1.2500786e+05 2.33660e+06
000012600 2.520000e+01 -1.4768583e+05 2.2698035e+04 7.0117341e-01 -1.2498780e+05 2.33339e+06
000012700 2.540000e+01 -1.4741980e+05 2.2444465e+04 6.9334028e-01 -1.2497533e+05 2.32648e+06
000012800 2.560000e+01 -1.4711181e+05 2.2151578e+04 6.8429261e-01 -1.2496023e+05 2.31760e+06
000012900 2.580000e+01 -1.4675097e+05 2.1801766e+04 6.7348642e-01 -1.2494920e+05 2.30391e+06
000013000 2.600000e+01 -1.4645730e+05 2.1501725e+04 6.6421774e-01 -1.2495557e+05 2.29135e+06
000013100 2.620000e+01 -1.4625025e+05 2.1296539e+04 6.5787928e-01 -1.2495371e+05 2.28240e+06
000013200 2.640000e+01 -1.4595403e+05 2.0995797e+04 6.4858894e-01 -1.2495823e+05 2.27272e+06
000013300 2.660000e+01 -1.4579897e+05 2.0826627e+04 6.4336305e-01 -1.2497234e+05 2.26377e+06
000013400 2.680000e+01 -1.4555069e+05 2.0580445e+04 6.3575816e-01 -1.2497024e+05 2.25396e+06
000013500 2.700000e+01 -1.4536362e+05 2.0384234e+04 6.2969694e-01 -1.2497939e+05 2.24813e+06
000013600 2.720000e+01 -1.4514384e+05 2.0159883e+04 6.2276641e-01 -1.2498396e+05 2.24790e+06
000013700 2.740000e+01 -1.4505958e+05 2.0073895e+04 6.2011011e-01 -1.2498569e+05 2.24650e+06
000013800 2.760000e+01 -1.4505497e+05 2.0066590e+04 6.1988446e-01 -1.2498838e+05 2.24732e+06
000013900 2.780000e+01 -1.4465070e+05 1.9660488e+04 6.0733943e-01 -1.2499022e+05 2.24575e+06
000014000 2.800000e+01 -1.4472662e+05 1.9742459e+04 6.0987161e-01 -1.2498416e+05 2.24537e+06
000014100 2.820000e+01 -1.4451731e+05 1.9532229e+04 6.0337731e-01 -1.2498509e+05 2.24417e+06
000014200 2.840000e+01 -1.4443703e+05 1.9444023e+04 6.0065253e-01 -1.2499301e+05 2.24268e+06
000014300 2.860000e+01 -1.4435445e+05 1.9348863e+04 5.9771290e-01 -1.2500559e+05 2.23835e+06
000014400 2.880000e+01 -1.4430122e+05 1.9280285e+04 5.9559443e-01 -1.2502094e+05 2.23713e+06
000014500 2.900000e+01 -1.4428225e+05 1.9246656e+04 5.9455559e-01 -1.2503559e+05 2.23415e+06
000014600 2.920000e+01 -1.4417178e+05 1.9131805e+04 5.9100767e-01 -1.2503998e+05 2.23063e+06
000014700 2.940000e+01 -1.4413747e+05 1.9092477e+04 5.8979277e-01 -1.2504499e+05 2.22953e+06
000014800 2.960000e+01 -1.4419962e+05 1.9153592e+04 5.9168070e-01 -1.2504603e+05 2.22554e+06
000014900 2.980000e+01 -1.4401188e+05 1.8959848e+04 5.8569568e-01 -1.2505203e+05 2.22373e+06
000015000 3.000000e+01 -1.4410997e+05 1.9064408e+04 5.8892570e-01 -1.2504556e+05 2.22365e+06
000015100 3.020000e+01 -1.4395353e+05 1.8913117e+04 5.8425211e-01 -1.2504041e+05 2.22526e+06
000015200 3.040000e+01 -1.4397316e+05 1.8936320e+04 5.8496889e-01 -1.2503684e+05 2.22970e+06
000015300 3.060000e+01 -1.4387928e+05 1.8852027e+04 5.8236496e-01 -1.2502725e+05 2.23173e+06
000015400 3.080000e+01 -1.4383359e+05 1.8806875e+04 5.8097014e-01 -1.2502672e+05 2.23338e+06
000015500 3.100000e+01 -1.4381238e+05 1.8800289e+04 5.8076669e-01 -1.2501209e+05 2.23544e+06
000015600 3.120000e+01 -1.4372880e+05 1.8721865e+04 5.7834408e-01 -1.2500693e+05 2.23609e+06
000015700 3.140000e+01 -1.4371733e+05 1.8725605e+04 5.7845962e-01 -1.2499172e+05 2.23597e+06
000015800 3.160000e+01 -1.4365845e+05 1.8663484e+04 5.7654061e-01 -1.2499497e+05 2.23315e+06
000015900 3.180000e+01 -1.4355303e+05 1.8551611e+04 5.7308470e-01 -1.2500142e+05 2.23099e+06
000016000 3.200000e+01 -1.4350166e+05 1.8502285e+04 5.7156095e-01 -1.2499938e+05 2.22841e+06
000016100 3.220000e+01 -1.4348578e+05 1.8484043e+04 5.7099742e-01 -1.2500173e+05 2.22403e+06
000016200 3.240000e+01 -1.4342812e+05 1.8408924e+04 5.6867689e-01 -1.2501920e+05 2.22142e+06
000016300 3.260000e+01 -1.4332291e+05 1.8283490e+04 5.6480207e-01 -1.2503941e+05 2.21826e+06
000016400 3.280000e+01 -1.4333209e+05 1.8275742e+04 5.6456272e-01 -1.2505635e+05 2.21525e+06
000016500 3.300000e+01 -1.4331634e+05 1.8250133e+04 5.6377161e-01 -1.2506621e+05 2.21400e+06
000016600 3.320000e+01 -1.4330800e+05 1.8228469e+04 5.6310238e-01 -1.2507953e+05 2.21249e+06
000016700 3.340000e+01 -1.4330250e+05 1.8208484e+04 5.6248504e-01 -1.2509402e+05 2.21292e+06
000016800 3.360000e+01 -1.4320141e+05 1.8096104e+04 5.5901344e-01 -1.2510530e+05 2.20922e+06
000016900 3.380000e+01 -1.4318928e+05 1.8074316e+04 5.5834040e-01 -1.2511497e+05 2.20836e+06
000017000 3.400000e+01 -1.4322753e+05 1.8108908e+04 5.5940899e-01 -1.2511862e+05 2.20746e+06
000017100 3.420000e+01 -1.4313208e+05 1.8016982e+04 5.5656928e-01 -1.2511509e+05 2.20678e+06
000017200 3.440000e+01 -1.4318350e+05 1.8070504e+04 5.5822263e-01 -1.2511300e+05 2.20736e+06
000017300 3.460000e+01 -1.4316569e+05 1.8062199e+04 5.5796609e-01 -1.2510348e+05 2.21062e+06
000017400 3.480000e+01 -1.4320512e+05 1.8109594e+04 5.5943017e-01 -1.2509553e+05 2.21392e+06
000017500 3.500000e+01 -1.4324577e+05 1.8156631e+04 5.6088321e-01 -1.2508913e+05 2.21672e+06
000017600 3.520000e+01 -1.4333100e+05 1.8249352e+04 5.6374748e-01 -1.2508165e+05 2.21698e+06
000017700 3.540000e+01 -1.4329155e+05 1.8223062e+04 5.6293538e-01 -1.2506848e+05 2.21875e+06
000017800 3.560000e+01 -1.4332739e+05 1.8268090e+04 5.6432633e-01 -1.2505930e+05 2.22050e+06
000017900 3.580000e+01 -1.4334869e+05 1.8298537e+04 5.6526689e-01 -1.2505015e+05 2.22270e+06
000018000 3.600000e+01 -1.4327620e+05 1.8227055e+04 5.6305870e-01 -1.2504915e+05 2.22609e+06
000018100 3.620000e+01 -1.4338538e+05 1.8333895e+04 5.6635913e-01 -1.2505148e+05 2.22784e+06
000018200 3.640000e+01 -1.4346972e+05 1.8419963e+04 5.6901790e-01 -1.2504976e+05 2.22922e+06
000018300 3.660000e+01 -1.4344206e+05 1.8396426e+04 5.6829080e-01 -1.2504564e+05 2.22976e+06
000018400 3.680000e+01 -1.4338867e+05 1.8336930e+04 5.6645289e-01 -1.2505174e+05 2.22964e+06
000018500 3.700000e+01 -1.4344861e+05 1.8394496e+04 5.6823119e-01 -1.2505411e+05 2.22758e+06
000018600 3.720000e+01 -1.4332264e+05 1.8258277e+04 5.6402321e-01 -1.2506436e+05 2.22475e+06
000018700 3.740000e+01 -1.4339473e+05 1.8326453e+04 5.6612925e-01 -1.2506828e+05 2.22440e+06
000018800 3.760000e+01 -1.4324456e+05 1.8174758e+04 5.6144318e-01 -1.2506980e+05 2.22254e+06
000018900 3.780000e+01 -1.4333730e+05 1.8258498e+04 5.6403003e-01 -1.2507880e+05 2.22160e+06
000019000 3.800000e+01 -1.4319220e+05 1.8111023e+04 5.5947434e-01 -1.2508118e+05 2.21928e+06
000019100 3.820000e+01 -1.4325447e+05 1.8170879e+04 5.6132335e-01 -1.2508359e+05 2.21641e+06
000019200 3.840000e+01 -1.4323128e+05 1.8144168e+04 5.6049822e-01 -1.2508711e+05 2.21140e+06
000019300 3.860000e+01 -1.4315073e+05 1.8065301e+04 5.5806190e-01 -1.2508544e+05 2.20966e+06
000019400 3.880000e+01 -1.4306606e+05 1.7978484e+04 5.5538002e-01 -1.2508758e+05 2.21070e+06
000019500 3.900000e+01 -1.4305100e+05 1.7968945e+04 5.5508535e-01 -1.2508205e+05 2.20936e+06
000019600 3.920000e+01 -1.4315706e+05 1.8072277e+04 5.5827742e-01 -1.2508478e+05 2.21085e+06
000019700 3.940000e+01 -1.4318719e+05 1.8106762e+04 5.5934268e-01 -1.2508042e+05 2.21122e+06
000019800 3.960000e+01 -1.4316730e+05 1.8085664e+04 5.5869095e-01 -1.2508163e+05 2.21078e+06
000019900 3.980000e+01 -1.4319766e+05 1.8120082e+04 5.5975417e-01 -1.2507758e+05 2.21326e+06
000020000 4.000000e+01 -1.4315853e+05 1.8088609e+04 5.5878193e-01 -1.2506992e+05 2.21217e+06
000020100 4.020000e+01 -1.4326525e+05 1.8199381e+04 5.6220382e-01 -1.2506587e+05 2.21100e+06
000020200 4.040000e+01 -1.4318984e+05 1.8132162e+04 5.6012734e-01 -1.2505768e+05 2.21000e+06
000020300 4.060000e+01 -1.4318236e+05 1.8131961e+04 5.6012112e-01 -1.2505040e+05 2.21283e+06
000020400 4.080000e+01 -1.4315877e+05 1.8116115e+04 5.5963163e-01 -1.2504265e+05 2.21331e+06
000020500 4.100000e+01 -1.4320803e+05 1.8157195e+04 5.6090065e-01 -1.2505084e+05 2.21380e+06
000020600 4.120000e+01 -1.4325103e+05 1.8216033e+04 5.6271823e-01 -1.2503500e+05 2.21282e+06
000020700 4.140000e+01 -1.4315002e+05 1.8108555e+04 5.5939807e-01 -1.2504146e+05 2.21311e+06
000020800 4.160000e+01 -1.4321397e+05 1.8175281e+04 5.6145935e-01 -1.2503869e+05 2.21220e+06
000020900 4.180000e+01 -1.4319034e+05 1.8146684e+04 5.6057593e-01 -1.2504366e+05 2.21359e+06
000021000 4.200000e+01 -1.4316278e+05 1.8127404e+04 5.5998036e-01 -1.2503538e+05 2.21269e+06
000021100 4.220000e+01 -1.4314855e+05 1.8109848e+04 5.5943801e-01 -1.2503870e+05 2.21257e+06
000021200 4.240000e+01 -1.4321617e+05 1.8177521e+04 5.6152855e-01 -1.2503865e+05 2.21296e+06
000021300 4.260000e+01 -1.4326872e+05 1.8228895e+04 5.6311553e-01 -1.2503983e+05 2.21239e+06
000021400 4.280000e+01 -1.4318794e+05 1.8144234e+04 5.6050027e-01 -1.2504370e+05 2.21202e+06
000021500 4.300000e+01 -1.4314525e+05 1.8090164e+04 5.5882996e-01 -1.2505509e+05 2.21081e+06
000021600 4.320000e+01 -1.4317808e+05 1.8122922e+04 5.5984189e-01 -1.2505516e+05 2.21054e+06
000021700 4.340000e+01 -1.4318239e+05 1.8128605e+04 5.6001747e-01 -1.2505378e+05 2.21068e+06
000021800 4.360000e+01 -1.4316831e+05 1.8102449e+04 5.5920947e-01 -1.2506586e+05 2.21109e+06
000021900 4.380000e+01 -1.4314769e+05 1.8088789e+04 5.5878748e-01 -1.2505890e+05 2.20958e+06
000022000 4.400000e+01 -1.4311052e+05 1.8055332e+04 5.5775395e-01 -1.2505519e+05 2.21077e+06
000022100 4.420000e+01 -1.4320453e+05 1.8150383e+04 5.6069020e-01 -1.2505415e+05 2.20982e+06
000022200 4.440000e+01 -1.4321594e+05 1.8165051e+04 5.6114331e-01 -1.2505089e+05 2.20930e+06
000022300 4.460000e+01 -1.4319106e+05 1.8142279e+04 5.6043987e-01 -1.2504878e+05 2.21034e+06
000022400 4.480000e+01 -1.4319525e+05 1.8148367e+04 5.6062793e-01 -1.2504688e+05 2.21226e+06
000022500 4.500000e+01 -1.4322238e+05 1.8184098e+04 5.6173170e-01 -1.2503828e+05 2.21254e+06
000022600 4.520000e+01 -1.4317545e+05 1.8140266e+04 5.6037767e-01 -1.2503519e+05 2.21210e+06
000022700 4.540000e+01 -1.4325106e+05 1.8221059e+04 5.6287347e-01 -1.2503000e+05 2.21283e+06
000022800 4.560000e+01 -1.4324456e+05 1.8214340e+04 5.6266592e-01 -1.2503022e+05 2.21342e+06
000022900 4.580000e+01 -1.4316041e+05 1.8133613e+04 5.6017217e-01 -1.2502680e+05 2.21399e+06
000023000 4.600000e+01 -1.4323606e+05 1.8214533e+04 5.6267189e-01 -1.2502153e+05 2.21467e+06
000023100 4.620000e+01 -1.4332831e+05 1.8318865e+04 5.6589485e-01 -1.2500945e+05 2.21632e+06
000023200 4.640000e+01 -1.4324605e+05 1.8237393e+04 5.6337805e-01 -1.2500866e+05 2.21680e+06
000023300 4.660000e+01 -1.4339341e+05 1.8393758e+04 5.6820839e-01 -1.2499965e+05 2.21756e+06
000023400 4.680000e+01 -1.4335084e+05 1.8354381e+04 5.6699198e-01 -1.2499646e+05 2.21850e+06
000023500 4.700000e+01 -1.4334653e+05 1.8339309e+04 5.6652638e-01 -1.2500722e+05 2.21757e+06
000023600 4.720000e+01 -1.4321925e+05 1.8219717e+04 5.6283202e-01 -1.2499953e+05 2.21479e+06
000023700 4.740000e+01 -1.4337489e+05 1.8377711e+04 5.6771268e-01 -1.2499718e+05 2.21426e+06
000023800 4.760000e+01 -1.4337638e+05 1.8379912e+04 5.6778067e-01 -1.2499646e+05 2.21389e+06
000023900 4.780000e+01 -1.4327947e+05 1.8286797e+04 5.6490422e-01 -1.2499267e+05 2.21307e+06
000024000 4.800000e+01 -1.4326159e+05 1.8269344e+04 5.6436507e-01 -1.2499225e+05 2.21205e+06
000024100 4.820000e+01 -1.4327422e+05 1.8286520e+04 5.6489565e-01 -1.2498770e+05 2.21234e+06
000024200 4.840000e+01 -1.4332781e+05 1.8342453e+04 5.6662352e-01 -1.2498536e+05 2.21153e+06
000024300 4.860000e+01 -1.4334872e+05 1.8363473e+04 5.6727284e-01 -1.2498525e+05 2.21189e+06
000024400 4.880000e+01 -1.4334931e+05 1.8364648e+04 5.6730916e-01 -1.2498466e+05 2.21253e+06
000024500 4.900000e+01 -1.4337311e+05 1.8397346e+04 5.6831922e-01 -1.2497577e+05 2.21273e+06
000024600 4.920000e+01 -1.4335309e+05 1.8375836e+04 5.6765476e-01 -1.2497726e+05 2.21383e+06
000024700 4.940000e+01 -1.4338881e+05 1.8417328e+04 5.6893651e-01 -1.2497148e+05 2.21320e+06
000024800 4.960000e+01 -1.4348030e+05 1.8511379e+04 5.7184186e-01 -1.2496892e+05 2.21387e+06
000024900 4.980000e+01 -1.4331541e+05 1.8347826e+04 5.6678950e-01 -1.2496758e+05 2.21325e+06
000025000 5.000000e+01 -1.4332125e+05 1.8353309e+04 5.6695886e-01 -1.2496794e+05 2.21269e+06
000025100 5.020000e+01 -1.4332977e+05 1.8365473e+04 5.6733462e-01 -1.2496430e+05 2.21319e+06
000025200 5.040000e+01 -1.4343820e+05 1.8477467e+04 5.7079427e-01 -1.2496073e+05 2.21363e+06
000025300 5.060000e+01 -1.4329492e+05 1.8337795e+04 5.6647962e-01 -1.2495712e+05 2.21224e+06
000025400 5.080000e+01 -1.4340566e+05 1.8444684e+04 5.6978155e-01 -1.2496097e+05 2.21093e+06
000025500 5.100000e+01 -1.4343431e+05 1.8482223e+04 5.7094119e-01 -1.2495209e+05 2.21150e+06
000025600 5.120000e+01 -1.4337569e+05 1.8427180e+04 5.6924083e-01 -1.2494851e+05 2.21156e+06
000025700 5.140000e+01 -1.4342125e+05 1.8473758e+04 5.7067970e-01 -1.2494749e+05 2.21166e+06
000025800 5.160000e+01 -1.4344767e+05 1.8505113e+04 5.7164831e-01 -1.2494256e+05 2.21232e+06
000025900 5.180000e+01 -1.4346956e+05 1.8527949e+04 5.7235374e-01 -1.2494161e+05 2.21273e+06
000026000 5.200000e+01 -1.4337920e+05 1.8438816e+04 5.6960031e-01 -1.2494039e+05 2.21285e+06
000026100 5.220000e+01 -1.4333123e+05 1.8390109e+04 5.6809568e-01 -1.2494112e+05 2.21306e+06
000026200 5.240000e+01 -1.4352152e+05 1.8589539e+04 5.7425634e-01 -1.2493198e+05 2.21369e+06
000026300 5.260000e+01 -1.4341452e+05 1.8477611e+04 5.7079874e-01 -1.2493691e+05 2.21268e+06
000026400 5.280000e+01 -1.4341494e+05 1.8478271e+04 5.7081913e-01 -1.2493666e+05 2.21377e+06
000026500 5.300000e+01 -1.4351562e+05 1.8579033e+04 5.7393180e-01 -1.2493659e+05 2.21544e+06
000026600 5.320000e+01 -1.4348053e+05 1.8552109e+04 5.7310008e-01 -1.2492842e+05 2.21569e+06
000026700 5.340000e+01 -1.4351422e+05 1.8588082e+04 5.7421133e-01 -1.2492614e+05 2.21620e+06
000026800 5.360000e+01 -1.4360852e+05 1.8689127e+04 5.7733274e-01 -1.2491939e+05 2.21583e+06
000026900 5.380000e+01 -1.4359050e+05 1.8670979e+04 5.7677211e-01 -1.2491952e+05 2.21537e+06
000027000 5.400000e+01 -1.4360803e+05 1.8692668e+04 5.7744213e-01 -1.2491536e+05 2.21401e+06
000027100 5.420000e+01 -1.4356297e+05 1.8650057e+04 5.7612581e-01 -1.2491291e+05 2.21329e+06
000027200 5.440000e+01 -1.4356036e+05 1.8648773e+04 5.7608617e-01 -1.2491159e+05 2.21310e+06
000027300 5.460000e+01 -1.4356453e+05 1.8649721e+04 5.7611543e-01 -1.2491481e+05 2.21302e+06
000027400 5.480000e+01 -1.4361664e+05 1.8707182e+04 5.7789048e-01 -1.2490946e+05 2.21402e+06
000027500 5.500000e+01 -1.4365412e+05 1.8747164e+04 5.7912559e-01 -1.2490696e+05 2.21514e+06
000027600 5.520000e+01 -1.4353828e+05 1.8624938e+04 5.7534984e-01 -1.2491334e+05 2.21493e+06
000027700 5.540000e+01 -1.4358338e+05 1.8681734e+04 5.7710438e-01 -1.2490164e+05 2.21556e+06
000027800 5.560000e+01 -1.4355728e+05 1.8662451e+04 5.7650869e-01 -1.2489483e+05 2.21522e+06
000027900 5.580000e+01 -1.4352284e+05 1.8634258e+04 5.7563776e-01 -1.2488859e+05 2.21550e+06
000028000 5.600000e+01 -1.4367317e+05 1.8782441e+04 5.8021536e-01 -1.2489073e+05 2.21617e+06
000028100 5.620000e+01 -1.4358358e+05 1.8692336e+04 5.7743187e-01 -1.2489124e+05 2.21552e+06
000028200 5.640000e+01 -1.4360923e+05 1.8723723e+04 5.7840145e-01 -1.2488552e+05 2.21593e+06
000028300 5.660000e+01 -1.4362588e+05 1.8746330e+04 5.7909983e-01 -1.2487955e+05 2.21508e+06
000028400 5.680000e+01 -1.4366266e+05 1.8781738e+04 5.8019364e-01 -1.2488092e+05 2.21588e+06
000028500 5.700000e+01 -1.4364653e+05 1.8772770e+04 5.7991658e-01 -1.2487377e+05 2.21619e+06
000028600 5.720000e+01 -1.4370884e+05 1.8840277e+04 5.8200199e-01 -1.2486856e+05 2.21737e+06
000028700 5.740000e+01 -1.4378488e+05 1.8916186e+04 5.8434690e-01 -1.2486869e+05 2.21890e+06
000028800 5.760000e+01 -1.4364589e+05 1.8779742e+04 5.8013197e-01 -1.2486615e+05 2.21973e+06
000028900 5.780000e+01 -1.4364378e+05 1.8774438e+04 5.7996810e-01 -1.2486934e+05 2.21894e+06
000029000 5.800000e+01 -1.4363300e+05 1.8766418e+04 5.7972037e-01 -1.2486658e+05 2.21909e+06
000029100 5.820000e+01 -1.4374131e+05 1.8878891e+04 5.8319480e-01 -1.2486242e+05 2.21797e+06
000029200 5.840000e+01 -1.4382759e+05 1.8963820e+04 5.8581840e-01 -1.2486377e+05 2.21781e+06
000029300 5.860000e+01 -1.4371058e+05 1.8844211e+04 5.8212350e-01 -1.2486637e+05 2.21865e+06
000029400 5.880000e+01 -1.4371392e+05 1.8853262e+04 5.8240309e-01 -1.2486066e+05 2.21711e+06
000029500 5.900000e+01 -1.4374075e+05 1.8882559e+04 5.8330811e-01 -1.2485819e+05 2.21857e+06
000029600 5.920000e+01 -1.4379409e+05 1.8933371e+04 5.8487778e-01 -1.2486072e+05 2.21820e+06
000029700 5.940000e+01 -1.4378739e+05 1.8929316e+04 5.8475253e-01 -1.2485808e+05 2.21698e+06
000029800 5.960000e+01 -1.4372961e+05 1.8874188e+04 5.8304952e-01 -1.2485542e+05 2.21334e+06
000029900 5.980000e+01 -1.4370700e+05 1.8851848e+04 5.8235941e-01 -1.2485516e+05 2.21109e+06
000030000 6.000000e+01 -1.4360784e+05 1.8754074e+04 5.7933905e-01 -1.2485377e+05 2.21049e+06
000030100 6.020000e+01 -1.4379441e+05 1.8941865e+04 5.8514018e-01 -1.2485254e+05 2.21172e+06
000030200 6.040000e+01 -1.4370169e+05 1.8859256e+04 5.8258826e-01 -1.2484243e+05 2.21277e+06
000030300 6.060000e+01 -1.4376316e+05 1.8914781e+04 5.8430352e-01 -1.2484838e+05 2.21690e+06
000030400 6.080000e+01 -1.4377850e+05 1.8939664e+04 5.8507218e-01 -1.2483884e+05 2.21876e+06
000030500 6.100000e+01 -1.4379491e+05 1.8957832e+04 5.8563341e-01 -1.2483708e+05 2.22040e+06
000030600 6.120000e+01 -1.4383544e+05 1.9000607e+04 5.8695480e-01 -1.2483483e+05 2.21948e+06
000030700 6.140000e+01 -1.4372258e+05 1.8884213e+04 5.8335922e-01 -1.2483837e+05 2.21915e+06
000030800 6.160000e+01 -1.4371152e+05 1.8872297e+04 5.8299111e-01 -1.2483922e+05 2.21902e+06
000030900 6.180000e+01 -1.4377809e+05 1.8940410e+04 5.8509523e-01 -1.2483769e+05 2.22011e+06
000031000 6.200000e+01 -1.4382931e+05 1.8987498e+04 5.8654984e-01 -1.2484181e+05 2.21903e+06
000031100 6.220000e+01 -1.4379197e+05 1.8950590e+04 5.8540969e-01 -1.2484138e+05 2.21983e+06
000031200 6.240000e+01 -1.4376520e+05 1.8920438e+04 5.8447824e-01 -1.2484477e+05 2.21879e+06
000031300 6.260000e+01 -1.4384069e+05 1.8997645e+04 5.8686328e-01 -1.2484305e+05 2.21824e+06
000031400 6.280000e+01 -1.4370638e+05 1.8863980e+04 5.8273421e-01 -1.2484239e+05 2.21714e+06
000031500 6.300000e+01 -1.4380106e+05 1.8954863e+04 5.8554170e-01 -1.2484620e+05 2.21353e+06
000031600 6.320000e+01 -1.4381016e+05 1.8961766e+04 5.8575493e-01 -1.2484839e+05 2.21113e+06
000031700 6.340000e+01 -1.4371053e+05 1.8863812e+04 5.8272902e-01 -1.2484672e+05 2.21086e+06
000031800 6.360000e+01 -1.4387734e+05 1.9031928e+04 5.8792233e-01 -1.2484541e+05 2.21166e+06
000031900 6.380000e+01 -1.4382534e+05 1.8980180e+04 5.8632376e-01 -1.2484516e+05 2.21216e+06
000032000 6.400000e+01 -1.4382238e+05 1.8979650e+04 5.8630741e-01 -1.2484273e+05 2.21269e+06
000032100 6.420000e+01 -1.4378625e+05 1.8945061e+04 5.8523888e-01 -1.2484119e+05 2.21387e+06
000032200 6.440000e+01 -1.4374294e+05 1.8897104e+04 5.8375743e-01 -1.2484584e+05 2.21449e+06
000032300 6.460001e+01 -1.4365480e+05 1.8812248e+04 5.8113612e-01 -1.2484255e+05 2.21205e+06
000032400 6.480000e+01 -1.4384809e+05 1.9003053e+04 5.8703034e-01 -1.2484504e+05 2.21261e+06
000032500 6.500000e+01 -1.4373147e+05 1.8888461e+04 5.8349044e-01 -1.2484301e+05 2.21198e+06
000032600 6.520000e+01 -1.4389003e+05 1.9047152e+04 5.8839264e-01 -1.2484288e+05 2.21303e+06
000032700 6.540000e+01 -1.4384478e+05 1.9006785e+04 5.8714564e-01 -1.2483800e+05 2.21516e+06
000032800 6.560001e+01 -1.4389228e+05 1.9056477e+04 5.8868068e-01 -1.2483580e+05 2.21580e+06
000032900 6.580000e+01 -1.4387750e+05 1.9046877e+04 5.8838413e-01 -1.2483062e+05 2.21743e+06
000033000 6.600000e+01 -1.4384428e+05 1.9006484e+04 5.8713635e-01 -1.2483780e+05 2.21760e+06
000033100 6.620000e+01 -1.4387869e+05 1.9036100e+04 5.8805121e-01 -1.2484259e+05 2.21603e+06
000033200 6.640000e+01 -1.4375384e+05 1.8907662e+04 5.8408360e-01 -1.2484618e+05 2.21337e+06
000033300 6.660001e+01 -1.4372339e+05 1.8881305e+04 5.8326938e-01 -1.2484209e+05 2.21181e+06
000033400 6.680000e+01 -1.4387738e+05 1.9035930e+04 5.8804596e-01 -1.2484145e+05 2.21250e+06
000033500 6.700000e+01 -1.4380908e+05 1.8971980e+04 5.8607048e-01 -1.2483709e+05 2.21248e+06
000033600 6.720000e+01 -1.4382864e+05 1.8992369e+04 5.8670031e-01 -1.2483627e+05 2.21149e+06
000033700 6.740000e+01 -1.4387022e+05 1.9034719e+04 5.8800855e-01 -1.2483550e+05 2.21054e+06
000033800 6.760001e+01 -1.4380322e+05 1.8964814e+04 5.8584911e-01 -1.2483841e+05 2.20795e+06
000033900 6.780000e+01 -1.4372266e+05 1.8884773e+04 5.8337653e-01 -1.2483788e+05 2.20805e+06
000034000 6.800000e+01 -1.4381145e+05 1.8969059e+04 5.8598022e-01 -1.2484239e+05 2.20669e+06
000034100 6.820000e+01 -1.4371930e+05 1.8885164e+04 5.8338860e-01 -1.2483413e+05 2.20845e+06
000034200 6.840000e+01 -1.4379627e+05 1.8958188e+04 5.8564439e-01 -1.2483808e+05 2.21096e+06
000034300 6.860001e+01 -1.4378745e+05 1.8958895e+04 5.8566624e-01 -1.2482856e+05 2.21283e+06
000034400 6.880000e+01 -1.4372772e+05 1.8900984e+04 5.8387731e-01 -1.2482673e+05 2.21587e+06
000034500 6.900000e+01 -1.4376464e+05 1.8939543e+04 5.8506844e-01 -1.2482509e+05 2.21571e+06
000034600 6.920000e+01 -1.4377003e+05 1.8937492e+04 5.8500509e-01 -1.2483254e+05 2.21497e+06
000034700 6.940000e+01 -1.4387722e+05 1.9046445e+04 5.8837080e-01 -1.2483077e+05 2.21488e+06
000034800 6.960001e+01 -1.4379619e+05 1.8970680e+04 5.8603029e-01 -1.2482551e+05 2.21308e+06
000034900 6.980000e+01 -1.4385812e+05 1.9034547e+04 5.8800324e-01 -1.2482358e+05 2.21332e+06
000035000 7.000000e+01 -1.4375291e+05 1.8938234e+04 5.8502801e-01 -1.2481467e+05 2.21128e+06
000035100 7.020000e+01 -1.4393297e+05 1.9121047e+04 5.9067534e-01 -1.2481192e+05 2.21217e+06
000035200 7.040000e+01 -1.4383706e+05 1.9023762e+04 5.8767007e-01 -1.2481330e+05 2.21530e+06
000035300 7.060001e+01 -1.4380217e+05 1.8994344e+04 5.8676131e-01 -1.2480783e+05 2.21581e+06
000035400 7.080000e+01 -1.4382778e+05 1.9014934e+04 5.8739736e-01 -1.2481284e+05 2.21502e+06
000035500 7.100000e+01 -1.4390619e+05 1.9094650e+04 5.8985992e-01 -1.2481154e+05 2.21392e+06
000035600 7.120000e+01 -1.4379748e+05 1.8988699e+04 5.8658694e-01 -1.2480878e+05 2.21266e+06
000035700 7.140000e+01 -1.4396409e+05 1.9149629e+04 5.9155828e-01 -1.2481447e+05 2.21476e+06
000035800 7.160001e+01 -1.4381720e+05 1.9009957e+04 5.8724363e-01 -1.2480725e+05 2.21375e+06
000035900 7.180000e+01 -1.4386450e+05 1.9059727e+04 5.8878107e-01 -1.2480477e+05 2.21288e+06
000036000 7.200000e+01 -1.4383094e+05 1.9024072e+04 5.8767966e-01 -1.2480687e+05 2.21305e+06
000036100 7.220000e+01 -1.4380228e+05 1.8998105e+04 5.8687751e-01 -1.2480417e+05 2.21157e+06
000036200 7.240000e+01 -1.4385819e+05 1.9050811e+04 5.8850565e-01 -1.2480738e+05 2.21055e+06
000036300 7.260001e+01 -1.4385494e+05 1.9050896e+04 5.8850830e-01 -1.2480404e+05 2.21096e+06
000036400 7.280000e+01 -1.4390869e+05 1.9107408e+04 5.9025403e-01 -1.2480128e+05 2.21256e+06
000036500 7.300000e+01 -1.4390352e+05 1.9108615e+04 5.9029131e-01 -1.2479490e+05 2.21638e+06
000036600 7.320000e+01 -1.4398800e+05 1.9199646e+04 5.9310339e-01 -1.2478835e+05 2.21880e+06
000036700 7.340000e+01 -1.4396027e+05 1.9168363e+04 5.9213701e-01 -1.2479191e+05 2.21947e+06
000036800 7.360001e+01 -1.4399203e+05 1.9202223e+04 5.9318297e-01 -1.2478981e+05 2.21890e+06
000036900 7.380000e+01 -1.4395441e+05 1.9161178e+04 5.9191504e-01 -1.2479323e+05 2.21867e+06
000037000 7.400000e+01 -1.4380955e+05 1.9025145e+04 5.8771279e-01 -1.2478441e+05 2.21725e+06
000037100 7.420000e+01 -1.4385961e+05 1.9074375e+04 5.8923359e-01 -1.2478523e+05 2.21676e+06
000037200 7.440000e+01 -1.4383250e+05 1.9044914e+04 5.8832350e-01 -1.2478759e+05 2.21750e+06
000037300 7.460001e+01 -1.4391312e+05 1.9128488e+04 5.9090522e-01 -1.2478464e+05 2.21650e+06
000037400 7.480000e+01 -1.4391967e+05 1.9141285e+04 5.9130053e-01 -1.2477839e+05 2.21717e+06
000037500 7.500000e+01 -1.4407344e+05 1.9293498e+04 5.9600260e-01 -1.2477994e+05 2.21633e+06
000037600 7.520000e+01 -1.4390612e+05 1.9131191e+04 5.9098872e-01 -1.2477494e+05 2.21484e+06
000037700 7.540000e+01 -1.4388675e+05 1.9105781e+04 5.9020377e-01 -1.2478097e+05 2.21354e+06
000037800 7.560001e+01 -1.4382303e+05 1.9042051e+04 5.8823505e-01 -1.2478098e+05 2.21213e+06
000037900 7.580000e+01 -1.4394044e+05 1.9162982e+04 5.9197079e-01 -1.2477745e+05 2.21284e+06
000038000 7.600000e+01 -1.4378869e+05 1.9014973e+04 5.8739857e-01 -1.2477372e+05 2.21197e+06
000038100 7.620000e+01 -1.4389012e+05 1.9117850e+04 5.9057658e-01 -1.2477227e+05 2.21292e+06
000038200 7.640000e+01 -1.4390255e+05 1.9133258e+04 5.9105256e-01 -1.2476929e+05 2.21592e+06
000038300 7.660001e+01 -1.4394892e+05 1.9185645e+04 5.9267085e-01 -1.2476328e+05 2.21654e+06
000038400 7.680000e+01 -1.4386025e+05 1.9096941e+04 5.8993069e-01 -1.2476331e+05 2.21630e+06
000038500 7.700000e+01 -1.4396108e+05 1.9194277e+04 5.9293753e-01 -1.2476680e+05 2.21884e+06
000038600 7.720000e+01 -1.4408180e+05 1.9320512e+04 5.9683709e-01 -1.2476128e+05 2.21767e+06
000038700 7.740000e+01 -1.4394356e+05 1.9182879e+04 5.9258542e-01 -1.2476069e+05 2.21681e+06
000038800 7.760001e+01 -1.4403550e+05 1.9273553e+04 5.9538646e-01 -1.2476195e+05 2.21722e+06
000038900 7.780000e+01 -1.4396016e+05 1.9198246e+04 5.9306013e-01 -1.2476191e+05 2.21845e+06
000039000 7.800000e+01 -1.4398350e+05 1.9227252e+04 5.9395616e-01 -1.2475625e+05 2.21945e+06
000039100 7.820000e+01 -1.4390769e+05 1.9151697e+04 5.9162218e-01 -1.2475599e+05 2.21731e+06
000039200 7.840000e+01 -1.4391164e+05 1.9159367e+04 5.9185911e-01 -1.2475227e+05 2.21644e+06
000039300 7.860001e+01 -1.4399877e+05 1.9248871e+04 5.9462401e-01 -1.2474989e+05 2.21694e+06
000039400 7.880000e+01 -1.4391319e+05 1.9162547e+04 5.9195734e-01 -1.2475064e+05 2.21392e+06
000039500 7.900000e+01 -1.4393112e+05 1.9173094e+04 5.9228314e-01 -1.2475803e+05 2.21227e+06
000039600 7.920000e+01 -1.4389344e+05 1.9138246e+04 5.9120665e-01 -1.2475519e+05 2.20964e+06
000039700 7.940000e+01 -1.4391097e+05 1.9162527e+04 5.9195673e-01 -1.2474844e+05 2.21030e+06
000039800 7.960001e+01 -1.4390052e+05 1.9159074e+04 5.9185006e-01 -1.2474144e+05 2.21018e+06
000039900 7.980000e+01 -1.4388764e+05 1.9144826e+04 5.9140992e-01 -1.2474281e+05 2.21105e+06
000040000 8.000000e+01 -1.4375897e+05 1.9021678e+04 5.8760569e-01 -1.2473729e+05 2.21252e+06
000040100 8.020000e+01 -1.4389675e+05 1.9161922e+04 5.9193803e-01 -1.2473483e+05 2.21326e+06
000040200 8.040000e+01 -1.4383144e+05 1.9097832e+04 5.8995820e-01 -1.2473361e+05 2.21291e+06
000040300 8.060001e+01 -1.4389409e+05 1.9151949e+04 5.9162996e-01 -1.2474214e+05 2.21221e+06
000040400 8.080000e+01 -1.4371419e+05 1.8969557e+04 5.8599560e-01 -1.2474463e+05 2.20985e+06
000040500 8.100001e+01 -1.4388291e+05 1.9145840e+04 5.9144123e-01 -1.2473706e+05 2.21046e+06
000040600 8.120000e+01 -1.4374434e+05 1.9013557e+04 5.8735482e-01 -1.2473079e+05 2.21076e+06
000040700 8.140000e+01 -1.4383516e+05 1.9111713e+04 5.9038700e-01 -1.2472345e+05 2.21252e+06
000040800 8.160001e+01 -1.4388388e+05 1.9163592e+04 5.9198961e-01 -1.2472028e+05 2.21336e+06
000040900 8.180000e+01 -1.4378591e+05 1.9064609e+04 5.8893191e-01 -1.2472130e+05 2.21100e+06
000041000 8.200001e+01 -1.4388972e+05 1.9163035e+04 5.9197242e-01 -1.2472669e+05 2.21041e+06
000041100 8.220000e+01 -1.4379408e+05 1.9065518e+04 5.8895997e-01 -1.2472856e+05 2.20850e+06
000041200 8.240000e+01 -1.4378027e+05 1.9052055e+04 5.8854408e-01 -1.2472821e+05 2.20843e+06
000041300 8.260001e+01 -1.4389444e+05 1.9173139e+04 5.9228453e-01 -1.2472130e+05 2.20908e+06
000041400 8.280000e+01 -1.4386794e+05 1.9145451e+04 5.9142923e-01 -1.2472248e+05 2.21189e+06
000041500 8.300001e+01 -1.4379438e+05 1.9077070e+04 5.8931685e-01 -1.2471730e+05 2.21263e+06
000041600 8.320000e+01 -1.4382548e+05 1.9109262e+04 5.9031128e-01 -1.2471622e+05 2.21255e+06
000041700 8.340000e+01 -1.4381325e+05 1.9102570e+04 5.9010458e-01 -1.2471068e+05 2.21222e+06
000041800 8.360001e+01 -1.4389912e+05 1.9186861e+04 5.9270844e-01 -1.2471227e+05 2.21165e+06
000041900 8.380000e+01 -1.4391581e+05 1.9206482e+04 5.9331456e-01 -1.2470933e+05 2.21108e+06
000042000 8.400001e+01 -1.4384420e+05 1.9140742e+04 5.9128376e-01 -1.2470346e+05 2.21239e+06
000042100 8.420000e+01 -1.4376323e+05 1.9058898e+04 5.8875549e-01 -1.2470434e+05 2.21366e+06
000042200 8.440000e+01 -1.4388103e+05 1.9185016e+04 5.9265143e-01 -1.2469602e+05 2.21440e+06
000042300 8.460001e+01 -1.4380442e+05 1.9105607e+04 5.9019840e-01 -1.2469881e+05 2.21591e+06
000042400 8.480000e+01 -1.4393219e+05 1.9233203e+04 5.9414000e-01 -1.2469898e+05 2.21525e+06
000042500 8.500001e+01 -1.4383466e+05 1.9135871e+04 5.9113328e-01 -1.2469878e+05 2.21302e+06
000042600 8.520000e+01 -1.4397847e+05 1.9279125e+04 5.9555859e-01 -1.2469934e+05 2.21041e+06
000042700 8.540000e+01 -1.4384502e+05 1.9145705e+04 5.9143707e-01 -1.2469931e+05 2.20833e+06
000042800 8.560001e+01 -1.4377369e+05 1.9065887e+04 5.8897137e-01 -1.2470780e+05 2.20679e+06
000042900 8.580000e+01 -1.4387336e+05 1.9172291e+04 5.9225835e-01 -1.2470107e+05 2.20686e+06
000043000 8.600001e+01 -1.4387003e+05 1.9160959e+04 5.9190828e-01 -1.2470907e+05 2.20668e+06
000043100 8.620000e+01 -1.4389145e+05 1.9188209e+04 5.9275007e-01 -1.2470324e+05 2.20537e+06
000043200 8.640000e+01 -1.4380975e+05 1.9112924e+04 5.9042441e-01 -1.2469683e+05 2.20724e+06
000043300 8.660001e+01 -1.4388673e+05 1.9188070e+04 5.9274579e-01 -1.2469866e+05 2.20866e+06
000043400 8.680000e+01 -1.4384197e+05 1.9152924e+04 5.9166007e-01 -1.2468905e+05 2.20937e+06
000043500 8.700001e+01 -1.4382591e+05 1.9143719e+04 5.9137571e-01 -1.2468219e+05 2.21182e+06
000043600 8.720000e+01 -1.4378041e+05 1.9102883e+04 5.9011423e-01 -1.2467752e+05 2.21432e+06
000043700 8.740000e+01 -1.4387681e+05 1.9205324e+04 5.9327879e-01 -1.2467148e+05 2.21692e+06
000043800 8.760001e+01 -1.4397689e+05 1.9312074e+04 5.9657644e-01 -1.2466481e+05 2.21746e+06
000043900 8.780000e+01 -1.4388550e+05 1.9226164e+04 5.9392256e-01 -1.2465934e+05 2.21693e+06
000044000 8.800001e+01 -1.4386575e+05 1.9207562e+04 5.9334793e-01 -1.2465819e+05 2.21836e+06
000044100 8.820000e+01 -1.4387769e+05 1.9216891e+04 5.9363609e-01 -1.2466080e+05 2.21805e+06
000044200 8.840000e+01 -1.4396730e+05 1.9300537e+04 5.9622004e-01 -1.2466676e+05 2.21820e+06
000044300 8.860001e+01 -1.4398169e+05 1.9317695e+04 5.9675008e-01 -1.2466399e+05 2.21785e+06
000044400 8.880000e+01 -1.4399833e+05 1.9334814e+04 5.9727892e-01 -1.2466352e+05 2.21552e+06
000044500 8.900001e+01 -1.4394784e+05 1.9283566e+04 5.9569579e-01 -1.2466428e+05 2.21429e+06
000044600 8.920000e+01 -1.4368252e+05 1.9020863e+04 5.8758053e-01 -1.2466166e+05 2.21261e+06
000044700 8.940000e+01 -1.4395780e+05 1.9297836e+04 5.9613660e-01 -1.2465996e+05 2.21329e+06
000044800 8.960001e+01 -1.4394980e+05 1.9293771e+04 5.9601104e-01 -1.2465602e+05 2.21225e+06
000044900 8.980000e+01 -1.4387052e+05 1.9211770e+04 5.9347789e-01 -1.2465875e+05 2.21469e+06
000045000 9.000001e+01 -1.4385177e+05 1.9195164e+04 5.9296492e-01 -1.2465660e+05 2.21309e+06
000045100 9.020000e+01 -1.4394775e+05 1.9292355e+04 5.9596730e-01 -1.2465539e+05 2.21266e+06
000045200 9.040000e+01 -1.4388362e+05 1.9230703e+04 5.9406278e-01 -1.2465292e+05 2.21153e+06
000045300 9.060001e+01 -1.4394739e+05 1.9298402e+04 5.9615410e-01 -1.2464898e+05 2.21234e+06
000045400 9.080000e+01 -1.4396094e+05 1.9311434e+04 5.9655665e-01 -1.2464950e+05 2.21397e+06
000045500 9.100001e+01 -1.4387030e+05 1.9225883e+04 5.9391387e-01 -1.2464441e+05 2.21613e+06
000045600 9.120000e+01 -1.4391416e+05 1.9277898e+04 5.9552070e-01 -1.2463626e+05 2.21634e+06
000045700 9.140000e+01 -1.4397909e+05 1.9343643e+04 5.9755163e-01 -1.2463545e+05 2.21841e+06
000045800 9.160001e+01 -1.4394514e+05 1.9308391e+04 5.9646265e-01 -1.2463675e+05 2.21860e+06
000045900 9.180000e+01 -1.4382453e+05 1.9188486e+04 5.9275864e-01 -1.2463605e+05 2.21682e+06
000046000 9.200001e+01 -1.4387289e+05 1.9235232e+04 5.9420269e-01 -1.2463766e+05 2.21696e+06
000046100 9.220000e+01 -1.4394306e+05 1.9306969e+04 5.9641872e-01 -1.2463609e+05 2.21693e+06
000046200 9.240000e+01 -1.4389297e+05 1.9261943e+04 5.9502783e-01 -1.2463102e+05 2.21646e+06
000046300 9.260001e+01 -1.4388372e+05 1.9256469e+04 5.9485871e-01 -1.2462725e+05 2.21637e+06
000046400 9.280000e+01 -1.4383562e+05 1.9206355e+04 5.9331064e-01 -1.2462927e+05 2.21494e+06
000046500 9.300001e+01 -1.4380659e+05 1.9177854e+04 5.9243018e-01 -1.2462874e+05 2.21346e+06
000046600 9.320000e+01 -1.4376848e+05 1.9136371e+04 5.9114873e-01 -1.2463211e+05 2.21481e+06
000046700 9.340000e+01 -1.4379453e+05 1.9167393e+04 5.9210703e-01 -1.2462714e+05 2.21594e+06
000046800 9.360001e+01 -1.4386769e+05 1.9240090e+04 5.9435274e-01 -1.2462759e+05 2.21643e+06
000046900 9.380000e+01 -1.4381591e+05 1.9191055e+04 5.9283798e-01 -1.2462485e+05 2.21644e+06
000047000 9.400001e+01 -1.4376262e+05 1.9134484e+04 5.9109045e-01 -1.2462814e+05 2.21573e+06
000047100 9.420000e+01 -1.4383928e+05 1.9218338e+04 5.9368080e-01 -1.2462095e+05 2.21591e+06
000047200 9.440000e+01 -1.4384005e+05 1.9216746e+04 5.9363162e-01 -1.2462330e+05 2.21479e+06
000047300 9.460001e+01 -1.4387352e+05 1.9245434e+04 5.9451782e-01 -1.2462808e+05 2.21450e+06
000047400 9.480000e+01 -1.4382070e+05 1.9195414e+04 5.9297265e-01 -1.2462529e+05 2.21444e+06
000047500 9.500001e+01 -1.4375906e+05 1.9129045e+04 5.9092241e-01 -1.2463002e+05 2.21202e+06
000047600 9.520000e+01 -1.4365903e+05 1.9025686e+04 5.8772950e-01 -1.2463334e+05 2.21097e+06
000047700 9.540000e+01 -1.4374820e+05 1.9113480e+04 5.9044161e-01 -1.2463472e+05 2.21100e+06
000047800 9.560001e+01 -1.4391642e+05 1.9279438e+04 5.9556825e-01 -1.2463698e+05 2.21056e+06
000047900 9.580000e+01 -1.4390534e+05 1.9272340e+04 5.9534899e-01 -1.2463300e+05 2.21192e+06
000048000 9.600001e+01 -1.4379834e+05 1.9164809e+04 5.9202720e-01 -1.2463353e+05 2.21295e+06
000048100 9.620000e+01 -1.4383078e+05 1.9195961e+04 5.9298954e-01 -1.2463482e+05 2.21369e+06
000048200 9.640000e+01 -1.4378850e+05 1.9154477e+04 5.9170803e-01 -1.2463402e+05 2.21178e+06
000048300 9.660001e+01 -1.4376633e+05 1.9133016e+04 5.9104507e-01 -1.2463331e+05 2.21056e+06
000048400 9.680000e+01 -1.4376830e+05 1.9130795e+04 5.9097647e-01 -1.2463750e+05 2.21167e+06
000048500 9.700001e+01 -1.4378923e+05 1.9152023e+04 5.9163225e-01 -1.2463721e+05 2.21061e+06
000048600 9.720000e+01 -1.4381855e+05 1.9182672e+04 5.9257902e-01 -1.2463588e+05 2.21103e+06
000048700 9.740000e+01 -1.4373972e+05 1.9110406e+04 5.9034664e-01 -1.2462931e+05 2.21144e+06
000048800 9.760001e+01 -1.4372639e+05 1.9095367e+04 5.8988206e-01 -1.2463102e+05 2.21140e+06
000048900 9.780000e+01 -1.4389731e+05 1.9263059e+04 5.9506228e-01 -1.2463425e+05 2.21165e+06
000049000 9.800001e+01 -1.4375141e+05 1.9115781e+04 5.9051268e-01 -1.2463562e+05 2.20994e+06
000049100 9.820000e+01 -1.4370777e+05 1.9077631e+04 5.8933416e-01 -1.2463013e+05 2.20822e+06
000049200 9.840000e+01 -1.4380591e+05 1.9167836e+04 5.9212072e-01 -1.2463807e+05 2.20868e+06
000049300 9.860001e+01 -1.4379942e+05 1.9164262e+04 5.9201031e-01 -1.2463516e+05 2.20850e+06
000049400 9.880000e+01 -1.4375277e+05 1.9117594e+04 5.9056867e-01 -1.2463517e+05 2.20965e+06
000049500 9.900001e+01 -1.4388978e+05 1.9258467e+04 5.9492043e-01 -1.2463131e+05 2.20998e+06
000049600 9.920000e+01 -1.4373706e+05 1.9109314e+04 5.9031291e-01 -1.2462775e+05 2.21001e+06
000049700 9.940000e+01 -1.4374000e+05 1.9107223e+04 5.9024829e-01 -1.2463278e+05 2.21108e+06
000049800 9.960001e+01 -1.4388902e+05 1.9253461e+04 5.9476580e-01 -1.2463555e+05 2.21153e+06
000049900 9.980000e+01 -1.4374125e+05 1.9107764e+04 5.9026501e-01 -1.2463348e+05 2.20981e+06
000050000 1.000000e+02 -1.4379703e+05 1.9163926e+04 5.9199993e-01 -1.2463311e+05 2.20940e+06
000050100 1.002000e+02 -1.4372583e+05 1.9087537e+04 5.8964018e-01 -1.2463829e+05 2.20907e+06
000050200 1.004000e+02 -1.4379739e+05 1.9164277e+04 5.9201079e-01 -1.2463311e+05 2.20807e+06
000050300 1.006000e+02 -1.4370731e+05 1.9073760e+04 5.8921458e-01 -1.2463355e+05 2.20979e+06
000050400 1.008000e+02 -1.4381652e+05 1.9186949e+04 5.9271116e-01 -1.2462956e+05 2.21053e+06
000050500 1.010000e+02 -1.4376986e+05 1.9139936e+04 5.9125884e-01 -1.2462992e+05 2.21045e+06
000050600 1.012000e+02 -1.4377681e+05 1.9150033e+04 5.9157077e-01 -1.2462678e+05 2.20995e+06
000050700 1.014000e+02 -1.4382581e+05 1.9197934e+04 5.9305048e-01 -1.2462788e+05 2.20942e+06
000050800 1.016000e+02 -1.4374300e+05 1.9119594e+04 5.9063045e-01 -1.2462341e+05 2.20872e+06
000050900 1.018000e+02 -1.4370900e+05 1.9086803e+04 5.8961749e-01 -1.2462220e+05 2.20717e+06
000051000 1.020000e+02 -1.4375881e+05 1.9132332e+04 5.9102396e-01 -1.2462648e+05 2.20928e+06
000051100 1.022000e+02 -1.4388897e+05 1.9272393e+04 5.9535062e-01 -1.2461658e+05 2.21105e+06
000051200 1.024000e+02 -1.4371650e+05 1.9092279e+04 5.8978667e-01 -1.2462422e+05 2.21161e+06
000051300 1.026000e+02 -1.4376147e+05 1.9140799e+04 5.9128551e-01 -1.2462067e+05 2.21217e+06
000051400 1.028000e+02 -1.4390038e+05 1.9288846e+04 5.9585888e-01 -1.2461153e+05 2.21270e+06
000051500 1.030000e+02 -1.4372511e+05 1.9117012e+04 5.9055069e-01 -1.2460809e+05 2.21196e+06
000051600 1.032000e+02 -1.4394667e+05 1.9337879e+04 5.9737358e-01 -1.2460880e+05 2.21364e+06
000051700 1.034000e+02 -1.4378067e+05 1.9171145e+04 5.9222293e-01 -1.2460953e+05 2.21363e+06
000051800 1.036000e+02 -1.4383219e+05 1.9225854e+04 5.9391296e-01 -1.2460634e+05 2.21505e+06
000051900 1.038000e+02 -1.4381497e+05 1.9207289e+04 5.9333948e-01 -1.2460768e+05 2.21456e+06
000052000 1.040000e+02 -1.4383069e+05 1.9225156e+04 5.9389142e-01 -1.2460553e+05 2.21450e+06
000052100 1.042000e+02 -1.4382127e+05 1.9214789e+04 5.9357117e-01 -1.2460648e+05 2.21390e+06
000052200 1.044000e+02 -1.4388791e+05 1.9285262e+04 5.9574816e-01 -1.2460264e+05 2.21458e+06
000052300 1.046000e+02 -1.4376112e+05 1.9153121e+04 5.9166616e-01 -1.2460800e+05 2.21366e+06
000052400 1.048000e+02 -1.4381431e+05 1.9207797e+04 5.9335517e-01 -1.2460652e+05 2.21282e+06
000052500 1.050000e+02 -1.4376284e+05 1.9158398e+04 5.9182918e-01 -1.2460445e+05 2.21225e+06
000052600 1.052000e+02 -1.4382450e+05 1.9219594e+04 5.9371959e-01 -1.2460491e+05 2.21191e+06
000052700 1.054000e+02 -1.4397761e+05 1.9371414e+04 5.9840953e-01 -1.2460620e+05 2.21389e+06
000052800 1.056000e+02 -1.4378203e+05 1.9184615e+04 5.9263906e-01 -1.2459741e+05 2.21269e+06
000052900 1.058000e+02 -1.4390269e+05 1.9307262e+04 5.9642778e-01 -1.2459542e+05 2.21566e+06
000053000 1.060000e+02 -1.4380120e+05 1.9208812e+04 5.9338654e-01 -1.2459239e+05 2.21529e+06
000053100 1.062000e+02 -1.4392850e+05 1.9328480e+04 5.9708325e-01 -1.2460002e+05 2.21593e+06
000053200 1.064000e+02 -1.4385438e+05 1.9259402e+04 5.9494933e-01 -1.2459497e+05 2.21588e+06
000053300 1.066000e+02 -1.4392975e+05 1.9341619e+04 5.9748912e-01 -1.2458813e+05 2.21631e+06
000053400 1.068000e+02 -1.4383616e+05 1.9249768e+04 5.9465170e-01 -1.2458639e+05 2.21576e+06
000053500 1.070000e+02 -1.4384559e+05 1.9262529e+04 5.9504593e-01 -1.2458306e+05 2.21656e+06
000053600 1.072000e+02 -1.4397900e+05 1.9391203e+04 5.9902084e-01 -1.2458780e+05 2.21764e+06
000053700 1.074000e+02 -1.4387752e+05 1.9298031e+04 5.9614263e-01 -1.2457948e+05 2.21703e+06
000053800 1.076000e+02 -1.4385225e+05 1.9269881e+04 5.9527303e-01 -1.2458237e+05 2.21779e+06
000053900 1.078000e+02 -1.4389112e+05 1.9311471e+04 5.9655780e-01 -1.2457966e+05 2.21821e+06
000054000 1.080000e+02 -1.4385800e+05 1.9278598e+04 5.9554230e-01 -1.2457941e+05 2.21787e+06
000054100 1.082000e+02 -1.4384173e+05 1.9257199e+04 5.9488128e-01 -1.2458453e+05 2.21693e+06
000054200 1.084000e+02 -1.4387362e+05 1.9287318e+04 5.9581170e-01 -1.2458630e+05 2.21363e+06
000054300 1.086000e+02 -1.4382330e+05 1.9236061e+04 5.9422827e-01 -1.2458723e+05 2.21271e+06
000054400 1.088000e+02 -1.4396288e+05 1.9371189e+04 5.9840259e-01 -1.2459169e+05 2.21186e+06
000054500 1.090000e+02 -1.4378223e+05 1.9203078e+04 5.9320940e-01 -1.2457916e+05 2.21091e+06
000054600 1.092000e+02 -1.4391006e+05 1.9324494e+04 5.9696011e-01 -1.2458557e+05 2.21193e+06
000054700 1.094000e+02 -1.4385217e+05 1.9272812e+04 5.9536359e-01 -1.2457936e+05 2.21032e+06
000054800 1.096000e+02 -1.4386338e+05 1.9287492e+04 5.9581707e-01 -1.2457588e+05 2.21045e+06
000054900 1.098000e+02 -1.4376445e+05 1.9188309e+04 5.9275315e-01 -1.2457614e+05 2.21165e+06
000055000 1.100000e+02 -1.4382747e+05 1.9259246e+04 5.9494451e-01 -1.2456822e+05 2.21433e+06
000055100 1.102000e+02 -1.4388916e+05 1.9317656e+04 5.9674888e-01 -1.2457150e+05 2.21624e+06
000055200 1.104000e+02 -1.4374398e+05 1.9175547e+04 5.9235892e-01 -1.2456844e+05 2.21669e+06
000055300 1.106000e+02 -1.4384169e+05 1.9276768e+04 5.9548577e-01 -1.2456492e+05 2.21718e+06
000055400 1.108000e+02 -1.4385338e+05 1.9286676e+04 5.9579185e-01 -1.2456670e+05 2.21739e+06
000055500 1.110000e+02 -1.4390814e+05 1.9342736e+04 5.9752363e-01 -1.2456541e+05 2.21729e+06
000055600 1.112000e+02 -1.4386481e+05 1.9295691e+04 5.9607035e-01 -1.2456912e+05 2.21706e+06
000055700 1.114000e+02 -1.4387059e+05 1.9314438e+04 5.9664944e-01 -1.2455616e+05 2.21584e+06
000055800 1.116000e+02 -1.4386609e+05 1.9302219e+04 5.9627199e-01 -1.2456388e+05 2.21490e+06
000055900 1.118000e+02 -1.4399509e+05 1.9427420e+04 6.0013963e-01 -1.2456767e+05 2.21537e+06
000056000 1.120000e+02 -1.4392975e+05 1.9361164e+04 5.9809289e-01 -1.2456859e+05 2.21340e+06
000056100 1.122000e+02 -1.4379111e+05 1.9223814e+04 5.9384997e-01 -1.2456730e+05 2.21226e+06
000056200 1.124000e+02 -1.4373231e+05 1.9164871e+04 5.9202913e-01 -1.2456744e+05 2.21032e+06
000056300 1.126000e+02 -1.4380736e+05 1.9240021e+04 5.9435063e-01 -1.2456734e+05 2.20826e+06
000056400 1.128000e+02 -1.4380216e+05 1.9237469e+04 5.9427177e-01 -1.2456469e+05 2.20780e+06
000056500 1.130000e+02 -1.4377786e+05 1.9209156e+04 5.9339716e-01 -1.2456870e+05 2.20761e+06
000056600 1.132000e+02 -1.4376906e+05 1.9199254e+04 5.9309127e-01 -1.2456981e+05 2.20611e+06
000056700 1.134000e+02 -1.4378372e+05 1.9215520e+04 5.9359373e-01 -1.2456820e+05 2.20773e+06
000056800 1.136000e+02 -1.4382764e+05 1.9273285e+04 5.9537819e-01 -1.2455436e+05 2.21036e+06
000056900 1.138000e+02 -1.4376147e+05 1.9211340e+04 5.9346462e-01 -1.2455012e+05 2.21121e+06
000057000 1.140000e+02 -1.4381466e+05 1.9276656e+04 5.9548233e-01 -1.2453800e+05 2.21405e+06
000057100 1.142000e+02 -1.4390041e+05 1.9362891e+04 5.9814623e-01 -1.2453752e+05 2.21333e+06
000057200 1.144000e+02 -1.4388062e+05 1.9337676e+04 5.9736731e-01 -1.2454295e+05 2.21370e+06
000057300 1.146000e+02 -1.4386753e+05 1.9325062e+04 5.9697767e-01 -1.2454247e+05 2.21401e+06
000057400 1.148000e+02 -1.4380620e+05 1.9269695e+04 5.9526730e-01 -1.2453651e+05 2.21369e+06
000057500 1.150000e+02 -1.4377028e+05 1.9238926e+04 5.9431678e-01 -1.2453136e+05 2.21123e+06
000057600 1.152000e+02 -1.4378620e+05 1.9250236e+04 5.9466618e-01 -1.2453597e+05 2.21122e+06
000057700 1.154000e+02 -1.4366194e+05 1.9133605e+04 5.9106330e-01 -1.2452833e+05 2.21022e+06
000057800 1.156000e+02 -1.4380034e+05 1.9276537e+04 5.9547865e-01 -1.2452380e+05 2.21058e+06
000057900 1.158000e+02 -1.4365853e+05 1.9131719e+04 5.9100501e-01 -1.2452681e+05 2.20986e+06
000058000 1.160000e+02 -1.4372644e+05 1.9205355e+04 5.9327975e-01 -1.2452108e+05 2.20893e+06
000058100 1.162000e+02 -1.4378600e+05 1.9259416e+04 5.9494976e-01 -1.2452659e+05 2.20844e+06
000058200 1.164000e+02 -1.4383520e+05 1.9307537e+04 5.9643628e-01 -1.2452766e+05 2.20875e+06
000058300 1.166000e+02 -1.4387462e+05 1.9352965e+04 5.9783961e-01 -1.2452166e+05 2.20862e+06
000058400 1.168000e+02 -1.4380003e+05 1.9277797e+04 5.9551757e-01 -1.2452223e+05 2.20840e+06
000058500 1.170000e+02 -1.4389055e+05 1.9366984e+04 5.9827269e-01 -1.2452356e+05 2.21055e+06
000058600 1.172000e+02 -1.4390761e+05 1.9389332e+04 5.9896304e-01 -1.2451828e+05 2.21182e+06
000058700 1.174000e+02 -1.4388134e+05 1.9363387e+04 5.9816155e-01 -1.2451795e+05 2.21287e+06
000058800 1.176000e+02 -1.4382053e+05 1.9304984e+04 5.9635742e-01 -1.2451555e+05 2.21123e+06
000058900 1.178000e+02 -1.4386611e+05 1.9357305e+04 5.9797367e-01 -1.2450880e+05 2.21044e+06
000059000 1.180000e+02 -1.4382453e+05 1.9310246e+04 5.9651997e-01 -1.2451428e+05 2.20836e+06
000059100 1.182000e+02 -1.4370888e+05 1.9196623e+04 5.9300999e-01 -1.2451225e+05 2.21020e+06
000059200 1.184000e+02 -1.4370828e+05 1.9190484e+04 5.9282036e-01 -1.2451780e+05 2.20967e+06
000059300 1.186000e+02 -1.4371456e+05 1.9210535e+04 5.9343976e-01 -1.2450403e+05 2.21013e+06
000059400 1.188000e+02 -1.4380644e+05 1.9302562e+04 5.9628261e-01 -1.2450388e+05 2.21027e+06
000059500 1.190000e+02 -1.4370753e+05 1.9203803e+04 5.9323179e-01 -1.2450373e+05 2.20885e+06
000059600 1.192000e+02 -1.4376359e+05 1.9253701e+04 5.9477322e-01 -1.2450989e+05 2.20933e+06
000059700 1.194000e+02 -1.4377922e+05 1.9270914e+04 5.9530495e-01 -1.2450830e+05 2.20776e+06
000059800 1.196000e+02 -1.4378703e+05 1.9285602e+04 5.9575866e-01 -1.2450143e+05 2.20757e+06
000059900 1.198000e+02 -1.4367198e+05 1.9171127e+04 5.9222239e-01 -1.2450086e+05 2.20771e+06
000060000 1.200000e+02 -1.4380347e+05 1.9305553e+04 5.9637498e-01 -1.2449791e+05 2.21018e+06
000060100 1.202000e+02 -1.4379503e+05 1.9302982e+04 5.9629558e-01 -1.2449205e+05 2.21214e+06
000060200 1.204000e+02 -1.4376473e+05 1.9272207e+04 5.9534489e-01 -1.2449253e+05 2.21445e+06
000060300 1.206000e+02 -1.4373989e+05 1.9256387e+04 5.9485618e-01 -1.2448350e+05 2.21423e+06
000060400 1.208000e+02 -1.4386702e+05 1.9379727e+04 5.9866631e-01 -1.2448729e+05 2.21590e+06
000060500 1.210000e+02 -1.4373781e+05 1.9246008e+04 5.9453556e-01 -1.2449180e+05 2.21656e+06
000060600 1.212000e+02 -1.4375477e+05 1.9271545e+04 5.9532443e-01 -1.2448322e+05 2.21745e+06
000060700 1.214000e+02 -1.4391219e+05 1.9427496e+04 6.0014198e-01 -1.2448469e+05 2.21884e+06
000060800 1.216000e+02 -1.4381462e+05 1.9337301e+04 5.9735572e-01 -1.2447733e+05 2.21685e+06
000060900 1.218000e+02 -1.4375744e+05 1.9280311e+04 5.9559522e-01 -1.2447712e+05 2.21520e+06
000061000 1.220000e+02 -1.4380522e+05 1.9322059e+04 5.9688487e-01 -1.2448316e+05 2.21424e+06
000061100 1.222000e+02 -1.4381781e+05 1.9338365e+04 5.9738861e-01 -1.2447945e+05 2.21264e+06
000061200 1.224000e+02 -1.4375820e+05 1.9279559e+04 5.9557199e-01 -1.2447864e+05 2.20900e+06
000061300 1.226000e+02 -1.4368033e+05 1.9195691e+04 5.9298122e-01 -1.2448464e+05 2.20551e+06
000061400 1.228000e+02 -1.4365728e+05 1.9172012e+04 5.9224972e-01 -1.2448527e+05 2.20200e+06
000061500 1.230000e+02 -1.4372728e+05 1.9237262e+04 5.9426538e-01 -1.2449002e+05 2.20200e+06
000061600 1.232000e+02 -1.4360847e+05 1.9119760e+04 5.9063558e-01 -1.2448871e+05 2.20339e+06
000061700 1.234000e+02 -1.4376269e+05 1.9277852e+04 5.9551925e-01 -1.2448484e+05 2.20435e+06
000061800 1.236000e+02 -1.4372559e+05 1.9248221e+04 5.9460392e-01 -1.2447738e+05 2.20594e+06
000061900 1.238000e+02 -1.4379233e+05 1.9324340e+04 5.9695534e-01 -1.2446798e+05 2.21030e+06
000062000 1.240000e+02 -1.4383305e+05 1.9363434e+04 5.9816300e-01 -1.2446961e+05 2.21132e+06
000062100 1.242000e+02 -1.4380656e+05 1.9339492e+04 5.9742342e-01 -1.2446707e+05 2.21469e+06
000062200 1.244000e+02 -1.4392816e+05 1.9467102e+04 6.0136545e-01 -1.2446105e+05 2.21595e+06
000062300 1.246000e+02 -1.4381441e+05 1.9357779e+04 5.9798833e-01 -1.2445662e+05 2.21546e+06
000062400 1.248000e+02 -1.4382028e+05 1.9364863e+04 5.9820717e-01 -1.2445542e+05 2.21675e+06
000062500 1.250000e+02 -1.4388238e+05 1.9431072e+04 6.0025245e-01 -1.2445130e+05 2.21739e+06
000062600 1.252000e+02 -1.4370081e+05 1.9250781e+04 5.9468302e-01 -1.2445003e+05 2.21769e+06
000062700 1.254000e+02 -1.4372891e+05 1.9273543e+04 5.9538616e-01 -1.2445536e+05 2.21712e+06
000062800 1.256000e+02 -1.4375784e+05 1.9309547e+04 5.9649837e-01 -1.2444830e+05 2.21428e+06
000062900 1.258000e+02 -1.4377597e+05 1.9326670e+04 5.9702732e-01 -1.2444930e+05 2.21271e+06
000063000 1.260000e+02 -1.4380138e+05 1.9352336e+04 5.9782018e-01 -1.2444904e+05 2.21096e+06
000063100 1.262000e+02 -1.4378353e+05 1.9329262e+04 5.9710739e-01 -1.2445427e+05 2.20999e+06
000063200 1.264000e+02 -1.4374377e+05 1.9281535e+04 5.9563305e-01 -1.2446223e+05 2.20836e+06
000063300 1.266000e+02 -1.4371242e+05 1.9250186e+04 5.9466461e-01 -1.2446223e+05 2.20779e+06
000063400 1.268000e+02 -1.4379778e+05 1.9325176e+04 5.9698116e-01 -1.2447261e+05 2.20924e+06
000063500 1.270000e+02 -1.4376608e+05 1.9300754e+04 5.9622674e-01 -1.2446533e+05 2.20711e+06
000063600 1.272000e+02 -1.4374825e+05 1.9287080e+04 5.9580434e-01 -1.2446117e+05 2.20798e+06
000063700 1.274000e+02 -1.4376628e+05 1.9299498e+04 5.9618794e-01 -1.2446678e+05 2.20654e+06
000063800 1.276000e+02 -1.4375194e+05 1.9287664e+04 5.9582238e-01 -1.2446427e+05 2.20877e+06
000063900 1.278000e+02 -1.4371678e+05 1.9257973e+04 5.9490517e-01 -1.2445881e+05 2.20858e+06
000064000 1.280000e+02 -1.4369544e+05 1.9231527e+04 5.9408824e-01 -1.2446391e+05 2.20727e+06
000064100 1.282000e+02 -1.4370511e+05 1.9240768e+04 5.9437368e-01 -1.2446434e+05 2.20850e+06
000064200 1.284000e+02 -1.4367853e+05 1.9221592e+04 5.9378131e-01 -1.2445694e+05 2.20981e+06
000064300 1.286000e+02 -1.4367941e+05 1.9223207e+04 5.9383121e-01 -1.2445620e+05 2.21063e+06
000064400 1.288000e+02 -1.4375991e+05 1.9306562e+04 5.9640618e-01 -1.2445334e+05 2.21408e+06
000064500 1.290000e+02 -1.4370886e+05 1.9266861e+04 5.9517975e-01 -1.2444200e+05 2.21401e+06
000064600 1.292000e+02 -1.4391203e+05 1.9461318e+04 6.0118680e-01 -1.2445071e+05 2.21233e+06
000064700 1.294000e+02 -1.4373491e+05 1.9280104e+04 5.9558882e-01 -1.2445480e+05 2.21303e+06
000064800 1.296000e+02 -1.4373239e+05 1.9276020e+04 5.9546266e-01 -1.2445638e+05 2.21283e+06
000064900 1.298000e+02 -1.4372762e+05 1.9269893e+04 5.9527339e-01 -1.2445773e+05 2.21379e+06
000065000 1.300000e+02 -1.4364775e+05 1.9192984e+04 5.9289759e-01 -1.2445477e+05 2.21171e+06
000065100 1.302000e+02 -1.4370175e+05 1.9253164e+04 5.9475662e-01 -1.2444859e+05 2.21112e+06
000065200 1.304000e+02 -1.4372412e+05 1.9266691e+04 5.9517450e-01 -1.2445744e+05 2.20898e+06
000065300 1.306000e+02 -1.4369097e+05 1.9229469e+04 5.9402464e-01 -1.2446150e+05 2.20706e+06
000065400 1.308000e+02 -1.4356338e+05 1.9093574e+04 5.8982668e-01 -1.2446980e+05 2.20641e+06
000065500 1.310000e+02 -1.4370677e+05 1.9239156e+04 5.9432390e-01 -1.2446761e+05 2.20558e+06
000065600 1.312000e+02 -1.4362469e+05 1.9152123e+04 5.9163533e-01 -1.2447256e+05 2.20257e+06
000065700 1.314000e+02 -1.4366988e+05 1.9196123e+04 5.9299455e-01 -1.2447375e+05 2.20160e+06
000065800 1.316000e+02 -1.4357300e+05 1.9102688e+04 5.9010820e-01 -1.2447031e+05 2.20320e+06
000065900 1.318000e+02 -1.4378528e+05 1.9317797e+04 5.9675322e-01 -1.2446748e+05 2.20356e+06
000066000 1.320000e+02 -1.4372842e+05 1.9265184e+04 5.9512792e-01 -1.2446323e+05 2.20573e+06
000066100 1.322000e+02 -1.4370458e+05 1.9237145e+04 5.9426176e-01 -1.2446744e+05 2.20605e+06
000066200 1.324000e+02 -1.4373772e+05 1.9278027e+04 5.9552469e-01 -1.2445969e+05 2.20619e+06
000066300 1.326000e+02 -1.4371833e+05 1.9260797e+04 5.9499241e-01 -1.2445753e+05 2.20672e+06
000066400 1.328000e+02 -1.4362425e+05 1.9170496e+04 5.9220290e-01 -1.2445375e+05 2.20899e+06
000066500 1.330000e+02 -1.4378648e+05 1.9328754e+04 5.9709170e-01 -1.2445773e+05 2.21030e+06
000066600 1.332000e+02 -1.4371327e+05 1.9260801e+04 5.9499253e-01 -1.2445247e+05 2.20980e+06
000066700 1.334000e+02 -1.4372388e+05 1.9271100e+04 5.9531068e-01 -1.2445277e+05 2.20955e+06
000066800 1.336000e+02 -1.4374409e+05 1.9294006e+04 5.9601828e-01 -1.2445009e+05 2.20902e+06
000066900 1.338000e+02 -1.4379653e+05 1.9345764e+04 5.9761715e-01 -1.2445077e+05 2.20960e+06
000067000 1.340000e+02 -1.4364303e+05 1.9185348e+04 5.9266168e-01 -1.2445769e+05 2.20927e+06
000067100 1.342000e+02 -1.4380150e+05 1.9349844e+04 5.9774319e-01 -1.2445166e+05 2.20889e+06
000067200 1.344000e+02 -1.4370505e+05 1.9247799e+04 5.9459088e-01 -1.2445725e+05 2.20870e+06
000067300 1.346000e+02 -1.4371998e+05 1.9269934e+04 5.9527466e-01 -1.2445005e+05 2.20967e+06
000067400 1.348000e+02 -1.4367686e+05 1.9224746e+04 5.9387875e-01 -1.2445211e+05 2.20864e+06
000067500 1.350000e+02 -1.4368469e+05 1.9235822e+04 5.9422091e-01 -1.2444887e+05 2.20822e+06
000067600 1.352000e+02 -1.4363509e+05 1.9179027e+04 5.9246644e-01 -1.2445606e+05 2.20710e+06
000067700 1.354000e+02 -1.4361305e+05 1.9161758e+04 5.9193296e-01 -1.2445129e+05 2.20576e+06
000067800 1.356000e+02 -1.4384791e+05 1.9391957e+04 5.9904413e-01 -1.2445595e+05 2.20634e+06
000067900 1.358000e+02 -1.4367978e+05 1.9230248e+04 5.9404872e-01 -1.2444953e+05 2.20715e+06
000068000 1.360000e+02 -1.4378208e+05 1.9328328e+04 5.9707855e-01 -1.2445375e+05 2.20866e+06
000068100 1.362000e+02 -1.4367631e+05 1.9224662e+04 5.9387616e-01 -1.2445165e+05 2.20800e+06
000068200 1.364000e+02 -1.4372853e+05 1.9275193e+04 5.9543714e-01 -1.2445334e+05 2.20861e+06
000068300 1.366000e+02 -1.4379897e+05 1.9340523e+04 5.9745528e-01 -1.2445845e+05 2.20830e+06
000068400 1.368000e+02 -1.4382838e+05 1.9380820e+04 5.9870010e-01 -1.2444755e+05 2.20948e+06
000068500 1.370000e+02 -1.4376727e+05 1.9320480e+04 5.9683612e-01 -1.2444678e+05 2.20920e+06
000068600 1.372000e+02 -1.4372162e+05 1.9274145e+04 5.9540474e-01 -1.2444748e+05 2.21044e+06
000068700 1.374000e+02 -1.4372908e+05 1.9285660e+04 5.9576047e-01 -1.2444342e+05 2.21023e+06
000068800 1.376000e+02 -1.4364369e+05 1.9197807e+04 5.9304656e-01 -1.2444588e+05 2.21277e+06
000068900 1.378000e+02 -1.4381717e+05 1.9382352e+04 5.9874740e-01 -1.2443482e+05 2.21264e+06
000069000 1.380000e+02 -1.4380222e+05 1.9364654e+04 5.9820071e-01 -1.2443756e+05 2.21290e+06
000069100 1.382000e+02 -1.4380452e+05 1.9369707e+04 5.9835680e-01 -1.2443481e+05 2.21480e+06
000069200 1.384000e+02 -1.4370925e+05 1.9272875e+04 5.9536552e-01 -1.2443638e+05 2.21534e+06
000069300 1.386000e+02 -1.4380325e+05 1.9369195e+04 5.9834099e-01 -1.2443405e+05 2.21698e+06
000069400 1.388000e+02 -1.4384920e+05 1.9421961e+04 5.9997099e-01 -1.2442724e+05 2.21670e+06
000069500 1.390000e+02 -1.4383672e+05 1.9407012e+04 5.9950919e-01 -1.2442970e+05 2.21631e+06
000069600 1.392000e+02 -1.4386344e+05 1.9434117e+04 6.0034651e-01 -1.2442932e+05 2.21478e+06
000069700 1.394000e+02 -1.4381969e+05 1.9390430e+04 5.9899695e-01 -1.2442926e+05 2.21248e+06
000069800 1.396000e+02 -1.4375061e+05 1.9325477e+04 5.9699046e-01 -1.2442513e+05 2.21111e+06
000069900 1.398000e+02 -1.4367741e+05 1.9243020e+04 5.9444325e-01 -1.2443439e+05 2.21087e+06
000070000 1.400000e+02 -1.4377447e+05 1.9353402e+04 5.9785312e-01 -1.2442106e+05 2.20910e+06
000070100 1.402000e+02 -1.4374348e+05 1.9323668e+04 5.9693459e-01 -1.2441981e+05 2.20946e+06
000070200 1.404000e+02 -1.4366706e+05 1.9239973e+04 5.9434912e-01 -1.2442709e+05 2.21043e+06
000070300 1.406000e+02 -1.4369494e+05 1.9267887e+04 5.9521143e-01 -1.2442705e+05 2.21043e+06
000070400 1.408000e+02 -1.4374962e+05 1.9335477e+04 5.9729937e-01 -1.2441415e+05 2.20994e+06
000070500 1.410000e+02 -1.4373516e+05 1.9316590e+04 5.9671593e-01 -1.2441856e+05 2.20986e+06
000070600 1.412000e+02 -1.4373309e+05 1.9314988e+04 5.9666646e-01 -1.2441811e+05 2.21132e+06
000070700 1.414000e+02 -1.4382784e+05 1.9408668e+04 5.9956035e-01 -1.2441917e+05 2.21241e+06
000070800 1.416000e+02 -1.4381458e+05 1.9397432e+04 5.9921325e-01 -1.2441715e+05 2.21295e+06
000070900 1.418000e+02 -1.4379722e+05 1.9380801e+04 5.9869950e-01 -1.2441642e+05 2.21411e+06
000071000 1.420000e+02 -1.4398069e+05 1.9570570e+04 6.0456174e-01 -1.2441012e+05 2.21428e+06
000071100 1.422000e+02 -1.4376508e+05 1.9355535e+04 5.9791901e-01 -1.2440955e+05 2.21315e+06
000071200 1.424000e+02 -1.4377359e+05 1.9364277e+04 5.9818907e-01 -1.2440931e+05 2.21062e+06
000071300 1.426000e+02 -1.4376617e+05 1.9361283e+04 5.9809657e-01 -1.2440489e+05 2.21032e+06
000071400 1.428000e+02 -1.4373027e+05 1.9308473e+04 5.9646518e-01 -1.2442180e+05 2.21028e+06
000071500 1.430000e+02 -1.4377711e+05 1.9361457e+04 5.9810194e-01 -1.2441566e+05 2.21118e+06
000071600 1.432000e+02 -1.4374392e+05 1.9328160e+04 5.9707336e-01 -1.2441577e+05 2.21133e+06
000071700 1.434000e+02 -1.4387591e+05 1.9460865e+04 6.0117280e-01 -1.2441504e+05 2.21170e+06
000071800 1.436000e+02 -1.4369403e+05 1.9283691e+04 5.9569966e-01 -1.2441034e+05 2.20973e+06
000071900 1.438000e+02 -1.4380223e+05 1.9387352e+04 5.9890186e-01 -1.2441488e+05 2.21055e+06
000072000 1.440000e+02 -1.4362625e+05 1.9210012e+04 5.9342359e-01 -1.2441623e+05 2.20915e+06
000072100 1.442000e+02 -1.4364320e+05 1.9231979e+04 5.9410217e-01 -1.2441123e+05 2.20879e+06
000072200 1.444000e+02 -1.4364669e+05 1.9237430e+04 5.9427057e-01 -1.2440926e+05 2.20734e+06
000072300 1.446000e+02 -1.4368934e+05 1.9284109e+04 5.9571257e-01 -1.2440523e+05 2.20904e+06
000072400 1.448000e+02 -1.4364138e+05 1.9240266e+04 5.9435817e-01 -1.2440111e+05 2.20911e+06
000072500 1.450000e+02 -1.4366133e+05 1.9258117e+04 5.9490963e-01 -1.2440321e+05 2.20961e+06
000072600 1.452000e+02 -1.4375934e+05 1.9359273e+04 5.9803449e-01 -1.2440007e+05 2.21034e+06
000072700 1.454000e+02 -1.4365861e+05 1.9261742e+04 5.9502161e-01 -1.2439687e+05 2.21052e+06
000072800 1.456000e+02 -1.4378547e+05 1.9386352e+04 5.9887097e-01 -1.2439912e+05 2.21367e+06
000072900 1.458000e+02 -1.4370817e+05 1.9313906e+04 5.9663303e-01 -1.2439427e+05 2.21465e+06
000073000 1.460000e+02 -1.4379070e+05 1.9404484e+04 5.9943112e-01 -1.2438622e+05 2.21396e+06
000073100 1.462000e+02 -1.4371423e+05 1.9324070e+04 5.9694702e-01 -1.2439016e+05 2.21291e+06
000073200 1.464000e+02 -1.4376388e+05 1.9366607e+04 5.9826105e-01 -1.2439727e+05 2.21162e+06
000073300 1.466000e+02 -1.4381447e+05 1.9426078e+04 6.0009818e-01 -1.2438839e+05 2.21121e+06
000073400 1.468000e+02 -1.4375422e+05 1.9365156e+04 5.9821622e-01 -1.2438906e+05 2.20990e+06
000073500 1.470000e+02 -1.4366734e+05 1.9280590e+04 5.9560384e-01 -1.2438675e+05 2.20815e+06
000073600 1.472000e+02 -1.4358747e+05 1.9202406e+04 5.9318865e-01 -1.2438506e+05 2.20664e+06
000073700 1.474000e+02 -1.4372670e+05 1.9337824e+04 5.9737189e-01 -1.2438888e+05 2.20693e+06
000073800 1.476000e+02 -1.4365459e+05 1.9266771e+04 5.9517698e-01 -1.2438782e+05 2.20511e+06
000073900 1.478000e+02 -1.4378041e+05 1.9396834e+04 5.9919479e-01 -1.2438357e+05 2.20565e+06
000074000 1.480000e+02 -1.4371784e+05 1.9333668e+04 5.9724350e-01 -1.2438417e+05 2.20665e+06
000074100 1.482000e+02 -1.4377666e+05 1.9397791e+04 5.9922435e-01 -1.2437887e+05 2.20785e+06
000074200 1.484000e+02 -1.4368483e+05 1.9303574e+04 5.9631386e-01 -1.2438125e+05 2.20881e+06
000074300 1.486000e+02 -1.4374116e+05 1.9368887e+04 5.9833146e-01 -1.2437227e+05 2.21075e+06
000074400 1.488000e+02 -1.4383475e+05 1.9467984e+04 6.0139272e-01 -1.2436677e+05 2.21128e+06
000074500 1.490000e+02 -1.4374256e+05 1.9382105e+04 5.9873980e-01 -1.2436045e+05 2.21254e+06
000074600 1.492000e+02 -1.4374609e+05 1.9387531e+04 5.9890741e-01 -1.2435856e+05 2.21292e+06
000074700 1.494000e+02 -1.4384814e+05 1.9484895e+04 6.0191510e-01 -1.2436325e+05 2.21425e+06
000074800 1.496000e+02 -1.4374141e+05 1.9381127e+04 5.9870957e-01 -1.2436028e+05 2.21341e+06
000074900 1.498000e+02 -1.4372773e+05 1.9369453e+04 5.9834895e-01 -1.2435828e+05 2.21267e+06
000075000 1.500000e+02 -1.4380788e+05 1.9446248e+04 6.0072125e-01 -1.2436162e+05 2.21215e+06
000075100 1.502000e+02 -1.4363648e+05 1.9281344e+04 5.9562713e-01 -1.2435514e+05 2.21009e+06
000075200 1.504000e+02 -1.4370123e+05 1.9343867e+04 5.9755857e-01 -1.2435737e+05 2.20881e+06
000075300 1.506000e+02 -1.4349962e+05 1.9144732e+04 5.9140702e-01 -1.2435489e+05 2.20528e+06
000075400 1.508000e+02 -1.4362912e+05 1.9275375e+04 5.9544275e-01 -1.2435375e+05 2.20547e+06
000075500 1.510000e+02 -1.4372017e+05 1.9368818e+04 5.9832934e-01 -1.2435135e+05 2.20490e+06
000075600 1.512000e+02 -1.4361966e+05 1.9268832e+04 5.9524063e-01 -1.2435083e+05 2.20510e+06
000075700 1.514000e+02 -1.4367633e+05 1.9323953e+04 5.9694340e-01 -1.2435238e+05 2.20506e+06
000075800 1.516000e+02 -1.4365919e+05 1.9313586e+04 5.9662314e-01 -1.2434560e+05 2.20515e+06
000075900 1.518000e+02 -1.4371502e+05 1.9363049e+04 5.9815112e-01 -1.2435197e+05 2.20736e+06
000076000 1.520000e+02 -1.4365852e+05 1.9313633e+04 5.9662459e-01 -1.2434488e+05 2.20791e+06
000076100 1.522000e+02 -1.4367478e+05 1.9331168e+04 5.9716627e-01 -1.2434361e+05 2.20825e+06
000076200 1.524000e+02 -1.4366475e+05 1.9321805e+04 5.9687703e-01 -1.2434295e+05 2.20961e+06
000076300 1.526000e+02 -1.4369466e+05 1.9356277e+04 5.9794193e-01 -1.2433838e+05 2.20943e+06
000076400 1.528000e+02 -1.4373619e+05 1.9399404e+04 5.9927419e-01 -1.2433678e+05 2.21154e+06
000076500 1.530000e+02 -1.4377911e+05 1.9455215e+04 6.0099825e-01 -1.2432389e+05 2.21230e+06
000076600 1.532000e+02 -1.4371700e+05 1.9389699e+04 5.9897438e-01 -1.2432730e+05 2.21306e+06
000076700 1.534000e+02 -1.4359375e+05 1.9264705e+04 5.9511314e-01 -1.2432905e+05 2.21232e+06
000076800 1.536000e+02 -1.4377809e+05 1.9449256e+04 6.0081417e-01 -1.2432884e+05 2.21164e+06
000076900 1.538000e+02 -1.4374438e+05 1.9419039e+04 5.9988073e-01 -1.2432534e+05 2.21009e+06
000077000 1.540000e+02 -1.4364131e+05 1.9319418e+04 5.9680330e-01 -1.2432189e+05 2.20778e+06
000077100 1.542000e+02 -1.4368959e+05 1.9368951e+04 5.9833345e-01 -1.2432064e+05 2.20760e+06
000077200 1.544000e+02 -1.4372119e+05 1.9394967e+04 5.9913711e-01 -1.2432622e+05 2.20707e+06
000077300 1.546000e+02 -1.4368681e+05 1.9364988e+04 5.9821103e-01 -1.2432183e+05 2.20867e+06
000077400 1.548000e+02 -1.4370366e+05 1.9381730e+04 5.9872822e-01 -1.2432192e+05 2.20822e+06
000077500 1.550000e+02 -1.4373238e+05 1.9416055e+04 5.9978854e-01 -1.2431632e+05 2.20869e+06
000077600 1.552000e+02 -1.4372922e+05 1.9417014e+04 5.9981816e-01 -1.2431220e+05 2.20885e+06
000077700 1.554000e+02 -1.4366209e+05 1.9349648e+04 5.9773716e-01 -1.2431245e+05 2.20903e+06
000077800 1.556000e+02 -1.4370069e+05 1.9390273e+04 5.9899212e-01 -1.2431041e+05 2.20866e+06
000077900 1.558000e+02 -1.4367162e+05 1.9366121e+04 5.9824602e-01 -1.2430550e+05 2.20831e+06
000078000 1.560000e+02 -1.4356022e+05 1.9255775e+04 5.9483729e-01 -1.2430445e+05 2.20855e+06
000078100 1.562000e+02 -1.4375084e+05 1.9450652e+04 6.0085731e-01 -1.2430019e+05 2.21017e+06
000078200 1.564000e+02 -1.4380123e+05 1.9504096e+04 6.0250825e-01 -1.2429714e+05 2.21016e+06
000078300 1.566000e+02 -1.4363606e+05 1.9337309e+04 5.9735596e-01 -1.2429875e+05 2.20884e+06
000078400 1.568000e+02 -1.4369739e+05 1.9395996e+04 5.9916890e-01 -1.2430139e+05 2.20944e+06
000078500 1.570000e+02 -1.4369366e+05 1.9390246e+04 5.9899128e-01 -1.2430341e+05 2.20966e+06
000078600 1.572000e+02 -1.4370681e+05 1.9402215e+04 5.9936101e-01 -1.2430459e+05 2.20909e+06
000078700 1.574000e+02 -1.4369656e+05 1.9399541e+04 5.9927841e-01 -1.2429702e+05 2.20914e+06
000078800 1.576000e+02 -1.4367384e+05 1.9380562e+04 5.9869214e-01 -1.2429328e+05 2.20972e+06
000078900 1.578000e+02 -1.4371469e+05 1.9419988e+04 5.9991005e-01 -1.2429470e+05 2.21020e+06
000079000 1.580000e+02 -1.4360648e+05 1.9318707e+04 5.9678134e-01 -1.2428778e+05 2.21030e+06
000079100 1.582000e+02 -1.4367462e+05 1.9386945e+04 5.9888931e-01 -1.2428768e+05 2.21039e+06
000079200 1.584000e+02 -1.4369528e+05 1.9411852e+04 5.9965870e-01 -1.2428343e+05 2.20865e+06
000079300 1.586000e+02 -1.4375678e+05 1.9469516e+04 6.0144002e-01 -1.2428727e+05 2.20956e+06
000079400 1.588000e+02 -1.4369694e+05 1.9414959e+04 5.9975469e-01 -1.2428198e+05 2.20981e+06
000079500 1.590000e+02 -1.4368547e+05 1.9400635e+04 5.9931220e-01 -1.2428484e+05 2.21135e+06
000079600 1.592000e+02 -1.4381778e+05 1.9543648e+04 6.0373008e-01 -1.2427413e+05 2.21113e+06
000079700 1.594000e+02 -1.4375922e+05 1.9481188e+04 6.0180058e-01 -1.2427803e+05 2.21141e+06
000079800 1.596000e+02 -1.4362859e+05 1.9349252e+04 5.9772491e-01 -1.2427934e+05 2.21067e+06
000079900 1.598000e+02 -1.4375489e+05 1.9478785e+04 6.0172637e-01 -1.2427611e+05 2.21058e+06
000080000 1.600000e+02 -1.4363484e+05 1.9359086e+04 5.9802870e-01 -1.2427576e+05 2.20912e+06
000080100 1.602000e+02 -1.4358356e+05 1.9302604e+04 5.9628388e-01 -1.2428096e+05 2.20843e+06
000080200 1.604000e+02 -1.4362906e+05 1.9346357e+04 5.9763549e-01 -1.2428270e+05 2.20792e+06
000080300 1.606000e+02 -1.4371441e+05 1.9433156e+04 6.0031683e-01 -1.2428125e+05 2.20723e+06
000080400 1.608000e+02 -1.4363603e+05 1.9357766e+04 5.9798791e-01 -1.2427827e+05 2.20696e+06
000080500 1.610000e+02 -1.4365900e+05 1.9386314e+04 5.9886982e-01 -1.2427269e+05 2.20732e+06
000080600 1.612000e+02 -1.4358959e+05 1.9310699e+04 5.9653396e-01 -1.2427889e+05 2.20715e+06
000080700 1.614000e+02 -1.4365398e+05 1.9377568e+04 5.9859964e-01 -1.2427641e+05 2.20602e+06
000080800 1.616000e+02 -1.4360502e+05 1.9325928e+04 5.9700439e-01 -1.2427909e+05 2.20500e+06
000080900 1.618000e+02 -1.4362845e+05 1.9351984e+04 5.9780932e-01 -1.2427647e+05 2.20453e+06
000081000 1.620000e+02 -1.4361438e+05 1.9340105e+04 5.9744236e-01 -1.2427427e+05 2.20538e+06
000081100 1.622000e+02 -1.4373378e+05 1.9464082e+04 6.0127217e-01 -1.2426970e+05 2.20579e+06
000081200 1.624000e+02 -1.4371666e+05 1.9451086e+04 6.0087070e-01 -1.2426557e+05 2.20965e+06
000081300 1.626000e+02 -1.4371078e+05 1.9445299e+04 6.0069193e-01 -1.2426548e+05 2.21106e+06
000081400 1.628000e+02 -1.4376144e+05 1.9495402e+04 6.0223970e-01 -1.2426603e+05 2.21164e+06
000081500 1.630000e+02 -1.4364978e+05 1.9385885e+04 5.9885655e-01 -1.2426390e+05 2.21125e+06
000081600 1.632000e+02 -1.4370331e+05 1.9433445e+04 6.0032576e-01 -1.2426987e+05 2.21225e+06
000081700 1.634000e+02 -1.4378267e+05 1.9518109e+04 6.0294115e-01 -1.2426456e+05 2.21096e+06
000081800 1.636000e+02 -1.4374303e+05 1.9480174e+04 6.0176927e-01 -1.2426286e+05 2.21198e+06
000081900 1.638000e+02 -1.4383044e+05 1.9564543e+04 6.0437555e-01 -1.2426589e+05 2.21326e+06
000082000 1.640000e+02 -1.4370644e+05 1.9446691e+04 6.0073495e-01 -1.2425975e+05 2.21022e+06
000082100 1.642000e+02 -1.4366744e+05 1.9403641e+04 5.9940505e-01 -1.2426380e+05 2.20773e+06
000082200 1.644000e+02 -1.4361545e+05 1.9350969e+04 5.9777795e-01 -1.2426448e+05 2.20633e+06
000082300 1.646000e+02 -1.4356189e+05 1.9295836e+04 5.9607482e-01 -1.2426605e+05 2.20365e+06
000082400 1.648000e+02 -1.4372098e+05 1.9456270e+04 6.0103083e-01 -1.2426472e+05 2.20451e+06
000082500 1.650000e+02 -1.4369916e+05 1.9432422e+04 6.0029414e-01 -1.2426673e+05 2.20454e+06
000082600 1.652000e+02 -1.4360081e+05 1.9328992e+04 5.9709906e-01 -1.2427182e+05 2.20555e+06
000082700 1.654000e+02 -1.4357597e+05 1.9301734e+04 5.9625703e-01 -1.2427423e+05 2.20562e+06
000082800 1.656000e+02 -1.4366934e+05 1.9401773e+04 5.9934737e-01 -1.2426757e+05 2.20642e+06
000082900 1.658000e+02 -1.4370903e+05 1.9441004e+04 6.0055925e-01 -1.2426803e+05 2.20794e+06
000083000 1.660000e+02 -1.4367652e+05 1.9411320e+04 5.9964229e-01 -1.2426520e+05 2.20829e+06
000083100 1.662000e+02 -1.4372598e+05 1.9465402e+04 6.0131296e-01 -1.2426058e+05 2.20825e+06
000083200 1.664000e+02 -1.4353186e+05 1.9273510e+04 5.9538513e-01 -1.2425835e+05 2.20698e+06
000083300 1.666000e+02 -1.4356972e+05 1.9309246e+04 5.9648908e-01 -1.2426047e+05 2.20592e+06
000083400 1.668000e+02 -1.4372341e+05 1.9463898e+04 6.0126650e-01 -1.2425951e+05 2.20821e+06
000083500 1.670000e+02 -1.4366200e+05 1.9407102e+04 5.9951196e-01 -1.2425490e+05 2.20933e+06
000083600 1.672000e+02 -1.4374972e+05 1.9495816e+04 6.0225249e-01 -1.2425391e+05 2.21064e+06
000083700 1.674000e+02 -1.4357794e+05 1.9321914e+04 5.9688041e-01 -1.2425602e+05 2.21035e+06
000083800 1.676000e+02 -1.4371162e+05 1.9455879e+04 6.0101876e-01 -1.2425575e+05 2.20930e+06
000083900 1.678000e+02 -1.4366484e+05 1.9407648e+04 5.9952886e-01 -1.2425720e+05 2.21114e+06
000084000 1.680000e+02 -1.4374159e+05 1.9483068e+04 6.0185868e-01 -1.2425852e+05 2.21061e+06
000084100 1.682000e+02 -1.4363438e+05 1.9378195e+04 5.9861901e-01 -1.2425618e+05 2.21053e+06
000084200 1.684000e+02 -1.4359783e+05 1.9342146e+04 5.9750541e-01 -1.2425568e+05 2.21037e+06
000084300 1.686000e+02 -1.4365291e+05 1.9403402e+04 5.9939769e-01 -1.2424950e+05 2.20924e+06
000084400 1.688000e+02 -1.4367372e+05 1.9420086e+04 5.9991307e-01 -1.2425363e+05 2.20851e+06
000084500 1.690000e+02 -1.4362136e+05 1.9372746e+04 5.9845068e-01 -1.2424861e+05 2.20647e+06
000084600 1.692000e+02 -1.4368928e+05 1.9436846e+04 6.0043080e-01 -1.2425244e+05 2.20642e+06
000084700 1.694000e+02 -1.4363633e+05 1.9379996e+04 5.9867464e-01 -1.2425633e+05 2.20459e+06
000084800 1.696000e+02 -1.4363009e+05 1.9380273e+04 5.9868321e-01 -1.2424982e+05 2.20343e+06
000084900 1.698000e+02 -1.4354269e+05 1.9289559e+04 5.9588090e-01 -1.2425312e+05 2.20218e+06
000085000 1.700000e+02 -1.4358062e+05 1.9329861e+04 5.9712591e-01 -1.2425077e+05 2.20362e+06
000085100 1.702000e+02 -1.4359056e+05 1.9344926e+04 5.9759127e-01 -1.2424564e+05 2.20451e+06
000085200 1.704000e+02 -1.4361628e+05 1.9367234e+04 5.9828041e-01 -1.2424905e+05 2.20679e+06
000085300 1.706000e+02 -1.4356314e+05 1.9316895e+04 5.9672535e-01 -1.2424625e+05 2.20809e+06
000085400 1.708000e+02 -1.4361808e+05 1.9372012e+04 5.9842799e-01 -1.2424606e+05 2.20915e+06
000085500 1.710000e+02 -1.4353938e+05 1.9295992e+04 5.9607964e-01 -1.2424338e+05 2.21015e+06
000085600 1.712000e+02 -1.4365608e+05 1.9415561e+04 5.9977327e-01 -1.2424052e+05 2.21067e+06
000085700 1.714000e+02 -1.4358609e+05 1.9348945e+04 5.9771544e-01 -1.2423715e+05 2.21119e+06
000085800 1.716000e+02 -1.4368678e+05 1.9454324e+04 6.0097074e-01 -1.2423245e+05 2.21250e+06
000085900 1.718000e+02 -1.4362789e+05 1.9395957e+04 5.9916769e-01 -1.2423194e+05 2.21309e+06
000086000 1.720000e+02 -1.4358397e+05 1.9352936e+04 5.9783870e-01 -1.2423103e+05 2.21325e+06
000086100 1.722000e+02 -1.4367591e+05 1.9448100e+04 6.0077845e-01 -1.2422780e+05 2.21179e+06
000086200 1.724000e+02 -1.4363442e+05 1.9408223e+04 5.9954660e-01 -1.2422620e+05 2.20992e+06
000086300 1.726000e+02 -1.4361375e+05 1.9384678e+04 5.9881926e-01 -1.2422907e+05 2.20865e+06
000086400 1.728000e+02 -1.4358641e+05 1.9358789e+04 5.9801953e-01 -1.2422762e+05 2.20866e+06
000086500 1.730000e+02 -1.4365809e+05 1.9429930e+04 6.0021716e-01 -1.2422816e+05 2.20894e+06
000086600 1.732000e+02 -1.4357650e+05 1.9348467e+04 5.9770066e-01 -1.2422803e+05 2.20900e+06
000086700 1.734000e+02 -1.4360203e+05 1.9368135e+04 5.9830823e-01 -1.2423390e+05 2.20996e+06
000086800 1.736000e+02 -1.4356034e+05 1.9330568e+04 5.9714775e-01 -1.2422977e+05 2.20904e+06
000086900 1.738000e+02 -1.4352703e+05 1.9302266e+04 5.9627344e-01 -1.2422477e+05 2.20925e+06
000087000 1.740000e+02 -1.4365659e+05 1.9439236e+04 6.0050465e-01 -1.2421736e+05 2.20819e+06
000087100 1.742000e+02 -1.4359441e+05 1.9380885e+04 5.9870209e-01 -1.2421352e+05 2.20810e+06
000087200 1.744000e+02 -1.4363431e+05 1.9421398e+04 5.9995361e-01 -1.2421291e+05 2.20935e+06
000087300 1.746000e+02 -1.4346481e+05 1.9251258e+04 5.9469774e-01 -1.2421355e+05 2.20928e+06
000087400 1.748000e+02 -1.4370684e+05 1.9493416e+04 6.0217834e-01 -1.2421343e+05 2.21060e+06
000087500 1.750000e+02 -1.4360375e+05 1.9395191e+04 5.9914404e-01 -1.2420856e+05 2.20911e+06
000087600 1.752000e+02 -1.4363594e+05 1.9434023e+04 6.0034362e-01 -1.2420191e+05 2.20987e+06
000087700 1.754000e+02 -1.4364306e+05 1.9448088e+04 6.0077809e-01 -1.2419498e+05 2.20975e+06
000087800 1.756000e+02 -1.4363278e+05 1.9433150e+04 6.0031665e-01 -1.2419963e+05 2.20988e+06
000087900 1.758000e+02 -1.4357777e+05 1.9380945e+04 5.9870396e-01 -1.2419682e+05 2.20728e+06
000088000 1.760000e+02 -1.4353233e+05 1.9338156e+04 5.9738215e-01 -1.2419417e+05 2.20769e+06
000088100 1.762000e+02 -1.4359967e+05 1.9406885e+04 5.9950527e-01 -1.2419279e+05 2.20882e+06
000088200 1.764000e+02 -1.4382338e+05 1.9632555e+04 6.0647652e-01 -1.2419082e+05 2.21000e+06
000088300 1.766000e+02 -1.4364484e+05 1.9455918e+04 6.0101997e-01 -1.2418892e+05 2.20834e+06
000088400 1.768000e+02 -1.4364197e+05 1.9449922e+04 6.0083474e-01 -1.2419205e+05 2.20884e+06
000088500 1.770000e+02 -1.4353239e+05 1.9342871e+04 5.9752780e-01 -1.2418952e+05 2.20797e+06
000088600 1.772000e+02 -1.4378428e+05 1.9593727e+04 6.0527707e-01 -1.2419055e+05 2.20744e+06
000088700 1.774000e+02 -1.4366006e+05 1.9472635e+04 6.0153638e-01 -1.2418743e+05 2.20908e+06
000088800 1.776000e+02 -1.4359569e+05 1.9415041e+04 5.9975723e-01 -1.2418065e+05 2.20783e+06
000088900 1.778000e+02 -1.4360912e+05 1.9427184e+04 6.0013233e-01 -1.2418194e+05 2.20806e+06
000089000 1.780000e+02 -1.4367152e+05 1.9485340e+04 6.0192885e-01 -1.2418617e+05 2.20809e+06
000089100 1.782000e+02 -1.4350470e+05 1.9320881e+04 5.9684849e-01 -1.2418382e+05 2.20550e+06
000089200 1.784000e+02 -1.4347780e+05 1.9294035e+04 5.9601919e-01 -1.2418377e+05 2.20723e+06
000089300 1.786000e+02 -1.4349317e+05 1.9312551e+04 5.9659116e-01 -1.2418062e+05 2.20614e+06
000089400 1.788000e+02 -1.4355802e+05 1.9383848e+04 5.9879362e-01 -1.2417417e+05 2.20705e+06
000089500 1.790000e+02 -1.4368670e+05 1.9511953e+04 6.0275097e-01 -1.2417475e+05 2.20776e+06
000089600 1.792000e+02 -1.4357722e+05 1.9410299e+04 5.9961073e-01 -1.2416692e+05 2.20837e+06
000089700 1.794000e+02 -1.4368275e+05 1.9518303e+04 6.0294712e-01 -1.2416445e+05 2.20786e+06
000089800 1.796000e+02 -1.4366712e+05 1.9507816e+04 6.0262318e-01 -1.2415931e+05 2.20904e+06
000089900 1.798000e+02 -1.4366462e+05 1.9498832e+04 6.0234564e-01 -1.2416580e+05 2.20907e+06
000090000 1.800000e+02 -1.4360855e+05 1.9448086e+04 6.0077803e-01 -1.2416046e+05 2.20807e+06
000090100 1.802000e+02 -1.4357039e+05 1.9410523e+04 5.9961767e-01 -1.2415987e+05 2.20847e+06
000090200 1.804000e+02 -1.4359288e+05 1.9435760e+04 6.0039726e-01 -1.2415712e+05 2.20910e+06
000090300 1.806000e+02 -1.4353741e+05 1.9383041e+04 5.9876870e-01 -1.2415437e+05 2.20916e+06
000090400 1.808000e+02 -1.4365031e+05 1.9504531e+04 6.0252170e-01 -1.2414578e+05 2.20811e+06
000090500 1.810000e+02 -1.4361009e+05 1.9465002e+04 6.0130059e-01 -1.2414509e+05 2.20910e+06
000090600 1.812000e+02 -1.4370647e+05 1.9560576e+04 6.0425301e-01 -1.2414589e+05 2.20850e+06
000090700 1.814000e+02 -1.4359131e+05 1.9450145e+04 6.0084162e-01 -1.2414117e+05 2.20684e+06
000090800 1.816000e+02 -1.4351608e+05 1.9379918e+04 5.9867223e-01 -1.2413616e+05 2.20658e+06
000090900 1.818000e+02 -1.4356700e+05 1.9431672e+04 6.0027098e-01 -1.2413533e+05 2.20701e+06
000091000 1.820000e+02 -1.4356303e+05 1.9432225e+04 6.0028805e-01 -1.2413080e+05 2.20805e+06
000091100 1.822000e+02 -1.4357728e+05 1.9444408e+04 6.0066442e-01 -1.2413288e+05 2.20787e+06
000091200 1.824000e+02 -1.4355128e+05 1.9417240e+04 5.9982516e-01 -1.2413404e+05 2.20742e+06
000091300 1.826000e+02 -1.4365388e+05 1.9521465e+04 6.0304480e-01 -1.2413241e+05 2.20701e+06
000091400 1.828000e+02 -1.4348717e+05 1.9361105e+04 5.9809108e-01 -1.2412606e+05 2.20682e+06
000091500 1.830000e+02 -1.4342847e+05 1.9309127e+04 5.9648539e-01 -1.2411934e+05 2.20615e+06
000091600 1.832000e+02 -1.4345103e+05 1.9335426e+04 5.9729780e-01 -1.2411561e+05 2.20569e+06
000091700 1.834000e+02 -1.4351692e+05 1.9393848e+04 5.9910253e-01 -1.2412308e+05 2.20777e+06
000091800 1.836000e+02 -1.4347256e+05 1.9363223e+04 5.9815649e-01 -1.2410934e+05 2.20659e+06
000091900 1.838000e+02 -1.4350264e+05 1.9399588e+04 5.9927986e-01 -1.2410305e+05 2.20671e+06
000092000 1.840000e+02 -1.4344328e+05 1.9338600e+04 5.9739585e-01 -1.2410468e+05 2.20642e+06
000092100 1.842000e+02 -1.4358244e+05 1.9472414e+04 6.0152956e-01 -1.2411002e+05 2.20671e+06
000092200 1.844000e+02 -1.4354456e+05 1.9434918e+04 6.0037125e-01 -1.2410964e+05 2.20563e+06
000092300 1.846000e+02 -1.4349922e+05 1.9390242e+04 5.9899116e-01 -1.2410898e+05 2.20545e+06
000092400 1.848000e+02 -1.4358094e+05 1.9479215e+04 6.0173964e-01 -1.2410172e+05 2.20733e+06
000092500 1.850000e+02 -1.4342150e+05 1.9326918e+04 5.9703498e-01 -1.2409458e+05 2.20731e+06
000092600 1.852000e+02 -1.4354281e+05 1.9447371e+04 6.0075595e-01 -1.2409544e+05 2.20872e+06
000092700 1.854000e+02 -1.4346144e+05 1.9372992e+04 5.9845828e-01 -1.2408845e+05 2.20928e+06
000092800 1.856000e+02 -1.4366098e+05 1.9579502e+04 6.0483765e-01 -1.2408148e+05 2.21125e+06
000092900 1.858000e+02 -1.4361558e+05 1.9526062e+04 6.0318683e-01 -1.2408952e+05 2.21143e+06
000093000 1.860000e+02 -1.4352569e+05 1.9441553e+04 6.0057621e-01 -1.2408413e+05 2.21045e+06
000093100 1.862000e+02 -1.4362323e+05 1.9535893e+04 6.0349050e-01 -1.2408734e+05 2.21101e+06
000093200 1.864000e+02 -1.4348438e+05 1.9403689e+04 5.9940656e-01 -1.2408069e+05 2.21095e+06
000093300 1.866000e+02 -1.4341475e+05 1.9332773e+04 5.9721587e-01 -1.2408198e+05 2.20838e+06
000093400 1.868000e+02 -1.4350777e+05 1.9429844e+04 6.0021450e-01 -1.2407792e+05 2.20732e+06
000093500 1.870000e+02 -1.4340456e+05 1.9325502e+04 5.9699124e-01 -1.2407906e+05 2.20391e+06
000093600 1.872000e+02 -1.4352409e+05 1.9446320e+04 6.0072349e-01 -1.2407777e+05 2.20218e+06
000093700 1.874000e+02 -1.4355059e+05 1.9476334e+04 6.0165065e-01 -1.2407426e+05 2.20361e+06
000093800 1.876000e+02 -1.4343125e+05 1.9355312e+04 5.9791213e-01 -1.2407594e+05 2.20311e+06
000093900 1.878000e+02 -1.4353084e+05 1.9456564e+04 6.0103994e-01 -1.2407428e+05 2.20380e+06
000094000 1.880000e+02 -1.4346405e+05 1.9391574e+04 5.9903230e-01 -1.2407247e+05 2.20372e+06
000094100 1.882000e+02 -1.4339527e+05 1.9325271e+04 5.9698412e-01 -1.2406999e+05 2.20433e+06
000094200 1.884000e+02 -1.4353225e+05 1.9471033e+04 6.0148690e-01 -1.2406122e+05 2.20674e+06
000094300 1.886000e+02 -1.4349348e+05 1.9438551e+04 6.0048347e-01 -1.2405494e+05 2.20686e+06
000094400 1.888000e+02 -1.4357831e+05 1.9525785e+04 6.0317826e-01 -1.2405253e+05 2.20876e+06
000094500 1.890000e+02 -1.4357123e+05 1.9527715e+04 6.0323787e-01 -1.2404352e+05 2.21024e+06
000094600 1.892000e+02 -1.4354809e+05 1.9507174e+04 6.0260333e-01 -1.2404092e+05 2.21119e+06
000094700 1.894000e+02 -1.4355119e+05 1.9514332e+04 6.0282446e-01 -1.2403686e+05 2.21145e+06
000094800 1.896000e+02 -1.4357819e+05 1.9538102e+04 6.0355873e-01 -1.2404009e+05 2.21130e+06
000094900 1.898000e+02 -1.4356822e+05 1.9526895e+04 6.0321253e-01 -1.2404133e+05 2.21074e+06
000095000 1.900000e+02 -1.4363150e+05 1.9590918e+04 6.0519031e-01 -1.2404058e+05 2.21182e+06
000095100 1.902000e+02 -1.4349147e+05 1.9450234e+04 6.0084440e-01 -1.2404123e+05 2.20975e+06
000095200 1.904000e+02 -1.4352634e+05 1.9486941e+04 6.0197833e-01 -1.2403941e+05 2.21006e+06
000095300 1.906000e+02 -1.4349086e+05 1.9457279e+04 6.0106202e-01 -1.2403358e+05 2.20758e+06
000095400 1.908000e+02 -1.4355523e+05 1.9519980e+04 6.0299895e-01 -1.2403525e+05 2.20618e+06
000095500 1.910000e+02 -1.4354553e+05 1.9506867e+04 6.0259386e-01 -1.2403866e+05 2.20577e+06
000095600 1.912000e+02 -1.4346598e+05 1.9430896e+04 6.0024702e-01 -1.2403509e+05 2.20387e+06
000095700 1.914000e+02 -1.4340800e+05 1.9373516e+04 5.9847445e-01 -1.2403448e+05 2.20182e+06
000095800 1.916000e+02 -1.4336188e+05 1.9329289e+04 5.9710823e-01 -1.2403259e+05 2.20362e+06
000095900 1.918000e+02 -1.4341017e+05 1.9380104e+04 5.9867796e-01 -1.2403007e+05 2.20459e+06
000096000 1.920000e+02 -1.4350934e+05 1.9477902e+04 6.0169910e-01 -1.2403144e+05 2.20403e+06
000096100 1.922000e+02 -1.4353766e+05 1.9508020e+04 6.0262946e-01 -1.2402964e+05 2.20496e+06
000096200 1.924000e+02 -1.4343303e+05 1.9415451e+04 5.9976990e-01 -1.2401758e+05 2.20571e+06
000096300 1.926000e+02 -1.4346847e+05 1.9448889e+04 6.0080283e-01 -1.2401958e+05 2.20686e+06
000096400 1.928000e+02 -1.4357409e+05 1.9558203e+04 6.0417970e-01 -1.2401589e+05 2.20869e+06
000096500 1.930000e+02 -1.4359172e+05 1.9576996e+04 6.0476024e-01 -1.2401472e+05 2.20957e+06
000096600 1.932000e+02 -1.4343894e+05 1.9439994e+04 6.0052806e-01 -1.2399895e+05 2.20988e+06
000096700 1.934000e+02 -1.4351258e+05 1.9521533e+04 6.0304691e-01 -1.2399105e+05 2.20693e+06
000096800 1.936000e+02 -1.4351584e+05 1.9522828e+04 6.0308692e-01 -1.2399302e+05 2.20612e+06
000096900 1.938000e+02 -1.4354512e+05 1.9550912e+04 6.0395447e-01 -1.2399421e+05 2.20555e+06
000097000 1.940000e+02 -1.4355278e+05 1.9555248e+04 6.0408841e-01 -1.2399753e+05 2.20600e+06
000097100 1.942000e+02 -1.4348977e+05 1.9498357e+04 6.0233098e-01 -1.2399141e+05 2.20535e+06
000097200 1.944000e+02 -1.4351688e+05 1.9526293e+04 6.0319395e-01 -1.2399058e+05 2.20469e+06
000097300 1.946000e+02 -1.4347534e+05 1.9487184e+04 6.0198581e-01 -1.2398816e+05 2.20440e+06
000097400 1.948000e+02 -1.4342594e+05 1.9441227e+04 6.0056613e-01 -1.2398471e+05 2.20439e+06
000097500 1.950000e+02 -1.4348275e+05 1.9496920e+04 6.0228658e-01 -1.2398583e+05 2.20447e+06
000097600 1.952000e+02 -1.4343550e+05 1.9460883e+04 6.0117334e-01 -1.2397462e+05 2.20291e+06
000097700 1.954000e+02 -1.4340891e+05 1.9428779e+04 6.0018162e-01 -1.2398012e+05 2.20446e+06
000097800 1.956000e+02 -1.4343081e+05 1.9450078e+04 6.0083957e-01 -1.2398073e+05 2.20615e+06
000097900 1.958000e+02 -1.4351872e+05 1.9535256e+04 6.0347083e-01 -1.2398346e+05 2.20830e+06
000098000 1.960000e+02 -1.4341836e+05 1.9439289e+04 6.0050628e-01 -1.2397907e+05 2.20871e+06
000098100 1.962000e+02 -1.4350911e+05 1.9531572e+04 6.0335704e-01 -1.2397754e+05 2.21075e+06
000098200 1.964000e+02 -1.4360606e+05 1.9629922e+04 6.0639519e-01 -1.2397614e+05 2.20757e+06
000098300 1.966000e+02 -1.4346105e+05 1.9483238e+04 6.0186393e-01 -1.2397781e+05 2.20663e+06
000098400 1.968000e+02 -1.4352262e+05 1.9549051e+04 6.0389697e-01 -1.2397358e+05 2.20694e+06
000098500 1.970000e+02 -1.4355725e+05 1.9583352e+04 6.0495657e-01 -1.2397390e+05 2.20575e+06
000098600 1.972000e+02 -1.4342202e+05 1.9446830e+04 6.0073923e-01 -1.2397519e+05 2.20477e+06
000098700 1.974000e+02 -1.4343481e+05 1.9461801e+04 6.0120170e-01 -1.2397302e+05 2.20484e+06
000098800 1.976000e+02 -1.4343778e+05 1.9460973e+04 6.0117612e-01 -1.2397681e+05 2.20265e+06
000098900 1.978000e+02 -1.4346203e+05 1.9486154e+04 6.0195401e-01 -1.2397588e+05 2.20274e+06
000099000 1.980000e+02 -1.4345809e+05 1.9483668e+04 6.0187721e-01 -1.2397442e+05 2.20376e+06
000099100 1.982000e+02 -1.4346000e+05 1.9486258e+04 6.0195721e-01 -1.2397374e+05 2.20457e+06
000099200 1.984000e+02 -1.4352784e+05 1.9555480e+04 6.0409559e-01 -1.2397236e+05 2.20537e+06
000099300 1.986000e+02 -1.4342662e+05 1.9458307e+04 6.0109376e-01 -1.2396832e+05 2.20677e+06
000099400 1.988000e+02 -1.4347895e+05 1.9510445e+04 6.0270439e-01 -1.2396851e+05 2.20769e+06
000099500 1.990000e+02 -1.4349898e+05 1.9530754e+04 6.0333175e-01 -1.2396823e+05 2.20649e+06
000099600 1.992000e+02 -1.4341978e+05 1.9455863e+04 6.0101828e-01 -1.2396392e+05 2.20713e+06
000099700 1.994000e+02 -1.4342258e+05 1.9458215e+04 6.0109092e-01 -1.2396436e+05 2.20505e+06
000099800 1.996000e+02 -1.4357056e+05 1.9609717e+04 6.0577103e-01 -1.2396084e+05 2.20698e+06
000099900 1.998000e+02 -1.4350522e+05 1.9547223e+04 6.0384050e-01 -1.2395800e+05 2.20637e+06
000100000 2.000000e+02 -1.4344650e+05 1.9490107e+04 6.0207613e-01 -1.2395639e+05 2.20816e+06
