28.000488 31.999502 72.399530 0.000000
32.401102 31.999506 72.399524 4.000000
36.802984 31.999515 72.399510 8.000000
41.206168 31.999524 72.399477 12.000001
45.610655 31.999586 72.399443 16.000000
50.016500 31.999666 72.399380 20.000000
54.417113 31.999317 72.398985 24.000002
57.987526 31.995750 72.891736 28.000002
60.697569 31.986030 73.846694 32.000000
63.066293 31.981462 74.593954 36.000000
65.231610 31.967653 74.875323 40.000000
67.288934 31.956869 74.649819 44.000004
69.187052 31.931334 73.905131 48.000004
70.874343 31.920929 72.792588 52.000004
72.304391 31.907369 71.346503 56.000004
73.488736 31.896693 69.660053 60.000004
74.387440 31.910824 67.813939 64.000000
74.930990 31.927317 65.843260 68.000000
75.043461 31.911127 63.800200 72.000000
74.778928 31.890552 61.751965 76.000000
74.197128 31.907118 59.764317 80.000000
73.237464 31.918619 57.930527 84.000008
71.921587 31.893683 56.349621 88.000008
70.351224 31.901936 55.028185 92.000008
68.574734 31.903987 53.956915 96.000008
66.635973 31.879110 53.253465 100.000008
64.595228 31.870928 52.976054 104.000008
62.528071 31.886995 53.087479 108.000008
60.510890 31.866578 53.516733 112.000008
58.608731 31.852003 54.319404 116.000008
56.910284 31.851102 55.482965 120.000008
55.448795 31.856163 56.945869 124.000008
54.269120 31.848720 58.622710 128.000000
53.428882 31.839650 60.498049 132.000000
52.976246 31.833670 62.515144 136.000000
52.927502 31.811934 64.578432 140.000000
53.217776 31.813272 66.625121 144.000000
53.871251 31.806863 68.582147 148.000000
54.887624 31.790837 70.378473 152.000000
56.225347 31.775639 71.939893 156.000000
57.830624 31.782949 73.245880 160.000000
59.647889 31.769033 74.228253 164.000015
61.612478 31.747996 74.866278 168.000015
63.661359 31.753599 75.119893 172.000015
65.721551 31.738125 74.978789 176.000015
67.716212 31.716148 74.480084 180.000015
69.595391 31.714302 73.611374 184.000015
71.282316 31.702395 72.404156 188.000015
72.709534 31.676701 70.920882 192.000015
73.832943 31.670916 69.186476 196.000015
74.628203 31.666599 67.259667 200.000015
