# 1      2         3-4       5-6
# x  RMS-E  E_inhomo^2  E_homo^2
0.061556 8.000395e-07   1.089862e-14 7.414116e-36 6.291646e-13 -2.464998e-22
0.184667 5.613149e-07   3.845709e-15 5.691599e-36 3.112288e-13 -3.838118e-22
0.307779 4.085089e-07   1.430882e-15 4.949969e-36 1.654486e-13 -6.882143e-22
0.430890 2.957679e-07   5.054327e-16 2.634634e-36 8.697324e-14 -2.382280e-22
0.554001 2.125387e-07   1.453693e-16 4.995662e-38 4.502734e-14 -5.029258e-22
0.677113 2.432860e-07   2.508777e-16 1.473934e-36 5.893722e-14 -4.499863e-22
0.800224 2.689589e-07   8.515253e-16 3.313104e-36 7.148737e-14 -4.334426e-22
0.923336 3.469078e-07   1.593558e-15 2.286952e-36 1.187514e-13 1.323489e-22
1.046447 5.163465e-07   2.505629e-15 1.878249e-36 2.641081e-13 4.499863e-22
1.169558 4.403701e-07   1.842215e-15 1.444994e-36 1.920836e-13 1.588187e-22
1.292670 9.311200e-07   8.475446e-15 6.623892e-37 8.585090e-13 -1.058791e-22
1.415781 1.447409e-06   2.034848e-14 4.636478e-37 2.074645e-12 -3.922040e-23
1.538893 1.448005e-06   2.034579e-14 1.285707e-36 2.076372e-12 1.225149e-22
1.662004 1.448398e-06   2.044027e-14 3.533083e-37 2.077417e-12 -4.332276e-22
1.785115 9.382828e-07   7.321521e-15 3.937657e-36 8.730531e-13 2.881525e-22
1.908227 4.866744e-07   1.966017e-15 2.898884e-36 2.348860e-13 1.458925e-22
2.031338 5.690409e-07   5.688752e-15 2.054003e-36 3.181188e-13 -2.385861e-23
2.154450 4.212004e-07   2.089761e-15 7.258516e-36 1.753200e-13 -2.381837e-22
2.277561 5.699326e-07   1.104115e-15 4.061899e-36 3.237190e-13 1.081691e-21
2.400672 1.055754e-06   6.665773e-15 7.707911e-37 1.107951e-12 7.485400e-22
2.523784 2.401877e-06   3.302699e-14 1.001989e-36 5.735985e-12 1.254462e-22
2.646895 4.017666e-06   1.535713e-13 4.133069e-38 1.598807e-11 -8.374211e-22
2.770007 6.589580e-06   3.919106e-13 3.814004e-37 4.303065e-11 4.325941e-22
2.893118 1.111209e-05   1.138529e-12 6.657770e-36 1.223401e-10 4.368716e-22
3.016229 1.711515e-05   2.843511e-12 5.373484e-36 2.900848e-10 4.722922e-22
3.139341 2.549402e-05   2.824542e-12 5.044329e-36 6.471205e-10 6.661788e-22
3.262452 3.819527e-05   4.985270e-12 1.388800e-35 1.453893e-09 1.175503e-21
3.385564 5.227730e-05   7.811427e-12 1.598363e-35 2.725105e-09 -1.077075e-22
3.508675 6.588330e-05   2.482894e-11 1.437644e-35 4.315781e-09 3.701061e-22
3.631786 8.017454e-05   7.006126e-11 7.176289e-36 6.357896e-09 2.153953e-21
3.754898 9.146588e-05   6.445967e-11 8.472291e-36 8.301547e-09 8.823117e-22
3.878009 9.932666e-05   1.941737e-11 4.825551e-37 9.846368e-09 -3.202504e-22
4.001121 1.060595e-04   6.472102e-11 3.981617e-36 1.118390e-08 -7.617238e-22
4.124232 1.102651e-04   1.183450e-10 4.102270e-37 1.204005e-08 1.354187e-21
4.247343 1.127726e-04   1.659447e-10 9.271854e-36 1.255173e-08 9.466426e-22
4.370455 1.144295e-04   2.552403e-10 4.822146e-36 1.283886e-08 1.056542e-21
4.493566 1.146483e-04   2.626080e-10 1.921210e-36 1.288162e-08 1.243772e-21
4.616678 1.142851e-04   1.672727e-10 5.229286e-36 1.289382e-08 1.064951e-21
4.739789 1.134169e-04   8.448330e-11 6.897322e-37 1.277891e-08 -2.801583e-22
4.862900 1.123941e-04   4.098510e-11 1.335670e-36 1.259146e-08 2.370524e-22
4.986012 1.116809e-04   8.819988e-11 1.971404e-36 1.238442e-08 1.782175e-21
5.109123 1.119202e-04   1.805702e-10 1.471693e-36 1.234556e-08 7.721963e-22
5.232235 1.126069e-04   2.024821e-10 7.838869e-36 1.247782e-08 4.025905e-23
5.355346 1.127128e-04   1.749717e-10 4.371251e-36 1.252920e-08 -1.711292e-22
5.478457 1.129606e-04   1.581219e-10 4.766289e-36 1.260198e-08 6.653583e-22
5.601569 1.128991e-04   1.567631e-10 2.388748e-36 1.258945e-08 8.766892e-22
5.724680 1.135991e-04   1.630983e-10 5.911080e-36 1.274166e-08 1.285881e-21
5.847792 1.145463e-04   2.102490e-10 2.642460e-36 1.291060e-08 2.272472e-22
5.970903 1.139051e-04   2.125513e-10 1.717478e-36 1.276182e-08 -2.503109e-22
6.094014 1.142448e-04   1.993289e-10 7.282117e-36 1.285254e-08 3.496152e-22
6.217126 1.136857e-04   1.392562e-10 4.377554e-37 1.278519e-08 -4.555909e-22
6.340237 1.133389e-04   1.011385e-10 4.745793e-36 1.274458e-08 5.387386e-22
6.463349 1.128420e-04   6.208644e-11 4.215464e-36 1.267122e-08 5.037058e-22
6.586460 1.127904e-04   1.167590e-10 1.958511e-36 1.260491e-08 2.797753e-22
6.709571 1.117769e-04   1.305935e-10 4.915457e-37 1.236348e-08 -9.401049e-22
6.832683 1.109446e-04   7.878929e-11 4.326226e-36 1.222992e-08 1.737887e-22
6.955794 1.112248e-04   1.262164e-10 5.298044e-36 1.224475e-08 7.625816e-22
7.078906 1.104109e-04   3.074990e-11 5.245139e-36 1.215982e-08 6.167702e-22
7.202017 1.105670e-04   2.765829e-11 7.983831e-36 1.219740e-08 5.273141e-22
7.325128 1.110765e-04   1.829004e-11 1.983611e-36 1.231971e-08 7.492041e-22
7.448240 1.108654e-04   1.615464e-11 4.579771e-36 1.227498e-08 4.870525e-22
7.571351 1.111906e-04   5.250484e-11 6.613304e-36 1.231084e-08 -2.709171e-22
7.694463 1.119567e-04   5.878673e-11 2.419955e-36 1.247553e-08 -2.165482e-22
7.817574 1.141427e-04   2.976701e-10 4.755081e-37 1.273089e-08 -1.914779e-22
7.940685 1.152108e-04   2.683183e-10 1.669145e-36 1.300520e-08 3.497571e-23
8.063797 1.146591e-04   8.347920e-11 1.986139e-36 1.306323e-08 -2.802968e-22
8.186908 1.155114e-04   4.157502e-10 1.191489e-36 1.292713e-08 4.147969e-22
8.310020 1.135236e-04   2.520889e-10 6.355470e-37 1.263551e-08 2.280655e-22
8.433131 1.119267e-04   2.007040e-10 3.917066e-37 1.232689e-08 6.873460e-22
8.556242 1.114893e-04   3.088486e-10 6.761954e-36 1.212102e-08 -2.297311e-24
8.679354 1.112301e-04   3.321624e-10 3.049092e-36 1.203998e-08 4.345236e-22
8.802465 1.118350e-04   2.597210e-10 7.715630e-36 1.224735e-08 3.262215e-22
8.925577 1.122493e-04   1.079325e-10 1.292860e-35 1.249198e-08 5.188167e-22
9.048688 1.133564e-04   2.367616e-10 2.198418e-36 1.261291e-08 -3.735334e-22
9.171799 1.134922e-04   1.186475e-10 5.956374e-36 1.276184e-08 -6.583043e-22
9.294911 1.133702e-04   1.224820e-10 4.504288e-36 1.273031e-08 -3.423393e-22
9.418022 1.123526e-04   2.504802e-10 8.475188e-36 1.237262e-08 1.197959e-23
9.541134 1.113932e-04   6.454709e-11 1.154123e-35 1.234390e-08 -4.262527e-22
9.664245 1.122412e-04   7.796630e-11 1.011569e-35 1.252013e-08 -5.084018e-22
9.787356 1.122431e-04   9.729555e-11 9.044137e-36 1.250122e-08 2.813717e-22
9.910468 1.131831e-04   8.678575e-11 1.232703e-35 1.272362e-08 -1.469948e-22
10.033579 1.126375e-04   7.696845e-11 3.526322e-36 1.261023e-08 -2.225846e-22
10.156691 1.123307e-04   7.067996e-11 3.300389e-36 1.254751e-08 2.991296e-22
10.279802 1.122702e-04   1.407271e-10 2.487895e-36 1.246387e-08 3.038666e-22
10.402913 1.116864e-04   2.460780e-10 2.162161e-36 1.222777e-08 -1.275696e-21
10.526025 1.120904e-04   2.980447e-10 5.800249e-36 1.226622e-08 -9.636155e-22
10.649136 1.105686e-04   1.797359e-10 1.200264e-36 1.204569e-08 -5.399643e-23
10.772248 1.083284e-04   6.205135e-11 3.860934e-36 1.167300e-08 7.971970e-22
10.895359 1.046329e-04   8.264192e-11 2.627304e-36 1.086541e-08 -1.267268e-21
11.018470 9.775447e-05   6.028541e-11 7.077048e-36 9.495650e-09 -7.600098e-22
11.141582 8.864332e-05   9.049331e-12 1.997699e-36 7.848590e-09 -7.285871e-22
11.264693 7.678425e-05   1.434178e-11 6.305162e-37 5.881480e-09 -1.006551e-21
11.387805 6.321878e-05   2.334060e-11 3.561496e-36 3.973274e-09 -1.610524e-21
11.510916 4.980281e-05   4.133376e-11 2.578904e-37 2.438986e-09 2.608373e-22
11.634027 3.692255e-05   2.034391e-11 9.410539e-37 1.342931e-09 -6.240710e-22
11.757139 2.562420e-05   2.786524e-12 7.787070e-37 6.538129e-10 -2.259927e-21
11.880250 1.703870e-05   8.605466e-13 3.072376e-37 2.894568e-10 -1.006613e-21
12.003362 1.106653e-05   5.546845e-13 2.056429e-36 1.219133e-10 3.956736e-22
12.126473 7.322508e-06   2.633110e-13 5.171663e-36 5.335581e-11 7.556326e-22
12.249584 4.680564e-06   5.020497e-14 2.627461e-36 2.185747e-11 -9.773801e-22
12.372696 2.640649e-06   1.711709e-14 3.577137e-36 6.955911e-12 -1.024087e-21
12.495807 1.739522e-06   1.006224e-14 3.773538e-36 3.015873e-12 -1.567326e-21
12.618919 1.352283e-06   9.285633e-15 4.086820e-36 1.819385e-12 -1.069992e-21
12.742030 1.512129e-06   8.414944e-15 5.953589e-36 2.278119e-12 -7.120560e-22
12.865141 1.320744e-06   1.280266e-14 4.110488e-36 1.731561e-12 -2.637625e-22
12.988253 1.455983e-06   2.320204e-14 2.793934e-36 2.096684e-12 -1.530184e-22
13.111364 1.114024e-06   1.066643e-14 1.300868e-36 1.230383e-12 -1.386687e-21
13.234476 1.005081e-06   2.217382e-15 1.968219e-36 1.007970e-12 -4.338363e-22
13.357587 1.270949e-06   2.049507e-14 2.092996e-36 1.594815e-12 -1.209139e-22
13.480698 1.164976e-06   2.079966e-14 3.814336e-36 1.336370e-12 1.008932e-21
13.603810 9.155312e-07   1.266227e-14 1.035085e-36 8.255350e-13 -8.410432e-23
13.726921 1.145839e-06   2.101380e-14 1.141522e-36 1.291933e-12 -6.970553e-22
13.850033 1.112141e-06   1.409488e-14 3.301658e-37 1.222764e-12 -9.828479e-22
13.973144 9.769074e-07   9.669047e-15 2.569405e-36 9.446790e-13 -4.886009e-22
14.096255 9.594199e-07   6.034982e-15 8.138641e-37 9.144516e-13 -2.716724e-22
14.219367 1.547035e-06   2.518728e-14 2.543898e-36 2.368131e-12 -5.973829e-22
14.342478 2.031864e-06   4.756600e-14 3.088728e-36 4.080906e-12 7.453820e-22
14.465590 1.936068e-06   4.917727e-14 1.778005e-36 3.699180e-12 -1.765150e-22
14.588701 2.072943e-06   7.204823e-14 1.865363e-36 4.225046e-12 -1.028927e-22
14.711813 1.543134e-06   3.835589e-14 3.994241e-37 2.342908e-12 -1.974485e-22
14.834924 8.956050e-07   1.400865e-14 2.176078e-36 7.880997e-13 5.228139e-22
