# 1  2-4    5-7    8-10   11     
# x  dirEF  recEF  sumEF  #Sample
0.250000 	 1.226631e-08 5.024854e-09 4.424871e-09 	 2.751990e-09 1.154367e-08 1.608828e-08 	 1.501830e-08 1.656852e-08 2.051315e-08 	 1
0.750000 	 0.000000e+00 0.000000e+00 0.000000e+00 	 0.000000e+00 0.000000e+00 0.000000e+00 	 0.000000e+00 0.000000e+00 0.000000e+00 	 0
1.250000 	 -3.808177e-11 6.181099e-12 -3.131929e-11 	 -8.483936e-08 -4.045535e-08 2.129117e-08 	 -8.487744e-08 -4.044916e-08 2.125985e-08 	 1
1.750000 	 0.000000e+00 0.000000e+00 0.000000e+00 	 0.000000e+00 0.000000e+00 0.000000e+00 	 0.000000e+00 0.000000e+00 0.000000e+00 	 0
2.250000 	 2.696225e-05 2.329875e-06 8.545743e-06 	 -1.146949e-06 5.321363e-07 1.026649e-06 	 2.581530e-05 2.862011e-06 9.572392e-06 	 1
2.750000 	 0.000000e+00 0.000000e+00 0.000000e+00 	 0.000000e+00 0.000000e+00 0.000000e+00 	 0.000000e+00 0.000000e+00 0.000000e+00 	 0
3.250000 	 -2.307354e-05 8.289972e-06 -1.296730e-05 	 -2.460558e-07 2.026411e-05 -2.138853e-05 	 -2.331960e-05 2.855408e-05 -3.435583e-05 	 39
3.750000 	 -9.422702e-06 -3.243713e-06 -7.627907e-07 	 -5.449044e-07 1.806040e-06 -9.674412e-06 	 -9.967606e-06 -1.437672e-06 -1.043720e-05 	 551
4.250000 	 -1.125554e-05 -1.460073e-06 2.728344e-06 	 3.289996e-06 6.753503e-06 6.352152e-07 	 -7.965545e-06 5.293430e-06 3.363559e-06 	 917
4.750000 	 -1.296736e-05 3.495832e-06 -1.459371e-06 	 3.399373e-06 2.790899e-06 -1.237507e-06 	 -9.567989e-06 6.286731e-06 -2.696878e-06 	 933
5.250000 	 3.923422e-06 7.385797e-07 -5.849187e-07 	 -1.259818e-05 4.805639e-06 -8.351625e-06 	 -8.674762e-06 5.544219e-06 -8.936544e-06 	 878
5.750000 	 1.618940e-05 -1.903893e-06 5.493292e-06 	 1.060748e-05 -1.016522e-05 -8.211606e-06 	 2.679688e-05 -1.206912e-05 -2.718314e-06 	 948
6.250000 	 1.492708e-05 7.548203e-06 -1.346643e-07 	 -4.259216e-06 3.739640e-06 -6.470738e-06 	 1.066786e-05 1.128784e-05 -6.605403e-06 	 911
6.750000 	 2.339985e-06 -7.468569e-09 -2.804733e-06 	 -1.462982e-05 2.773691e-06 4.806497e-06 	 -1.228984e-05 2.766222e-06 2.001764e-06 	 890
7.250000 	 -8.424991e-07 3.156732e-06 2.023960e-06 	 7.843042e-07 7.164761e-06 1.886189e-06 	 -5.819487e-08 1.032149e-05 3.910149e-06 	 908
7.750000 	 1.852918e-05 1.343888e-06 -6.938296e-06 	 -6.930496e-06 -4.429963e-06 4.422634e-06 	 1.159868e-05 -3.086075e-06 -2.515663e-06 	 936
8.250000 	 1.652500e-05 1.248992e-06 -5.683960e-06 	 7.985161e-07 -7.501019e-08 -2.558039e-06 	 1.732351e-05 1.173981e-06 -8.241999e-06 	 894
8.750000 	 3.794221e-06 1.713630e-06 4.955461e-06 	 7.195017e-06 -2.989413e-06 9.700204e-06 	 1.098924e-05 -1.275783e-06 1.465567e-05 	 826
9.250000 	 -2.586211e-06 -6.963320e-06 2.515185e-06 	 1.050777e-05 1.766189e-06 2.966593e-06 	 7.921554e-06 -5.197131e-06 5.481778e-06 	 897
9.750000 	 -1.523567e-05 3.056213e-06 -5.845578e-06 	 -6.561264e-06 -5.171139e-06 6.123914e-06 	 -2.179694e-05 -2.114926e-06 2.783353e-07 	 929
10.250000 	 3.036728e-06 1.796371e-06 1.550029e-06 	 -5.643917e-07 -3.714758e-07 -2.630423e-06 	 2.472336e-06 1.424895e-06 -1.080394e-06 	 915
10.750000 	 8.239116e-06 -1.370526e-06 -5.585565e-07 	 -6.177181e-06 -1.566649e-06 -4.826202e-06 	 2.061935e-06 -2.937175e-06 -5.384759e-06 	 894
11.250000 	 -5.847027e-06 -3.008529e-06 -2.243198e-06 	 5.041995e-06 -2.459748e-07 -1.927755e-07 	 -8.050324e-07 -3.254504e-06 -2.435974e-06 	 519
11.750000 	 4.478103e-06 5.515954e-06 1.123496e-06 	 -2.114058e-05 -1.046408e-06 9.386157e-06 	 -1.666248e-05 4.469545e-06 1.050965e-05 	 35
12.250000 	 0.000000e+00 0.000000e+00 0.000000e+00 	 0.000000e+00 0.000000e+00 0.000000e+00 	 0.000000e+00 0.000000e+00 0.000000e+00 	 0
12.750000 	 0.000000e+00 0.000000e+00 0.000000e+00 	 0.000000e+00 0.000000e+00 0.000000e+00 	 0.000000e+00 0.000000e+00 0.000000e+00 	 0
13.250000 	 0.000000e+00 0.000000e+00 0.000000e+00 	 0.000000e+00 0.000000e+00 0.000000e+00 	 0.000000e+00 0.000000e+00 0.000000e+00 	 0
13.750000 	 1.099023e-12 2.091977e-12 1.095189e-12 	 -1.525635e-08 6.897566e-08 -6.406304e-08 	 -1.525525e-08 6.897775e-08 -6.406194e-08 	 1
14.250000 	 0.000000e+00 0.000000e+00 0.000000e+00 	 0.000000e+00 0.000000e+00 0.000000e+00 	 0.000000e+00 0.000000e+00 0.000000e+00 	 0
14.750000 	 0.000000e+00 0.000000e+00 0.000000e+00 	 0.000000e+00 0.000000e+00 0.000000e+00 	 0.000000e+00 0.000000e+00 0.000000e+00 	 0
