# 1  2-4    5-7    8-10   11     
# x  dirEF  recEF  sumEF  #Sample
0.250000 	 0.000000e+00 0.000000e+00 0.000000e+00 	 0.000000e+00 0.000000e+00 0.000000e+00 	 0.000000e+00 0.000000e+00 0.000000e+00 	 0
0.750000 	 0.000000e+00 0.000000e+00 0.000000e+00 	 0.000000e+00 0.000000e+00 0.000000e+00 	 0.000000e+00 0.000000e+00 0.000000e+00 	 0
1.250000 	 0.000000e+00 0.000000e+00 0.000000e+00 	 0.000000e+00 0.000000e+00 0.000000e+00 	 0.000000e+00 0.000000e+00 0.000000e+00 	 0
1.750000 	 0.000000e+00 0.000000e+00 0.000000e+00 	 0.000000e+00 0.000000e+00 0.000000e+00 	 0.000000e+00 0.000000e+00 0.000000e+00 	 0
2.250000 	 0.000000e+00 0.000000e+00 0.000000e+00 	 0.000000e+00 0.000000e+00 0.000000e+00 	 0.000000e+00 0.000000e+00 0.000000e+00 	 0
2.750000 	 0.000000e+00 0.000000e+00 0.000000e+00 	 0.000000e+00 0.000000e+00 0.000000e+00 	 0.000000e+00 0.000000e+00 0.000000e+00 	 0
3.250000 	 -1.654573e-06 1.497523e-06 -2.757566e-06 	 -1.496670e-06 -1.633992e-06 7.670791e-06 	 -3.151243e-06 -1.364690e-07 4.913225e-06 	 40
3.750000 	 3.774611e-06 -4.158031e-06 -3.357674e-07 	 -4.506644e-06 2.647501e-06 -1.942367e-06 	 -7.320326e-07 -1.510529e-06 -2.278134e-06 	 560
4.250000 	 -4.247199e-06 -2.370939e-06 -4.293902e-06 	 -9.798272e-07 -3.684271e-06 1.360805e-06 	 -5.227026e-06 -6.055211e-06 -2.933097e-06 	 916
4.750000 	 3.817054e-07 6.737491e-07 4.281994e-06 	 4.656064e-06 -2.488463e-07 3.076385e-07 	 5.037769e-06 4.249028e-07 4.589632e-06 	 901
5.250000 	 -9.036019e-06 -2.813344e-06 3.101931e-06 	 -7.766613e-06 -8.035013e-07 -1.041382e-06 	 -1.680263e-05 -3.616845e-06 2.060549e-06 	 894
5.750000 	 -1.899082e-05 4.441900e-09 1.969169e-06 	 7.967918e-06 1.503554e-06 4.619198e-07 	 -1.102290e-05 1.507996e-06 2.431089e-06 	 906
6.250000 	 -2.124200e-06 -9.964682e-07 -3.595317e-06 	 -6.769564e-06 -2.580883e-07 -2.037345e-07 	 -8.893764e-06 -1.254556e-06 -3.799051e-06 	 954
6.750000 	 2.458762e-05 -4.450866e-06 -2.402627e-07 	 3.237550e-06 -1.454185e-06 5.743875e-07 	 2.782517e-05 -5.905051e-06 3.341247e-07 	 931
7.250000 	 1.803201e-05 1.241168e-06 -3.130540e-08 	 -2.003360e-06 -1.208599e-06 9.563499e-07 	 1.602865e-05 3.256863e-08 9.250445e-07 	 901
7.750000 	 2.034408e-05 1.781803e-06 2.985476e-06 	 1.008083e-05 2.778050e-07 -3.729862e-07 	 3.042491e-05 2.059608e-06 2.612490e-06 	 873
8.250000 	 1.587521e-05 6.686186e-07 -3.441777e-06 	 -1.005834e-05 1.700031e-06 8.073043e-07 	 5.816873e-06 2.368650e-06 -2.634473e-06 	 944
8.750000 	 1.130186e-05 -6.326805e-07 2.211114e-06 	 3.358438e-06 -1.673240e-06 1.164135e-06 	 1.466029e-05 -2.305921e-06 3.375249e-06 	 861
9.250000 	 7.924421e-06 1.581004e-06 5.827483e-06 	 -2.772348e-06 8.935539e-07 2.685957e-07 	 5.152074e-06 2.474558e-06 6.096078e-06 	 841
9.750000 	 2.905875e-06 7.956285e-06 -2.567826e-06 	 6.068445e-07 7.681647e-07 2.114791e-06 	 3.512719e-06 8.724449e-06 -4.530348e-07 	 910
10.250000 	 -1.298768e-05 -6.647304e-06 -6.403799e-06 	 -1.334634e-06 3.600917e-07 1.686324e-06 	 -1.432231e-05 -6.287212e-06 -4.717475e-06 	 875
10.750000 	 -5.975551e-06 1.016132e-06 -7.601900e-07 	 1.410251e-06 7.376193e-08 -3.407148e-06 	 -4.565299e-06 1.089893e-06 -4.167337e-06 	 900
11.250000 	 -1.478326e-05 -2.327920e-06 8.504166e-07 	 -4.998521e-06 -3.492469e-06 7.153519e-07 	 -1.978178e-05 -5.820389e-06 1.565769e-06 	 586
11.750000 	 -1.032918e-05 1.441662e-06 9.636051e-06 	 1.725977e-06 -4.793309e-06 8.970292e-06 	 -8.603208e-06 -3.351646e-06 1.860634e-05 	 31
12.250000 	 0.000000e+00 0.000000e+00 0.000000e+00 	 0.000000e+00 0.000000e+00 0.000000e+00 	 0.000000e+00 0.000000e+00 0.000000e+00 	 0
12.750000 	 0.000000e+00 0.000000e+00 0.000000e+00 	 0.000000e+00 0.000000e+00 0.000000e+00 	 0.000000e+00 0.000000e+00 0.000000e+00 	 0
13.250000 	 0.000000e+00 0.000000e+00 0.000000e+00 	 0.000000e+00 0.000000e+00 0.000000e+00 	 0.000000e+00 0.000000e+00 0.000000e+00 	 0
13.750000 	 0.000000e+00 0.000000e+00 0.000000e+00 	 0.000000e+00 0.000000e+00 0.000000e+00 	 0.000000e+00 0.000000e+00 0.000000e+00 	 0
14.250000 	 0.000000e+00 0.000000e+00 0.000000e+00 	 0.000000e+00 0.000000e+00 0.000000e+00 	 0.000000e+00 0.000000e+00 0.000000e+00 	 0
14.750000 	 0.000000e+00 0.000000e+00 0.000000e+00 	 0.000000e+00 0.000000e+00 0.000000e+00 	 0.000000e+00 0.000000e+00 0.000000e+00 	 0
