# 1  2-4    5-7    8-10   11     
# x  dirEF  recEF  sumEF  #Sample
0.250000 	 0.000000e+00 0.000000e+00 0.000000e+00 	 0.000000e+00 0.000000e+00 0.000000e+00 	 0.000000e+00 0.000000e+00 0.000000e+00 	 0
0.750000 	 0.000000e+00 0.000000e+00 0.000000e+00 	 -2.266121e-10 -5.899038e-10 -3.879035e-10 	 -2.266121e-10 -5.899038e-10 -3.879035e-10 	 1
1.250000 	 0.000000e+00 0.000000e+00 0.000000e+00 	 0.000000e+00 0.000000e+00 0.000000e+00 	 0.000000e+00 0.000000e+00 0.000000e+00 	 0
1.750000 	 6.121124e-11 -6.060818e-12 -1.252822e-11 	 1.102639e-07 2.352248e-08 4.311784e-08 	 1.103251e-07 2.351642e-08 4.310531e-08 	 1
2.250000 	 0.000000e+00 0.000000e+00 0.000000e+00 	 0.000000e+00 0.000000e+00 0.000000e+00 	 0.000000e+00 0.000000e+00 0.000000e+00 	 0
2.750000 	 0.000000e+00 0.000000e+00 0.000000e+00 	 0.000000e+00 0.000000e+00 0.000000e+00 	 0.000000e+00 0.000000e+00 0.000000e+00 	 0
3.250000 	 5.537417e-06 -1.197530e-05 -3.372377e-05 	 9.045288e-06 6.630966e-06 8.986296e-06 	 1.458271e-05 -5.344337e-06 -2.473748e-05 	 29
3.750000 	 3.058519e-06 3.015723e-06 -3.067933e-06 	 -2.688336e-06 -3.098899e-06 -3.501026e-06 	 3.701827e-07 -8.317613e-08 -6.568959e-06 	 572
4.250000 	 -4.873220e-06 -5.709401e-07 -4.502149e-06 	 -4.146451e-06 -4.252345e-07 -1.146970e-06 	 -9.019671e-06 -9.961746e-07 -5.649119e-06 	 937
4.750000 	 -3.998058e-06 -2.178399e-06 5.556969e-06 	 1.027382e-05 2.280490e-07 -1.750682e-06 	 6.275761e-06 -1.950350e-06 3.806287e-06 	 898
5.250000 	 3.887350e-06 -3.177540e-06 -4.185935e-07 	 -9.034905e-06 1.090476e-06 4.782372e-07 	 -5.147555e-06 -2.087063e-06 5.964374e-08 	 934
5.750000 	 -1.324859e-05 -1.807421e-06 3.513642e-06 	 4.611269e-06 1.962674e-06 2.406194e-06 	 -8.637325e-06 1.552532e-07 5.919836e-06 	 894
6.250000 	 -8.094147e-07 -3.864091e-07 -1.441732e-06 	 5.289384e-06 -1.118345e-06 4.605360e-07 	 4.479969e-06 -1.504754e-06 -9.811961e-07 	 913
6.750000 	 3.168329e-05 7.944971e-06 -4.228083e-06 	 -8.759265e-06 6.680305e-07 -2.476536e-06 	 2.292402e-05 8.613001e-06 -6.704619e-06 	 894
7.250000 	 1.249256e-05 -6.932025e-06 1.183480e-06 	 8.966517e-06 -1.979857e-06 1.647956e-07 	 2.145907e-05 -8.911883e-06 1.348276e-06 	 921
7.750000 	 1.526956e-05 3.331023e-06 -2.268237e-06 	 -5.108079e-06 1.647207e-06 7.384809e-07 	 1.016148e-05 4.978230e-06 -1.529756e-06 	 843
8.250000 	 1.429808e-05 -5.950048e-06 -6.412053e-06 	 8.403579e-07 -1.587801e-06 2.256732e-06 	 1.513844e-05 -7.537849e-06 -4.155321e-06 	 913
8.750000 	 -2.096906e-05 6.209079e-06 -7.728457e-07 	 3.064825e-06 1.035548e-06 -1.460501e-06 	 -1.790423e-05 7.244627e-06 -2.233347e-06 	 898
9.250000 	 -1.828025e-05 5.169684e-06 -2.629212e-07 	 -5.331516e-06 3.946181e-07 1.968793e-06 	 -2.361177e-05 5.564302e-06 1.705871e-06 	 891
9.750000 	 -1.057071e-05 2.781057e-08 1.771130e-06 	 -3.935202e-06 2.060047e-07 -1.220849e-06 	 -1.450591e-05 2.338152e-07 5.502806e-07 	 909
10.250000 	 -3.832185e-06 -4.745272e-06 3.071013e-06 	 1.864311e-06 1.245109e-06 -4.848286e-07 	 -1.967874e-06 -3.500162e-06 2.586185e-06 	 908
10.750000 	 5.406785e-06 6.187481e-06 1.696955e-06 	 5.988736e-06 2.031837e-09 2.845329e-06 	 1.139552e-05 6.189513e-06 4.542284e-06 	 887
11.250000 	 1.062042e-05 -5.099998e-06 -1.617779e-06 	 -2.544552e-06 1.613253e-06 -7.797127e-07 	 8.075865e-06 -3.486745e-06 -2.397492e-06 	 545
11.750000 	 5.400077e-06 -8.568409e-06 6.438423e-06 	 1.466539e-06 -3.809666e-06 5.769199e-06 	 6.866616e-06 -1.237808e-05 1.220762e-05 	 34
12.250000 	 0.000000e+00 0.000000e+00 0.000000e+00 	 0.000000e+00 0.000000e+00 0.000000e+00 	 0.000000e+00 0.000000e+00 0.000000e+00 	 0
12.750000 	 1.541034e-05 -6.251821e-06 1.111703e-05 	 -8.714611e-07 9.427523e-08 1.493202e-08 	 1.453888e-05 -6.157546e-06 1.113197e-05 	 1
13.250000 	 2.765334e-07 3.213389e-08 3.413946e-08 	 3.893084e-09 -1.424310e-07 1.222100e-08 	 2.804265e-07 -1.102971e-07 4.636046e-08 	 1
13.750000 	 0.000000e+00 0.000000e+00 0.000000e+00 	 0.000000e+00 0.000000e+00 0.000000e+00 	 0.000000e+00 0.000000e+00 0.000000e+00 	 0
14.250000 	 0.000000e+00 0.000000e+00 0.000000e+00 	 0.000000e+00 0.000000e+00 0.000000e+00 	 0.000000e+00 0.000000e+00 0.000000e+00 	 0
14.750000 	 0.000000e+00 0.000000e+00 0.000000e+00 	 0.000000e+00 0.000000e+00 0.000000e+00 	 0.000000e+00 0.000000e+00 0.000000e+00 	 0
