# 1  2-4    5-7    8-10   11     
# x  dirEF  recEF  sumEF  #Sample
0.250000 	 0.000000e+00 0.000000e+00 0.000000e+00 	 0.000000e+00 0.000000e+00 0.000000e+00 	 0.000000e+00 0.000000e+00 0.000000e+00 	 0
0.750000 	 0.000000e+00 0.000000e+00 0.000000e+00 	 0.000000e+00 0.000000e+00 0.000000e+00 	 0.000000e+00 0.000000e+00 0.000000e+00 	 0
1.250000 	 0.000000e+00 0.000000e+00 0.000000e+00 	 0.000000e+00 0.000000e+00 0.000000e+00 	 0.000000e+00 0.000000e+00 0.000000e+00 	 0
1.750000 	 0.000000e+00 0.000000e+00 0.000000e+00 	 0.000000e+00 0.000000e+00 0.000000e+00 	 0.000000e+00 0.000000e+00 0.000000e+00 	 0
2.250000 	 0.000000e+00 0.000000e+00 0.000000e+00 	 0.000000e+00 0.000000e+00 0.000000e+00 	 0.000000e+00 0.000000e+00 0.000000e+00 	 0
2.750000 	 0.000000e+00 0.000000e+00 0.000000e+00 	 0.000000e+00 0.000000e+00 0.000000e+00 	 0.000000e+00 0.000000e+00 0.000000e+00 	 0
3.250000 	 -1.654573e-06 1.497523e-06 -2.757566e-06 	 1.517551e-05 1.511771e-05 2.055745e-05 	 1.352093e-05 1.661524e-05 1.779988e-05 	 40
3.750000 	 3.774611e-06 -4.158031e-06 -3.357674e-07 	 -3.766556e-06 8.485873e-06 9.465392e-07 	 8.054972e-09 4.327843e-06 6.107718e-07 	 560
4.250000 	 -4.247199e-06 -2.370939e-06 -4.293902e-06 	 -7.454274e-06 5.983541e-07 9.382447e-07 	 -1.170147e-05 -1.772585e-06 -3.355658e-06 	 916
4.750000 	 3.817054e-07 6.737491e-07 4.281994e-06 	 1.044273e-05 4.465102e-06 9.714447e-06 	 1.082443e-05 5.138851e-06 1.399644e-05 	 901
5.250000 	 -9.036019e-06 -2.813344e-06 3.101931e-06 	 -8.951144e-06 1.610772e-06 -2.280848e-06 	 -1.798716e-05 -1.202572e-06 8.210828e-07 	 894
5.750000 	 -1.899082e-05 4.441895e-09 1.969169e-06 	 8.081212e-06 -5.175392e-06 -4.630456e-07 	 -1.090961e-05 -5.170950e-06 1.506124e-06 	 906
6.250000 	 -2.124200e-06 -9.964682e-07 -3.595317e-06 	 -5.928446e-06 7.261595e-06 -6.105274e-06 	 -8.052646e-06 6.265126e-06 -9.700591e-06 	 954
6.750000 	 2.458762e-05 -4.450866e-06 -2.402627e-07 	 2.066687e-06 4.410121e-06 -6.403222e-07 	 2.665431e-05 -4.074483e-08 -8.805849e-07 	 931
7.250000 	 1.803201e-05 1.241168e-06 -3.130540e-08 	 -3.541353e-06 -5.824171e-07 -1.415876e-07 	 1.449066e-05 6.587505e-07 -1.728930e-07 	 901
7.750000 	 2.034408e-05 1.781803e-06 2.985476e-06 	 7.407374e-06 -2.290811e-08 1.309219e-06 	 2.775145e-05 1.758895e-06 4.294696e-06 	 873
8.250000 	 1.587521e-05 6.686186e-07 -3.441777e-06 	 -1.762685e-05 -5.431308e-06 3.712143e-06 	 -1.751634e-06 -4.762689e-06 2.703660e-07 	 944
8.750000 	 1.130186e-05 -6.326805e-07 2.211114e-06 	 -6.374455e-07 5.172568e-06 1.641493e-05 	 1.066441e-05 4.539888e-06 1.862605e-05 	 861
9.250000 	 7.924421e-06 1.581004e-06 5.827483e-06 	 1.036551e-05 2.427416e-06 1.628669e-06 	 1.828993e-05 4.008420e-06 7.456152e-06 	 841
9.750000 	 2.905875e-06 7.956285e-06 -2.567826e-06 	 5.184188e-06 4.724529e-06 2.159902e-06 	 8.090063e-06 1.268081e-05 -4.079240e-07 	 910
10.250000 	 -1.298768e-05 -6.647304e-06 -6.403799e-06 	 2.351470e-08 1.905725e-06 -7.489950e-06 	 -1.296416e-05 -4.741579e-06 -1.389375e-05 	 875
10.750000 	 -5.975551e-06 1.016132e-06 -7.601900e-07 	 7.838271e-06 -1.100882e-05 3.678436e-06 	 1.862720e-06 -9.992686e-06 2.918246e-06 	 900
11.250000 	 -1.478326e-05 -2.327920e-06 8.504166e-07 	 -3.461581e-06 -1.154207e-06 4.800083e-06 	 -1.824484e-05 -3.482127e-06 5.650500e-06 	 586
11.750000 	 -1.032918e-05 1.441662e-06 9.636051e-06 	 -3.654871e-05 -1.140476e-05 2.252401e-05 	 -4.687790e-05 -9.963101e-06 3.216006e-05 	 31
12.250000 	 0.000000e+00 0.000000e+00 0.000000e+00 	 0.000000e+00 0.000000e+00 0.000000e+00 	 0.000000e+00 0.000000e+00 0.000000e+00 	 0
12.750000 	 0.000000e+00 0.000000e+00 0.000000e+00 	 0.000000e+00 0.000000e+00 0.000000e+00 	 0.000000e+00 0.000000e+00 0.000000e+00 	 0
13.250000 	 0.000000e+00 0.000000e+00 0.000000e+00 	 0.000000e+00 0.000000e+00 0.000000e+00 	 0.000000e+00 0.000000e+00 0.000000e+00 	 0
13.750000 	 0.000000e+00 0.000000e+00 0.000000e+00 	 0.000000e+00 0.000000e+00 0.000000e+00 	 0.000000e+00 0.000000e+00 0.000000e+00 	 0
14.250000 	 0.000000e+00 0.000000e+00 0.000000e+00 	 0.000000e+00 0.000000e+00 0.000000e+00 	 0.000000e+00 0.000000e+00 0.000000e+00 	 0
14.750000 	 0.000000e+00 0.000000e+00 0.000000e+00 	 0.000000e+00 0.000000e+00 0.000000e+00 	 0.000000e+00 0.000000e+00 0.000000e+00 	 0
