# 1  2-4    5-7    8-10   11     
# x  dirEF  recEF  sumEF  #Sample
0.250000 	 0.000000e+00 0.000000e+00 0.000000e+00 	 0.000000e+00 0.000000e+00 0.000000e+00 	 0.000000e+00 0.000000e+00 0.000000e+00 	 0
0.750000 	 0.000000e+00 0.000000e+00 0.000000e+00 	 0.000000e+00 0.000000e+00 0.000000e+00 	 0.000000e+00 0.000000e+00 0.000000e+00 	 0
1.250000 	 0.000000e+00 0.000000e+00 0.000000e+00 	 0.000000e+00 0.000000e+00 0.000000e+00 	 0.000000e+00 0.000000e+00 0.000000e+00 	 0
1.750000 	 0.000000e+00 0.000000e+00 0.000000e+00 	 0.000000e+00 0.000000e+00 0.000000e+00 	 0.000000e+00 0.000000e+00 0.000000e+00 	 0
2.250000 	 0.000000e+00 0.000000e+00 0.000000e+00 	 0.000000e+00 0.000000e+00 0.000000e+00 	 0.000000e+00 0.000000e+00 0.000000e+00 	 0
2.750000 	 0.000000e+00 0.000000e+00 0.000000e+00 	 0.000000e+00 0.000000e+00 0.000000e+00 	 0.000000e+00 0.000000e+00 0.000000e+00 	 0
3.250000 	 -8.858500e-06 1.922713e-06 -3.679257e-06 	 7.103094e-06 3.247473e-06 -8.536073e-06 	 -1.755407e-06 5.170186e-06 -1.221533e-05 	 36
3.750000 	 -9.824105e-06 -3.734108e-06 2.373277e-06 	 -5.549652e-06 9.037768e-06 -5.551829e-06 	 -1.537376e-05 5.303660e-06 -3.178552e-06 	 584
4.250000 	 -1.070843e-05 -1.001537e-06 2.599770e-06 	 -3.261481e-07 -7.907532e-06 -6.474051e-06 	 -1.103458e-05 -8.909069e-06 -3.874282e-06 	 893
4.750000 	 -1.713139e-06 -1.259706e-06 -5.942959e-06 	 -2.331231e-06 7.317479e-06 1.342941e-05 	 -4.044370e-06 6.057773e-06 7.486454e-06 	 929
5.250000 	 1.330062e-05 4.171142e-06 -1.850655e-06 	 7.020057e-06 1.128940e-06 1.622904e-06 	 2.032067e-05 5.300082e-06 -2.277507e-07 	 878
5.750000 	 1.672877e-05 -3.361503e-06 -6.345937e-07 	 -1.156091e-06 1.899012e-06 8.667553e-07 	 1.557268e-05 -1.462490e-06 2.321616e-07 	 890
6.250000 	 7.669034e-06 1.476333e-06 1.843222e-06 	 6.724379e-06 -7.577365e-06 -4.403658e-07 	 1.439341e-05 -6.101032e-06 1.402856e-06 	 865
6.750000 	 -8.954211e-06 -4.720044e-06 2.491859e-06 	 4.648642e-06 -1.917010e-06 -3.015592e-06 	 -4.305568e-06 -6.637054e-06 -5.237334e-07 	 898
7.250000 	 -1.741268e-05 -2.452180e-06 3.510324e-07 	 1.128940e-06 6.635824e-06 -8.949659e-06 	 -1.628374e-05 4.183644e-06 -8.598626e-06 	 918
7.750000 	 5.129624e-06 1.988427e-06 6.628705e-06 	 9.589002e-06 7.780923e-06 1.429901e-06 	 1.471863e-05 9.769350e-06 8.058605e-06 	 923
8.250000 	 3.866503e-06 1.769666e-07 -1.128187e-06 	 5.949013e-06 -3.157702e-06 -1.062801e-05 	 9.815516e-06 -2.980735e-06 -1.175620e-05 	 931
8.750000 	 2.986541e-06 -3.538275e-06 -2.159944e-06 	 9.406698e-06 -2.587523e-06 -7.147248e-06 	 1.239324e-05 -6.125798e-06 -9.307192e-06 	 888
9.250000 	 2.238885e-06 3.397599e-06 5.253940e-06 	 -5.819389e-06 3.377369e-06 5.663120e-06 	 -3.580504e-06 6.774968e-06 1.091706e-05 	 921
9.750000 	 -1.895774e-06 2.783780e-07 -5.421651e-06 	 -5.692246e-06 -1.709024e-06 -5.615317e-06 	 -7.588020e-06 -1.430646e-06 -1.103697e-05 	 890
10.250000 	 -4.218981e-06 -9.933654e-08 -2.118268e-06 	 1.494946e-05 2.033828e-06 2.005651e-06 	 1.073048e-05 1.934492e-06 -1.126165e-07 	 894
10.750000 	 3.438060e-06 -6.359418e-07 1.739032e-06 	 -7.002181e-06 4.351626e-06 3.471348e-06 	 -3.564121e-06 3.715685e-06 5.210379e-06 	 874
11.250000 	 -2.534632e-06 4.336585e-06 -3.562140e-06 	 -5.244996e-06 -2.393399e-07 1.209433e-05 	 -7.779627e-06 4.097246e-06 8.532190e-06 	 573
11.750000 	 -1.634319e-05 4.384196e-07 -5.077435e-06 	 -1.130369e-05 -1.287561e-05 1.164608e-05 	 -2.764688e-05 -1.243719e-05 6.568644e-06 	 38
12.250000 	 0.000000e+00 0.000000e+00 0.000000e+00 	 0.000000e+00 0.000000e+00 0.000000e+00 	 0.000000e+00 0.000000e+00 0.000000e+00 	 0
12.750000 	 5.656887e-05 8.278578e-06 2.566241e-06 	 3.292834e-07 -3.025270e-07 -1.614238e-08 	 5.689815e-05 7.976052e-06 2.550099e-06 	 1
13.250000 	 0.000000e+00 0.000000e+00 0.000000e+00 	 0.000000e+00 0.000000e+00 0.000000e+00 	 0.000000e+00 0.000000e+00 0.000000e+00 	 0
13.750000 	 0.000000e+00 0.000000e+00 0.000000e+00 	 0.000000e+00 0.000000e+00 0.000000e+00 	 0.000000e+00 0.000000e+00 0.000000e+00 	 0
14.250000 	 0.000000e+00 0.000000e+00 0.000000e+00 	 0.000000e+00 0.000000e+00 0.000000e+00 	 0.000000e+00 0.000000e+00 0.000000e+00 	 0
14.750000 	 0.000000e+00 0.000000e+00 0.000000e+00 	 0.000000e+00 0.000000e+00 0.000000e+00 	 0.000000e+00 0.000000e+00 0.000000e+00 	 0
