# 1  2-4    5-7    8-10   11     
# x  dirEF  recEF  sumEF  #Sample
0.250000 	 0.000000e+00 0.000000e+00 0.000000e+00 	 0.000000e+00 0.000000e+00 0.000000e+00 	 0.000000e+00 0.000000e+00 0.000000e+00 	 0
0.750000 	 0.000000e+00 0.000000e+00 0.000000e+00 	 0.000000e+00 0.000000e+00 0.000000e+00 	 0.000000e+00 0.000000e+00 0.000000e+00 	 0
1.250000 	 0.000000e+00 0.000000e+00 0.000000e+00 	 0.000000e+00 0.000000e+00 0.000000e+00 	 0.000000e+00 0.000000e+00 0.000000e+00 	 0
1.750000 	 0.000000e+00 0.000000e+00 0.000000e+00 	 0.000000e+00 0.000000e+00 0.000000e+00 	 0.000000e+00 0.000000e+00 0.000000e+00 	 0
2.250000 	 0.000000e+00 0.000000e+00 0.000000e+00 	 0.000000e+00 0.000000e+00 0.000000e+00 	 0.000000e+00 0.000000e+00 0.000000e+00 	 0
2.750000 	 0.000000e+00 0.000000e+00 0.000000e+00 	 0.000000e+00 0.000000e+00 0.000000e+00 	 0.000000e+00 0.000000e+00 0.000000e+00 	 0
3.250000 	 -9.133575e-06 -2.265974e-06 -2.094288e-05 	 1.380988e-05 -5.993337e-06 -1.817722e-05 	 4.676309e-06 -8.259311e-06 -3.912010e-05 	 36
3.750000 	 -9.806736e-06 2.345055e-06 -2.876383e-06 	 2.454773e-06 -1.362493e-06 1.037486e-06 	 -7.351963e-06 9.825617e-07 -1.838897e-06 	 539
4.250000 	 -4.072668e-06 1.040188e-07 1.153667e-06 	 1.018263e-05 4.501246e-06 -3.769546e-06 	 6.109958e-06 4.605265e-06 -2.615880e-06 	 844
4.750000 	 -1.828228e-05 -1.301397e-06 5.396090e-07 	 5.420870e-06 -2.353743e-06 2.421315e-06 	 -1.286141e-05 -3.655140e-06 2.960924e-06 	 939
5.250000 	 -4.156708e-06 2.935928e-06 -4.128015e-06 	 -3.628074e-06 8.434146e-06 -1.003958e-05 	 -7.784781e-06 1.137007e-05 -1.416759e-05 	 887
5.750000 	 1.322078e-05 8.727827e-07 2.996604e-06 	 -2.562126e-06 4.342649e-07 4.240614e-06 	 1.065865e-05 1.307048e-06 7.237218e-06 	 911
6.250000 	 -1.667406e-08 2.944878e-07 -7.423416e-07 	 3.566097e-06 3.584984e-06 -3.544706e-06 	 3.549423e-06 3.879472e-06 -4.287047e-06 	 909
6.750000 	 2.852870e-06 -2.631501e-06 5.062894e-06 	 1.759312e-06 -1.584883e-06 -3.712654e-06 	 4.612183e-06 -4.216384e-06 1.350241e-06 	 887
7.250000 	 -1.407227e-07 2.482917e-06 8.462254e-07 	 -7.633437e-07 9.143526e-07 -3.063682e-06 	 -9.040664e-07 3.397270e-06 -2.217457e-06 	 929
7.750000 	 -3.836499e-06 6.256534e-08 -3.007997e-06 	 5.444827e-06 2.258128e-06 -1.801898e-06 	 1.608328e-06 2.320694e-06 -4.809895e-06 	 906
8.250000 	 1.205408e-05 -1.448113e-06 -5.690585e-06 	 -2.704147e-06 2.871489e-06 -4.022946e-06 	 9.349938e-06 1.423376e-06 -9.713531e-06 	 868
8.750000 	 7.417779e-06 3.640331e-06 -4.123159e-06 	 1.445069e-05 -7.441577e-06 2.903776e-06 	 2.186847e-05 -3.801246e-06 -1.219383e-06 	 926
9.250000 	 -8.107528e-06 -1.681667e-06 2.866378e-06 	 -4.749355e-06 7.021265e-06 7.453220e-06 	 -1.285688e-05 5.339598e-06 1.031960e-05 	 924
9.750000 	 -4.684399e-06 3.910544e-06 -3.152329e-06 	 -1.538441e-05 7.786181e-06 4.497665e-06 	 -2.006881e-05 1.169672e-05 1.345336e-06 	 916
10.250000 	 -1.110395e-05 5.333473e-06 2.739384e-06 	 -2.608612e-06 -4.462491e-06 2.250301e-06 	 -1.371256e-05 8.709825e-07 4.989684e-06 	 892
10.750000 	 -3.811288e-06 -1.299800e-06 -3.015527e-06 	 -2.436985e-06 9.562525e-06 -3.714864e-06 	 -6.248274e-06 8.262725e-06 -6.730392e-06 	 896
11.250000 	 7.751745e-06 1.962849e-06 -2.671532e-06 	 -7.664394e-06 4.450070e-07 -1.849046e-07 	 8.735056e-08 2.407856e-06 -2.856436e-06 	 575
11.750000 	 8.560559e-06 -1.789097e-05 1.519699e-05 	 -1.016176e-05 2.625593e-05 -2.674509e-06 	 -1.601205e-06 8.364967e-06 1.252248e-05 	 40
12.250000 	 0.000000e+00 0.000000e+00 0.000000e+00 	 0.000000e+00 0.000000e+00 0.000000e+00 	 0.000000e+00 0.000000e+00 0.000000e+00 	 0
12.750000 	 0.000000e+00 0.000000e+00 0.000000e+00 	 0.000000e+00 0.000000e+00 0.000000e+00 	 0.000000e+00 0.000000e+00 0.000000e+00 	 0
13.250000 	 0.000000e+00 0.000000e+00 0.000000e+00 	 0.000000e+00 0.000000e+00 0.000000e+00 	 0.000000e+00 0.000000e+00 0.000000e+00 	 0
13.750000 	 0.000000e+00 0.000000e+00 0.000000e+00 	 0.000000e+00 0.000000e+00 0.000000e+00 	 0.000000e+00 0.000000e+00 0.000000e+00 	 0
14.250000 	 0.000000e+00 0.000000e+00 0.000000e+00 	 0.000000e+00 0.000000e+00 0.000000e+00 	 0.000000e+00 0.000000e+00 0.000000e+00 	 0
14.750000 	 0.000000e+00 0.000000e+00 0.000000e+00 	 0.000000e+00 0.000000e+00 0.000000e+00 	 0.000000e+00 0.000000e+00 0.000000e+00 	 0
