# 1  2-4    5-7    8-10   11     
# x  dirEF  recEF  sumEF  #Sample
0.250000 	 0.000000e+00 0.000000e+00 0.000000e+00 	 0.000000e+00 0.000000e+00 0.000000e+00 	 0.000000e+00 0.000000e+00 0.000000e+00 	 0
0.750000 	 0.000000e+00 0.000000e+00 0.000000e+00 	 0.000000e+00 0.000000e+00 0.000000e+00 	 0.000000e+00 0.000000e+00 0.000000e+00 	 0
1.250000 	 0.000000e+00 0.000000e+00 0.000000e+00 	 0.000000e+00 0.000000e+00 0.000000e+00 	 0.000000e+00 0.000000e+00 0.000000e+00 	 0
1.750000 	 0.000000e+00 0.000000e+00 0.000000e+00 	 0.000000e+00 0.000000e+00 0.000000e+00 	 0.000000e+00 0.000000e+00 0.000000e+00 	 0
2.250000 	 0.000000e+00 0.000000e+00 0.000000e+00 	 0.000000e+00 0.000000e+00 0.000000e+00 	 0.000000e+00 0.000000e+00 0.000000e+00 	 0
2.750000 	 0.000000e+00 0.000000e+00 0.000000e+00 	 0.000000e+00 0.000000e+00 0.000000e+00 	 0.000000e+00 0.000000e+00 0.000000e+00 	 0
3.250000 	 8.639776e-06 -4.207774e-06 2.591109e-06 	 1.114290e-06 6.703822e-06 8.429726e-07 	 9.754067e-06 2.496049e-06 3.434082e-06 	 48
3.750000 	 3.254683e-07 -1.271206e-06 1.455997e-06 	 5.381267e-07 5.315932e-07 2.577948e-06 	 8.635950e-07 -7.396131e-07 4.033945e-06 	 588
4.250000 	 1.081566e-05 1.261445e-06 1.259936e-06 	 2.039367e-06 -9.189553e-07 -2.286848e-06 	 1.285502e-05 3.424898e-07 -1.026913e-06 	 905
4.750000 	 -9.138034e-07 -2.364736e-06 2.596294e-07 	 -8.244883e-06 -9.181782e-07 -7.608577e-07 	 -9.158686e-06 -3.282914e-06 -5.012283e-07 	 897
5.250000 	 -5.946556e-07 -2.619577e-06 1.709216e-06 	 4.605662e-06 2.014073e-06 7.488764e-07 	 4.011006e-06 -6.055039e-07 2.458093e-06 	 891
5.750000 	 3.412910e-06 -3.848626e-07 -1.372630e-06 	 -1.290459e-06 -3.537897e-07 -1.464825e-06 	 2.122451e-06 -7.386524e-07 -2.837455e-06 	 904
6.250000 	 1.005041e-05 -6.478620e-06 -2.601710e-06 	 -4.639416e-08 3.497703e-06 6.630583e-07 	 1.000402e-05 -2.980917e-06 -1.938652e-06 	 910
6.750000 	 -6.694313e-06 2.767657e-06 -2.134253e-06 	 -6.013829e-07 -8.952255e-07 1.560647e-06 	 -7.295696e-06 1.872431e-06 -5.736062e-07 	 887
7.250000 	 -1.125338e-05 1.378171e-06 1.773273e-06 	 -2.130375e-06 -1.554370e-07 3.311045e-06 	 -1.338375e-05 1.222734e-06 5.084318e-06 	 897
7.750000 	 -3.396228e-06 2.934802e-06 1.426532e-06 	 9.798398e-07 -1.326319e-06 -2.311044e-06 	 -2.416388e-06 1.608483e-06 -8.845126e-07 	 940
8.250000 	 -9.039347e-06 2.130352e-06 1.789609e-06 	 -6.129636e-06 -1.016597e-07 5.436771e-06 	 -1.516898e-05 2.028693e-06 7.226380e-06 	 911
8.750000 	 8.215562e-06 -1.194976e-07 -3.458756e-06 	 8.619761e-06 -1.995597e-06 -1.816288e-06 	 1.683532e-05 -2.115095e-06 -5.275044e-06 	 880
9.250000 	 1.848297e-05 1.169231e-06 3.155618e-06 	 -1.192723e-05 3.862271e-06 -7.319872e-07 	 6.555746e-06 5.031501e-06 2.423630e-06 	 889
9.750000 	 3.213480e-06 1.234064e-06 -8.598186e-06 	 5.304637e-06 -1.742365e-06 -1.114237e-06 	 8.518117e-06 -5.083014e-07 -9.712423e-06 	 927
10.250000 	 -9.532167e-06 3.032413e-08 5.243323e-06 	 3.342027e-06 1.590350e-08 2.233882e-07 	 -6.190140e-06 4.622763e-08 5.466711e-06 	 864
10.750000 	 -1.495594e-06 -1.153269e-06 1.577387e-06 	 -1.765969e-06 3.557144e-08 2.078024e-06 	 -3.261563e-06 -1.117698e-06 3.655411e-06 	 877
11.250000 	 -6.342515e-06 4.406452e-07 2.195151e-06 	 -1.822071e-06 1.851704e-06 1.042145e-06 	 -8.164586e-06 2.292349e-06 3.237296e-06 	 577
11.750000 	 -1.216175e-05 -1.530340e-05 -5.058592e-06 	 2.071057e-06 -3.118121e-06 -1.418684e-05 	 -1.009069e-05 -1.842152e-05 -1.924543e-05 	 32
12.250000 	 0.000000e+00 0.000000e+00 0.000000e+00 	 0.000000e+00 0.000000e+00 0.000000e+00 	 0.000000e+00 0.000000e+00 0.000000e+00 	 0
12.750000 	 0.000000e+00 0.000000e+00 0.000000e+00 	 0.000000e+00 0.000000e+00 0.000000e+00 	 0.000000e+00 0.000000e+00 0.000000e+00 	 0
13.250000 	 0.000000e+00 0.000000e+00 0.000000e+00 	 0.000000e+00 0.000000e+00 0.000000e+00 	 0.000000e+00 0.000000e+00 0.000000e+00 	 0
13.750000 	 0.000000e+00 0.000000e+00 0.000000e+00 	 0.000000e+00 0.000000e+00 0.000000e+00 	 0.000000e+00 0.000000e+00 0.000000e+00 	 0
14.250000 	 0.000000e+00 0.000000e+00 0.000000e+00 	 0.000000e+00 0.000000e+00 0.000000e+00 	 0.000000e+00 0.000000e+00 0.000000e+00 	 0
14.750000 	 0.000000e+00 0.000000e+00 0.000000e+00 	 0.000000e+00 0.000000e+00 0.000000e+00 	 0.000000e+00 0.000000e+00 0.000000e+00 	 0
