# 1  2-4    5-7    8-10   11     
# x  dirEF  recEF  sumEF  #Sample
0.250000 	 0.000000e+00 0.000000e+00 0.000000e+00 	 0.000000e+00 0.000000e+00 0.000000e+00 	 0.000000e+00 0.000000e+00 0.000000e+00 	 0
0.750000 	 0.000000e+00 0.000000e+00 0.000000e+00 	 0.000000e+00 0.000000e+00 0.000000e+00 	 0.000000e+00 0.000000e+00 0.000000e+00 	 0
1.250000 	 1.257019e-07 -9.767606e-08 1.328326e-08 	 5.246433e-08 -4.171305e-08 5.950355e-08 	 1.781662e-07 -1.393891e-07 7.278681e-08 	 1
1.750000 	 0.000000e+00 0.000000e+00 0.000000e+00 	 0.000000e+00 0.000000e+00 0.000000e+00 	 0.000000e+00 0.000000e+00 0.000000e+00 	 0
2.250000 	 0.000000e+00 0.000000e+00 0.000000e+00 	 0.000000e+00 0.000000e+00 0.000000e+00 	 0.000000e+00 0.000000e+00 0.000000e+00 	 0
2.750000 	 0.000000e+00 0.000000e+00 0.000000e+00 	 0.000000e+00 0.000000e+00 0.000000e+00 	 0.000000e+00 0.000000e+00 0.000000e+00 	 0
3.250000 	 1.954860e-05 4.199716e-06 1.389360e-05 	 -2.178451e-06 -2.728824e-06 -1.367544e-05 	 1.737015e-05 1.470892e-06 2.181596e-07 	 42
3.750000 	 7.411897e-06 -1.190807e-06 -3.522075e-06 	 -5.247755e-06 -4.905356e-06 -1.672306e-06 	 2.164142e-06 -6.096163e-06 -5.194381e-06 	 570
4.250000 	 1.499968e-05 1.485622e-08 1.686909e-06 	 -6.987428e-06 -3.863136e-06 -7.805199e-07 	 8.012253e-06 -3.848280e-06 9.063894e-07 	 879
4.750000 	 -2.146889e-06 -4.179307e-06 9.177191e-07 	 2.620999e-06 7.634574e-06 -4.318597e-07 	 4.741102e-07 3.455267e-06 4.858594e-07 	 864
5.250000 	 -1.561266e-05 -4.808218e-06 8.378350e-06 	 -1.063047e-06 -2.251120e-06 2.165975e-06 	 -1.667571e-05 -7.059338e-06 1.054433e-05 	 878
5.750000 	 -9.748796e-06 3.695218e-06 -2.856287e-06 	 1.783127e-06 -2.119622e-07 3.135427e-07 	 -7.965669e-06 3.483256e-06 -2.542744e-06 	 921
6.250000 	 -2.067594e-05 -3.805666e-06 -3.012981e-07 	 2.561464e-06 -3.815372e-06 2.186892e-06 	 -1.811447e-05 -7.621038e-06 1.885594e-06 	 914
6.750000 	 -1.383220e-05 -2.464170e-07 -3.553236e-07 	 6.465168e-06 -6.608214e-06 -8.277193e-06 	 -7.367035e-06 -6.854631e-06 -8.632517e-06 	 886
7.250000 	 9.806083e-06 7.528931e-06 3.533922e-08 	 -1.041686e-05 -2.306048e-06 -5.916494e-06 	 -6.107792e-07 5.222883e-06 -5.881155e-06 	 947
7.750000 	 3.810293e-06 -4.419450e-06 1.208121e-06 	 4.290001e-06 -4.481699e-06 2.103538e-06 	 8.100294e-06 -8.901149e-06 3.311659e-06 	 929
8.250000 	 6.168286e-06 -3.125268e-06 -1.160960e-06 	 1.490636e-05 -3.365659e-06 2.484928e-06 	 2.107465e-05 -6.490928e-06 1.323968e-06 	 893
8.750000 	 8.600887e-06 -2.265525e-06 -4.082414e-07 	 -6.147105e-06 2.185367e-06 -1.935772e-06 	 2.453782e-06 -8.015830e-08 -2.344013e-06 	 941
9.250000 	 3.763612e-07 5.960975e-06 3.738625e-06 	 9.403459e-06 -3.126430e-06 3.190467e-06 	 9.779820e-06 2.834544e-06 6.929092e-06 	 921
9.750000 	 1.125563e-06 -3.916001e-06 -4.261863e-06 	 -1.176502e-07 -7.377731e-06 6.326920e-06 	 1.007913e-06 -1.129373e-05 2.065057e-06 	 944
10.250000 	 1.102972e-05 1.212473e-06 -2.244456e-06 	 2.709733e-06 -2.292606e-06 -6.988969e-06 	 1.373945e-05 -1.080132e-06 -9.233425e-06 	 864
10.750000 	 4.363270e-06 2.375571e-06 1.028688e-06 	 -5.303305e-06 -8.772478e-06 -9.566505e-06 	 -9.400353e-07 -6.396908e-06 -8.537817e-06 	 889
11.250000 	 8.579126e-07 3.614239e-06 6.223399e-06 	 4.985664e-06 5.907633e-06 -3.457294e-06 	 5.843576e-06 9.521871e-06 2.766105e-06 	 498
11.750000 	 -1.506990e-05 -7.226008e-06 4.268268e-06 	 -2.070101e-05 -7.565972e-06 -1.847472e-06 	 -3.577091e-05 -1.479198e-05 2.420796e-06 	 42
12.250000 	 0.000000e+00 0.000000e+00 0.000000e+00 	 0.000000e+00 0.000000e+00 0.000000e+00 	 0.000000e+00 0.000000e+00 0.000000e+00 	 0
12.750000 	 0.000000e+00 0.000000e+00 0.000000e+00 	 0.000000e+00 0.000000e+00 0.000000e+00 	 0.000000e+00 0.000000e+00 0.000000e+00 	 0
13.250000 	 0.000000e+00 0.000000e+00 0.000000e+00 	 0.000000e+00 0.000000e+00 0.000000e+00 	 0.000000e+00 0.000000e+00 0.000000e+00 	 0
13.750000 	 0.000000e+00 0.000000e+00 0.000000e+00 	 0.000000e+00 0.000000e+00 0.000000e+00 	 0.000000e+00 0.000000e+00 0.000000e+00 	 0
14.250000 	 0.000000e+00 0.000000e+00 0.000000e+00 	 0.000000e+00 0.000000e+00 0.000000e+00 	 0.000000e+00 0.000000e+00 0.000000e+00 	 0
14.750000 	 0.000000e+00 0.000000e+00 0.000000e+00 	 -5.120390e-08 -1.594197e-08 -3.026133e-08 	 -5.120390e-08 -1.594197e-08 -3.026133e-08 	 1
