# 1  2-4    5-7    8-10   11     
# x  dirEF  recEF  sumEF  #Sample
0.250000 	 0.000000e+00 0.000000e+00 0.000000e+00 	 0.000000e+00 0.000000e+00 0.000000e+00 	 0.000000e+00 0.000000e+00 0.000000e+00 	 0
0.750000 	 0.000000e+00 0.000000e+00 0.000000e+00 	 0.000000e+00 0.000000e+00 0.000000e+00 	 0.000000e+00 0.000000e+00 0.000000e+00 	 0
1.250000 	 0.000000e+00 0.000000e+00 0.000000e+00 	 0.000000e+00 0.000000e+00 0.000000e+00 	 0.000000e+00 0.000000e+00 0.000000e+00 	 0
1.750000 	 0.000000e+00 0.000000e+00 0.000000e+00 	 0.000000e+00 0.000000e+00 0.000000e+00 	 0.000000e+00 0.000000e+00 0.000000e+00 	 0
2.250000 	 0.000000e+00 0.000000e+00 0.000000e+00 	 0.000000e+00 0.000000e+00 0.000000e+00 	 0.000000e+00 0.000000e+00 0.000000e+00 	 0
2.750000 	 0.000000e+00 0.000000e+00 0.000000e+00 	 0.000000e+00 0.000000e+00 0.000000e+00 	 0.000000e+00 0.000000e+00 0.000000e+00 	 0
3.250000 	 2.211166e-05 -6.915765e-06 6.196864e-06 	 -7.523441e-06 3.591533e-06 -9.736148e-07 	 1.458822e-05 -3.324232e-06 5.223249e-06 	 34
3.750000 	 1.430601e-05 6.149450e-07 1.741043e-06 	 2.854819e-06 -1.584930e-06 -4.154049e-07 	 1.716083e-05 -9.699851e-07 1.325638e-06 	 566
4.250000 	 1.512299e-05 -2.691281e-06 -1.268632e-06 	 -1.458730e-06 1.448462e-07 1.306154e-06 	 1.366426e-05 -2.546435e-06 3.752205e-08 	 868
4.750000 	 3.499709e-06 4.388547e-06 2.542091e-06 	 9.457663e-07 -1.426006e-06 7.791173e-07 	 4.445475e-06 2.962541e-06 3.321208e-06 	 900
5.250000 	 -2.372498e-05 -2.172228e-07 -1.925385e-06 	 3.936465e-06 -2.732638e-07 -1.207678e-06 	 -1.978852e-05 -4.904866e-07 -3.133063e-06 	 880
5.750000 	 -2.603998e-05 -1.627717e-06 8.884278e-07 	 -1.392973e-06 -1.236174e-06 1.521311e-06 	 -2.743296e-05 -2.863891e-06 2.409738e-06 	 916
6.250000 	 -1.173174e-05 1.130307e-07 -1.544202e-06 	 -1.534330e-06 -9.326405e-07 -1.506929e-06 	 -1.326607e-05 -8.196098e-07 -3.051131e-06 	 941
6.750000 	 1.240907e-05 -1.900689e-07 -1.543542e-06 	 3.752834e-08 -7.081201e-07 1.375647e-06 	 1.244660e-05 -8.981890e-07 -1.678958e-07 	 924
7.250000 	 3.261962e-05 6.901721e-06 2.129989e-06 	 -6.452315e-06 -5.371037e-07 -2.161320e-06 	 2.616730e-05 6.364617e-06 -3.133164e-08 	 906
7.750000 	 4.798432e-06 -4.145357e-06 -6.162583e-07 	 7.871495e-06 5.005819e-06 2.397452e-06 	 1.266993e-05 8.604617e-07 1.781193e-06 	 886
8.250000 	 -1.890527e-05 -1.516710e-06 8.131312e-07 	 -3.894107e-06 -1.869345e-07 4.371388e-07 	 -2.279937e-05 -1.703645e-06 1.250270e-06 	 842
8.750000 	 -1.893607e-05 1.353556e-06 8.881641e-07 	 -8.050977e-07 5.921472e-07 3.244927e-06 	 -1.974117e-05 1.945703e-06 4.133091e-06 	 924
9.250000 	 -1.316609e-05 -1.856679e-06 -1.081205e-07 	 2.411962e-06 -2.321153e-06 -1.217443e-07 	 -1.075413e-05 -4.177832e-06 -2.298648e-07 	 933
9.750000 	 9.901969e-06 -3.224892e-06 2.347714e-06 	 -2.916167e-07 5.205041e-07 2.087316e-06 	 9.610352e-06 -2.704388e-06 4.435030e-06 	 914
10.250000 	 2.173320e-05 5.055122e-07 -5.363279e-06 	 -4.397368e-06 1.323253e-07 6.876460e-08 	 1.733583e-05 6.378376e-07 -5.294514e-06 	 921
10.750000 	 1.288340e-05 3.120745e-07 4.357804e-06 	 6.116003e-06 3.140329e-06 1.126452e-06 	 1.899940e-05 3.452403e-06 5.484256e-06 	 884
11.250000 	 7.873532e-07 2.269188e-06 -3.654607e-06 	 -4.034047e-06 -2.252987e-06 2.115726e-06 	 -3.246694e-06 1.620117e-08 -1.538880e-06 	 550
11.750000 	 -1.421615e-05 1.345891e-05 6.642261e-06 	 3.151013e-06 -8.492428e-07 -2.729313e-06 	 -1.106514e-05 1.260967e-05 3.912948e-06 	 35
12.250000 	 0.000000e+00 0.000000e+00 0.000000e+00 	 0.000000e+00 0.000000e+00 0.000000e+00 	 0.000000e+00 0.000000e+00 0.000000e+00 	 0
12.750000 	 0.000000e+00 0.000000e+00 0.000000e+00 	 0.000000e+00 0.000000e+00 0.000000e+00 	 0.000000e+00 0.000000e+00 0.000000e+00 	 0
13.250000 	 0.000000e+00 0.000000e+00 0.000000e+00 	 0.000000e+00 0.000000e+00 0.000000e+00 	 0.000000e+00 0.000000e+00 0.000000e+00 	 0
13.750000 	 0.000000e+00 0.000000e+00 0.000000e+00 	 0.000000e+00 0.000000e+00 0.000000e+00 	 0.000000e+00 0.000000e+00 0.000000e+00 	 0
14.250000 	 0.000000e+00 0.000000e+00 0.000000e+00 	 0.000000e+00 0.000000e+00 0.000000e+00 	 0.000000e+00 0.000000e+00 0.000000e+00 	 0
14.750000 	 0.000000e+00 0.000000e+00 0.000000e+00 	 0.000000e+00 0.000000e+00 0.000000e+00 	 0.000000e+00 0.000000e+00 0.000000e+00 	 0
