# 1  2-4    5-7    8-10   11     
# x  dirEF  recEF  sumEF  #Sample
0.250000 	 0.000000e+00 0.000000e+00 0.000000e+00 	 0.000000e+00 0.000000e+00 0.000000e+00 	 0.000000e+00 0.000000e+00 0.000000e+00 	 0
0.750000 	 0.000000e+00 0.000000e+00 0.000000e+00 	 0.000000e+00 0.000000e+00 0.000000e+00 	 0.000000e+00 0.000000e+00 0.000000e+00 	 0
1.250000 	 0.000000e+00 0.000000e+00 0.000000e+00 	 0.000000e+00 0.000000e+00 0.000000e+00 	 0.000000e+00 0.000000e+00 0.000000e+00 	 0
1.750000 	 0.000000e+00 0.000000e+00 0.000000e+00 	 0.000000e+00 0.000000e+00 0.000000e+00 	 0.000000e+00 0.000000e+00 0.000000e+00 	 0
2.250000 	 0.000000e+00 0.000000e+00 0.000000e+00 	 0.000000e+00 0.000000e+00 0.000000e+00 	 0.000000e+00 0.000000e+00 0.000000e+00 	 0
2.750000 	 0.000000e+00 0.000000e+00 0.000000e+00 	 0.000000e+00 0.000000e+00 0.000000e+00 	 0.000000e+00 0.000000e+00 0.000000e+00 	 0
3.250000 	 -1.670882e-06 -1.603907e-05 -3.117618e-06 	 -3.611599e-06 -3.536869e-06 -1.131519e-06 	 -5.282482e-06 -1.957594e-05 -4.249137e-06 	 29
3.750000 	 -1.026952e-05 -1.231395e-06 -2.091124e-06 	 5.253016e-07 -6.776032e-07 -5.203989e-07 	 -9.744221e-06 -1.908998e-06 -2.611523e-06 	 607
4.250000 	 -4.221439e-06 6.323343e-07 1.299578e-06 	 -1.862205e-06 2.566573e-06 9.166125e-07 	 -6.083643e-06 3.198907e-06 2.216191e-06 	 868
4.750000 	 3.278423e-06 -3.639691e-07 -1.920830e-06 	 -6.023545e-07 2.697248e-06 1.291600e-06 	 2.676069e-06 2.333279e-06 -6.292302e-07 	 891
5.250000 	 2.830417e-05 5.953568e-07 -7.611660e-07 	 6.358668e-06 1.423486e-07 5.703274e-07 	 3.466283e-05 7.377054e-07 -1.908386e-07 	 961
5.750000 	 1.753228e-05 4.868080e-06 1.362156e-06 	 -7.167263e-06 -1.428979e-06 2.463392e-06 	 1.036502e-05 3.439101e-06 3.825548e-06 	 913
6.250000 	 1.365731e-05 4.699464e-06 2.267659e-07 	 5.642638e-06 -1.347906e-06 -2.259246e-06 	 1.929995e-05 3.351559e-06 -2.032480e-06 	 845
6.750000 	 -1.747606e-05 -3.912807e-06 1.370307e-06 	 -6.886458e-06 1.112149e-06 2.496865e-06 	 -2.436252e-05 -2.800658e-06 3.867172e-06 	 878
7.250000 	 -1.181263e-05 6.809465e-06 -8.778062e-07 	 8.506233e-06 -3.109128e-06 8.562741e-07 	 -3.306394e-06 3.700337e-06 -2.153202e-08 	 858
7.750000 	 -1.145572e-05 -8.133522e-06 5.351432e-06 	 -4.514292e-06 9.374646e-07 -2.836696e-06 	 -1.597001e-05 -7.196058e-06 2.514735e-06 	 962
8.250000 	 1.135468e-05 -7.760331e-07 -2.557831e-06 	 -5.822740e-07 -4.805530e-07 4.866888e-07 	 1.077241e-05 -1.256586e-06 -2.071142e-06 	 902
8.750000 	 1.175118e-05 3.185521e-06 2.628269e-06 	 -2.961985e-07 2.046840e-06 -5.934433e-07 	 1.145499e-05 5.232361e-06 2.034826e-06 	 924
9.250000 	 -1.276317e-05 -4.817573e-06 -5.593563e-06 	 -3.536431e-06 -5.373549e-07 1.071917e-06 	 -1.629960e-05 -5.354928e-06 -4.521646e-06 	 874
9.750000 	 -6.799194e-06 3.830462e-06 -3.976137e-06 	 6.507287e-06 2.103969e-06 -7.407099e-08 	 -2.919064e-07 5.934431e-06 -4.050208e-06 	 887
10.250000 	 5.995922e-07 5.445034e-06 -5.633539e-06 	 -1.103992e-05 -1.616739e-06 1.537769e-06 	 -1.044032e-05 3.828296e-06 -4.095770e-06 	 902
10.750000 	 1.052241e-06 -3.685141e-06 -2.611850e-06 	 6.367195e-06 -1.298889e-06 1.043951e-06 	 7.419436e-06 -4.984030e-06 -1.567898e-06 	 941
11.250000 	 5.422871e-06 -3.324200e-06 3.676244e-06 	 -4.150720e-06 2.444311e-07 -9.641012e-07 	 1.272151e-06 -3.079769e-06 2.712143e-06 	 543
11.750000 	 2.253449e-05 1.231231e-05 -4.377030e-06 	 -3.382122e-06 -1.134105e-06 1.790457e-06 	 1.915237e-05 1.117821e-05 -2.586572e-06 	 38
12.250000 	 0.000000e+00 0.000000e+00 0.000000e+00 	 0.000000e+00 0.000000e+00 0.000000e+00 	 0.000000e+00 0.000000e+00 0.000000e+00 	 0
12.750000 	 0.000000e+00 0.000000e+00 0.000000e+00 	 0.000000e+00 0.000000e+00 0.000000e+00 	 0.000000e+00 0.000000e+00 0.000000e+00 	 0
13.250000 	 0.000000e+00 0.000000e+00 0.000000e+00 	 0.000000e+00 0.000000e+00 0.000000e+00 	 0.000000e+00 0.000000e+00 0.000000e+00 	 0
13.750000 	 0.000000e+00 0.000000e+00 0.000000e+00 	 0.000000e+00 0.000000e+00 0.000000e+00 	 0.000000e+00 0.000000e+00 0.000000e+00 	 0
14.250000 	 0.000000e+00 0.000000e+00 0.000000e+00 	 0.000000e+00 0.000000e+00 0.000000e+00 	 0.000000e+00 0.000000e+00 0.000000e+00 	 0
14.750000 	 0.000000e+00 0.000000e+00 0.000000e+00 	 1.721583e-10 1.933954e-10 -3.510055e-11 	 1.721583e-10 1.933954e-10 -3.510055e-11 	 1
