# 1  2-4    5-7    8-10   11     
# x  dirEF  recEF  sumEF  #Sample
0.250000 	 0.000000e+00 0.000000e+00 0.000000e+00 	 -8.003513e-09 1.064506e-08 -4.941300e-08 	 -8.003513e-09 1.064506e-08 -4.941300e-08 	 1
0.750000 	 0.000000e+00 0.000000e+00 0.000000e+00 	 0.000000e+00 0.000000e+00 0.000000e+00 	 0.000000e+00 0.000000e+00 0.000000e+00 	 0
1.250000 	 0.000000e+00 0.000000e+00 0.000000e+00 	 0.000000e+00 0.000000e+00 0.000000e+00 	 0.000000e+00 0.000000e+00 0.000000e+00 	 0
1.750000 	 0.000000e+00 0.000000e+00 0.000000e+00 	 0.000000e+00 0.000000e+00 0.000000e+00 	 0.000000e+00 0.000000e+00 0.000000e+00 	 0
2.250000 	 0.000000e+00 0.000000e+00 0.000000e+00 	 0.000000e+00 0.000000e+00 0.000000e+00 	 0.000000e+00 0.000000e+00 0.000000e+00 	 0
2.750000 	 0.000000e+00 0.000000e+00 0.000000e+00 	 0.000000e+00 0.000000e+00 0.000000e+00 	 0.000000e+00 0.000000e+00 0.000000e+00 	 0
3.250000 	 -3.137280e-05 1.954104e-05 -4.454319e-06 	 1.624234e-05 -8.703425e-06 1.680531e-05 	 -1.513045e-05 1.083762e-05 1.235099e-05 	 33
3.750000 	 2.106127e-06 2.815367e-07 3.233003e-06 	 -1.166385e-05 -5.697363e-06 6.980409e-06 	 -9.557726e-06 -5.415826e-06 1.021341e-05 	 562
4.250000 	 1.639160e-05 -8.770878e-07 9.213209e-07 	 1.131354e-05 4.803907e-07 -4.502183e-06 	 2.770514e-05 -3.966971e-07 -3.580862e-06 	 896
4.750000 	 2.238720e-05 2.396016e-06 2.420811e-06 	 5.943400e-06 5.768908e-06 -3.383032e-06 	 2.833060e-05 8.164924e-06 -9.622215e-07 	 881
5.250000 	 1.520547e-05 -2.439457e-06 -3.943501e-06 	 -1.966828e-07 -7.518769e-06 1.816308e-06 	 1.500879e-05 -9.958227e-06 -2.127193e-06 	 872
5.750000 	 -3.219830e-06 -4.439889e-06 7.034072e-07 	 -9.543948e-06 -5.698019e-06 -4.741321e-06 	 -1.276378e-05 -1.013791e-05 -4.037914e-06 	 867
6.250000 	 -1.845981e-05 2.687826e-06 2.208845e-06 	 5.989960e-07 1.980779e-06 3.377486e-06 	 -1.786081e-05 4.668605e-06 5.586331e-06 	 883
6.750000 	 -2.341237e-05 2.311066e-07 -3.451924e-06 	 5.807638e-06 2.757434e-06 -7.759230e-06 	 -1.760473e-05 2.988540e-06 -1.121115e-05 	 919
7.250000 	 -1.311518e-05 9.816707e-07 3.623667e-06 	 -9.571613e-06 -4.206627e-06 -7.620796e-06 	 -2.268679e-05 -3.224956e-06 -3.997129e-06 	 895
7.750000 	 -1.166171e-05 -8.137881e-07 1.339024e-06 	 3.783889e-06 3.379667e-06 -5.423457e-06 	 -7.877823e-06 2.565879e-06 -4.084434e-06 	 934
8.250000 	 -2.840445e-05 8.522546e-07 -5.012343e-06 	 -2.737140e-06 4.799729e-06 -2.560449e-06 	 -3.114159e-05 5.651983e-06 -7.572791e-06 	 893
8.750000 	 -1.129260e-05 2.223171e-06 5.264423e-07 	 -9.234790e-06 7.044330e-06 -8.027950e-06 	 -2.052739e-05 9.267501e-06 -7.501508e-06 	 930
9.250000 	 3.956101e-06 -4.809230e-06 1.581066e-07 	 -1.862837e-05 8.331208e-06 6.444244e-06 	 -1.467227e-05 3.521978e-06 6.602350e-06 	 931
9.750000 	 1.292236e-05 -2.084881e-06 2.079716e-06 	 3.783601e-06 -5.936314e-06 -5.554950e-08 	 1.670596e-05 -8.021196e-06 2.024166e-06 	 930
10.250000 	 2.358576e-05 3.691722e-06 -2.064175e-07 	 -3.130411e-06 2.844322e-06 7.512602e-06 	 2.045535e-05 6.536045e-06 7.306185e-06 	 947
10.750000 	 2.023431e-05 -3.563924e-06 3.680289e-06 	 2.875477e-06 -4.766444e-06 5.028213e-06 	 2.310979e-05 -8.330369e-06 8.708502e-06 	 883
11.250000 	 3.640226e-06 4.594700e-06 1.880487e-06 	 -3.435187e-06 2.586598e-06 4.504880e-06 	 2.050395e-07 7.181299e-06 6.385367e-06 	 521
11.750000 	 -2.906451e-06 -1.113230e-05 -1.602330e-06 	 -4.727661e-06 3.633865e-06 -6.218903e-06 	 -7.634112e-06 -7.498436e-06 -7.821233e-06 	 45
12.250000 	 0.000000e+00 0.000000e+00 0.000000e+00 	 0.000000e+00 0.000000e+00 0.000000e+00 	 0.000000e+00 0.000000e+00 0.000000e+00 	 0
12.750000 	 0.000000e+00 0.000000e+00 0.000000e+00 	 0.000000e+00 0.000000e+00 0.000000e+00 	 0.000000e+00 0.000000e+00 0.000000e+00 	 0
13.250000 	 0.000000e+00 0.000000e+00 0.000000e+00 	 0.000000e+00 0.000000e+00 0.000000e+00 	 0.000000e+00 0.000000e+00 0.000000e+00 	 0
13.750000 	 0.000000e+00 0.000000e+00 0.000000e+00 	 0.000000e+00 0.000000e+00 0.000000e+00 	 0.000000e+00 0.000000e+00 0.000000e+00 	 0
14.250000 	 -1.013097e-08 2.788128e-07 -1.606181e-07 	 5.910245e-08 -2.023852e-08 -1.802066e-09 	 4.897147e-08 2.585743e-07 -1.624202e-07 	 1
14.750000 	 0.000000e+00 0.000000e+00 0.000000e+00 	 0.000000e+00 0.000000e+00 0.000000e+00 	 0.000000e+00 0.000000e+00 0.000000e+00 	 0
