# 1  2-4    5-7    8-10   11     
# x  dirEF  recEF  sumEF  #Sample
0.250000 	 0.000000e+00 0.000000e+00 0.000000e+00 	 0.000000e+00 0.000000e+00 0.000000e+00 	 0.000000e+00 0.000000e+00 0.000000e+00 	 0
0.750000 	 0.000000e+00 0.000000e+00 0.000000e+00 	 0.000000e+00 0.000000e+00 0.000000e+00 	 0.000000e+00 0.000000e+00 0.000000e+00 	 0
1.250000 	 0.000000e+00 0.000000e+00 0.000000e+00 	 0.000000e+00 0.000000e+00 0.000000e+00 	 0.000000e+00 0.000000e+00 0.000000e+00 	 0
1.750000 	 0.000000e+00 0.000000e+00 0.000000e+00 	 0.000000e+00 0.000000e+00 0.000000e+00 	 0.000000e+00 0.000000e+00 0.000000e+00 	 0
2.250000 	 -5.826175e-05 -1.001535e-05 3.448759e-05 	 -4.937072e-05 -6.090421e-06 -7.478386e-05 	 -1.076325e-04 -1.610578e-05 -4.029627e-05 	 1
2.750000 	 0.000000e+00 0.000000e+00 0.000000e+00 	 0.000000e+00 0.000000e+00 0.000000e+00 	 0.000000e+00 0.000000e+00 0.000000e+00 	 0
3.250000 	 5.153848e-06 -1.627620e-05 -1.031691e-06 	 -2.136050e-05 -1.516717e-06 4.240289e-06 	 -1.620665e-05 -1.779292e-05 3.208598e-06 	 48
3.750000 	 -2.010358e-06 4.077307e-06 3.916746e-06 	 -7.837019e-06 -6.539480e-07 -6.439020e-06 	 -9.847376e-06 3.423359e-06 -2.522275e-06 	 543
4.250000 	 -5.325296e-06 1.439323e-06 3.615863e-06 	 -1.289276e-06 -2.329766e-06 5.156314e-06 	 -6.614572e-06 -8.904429e-07 8.772177e-06 	 906
4.750000 	 5.148412e-06 -1.402431e-06 -4.811381e-06 	 -9.371665e-07 3.751817e-06 1.307072e-06 	 4.211245e-06 2.349386e-06 -3.504309e-06 	 916
5.250000 	 9.874828e-06 -2.051080e-07 1.269436e-06 	 1.463137e-05 -1.151070e-05 9.676887e-06 	 2.450620e-05 -1.171580e-05 1.094632e-05 	 912
5.750000 	 1.733507e-05 3.889372e-06 -3.777264e-06 	 3.417439e-06 6.540205e-06 -3.880342e-06 	 2.075251e-05 1.042958e-05 -7.657606e-06 	 911
6.250000 	 1.181717e-05 -4.136412e-06 -1.619270e-07 	 -7.396203e-06 -4.344513e-06 1.272029e-05 	 4.420963e-06 -8.480925e-06 1.255836e-05 	 898
6.750000 	 1.079098e-05 -2.370335e-06 1.835080e-06 	 3.389177e-06 1.384128e-06 -3.484007e-07 	 1.418015e-05 -9.862072e-07 1.486679e-06 	 883
7.250000 	 -8.810527e-06 -2.653342e-06 1.874312e-06 	 -5.619263e-06 1.680405e-06 2.355181e-06 	 -1.442979e-05 -9.729364e-07 4.229493e-06 	 866
7.750000 	 -2.003299e-05 -4.124603e-06 -3.767919e-06 	 -3.243487e-06 6.303596e-06 -8.352240e-06 	 -2.327648e-05 2.178992e-06 -1.212016e-05 	 938
8.250000 	 -1.104974e-05 -3.346264e-06 -1.027285e-06 	 -4.132945e-06 4.059295e-06 1.995863e-06 	 -1.518268e-05 7.130314e-07 9.685779e-07 	 942
8.750000 	 6.649455e-06 3.784370e-06 -2.877801e-06 	 7.214830e-06 5.911667e-06 -3.241060e-06 	 1.386428e-05 9.696037e-06 -6.118860e-06 	 893
9.250000 	 1.037549e-05 -2.270698e-06 5.225507e-06 	 2.809058e-06 -7.520747e-06 -1.411142e-05 	 1.318455e-05 -9.791444e-06 -8.885912e-06 	 921
9.750000 	 2.178259e-05 5.891951e-07 -2.254530e-06 	 3.156278e-06 -2.499510e-06 6.332323e-06 	 2.493887e-05 -1.910315e-06 4.077793e-06 	 858
10.250000 	 4.663200e-06 1.249370e-06 1.355938e-07 	 -1.231173e-06 9.549414e-07 1.623584e-06 	 3.432027e-06 2.204311e-06 1.759178e-06 	 952
10.750000 	 -1.531907e-05 -1.725110e-06 5.585237e-06 	 4.077765e-06 2.068588e-07 -5.890971e-07 	 -1.124130e-05 -1.518251e-06 4.996140e-06 	 863
11.250000 	 -6.321439e-06 -1.274402e-06 1.966697e-06 	 6.317509e-06 5.619894e-06 4.761578e-06 	 -3.930195e-09 4.345492e-06 6.728274e-06 	 518
11.750000 	 -1.230303e-06 -2.802473e-06 4.347745e-06 	 -9.165529e-06 -1.061795e-05 1.368351e-05 	 -1.039583e-05 -1.342043e-05 1.803125e-05 	 54
12.250000 	 0.000000e+00 0.000000e+00 0.000000e+00 	 0.000000e+00 0.000000e+00 0.000000e+00 	 0.000000e+00 0.000000e+00 0.000000e+00 	 0
12.750000 	 0.000000e+00 0.000000e+00 0.000000e+00 	 0.000000e+00 0.000000e+00 0.000000e+00 	 0.000000e+00 0.000000e+00 0.000000e+00 	 0
13.250000 	 0.000000e+00 0.000000e+00 0.000000e+00 	 0.000000e+00 0.000000e+00 0.000000e+00 	 0.000000e+00 0.000000e+00 0.000000e+00 	 0
13.750000 	 0.000000e+00 0.000000e+00 0.000000e+00 	 0.000000e+00 0.000000e+00 0.000000e+00 	 0.000000e+00 0.000000e+00 0.000000e+00 	 0
14.250000 	 0.000000e+00 0.000000e+00 0.000000e+00 	 -7.939413e-05 -6.965317e-05 -7.556772e-05 	 -7.939413e-05 -6.965317e-05 -7.556772e-05 	 1
14.750000 	 0.000000e+00 0.000000e+00 0.000000e+00 	 0.000000e+00 0.000000e+00 0.000000e+00 	 0.000000e+00 0.000000e+00 0.000000e+00 	 0
