# 1  2-4    5-7    8-10   11     
# x  dirEF  recEF  sumEF  #Sample
0.250000 	 0.000000e+00 0.000000e+00 0.000000e+00 	 0.000000e+00 0.000000e+00 0.000000e+00 	 0.000000e+00 0.000000e+00 0.000000e+00 	 0
0.750000 	 0.000000e+00 0.000000e+00 0.000000e+00 	 0.000000e+00 0.000000e+00 0.000000e+00 	 0.000000e+00 0.000000e+00 0.000000e+00 	 0
1.250000 	 0.000000e+00 0.000000e+00 0.000000e+00 	 0.000000e+00 0.000000e+00 0.000000e+00 	 0.000000e+00 0.000000e+00 0.000000e+00 	 0
1.750000 	 0.000000e+00 0.000000e+00 0.000000e+00 	 0.000000e+00 0.000000e+00 0.000000e+00 	 0.000000e+00 0.000000e+00 0.000000e+00 	 0
2.250000 	 0.000000e+00 0.000000e+00 0.000000e+00 	 0.000000e+00 0.000000e+00 0.000000e+00 	 0.000000e+00 0.000000e+00 0.000000e+00 	 0
2.750000 	 0.000000e+00 0.000000e+00 0.000000e+00 	 0.000000e+00 0.000000e+00 0.000000e+00 	 0.000000e+00 0.000000e+00 0.000000e+00 	 0
3.250000 	 2.365625e-05 1.613512e-05 1.594718e-05 	 1.631612e-06 4.882591e-06 -2.935086e-06 	 2.528786e-05 2.101771e-05 1.301209e-05 	 47
3.750000 	 1.178814e-05 1.377344e-06 5.577108e-06 	 -1.668571e-06 -3.064902e-06 5.000588e-07 	 1.011957e-05 -1.687558e-06 6.077166e-06 	 561
4.250000 	 3.848489e-06 2.260279e-06 -1.489351e-06 	 2.127891e-06 -6.492395e-07 -7.429810e-07 	 5.976380e-06 1.611039e-06 -2.232332e-06 	 834
4.750000 	 -2.896049e-06 8.190975e-07 1.159052e-06 	 -8.250817e-07 1.794527e-06 -4.102388e-07 	 -3.721131e-06 2.613624e-06 7.488129e-07 	 890
5.250000 	 -1.082139e-05 1.065231e-06 -3.306357e-07 	 -2.521297e-06 -4.092488e-07 2.947423e-06 	 -1.334269e-05 6.559819e-07 2.616787e-06 	 897
5.750000 	 -1.894096e-05 1.174599e-06 9.201302e-07 	 1.198050e-06 1.034067e-08 -2.350536e-06 	 -1.774291e-05 1.184940e-06 -1.430406e-06 	 879
6.250000 	 -8.348543e-06 1.930766e-06 -3.776169e-07 	 2.683651e-06 -1.435089e-07 -3.307164e-07 	 -5.664893e-06 1.787257e-06 -7.083333e-07 	 893
6.750000 	 -1.914751e-05 -6.543214e-06 -1.182141e-06 	 -2.575648e-06 -3.572246e-06 -7.415338e-07 	 -2.172315e-05 -1.011546e-05 -1.923675e-06 	 969
7.250000 	 -1.656254e-05 -6.816679e-07 2.850353e-06 	 2.134995e-06 -4.124400e-07 1.600688e-06 	 -1.442754e-05 -1.094108e-06 4.451041e-06 	 876
7.750000 	 4.201314e-06 1.825070e-06 2.245533e-06 	 -1.733411e-06 3.350429e-06 -9.440795e-07 	 2.467903e-06 5.175498e-06 1.301453e-06 	 935
8.250000 	 8.164798e-06 4.194113e-06 -1.714543e-06 	 -1.121589e-07 -5.977135e-07 1.032408e-06 	 8.052639e-06 3.596399e-06 -6.821356e-07 	 944
8.750000 	 1.576880e-05 -2.176811e-06 1.344781e-06 	 1.183872e-06 5.699142e-07 -3.272713e-06 	 1.695267e-05 -1.606897e-06 -1.927933e-06 	 869
9.250000 	 3.275480e-05 1.069926e-06 2.233492e-06 	 3.690407e-06 1.810455e-06 1.421245e-06 	 3.644520e-05 2.880381e-06 3.654737e-06 	 926
9.750000 	 7.159964e-06 4.672469e-06 -1.917317e-06 	 -2.705109e-06 2.037138e-06 -9.691924e-08 	 4.454855e-06 6.709607e-06 -2.014236e-06 	 904
10.250000 	 -6.510620e-06 -1.953516e-07 -2.575845e-06 	 -3.723132e-07 1.220649e-07 -8.052941e-07 	 -6.882933e-06 -7.328663e-08 -3.381139e-06 	 862
10.750000 	 -1.337871e-05 7.566167e-07 -2.152208e-06 	 1.302396e-06 -1.626414e-06 -1.343783e-06 	 -1.207631e-05 -8.697974e-07 -3.495991e-06 	 915
11.250000 	 -1.160047e-05 -2.117826e-06 5.032834e-08 	 2.119598e-06 -6.494778e-07 -4.127815e-07 	 -9.480876e-06 -2.767304e-06 -3.624531e-07 	 589
11.750000 	 -9.091996e-06 -1.209692e-05 -1.908244e-05 	 -2.906519e-06 -4.428763e-06 -4.862448e-06 	 -1.199851e-05 -1.652568e-05 -2.394488e-05 	 34
12.250000 	 0.000000e+00 0.000000e+00 0.000000e+00 	 0.000000e+00 0.000000e+00 0.000000e+00 	 0.000000e+00 0.000000e+00 0.000000e+00 	 0
12.750000 	 0.000000e+00 0.000000e+00 0.000000e+00 	 0.000000e+00 0.000000e+00 0.000000e+00 	 0.000000e+00 0.000000e+00 0.000000e+00 	 0
13.250000 	 0.000000e+00 0.000000e+00 0.000000e+00 	 0.000000e+00 0.000000e+00 0.000000e+00 	 0.000000e+00 0.000000e+00 0.000000e+00 	 0
13.750000 	 0.000000e+00 0.000000e+00 0.000000e+00 	 0.000000e+00 0.000000e+00 0.000000e+00 	 0.000000e+00 0.000000e+00 0.000000e+00 	 0
14.250000 	 0.000000e+00 0.000000e+00 0.000000e+00 	 0.000000e+00 0.000000e+00 0.000000e+00 	 0.000000e+00 0.000000e+00 0.000000e+00 	 0
14.750000 	 0.000000e+00 0.000000e+00 0.000000e+00 	 0.000000e+00 0.000000e+00 0.000000e+00 	 0.000000e+00 0.000000e+00 0.000000e+00 	 0
