# 1  2-4    5-7    8-10   11     
# x  dirEF  recEF  sumEF  #Sample
0.250000 	 -7.981135e-11 8.743649e-12 2.576631e-12 	 3.417331e-10 -1.074674e-10 9.137219e-12 	 2.619217e-10 -9.872374e-11 1.171385e-11 	 1
0.750000 	 0.000000e+00 0.000000e+00 0.000000e+00 	 0.000000e+00 0.000000e+00 0.000000e+00 	 0.000000e+00 0.000000e+00 0.000000e+00 	 0
1.250000 	 0.000000e+00 0.000000e+00 0.000000e+00 	 0.000000e+00 0.000000e+00 0.000000e+00 	 0.000000e+00 0.000000e+00 0.000000e+00 	 0
1.750000 	 0.000000e+00 0.000000e+00 0.000000e+00 	 0.000000e+00 0.000000e+00 0.000000e+00 	 0.000000e+00 0.000000e+00 0.000000e+00 	 0
2.250000 	 0.000000e+00 0.000000e+00 0.000000e+00 	 0.000000e+00 0.000000e+00 0.000000e+00 	 0.000000e+00 0.000000e+00 0.000000e+00 	 0
2.750000 	 -3.564511e-05 1.631500e-05 4.014053e-05 	 3.562968e-09 2.017479e-06 -2.511660e-06 	 -3.564155e-05 1.833248e-05 3.762887e-05 	 2
3.250000 	 6.466615e-06 -1.950348e-06 -1.123504e-05 	 -9.814196e-07 -2.986769e-06 1.314890e-06 	 5.485195e-06 -4.937117e-06 -9.920145e-06 	 32
3.750000 	 -5.863832e-06 -2.821820e-06 4.599941e-06 	 -3.015272e-06 -2.082167e-07 -1.454964e-06 	 -8.879104e-06 -3.030037e-06 3.144977e-06 	 526
4.250000 	 -1.789731e-05 2.532088e-06 -2.040989e-07 	 3.324880e-07 -3.862636e-07 1.400531e-06 	 -1.756482e-05 2.145825e-06 1.196432e-06 	 903
4.750000 	 -1.026797e-05 -2.680090e-06 -1.242458e-06 	 5.957223e-06 2.263501e-06 -1.023896e-06 	 -4.310743e-06 -4.165883e-07 -2.266354e-06 	 911
5.250000 	 6.312951e-06 4.934883e-06 4.079468e-06 	 -1.750758e-07 2.933265e-06 2.092692e-06 	 6.137875e-06 7.868147e-06 6.172161e-06 	 951
5.750000 	 1.208489e-05 -5.698222e-06 -3.130397e-06 	 -2.508154e-06 -1.710274e-06 7.140467e-07 	 9.576740e-06 -7.408496e-06 -2.416350e-06 	 886
6.250000 	 1.908822e-05 1.260456e-06 1.439764e-07 	 4.558614e-06 2.290706e-06 -2.951845e-06 	 2.364683e-05 3.551161e-06 -2.807868e-06 	 938
6.750000 	 -3.020660e-06 -3.995429e-06 3.882104e-06 	 2.649168e-07 3.152715e-06 1.116889e-06 	 -2.755743e-06 -8.427137e-07 4.998992e-06 	 904
7.250000 	 -1.657660e-05 1.782286e-06 -5.952938e-06 	 1.756260e-06 -6.535616e-07 4.017774e-07 	 -1.482034e-05 1.128724e-06 -5.551161e-06 	 880
7.750000 	 -1.040128e-05 6.518625e-06 -1.186422e-06 	 -3.497307e-06 2.439051e-06 1.248533e-06 	 -1.389859e-05 8.957676e-06 6.211137e-08 	 898
8.250000 	 -1.042008e-05 7.308308e-07 1.818296e-06 	 1.815934e-06 1.172186e-06 -1.346647e-06 	 -8.604147e-06 1.903017e-06 4.716486e-07 	 980
8.750000 	 -9.127916e-06 -5.829886e-06 -2.878059e-06 	 -1.293749e-06 -1.639326e-06 7.631477e-07 	 -1.042166e-05 -7.469212e-06 -2.114911e-06 	 889
9.250000 	 4.916783e-06 7.210855e-07 1.493181e-06 	 2.677634e-06 3.250424e-06 -1.364442e-07 	 7.594417e-06 3.971509e-06 1.356737e-06 	 877
9.750000 	 1.179879e-05 7.371630e-07 -9.619048e-07 	 -4.285925e-06 -2.745172e-06 2.402770e-07 	 7.512867e-06 -2.008009e-06 -7.216278e-07 	 914
10.250000 	 1.525210e-05 2.672406e-06 5.854246e-06 	 -4.530795e-06 1.707169e-06 -1.999168e-06 	 1.072131e-05 4.379576e-06 3.855078e-06 	 899
10.750000 	 1.228541e-05 -2.514236e-06 -1.879528e-06 	 7.989906e-06 6.196208e-07 8.901088e-07 	 2.027531e-05 -1.894615e-06 -9.894187e-07 	 851
11.250000 	 5.315631e-06 1.902871e-07 -3.868090e-06 	 -5.780447e-06 1.564699e-07 -9.929111e-07 	 -4.648163e-07 3.467570e-07 -4.861001e-06 	 535
11.750000 	 4.724985e-06 5.466859e-06 4.517144e-06 	 7.531022e-06 9.320981e-07 3.264457e-06 	 1.225601e-05 6.398957e-06 7.781601e-06 	 45
12.250000 	 0.000000e+00 0.000000e+00 0.000000e+00 	 0.000000e+00 0.000000e+00 0.000000e+00 	 0.000000e+00 0.000000e+00 0.000000e+00 	 0
12.750000 	 0.000000e+00 0.000000e+00 0.000000e+00 	 0.000000e+00 0.000000e+00 0.000000e+00 	 0.000000e+00 0.000000e+00 0.000000e+00 	 0
13.250000 	 -3.150772e-08 -2.497917e-09 -4.403828e-09 	 -8.836571e-10 -3.931674e-09 -4.163936e-09 	 -3.239138e-08 -6.429591e-09 -8.567764e-09 	 1
13.750000 	 0.000000e+00 0.000000e+00 0.000000e+00 	 0.000000e+00 0.000000e+00 0.000000e+00 	 0.000000e+00 0.000000e+00 0.000000e+00 	 0
14.250000 	 0.000000e+00 0.000000e+00 0.000000e+00 	 2.416121e-10 1.088568e-11 -3.349337e-10 	 2.416121e-10 1.088568e-11 -3.349337e-10 	 1
14.750000 	 0.000000e+00 0.000000e+00 0.000000e+00 	 0.000000e+00 0.000000e+00 0.000000e+00 	 0.000000e+00 0.000000e+00 0.000000e+00 	 0
