# 1  2-4    5-7    8-10   11     
# x  dirEF  recEF  sumEF  #Sample
0.250000 	 0.000000e+00 0.000000e+00 0.000000e+00 	 -9.824586e-12 -1.562270e-10 2.254826e-10 	 -9.824586e-12 -1.562270e-10 2.254826e-10 	 1
0.750000 	 0.000000e+00 0.000000e+00 0.000000e+00 	 0.000000e+00 0.000000e+00 0.000000e+00 	 0.000000e+00 0.000000e+00 0.000000e+00 	 0
1.250000 	 4.351602e-12 -6.150364e-13 4.438929e-13 	 -1.418279e-09 2.229864e-09 -2.543583e-10 	 -1.413928e-09 2.229249e-09 -2.539144e-10 	 1
1.750000 	 0.000000e+00 0.000000e+00 0.000000e+00 	 0.000000e+00 0.000000e+00 0.000000e+00 	 0.000000e+00 0.000000e+00 0.000000e+00 	 0
2.250000 	 0.000000e+00 0.000000e+00 0.000000e+00 	 0.000000e+00 0.000000e+00 0.000000e+00 	 0.000000e+00 0.000000e+00 0.000000e+00 	 0
2.750000 	 0.000000e+00 0.000000e+00 0.000000e+00 	 0.000000e+00 0.000000e+00 0.000000e+00 	 0.000000e+00 0.000000e+00 0.000000e+00 	 0
3.250000 	 2.242512e-06 3.513791e-06 -1.444066e-06 	 -7.370345e-06 5.732844e-06 1.512328e-06 	 -5.127833e-06 9.246635e-06 6.826193e-08 	 40
3.750000 	 -1.698032e-05 2.537216e-06 3.121562e-06 	 -3.009971e-06 -4.458617e-06 -2.273484e-06 	 -1.999029e-05 -1.921400e-06 8.480787e-07 	 571
4.250000 	 -1.868758e-06 -2.361022e-06 2.284121e-06 	 -3.449257e-06 5.084043e-07 1.796841e-06 	 -5.318015e-06 -1.852618e-06 4.080961e-06 	 924
4.750000 	 3.122425e-05 -3.814672e-06 3.445872e-07 	 6.414911e-06 3.580946e-06 9.140873e-08 	 3.763916e-05 -2.337266e-07 4.359960e-07 	 943
5.250000 	 2.799351e-05 8.090060e-06 -5.732892e-06 	 -6.986091e-06 2.141862e-06 1.760714e-06 	 2.100742e-05 1.023192e-05 -3.972179e-06 	 912
5.750000 	 1.441067e-05 -3.651367e-06 3.876795e-07 	 3.091359e-06 -3.783505e-06 -3.039001e-06 	 1.750203e-05 -7.434872e-06 -2.651321e-06 	 884
6.250000 	 -5.679569e-06 6.880384e-07 -1.787021e-06 	 -3.195255e-06 -2.293478e-06 3.190786e-06 	 -8.874824e-06 -1.605440e-06 1.403766e-06 	 840
6.750000 	 -1.715912e-05 -3.676195e-06 -2.917470e-06 	 7.387024e-06 -4.691509e-07 -6.239236e-07 	 -9.772100e-06 -4.145345e-06 -3.541394e-06 	 921
7.250000 	 -7.145685e-06 -6.182593e-06 3.362923e-06 	 -5.488326e-06 -2.490074e-06 1.676424e-06 	 -1.263401e-05 -8.672666e-06 5.039347e-06 	 891
7.750000 	 8.565541e-06 2.455924e-06 -3.536196e-06 	 -1.614026e-06 -1.114765e-06 -1.366838e-07 	 6.951515e-06 1.341159e-06 -3.672879e-06 	 885
8.250000 	 5.287465e-06 -3.261333e-06 3.744429e-06 	 2.953447e-06 -4.969109e-07 -3.013344e-07 	 8.240912e-06 -3.758244e-06 3.443094e-06 	 905
8.750000 	 -3.148310e-06 -3.313567e-06 -5.611255e-06 	 -3.808476e-07 2.564821e-06 1.102664e-06 	 -3.529158e-06 -7.487454e-07 -4.508592e-06 	 900
9.250000 	 -5.231868e-06 -6.551322e-07 -3.446937e-06 	 6.099634e-06 -1.709913e-06 -4.043190e-07 	 8.677653e-07 -2.365045e-06 -3.851256e-06 	 894
9.750000 	 -2.341016e-06 8.673073e-07 -3.283345e-08 	 -6.103059e-06 1.373510e-06 3.922414e-07 	 -8.444075e-06 2.240818e-06 3.594079e-07 	 888
10.250000 	 -7.061824e-06 -1.245077e-06 -2.634439e-06 	 4.887844e-06 -1.542199e-06 1.994165e-07 	 -2.173980e-06 -2.787276e-06 -2.435022e-06 	 891
10.750000 	 -2.231357e-07 -1.348076e-06 3.001264e-06 	 -3.842416e-06 -2.685529e-06 3.194905e-06 	 -4.065551e-06 -4.033605e-06 6.196169e-06 	 914
11.250000 	 5.232256e-06 3.220736e-06 -1.536161e-06 	 2.638137e-06 -1.194558e-06 -4.339953e-06 	 7.870393e-06 2.026178e-06 -5.876113e-06 	 576
11.750000 	 1.126815e-05 -8.356514e-06 8.062894e-06 	 -1.519330e-05 -1.525336e-06 2.495693e-06 	 -3.925157e-06 -9.881850e-06 1.055859e-05 	 43
12.250000 	 0.000000e+00 0.000000e+00 0.000000e+00 	 0.000000e+00 0.000000e+00 0.000000e+00 	 0.000000e+00 0.000000e+00 0.000000e+00 	 0
12.750000 	 0.000000e+00 0.000000e+00 0.000000e+00 	 0.000000e+00 0.000000e+00 0.000000e+00 	 0.000000e+00 0.000000e+00 0.000000e+00 	 0
13.250000 	 0.000000e+00 0.000000e+00 0.000000e+00 	 0.000000e+00 0.000000e+00 0.000000e+00 	 0.000000e+00 0.000000e+00 0.000000e+00 	 0
13.750000 	 0.000000e+00 0.000000e+00 0.000000e+00 	 0.000000e+00 0.000000e+00 0.000000e+00 	 0.000000e+00 0.000000e+00 0.000000e+00 	 0
14.250000 	 0.000000e+00 0.000000e+00 0.000000e+00 	 0.000000e+00 0.000000e+00 0.000000e+00 	 0.000000e+00 0.000000e+00 0.000000e+00 	 0
14.750000 	 0.000000e+00 0.000000e+00 0.000000e+00 	 0.000000e+00 0.000000e+00 0.000000e+00 	 0.000000e+00 0.000000e+00 0.000000e+00 	 0
