# 1  2-4    5-7    8-10   11     
# x  dirEF  recEF  sumEF  #Sample
0.250000 	 0.000000e+00 0.000000e+00 0.000000e+00 	 0.000000e+00 0.000000e+00 0.000000e+00 	 0.000000e+00 0.000000e+00 0.000000e+00 	 0
0.750000 	 0.000000e+00 0.000000e+00 0.000000e+00 	 0.000000e+00 0.000000e+00 0.000000e+00 	 0.000000e+00 0.000000e+00 0.000000e+00 	 0
1.250000 	 0.000000e+00 0.000000e+00 0.000000e+00 	 0.000000e+00 0.000000e+00 0.000000e+00 	 0.000000e+00 0.000000e+00 0.000000e+00 	 0
1.750000 	 0.000000e+00 0.000000e+00 0.000000e+00 	 0.000000e+00 0.000000e+00 0.000000e+00 	 0.000000e+00 0.000000e+00 0.000000e+00 	 0
2.250000 	 1.054131e-05 -6.996470e-06 6.100564e-06 	 -7.157587e-07 -1.677892e-06 7.995835e-07 	 9.825550e-06 -8.674362e-06 6.900147e-06 	 1
2.750000 	 0.000000e+00 0.000000e+00 0.000000e+00 	 0.000000e+00 0.000000e+00 0.000000e+00 	 0.000000e+00 0.000000e+00 0.000000e+00 	 0
3.250000 	 -1.348379e-06 1.209386e-05 1.170245e-05 	 2.815241e-06 -1.201012e-06 7.516176e-07 	 1.466862e-06 1.089284e-05 1.245407e-05 	 28
3.750000 	 7.730226e-06 -2.506349e-06 4.081866e-06 	 -9.626449e-07 -2.049568e-06 -1.314280e-06 	 6.767581e-06 -4.555917e-06 2.767586e-06 	 566
4.250000 	 6.999531e-06 7.225299e-06 3.014872e-07 	 -1.686060e-06 1.413166e-06 -2.837249e-06 	 5.313471e-06 8.638465e-06 -2.535762e-06 	 897
4.750000 	 -1.695708e-06 -4.296089e-06 -3.788106e-06 	 5.261884e-06 2.573561e-06 2.749905e-06 	 3.566175e-06 -1.722529e-06 -1.038201e-06 	 914
5.250000 	 4.209349e-06 -2.466324e-06 2.376279e-06 	 -4.612915e-07 -1.550680e-06 -1.878350e-06 	 3.748058e-06 -4.017004e-06 4.979284e-07 	 905
5.750000 	 8.797645e-07 7.289714e-07 -8.991313e-07 	 -2.730906e-06 1.825675e-07 1.991775e-06 	 -1.851141e-06 9.115389e-07 1.092644e-06 	 928
6.250000 	 8.032080e-06 7.506664e-07 6.026790e-06 	 -1.235295e-06 -1.616013e-06 1.310549e-06 	 6.796785e-06 -8.653470e-07 7.337340e-06 	 901
6.750000 	 -1.401035e-05 8.413460e-06 8.081305e-07 	 4.607148e-07 -2.183673e-06 4.641684e-07 	 -1.354963e-05 6.229787e-06 1.272299e-06 	 886
7.250000 	 -1.500914e-05 -5.165185e-06 1.979181e-06 	 7.928907e-06 3.746406e-06 1.059332e-07 	 -7.080232e-06 -1.418779e-06 2.085114e-06 	 924
7.750000 	 -1.314644e-05 -6.500139e-06 -7.773774e-06 	 -1.155682e-05 2.589915e-06 -1.990635e-06 	 -2.470325e-05 -3.910223e-06 -9.764409e-06 	 886
8.250000 	 -3.769540e-06 4.977258e-06 -2.419700e-06 	 1.076137e-05 -1.075505e-06 -3.056152e-07 	 6.991825e-06 3.901753e-06 -2.725315e-06 	 903
8.750000 	 2.280205e-05 -2.132358e-06 2.669466e-06 	 -1.244674e-06 1.511246e-06 8.865980e-07 	 2.155738e-05 -6.211125e-07 3.556064e-06 	 954
9.250000 	 2.593202e-05 -4.473904e-06 2.512703e-06 	 -4.418281e-06 3.507907e-06 -1.027630e-06 	 2.151374e-05 -9.659968e-07 1.485073e-06 	 886
9.750000 	 3.939956e-06 1.191329e-06 -3.083174e-06 	 -1.839480e-10 -5.557697e-07 1.829815e-06 	 3.939772e-06 6.355596e-07 -1.253360e-06 	 876
10.250000 	 -5.881259e-06 3.368343e-06 4.860449e-06 	 -2.936777e-06 -2.328406e-06 -2.447952e-06 	 -8.818035e-06 1.039937e-06 2.412497e-06 	 853
10.750000 	 -6.557081e-06 -1.256138e-06 -3.786075e-06 	 1.920449e-06 8.585623e-07 -9.147371e-08 	 -4.636632e-06 -3.975760e-07 -3.877549e-06 	 913
11.250000 	 -8.552455e-06 -4.059902e-07 -7.179591e-06 	 -1.295751e-06 -9.194315e-07 1.296822e-06 	 -9.848206e-06 -1.325422e-06 -5.882768e-06 	 564
11.750000 	 -8.742980e-06 6.635396e-06 8.808506e-06 	 -1.356221e-06 -6.585192e-07 -7.321612e-07 	 -1.009920e-05 5.976877e-06 8.076344e-06 	 38
12.250000 	 0.000000e+00 0.000000e+00 0.000000e+00 	 0.000000e+00 0.000000e+00 0.000000e+00 	 0.000000e+00 0.000000e+00 0.000000e+00 	 0
12.750000 	 5.563279e-05 1.532040e-05 -4.297310e-06 	 -2.638861e-06 -1.319694e-06 2.100847e-06 	 5.299393e-05 1.400070e-05 -2.196464e-06 	 1
13.250000 	 0.000000e+00 0.000000e+00 0.000000e+00 	 0.000000e+00 0.000000e+00 0.000000e+00 	 0.000000e+00 0.000000e+00 0.000000e+00 	 0
13.750000 	 0.000000e+00 0.000000e+00 0.000000e+00 	 0.000000e+00 0.000000e+00 0.000000e+00 	 0.000000e+00 0.000000e+00 0.000000e+00 	 0
14.250000 	 0.000000e+00 0.000000e+00 0.000000e+00 	 0.000000e+00 0.000000e+00 0.000000e+00 	 0.000000e+00 0.000000e+00 0.000000e+00 	 0
14.750000 	 0.000000e+00 0.000000e+00 0.000000e+00 	 0.000000e+00 0.000000e+00 0.000000e+00 	 0.000000e+00 0.000000e+00 0.000000e+00 	 0
