# 1  2-4    5-7    8-10   11     
# x  dirEF  recEF  sumEF  #Sample
0.250000 	 0.000000e+00 0.000000e+00 0.000000e+00 	 0.000000e+00 0.000000e+00 0.000000e+00 	 0.000000e+00 0.000000e+00 0.000000e+00 	 0
0.750000 	 0.000000e+00 0.000000e+00 0.000000e+00 	 -7.980436e-05 6.498265e-05 -5.275189e-05 	 -7.980436e-05 6.498265e-05 -5.275189e-05 	 1
1.250000 	 0.000000e+00 0.000000e+00 0.000000e+00 	 0.000000e+00 0.000000e+00 0.000000e+00 	 0.000000e+00 0.000000e+00 0.000000e+00 	 0
1.750000 	 0.000000e+00 0.000000e+00 0.000000e+00 	 0.000000e+00 0.000000e+00 0.000000e+00 	 0.000000e+00 0.000000e+00 0.000000e+00 	 0
2.250000 	 0.000000e+00 0.000000e+00 0.000000e+00 	 0.000000e+00 0.000000e+00 0.000000e+00 	 0.000000e+00 0.000000e+00 0.000000e+00 	 0
2.750000 	 0.000000e+00 0.000000e+00 0.000000e+00 	 0.000000e+00 0.000000e+00 0.000000e+00 	 0.000000e+00 0.000000e+00 0.000000e+00 	 0
3.250000 	 -1.632240e-05 -5.633396e-06 -1.719241e-05 	 -3.628188e-05 -1.209079e-06 -1.641845e-05 	 -5.260428e-05 -6.842476e-06 -3.361086e-05 	 48
3.750000 	 1.912616e-06 1.457276e-06 -6.785993e-09 	 -3.837647e-06 -2.711081e-06 -1.906780e-06 	 -1.925031e-06 -1.253805e-06 -1.913566e-06 	 585
4.250000 	 1.470892e-05 2.773453e-06 -2.512441e-06 	 2.479611e-06 -2.282768e-06 3.050037e-06 	 1.718853e-05 4.906848e-07 5.375967e-07 	 940
4.750000 	 2.361744e-05 -6.533873e-06 4.083721e-06 	 -1.007999e-05 1.396352e-06 1.302286e-06 	 1.353745e-05 -5.137521e-06 5.386008e-06 	 916
5.250000 	 2.970794e-05 -3.599275e-06 7.149583e-07 	 2.924985e-06 1.876683e-06 -4.641904e-06 	 3.263293e-05 -1.722592e-06 -3.926945e-06 	 878
5.750000 	 -1.079356e-05 2.875145e-06 -3.568907e-06 	 5.980250e-06 -4.177440e-06 5.402620e-06 	 -4.813309e-06 -1.302296e-06 1.833713e-06 	 883
6.250000 	 -1.813592e-05 -7.563082e-06 2.083151e-06 	 -2.554822e-06 -2.035468e-07 4.541931e-06 	 -2.069074e-05 -7.766629e-06 6.625082e-06 	 847
6.750000 	 -1.434494e-05 4.598878e-06 -4.218729e-06 	 2.166044e-06 -4.900846e-06 1.354173e-05 	 -1.217890e-05 -3.019673e-07 9.323002e-06 	 899
7.250000 	 -9.616274e-06 -3.791926e-07 8.939339e-06 	 1.153270e-05 6.672900e-06 -5.081879e-06 	 1.916424e-06 6.293707e-06 3.857461e-06 	 925
7.750000 	 3.476296e-06 1.191474e-06 5.554487e-06 	 -1.818495e-05 -1.070938e-06 -8.998275e-07 	 -1.470866e-05 1.205356e-07 4.654659e-06 	 912
8.250000 	 2.005498e-05 -4.057505e-06 -7.786517e-06 	 5.096040e-06 1.855702e-06 -4.237798e-06 	 2.515102e-05 -2.201803e-06 -1.202431e-05 	 902
8.750000 	 3.411612e-06 -2.794996e-06 9.668094e-09 	 6.503746e-07 8.459092e-06 7.512860e-06 	 4.061987e-06 5.664096e-06 7.522528e-06 	 916
9.250000 	 9.896972e-06 2.760111e-06 1.041977e-06 	 1.904131e-06 -2.596556e-06 4.084379e-07 	 1.180110e-05 1.635550e-07 1.450415e-06 	 890
9.750000 	 9.957778e-06 7.873990e-07 -2.286095e-06 	 -7.173045e-06 -1.993326e-06 1.199572e-06 	 2.784734e-06 -1.205927e-06 -1.086524e-06 	 878
10.250000 	 4.216957e-07 2.437197e-06 -3.850972e-06 	 4.513585e-06 -1.301736e-05 -4.507787e-06 	 4.935281e-06 -1.058016e-05 -8.358760e-06 	 873
10.750000 	 -1.450452e-05 -2.659077e-06 -4.758771e-06 	 -6.319480e-06 -6.359805e-06 -2.299418e-06 	 -2.082400e-05 -9.018883e-06 -7.058189e-06 	 944
11.250000 	 -2.265704e-06 6.186903e-06 2.834266e-06 	 1.362145e-05 -8.676159e-06 -8.247013e-06 	 1.135574e-05 -2.489256e-06 -5.412747e-06 	 541
11.750000 	 2.411043e-06 -8.348672e-06 -1.907054e-05 	 -4.830373e-05 8.139608e-06 -4.652896e-06 	 -4.589269e-05 -2.090642e-07 -2.372344e-05 	 44
12.250000 	 0.000000e+00 0.000000e+00 0.000000e+00 	 0.000000e+00 0.000000e+00 0.000000e+00 	 0.000000e+00 0.000000e+00 0.000000e+00 	 0
12.750000 	 0.000000e+00 0.000000e+00 0.000000e+00 	 0.000000e+00 0.000000e+00 0.000000e+00 	 0.000000e+00 0.000000e+00 0.000000e+00 	 0
13.250000 	 1.323516e-05 -4.932733e-07 -2.857177e-06 	 2.813929e-05 -7.363099e-05 -6.395165e-05 	 4.137445e-05 -7.412427e-05 -6.680883e-05 	 1
13.750000 	 0.000000e+00 0.000000e+00 0.000000e+00 	 0.000000e+00 0.000000e+00 0.000000e+00 	 0.000000e+00 0.000000e+00 0.000000e+00 	 0
14.250000 	 -3.967598e-12 3.689832e-12 4.207643e-12 	 2.044806e-05 -5.109189e-05 -5.767233e-05 	 2.044806e-05 -5.109188e-05 -5.767233e-05 	 1
14.750000 	 0.000000e+00 0.000000e+00 0.000000e+00 	 0.000000e+00 0.000000e+00 0.000000e+00 	 0.000000e+00 0.000000e+00 0.000000e+00 	 0
