# 1  2-4    5-7    8-10   11     
# x  dirEF  recEF  sumEF  #Sample
0.250000 	 -7.981135e-11 8.743649e-12 2.576631e-12 	 1.719209e-08 2.455881e-08 -1.986163e-08 	 1.711227e-08 2.456756e-08 -1.985906e-08 	 1
0.750000 	 0.000000e+00 0.000000e+00 0.000000e+00 	 0.000000e+00 0.000000e+00 0.000000e+00 	 0.000000e+00 0.000000e+00 0.000000e+00 	 0
1.250000 	 0.000000e+00 0.000000e+00 0.000000e+00 	 0.000000e+00 0.000000e+00 0.000000e+00 	 0.000000e+00 0.000000e+00 0.000000e+00 	 0
1.750000 	 0.000000e+00 0.000000e+00 0.000000e+00 	 0.000000e+00 0.000000e+00 0.000000e+00 	 0.000000e+00 0.000000e+00 0.000000e+00 	 0
2.250000 	 0.000000e+00 0.000000e+00 0.000000e+00 	 0.000000e+00 0.000000e+00 0.000000e+00 	 0.000000e+00 0.000000e+00 0.000000e+00 	 0
2.750000 	 -3.564511e-05 1.631500e-05 4.014053e-05 	 -5.873352e-06 1.223614e-05 -2.706077e-06 	 -4.151846e-05 2.855114e-05 3.743445e-05 	 2
3.250000 	 6.466615e-06 -1.950348e-06 -1.123504e-05 	 1.601361e-05 -5.930350e-07 -1.348295e-07 	 2.248023e-05 -2.543383e-06 -1.136987e-05 	 32
3.750000 	 -5.863832e-06 -2.821820e-06 4.599941e-06 	 -6.290450e-06 2.224833e-06 8.022811e-06 	 -1.215428e-05 -5.969868e-07 1.262275e-05 	 526
4.250000 	 -1.789731e-05 2.532088e-06 -2.040989e-07 	 -8.887345e-07 2.875902e-06 -4.622956e-06 	 -1.878605e-05 5.407990e-06 -4.827055e-06 	 903
4.750000 	 -1.026797e-05 -2.680090e-06 -1.242458e-06 	 4.251237e-06 1.567763e-06 -1.267560e-06 	 -6.016729e-06 -1.112326e-06 -2.510018e-06 	 911
5.250000 	 6.312951e-06 4.934883e-06 4.079468e-06 	 5.758271e-06 1.944897e-07 -2.194071e-06 	 1.207122e-05 5.129373e-06 1.885397e-06 	 951
5.750000 	 1.208489e-05 -5.698222e-06 -3.130397e-06 	 -6.984330e-06 -3.482266e-06 -4.214264e-06 	 5.100564e-06 -9.180489e-06 -7.344661e-06 	 886
6.250000 	 1.908822e-05 1.260456e-06 1.439764e-07 	 8.474112e-06 6.130058e-06 6.750515e-06 	 2.756233e-05 7.390513e-06 6.894491e-06 	 938
6.750000 	 -3.020660e-06 -3.995429e-06 3.882104e-06 	 -4.471457e-06 6.488551e-06 5.079219e-06 	 -7.492117e-06 2.493122e-06 8.961322e-06 	 904
7.250000 	 -1.657660e-05 1.782286e-06 -5.952938e-06 	 4.436502e-06 -2.117203e-06 6.932113e-07 	 -1.214010e-05 -3.349171e-07 -5.259727e-06 	 880
7.750000 	 -1.040128e-05 6.518625e-06 -1.186422e-06 	 -8.153961e-07 -4.904451e-06 4.603561e-06 	 -1.121668e-05 1.614174e-06 3.417140e-06 	 898
8.250000 	 -1.042008e-05 7.308308e-07 1.818296e-06 	 -1.808971e-06 3.520664e-06 2.891552e-06 	 -1.222905e-05 4.251494e-06 4.709848e-06 	 980
8.750000 	 -9.127916e-06 -5.829886e-06 -2.878059e-06 	 -3.351149e-06 3.665245e-06 3.442721e-06 	 -1.247907e-05 -2.164641e-06 5.646614e-07 	 889
9.250000 	 4.916783e-06 7.210855e-07 1.493181e-06 	 5.544527e-06 7.674191e-06 -2.958406e-06 	 1.046131e-05 8.395277e-06 -1.465225e-06 	 877
9.750000 	 1.179879e-05 7.371630e-07 -9.619048e-07 	 -4.514214e-06 -8.103239e-06 2.576862e-06 	 7.284579e-06 -7.366076e-06 1.614957e-06 	 914
10.250000 	 1.525210e-05 2.672406e-06 5.854246e-06 	 -1.756318e-06 6.379545e-06 -9.659369e-06 	 1.349578e-05 9.051951e-06 -3.805122e-06 	 899
10.750000 	 1.228541e-05 -2.514236e-06 -1.879528e-06 	 1.054374e-05 7.047642e-07 -9.604427e-07 	 2.282914e-05 -1.809472e-06 -2.839970e-06 	 851
11.250000 	 5.315631e-06 1.902871e-07 -3.868090e-06 	 -6.027494e-07 -4.352246e-06 -4.814203e-06 	 4.712881e-06 -4.161959e-06 -8.682293e-06 	 535
11.750000 	 4.724985e-06 5.466859e-06 4.517144e-06 	 1.214674e-05 3.919062e-06 1.236985e-05 	 1.687173e-05 9.385920e-06 1.688699e-05 	 45
12.250000 	 0.000000e+00 0.000000e+00 0.000000e+00 	 0.000000e+00 0.000000e+00 0.000000e+00 	 0.000000e+00 0.000000e+00 0.000000e+00 	 0
12.750000 	 0.000000e+00 0.000000e+00 0.000000e+00 	 0.000000e+00 0.000000e+00 0.000000e+00 	 0.000000e+00 0.000000e+00 0.000000e+00 	 0
13.250000 	 -3.150772e-08 -2.497917e-09 -4.403828e-09 	 -3.126538e-08 3.885984e-10 -1.234581e-08 	 -6.277311e-08 -2.109318e-09 -1.674964e-08 	 1
13.750000 	 0.000000e+00 0.000000e+00 0.000000e+00 	 0.000000e+00 0.000000e+00 0.000000e+00 	 0.000000e+00 0.000000e+00 0.000000e+00 	 0
14.250000 	 0.000000e+00 0.000000e+00 0.000000e+00 	 -5.838898e-08 4.757058e-08 -5.465872e-08 	 -5.838898e-08 4.757058e-08 -5.465872e-08 	 1
14.750000 	 0.000000e+00 0.000000e+00 0.000000e+00 	 0.000000e+00 0.000000e+00 0.000000e+00 	 0.000000e+00 0.000000e+00 0.000000e+00 	 0
