# 1  2-4    5-7    8-10   11     
# x  dirEF  recEF  sumEF  #Sample
0.250000 	 0.000000e+00 0.000000e+00 0.000000e+00 	 0.000000e+00 0.000000e+00 0.000000e+00 	 0.000000e+00 0.000000e+00 0.000000e+00 	 0
0.750000 	 0.000000e+00 0.000000e+00 0.000000e+00 	 0.000000e+00 0.000000e+00 0.000000e+00 	 0.000000e+00 0.000000e+00 0.000000e+00 	 0
1.250000 	 0.000000e+00 0.000000e+00 0.000000e+00 	 0.000000e+00 0.000000e+00 0.000000e+00 	 0.000000e+00 0.000000e+00 0.000000e+00 	 0
1.750000 	 0.000000e+00 0.000000e+00 0.000000e+00 	 0.000000e+00 0.000000e+00 0.000000e+00 	 0.000000e+00 0.000000e+00 0.000000e+00 	 0
2.250000 	 -1.689930e-06 -6.114611e-07 2.313666e-05 	 7.489638e-05 5.952115e-05 3.111540e-05 	 7.320645e-05 5.890969e-05 5.425207e-05 	 1
2.750000 	 0.000000e+00 0.000000e+00 0.000000e+00 	 0.000000e+00 0.000000e+00 0.000000e+00 	 0.000000e+00 0.000000e+00 0.000000e+00 	 0
3.250000 	 1.317537e-05 -3.789986e-06 4.895931e-06 	 -3.989698e-05 3.419895e-05 5.189845e-06 	 -2.672161e-05 3.040896e-05 1.008578e-05 	 35
3.750000 	 1.318741e-05 3.724841e-06 7.524149e-07 	 4.491257e-06 -3.900479e-06 -5.814319e-06 	 1.767867e-05 -1.756382e-07 -5.061904e-06 	 631
4.250000 	 7.253819e-06 8.725501e-08 2.681220e-06 	 -9.202868e-06 4.165813e-07 6.294654e-06 	 -1.949048e-06 5.038363e-07 8.975874e-06 	 855
4.750000 	 -3.925301e-06 -3.550235e-07 -4.859155e-06 	 4.859334e-06 -2.858282e-06 7.382102e-06 	 9.340331e-07 -3.213305e-06 2.522947e-06 	 864
5.250000 	 -1.709093e-05 2.650039e-06 -5.610477e-06 	 -3.961072e-06 3.798308e-06 1.323348e-06 	 -2.105200e-05 6.448347e-06 -4.287129e-06 	 893
5.750000 	 5.404673e-07 1.313456e-06 5.653657e-07 	 -9.140290e-06 1.130623e-05 8.182088e-06 	 -8.599823e-06 1.261969e-05 8.747454e-06 	 908
6.250000 	 1.587208e-05 1.390626e-06 -8.854258e-07 	 -9.549112e-06 -8.563437e-06 1.233892e-05 	 6.322964e-06 -7.172811e-06 1.145350e-05 	 917
6.750000 	 1.036840e-05 -1.951307e-06 5.085592e-06 	 1.366733e-05 -1.594245e-06 -7.021424e-07 	 2.403572e-05 -3.545552e-06 4.383449e-06 	 879
7.250000 	 5.864769e-06 4.062461e-07 3.794121e-06 	 -1.215153e-05 1.026933e-06 3.598137e-06 	 -6.286757e-06 1.433180e-06 7.392259e-06 	 891
7.750000 	 1.817524e-06 -2.930441e-06 3.124751e-06 	 -3.549226e-06 2.677938e-07 7.757110e-06 	 -1.731701e-06 -2.662647e-06 1.088186e-05 	 894
8.250000 	 -1.456236e-05 2.563098e-06 -3.550652e-06 	 -4.051373e-06 6.811679e-06 -1.079754e-05 	 -1.861373e-05 9.374777e-06 -1.434819e-05 	 885
8.750000 	 -1.638620e-05 1.708955e-06 1.559739e-06 	 -4.076422e-06 1.078467e-06 -3.626257e-06 	 -2.046262e-05 2.787422e-06 -2.066517e-06 	 899
9.250000 	 -1.941009e-05 -3.022544e-07 -4.820651e-06 	 -2.717967e-06 -3.914764e-06 -4.157099e-08 	 -2.212806e-05 -4.217019e-06 -4.862222e-06 	 922
9.750000 	 -1.053320e-05 -6.532512e-07 -1.302937e-06 	 -9.045293e-06 4.778169e-06 6.046381e-06 	 -1.957849e-05 4.124918e-06 4.743444e-06 	 920
10.250000 	 1.667158e-05 -2.278219e-06 1.038022e-06 	 -6.268941e-06 1.914850e-06 -3.665673e-06 	 1.040264e-05 -3.633690e-07 -2.627651e-06 	 917
10.750000 	 1.934735e-05 -4.846881e-06 -2.334183e-07 	 -2.415766e-06 3.076535e-06 2.704352e-06 	 1.693158e-05 -1.770346e-06 2.470933e-06 	 932
11.250000 	 5.125590e-06 2.094271e-06 -1.457819e-06 	 -5.189458e-06 6.794851e-06 6.951831e-06 	 -6.386831e-08 8.889121e-06 5.494012e-06 	 542
11.750000 	 -9.721808e-07 -3.990844e-06 -1.559919e-05 	 1.451998e-05 8.455671e-06 -1.527308e-05 	 1.354780e-05 4.464827e-06 -3.087227e-05 	 37
12.250000 	 -1.307794e-05 4.011365e-05 -4.995531e-05 	 3.153619e-05 6.919968e-05 6.466865e-05 	 1.845825e-05 1.093133e-04 1.471335e-05 	 1
12.750000 	 0.000000e+00 0.000000e+00 0.000000e+00 	 0.000000e+00 0.000000e+00 0.000000e+00 	 0.000000e+00 0.000000e+00 0.000000e+00 	 0
13.250000 	 -3.877640e-08 -8.966374e-09 -3.585252e-09 	 7.743523e-05 -6.576089e-05 -6.635861e-05 	 7.739646e-05 -6.576986e-05 -6.636220e-05 	 1
13.750000 	 0.000000e+00 0.000000e+00 0.000000e+00 	 0.000000e+00 0.000000e+00 0.000000e+00 	 0.000000e+00 0.000000e+00 0.000000e+00 	 0
14.250000 	 0.000000e+00 0.000000e+00 0.000000e+00 	 0.000000e+00 0.000000e+00 0.000000e+00 	 0.000000e+00 0.000000e+00 0.000000e+00 	 0
14.750000 	 0.000000e+00 0.000000e+00 0.000000e+00 	 0.000000e+00 0.000000e+00 0.000000e+00 	 0.000000e+00 0.000000e+00 0.000000e+00 	 0
