# 1  2-4    5-7    8-10   11     
# x  dirEF  recEF  sumEF  #Sample
0.250000 	 0.000000e+00 0.000000e+00 0.000000e+00 	 7.452095e-08 -4.710761e-08 -5.850789e-08 	 7.452095e-08 -4.710761e-08 -5.850789e-08 	 1
0.750000 	 0.000000e+00 0.000000e+00 0.000000e+00 	 0.000000e+00 0.000000e+00 0.000000e+00 	 0.000000e+00 0.000000e+00 0.000000e+00 	 0
1.250000 	 4.351602e-12 -6.150364e-13 4.438929e-13 	 -8.469705e-08 -8.460052e-08 5.808383e-08 	 -8.469270e-08 -8.460113e-08 5.808427e-08 	 1
1.750000 	 0.000000e+00 0.000000e+00 0.000000e+00 	 0.000000e+00 0.000000e+00 0.000000e+00 	 0.000000e+00 0.000000e+00 0.000000e+00 	 0
2.250000 	 0.000000e+00 0.000000e+00 0.000000e+00 	 0.000000e+00 0.000000e+00 0.000000e+00 	 0.000000e+00 0.000000e+00 0.000000e+00 	 0
2.750000 	 0.000000e+00 0.000000e+00 0.000000e+00 	 0.000000e+00 0.000000e+00 0.000000e+00 	 0.000000e+00 0.000000e+00 0.000000e+00 	 0
3.250000 	 2.242512e-06 3.513791e-06 -1.444066e-06 	 1.576059e-05 -1.458870e-05 7.028993e-06 	 1.800310e-05 -1.107491e-05 5.584926e-06 	 40
3.750000 	 -1.698032e-05 2.537216e-06 3.121562e-06 	 6.658573e-06 1.001207e-06 5.691156e-06 	 -1.032175e-05 3.538424e-06 8.812719e-06 	 571
4.250000 	 -1.868758e-06 -2.361022e-06 2.284121e-06 	 -5.820310e-06 -1.022784e-05 -3.184845e-06 	 -7.689069e-06 -1.258886e-05 -9.007243e-07 	 924
4.750000 	 3.122425e-05 -3.814672e-06 3.445872e-07 	 4.999599e-06 -3.392837e-06 -2.422644e-06 	 3.622384e-05 -7.207510e-06 -2.078057e-06 	 943
5.250000 	 2.799351e-05 8.090060e-06 -5.732892e-06 	 -1.094935e-05 7.625142e-06 -1.323305e-06 	 1.704416e-05 1.571520e-05 -7.056197e-06 	 912
5.750000 	 1.441067e-05 -3.651367e-06 3.876795e-07 	 -1.200060e-05 -4.427540e-06 -9.228871e-06 	 2.410070e-06 -8.078907e-06 -8.841192e-06 	 884
6.250000 	 -5.679569e-06 6.880384e-07 -1.787021e-06 	 -1.240129e-05 -3.527181e-07 -5.595192e-06 	 -1.808086e-05 3.353203e-07 -7.382213e-06 	 840
6.750000 	 -1.715912e-05 -3.676195e-06 -2.917470e-06 	 1.056257e-05 -4.546432e-06 2.702549e-06 	 -6.596558e-06 -8.222626e-06 -2.149209e-07 	 921
7.250000 	 -7.145685e-06 -6.182593e-06 3.362923e-06 	 -5.885954e-06 1.188736e-05 2.007787e-06 	 -1.303164e-05 5.704771e-06 5.370710e-06 	 891
7.750000 	 8.565541e-06 2.455924e-06 -3.536196e-06 	 3.120723e-06 -1.408078e-05 -5.896380e-06 	 1.168626e-05 -1.162485e-05 -9.432576e-06 	 885
8.250000 	 5.287465e-06 -3.261333e-06 3.744429e-06 	 1.831450e-07 -1.133726e-06 1.852610e-06 	 5.470610e-06 -4.395059e-06 5.597039e-06 	 905
8.750000 	 -3.148310e-06 -3.313567e-06 -5.611255e-06 	 -8.793013e-06 9.218467e-06 9.537601e-06 	 -1.194132e-05 5.904901e-06 3.926346e-06 	 900
9.250000 	 -5.231868e-06 -6.551322e-07 -3.446937e-06 	 4.722558e-06 2.451001e-06 6.031691e-06 	 -5.093107e-07 1.795869e-06 2.584754e-06 	 894
9.750000 	 -2.341016e-06 8.673073e-07 -3.283345e-08 	 -8.950428e-06 3.700540e-06 2.179897e-06 	 -1.129144e-05 4.567848e-06 2.147063e-06 	 888
10.250000 	 -7.061824e-06 -1.245077e-06 -2.634439e-06 	 -4.324833e-06 1.015155e-05 5.417063e-06 	 -1.138666e-05 8.906469e-06 2.782624e-06 	 891
10.750000 	 -2.231357e-07 -1.348076e-06 3.001264e-06 	 2.793817e-06 -1.023445e-05 1.021102e-07 	 2.570681e-06 -1.158253e-05 3.103374e-06 	 914
11.250000 	 5.232256e-06 3.220736e-06 -1.536161e-06 	 1.260239e-06 6.187556e-06 1.065309e-07 	 6.492496e-06 9.408292e-06 -1.429630e-06 	 576
11.750000 	 1.126815e-05 -8.356514e-06 8.062894e-06 	 -4.680842e-06 5.273478e-06 -1.276641e-05 	 6.587306e-06 -3.083036e-06 -4.703519e-06 	 43
12.250000 	 0.000000e+00 0.000000e+00 0.000000e+00 	 0.000000e+00 0.000000e+00 0.000000e+00 	 0.000000e+00 0.000000e+00 0.000000e+00 	 0
12.750000 	 0.000000e+00 0.000000e+00 0.000000e+00 	 0.000000e+00 0.000000e+00 0.000000e+00 	 0.000000e+00 0.000000e+00 0.000000e+00 	 0
13.250000 	 0.000000e+00 0.000000e+00 0.000000e+00 	 0.000000e+00 0.000000e+00 0.000000e+00 	 0.000000e+00 0.000000e+00 0.000000e+00 	 0
13.750000 	 0.000000e+00 0.000000e+00 0.000000e+00 	 0.000000e+00 0.000000e+00 0.000000e+00 	 0.000000e+00 0.000000e+00 0.000000e+00 	 0
14.250000 	 0.000000e+00 0.000000e+00 0.000000e+00 	 0.000000e+00 0.000000e+00 0.000000e+00 	 0.000000e+00 0.000000e+00 0.000000e+00 	 0
14.750000 	 0.000000e+00 0.000000e+00 0.000000e+00 	 0.000000e+00 0.000000e+00 0.000000e+00 	 0.000000e+00 0.000000e+00 0.000000e+00 	 0
