# 1  2-4    5-7    8-10   11     
# x  dirEF  recEF  sumEF  #Sample
0.250000 	 0.000000e+00 0.000000e+00 0.000000e+00 	 0.000000e+00 0.000000e+00 0.000000e+00 	 0.000000e+00 0.000000e+00 0.000000e+00 	 0
0.750000 	 0.000000e+00 0.000000e+00 0.000000e+00 	 0.000000e+00 0.000000e+00 0.000000e+00 	 0.000000e+00 0.000000e+00 0.000000e+00 	 0
1.250000 	 0.000000e+00 0.000000e+00 0.000000e+00 	 6.670127e-08 1.447690e-08 7.421425e-08 	 6.670127e-08 1.447690e-08 7.421425e-08 	 1
1.750000 	 0.000000e+00 0.000000e+00 0.000000e+00 	 0.000000e+00 0.000000e+00 0.000000e+00 	 0.000000e+00 0.000000e+00 0.000000e+00 	 0
2.250000 	 0.000000e+00 0.000000e+00 0.000000e+00 	 0.000000e+00 0.000000e+00 0.000000e+00 	 0.000000e+00 0.000000e+00 0.000000e+00 	 0
2.750000 	 0.000000e+00 0.000000e+00 0.000000e+00 	 0.000000e+00 0.000000e+00 0.000000e+00 	 0.000000e+00 0.000000e+00 0.000000e+00 	 0
3.250000 	 -1.272351e-06 -2.023622e-06 4.533396e-06 	 -6.774854e-06 7.327286e-06 7.132117e-06 	 -8.047205e-06 5.303664e-06 1.166551e-05 	 46
3.750000 	 4.496903e-06 2.871417e-06 9.804340e-07 	 3.336563e-06 3.032015e-06 9.716880e-06 	 7.833466e-06 5.903431e-06 1.069731e-05 	 571
4.250000 	 1.368762e-05 1.212693e-06 -2.306885e-06 	 3.552114e-06 -1.906599e-06 4.169102e-06 	 1.723973e-05 -6.939057e-07 1.862216e-06 	 916
4.750000 	 1.170898e-05 1.725923e-06 -4.666438e-07 	 -9.199350e-07 -4.548917e-08 -5.050552e-06 	 1.078904e-05 1.680434e-06 -5.517196e-06 	 876
5.250000 	 -2.704454e-06 -1.551556e-06 -6.479964e-06 	 7.954105e-06 -7.472435e-06 -3.312251e-06 	 5.249651e-06 -9.023992e-06 -9.792214e-06 	 887
5.750000 	 -6.738598e-06 -3.156369e-06 1.187406e-06 	 4.468172e-06 7.397507e-07 1.136845e-05 	 -2.270426e-06 -2.416618e-06 1.255585e-05 	 895
6.250000 	 -1.490534e-05 9.444688e-06 -1.298438e-06 	 6.517901e-08 -2.454914e-06 -1.139888e-06 	 -1.484016e-05 6.989774e-06 -2.438326e-06 	 927
6.750000 	 -9.299756e-06 -2.744015e-06 1.904155e-06 	 -4.310865e-06 1.122589e-05 -5.069870e-06 	 -1.361062e-05 8.481873e-06 -3.165714e-06 	 889
7.250000 	 1.179351e-05 -4.611297e-06 3.826121e-06 	 -8.196789e-06 -8.402314e-07 -3.710148e-06 	 3.596721e-06 -5.451528e-06 1.159738e-07 	 940
7.750000 	 2.312041e-05 4.101638e-06 7.798681e-08 	 1.613179e-05 -3.976406e-06 4.998134e-06 	 3.925219e-05 1.252318e-07 5.076121e-06 	 906
8.250000 	 2.127032e-05 -9.261896e-07 3.467312e-07 	 -3.299392e-06 -2.558346e-06 6.978938e-07 	 1.797093e-05 -3.484535e-06 1.044625e-06 	 877
8.750000 	 -2.946740e-06 7.003525e-06 3.831022e-06 	 -1.011086e-05 -1.386806e-08 -2.229185e-06 	 -1.305760e-05 6.989657e-06 1.601837e-06 	 859
9.250000 	 3.737312e-07 -1.014814e-05 -3.327071e-06 	 9.758715e-06 -1.369999e-06 -6.848059e-06 	 1.013245e-05 -1.151813e-05 -1.017513e-05 	 893
9.750000 	 -2.392471e-05 5.289506e-06 -6.210631e-07 	 -1.253132e-05 -1.418073e-06 6.625664e-06 	 -3.645602e-05 3.871433e-06 6.004601e-06 	 907
10.250000 	 -1.418161e-05 -1.167212e-07 -3.974524e-06 	 6.626513e-06 -8.051044e-06 8.496489e-06 	 -7.555100e-06 -8.167765e-06 4.521965e-06 	 929
10.750000 	 -4.675064e-06 2.737436e-06 -1.422876e-06 	 7.298926e-07 2.964839e-06 -2.090676e-06 	 -3.945171e-06 5.702275e-06 -3.513552e-06 	 920
11.250000 	 3.673426e-06 -4.432009e-06 4.701738e-06 	 8.600576e-07 -8.833068e-07 8.484764e-07 	 4.533484e-06 -5.315316e-06 5.550215e-06 	 545
11.750000 	 7.652163e-06 3.945279e-06 -1.061868e-05 	 1.618489e-05 -5.517112e-06 -9.096682e-06 	 2.383706e-05 -1.571833e-06 -1.971536e-05 	 40
12.250000 	 0.000000e+00 0.000000e+00 0.000000e+00 	 0.000000e+00 0.000000e+00 0.000000e+00 	 0.000000e+00 0.000000e+00 0.000000e+00 	 0
12.750000 	 0.000000e+00 0.000000e+00 0.000000e+00 	 0.000000e+00 0.000000e+00 0.000000e+00 	 0.000000e+00 0.000000e+00 0.000000e+00 	 0
13.250000 	 0.000000e+00 0.000000e+00 0.000000e+00 	 0.000000e+00 0.000000e+00 0.000000e+00 	 0.000000e+00 0.000000e+00 0.000000e+00 	 0
13.750000 	 0.000000e+00 0.000000e+00 0.000000e+00 	 0.000000e+00 0.000000e+00 0.000000e+00 	 0.000000e+00 0.000000e+00 0.000000e+00 	 0
14.250000 	 0.000000e+00 0.000000e+00 0.000000e+00 	 0.000000e+00 0.000000e+00 0.000000e+00 	 0.000000e+00 0.000000e+00 0.000000e+00 	 0
14.750000 	 0.000000e+00 0.000000e+00 0.000000e+00 	 0.000000e+00 0.000000e+00 0.000000e+00 	 0.000000e+00 0.000000e+00 0.000000e+00 	 0
