# 1  2-4    5-7    8-10   11     
# x  dirEF  recEF  sumEF  #Sample
0.250000 	 0.000000e+00 0.000000e+00 0.000000e+00 	 0.000000e+00 0.000000e+00 0.000000e+00 	 0.000000e+00 0.000000e+00 0.000000e+00 	 0
0.750000 	 0.000000e+00 0.000000e+00 0.000000e+00 	 0.000000e+00 0.000000e+00 0.000000e+00 	 0.000000e+00 0.000000e+00 0.000000e+00 	 0
1.250000 	 0.000000e+00 0.000000e+00 0.000000e+00 	 0.000000e+00 0.000000e+00 0.000000e+00 	 0.000000e+00 0.000000e+00 0.000000e+00 	 0
1.750000 	 0.000000e+00 0.000000e+00 0.000000e+00 	 0.000000e+00 0.000000e+00 0.000000e+00 	 0.000000e+00 0.000000e+00 0.000000e+00 	 0
2.250000 	 0.000000e+00 0.000000e+00 0.000000e+00 	 0.000000e+00 0.000000e+00 0.000000e+00 	 0.000000e+00 0.000000e+00 0.000000e+00 	 0
2.750000 	 -6.074973e-05 -2.999766e-05 -1.380934e-05 	 3.044346e-06 4.782707e-07 -1.627225e-06 	 -5.770539e-05 -2.951939e-05 -1.543656e-05 	 1
3.250000 	 -1.571982e-05 -9.263403e-07 6.758168e-06 	 -4.396812e-06 2.019070e-07 -1.490360e-07 	 -2.011663e-05 -7.244334e-07 6.609132e-06 	 41
3.750000 	 -6.612226e-06 -3.356752e-06 -6.294109e-06 	 1.082795e-06 7.590680e-07 -1.087868e-07 	 -5.529431e-06 -2.597684e-06 -6.402896e-06 	 577
4.250000 	 1.174657e-05 2.799327e-06 7.227606e-07 	 8.548602e-07 -9.952575e-07 -5.933909e-07 	 1.260143e-05 1.804070e-06 1.293697e-07 	 923
4.750000 	 1.785382e-05 -7.867045e-06 4.032189e-06 	 -3.641795e-06 -3.098916e-07 -3.864261e-07 	 1.421203e-05 -8.176937e-06 3.645763e-06 	 902
5.250000 	 9.314533e-06 -6.891432e-07 -2.683413e-06 	 1.649233e-06 6.213603e-07 -6.395921e-07 	 1.096377e-05 -6.778284e-08 -3.323005e-06 	 895
5.750000 	 2.804965e-06 -2.345073e-07 3.386806e-06 	 -1.151435e-05 -1.194523e-06 8.373484e-07 	 -8.709384e-06 -1.429030e-06 4.224155e-06 	 886
6.250000 	 -5.438151e-06 1.735866e-06 -1.350630e-06 	 9.526026e-06 -5.147408e-09 1.127766e-06 	 4.087875e-06 1.730718e-06 -2.228639e-07 	 889
6.750000 	 -1.977915e-06 -4.834432e-06 -6.269961e-06 	 -4.341066e-06 1.642299e-06 -1.033454e-06 	 -6.318981e-06 -3.192134e-06 -7.303414e-06 	 935
7.250000 	 1.300324e-05 -9.886422e-07 3.961455e-06 	 8.223500e-07 -3.394567e-06 9.035284e-07 	 1.382559e-05 -4.383209e-06 4.864983e-06 	 887
7.750000 	 2.117336e-06 -1.157015e-06 2.615675e-06 	 -3.222971e-07 2.603878e-06 9.688830e-07 	 1.795039e-06 1.446862e-06 3.584558e-06 	 875
8.250000 	 -6.077762e-06 3.819228e-07 -1.334231e-06 	 2.816787e-06 -1.407018e-06 4.885040e-07 	 -3.260975e-06 -1.025095e-06 -8.457269e-07 	 893
8.750000 	 -2.375453e-05 1.700787e-06 -4.031147e-07 	 1.077669e-06 2.913326e-07 2.074318e-06 	 -2.267686e-05 1.992119e-06 1.671203e-06 	 912
9.250000 	 -8.275767e-06 1.208651e-06 7.269735e-07 	 -5.034917e-07 3.511724e-07 3.017296e-07 	 -8.779259e-06 1.559823e-06 1.028703e-06 	 904
9.750000 	 1.332527e-05 2.633027e-06 -2.165904e-06 	 -4.909251e-06 -7.658045e-07 -6.036448e-07 	 8.416022e-06 1.867222e-06 -2.769549e-06 	 914
10.250000 	 1.512574e-05 -1.468180e-06 4.845436e-06 	 5.218277e-06 -2.131802e-06 -2.136193e-06 	 2.034402e-05 -3.599982e-06 2.709243e-06 	 928
10.750000 	 1.037923e-05 -1.448509e-06 -5.884063e-08 	 -2.110452e-07 1.440228e-06 1.631899e-06 	 1.016818e-05 -8.281694e-09 1.573058e-06 	 864
11.250000 	 4.307174e-06 9.182763e-07 -3.170571e-06 	 -5.243898e-06 1.691714e-06 -2.712601e-07 	 -9.367246e-07 2.609990e-06 -3.441831e-06 	 556
11.750000 	 -1.604707e-05 6.374304e-06 -5.760866e-06 	 5.122857e-06 5.061284e-06 -4.181301e-06 	 -1.092421e-05 1.143559e-05 -9.942166e-06 	 42
12.250000 	 0.000000e+00 0.000000e+00 0.000000e+00 	 0.000000e+00 0.000000e+00 0.000000e+00 	 0.000000e+00 0.000000e+00 0.000000e+00 	 0
12.750000 	 0.000000e+00 0.000000e+00 0.000000e+00 	 0.000000e+00 0.000000e+00 0.000000e+00 	 0.000000e+00 0.000000e+00 0.000000e+00 	 0
13.250000 	 0.000000e+00 0.000000e+00 0.000000e+00 	 0.000000e+00 0.000000e+00 0.000000e+00 	 0.000000e+00 0.000000e+00 0.000000e+00 	 0
13.750000 	 0.000000e+00 0.000000e+00 0.000000e+00 	 0.000000e+00 0.000000e+00 0.000000e+00 	 0.000000e+00 0.000000e+00 0.000000e+00 	 0
14.250000 	 0.000000e+00 0.000000e+00 0.000000e+00 	 0.000000e+00 0.000000e+00 0.000000e+00 	 0.000000e+00 0.000000e+00 0.000000e+00 	 0
14.750000 	 0.000000e+00 0.000000e+00 0.000000e+00 	 0.000000e+00 0.000000e+00 0.000000e+00 	 0.000000e+00 0.000000e+00 0.000000e+00 	 0
