# 1  2-4    5-7    8-10   11     
# x  dirEF  recEF  sumEF  #Sample
0.250000 	 0.000000e+00 0.000000e+00 0.000000e+00 	 0.000000e+00 0.000000e+00 0.000000e+00 	 0.000000e+00 0.000000e+00 0.000000e+00 	 0
0.750000 	 0.000000e+00 0.000000e+00 0.000000e+00 	 0.000000e+00 0.000000e+00 0.000000e+00 	 0.000000e+00 0.000000e+00 0.000000e+00 	 0
1.250000 	 0.000000e+00 0.000000e+00 0.000000e+00 	 0.000000e+00 0.000000e+00 0.000000e+00 	 0.000000e+00 0.000000e+00 0.000000e+00 	 0
1.750000 	 0.000000e+00 0.000000e+00 0.000000e+00 	 0.000000e+00 0.000000e+00 0.000000e+00 	 0.000000e+00 0.000000e+00 0.000000e+00 	 0
2.250000 	 0.000000e+00 0.000000e+00 0.000000e+00 	 0.000000e+00 0.000000e+00 0.000000e+00 	 0.000000e+00 0.000000e+00 0.000000e+00 	 0
2.750000 	 0.000000e+00 0.000000e+00 0.000000e+00 	 0.000000e+00 0.000000e+00 0.000000e+00 	 0.000000e+00 0.000000e+00 0.000000e+00 	 0
3.250000 	 -1.175376e-06 3.476547e-06 -4.952568e-08 	 -3.706081e-06 -3.623559e-07 -2.575061e-06 	 -4.881456e-06 3.114191e-06 -2.624587e-06 	 41
3.750000 	 1.185636e-06 1.861803e-06 3.782741e-06 	 -7.259705e-07 -1.340779e-06 6.777047e-06 	 4.596652e-07 5.210235e-07 1.055979e-05 	 559
4.250000 	 -2.935129e-06 -2.750903e-06 -1.483752e-06 	 -3.760937e-06 -6.121967e-06 -1.178430e-06 	 -6.696066e-06 -8.872870e-06 -2.662182e-06 	 859
4.750000 	 -1.818282e-06 4.956958e-06 2.430370e-06 	 3.859625e-06 -1.943380e-08 -1.574476e-05 	 2.041343e-06 4.937524e-06 -1.331439e-05 	 897
5.250000 	 -2.382438e-05 6.021969e-06 -3.704878e-06 	 -2.504381e-06 2.342733e-06 -3.773665e-06 	 -2.632876e-05 8.364702e-06 -7.478543e-06 	 942
5.750000 	 -8.595155e-07 -5.233853e-07 7.554387e-07 	 7.422180e-07 -1.411045e-05 7.212637e-06 	 -1.172975e-07 -1.463384e-05 7.968076e-06 	 918
6.250000 	 5.392489e-06 3.756344e-06 -7.362367e-07 	 -6.429542e-06 5.952253e-06 -2.374293e-06 	 -1.037053e-06 9.708597e-06 -3.110530e-06 	 938
6.750000 	 5.992829e-06 6.641624e-07 -2.492897e-06 	 1.671331e-06 -1.106184e-05 -2.230234e-06 	 7.664160e-06 -1.039768e-05 -4.723131e-06 	 896
7.250000 	 1.820387e-05 -3.783538e-06 -3.051328e-06 	 3.542332e-06 -1.944642e-06 5.394552e-06 	 2.174620e-05 -5.728181e-06 2.343224e-06 	 916
7.750000 	 2.512559e-05 2.193830e-06 -1.894605e-06 	 6.139557e-06 -1.957441e-06 8.377925e-07 	 3.126515e-05 2.363890e-07 -1.056812e-06 	 909
8.250000 	 1.868595e-05 -2.459756e-06 7.980362e-06 	 -7.081703e-06 3.426257e-06 1.008071e-06 	 1.160424e-05 9.665011e-07 8.988433e-06 	 863
8.750000 	 1.041622e-06 8.060024e-07 1.349480e-06 	 1.151156e-07 -2.803935e-06 7.174382e-07 	 1.156737e-06 -1.997933e-06 2.066918e-06 	 907
9.250000 	 -3.260501e-05 1.536986e-08 -1.344109e-06 	 -1.053834e-05 -1.011730e-05 1.950834e-06 	 -4.314335e-05 -1.010193e-05 6.067257e-07 	 908
9.750000 	 -9.011168e-06 -4.228820e-07 -4.403120e-06 	 -3.438730e-06 7.372564e-06 -5.991563e-07 	 -1.244990e-05 6.949682e-06 -5.002276e-06 	 872
10.250000 	 6.510006e-07 2.794151e-08 -2.692167e-07 	 -1.043770e-05 -6.585157e-06 3.363668e-06 	 -9.786701e-06 -6.557216e-06 3.094451e-06 	 954
10.750000 	 1.349760e-06 -4.033931e-07 -1.654614e-06 	 1.668201e-07 -2.480934e-06 -1.957413e-06 	 1.516580e-06 -2.884327e-06 -3.612028e-06 	 870
11.250000 	 3.869171e-06 2.032790e-06 -6.616431e-07 	 1.135220e-05 -9.602882e-07 -1.385692e-06 	 1.522137e-05 1.072502e-06 -2.047335e-06 	 538
11.750000 	 1.182894e-05 -4.903866e-06 1.675724e-05 	 -1.425883e-05 5.503209e-06 -6.255274e-06 	 -2.429888e-06 5.993430e-07 1.050196e-05 	 37
12.250000 	 0.000000e+00 0.000000e+00 0.000000e+00 	 0.000000e+00 0.000000e+00 0.000000e+00 	 0.000000e+00 0.000000e+00 0.000000e+00 	 0
12.750000 	 0.000000e+00 0.000000e+00 0.000000e+00 	 0.000000e+00 0.000000e+00 0.000000e+00 	 0.000000e+00 0.000000e+00 0.000000e+00 	 0
13.250000 	 0.000000e+00 0.000000e+00 0.000000e+00 	 0.000000e+00 0.000000e+00 0.000000e+00 	 0.000000e+00 0.000000e+00 0.000000e+00 	 0
13.750000 	 0.000000e+00 0.000000e+00 0.000000e+00 	 0.000000e+00 0.000000e+00 0.000000e+00 	 0.000000e+00 0.000000e+00 0.000000e+00 	 0
14.250000 	 0.000000e+00 0.000000e+00 0.000000e+00 	 0.000000e+00 0.000000e+00 0.000000e+00 	 0.000000e+00 0.000000e+00 0.000000e+00 	 0
14.750000 	 0.000000e+00 0.000000e+00 0.000000e+00 	 0.000000e+00 0.000000e+00 0.000000e+00 	 0.000000e+00 0.000000e+00 0.000000e+00 	 0
