# 1  2-4    5-7    8-10   11     
# x  dirEF  recEF  sumEF  #Sample
0.250000 	 0.000000e+00 0.000000e+00 0.000000e+00 	 0.000000e+00 0.000000e+00 0.000000e+00 	 0.000000e+00 0.000000e+00 0.000000e+00 	 0
0.750000 	 0.000000e+00 0.000000e+00 0.000000e+00 	 0.000000e+00 0.000000e+00 0.000000e+00 	 0.000000e+00 0.000000e+00 0.000000e+00 	 0
1.250000 	 0.000000e+00 0.000000e+00 0.000000e+00 	 0.000000e+00 0.000000e+00 0.000000e+00 	 0.000000e+00 0.000000e+00 0.000000e+00 	 0
1.750000 	 7.639286e-10 9.982787e-11 -2.858840e-11 	 1.436258e-06 8.876419e-07 -1.528939e-06 	 1.437022e-06 8.877417e-07 -1.528967e-06 	 1
2.250000 	 0.000000e+00 0.000000e+00 0.000000e+00 	 0.000000e+00 0.000000e+00 0.000000e+00 	 0.000000e+00 0.000000e+00 0.000000e+00 	 0
2.750000 	 0.000000e+00 0.000000e+00 0.000000e+00 	 0.000000e+00 0.000000e+00 0.000000e+00 	 0.000000e+00 0.000000e+00 0.000000e+00 	 0
3.250000 	 -1.514162e-05 6.354238e-06 -2.462057e-05 	 6.200804e-06 4.403829e-06 1.090723e-05 	 -8.940820e-06 1.075807e-05 -1.371334e-05 	 38
3.750000 	 -3.360437e-06 1.547042e-06 4.627171e-07 	 8.146489e-07 9.993699e-08 -1.744436e-06 	 -2.545788e-06 1.646979e-06 -1.281719e-06 	 517
4.250000 	 -1.987376e-05 -3.144494e-06 4.392079e-06 	 -6.155506e-06 5.304789e-07 1.233823e-06 	 -2.602927e-05 -2.614015e-06 5.625902e-06 	 945
4.750000 	 -1.344242e-05 3.693994e-06 -3.298210e-06 	 5.742046e-06 2.352248e-06 -5.549063e-07 	 -7.700373e-06 6.046243e-06 -3.853116e-06 	 874
5.250000 	 -1.586362e-06 -2.252119e-06 -1.304215e-06 	 -2.819143e-06 -8.243986e-07 1.633815e-06 	 -4.405505e-06 -3.076517e-06 3.296005e-07 	 933
5.750000 	 1.676491e-05 2.751008e-06 1.197568e-07 	 2.506709e-06 4.839935e-07 1.102764e-06 	 1.927162e-05 3.235002e-06 1.222521e-06 	 933
6.250000 	 2.203120e-05 -1.661492e-06 -1.566236e-06 	 -6.464708e-06 1.103003e-06 1.580790e-07 	 1.556649e-05 -5.584890e-07 -1.408157e-06 	 900
6.750000 	 3.264433e-06 5.241376e-07 -2.218714e-06 	 8.193251e-06 -3.124398e-06 1.160819e-06 	 1.145768e-05 -2.600260e-06 -1.057895e-06 	 890
7.250000 	 -1.382881e-05 -2.035138e-06 1.227127e-06 	 -1.919705e-06 1.252247e-06 -2.012515e-06 	 -1.574851e-05 -7.828906e-07 -7.853879e-07 	 879
7.750000 	 -1.893453e-05 4.005516e-06 -1.599774e-06 	 -2.644899e-06 -1.153795e-06 -1.669470e-06 	 -2.157943e-05 2.851722e-06 -3.269244e-06 	 878
8.250000 	 -1.006749e-05 -6.081026e-06 -4.953255e-06 	 1.920484e-06 1.431047e-06 4.016919e-06 	 -8.147001e-06 -4.649979e-06 -9.363355e-07 	 943
8.750000 	 2.571749e-05 -8.607416e-07 -8.408871e-09 	 -2.176197e-06 1.053491e-06 -1.065025e-06 	 2.354130e-05 1.927494e-07 -1.073434e-06 	 906
9.250000 	 3.682397e-05 6.128117e-06 -3.976844e-06 	 5.744626e-06 7.023645e-07 3.273491e-06 	 4.256859e-05 6.830481e-06 -7.033531e-07 	 918
9.750000 	 7.225670e-06 1.460746e-06 1.866681e-06 	 -7.198764e-06 7.428274e-07 -2.804850e-06 	 2.690660e-08 2.203574e-06 -9.381692e-07 	 909
10.250000 	 -2.150164e-06 1.304440e-06 1.880945e-06 	 2.062077e-07 -4.817888e-07 1.649404e-06 	 -1.943957e-06 8.226516e-07 3.530349e-06 	 842
10.750000 	 -1.671538e-05 -2.238505e-06 7.612415e-06 	 1.572068e-06 -1.059206e-06 -2.112839e-06 	 -1.514331e-05 -3.297711e-06 5.499576e-06 	 950
11.250000 	 -7.266274e-06 -1.094110e-05 -2.910985e-06 	 -1.484459e-06 2.881816e-06 2.630982e-06 	 -8.750734e-06 -8.059288e-06 -2.800030e-07 	 535
11.750000 	 -5.015635e-06 -2.524048e-05 1.490252e-05 	 1.608867e-06 5.269599e-07 2.366537e-06 	 -3.406768e-06 -2.471352e-05 1.726905e-05 	 32
12.250000 	 0.000000e+00 0.000000e+00 0.000000e+00 	 0.000000e+00 0.000000e+00 0.000000e+00 	 0.000000e+00 0.000000e+00 0.000000e+00 	 0
12.750000 	 0.000000e+00 0.000000e+00 0.000000e+00 	 0.000000e+00 0.000000e+00 0.000000e+00 	 0.000000e+00 0.000000e+00 0.000000e+00 	 0
13.250000 	 0.000000e+00 0.000000e+00 0.000000e+00 	 0.000000e+00 0.000000e+00 0.000000e+00 	 0.000000e+00 0.000000e+00 0.000000e+00 	 0
13.750000 	 0.000000e+00 0.000000e+00 0.000000e+00 	 0.000000e+00 0.000000e+00 0.000000e+00 	 0.000000e+00 0.000000e+00 0.000000e+00 	 0
14.250000 	 0.000000e+00 0.000000e+00 0.000000e+00 	 0.000000e+00 0.000000e+00 0.000000e+00 	 0.000000e+00 0.000000e+00 0.000000e+00 	 0
14.750000 	 0.000000e+00 0.000000e+00 0.000000e+00 	 4.648589e-07 4.132737e-07 1.362832e-06 	 4.648589e-07 4.132737e-07 1.362832e-06 	 1
