# 1  2-4    5-7    8-10   11     
# x  dirEF  recEF  sumEF  #Sample
0.250000 	 0.000000e+00 0.000000e+00 0.000000e+00 	 0.000000e+00 0.000000e+00 0.000000e+00 	 0.000000e+00 0.000000e+00 0.000000e+00 	 0
0.750000 	 0.000000e+00 0.000000e+00 0.000000e+00 	 0.000000e+00 0.000000e+00 0.000000e+00 	 0.000000e+00 0.000000e+00 0.000000e+00 	 0
1.250000 	 0.000000e+00 0.000000e+00 0.000000e+00 	 0.000000e+00 0.000000e+00 0.000000e+00 	 0.000000e+00 0.000000e+00 0.000000e+00 	 0
1.750000 	 0.000000e+00 0.000000e+00 0.000000e+00 	 0.000000e+00 0.000000e+00 0.000000e+00 	 0.000000e+00 0.000000e+00 0.000000e+00 	 0
2.250000 	 0.000000e+00 0.000000e+00 0.000000e+00 	 0.000000e+00 0.000000e+00 0.000000e+00 	 0.000000e+00 0.000000e+00 0.000000e+00 	 0
2.750000 	 0.000000e+00 0.000000e+00 0.000000e+00 	 0.000000e+00 0.000000e+00 0.000000e+00 	 0.000000e+00 0.000000e+00 0.000000e+00 	 0
3.250000 	 -2.597791e-07 1.310110e-06 5.859829e-06 	 9.544772e-06 5.045579e-07 -6.885175e-06 	 9.284993e-06 1.814668e-06 -1.025346e-06 	 36
3.750000 	 -1.650082e-06 4.193985e-06 4.414078e-07 	 -2.563105e-06 1.149831e-06 -7.190248e-07 	 -4.213186e-06 5.343817e-06 -2.776170e-07 	 544
4.250000 	 3.113340e-06 1.618942e-06 6.107160e-07 	 -2.946660e-06 -1.158328e-06 9.312629e-07 	 1.666799e-07 4.606135e-07 1.541979e-06 	 886
4.750000 	 -8.960086e-06 1.405905e-06 -3.074350e-06 	 2.462978e-06 2.516608e-06 4.529298e-07 	 -6.497109e-06 3.922513e-06 -2.621420e-06 	 943
5.250000 	 -6.700907e-06 -4.659329e-06 3.116394e-06 	 1.936553e-06 1.526762e-08 -3.710859e-06 	 -4.764354e-06 -4.644061e-06 -5.944651e-07 	 878
5.750000 	 -1.029610e-05 -4.333949e-06 5.444250e-06 	 -9.026309e-06 2.651963e-06 9.407622e-09 	 -1.932241e-05 -1.681986e-06 5.453658e-06 	 889
6.250000 	 1.269049e-05 3.661748e-06 -1.794949e-06 	 1.099202e-05 1.671413e-06 -5.757149e-07 	 2.368251e-05 5.333161e-06 -2.370664e-06 	 920
6.750000 	 1.259759e-05 3.321687e-06 -1.780699e-07 	 -9.352079e-06 -2.749227e-07 -2.159340e-06 	 3.245514e-06 3.046764e-06 -2.337410e-06 	 894
7.250000 	 1.415577e-05 -1.364452e-06 -1.585338e-06 	 7.936919e-06 -3.103331e-06 2.535448e-06 	 2.209269e-05 -4.467783e-06 9.501105e-07 	 857
7.750000 	 -2.830125e-06 -4.467708e-06 7.525383e-07 	 -3.503170e-08 -3.320014e-07 3.405336e-06 	 -2.865157e-06 -4.799710e-06 4.157875e-06 	 877
8.250000 	 -1.798133e-05 1.454567e-06 -2.023601e-06 	 1.322570e-06 1.437165e-06 -4.526646e-09 	 -1.665876e-05 2.891732e-06 -2.028127e-06 	 861
8.750000 	 -1.591909e-05 -2.387225e-06 2.179111e-06 	 -6.008218e-06 -2.781431e-07 5.494512e-07 	 -2.192731e-05 -2.665368e-06 2.728562e-06 	 937
9.250000 	 -1.603009e-05 3.828153e-07 5.525828e-09 	 5.213277e-06 -4.496575e-07 9.614374e-07 	 -1.081682e-05 -6.684222e-08 9.669633e-07 	 942
9.750000 	 -9.906013e-06 8.841030e-07 -2.241712e-06 	 -7.919958e-07 -1.271338e-06 -2.515315e-06 	 -1.069801e-05 -3.872352e-07 -4.757028e-06 	 913
10.250000 	 7.357180e-06 1.793911e-06 3.578124e-07 	 -5.100743e-07 -3.008107e-06 -1.943862e-07 	 6.847106e-06 -1.214196e-06 1.634262e-07 	 929
10.750000 	 8.989843e-06 -4.646135e-06 3.823893e-06 	 -4.104123e-07 1.037214e-06 8.437687e-07 	 8.579431e-06 -3.608921e-06 4.667662e-06 	 919
11.250000 	 4.117203e-06 4.332899e-06 -2.751174e-06 	 1.516481e-07 -1.142571e-07 -8.039846e-07 	 4.268851e-06 4.218642e-06 -3.555158e-06 	 564
11.750000 	 -6.454439e-06 2.352647e-05 2.369376e-05 	 4.035889e-07 -7.524941e-06 -2.574132e-06 	 -6.050850e-06 1.600153e-05 2.111963e-05 	 35
12.250000 	 0.000000e+00 0.000000e+00 0.000000e+00 	 0.000000e+00 0.000000e+00 0.000000e+00 	 0.000000e+00 0.000000e+00 0.000000e+00 	 0
12.750000 	 0.000000e+00 0.000000e+00 0.000000e+00 	 0.000000e+00 0.000000e+00 0.000000e+00 	 0.000000e+00 0.000000e+00 0.000000e+00 	 0
13.250000 	 0.000000e+00 0.000000e+00 0.000000e+00 	 0.000000e+00 0.000000e+00 0.000000e+00 	 0.000000e+00 0.000000e+00 0.000000e+00 	 0
13.750000 	 0.000000e+00 0.000000e+00 0.000000e+00 	 0.000000e+00 0.000000e+00 0.000000e+00 	 0.000000e+00 0.000000e+00 0.000000e+00 	 0
14.250000 	 0.000000e+00 0.000000e+00 0.000000e+00 	 0.000000e+00 0.000000e+00 0.000000e+00 	 0.000000e+00 0.000000e+00 0.000000e+00 	 0
14.750000 	 0.000000e+00 0.000000e+00 0.000000e+00 	 0.000000e+00 0.000000e+00 0.000000e+00 	 0.000000e+00 0.000000e+00 0.000000e+00 	 0
