# 1  2-4    5-7    8-10   11     
# x  dirEF  recEF  sumEF  #Sample
0.250000 	 0.000000e+00 0.000000e+00 0.000000e+00 	 0.000000e+00 0.000000e+00 0.000000e+00 	 0.000000e+00 0.000000e+00 0.000000e+00 	 0
0.750000 	 0.000000e+00 0.000000e+00 0.000000e+00 	 0.000000e+00 0.000000e+00 0.000000e+00 	 0.000000e+00 0.000000e+00 0.000000e+00 	 0
1.250000 	 0.000000e+00 0.000000e+00 0.000000e+00 	 0.000000e+00 0.000000e+00 0.000000e+00 	 0.000000e+00 0.000000e+00 0.000000e+00 	 0
1.750000 	 0.000000e+00 0.000000e+00 0.000000e+00 	 0.000000e+00 0.000000e+00 0.000000e+00 	 0.000000e+00 0.000000e+00 0.000000e+00 	 0
2.250000 	 1.228208e-06 4.340982e-07 2.454799e-07 	 1.679541e-06 1.943328e-06 -2.537844e-07 	 2.907749e-06 2.377426e-06 -8.304443e-09 	 1
2.750000 	 0.000000e+00 0.000000e+00 0.000000e+00 	 0.000000e+00 0.000000e+00 0.000000e+00 	 0.000000e+00 0.000000e+00 0.000000e+00 	 0
3.250000 	 -2.794452e-05 1.512745e-05 -6.428282e-06 	 9.142675e-06 -4.553601e-07 2.080045e-06 	 -1.880185e-05 1.467209e-05 -4.348237e-06 	 36
3.750000 	 -2.471463e-05 -6.569462e-06 -3.067492e-08 	 -1.792458e-07 1.784930e-06 -2.044093e-06 	 -2.489387e-05 -4.784533e-06 -2.074768e-06 	 600
4.250000 	 3.576203e-07 5.904271e-07 -9.024400e-07 	 5.078425e-06 8.855987e-07 -1.083408e-06 	 5.436046e-06 1.476026e-06 -1.985848e-06 	 931
4.750000 	 2.217237e-05 -2.955220e-06 -6.699267e-06 	 -4.768955e-06 -2.358133e-06 1.109270e-06 	 1.740342e-05 -5.313353e-06 -5.589997e-06 	 968
5.250000 	 2.421136e-05 5.361204e-06 1.894007e-06 	 6.390333e-06 1.157540e-08 7.001833e-07 	 3.060169e-05 5.372779e-06 2.594190e-06 	 912
5.750000 	 1.808406e-05 -5.370664e-06 4.878011e-07 	 2.946884e-08 -1.313333e-06 2.752232e-08 	 1.811353e-05 -6.683997e-06 5.153234e-07 	 934
6.250000 	 8.797527e-06 5.781384e-07 7.882211e-06 	 -7.145286e-06 1.829983e-06 1.822337e-06 	 1.652242e-06 2.408121e-06 9.704548e-06 	 852
6.750000 	 7.537150e-06 4.589095e-07 4.844235e-06 	 4.334321e-06 -2.757997e-06 -3.065233e-06 	 1.187147e-05 -2.299088e-06 1.779002e-06 	 885
7.250000 	 8.130593e-06 1.970547e-07 -2.983029e-06 	 2.451307e-06 1.599558e-06 1.162090e-06 	 1.058190e-05 1.796612e-06 -1.820940e-06 	 901
7.750000 	 9.271903e-06 -1.148721e-06 -1.795108e-06 	 -4.742903e-06 -2.954353e-06 1.255588e-06 	 4.529000e-06 -4.103074e-06 -5.395200e-07 	 866
8.250000 	 -4.421825e-06 4.603879e-07 4.172381e-06 	 1.807855e-06 2.315840e-06 -3.780300e-06 	 -2.613970e-06 2.776228e-06 3.920809e-07 	 846
8.750000 	 -1.055015e-05 -3.764343e-07 4.820552e-06 	 3.146151e-06 -1.547664e-06 2.106780e-06 	 -7.404004e-06 -1.924098e-06 6.927332e-06 	 899
9.250000 	 -6.672238e-06 2.881732e-06 -3.602428e-06 	 -1.762658e-06 -2.434133e-06 -2.838581e-06 	 -8.434896e-06 4.475992e-07 -6.441009e-06 	 909
9.750000 	 -1.841915e-06 -4.723792e-06 -3.005493e-06 	 2.909356e-06 8.340218e-07 9.060602e-07 	 1.067442e-06 -3.889770e-06 -2.099433e-06 	 868
10.250000 	 -2.630723e-06 1.266742e-06 2.247446e-06 	 -2.197772e-07 -1.231393e-06 -2.761223e-07 	 -2.850501e-06 3.534899e-08 1.971324e-06 	 906
10.750000 	 -2.933093e-06 2.285122e-06 -6.301227e-06 	 2.444637e-06 -1.880061e-06 -2.445244e-07 	 -4.884561e-07 4.050608e-07 -6.545752e-06 	 911
11.250000 	 -6.185020e-06 -2.035525e-06 -2.614787e-06 	 -2.367822e-06 -1.195439e-06 1.209780e-06 	 -8.552842e-06 -3.230964e-06 -1.405007e-06 	 560
11.750000 	 -5.624102e-06 1.492979e-05 1.313358e-05 	 5.301072e-06 1.098374e-06 -9.990275e-07 	 -3.230299e-07 1.602817e-05 1.213455e-05 	 37
12.250000 	 0.000000e+00 0.000000e+00 0.000000e+00 	 0.000000e+00 0.000000e+00 0.000000e+00 	 0.000000e+00 0.000000e+00 0.000000e+00 	 0
12.750000 	 0.000000e+00 0.000000e+00 0.000000e+00 	 0.000000e+00 0.000000e+00 0.000000e+00 	 0.000000e+00 0.000000e+00 0.000000e+00 	 0
13.250000 	 0.000000e+00 0.000000e+00 0.000000e+00 	 0.000000e+00 0.000000e+00 0.000000e+00 	 0.000000e+00 0.000000e+00 0.000000e+00 	 0
13.750000 	 0.000000e+00 0.000000e+00 0.000000e+00 	 0.000000e+00 0.000000e+00 0.000000e+00 	 0.000000e+00 0.000000e+00 0.000000e+00 	 0
14.250000 	 0.000000e+00 0.000000e+00 0.000000e+00 	 1.253897e-06 -3.380427e-07 1.611306e-06 	 1.253897e-06 -3.380427e-07 1.611306e-06 	 1
14.750000 	 -1.490526e-10 -2.700876e-10 -1.322887e-10 	 1.684808e-06 -1.555623e-06 1.605638e-06 	 1.684659e-06 -1.555893e-06 1.605505e-06 	 1
