# 1  2-4    5-7    8-10   11     
# x  dirEF  recEF  sumEF  #Sample
0.250000 	 0.000000e+00 0.000000e+00 0.000000e+00 	 0.000000e+00 0.000000e+00 0.000000e+00 	 0.000000e+00 0.000000e+00 0.000000e+00 	 0
0.750000 	 0.000000e+00 0.000000e+00 0.000000e+00 	 0.000000e+00 0.000000e+00 0.000000e+00 	 0.000000e+00 0.000000e+00 0.000000e+00 	 0
1.250000 	 0.000000e+00 0.000000e+00 0.000000e+00 	 0.000000e+00 0.000000e+00 0.000000e+00 	 0.000000e+00 0.000000e+00 0.000000e+00 	 0
1.750000 	 0.000000e+00 0.000000e+00 0.000000e+00 	 0.000000e+00 0.000000e+00 0.000000e+00 	 0.000000e+00 0.000000e+00 0.000000e+00 	 0
2.250000 	 0.000000e+00 0.000000e+00 0.000000e+00 	 0.000000e+00 0.000000e+00 0.000000e+00 	 0.000000e+00 0.000000e+00 0.000000e+00 	 0
2.750000 	 0.000000e+00 0.000000e+00 0.000000e+00 	 0.000000e+00 0.000000e+00 0.000000e+00 	 0.000000e+00 0.000000e+00 0.000000e+00 	 0
3.250000 	 -5.826058e-06 -1.565328e-05 2.995752e-06 	 -1.439240e-05 1.741281e-06 4.752350e-06 	 -2.021845e-05 -1.391200e-05 7.748102e-06 	 46
3.750000 	 1.118855e-05 -1.324496e-06 -1.427776e-06 	 8.943018e-06 -2.730101e-08 -1.179259e-07 	 2.013157e-05 -1.351797e-06 -1.545702e-06 	 595
4.250000 	 8.359303e-06 2.817260e-06 -7.596222e-07 	 -3.728277e-06 5.907927e-07 -1.388717e-06 	 4.631026e-06 3.408052e-06 -2.148339e-06 	 908
4.750000 	 7.170045e-06 -9.173105e-07 -5.899107e-06 	 3.123626e-08 -1.244018e-06 -6.270292e-06 	 7.201282e-06 -2.161329e-06 -1.216940e-05 	 889
5.250000 	 -2.255946e-06 -5.607956e-07 1.840765e-06 	 3.875503e-06 -2.255543e-07 1.333764e-06 	 1.619557e-06 -7.863499e-07 3.174529e-06 	 847
5.750000 	 -1.481958e-05 2.595552e-06 -2.696185e-07 	 2.852030e-06 2.621542e-08 9.817696e-07 	 -1.196755e-05 2.621768e-06 7.121512e-07 	 996
6.250000 	 -1.550315e-05 3.337223e-06 2.780309e-06 	 -8.542317e-07 3.966695e-07 2.297199e-06 	 -1.635738e-05 3.733892e-06 5.077508e-06 	 849
6.750000 	 1.020074e-05 -3.517695e-07 -2.741166e-07 	 -3.023766e-06 -2.185084e-06 -2.872270e-06 	 7.176977e-06 -2.536854e-06 -3.146387e-06 	 922
7.250000 	 3.791706e-08 2.095140e-06 1.045098e-07 	 -1.039228e-05 9.254875e-07 4.410521e-06 	 -1.035436e-05 3.020628e-06 4.515030e-06 	 923
7.750000 	 3.059170e-06 -1.071378e-05 -5.903863e-06 	 1.207603e-05 2.751378e-06 -8.880901e-07 	 1.513520e-05 -7.962402e-06 -6.791954e-06 	 917
8.250000 	 1.862979e-05 -3.301463e-06 2.610969e-06 	 -7.227295e-06 -2.016158e-06 -9.324710e-07 	 1.140250e-05 -5.317622e-06 1.678498e-06 	 931
8.750000 	 4.497587e-06 2.418019e-06 -3.853399e-06 	 -5.706353e-06 1.324996e-06 3.344028e-07 	 -1.208766e-06 3.743015e-06 -3.518996e-06 	 885
9.250000 	 5.007080e-06 1.379043e-06 -6.038875e-07 	 5.267967e-06 -6.426825e-07 8.751499e-07 	 1.027505e-05 7.363604e-07 2.712623e-07 	 887
9.750000 	 1.023626e-05 -8.915180e-07 -7.928922e-06 	 -1.917218e-06 2.734128e-07 7.369471e-08 	 8.319044e-06 -6.181052e-07 -7.855227e-06 	 888
10.250000 	 1.107018e-05 4.089070e-06 5.501942e-06 	 -2.315017e-06 -8.757812e-07 -2.478304e-06 	 8.755164e-06 3.213289e-06 3.023638e-06 	 929
10.750000 	 -2.682846e-06 -2.398952e-06 9.383092e-07 	 2.053397e-06 -3.207738e-06 4.790440e-06 	 -6.294493e-07 -5.606690e-06 5.728749e-06 	 867
11.250000 	 -5.666754e-06 -1.979371e-06 -2.695691e-06 	 -2.540940e-06 8.176058e-07 -1.028172e-06 	 -8.207694e-06 -1.161765e-06 -3.723863e-06 	 502
11.750000 	 -1.680958e-05 6.623135e-06 1.644619e-05 	 5.907115e-06 -2.217344e-06 4.146138e-06 	 -1.090246e-05 4.405791e-06 2.059232e-05 	 41
12.250000 	 0.000000e+00 0.000000e+00 0.000000e+00 	 0.000000e+00 0.000000e+00 0.000000e+00 	 0.000000e+00 0.000000e+00 0.000000e+00 	 0
12.750000 	 0.000000e+00 0.000000e+00 0.000000e+00 	 0.000000e+00 0.000000e+00 0.000000e+00 	 0.000000e+00 0.000000e+00 0.000000e+00 	 0
13.250000 	 -1.167273e-06 1.019189e-07 1.503717e-08 	 -4.947468e-08 1.817330e-09 5.017117e-10 	 -1.216747e-06 1.037363e-07 1.553888e-08 	 1
13.750000 	 0.000000e+00 0.000000e+00 0.000000e+00 	 0.000000e+00 0.000000e+00 0.000000e+00 	 0.000000e+00 0.000000e+00 0.000000e+00 	 0
14.250000 	 -2.300425e-08 7.821446e-07 1.292672e-06 	 -5.477254e-10 -1.374473e-09 8.366869e-09 	 -2.355198e-08 7.807701e-07 1.301039e-06 	 1
14.750000 	 0.000000e+00 0.000000e+00 0.000000e+00 	 0.000000e+00 0.000000e+00 0.000000e+00 	 0.000000e+00 0.000000e+00 0.000000e+00 	 0
