# 1  2-4    5-7    8-10   11     
# x  sumEF  dirEF  recEF  #Sample
0.250000 	 1.522267e-06 -5.252803e-08 1.135784e-06 	 1.514424e-06 -5.135645e-08 1.133411e-06 	 7.843233e-09 -1.171580e-09 2.373148e-09 	 6
0.750000 	 7.522850e-09 -4.103356e-08 -3.186738e-08 	 7.350707e-09 -8.062497e-09 3.155536e-09 	 1.721431e-10 -3.297105e-08 -3.502291e-08 	 7
1.250000 	 2.593392e-08 -1.959367e-08 2.867675e-09 	 2.513363e-08 -1.953410e-08 2.650477e-09 	 8.002834e-10 -5.956892e-11 2.171970e-10 	 5
1.750000 	 -6.511471e-07 1.327960e-07 1.855933e-07 	 -6.651780e-07 1.336574e-07 1.764836e-07 	 1.403087e-08 -8.613959e-10 9.109757e-09 	 8
2.250000 	 -7.677884e-06 6.612559e-06 6.306205e-06 	 -7.822604e-06 6.479156e-06 6.259575e-06 	 1.447193e-07 1.334027e-07 4.662868e-08 	 9
2.750000 	 3.165190e-06 -8.889930e-06 1.949726e-06 	 1.468416e-06 -9.397637e-06 2.124892e-06 	 1.696773e-06 5.077064e-07 -1.751663e-07 	 8
3.250000 	 -1.404434e-06 4.119410e-07 -2.801818e-06 	 -1.954341e-07 4.146020e-07 -2.949926e-06 	 -1.209000e-06 -2.660820e-09 1.481081e-07 	 1795
3.750000 	 -8.065723e-08 -4.572035e-07 9.932000e-07 	 -9.693989e-07 -4.412716e-07 9.478405e-07 	 8.887417e-07 -1.593211e-08 4.535960e-08 	 26485
4.250000 	 1.570225e-07 4.895774e-07 1.026008e-07 	 1.029192e-06 7.032595e-07 1.214439e-07 	 -8.721694e-07 -2.136820e-07 -1.884311e-08 	 42240
4.750000 	 1.790759e-06 -3.037201e-07 -6.264620e-07 	 1.531122e-06 -6.758306e-07 -8.527329e-07 	 2.596365e-07 3.721105e-07 2.262709e-07 	 42652
5.250000 	 2.463224e-06 -4.527404e-08 1.920275e-07 	 2.095991e-06 3.520772e-07 2.501329e-07 	 3.672327e-07 -3.973512e-07 -5.810526e-08 	 42312
5.750000 	 -6.770682e-07 -6.337083e-07 3.293065e-07 	 9.370825e-08 -5.118066e-07 6.423848e-08 	 -7.707770e-07 -1.219016e-07 2.650680e-07 	 42587
6.250000 	 1.246552e-06 2.849736e-07 2.340353e-07 	 1.292372e-06 3.242886e-07 1.336551e-07 	 -4.582005e-08 -3.931495e-08 1.003801e-07 	 42180
6.750000 	 5.025615e-07 -1.123246e-06 -8.520378e-07 	 9.136809e-07 -7.124823e-07 -6.549314e-07 	 -4.111189e-07 -4.107634e-07 -1.971065e-07 	 42437
7.250000 	 2.175457e-06 -5.454614e-07 1.234171e-06 	 1.863816e-06 -3.627600e-07 1.043190e-06 	 3.116416e-07 -1.827014e-07 1.909812e-07 	 42516
7.750000 	 8.022501e-07 7.519160e-08 -5.736757e-08 	 1.519308e-06 -2.847573e-07 -1.595442e-07 	 -7.170584e-07 3.599490e-07 1.021768e-07 	 42330
8.250000 	 3.274761e-07 1.120564e-07 -5.304386e-07 	 -1.257302e-07 -3.300116e-08 -1.050162e-06 	 4.532061e-07 1.450576e-07 5.197234e-07 	 42377
8.750000 	 -1.609736e-06 -1.020500e-07 -1.920240e-07 	 -1.709327e-06 -5.286332e-08 -9.294925e-08 	 9.959021e-08 -4.918658e-08 -9.907478e-08 	 42347
9.250000 	 8.950806e-07 -6.302867e-07 6.907326e-07 	 4.858799e-07 -6.167460e-07 6.198692e-07 	 4.092011e-07 -1.354070e-08 7.086348e-08 	 42549
9.750000 	 5.279259e-07 5.928342e-07 -7.018770e-07 	 6.871612e-07 4.750891e-07 -9.601744e-07 	 -1.592356e-07 1.177450e-07 2.582974e-07 	 42488
10.250000 	 8.596572e-08 4.793509e-07 -2.046783e-07 	 7.820521e-07 5.779427e-07 -2.727906e-07 	 -6.960860e-07 -9.859182e-08 6.811237e-08 	 42273
10.750000 	 3.176809e-07 -6.926988e-07 3.439718e-07 	 -6.560967e-08 -3.208645e-07 1.492605e-07 	 3.832905e-07 -3.718341e-07 1.947113e-07 	 42291
11.250000 	 -1.762832e-06 9.816373e-07 -4.318693e-07 	 -1.636022e-06 6.555302e-07 -5.658697e-07 	 -1.268101e-07 3.261071e-07 1.340005e-07 	 25961
11.750000 	 -4.705048e-07 -3.333855e-06 -2.611252e-06 	 4.751683e-07 -2.445094e-06 -1.519543e-06 	 -9.456735e-07 -8.887603e-07 -1.091709e-06 	 1827
12.250000 	 2.317174e-05 1.045828e-05 9.243327e-06 	 2.219520e-05 1.064427e-05 1.013835e-05 	 9.765363e-07 -1.859928e-07 -8.950474e-07 	 3
12.750000 	 2.744388e-05 8.265364e-06 1.197120e-06 	 2.851544e-05 8.191313e-06 1.033623e-06 	 -1.071557e-06 7.405248e-08 1.634966e-07 	 5
13.250000 	 1.118745e-06 -3.931285e-08 -2.595893e-07 	 1.122103e-06 -3.050867e-08 -2.530271e-07 	 -3.358593e-09 -8.804177e-09 -6.562196e-09 	 11
13.750000 	 6.022139e-10 -1.326626e-10 4.174908e-10 	 4.763027e-13 2.368707e-13 1.195682e-13 	 6.017378e-10 -1.328994e-10 4.173710e-10 	 4
14.250000 	 -1.144533e-06 1.733344e-07 -7.083107e-07 	 -1.138329e-06 1.718604e-07 -7.082697e-07 	 -6.204314e-09 1.474026e-09 -4.105613e-11 	 8
14.750000 	 -4.035761e-08 8.280292e-08 1.571531e-08 	 -4.091059e-08 8.238120e-08 1.513456e-08 	 5.529826e-10 4.217235e-10 5.807501e-10 	 7
