# 1       2    3-5
# x  meanFx  meanF
0.046262     -1.554590e-13 -1.554590e-13 2.196802e-14 -9.022014e-16
0.138787     3.933379e-14 3.933379e-14 -5.846199e-15 -1.605685e-14
0.231312     1.012816e-13 1.012816e-13 -1.105106e-14 2.123151e-14
0.323837     -1.876869e-13 -1.876869e-13 2.298937e-14 -1.640392e-14
0.416361     1.689114e-13 1.689114e-13 -2.241566e-14 1.464598e-15
0.508886     -5.487887e-14 -5.487887e-14 8.025028e-15 1.419091e-14
0.601411     -9.333042e-14 -9.333042e-14 9.323313e-15 -2.160092e-14
0.693935     1.914197e-13 1.914197e-13 -2.343200e-14 1.743085e-14
0.786460     -1.840510e-13 -1.840510e-13 2.293471e-14 -3.156520e-15
0.878985     7.230076e-14 7.230076e-14 -1.091920e-14 -1.296983e-14
0.971510     8.269317e-14 8.269317e-14 -8.364225e-15 2.154882e-14
1.064034     -1.947309e-13 -1.947309e-13 2.266777e-14 -1.856477e-14
1.156559     2.001258e-13 2.001258e-13 -2.457715e-14 5.002524e-15
1.249084     -9.265793e-14 -9.265793e-14 1.321806e-14 1.196278e-14
1.341608     -6.905374e-14 -6.905374e-14 6.770381e-15 -2.094784e-14
1.434133     1.966366e-13 1.966366e-13 -2.156747e-14 2.041126e-14
1.526658     -2.168728e-13 -2.168728e-13 2.700256e-14 -5.949008e-15
1.619183     1.165532e-13 1.165532e-13 -1.433952e-14 -9.599107e-15
1.711707     5.184359e-14 5.184359e-14 -2.748945e-15 2.174260e-14
1.804232     -1.954218e-13 -1.954218e-13 2.291711e-14 -2.062136e-14
1.896757     2.343085e-13 2.343085e-13 -2.600110e-14 8.718484e-15
1.989281     -1.433058e-13 -1.433058e-13 1.958485e-14 8.878787e-15
2.081806     -2.911813e-14 -2.911813e-14 2.660710e-15 -2.050730e-14
2.174331     1.904200e-13 1.904200e-13 -1.907682e-14 2.297163e-14
2.266856     -2.501643e-13 -2.501643e-13 2.989077e-14 -9.018096e-15
2.359380     1.733498e-13 1.733498e-13 -1.957150e-14 -4.660162e-15
2.451905     9.508277e-16 9.508277e-16 3.508842e-15 2.347972e-14
2.544430     -1.788103e-13 -1.788103e-13 2.025854e-14 -1.927588e-14
2.636954     2.634032e-13 2.634032e-13 -2.828864e-14 1.785458e-14
2.729479     -2.036905e-13 -2.036905e-13 2.309980e-14 1.229142e-14
2.822004     3.487419e-14 3.487419e-14 -9.685579e-15 -8.399363e-15
2.914529     1.624884e-13 1.624884e-13 -2.589128e-14 4.184259e-14
3.007053     -2.657619e-13 -2.657619e-13 1.246430e-14 1.197080e-14
3.099578     2.402907e-13 2.402907e-13 -5.165046e-14 3.578266e-14
3.192103     -6.373293e-14 -6.373293e-14 -2.406004e-14 6.938608e-14
3.284627     -1.221663e-13 -1.221663e-13 -2.659698e-14 3.722363e-14
3.377152     2.812861e-13 2.812861e-13 -7.195150e-14 8.803342e-14
3.469677     -2.445519e-13 -2.445519e-13 -1.408538e-14 7.741697e-14
3.562202     1.284054e-13 1.284054e-13 -4.952674e-14 6.635648e-14
3.654726     1.172406e-13 1.172406e-13 -3.406873e-14 1.173034e-13
3.747251     -2.397083e-13 -2.397083e-13 2.190362e-14 8.617704e-14
3.839776     2.947772e-13 2.947772e-13 -1.029982e-14 1.256066e-13
3.932301     -1.369116e-13 -1.369116e-13 6.401721e-14 1.582061e-13
4.024825     -5.783538e-14 -5.783538e-14 8.100231e-14 1.379965e-13
4.117350     2.358184e-13 2.358184e-13 6.978149e-14 2.037353e-13
4.209875     -3.027386e-13 -3.027386e-13 1.346586e-13 1.987364e-13
4.302399     1.650682e-13 1.650682e-13 8.010602e-14 2.140690e-13
4.394924     6.612606e-15 6.612606e-15 7.910467e-14 2.747980e-13
4.487449     -2.340944e-13 -2.340944e-13 7.971697e-14 2.427678e-13
4.579974     2.825439e-13 2.825439e-13 -3.719251e-15 2.677657e-13
4.672498     -2.264416e-13 -2.264416e-13 1.993599e-14 2.378322e-13
4.765023     -1.037570e-15 -1.037570e-15 -2.983144e-14 1.370873e-13
4.857548     1.758224e-13 1.758224e-13 -7.665838e-14 9.210506e-14
4.950072     -3.129162e-13 -3.129162e-13 -4.734403e-14 -4.706952e-14
5.042597     2.302849e-13 2.302849e-13 -1.228788e-13 -1.519501e-13
5.135122     -5.835290e-14 -5.835290e-14 -1.103586e-13 -2.095791e-13
5.227647     -1.580726e-13 -1.580726e-13 -1.073450e-13 -3.238386e-13
5.320171     3.004725e-13 3.004725e-13 -1.702200e-13 -3.275624e-13
5.412696     -2.560988e-13 -2.560988e-13 -1.268876e-13 -3.476007e-13
5.505221     1.046778e-13 1.046778e-13 -1.841703e-13 -3.760230e-13
5.597745     1.283460e-13 1.283460e-13 -2.239350e-13 -3.144457e-13
5.690270     -2.802979e-13 -2.802979e-13 -2.152333e-13 -3.340234e-13
5.782795     2.744973e-13 2.744973e-13 -3.216983e-13 -2.973959e-13
5.875320     -1.549241e-13 -1.549241e-13 -3.248008e-13 -2.293818e-13
5.967844     -1.074578e-13 -1.074578e-13 -3.639157e-13 -2.205227e-13
6.060369     2.255367e-13 2.255367e-13 -4.335603e-13 -9.794742e-14
6.152894     -3.210941e-13 -3.210941e-13 -3.778547e-13 -1.613221e-14
6.245418     1.509463e-13 1.509463e-13 -4.126275e-13 6.197109e-14
6.337943     2.928848e-14 2.928848e-14 -3.666911e-13 2.049876e-13
6.430468     -2.194048e-13 -2.194048e-13 -2.767861e-13 2.241366e-13
6.522993     3.082649e-13 3.082649e-13 -2.752518e-13 2.725954e-13
6.615517     -1.736437e-13 -1.736437e-13 -1.564583e-13 2.781415e-13
6.708042     3.038385e-14 3.038385e-14 -1.234650e-13 1.798540e-13
6.800567     2.147499e-13 2.147499e-13 -1.168799e-13 1.658850e-13
6.893091     -2.602891e-13 -2.602891e-13 -4.720640e-14 7.662485e-14
6.985616     2.303614e-13 2.303614e-13 -1.108870e-13 2.074992e-14
7.078141     -2.930992e-14 -2.930992e-14 -9.151821e-14 5.328975e-14
7.170666     -1.492844e-13 -1.492844e-13 -7.321136e-14 4.069922e-15
7.263190     2.673383e-13 2.673383e-13 -1.010807e-13 5.468439e-14
7.355715     -2.217194e-13 -2.217194e-13 6.917771e-15 7.521009e-14
7.448240     7.129738e-14 7.129738e-14 3.957245e-14 3.523476e-14
7.540765     1.286554e-13 1.286554e-13 1.076577e-13 8.960599e-14
7.633289     -2.391553e-13 -2.391553e-13 2.213330e-13 4.265203e-14
7.725814     2.318517e-13 2.318517e-13 2.199524e-13 4.577637e-14
7.818339     -9.076787e-14 -9.076787e-14 2.958944e-13 9.742300e-14
7.910863     -1.052812e-13 -1.052812e-13 3.104642e-13 6.174744e-14
8.003388     2.087526e-13 2.087526e-13 2.695676e-13 1.387880e-13
8.095913     -2.539560e-13 -2.539560e-13 2.962468e-13 1.576101e-13
8.188438     7.949572e-14 7.949572e-14 2.083967e-13 1.536693e-13
8.280962     4.627000e-14 4.627000e-14 1.518352e-13 2.354855e-13
8.373487     -2.304325e-13 -2.304325e-13 1.036812e-13 2.042804e-13
8.466012     2.170589e-13 2.170589e-13 -2.318042e-14 2.399130e-13
8.558536     -1.296366e-13 -1.296366e-13 -5.218682e-14 2.701110e-13
8.651061     -4.973699e-14 -4.973699e-14 -1.137120e-13 2.130834e-13
8.743586     1.983660e-13 1.983660e-13 -1.564239e-13 2.522491e-13
8.836111     -2.232719e-13 -2.232719e-13 -1.071352e-13 2.016152e-13
8.928635     1.506523e-13 1.506523e-13 -1.202173e-13 1.613771e-13
9.021160     3.891700e-14 3.891700e-14 -7.545595e-14 1.859270e-13
9.113685     -1.618034e-13 -1.618034e-13 -3.873105e-14 1.167155e-13
9.206209     2.474311e-13 2.474311e-13 -7.535291e-14 1.437368e-13
9.298734     -1.366124e-13 -1.366124e-13 -5.834391e-14 1.540305e-13
9.391259     2.006466e-14 2.006466e-14 -1.056904e-13 1.252006e-13
9.483784     1.769241e-13 1.769241e-13 -1.561425e-13 1.950046e-13
9.576308     -2.095860e-13 -2.095860e-13 -1.525102e-13 1.796726e-13
9.668833     1.769175e-13 1.769175e-13 -2.022801e-13 1.975928e-13
9.761358     -2.921746e-14 -2.921746e-14 -1.881868e-13 2.420873e-13
9.853882     -1.512740e-13 -1.512740e-13 -1.592260e-13 1.895380e-13
9.946407     1.862810e-13 1.862810e-13 -1.684571e-13 2.075742e-13
10.038932     -2.143725e-13 -2.143725e-13 -1.155630e-13 1.710976e-13
10.131457     9.898097e-15 9.898097e-15 -1.175044e-13 1.031531e-13
10.223981     7.511141e-14 7.511141e-14 -1.350825e-13 1.128278e-13
10.316506     -2.274490e-13 -2.274490e-13 -1.155271e-13 4.730824e-14
10.409031     1.630635e-13 1.630635e-13 -1.629329e-13 3.811329e-14
10.501555     -7.253167e-14 -7.253167e-14 -1.559249e-13 5.522712e-14
10.594080     -8.250641e-14 -8.250641e-14 -1.291214e-13 5.478750e-15
10.686605     1.995986e-13 1.995986e-13 -1.321427e-13 3.436267e-14
10.779130     -1.518258e-13 -1.518258e-13 -4.907559e-14 8.158412e-15
10.871654     1.099075e-13 1.099075e-13 -9.640616e-15 -3.413767e-14
10.964179     1.017958e-13 1.017958e-13 2.517323e-14 -9.868692e-15
11.056704     -1.401640e-13 -1.401640e-13 9.592141e-14 -5.781845e-14
11.149229     1.907969e-13 1.907969e-13 7.165269e-14 -3.999032e-14
11.241753     -7.743445e-14 -7.743445e-14 8.690750e-14 -4.408898e-15
11.334278     -5.687266e-14 -5.687266e-14 8.232286e-14 -2.283568e-14
11.426803     1.477967e-13 1.477967e-13 2.407429e-14 3.828061e-14
11.519327     -1.763955e-13 -1.763955e-13 4.634970e-14 3.523447e-14
11.611852     8.228019e-14 8.228019e-14 7.526268e-15 2.375014e-14
11.704377     4.134367e-14 4.134367e-14 -8.579401e-15 5.967526e-14
11.796902     -1.450093e-13 -1.450093e-13 2.327825e-14 1.085521e-14
11.889426     1.674298e-13 1.674298e-13 -2.177732e-14 2.241334e-14
11.981951     -8.872408e-14 -8.872408e-14 7.850574e-15 2.741873e-14
12.074476     -3.293889e-14 -3.293889e-14 1.095705e-14 -1.490401e-14
12.167000     1.398178e-13 1.398178e-13 -2.125893e-14 2.385415e-14
12.259525     -1.631242e-13 -1.631242e-13 2.408334e-14 -1.177263e-15
12.352050     9.527262e-14 9.527262e-14 -9.055493e-15 -1.053277e-14
12.444575     2.737983e-14 2.737983e-14 -6.364720e-15 2.368908e-14
12.537099     -1.332711e-13 -1.332711e-13 2.242152e-14 -1.887574e-14
12.629624     1.637389e-13 1.637389e-13 -2.266675e-14 6.978422e-15
12.722149     -9.979880e-14 -9.979880e-14 1.303145e-14 1.144112e-14
12.814673     -1.978485e-14 -1.978485e-14 4.913668e-15 -2.062112e-14
12.907198     1.294988e-13 1.294988e-13 -2.082881e-14 2.159851e-14
12.999723     -1.644240e-13 -1.644240e-13 2.204199e-14 -6.740932e-15
13.092248     1.064849e-13 1.064849e-13 -1.695211e-14 -7.484067e-15
13.184772     1.280789e-14 1.280789e-14 -5.846309e-15 2.183491e-14
13.277297     -1.255600e-13 -1.255600e-13 1.511794e-14 -1.992271e-14
13.369822     1.667715e-13 1.667715e-13 -2.686808e-14 1.041205e-14
13.462346     -1.140805e-13 -1.140805e-13 1.343904e-14 7.462820e-15
13.554871     -5.151235e-15 -5.151235e-15 -1.030275e-15 -1.934523e-14
13.647396     1.214797e-13 1.214797e-13 -1.779406e-14 2.137716e-14
13.739921     -1.705410e-13 -1.705410e-13 2.348443e-14 -1.104865e-14
13.832445     1.221709e-13 1.221709e-13 -1.698568e-14 -4.983598e-15
13.924970     -4.351100e-15 -4.351100e-15 1.634918e-15 1.901801e-14
14.017495     -1.180853e-13 -1.180853e-13 1.575462e-14 -2.071913e-14
14.110020     1.740188e-13 1.740188e-13 -2.356192e-14 1.349119e-14
14.202544     -1.323776e-13 -1.323776e-13 1.802346e-14 4.520686e-15
14.295069     1.430632e-14 1.430632e-14 -3.689988e-15 -1.660932e-14
14.387594     1.135019e-13 1.135019e-13 -1.473979e-14 2.209974e-14
14.480118     -1.782905e-13 -1.782905e-13 2.304826e-14 -1.380042e-14
14.572643     1.436686e-13 1.436686e-13 -1.937228e-14 -2.339930e-15
14.665168     -2.558863e-14 -2.558863e-14 5.621034e-15 1.543494e-14
14.757693     -1.076434e-13 -1.076434e-13 1.398168e-14 -2.287045e-14
14.850217     1.833228e-13 1.833228e-13 -2.186356e-14 1.378952e-14
