# 1  2-4    5-7    8-10   11     
# x  dirEF  recEF  sumEF  #Sample
0.250000 	 0.000000e+00 0.000000e+00 0.000000e+00 	 0.000000e+00 0.000000e+00 0.000000e+00 	 0.000000e+00 0.000000e+00 0.000000e+00 	 0
0.750000 	 0.000000e+00 0.000000e+00 0.000000e+00 	 0.000000e+00 0.000000e+00 0.000000e+00 	 0.000000e+00 0.000000e+00 0.000000e+00 	 0
1.250000 	 0.000000e+00 0.000000e+00 0.000000e+00 	 0.000000e+00 0.000000e+00 0.000000e+00 	 0.000000e+00 0.000000e+00 0.000000e+00 	 0
1.750000 	 2.086964e-08 -4.550425e-09 -1.435997e-08 	 -2.143730e-12 1.127987e-13 -2.301631e-13 	 2.086750e-08 -4.550312e-09 -1.436020e-08 	 1
2.250000 	 0.000000e+00 0.000000e+00 0.000000e+00 	 0.000000e+00 0.000000e+00 0.000000e+00 	 0.000000e+00 0.000000e+00 0.000000e+00 	 0
2.750000 	 0.000000e+00 0.000000e+00 0.000000e+00 	 0.000000e+00 0.000000e+00 0.000000e+00 	 0.000000e+00 0.000000e+00 0.000000e+00 	 0
3.250000 	 -1.584370e-05 9.294238e-06 -2.591913e-06 	 -3.722508e-13 1.470699e-14 -3.157682e-13 	 -1.584370e-05 9.294238e-06 -2.591913e-06 	 32
3.750000 	 6.954180e-06 -5.064555e-06 3.092352e-06 	 -4.467084e-14 -6.988859e-15 -1.088104e-14 	 6.954180e-06 -5.064555e-06 3.092352e-06 	 538
4.250000 	 -3.420204e-06 3.473502e-06 4.458411e-07 	 2.107358e-14 -2.621650e-14 4.173457e-14 	 -3.420204e-06 3.473502e-06 4.458411e-07 	 895
4.750000 	 -1.790269e-05 -4.500287e-06 -1.083853e-06 	 -1.405304e-14 3.991066e-14 -1.190107e-14 	 -1.790269e-05 -4.500287e-06 -1.083853e-06 	 869
5.250000 	 -1.796506e-05 5.028246e-06 2.409965e-06 	 -2.776976e-14 -4.565526e-14 2.582063e-14 	 -1.796506e-05 5.028246e-06 2.409965e-06 	 915
5.750000 	 -5.510387e-06 1.127131e-06 -2.577829e-06 	 9.936199e-14 1.331252e-14 2.491438e-14 	 -5.510387e-06 1.127132e-06 -2.577829e-06 	 862
6.250000 	 7.942538e-06 -1.316113e-06 2.734475e-06 	 1.194929e-13 -7.808662e-14 -4.140784e-14 	 7.942538e-06 -1.316113e-06 2.734475e-06 	 1008
6.750000 	 -1.101463e-05 8.164742e-08 -7.403556e-06 	 1.673593e-13 6.550820e-14 8.909481e-14 	 -1.101463e-05 8.164748e-08 -7.403556e-06 	 898
7.250000 	 -6.310771e-06 1.640994e-06 2.159731e-06 	 -1.679496e-14 9.484105e-14 -2.081768e-14 	 -6.310771e-06 1.640994e-06 2.159731e-06 	 872
7.750000 	 -2.274198e-05 1.504129e-06 -2.749533e-07 	 -1.571426e-13 -2.728740e-14 1.941315e-16 	 -2.274198e-05 1.504129e-06 -2.749533e-07 	 903
8.250000 	 -9.410379e-06 5.943329e-07 4.875769e-07 	 -2.271582e-15 -2.602389e-14 1.644785e-14 	 -9.410379e-06 5.943329e-07 4.875769e-07 	 930
8.750000 	 2.815634e-05 -5.091069e-07 6.626237e-07 	 4.616130e-14 1.215155e-14 -3.960422e-14 	 2.815634e-05 -5.091069e-07 6.626237e-07 	 929
9.250000 	 3.863563e-05 -9.126791e-07 -2.285611e-06 	 1.342195e-13 3.007265e-14 -7.510574e-14 	 3.863563e-05 -9.126790e-07 -2.285611e-06 	 919
9.750000 	 3.124061e-05 -1.845019e-06 4.598282e-06 	 2.508875e-14 -5.731376e-14 9.935920e-15 	 3.124061e-05 -1.845019e-06 4.598282e-06 	 876
10.250000 	 2.203517e-05 2.692416e-06 3.821282e-06 	 -3.815002e-14 7.609444e-15 -5.681355e-14 	 2.203517e-05 2.692416e-06 3.821282e-06 	 913
10.750000 	 -1.437244e-05 -3.933944e-06 -1.804514e-06 	 4.138986e-14 1.072755e-13 5.008644e-15 	 -1.437244e-05 -3.933944e-06 -1.804514e-06 	 886
11.250000 	 -2.495566e-05 1.782642e-06 -1.085363e-06 	 -1.181939e-13 -2.542915e-14 2.877350e-14 	 -2.495566e-05 1.782642e-06 -1.085363e-06 	 533
11.750000 	 -2.391348e-05 1.254269e-05 -1.870492e-05 	 -2.531681e-13 3.385676e-14 1.001579e-13 	 -2.391348e-05 1.254269e-05 -1.870492e-05 	 44
12.250000 	 -8.341529e-06 -5.124949e-05 -2.873935e-05 	 4.278800e-13 3.286260e-14 2.717826e-13 	 -8.341528e-06 -5.124949e-05 -2.873935e-05 	 1
12.750000 	 0.000000e+00 0.000000e+00 0.000000e+00 	 0.000000e+00 0.000000e+00 0.000000e+00 	 0.000000e+00 0.000000e+00 0.000000e+00 	 0
13.250000 	 0.000000e+00 0.000000e+00 0.000000e+00 	 0.000000e+00 0.000000e+00 0.000000e+00 	 0.000000e+00 0.000000e+00 0.000000e+00 	 0
13.750000 	 0.000000e+00 0.000000e+00 0.000000e+00 	 0.000000e+00 0.000000e+00 0.000000e+00 	 0.000000e+00 0.000000e+00 0.000000e+00 	 0
14.250000 	 0.000000e+00 0.000000e+00 0.000000e+00 	 0.000000e+00 0.000000e+00 0.000000e+00 	 0.000000e+00 0.000000e+00 0.000000e+00 	 0
14.750000 	 0.000000e+00 0.000000e+00 0.000000e+00 	 0.000000e+00 0.000000e+00 0.000000e+00 	 0.000000e+00 0.000000e+00 0.000000e+00 	 0
