# 1  2-4    5-7    8-10   11     
# x  dirEF  recEF  sumEF  #Sample
0.250000 	 0.000000e+00 0.000000e+00 0.000000e+00 	 0.000000e+00 0.000000e+00 0.000000e+00 	 0.000000e+00 0.000000e+00 0.000000e+00 	 0
0.750000 	 0.000000e+00 0.000000e+00 0.000000e+00 	 0.000000e+00 0.000000e+00 0.000000e+00 	 0.000000e+00 0.000000e+00 0.000000e+00 	 0
1.250000 	 0.000000e+00 0.000000e+00 0.000000e+00 	 0.000000e+00 0.000000e+00 0.000000e+00 	 0.000000e+00 0.000000e+00 0.000000e+00 	 0
1.750000 	 0.000000e+00 0.000000e+00 0.000000e+00 	 0.000000e+00 0.000000e+00 0.000000e+00 	 0.000000e+00 0.000000e+00 0.000000e+00 	 0
2.250000 	 0.000000e+00 0.000000e+00 0.000000e+00 	 0.000000e+00 0.000000e+00 0.000000e+00 	 0.000000e+00 0.000000e+00 0.000000e+00 	 0
2.750000 	 0.000000e+00 0.000000e+00 0.000000e+00 	 0.000000e+00 0.000000e+00 0.000000e+00 	 0.000000e+00 0.000000e+00 0.000000e+00 	 0
3.250000 	 -6.262260e-06 5.401884e-06 -1.157814e-05 	 7.306620e-07 -3.622721e-06 5.019763e-06 	 -5.531598e-06 1.779163e-06 -6.558374e-06 	 37
3.750000 	 -1.857724e-06 5.010956e-07 3.767337e-06 	 -1.611619e-06 9.789849e-08 -2.496170e-06 	 -3.469343e-06 5.989941e-07 1.271168e-06 	 583
4.250000 	 2.345773e-05 -1.621995e-06 5.018038e-06 	 -1.947776e-06 -9.597334e-07 1.047789e-06 	 2.150995e-05 -2.581728e-06 6.065827e-06 	 893
4.750000 	 2.894615e-05 -9.393629e-06 -6.277704e-06 	 -2.221738e-06 2.785498e-07 -1.026493e-06 	 2.672441e-05 -9.115079e-06 -7.304197e-06 	 903
5.250000 	 8.093547e-06 -2.449560e-06 2.731543e-07 	 8.079347e-06 6.104138e-07 -1.621739e-06 	 1.617289e-05 -1.839147e-06 -1.348585e-06 	 857
5.750000 	 -2.243590e-06 2.884275e-06 4.037883e-06 	 -5.767817e-06 1.363932e-06 -1.962332e-07 	 -8.011407e-06 4.248207e-06 3.841650e-06 	 860
6.250000 	 -1.040934e-05 -2.607440e-06 -3.731513e-06 	 3.620406e-06 -1.475246e-06 4.398672e-07 	 -6.788934e-06 -4.082686e-06 -3.291646e-06 	 917
6.750000 	 2.948952e-06 -6.100492e-06 -1.274890e-06 	 -5.272399e-06 -3.197209e-08 -2.516839e-06 	 -2.323447e-06 -6.132464e-06 -3.791729e-06 	 878
7.250000 	 2.339226e-05 8.791129e-06 2.990903e-06 	 3.988590e-06 -2.625283e-06 3.174146e-06 	 2.738085e-05 6.165845e-06 6.165049e-06 	 876
7.750000 	 -7.266108e-06 -4.337244e-06 2.764431e-07 	 -3.149495e-06 -1.571967e-06 -5.473490e-07 	 -1.041560e-05 -5.909211e-06 -2.709059e-07 	 890
8.250000 	 -2.650771e-05 -1.171331e-06 8.963111e-07 	 2.091823e-06 4.047608e-07 2.076546e-06 	 -2.441589e-05 -7.665701e-07 2.972857e-06 	 915
8.750000 	 -1.930513e-05 -7.855292e-06 3.962151e-06 	 -6.854647e-06 -7.363544e-07 -2.389201e-07 	 -2.615978e-05 -8.591646e-06 3.723231e-06 	 929
9.250000 	 -1.894911e-05 -7.155351e-07 -2.884024e-07 	 2.253951e-06 1.814867e-06 -1.513416e-06 	 -1.669516e-05 1.099331e-06 -1.801819e-06 	 949
9.750000 	 -1.280694e-05 4.188181e-06 -4.367403e-06 	 -8.855117e-07 -1.976745e-06 4.817327e-07 	 -1.369245e-05 2.211436e-06 -3.885670e-06 	 881
10.250000 	 -1.120505e-06 -1.405742e-06 -1.785130e-06 	 -3.592062e-06 1.310952e-06 -1.007189e-06 	 -4.712567e-06 -9.478982e-08 -2.792319e-06 	 923
10.750000 	 -1.277759e-06 7.965247e-07 -1.333245e-06 	 1.238297e-06 -6.952310e-07 1.192920e-06 	 -3.946194e-08 1.012937e-07 -1.403248e-07 	 912
11.250000 	 6.250090e-06 5.012649e-06 -2.684215e-06 	 -2.075010e-06 1.530734e-06 1.070605e-06 	 4.175080e-06 6.543383e-06 -1.613611e-06 	 574
11.750000 	 2.917967e-05 -1.758849e-05 8.410374e-06 	 3.685773e-06 -8.300144e-06 1.445941e-06 	 3.286544e-05 -2.588863e-05 9.856316e-06 	 46
12.250000 	 1.005482e-04 7.629855e-05 1.482361e-04 	 1.375148e-06 -6.354012e-07 -1.173552e-07 	 1.019233e-04 7.566315e-05 1.481188e-04 	 1
12.750000 	 0.000000e+00 0.000000e+00 0.000000e+00 	 0.000000e+00 0.000000e+00 0.000000e+00 	 0.000000e+00 0.000000e+00 0.000000e+00 	 0
13.250000 	 0.000000e+00 0.000000e+00 0.000000e+00 	 0.000000e+00 0.000000e+00 0.000000e+00 	 0.000000e+00 0.000000e+00 0.000000e+00 	 0
13.750000 	 0.000000e+00 0.000000e+00 0.000000e+00 	 0.000000e+00 0.000000e+00 0.000000e+00 	 0.000000e+00 0.000000e+00 0.000000e+00 	 0
14.250000 	 0.000000e+00 0.000000e+00 0.000000e+00 	 0.000000e+00 0.000000e+00 0.000000e+00 	 0.000000e+00 0.000000e+00 0.000000e+00 	 0
14.750000 	 0.000000e+00 0.000000e+00 0.000000e+00 	 0.000000e+00 0.000000e+00 0.000000e+00 	 0.000000e+00 0.000000e+00 0.000000e+00 	 0
