# 1  2-4    5-7    8-10   11     
# x  dirEF  recEF  sumEF  #Sample
0.250000 	 0.000000e+00 0.000000e+00 0.000000e+00 	 0.000000e+00 0.000000e+00 0.000000e+00 	 0.000000e+00 0.000000e+00 0.000000e+00 	 0
0.750000 	 0.000000e+00 0.000000e+00 0.000000e+00 	 0.000000e+00 0.000000e+00 0.000000e+00 	 0.000000e+00 0.000000e+00 0.000000e+00 	 0
1.250000 	 0.000000e+00 0.000000e+00 0.000000e+00 	 0.000000e+00 0.000000e+00 0.000000e+00 	 0.000000e+00 0.000000e+00 0.000000e+00 	 0
1.750000 	 0.000000e+00 0.000000e+00 0.000000e+00 	 0.000000e+00 0.000000e+00 0.000000e+00 	 0.000000e+00 0.000000e+00 0.000000e+00 	 0
2.250000 	 2.377036e-05 -4.499739e-06 3.136250e-06 	 -7.791865e-08 -1.401431e-07 1.037718e-07 	 2.369244e-05 -4.639882e-06 3.240022e-06 	 1
2.750000 	 0.000000e+00 0.000000e+00 0.000000e+00 	 0.000000e+00 0.000000e+00 0.000000e+00 	 0.000000e+00 0.000000e+00 0.000000e+00 	 0
3.250000 	 8.528879e-06 -2.806461e-06 5.064135e-06 	 -1.724863e-05 -1.607486e-05 -7.448083e-06 	 -8.719755e-06 -1.888132e-05 -2.383948e-06 	 38
3.750000 	 -7.504413e-06 7.151519e-07 -2.936391e-06 	 6.969979e-06 -1.930282e-06 -7.599581e-07 	 -5.344341e-07 -1.215130e-06 -3.696349e-06 	 560
4.250000 	 -9.753232e-06 2.140536e-06 2.122574e-06 	 1.567967e-06 -1.593654e-06 -6.082585e-06 	 -8.185264e-06 5.468824e-07 -3.960010e-06 	 917
4.750000 	 -1.285809e-05 -9.570247e-07 3.505581e-06 	 -8.863207e-06 1.376906e-07 3.568309e-06 	 -2.172130e-05 -8.193341e-07 7.073890e-06 	 890
5.250000 	 1.207730e-05 -8.087913e-06 -3.641083e-06 	 7.005180e-08 -9.366830e-06 -5.460603e-06 	 1.214735e-05 -1.745474e-05 -9.101685e-06 	 898
5.750000 	 1.423036e-05 -2.560734e-06 -4.238767e-06 	 -8.732613e-06 -1.991598e-06 3.388706e-06 	 5.497751e-06 -4.552332e-06 -8.500615e-07 	 965
6.250000 	 3.507287e-05 9.187976e-06 -7.718227e-06 	 3.173695e-06 1.271173e-06 -7.320346e-06 	 3.824657e-05 1.045915e-05 -1.503857e-05 	 874
6.750000 	 6.469506e-06 -5.766497e-06 1.079763e-06 	 -1.706761e-05 5.886371e-06 7.527993e-06 	 -1.059811e-05 1.198740e-07 8.607756e-06 	 857
7.250000 	 -1.980908e-05 -2.790935e-06 6.960464e-06 	 1.899371e-06 -8.599626e-07 1.142699e-06 	 -1.790971e-05 -3.650897e-06 8.103162e-06 	 936
7.750000 	 -3.870737e-05 4.491479e-06 4.401392e-06 	 -1.618199e-05 -4.110279e-06 2.312208e-06 	 -5.488936e-05 3.812004e-07 6.713599e-06 	 880
8.250000 	 -2.105382e-05 -2.667945e-06 -5.290043e-06 	 8.739959e-07 -1.299996e-06 -1.544536e-06 	 -2.017983e-05 -3.967941e-06 -6.834579e-06 	 921
8.750000 	 1.091465e-05 -3.412139e-06 -4.963423e-06 	 1.390005e-06 3.579365e-06 1.445187e-06 	 1.230465e-05 1.672267e-07 -3.518236e-06 	 898
9.250000 	 2.526786e-05 2.375862e-06 -4.408830e-06 	 -4.002781e-06 1.581000e-06 9.034919e-07 	 2.126508e-05 3.956862e-06 -3.505338e-06 	 905
9.750000 	 1.445955e-05 2.204056e-06 5.131725e-06 	 9.766904e-06 -4.098256e-06 -7.410388e-07 	 2.422646e-05 -1.894200e-06 4.390686e-06 	 887
10.250000 	 1.872125e-06 -5.555714e-06 -2.895037e-06 	 1.541393e-06 -1.336809e-06 2.084831e-06 	 3.413518e-06 -6.892523e-06 -8.102060e-07 	 897
10.750000 	 -8.483767e-06 3.046976e-06 2.044903e-06 	 8.334638e-06 -3.357778e-06 5.074843e-06 	 -1.491293e-07 -3.108017e-07 7.119746e-06 	 886
11.250000 	 -1.043544e-05 3.483788e-06 -1.264220e-06 	 -8.451230e-06 -3.580505e-06 -5.364029e-06 	 -1.888667e-05 -9.671625e-08 -6.628249e-06 	 580
11.750000 	 -1.506551e-05 1.827692e-05 -3.364525e-05 	 -4.706173e-06 -7.908632e-06 -7.325019e-06 	 -1.977168e-05 1.036829e-05 -4.097027e-05 	 34
12.250000 	 0.000000e+00 0.000000e+00 0.000000e+00 	 0.000000e+00 0.000000e+00 0.000000e+00 	 0.000000e+00 0.000000e+00 0.000000e+00 	 0
12.750000 	 0.000000e+00 0.000000e+00 0.000000e+00 	 0.000000e+00 0.000000e+00 0.000000e+00 	 0.000000e+00 0.000000e+00 0.000000e+00 	 0
13.250000 	 0.000000e+00 0.000000e+00 0.000000e+00 	 0.000000e+00 0.000000e+00 0.000000e+00 	 0.000000e+00 0.000000e+00 0.000000e+00 	 0
13.750000 	 0.000000e+00 0.000000e+00 0.000000e+00 	 0.000000e+00 0.000000e+00 0.000000e+00 	 0.000000e+00 0.000000e+00 0.000000e+00 	 0
14.250000 	 0.000000e+00 0.000000e+00 0.000000e+00 	 0.000000e+00 0.000000e+00 0.000000e+00 	 0.000000e+00 0.000000e+00 0.000000e+00 	 0
14.750000 	 0.000000e+00 0.000000e+00 0.000000e+00 	 0.000000e+00 0.000000e+00 0.000000e+00 	 0.000000e+00 0.000000e+00 0.000000e+00 	 0
