# 1  2-4    5-7    8-10   11     
# x  dirEF  recEF  sumEF  #Sample
0.250000 	 0.000000e+00 0.000000e+00 0.000000e+00 	 0.000000e+00 0.000000e+00 0.000000e+00 	 0.000000e+00 0.000000e+00 0.000000e+00 	 0
0.750000 	 0.000000e+00 0.000000e+00 0.000000e+00 	 0.000000e+00 0.000000e+00 0.000000e+00 	 0.000000e+00 0.000000e+00 0.000000e+00 	 0
1.250000 	 0.000000e+00 0.000000e+00 0.000000e+00 	 0.000000e+00 0.000000e+00 0.000000e+00 	 0.000000e+00 0.000000e+00 0.000000e+00 	 0
1.750000 	 0.000000e+00 0.000000e+00 0.000000e+00 	 0.000000e+00 0.000000e+00 0.000000e+00 	 0.000000e+00 0.000000e+00 0.000000e+00 	 0
2.250000 	 0.000000e+00 0.000000e+00 0.000000e+00 	 0.000000e+00 0.000000e+00 0.000000e+00 	 0.000000e+00 0.000000e+00 0.000000e+00 	 0
2.750000 	 0.000000e+00 0.000000e+00 0.000000e+00 	 0.000000e+00 0.000000e+00 0.000000e+00 	 0.000000e+00 0.000000e+00 0.000000e+00 	 0
3.250000 	 1.936927e-05 -8.031150e-06 1.446683e-05 	 -7.523441e-06 3.591533e-06 -9.736148e-07 	 1.184583e-05 -4.439618e-06 1.349322e-05 	 34
3.750000 	 1.599090e-05 1.647116e-07 2.645368e-06 	 2.854819e-06 -1.584930e-06 -4.154049e-07 	 1.884571e-05 -1.420219e-06 2.229963e-06 	 566
4.250000 	 1.868631e-05 -1.646898e-06 -4.801740e-06 	 -1.458730e-06 1.448462e-07 1.306154e-06 	 1.722758e-05 -1.502052e-06 -3.495585e-06 	 868
4.750000 	 7.938513e-06 3.416982e-06 3.680469e-06 	 9.457663e-07 -1.426006e-06 7.791173e-07 	 8.884279e-06 1.990976e-06 4.459586e-06 	 900
5.250000 	 -2.755197e-05 8.941589e-07 -1.425796e-06 	 3.936465e-06 -2.732638e-07 -1.207678e-06 	 -2.361550e-05 6.208951e-07 -2.633473e-06 	 880
5.750000 	 -2.966899e-05 5.007273e-07 2.462467e-06 	 -1.392973e-06 -1.236174e-06 1.521311e-06 	 -3.106197e-05 -7.354470e-07 3.983778e-06 	 916
6.250000 	 -1.502833e-05 -1.236645e-06 -2.429209e-06 	 -1.534330e-06 -9.326405e-07 -1.506929e-06 	 -1.656266e-05 -2.169285e-06 -3.936138e-06 	 941
6.750000 	 1.700506e-05 -8.019089e-07 -1.614491e-06 	 3.752834e-08 -7.081201e-07 1.375647e-06 	 1.704259e-05 -1.510029e-06 -2.388445e-07 	 924
7.250000 	 3.666527e-05 6.101113e-06 5.381047e-06 	 -6.452315e-06 -5.371037e-07 -2.161320e-06 	 3.021295e-05 5.564009e-06 3.219727e-06 	 906
7.750000 	 7.457354e-06 -7.486301e-06 -2.456871e-06 	 7.871495e-06 5.005819e-06 2.397452e-06 	 1.532885e-05 -2.480482e-06 -5.941935e-08 	 886
8.250000 	 -2.537477e-05 -8.154737e-07 -3.295533e-06 	 -3.894107e-06 -1.869345e-07 4.371388e-07 	 -2.926887e-05 -1.002408e-06 -2.858394e-06 	 842
8.750000 	 -2.316992e-05 2.410789e-06 1.459575e-06 	 -8.050977e-07 5.921472e-07 3.244927e-06 	 -2.397502e-05 3.002937e-06 4.704502e-06 	 924
9.250000 	 -1.279630e-05 -4.923089e-06 -1.621504e-06 	 2.411962e-06 -2.321153e-06 -1.217443e-07 	 -1.038434e-05 -7.244243e-06 -1.743249e-06 	 933
9.750000 	 1.140534e-05 -1.091831e-06 7.527926e-06 	 -2.916167e-07 5.205041e-07 2.087316e-06 	 1.111373e-05 -5.713272e-07 9.615243e-06 	 914
10.250000 	 2.450424e-05 1.050240e-06 -6.597038e-06 	 -4.397368e-06 1.323253e-07 6.876460e-08 	 2.010687e-05 1.182565e-06 -6.528274e-06 	 921
10.750000 	 1.500377e-05 -3.419325e-07 2.742886e-06 	 6.116003e-06 3.140329e-06 1.126452e-06 	 2.111977e-05 2.798396e-06 3.869338e-06 	 884
11.250000 	 -1.144381e-06 3.417411e-06 -2.636148e-06 	 -4.034047e-06 -2.252987e-06 2.115726e-06 	 -5.178428e-06 1.164424e-06 -5.204218e-07 	 550
11.750000 	 -1.188674e-05 1.774140e-05 7.258407e-06 	 3.151013e-06 -8.492428e-07 -2.729313e-06 	 -8.735727e-06 1.689216e-05 4.529094e-06 	 35
12.250000 	 0.000000e+00 0.000000e+00 0.000000e+00 	 0.000000e+00 0.000000e+00 0.000000e+00 	 0.000000e+00 0.000000e+00 0.000000e+00 	 0
12.750000 	 0.000000e+00 0.000000e+00 0.000000e+00 	 0.000000e+00 0.000000e+00 0.000000e+00 	 0.000000e+00 0.000000e+00 0.000000e+00 	 0
13.250000 	 0.000000e+00 0.000000e+00 0.000000e+00 	 0.000000e+00 0.000000e+00 0.000000e+00 	 0.000000e+00 0.000000e+00 0.000000e+00 	 0
13.750000 	 0.000000e+00 0.000000e+00 0.000000e+00 	 0.000000e+00 0.000000e+00 0.000000e+00 	 0.000000e+00 0.000000e+00 0.000000e+00 	 0
14.250000 	 0.000000e+00 0.000000e+00 0.000000e+00 	 0.000000e+00 0.000000e+00 0.000000e+00 	 0.000000e+00 0.000000e+00 0.000000e+00 	 0
14.750000 	 0.000000e+00 0.000000e+00 0.000000e+00 	 0.000000e+00 0.000000e+00 0.000000e+00 	 0.000000e+00 0.000000e+00 0.000000e+00 	 0
