# 1  2-4    5-7    8-10   11     
# x  dirEF  recEF  sumEF  #Sample
0.250000 	 0.000000e+00 0.000000e+00 0.000000e+00 	 0.000000e+00 0.000000e+00 0.000000e+00 	 0.000000e+00 0.000000e+00 0.000000e+00 	 0
0.750000 	 0.000000e+00 0.000000e+00 0.000000e+00 	 0.000000e+00 0.000000e+00 0.000000e+00 	 0.000000e+00 0.000000e+00 0.000000e+00 	 0
1.250000 	 0.000000e+00 0.000000e+00 0.000000e+00 	 0.000000e+00 0.000000e+00 0.000000e+00 	 0.000000e+00 0.000000e+00 0.000000e+00 	 0
1.750000 	 0.000000e+00 0.000000e+00 0.000000e+00 	 0.000000e+00 0.000000e+00 0.000000e+00 	 0.000000e+00 0.000000e+00 0.000000e+00 	 0
2.250000 	 2.759951e-05 -3.333290e-06 1.471928e-05 	 -7.157587e-07 -1.677892e-06 7.995835e-07 	 2.688375e-05 -5.011182e-06 1.551887e-05 	 1
2.750000 	 0.000000e+00 0.000000e+00 0.000000e+00 	 0.000000e+00 0.000000e+00 0.000000e+00 	 0.000000e+00 0.000000e+00 0.000000e+00 	 0
3.250000 	 -5.818057e-06 2.104380e-05 2.156951e-05 	 2.815241e-06 -1.201012e-06 7.516176e-07 	 -3.002816e-06 1.984279e-05 2.232113e-05 	 28
3.750000 	 1.105720e-05 -1.073672e-06 6.570074e-06 	 -9.626449e-07 -2.049568e-06 -1.314280e-06 	 1.009455e-05 -3.123239e-06 5.255794e-06 	 566
4.250000 	 5.334609e-06 5.546217e-06 1.777112e-06 	 -1.686060e-06 1.413166e-06 -2.837249e-06 	 3.648549e-06 6.959383e-06 -1.060137e-06 	 897
4.750000 	 -2.458630e-06 -2.688725e-06 -6.189457e-06 	 5.261884e-06 2.573561e-06 2.749905e-06 	 2.803254e-06 -1.151641e-07 -3.439552e-06 	 914
5.250000 	 8.285168e-06 -3.074045e-06 8.374685e-07 	 -4.612915e-07 -1.550680e-06 -1.878350e-06 	 7.823876e-06 -4.624725e-06 -1.040882e-06 	 905
5.750000 	 1.784555e-06 -1.436541e-06 8.433301e-07 	 -2.730906e-06 1.825675e-07 1.991775e-06 	 -9.463506e-07 -1.253974e-06 2.835106e-06 	 928
6.250000 	 6.499043e-06 4.638345e-07 6.022731e-06 	 -1.235295e-06 -1.616013e-06 1.310549e-06 	 5.263748e-06 -1.152179e-06 7.333280e-06 	 901
6.750000 	 -1.622419e-05 1.195047e-05 1.176076e-07 	 4.607148e-07 -2.183673e-06 4.641684e-07 	 -1.576348e-05 9.766800e-06 5.817760e-07 	 886
7.250000 	 -1.823134e-05 -7.532859e-06 2.874136e-06 	 7.928907e-06 3.746406e-06 1.059332e-07 	 -1.030244e-05 -3.786453e-06 2.980069e-06 	 924
7.750000 	 -1.753447e-05 -3.637258e-06 -7.761077e-06 	 -1.155682e-05 2.589915e-06 -1.990635e-06 	 -2.909129e-05 -1.047342e-06 -9.751711e-06 	 886
8.250000 	 -4.905907e-06 5.739289e-06 -1.455383e-06 	 1.076137e-05 -1.075505e-06 -3.056152e-07 	 5.855459e-06 4.663785e-06 -1.760998e-06 	 903
8.750000 	 2.307986e-05 -4.340361e-06 5.489513e-06 	 -1.244674e-06 1.511246e-06 8.865980e-07 	 2.183518e-05 -2.829115e-06 6.376111e-06 	 954
9.250000 	 3.126982e-05 -4.313611e-06 2.430321e-06 	 -4.418281e-06 3.507907e-06 -1.027630e-06 	 2.685154e-05 -8.057035e-07 1.402692e-06 	 886
9.750000 	 8.049159e-06 2.440158e-06 -5.549837e-06 	 -1.839480e-10 -5.557697e-07 1.829815e-06 	 8.048975e-06 1.884389e-06 -3.720022e-06 	 876
10.250000 	 -5.416213e-06 2.674409e-06 2.492157e-06 	 -2.936777e-06 -2.328406e-06 -2.447952e-06 	 -8.352989e-06 3.460038e-07 4.420419e-08 	 853
10.750000 	 -5.479478e-06 -6.614797e-07 -1.096410e-06 	 1.920449e-06 8.585623e-07 -9.147371e-08 	 -3.559029e-06 1.970827e-07 -1.187883e-06 	 913
11.250000 	 -1.145832e-05 2.971289e-06 -7.456138e-06 	 -1.295751e-06 -9.194315e-07 1.296822e-06 	 -1.275407e-05 2.051857e-06 -6.159316e-06 	 564
11.750000 	 -1.354361e-05 5.909505e-06 9.663114e-07 	 -1.356221e-06 -6.585192e-07 -7.321612e-07 	 -1.489983e-05 5.250985e-06 2.341502e-07 	 38
12.250000 	 0.000000e+00 0.000000e+00 0.000000e+00 	 0.000000e+00 0.000000e+00 0.000000e+00 	 0.000000e+00 0.000000e+00 0.000000e+00 	 0
12.750000 	 8.806327e-05 2.777039e-06 3.394442e-07 	 -2.638861e-06 -1.319694e-06 2.100847e-06 	 8.542441e-05 1.457345e-06 2.440291e-06 	 1
13.250000 	 0.000000e+00 0.000000e+00 0.000000e+00 	 0.000000e+00 0.000000e+00 0.000000e+00 	 0.000000e+00 0.000000e+00 0.000000e+00 	 0
13.750000 	 0.000000e+00 0.000000e+00 0.000000e+00 	 0.000000e+00 0.000000e+00 0.000000e+00 	 0.000000e+00 0.000000e+00 0.000000e+00 	 0
14.250000 	 0.000000e+00 0.000000e+00 0.000000e+00 	 0.000000e+00 0.000000e+00 0.000000e+00 	 0.000000e+00 0.000000e+00 0.000000e+00 	 0
14.750000 	 0.000000e+00 0.000000e+00 0.000000e+00 	 0.000000e+00 0.000000e+00 0.000000e+00 	 0.000000e+00 0.000000e+00 0.000000e+00 	 0
