# 1  2-4    5-7    8-10   11     
# x  dirEF  recEF  sumEF  #Sample
0.250000 	 0.000000e+00 0.000000e+00 0.000000e+00 	 0.000000e+00 0.000000e+00 0.000000e+00 	 0.000000e+00 0.000000e+00 0.000000e+00 	 0
0.750000 	 0.000000e+00 0.000000e+00 0.000000e+00 	 0.000000e+00 0.000000e+00 0.000000e+00 	 0.000000e+00 0.000000e+00 0.000000e+00 	 0
1.250000 	 0.000000e+00 0.000000e+00 0.000000e+00 	 0.000000e+00 0.000000e+00 0.000000e+00 	 0.000000e+00 0.000000e+00 0.000000e+00 	 0
1.750000 	 0.000000e+00 0.000000e+00 0.000000e+00 	 0.000000e+00 0.000000e+00 0.000000e+00 	 0.000000e+00 0.000000e+00 0.000000e+00 	 0
2.250000 	 0.000000e+00 0.000000e+00 0.000000e+00 	 0.000000e+00 0.000000e+00 0.000000e+00 	 0.000000e+00 0.000000e+00 0.000000e+00 	 0
2.750000 	 0.000000e+00 0.000000e+00 0.000000e+00 	 0.000000e+00 0.000000e+00 0.000000e+00 	 0.000000e+00 0.000000e+00 0.000000e+00 	 0
3.250000 	 1.866894e-05 2.633931e-05 1.557494e-05 	 3.721415e-06 7.567571e-06 -2.160747e-06 	 2.239035e-05 3.390688e-05 1.341419e-05 	 47
3.750000 	 1.495458e-05 1.610423e-06 5.008152e-06 	 -8.263465e-07 -4.325879e-06 7.438529e-07 	 1.412824e-05 -2.715456e-06 5.752005e-06 	 561
4.250000 	 -1.745932e-06 4.802748e-06 2.579722e-08 	 9.739843e-07 -1.825902e-06 1.369260e-07 	 -7.719473e-07 2.976846e-06 1.627233e-07 	 834
4.750000 	 -2.310902e-06 -6.194899e-07 1.233788e-06 	 6.477875e-07 3.094499e-06 -2.120915e-07 	 -1.663115e-06 2.475009e-06 1.021697e-06 	 890
5.250000 	 -1.175099e-05 -1.572702e-07 -4.909023e-06 	 -4.005618e-06 -3.031853e-07 2.806436e-06 	 -1.575661e-05 -4.604555e-07 -2.102587e-06 	 897
5.750000 	 -1.793942e-05 2.807596e-06 1.863654e-06 	 9.806360e-08 5.232080e-08 -3.713734e-06 	 -1.784135e-05 2.859917e-06 -1.850080e-06 	 879
6.250000 	 -9.757302e-06 6.766164e-07 1.372565e-06 	 4.431016e-06 1.037746e-06 6.503337e-07 	 -5.326286e-06 1.714363e-06 2.022899e-06 	 893
6.750000 	 -2.340191e-05 -4.921015e-06 -1.632082e-06 	 -4.037124e-06 -2.445135e-06 -1.109169e-06 	 -2.743903e-05 -7.366150e-06 -2.741251e-06 	 969
7.250000 	 -2.201573e-05 3.370359e-06 6.946653e-06 	 1.901713e-06 -1.493795e-06 6.775715e-07 	 -2.011402e-05 1.876564e-06 7.624224e-06 	 876
7.750000 	 5.430191e-06 2.227530e-06 4.073591e-06 	 -6.799550e-07 2.588398e-06 2.961726e-07 	 4.750236e-06 4.815928e-06 4.369763e-06 	 935
8.250000 	 9.521740e-06 7.173386e-06 -6.467607e-06 	 -1.279139e-06 -2.046538e-06 3.833345e-07 	 8.242601e-06 5.126848e-06 -6.084273e-06 	 944
8.750000 	 1.809169e-05 -5.350988e-06 1.852653e-06 	 -1.876899e-06 -8.902705e-08 -2.669528e-06 	 1.621479e-05 -5.440015e-06 -8.168742e-07 	 869
9.250000 	 3.855139e-05 -1.061272e-06 -2.354081e-07 	 3.443442e-06 2.455617e-06 1.539435e-06 	 4.199484e-05 1.394345e-06 1.304027e-06 	 926
9.750000 	 8.875819e-06 7.880908e-06 -1.774678e-06 	 -3.279251e-06 3.185996e-06 1.564580e-06 	 5.596568e-06 1.106690e-05 -2.100988e-07 	 904
10.250000 	 -5.605937e-06 -2.512708e-06 -1.252044e-06 	 3.352895e-06 -9.954535e-07 -1.546370e-06 	 -2.253042e-06 -3.508162e-06 -2.798414e-06 	 862
10.750000 	 -1.400910e-05 2.094829e-06 -3.079237e-06 	 1.534172e-06 -9.922304e-07 -7.334790e-07 	 -1.247493e-05 1.102599e-06 -3.812716e-06 	 915
11.250000 	 -1.438103e-05 -2.018389e-06 -6.760386e-07 	 -4.465298e-07 -1.274251e-06 -9.575813e-07 	 -1.482756e-05 -3.292640e-06 -1.633620e-06 	 589
11.750000 	 3.134247e-06 -9.234306e-06 -1.538840e-05 	 -1.650447e-06 -3.326748e-06 -6.261798e-06 	 1.483800e-06 -1.256105e-05 -2.165020e-05 	 34
12.250000 	 0.000000e+00 0.000000e+00 0.000000e+00 	 0.000000e+00 0.000000e+00 0.000000e+00 	 0.000000e+00 0.000000e+00 0.000000e+00 	 0
12.750000 	 0.000000e+00 0.000000e+00 0.000000e+00 	 0.000000e+00 0.000000e+00 0.000000e+00 	 0.000000e+00 0.000000e+00 0.000000e+00 	 0
13.250000 	 0.000000e+00 0.000000e+00 0.000000e+00 	 0.000000e+00 0.000000e+00 0.000000e+00 	 0.000000e+00 0.000000e+00 0.000000e+00 	 0
13.750000 	 0.000000e+00 0.000000e+00 0.000000e+00 	 0.000000e+00 0.000000e+00 0.000000e+00 	 0.000000e+00 0.000000e+00 0.000000e+00 	 0
14.250000 	 0.000000e+00 0.000000e+00 0.000000e+00 	 0.000000e+00 0.000000e+00 0.000000e+00 	 0.000000e+00 0.000000e+00 0.000000e+00 	 0
14.750000 	 0.000000e+00 0.000000e+00 0.000000e+00 	 0.000000e+00 0.000000e+00 0.000000e+00 	 0.000000e+00 0.000000e+00 0.000000e+00 	 0
