# 1  2-4    5-7    8-10   11     
# x  dirEF  recEF  sumEF  #Sample
0.250000 	 0.000000e+00 0.000000e+00 0.000000e+00 	 0.000000e+00 0.000000e+00 0.000000e+00 	 0.000000e+00 0.000000e+00 0.000000e+00 	 0
0.750000 	 5.145263e-08 -5.643835e-08 2.208674e-08 	 1.450942e-07 -1.264408e-06 1.566578e-06 	 1.965468e-07 -1.320846e-06 1.588665e-06 	 1
1.250000 	 0.000000e+00 0.000000e+00 0.000000e+00 	 0.000000e+00 0.000000e+00 0.000000e+00 	 0.000000e+00 0.000000e+00 0.000000e+00 	 0
1.750000 	 -5.405403e-06 9.313246e-07 8.352314e-07 	 -1.658116e-06 -9.164139e-07 1.072797e-06 	 -7.063519e-06 1.491071e-08 1.908029e-06 	 1
2.250000 	 0.000000e+00 0.000000e+00 0.000000e+00 	 0.000000e+00 0.000000e+00 0.000000e+00 	 0.000000e+00 0.000000e+00 0.000000e+00 	 0
2.750000 	 0.000000e+00 0.000000e+00 0.000000e+00 	 0.000000e+00 0.000000e+00 0.000000e+00 	 0.000000e+00 0.000000e+00 0.000000e+00 	 0
3.250000 	 -2.865293e-05 -7.462286e-06 9.708493e-06 	 3.985432e-06 4.232624e-06 -5.401609e-07 	 -2.466750e-05 -3.229662e-06 9.168332e-06 	 36
3.750000 	 -1.952403e-05 -3.762871e-07 1.897231e-06 	 -7.434941e-06 -2.061395e-07 -7.804058e-07 	 -2.695897e-05 -5.824266e-07 1.116825e-06 	 529
4.250000 	 -8.298043e-06 -1.722000e-06 1.569586e-06 	 2.515036e-06 2.370407e-06 3.707905e-07 	 -5.783007e-06 6.484079e-07 1.940376e-06 	 945
4.750000 	 3.206735e-06 3.790401e-07 -2.895363e-07 	 2.559717e-06 5.704547e-07 4.529436e-07 	 5.766452e-06 9.494948e-07 1.634073e-07 	 917
5.250000 	 1.305073e-05 -2.757351e-06 -2.184403e-06 	 -6.733215e-07 -2.316403e-06 1.882525e-06 	 1.237741e-05 -5.073753e-06 -3.018783e-07 	 959
5.750000 	 -6.475502e-06 -4.753365e-06 -4.938245e-06 	 -5.044235e-06 -2.075888e-06 -7.198909e-07 	 -1.151974e-05 -6.829253e-06 -5.658136e-06 	 871
6.250000 	 -1.699370e-05 8.686820e-06 5.819402e-06 	 -3.787297e-06 -9.743551e-08 -1.033463e-06 	 -2.078100e-05 8.589384e-06 4.785939e-06 	 915
6.750000 	 -1.062424e-06 -3.350071e-06 -8.509336e-07 	 5.731518e-06 -1.917038e-06 2.412923e-07 	 4.669094e-06 -5.267109e-06 -6.096413e-07 	 900
7.250000 	 2.391627e-05 5.428935e-07 -1.593233e-06 	 2.799065e-09 2.067188e-07 1.650950e-06 	 2.391907e-05 7.496123e-07 5.771702e-08 	 925
7.750000 	 3.017389e-05 5.342723e-07 3.169101e-06 	 2.364859e-07 6.449787e-07 1.738800e-06 	 3.041038e-05 1.179251e-06 4.907902e-06 	 844
8.250000 	 3.355865e-05 1.382939e-06 -1.020107e-06 	 1.749927e-07 -1.096106e-06 -1.328459e-06 	 3.373364e-05 2.868324e-07 -2.348566e-06 	 882
8.750000 	 -6.700738e-06 -1.328235e-06 2.628141e-06 	 -3.093807e-06 1.219627e-06 -3.921488e-08 	 -9.794545e-06 -1.086086e-07 2.588927e-06 	 893
9.250000 	 9.426515e-07 5.304437e-07 1.257504e-06 	 -4.604782e-06 -1.465082e-06 -1.443122e-06 	 -3.662130e-06 -9.346380e-07 -1.856186e-07 	 900
9.750000 	 -4.738280e-06 2.241044e-06 -1.621394e-06 	 6.832934e-06 -2.283152e-06 -4.266730e-07 	 2.094654e-06 -4.210864e-08 -2.048067e-06 	 906
10.250000 	 -2.851170e-06 3.978233e-06 1.104234e-06 	 4.281818e-06 -8.325941e-07 9.849648e-07 	 1.430648e-06 3.145639e-06 2.089199e-06 	 895
10.750000 	 4.864241e-06 -1.048836e-05 -4.257842e-06 	 -3.416854e-06 -3.211110e-07 1.959937e-06 	 1.447388e-06 -1.080947e-05 -2.297905e-06 	 927
11.250000 	 -1.593172e-05 4.754345e-06 5.993810e-07 	 1.206820e-06 5.354353e-08 1.432265e-06 	 -1.472490e-05 4.807888e-06 2.031646e-06 	 549
11.750000 	 3.371444e-06 1.722123e-06 -1.105024e-05 	 -3.526247e-06 -4.165736e-07 -4.373103e-06 	 -1.548030e-07 1.305550e-06 -1.542334e-05 	 28
12.250000 	 0.000000e+00 0.000000e+00 0.000000e+00 	 0.000000e+00 0.000000e+00 0.000000e+00 	 0.000000e+00 0.000000e+00 0.000000e+00 	 0
12.750000 	 0.000000e+00 0.000000e+00 0.000000e+00 	 0.000000e+00 0.000000e+00 0.000000e+00 	 0.000000e+00 0.000000e+00 0.000000e+00 	 0
13.250000 	 0.000000e+00 0.000000e+00 0.000000e+00 	 0.000000e+00 0.000000e+00 0.000000e+00 	 0.000000e+00 0.000000e+00 0.000000e+00 	 0
13.750000 	 0.000000e+00 0.000000e+00 0.000000e+00 	 0.000000e+00 0.000000e+00 0.000000e+00 	 0.000000e+00 0.000000e+00 0.000000e+00 	 0
14.250000 	 0.000000e+00 0.000000e+00 0.000000e+00 	 0.000000e+00 0.000000e+00 0.000000e+00 	 0.000000e+00 0.000000e+00 0.000000e+00 	 0
14.750000 	 0.000000e+00 0.000000e+00 0.000000e+00 	 1.665243e-06 -5.273241e-08 9.563061e-07 	 1.665243e-06 -5.273241e-08 9.563061e-07 	 1
