# 1  2-4    5-7    8-10   11     
# x  dirEF  recEF  sumEF  #Sample
0.250000 	 0.000000e+00 0.000000e+00 0.000000e+00 	 0.000000e+00 0.000000e+00 0.000000e+00 	 0.000000e+00 0.000000e+00 0.000000e+00 	 0
0.750000 	 0.000000e+00 0.000000e+00 0.000000e+00 	 0.000000e+00 0.000000e+00 0.000000e+00 	 0.000000e+00 0.000000e+00 0.000000e+00 	 0
1.250000 	 0.000000e+00 0.000000e+00 0.000000e+00 	 0.000000e+00 0.000000e+00 0.000000e+00 	 0.000000e+00 0.000000e+00 0.000000e+00 	 0
1.750000 	 0.000000e+00 0.000000e+00 0.000000e+00 	 0.000000e+00 0.000000e+00 0.000000e+00 	 0.000000e+00 0.000000e+00 0.000000e+00 	 0
2.250000 	 0.000000e+00 0.000000e+00 0.000000e+00 	 0.000000e+00 0.000000e+00 0.000000e+00 	 0.000000e+00 0.000000e+00 0.000000e+00 	 0
2.750000 	 0.000000e+00 0.000000e+00 0.000000e+00 	 0.000000e+00 0.000000e+00 0.000000e+00 	 0.000000e+00 0.000000e+00 0.000000e+00 	 0
3.250000 	 -2.096542e-05 4.242245e-06 6.562702e-06 	 -3.338897e-06 -2.476341e-06 -4.081230e-06 	 -2.430432e-05 1.765904e-06 2.481472e-06 	 38
3.750000 	 -8.241150e-06 -2.033770e-06 -2.986791e-06 	 -4.280216e-06 4.113149e-06 -1.542300e-06 	 -1.252137e-05 2.079378e-06 -4.529092e-06 	 548
4.250000 	 -1.085933e-05 -1.411680e-06 -3.343578e-06 	 -4.964645e-07 -1.529267e-07 5.011576e-06 	 -1.135579e-05 -1.564607e-06 1.667998e-06 	 912
4.750000 	 -9.942170e-06 2.819691e-06 -5.949532e-06 	 -6.024449e-06 -4.488623e-06 -1.254939e-06 	 -1.596662e-05 -1.668932e-06 -7.204471e-06 	 907
5.250000 	 1.078976e-05 5.550609e-06 -1.235334e-07 	 6.477854e-06 -3.066279e-07 5.034021e-07 	 1.726761e-05 5.243981e-06 3.798686e-07 	 883
5.750000 	 9.360292e-06 5.288644e-07 -3.708195e-06 	 1.388347e-07 1.414748e-07 -2.136941e-07 	 9.499127e-06 6.703391e-07 -3.921889e-06 	 870
6.250000 	 6.650558e-06 -3.997101e-06 1.122835e-06 	 1.642442e-06 -1.859572e-06 2.150358e-07 	 8.293000e-06 -5.856673e-06 1.337871e-06 	 917
6.750000 	 -9.560810e-06 -7.185768e-07 4.392770e-06 	 -3.058580e-06 -2.459966e-06 -1.983877e-06 	 -1.261939e-05 -3.178542e-06 2.408893e-06 	 917
7.250000 	 4.655497e-06 6.797839e-06 -6.326395e-07 	 9.383135e-06 -8.050726e-07 1.109785e-06 	 1.403863e-05 5.992767e-06 4.771456e-07 	 909
7.750000 	 -3.704525e-06 -4.396574e-06 1.321957e-07 	 -8.666722e-06 -8.085510e-07 3.065714e-06 	 -1.237125e-05 -5.205125e-06 3.197910e-06 	 944
8.250000 	 5.586088e-06 9.378094e-06 -7.622678e-06 	 4.375822e-06 2.144880e-06 -6.107571e-07 	 9.961910e-06 1.152297e-05 -8.233435e-06 	 911
8.750000 	 1.950937e-06 1.544744e-07 -3.440642e-06 	 4.075092e-06 8.701764e-07 6.508362e-07 	 6.026028e-06 1.024651e-06 -2.789806e-06 	 888
9.250000 	 8.629835e-06 -4.025251e-06 -2.543337e-06 	 -7.820858e-06 2.291674e-06 -1.806556e-06 	 8.089763e-07 -1.733576e-06 -4.349893e-06 	 934
9.750000 	 1.402947e-05 -3.701768e-06 -3.293817e-07 	 5.705787e-06 7.714461e-07 1.897221e-06 	 1.973525e-05 -2.930321e-06 1.567840e-06 	 911
10.250000 	 2.225275e-05 4.863711e-06 2.286423e-06 	 8.023940e-07 -1.406780e-06 9.481673e-07 	 2.305514e-05 3.456932e-06 3.234590e-06 	 902
10.750000 	 3.273727e-06 -2.335822e-06 2.677908e-06 	 -5.462421e-06 -3.269202e-06 3.915495e-07 	 -2.188694e-06 -5.605024e-06 3.069457e-06 	 878
11.250000 	 -1.534048e-05 1.419185e-06 3.333088e-07 	 6.376580e-06 8.408939e-07 -3.126837e-07 	 -8.963900e-06 2.260079e-06 2.062511e-08 	 518
11.750000 	 -6.627712e-06 -1.031067e-05 -1.259183e-05 	 6.787121e-06 6.328241e-07 5.153622e-07 	 1.594088e-07 -9.677847e-06 -1.207647e-05 	 36
12.250000 	 0.000000e+00 0.000000e+00 0.000000e+00 	 0.000000e+00 0.000000e+00 0.000000e+00 	 0.000000e+00 0.000000e+00 0.000000e+00 	 0
12.750000 	 0.000000e+00 0.000000e+00 0.000000e+00 	 0.000000e+00 0.000000e+00 0.000000e+00 	 0.000000e+00 0.000000e+00 0.000000e+00 	 0
13.250000 	 0.000000e+00 0.000000e+00 0.000000e+00 	 0.000000e+00 0.000000e+00 0.000000e+00 	 0.000000e+00 0.000000e+00 0.000000e+00 	 0
13.750000 	 -5.085520e-13 1.010188e-13 -4.939796e-15 	 -3.646390e-10 -3.336583e-10 6.656754e-10 	 -3.651479e-10 -3.335573e-10 6.656705e-10 	 1
14.250000 	 0.000000e+00 0.000000e+00 0.000000e+00 	 0.000000e+00 0.000000e+00 0.000000e+00 	 0.000000e+00 0.000000e+00 0.000000e+00 	 0
14.750000 	 0.000000e+00 0.000000e+00 0.000000e+00 	 0.000000e+00 0.000000e+00 0.000000e+00 	 0.000000e+00 0.000000e+00 0.000000e+00 	 0
