# 1  2-4    5-7    8-10   11     
# x  dirEF  recEF  sumEF  #Sample
0.250000 	 0.000000e+00 0.000000e+00 0.000000e+00 	 9.834578e-11 4.903917e-11 -6.291953e-11 	 9.834578e-11 4.903917e-11 -6.291953e-11 	 1
0.750000 	 0.000000e+00 0.000000e+00 0.000000e+00 	 0.000000e+00 0.000000e+00 0.000000e+00 	 0.000000e+00 0.000000e+00 0.000000e+00 	 0
1.250000 	 0.000000e+00 0.000000e+00 0.000000e+00 	 0.000000e+00 0.000000e+00 0.000000e+00 	 0.000000e+00 0.000000e+00 0.000000e+00 	 0
1.750000 	 0.000000e+00 0.000000e+00 0.000000e+00 	 0.000000e+00 0.000000e+00 0.000000e+00 	 0.000000e+00 0.000000e+00 0.000000e+00 	 0
2.250000 	 0.000000e+00 0.000000e+00 0.000000e+00 	 0.000000e+00 0.000000e+00 0.000000e+00 	 0.000000e+00 0.000000e+00 0.000000e+00 	 0
2.750000 	 0.000000e+00 0.000000e+00 0.000000e+00 	 0.000000e+00 0.000000e+00 0.000000e+00 	 0.000000e+00 0.000000e+00 0.000000e+00 	 0
3.250000 	 -3.377272e-05 7.982016e-06 4.770126e-06 	 9.610273e-06 -3.770764e-06 -4.534735e-06 	 -2.416245e-05 4.211252e-06 2.353915e-07 	 33
3.750000 	 4.871704e-06 -1.634005e-06 4.129040e-06 	 -9.550286e-06 -3.965151e-06 1.255910e-06 	 -4.678581e-06 -5.599155e-06 5.384949e-06 	 562
4.250000 	 2.017618e-05 1.654846e-06 -8.799298e-08 	 1.634739e-07 -4.017160e-07 2.167800e-06 	 2.033966e-05 1.253130e-06 2.079807e-06 	 896
4.750000 	 2.425127e-05 3.504894e-06 2.448034e-06 	 2.430205e-06 4.537906e-09 -3.383132e-06 	 2.668148e-05 3.509432e-06 -9.350977e-07 	 881
5.250000 	 1.785800e-05 -6.895999e-06 -4.644723e-06 	 -4.294011e-06 -4.705669e-06 4.473838e-07 	 1.356399e-05 -1.160167e-05 -4.197339e-06 	 872
5.750000 	 -4.816580e-06 -3.422910e-06 -2.289415e-06 	 -1.873730e-06 5.417752e-07 4.793461e-07 	 -6.690310e-06 -2.881135e-06 -1.810069e-06 	 867
6.250000 	 -1.983769e-05 3.189775e-06 1.646815e-06 	 3.322587e-07 -2.010235e-06 -1.065492e-06 	 -1.950544e-05 1.179540e-06 5.813233e-07 	 883
6.750000 	 -2.909264e-05 3.914687e-08 -3.474980e-07 	 3.494495e-06 3.221404e-07 -2.359613e-06 	 -2.559814e-05 3.612873e-07 -2.707111e-06 	 919
7.250000 	 -1.628562e-05 -3.491359e-06 5.809866e-06 	 -4.503133e-06 4.599508e-07 -3.715150e-06 	 -2.078875e-05 -3.031408e-06 2.094716e-06 	 895
7.750000 	 -1.386686e-05 3.230276e-06 3.243830e-06 	 1.914876e-06 2.634960e-06 -9.022584e-07 	 -1.195198e-05 5.865236e-06 2.341571e-06 	 934
8.250000 	 -3.203919e-05 6.465177e-08 -8.724173e-06 	 1.586768e-06 -5.415226e-07 -1.805112e-07 	 -3.045242e-05 -4.768708e-07 -8.904684e-06 	 893
8.750000 	 -1.588712e-05 1.444552e-06 6.453303e-07 	 6.685359e-07 -2.472643e-07 -1.377876e-06 	 -1.521859e-05 1.197288e-06 -7.325454e-07 	 930
9.250000 	 8.521229e-06 -4.844533e-06 1.361871e-06 	 -4.347657e-06 3.092757e-07 -8.235126e-07 	 4.173572e-06 -4.535258e-06 5.383580e-07 	 931
9.750000 	 1.316128e-05 -1.171694e-06 5.800225e-06 	 3.568133e-06 8.293656e-07 1.068747e-06 	 1.672941e-05 -3.423280e-07 6.868972e-06 	 930
10.250000 	 2.859290e-05 2.404504e-08 -3.029324e-06 	 -3.917581e-06 -6.534726e-07 -3.113139e-06 	 2.467532e-05 -6.294276e-07 -6.142463e-06 	 947
10.750000 	 2.345164e-05 -3.113141e-06 4.023729e-06 	 2.011923e-06 1.982029e-07 2.562949e-07 	 2.546356e-05 -2.914938e-06 4.280024e-06 	 883
11.250000 	 3.588838e-06 4.941319e-06 1.362102e-06 	 -8.489497e-07 3.616787e-07 -4.329215e-07 	 2.739888e-06 5.302998e-06 9.291810e-07 	 521
11.750000 	 -2.405009e-06 -1.254376e-05 1.769741e-06 	 -5.361099e-06 -2.332159e-06 -8.258312e-06 	 -7.766108e-06 -1.487592e-05 -6.488572e-06 	 45
12.250000 	 0.000000e+00 0.000000e+00 0.000000e+00 	 0.000000e+00 0.000000e+00 0.000000e+00 	 0.000000e+00 0.000000e+00 0.000000e+00 	 0
12.750000 	 0.000000e+00 0.000000e+00 0.000000e+00 	 0.000000e+00 0.000000e+00 0.000000e+00 	 0.000000e+00 0.000000e+00 0.000000e+00 	 0
13.250000 	 0.000000e+00 0.000000e+00 0.000000e+00 	 0.000000e+00 0.000000e+00 0.000000e+00 	 0.000000e+00 0.000000e+00 0.000000e+00 	 0
13.750000 	 0.000000e+00 0.000000e+00 0.000000e+00 	 0.000000e+00 0.000000e+00 0.000000e+00 	 0.000000e+00 0.000000e+00 0.000000e+00 	 0
14.250000 	 -1.013097e-08 2.788128e-07 -1.606181e-07 	 -1.174776e-09 7.632062e-09 -1.487616e-09 	 -1.130575e-08 2.864449e-07 -1.621057e-07 	 1
14.750000 	 0.000000e+00 0.000000e+00 0.000000e+00 	 0.000000e+00 0.000000e+00 0.000000e+00 	 0.000000e+00 0.000000e+00 0.000000e+00 	 0
