# 1  2-4    5-7    8-10   11     
# x  dirEF  recEF  sumEF  #Sample
0.250000 	 0.000000e+00 0.000000e+00 0.000000e+00 	 0.000000e+00 0.000000e+00 0.000000e+00 	 0.000000e+00 0.000000e+00 0.000000e+00 	 0
0.750000 	 0.000000e+00 0.000000e+00 0.000000e+00 	 0.000000e+00 0.000000e+00 0.000000e+00 	 0.000000e+00 0.000000e+00 0.000000e+00 	 0
1.250000 	 0.000000e+00 0.000000e+00 0.000000e+00 	 0.000000e+00 0.000000e+00 0.000000e+00 	 0.000000e+00 0.000000e+00 0.000000e+00 	 0
1.750000 	 0.000000e+00 0.000000e+00 0.000000e+00 	 0.000000e+00 0.000000e+00 0.000000e+00 	 0.000000e+00 0.000000e+00 0.000000e+00 	 0
2.250000 	 0.000000e+00 0.000000e+00 0.000000e+00 	 0.000000e+00 0.000000e+00 0.000000e+00 	 0.000000e+00 0.000000e+00 0.000000e+00 	 0
2.750000 	 0.000000e+00 0.000000e+00 0.000000e+00 	 0.000000e+00 0.000000e+00 0.000000e+00 	 0.000000e+00 0.000000e+00 0.000000e+00 	 0
3.250000 	 6.400609e-06 9.785823e-06 5.425150e-06 	 1.114290e-06 6.703822e-06 8.429726e-07 	 7.514900e-06 1.648964e-05 6.268123e-06 	 48
3.750000 	 -2.489816e-07 -5.585111e-07 1.501376e-06 	 5.381267e-07 5.315932e-07 2.577948e-06 	 2.891451e-07 -2.691783e-08 4.079323e-06 	 588
4.250000 	 1.580277e-05 -1.525915e-07 -9.262141e-07 	 2.039367e-06 -9.189553e-07 -2.286848e-06 	 1.784213e-05 -1.071547e-06 -3.213062e-06 	 905
4.750000 	 1.376988e-06 -2.702770e-06 1.407672e-06 	 -8.244883e-06 -9.181782e-07 -7.608577e-07 	 -6.867895e-06 -3.620948e-06 6.468143e-07 	 897
5.250000 	 -5.024507e-07 -1.492412e-06 2.613738e-07 	 4.605662e-06 2.014073e-06 7.488764e-07 	 4.103211e-06 5.216604e-07 1.010250e-06 	 891
5.750000 	 2.317740e-07 -2.115386e-08 -2.019394e-06 	 -1.290459e-06 -3.537897e-07 -1.464825e-06 	 -1.058685e-06 -3.749436e-07 -3.484219e-06 	 904
6.250000 	 1.002011e-05 -5.828567e-06 2.742705e-07 	 -4.639416e-08 3.497703e-06 6.630583e-07 	 9.973720e-06 -2.330864e-06 9.373289e-07 	 910
6.750000 	 -6.822491e-06 4.337010e-07 -5.595182e-06 	 -6.013829e-07 -8.952255e-07 1.560647e-06 	 -7.423874e-06 -4.615244e-07 -4.034534e-06 	 887
7.250000 	 -1.376925e-05 -1.269712e-06 3.842384e-06 	 -2.130375e-06 -1.554370e-07 3.311045e-06 	 -1.589962e-05 -1.425149e-06 7.153429e-06 	 897
7.750000 	 -3.951636e-06 6.159404e-06 1.629831e-06 	 9.798398e-07 -1.326319e-06 -2.311044e-06 	 -2.971796e-06 4.833086e-06 -6.812129e-07 	 940
8.250000 	 -1.094794e-05 1.054659e-06 -4.279926e-06 	 -6.129636e-06 -1.016597e-07 5.436771e-06 	 -1.707758e-05 9.529988e-07 1.156845e-06 	 911
8.750000 	 6.472491e-06 -1.613411e-06 4.197665e-07 	 8.619761e-06 -1.995597e-06 -1.816288e-06 	 1.509225e-05 -3.609008e-06 -1.396522e-06 	 880
9.250000 	 2.071513e-05 2.217545e-06 1.652982e-06 	 -1.192723e-05 3.862271e-06 -7.319872e-07 	 8.787899e-06 6.079815e-06 9.209946e-07 	 889
9.750000 	 3.755091e-06 3.776425e-07 -5.847935e-06 	 5.304637e-06 -1.742365e-06 -1.114237e-06 	 9.059729e-06 -1.364723e-06 -6.962172e-06 	 927
10.250000 	 -1.308161e-05 -2.438393e-06 7.259672e-06 	 3.342027e-06 1.590350e-08 2.233882e-07 	 -9.739582e-06 -2.422490e-06 7.483060e-06 	 864
10.750000 	 -2.174175e-06 -2.286607e-06 -3.124124e-08 	 -1.765969e-06 3.557144e-08 2.078024e-06 	 -3.940143e-06 -2.251036e-06 2.046783e-06 	 877
11.250000 	 -8.684268e-06 2.191097e-06 6.644096e-07 	 -1.822071e-06 1.851704e-06 1.042145e-06 	 -1.050634e-05 4.042801e-06 1.706555e-06 	 577
11.750000 	 4.333402e-06 -1.083990e-05 -1.395642e-05 	 2.071057e-06 -3.118121e-06 -1.418684e-05 	 6.404459e-06 -1.395803e-05 -2.814326e-05 	 32
12.250000 	 0.000000e+00 0.000000e+00 0.000000e+00 	 0.000000e+00 0.000000e+00 0.000000e+00 	 0.000000e+00 0.000000e+00 0.000000e+00 	 0
12.750000 	 0.000000e+00 0.000000e+00 0.000000e+00 	 0.000000e+00 0.000000e+00 0.000000e+00 	 0.000000e+00 0.000000e+00 0.000000e+00 	 0
13.250000 	 0.000000e+00 0.000000e+00 0.000000e+00 	 0.000000e+00 0.000000e+00 0.000000e+00 	 0.000000e+00 0.000000e+00 0.000000e+00 	 0
13.750000 	 0.000000e+00 0.000000e+00 0.000000e+00 	 0.000000e+00 0.000000e+00 0.000000e+00 	 0.000000e+00 0.000000e+00 0.000000e+00 	 0
14.250000 	 0.000000e+00 0.000000e+00 0.000000e+00 	 0.000000e+00 0.000000e+00 0.000000e+00 	 0.000000e+00 0.000000e+00 0.000000e+00 	 0
14.750000 	 0.000000e+00 0.000000e+00 0.000000e+00 	 0.000000e+00 0.000000e+00 0.000000e+00 	 0.000000e+00 0.000000e+00 0.000000e+00 	 0
