# 1  2-4    5-7    8-10   11     
# x  dirEF  recEF  sumEF  #Sample
0.250000 	 0.000000e+00 0.000000e+00 0.000000e+00 	 0.000000e+00 0.000000e+00 0.000000e+00 	 0.000000e+00 0.000000e+00 0.000000e+00 	 0
0.750000 	 0.000000e+00 0.000000e+00 0.000000e+00 	 0.000000e+00 0.000000e+00 0.000000e+00 	 0.000000e+00 0.000000e+00 0.000000e+00 	 0
1.250000 	 0.000000e+00 0.000000e+00 0.000000e+00 	 0.000000e+00 0.000000e+00 0.000000e+00 	 0.000000e+00 0.000000e+00 0.000000e+00 	 0
1.750000 	 0.000000e+00 0.000000e+00 0.000000e+00 	 0.000000e+00 0.000000e+00 0.000000e+00 	 0.000000e+00 0.000000e+00 0.000000e+00 	 0
2.250000 	 0.000000e+00 0.000000e+00 0.000000e+00 	 0.000000e+00 0.000000e+00 0.000000e+00 	 0.000000e+00 0.000000e+00 0.000000e+00 	 0
2.750000 	 0.000000e+00 0.000000e+00 0.000000e+00 	 0.000000e+00 0.000000e+00 0.000000e+00 	 0.000000e+00 0.000000e+00 0.000000e+00 	 0
3.250000 	 -1.005952e-05 8.617568e-06 -4.658642e-06 	 1.217434e-05 4.224644e-06 -1.990682e-05 	 2.114824e-06 1.284221e-05 -2.456546e-05 	 39
3.750000 	 -9.938798e-06 5.935911e-06 -5.702945e-06 	 -3.810666e-06 -4.809244e-07 5.380801e-06 	 -1.374946e-05 5.454987e-06 -3.221437e-07 	 534
4.250000 	 2.203380e-05 -7.808561e-07 9.299397e-07 	 1.693874e-05 4.326998e-06 -7.535847e-06 	 3.897253e-05 3.546142e-06 -6.605908e-06 	 916
4.750000 	 1.208061e-05 -5.428702e-06 -2.561126e-06 	 7.131447e-06 -4.304640e-06 -7.830355e-06 	 1.921206e-05 -9.733342e-06 -1.039148e-05 	 955
5.250000 	 1.386102e-05 5.626840e-07 4.371073e-06 	 9.898314e-06 1.997794e-06 -2.618619e-06 	 2.375933e-05 2.560478e-06 1.752454e-06 	 855
5.750000 	 -7.753888e-07 1.569531e-06 -2.336180e-06 	 -1.045835e-05 3.817149e-06 3.770555e-06 	 -1.123374e-05 5.386679e-06 1.434375e-06 	 900
6.250000 	 -1.261441e-05 -4.298157e-06 2.573936e-06 	 1.558195e-05 5.187122e-06 -1.155773e-06 	 2.967540e-06 8.889649e-07 1.418163e-06 	 895
6.750000 	 7.518754e-07 4.470856e-06 1.730463e-06 	 1.200358e-06 1.673072e-06 -1.576344e-06 	 1.952233e-06 6.143928e-06 1.541191e-07 	 948
7.250000 	 1.171173e-05 -6.308538e-06 -3.388106e-06 	 -8.309285e-06 3.345266e-06 6.070219e-06 	 3.402447e-06 -2.963273e-06 2.682113e-06 	 889
7.750000 	 -1.065431e-06 1.511056e-06 -3.096982e-06 	 2.883557e-06 2.779848e-06 1.620166e-06 	 1.818126e-06 4.290903e-06 -1.476816e-06 	 866
8.250000 	 -5.720402e-06 -5.664024e-07 -3.718051e-06 	 2.381466e-06 1.077921e-06 3.783884e-06 	 -3.338936e-06 5.115182e-07 6.583227e-08 	 888
8.750000 	 -2.858795e-05 5.620393e-06 3.615740e-06 	 -1.165430e-05 -2.463515e-07 -7.706110e-08 	 -4.024226e-05 5.374041e-06 3.538679e-06 	 936
9.250000 	 -1.002900e-05 5.888963e-07 2.130817e-06 	 6.265618e-06 -2.383664e-07 -9.748420e-08 	 -3.763383e-06 3.505300e-07 2.033333e-06 	 878
9.750000 	 1.443762e-05 3.287822e-06 -3.224501e-06 	 -3.607053e-06 -7.163789e-07 -3.543992e-06 	 1.083056e-05 2.571443e-06 -6.768493e-06 	 942
10.250000 	 1.241849e-05 -3.153529e-06 3.092669e-06 	 3.117017e-06 1.951186e-06 2.231282e-06 	 1.553551e-05 -1.202344e-06 5.323951e-06 	 929
10.750000 	 1.440565e-05 -2.087653e-07 4.067806e-06 	 -1.710673e-05 -6.092745e-06 9.745565e-07 	 -2.701079e-06 -6.301511e-06 5.042363e-06 	 878
11.250000 	 1.007471e-05 4.141634e-06 -6.506120e-06 	 8.888015e-06 1.602380e-05 5.539279e-06 	 1.896272e-05 2.016544e-05 -9.668410e-07 	 545
11.750000 	 8.100758e-06 -8.518492e-06 4.460903e-06 	 -8.045152e-06 -1.957160e-05 3.186693e-06 	 5.560551e-08 -2.809009e-05 7.647596e-06 	 30
12.250000 	 0.000000e+00 0.000000e+00 0.000000e+00 	 0.000000e+00 0.000000e+00 0.000000e+00 	 0.000000e+00 0.000000e+00 0.000000e+00 	 0
12.750000 	 0.000000e+00 0.000000e+00 0.000000e+00 	 0.000000e+00 0.000000e+00 0.000000e+00 	 0.000000e+00 0.000000e+00 0.000000e+00 	 0
13.250000 	 1.675548e-07 8.931967e-08 6.350940e-08 	 -3.679942e-08 -4.049725e-09 -6.092654e-08 	 1.307554e-07 8.526995e-08 2.582861e-09 	 1
13.750000 	 0.000000e+00 0.000000e+00 0.000000e+00 	 0.000000e+00 0.000000e+00 0.000000e+00 	 0.000000e+00 0.000000e+00 0.000000e+00 	 0
14.250000 	 0.000000e+00 0.000000e+00 0.000000e+00 	 0.000000e+00 0.000000e+00 0.000000e+00 	 0.000000e+00 0.000000e+00 0.000000e+00 	 0
14.750000 	 0.000000e+00 0.000000e+00 0.000000e+00 	 0.000000e+00 0.000000e+00 0.000000e+00 	 0.000000e+00 0.000000e+00 0.000000e+00 	 0
