# 1  2-4    5-7    8-10   11     
# x  dirEF  recEF  sumEF  #Sample
0.250000 	 -7.981135e-11 8.743649e-12 2.576631e-12 	 3.417331e-10 -1.074674e-10 9.137219e-12 	 2.619217e-10 -9.872374e-11 1.171385e-11 	 1
0.750000 	 0.000000e+00 0.000000e+00 0.000000e+00 	 0.000000e+00 0.000000e+00 0.000000e+00 	 0.000000e+00 0.000000e+00 0.000000e+00 	 0
1.250000 	 0.000000e+00 0.000000e+00 0.000000e+00 	 0.000000e+00 0.000000e+00 0.000000e+00 	 0.000000e+00 0.000000e+00 0.000000e+00 	 0
1.750000 	 0.000000e+00 0.000000e+00 0.000000e+00 	 0.000000e+00 0.000000e+00 0.000000e+00 	 0.000000e+00 0.000000e+00 0.000000e+00 	 0
2.250000 	 0.000000e+00 0.000000e+00 0.000000e+00 	 0.000000e+00 0.000000e+00 0.000000e+00 	 0.000000e+00 0.000000e+00 0.000000e+00 	 0
2.750000 	 -4.607078e-05 2.970338e-06 3.645718e-05 	 3.562968e-09 2.017479e-06 -2.511660e-06 	 -4.606722e-05 4.987817e-06 3.394552e-05 	 2
3.250000 	 1.465400e-05 1.018570e-05 -6.630198e-06 	 -9.814196e-07 -2.986769e-06 1.314890e-06 	 1.367258e-05 7.198927e-06 -5.315308e-06 	 32
3.750000 	 -3.356272e-06 -8.253390e-07 7.277283e-06 	 -3.015272e-06 -2.082167e-07 -1.454964e-06 	 -6.371543e-06 -1.033556e-06 5.822319e-06 	 526
4.250000 	 -2.238946e-05 -6.756367e-07 -2.070592e-06 	 3.324880e-07 -3.862636e-07 1.400531e-06 	 -2.205697e-05 -1.061900e-06 -6.700610e-07 	 903
4.750000 	 -1.147040e-05 -1.199608e-06 -3.288946e-06 	 5.957223e-06 2.263501e-06 -1.023896e-06 	 -5.513174e-06 1.063894e-06 -4.312842e-06 	 911
5.250000 	 3.947763e-06 5.421149e-06 3.486127e-06 	 -1.750758e-07 2.933265e-06 2.092692e-06 	 3.772687e-06 8.354414e-06 5.578819e-06 	 951
5.750000 	 1.480217e-05 -5.249066e-06 -5.678895e-06 	 -2.508154e-06 -1.710274e-06 7.140467e-07 	 1.229402e-05 -6.959339e-06 -4.964848e-06 	 886
6.250000 	 2.666015e-05 2.401386e-06 -1.095896e-06 	 4.558614e-06 2.290706e-06 -2.951845e-06 	 3.121876e-05 4.692091e-06 -4.047741e-06 	 938
6.750000 	 6.360098e-07 -5.245725e-06 5.077545e-06 	 2.649168e-07 3.152715e-06 1.116889e-06 	 9.009266e-07 -2.093009e-06 6.194434e-06 	 904
7.250000 	 -2.168665e-05 2.609664e-06 -3.839818e-06 	 1.756260e-06 -6.535616e-07 4.017774e-07 	 -1.993039e-05 1.956102e-06 -3.438041e-06 	 880
7.750000 	 -1.788684e-05 5.281231e-06 -1.826753e-06 	 -3.497307e-06 2.439051e-06 1.248533e-06 	 -2.138415e-05 7.720282e-06 -5.782203e-07 	 898
8.250000 	 -1.265798e-05 1.182141e-06 5.007584e-06 	 1.815934e-06 1.172186e-06 -1.346647e-06 	 -1.084205e-05 2.354327e-06 3.660937e-06 	 980
8.750000 	 -7.462238e-06 -8.226019e-06 5.462402e-07 	 -1.293749e-06 -1.639326e-06 7.631477e-07 	 -8.755987e-06 -9.865345e-06 1.309388e-06 	 889
9.250000 	 6.761729e-06 -2.346091e-06 1.876255e-07 	 2.677634e-06 3.250424e-06 -1.364442e-07 	 9.439363e-06 9.043324e-07 5.118122e-08 	 877
9.750000 	 1.270706e-05 1.371564e-06 -8.757258e-07 	 -4.285925e-06 -2.745172e-06 2.402770e-07 	 8.421133e-06 -1.373608e-06 -6.354488e-07 	 914
10.250000 	 2.076919e-05 -5.496439e-07 9.469414e-06 	 -4.530795e-06 1.707169e-06 -1.999168e-06 	 1.623839e-05 1.157525e-06 7.470246e-06 	 899
10.750000 	 1.106627e-05 -1.051499e-06 -3.101352e-06 	 7.989906e-06 6.196208e-07 8.901088e-07 	 1.905618e-05 -4.318781e-07 -2.211243e-06 	 851
11.250000 	 3.428844e-06 -2.305182e-06 -5.257591e-06 	 -5.780447e-06 1.564699e-07 -9.929111e-07 	 -2.351603e-06 -2.148712e-06 -6.250502e-06 	 535
11.750000 	 3.463283e-06 5.901642e-06 -5.624881e-06 	 7.531022e-06 9.320981e-07 3.264457e-06 	 1.099431e-05 6.833740e-06 -2.360424e-06 	 45
12.250000 	 0.000000e+00 0.000000e+00 0.000000e+00 	 0.000000e+00 0.000000e+00 0.000000e+00 	 0.000000e+00 0.000000e+00 0.000000e+00 	 0
12.750000 	 0.000000e+00 0.000000e+00 0.000000e+00 	 0.000000e+00 0.000000e+00 0.000000e+00 	 0.000000e+00 0.000000e+00 0.000000e+00 	 0
13.250000 	 -3.150772e-08 -2.497917e-09 -4.403828e-09 	 -8.836571e-10 -3.931674e-09 -4.163936e-09 	 -3.239138e-08 -6.429591e-09 -8.567764e-09 	 1
13.750000 	 0.000000e+00 0.000000e+00 0.000000e+00 	 0.000000e+00 0.000000e+00 0.000000e+00 	 0.000000e+00 0.000000e+00 0.000000e+00 	 0
14.250000 	 0.000000e+00 0.000000e+00 0.000000e+00 	 2.416121e-10 1.088568e-11 -3.349337e-10 	 2.416121e-10 1.088568e-11 -3.349337e-10 	 1
14.750000 	 0.000000e+00 0.000000e+00 0.000000e+00 	 0.000000e+00 0.000000e+00 0.000000e+00 	 0.000000e+00 0.000000e+00 0.000000e+00 	 0
