# 1  2-4    5-7    8-10   11     
# x  dirEF  recEF  sumEF  #Sample
0.250000 	 0.000000e+00 0.000000e+00 0.000000e+00 	 0.000000e+00 0.000000e+00 0.000000e+00 	 0.000000e+00 0.000000e+00 0.000000e+00 	 0
0.750000 	 0.000000e+00 0.000000e+00 0.000000e+00 	 0.000000e+00 0.000000e+00 0.000000e+00 	 0.000000e+00 0.000000e+00 0.000000e+00 	 0
1.250000 	 0.000000e+00 0.000000e+00 0.000000e+00 	 0.000000e+00 0.000000e+00 0.000000e+00 	 0.000000e+00 0.000000e+00 0.000000e+00 	 0
1.750000 	 0.000000e+00 0.000000e+00 0.000000e+00 	 0.000000e+00 0.000000e+00 0.000000e+00 	 0.000000e+00 0.000000e+00 0.000000e+00 	 0
2.250000 	 0.000000e+00 0.000000e+00 0.000000e+00 	 0.000000e+00 0.000000e+00 0.000000e+00 	 0.000000e+00 0.000000e+00 0.000000e+00 	 0
2.750000 	 -1.088066e-04 -7.248199e-05 2.355533e-06 	 1.373952e-06 1.288265e-06 -4.572689e-07 	 -1.074326e-04 -7.119373e-05 1.898264e-06 	 1
3.250000 	 -1.774007e-05 1.174876e-06 6.907626e-06 	 -4.084436e-06 -4.265570e-07 -1.327185e-08 	 -2.182451e-05 7.483191e-07 6.894354e-06 	 41
3.750000 	 -4.982960e-06 -6.663754e-06 -7.113393e-06 	 9.861199e-07 7.166270e-07 -1.763880e-07 	 -3.996840e-06 -5.947127e-06 -7.289781e-06 	 577
4.250000 	 1.421042e-05 4.177467e-06 1.922102e-06 	 8.391071e-07 -7.685724e-07 -4.558281e-07 	 1.504953e-05 3.408895e-06 1.466274e-06 	 923
4.750000 	 2.190780e-05 -8.054542e-06 3.516178e-06 	 -3.696503e-06 -2.181451e-07 -5.853595e-07 	 1.821130e-05 -8.272687e-06 2.930819e-06 	 902
5.250000 	 1.229233e-05 -2.417701e-06 -4.955768e-06 	 1.551537e-06 5.180215e-07 -6.806200e-07 	 1.384387e-05 -1.899680e-06 -5.636388e-06 	 895
5.750000 	 3.533182e-06 2.956542e-07 5.422071e-06 	 -1.140713e-05 -1.218514e-06 8.728732e-07 	 -7.873944e-06 -9.228598e-07 6.294944e-06 	 886
6.250000 	 -7.006239e-06 2.136911e-06 -3.723350e-07 	 9.592879e-06 -1.588968e-07 1.268143e-06 	 2.586640e-06 1.978015e-06 8.958083e-07 	 889
6.750000 	 -5.641080e-06 -2.090100e-06 -7.671076e-06 	 -4.365280e-06 1.727656e-06 -9.987544e-07 	 -1.000636e-05 -3.624442e-07 -8.669830e-06 	 935
7.250000 	 1.784625e-05 -3.088094e-06 5.966133e-06 	 5.877264e-07 -3.392909e-06 9.440520e-07 	 1.843398e-05 -6.481004e-06 6.910185e-06 	 887
7.750000 	 -1.791145e-06 -6.100433e-07 -2.297322e-06 	 -4.719325e-07 2.702826e-06 1.098400e-06 	 -2.263077e-06 2.092782e-06 -1.198922e-06 	 875
8.250000 	 -7.559466e-06 -5.166471e-07 -1.182701e-06 	 2.868609e-06 -1.440845e-06 4.386068e-07 	 -4.690857e-06 -1.957493e-06 -7.440941e-07 	 893
8.750000 	 -2.561794e-05 4.697050e-07 -2.263104e-07 	 1.134938e-06 3.068672e-07 1.789566e-06 	 -2.448301e-05 7.765723e-07 1.563256e-06 	 912
9.250000 	 -1.075593e-05 1.726114e-06 -6.651576e-07 	 -6.426981e-07 9.889405e-08 1.275287e-07 	 -1.139863e-05 1.825008e-06 -5.376289e-07 	 904
9.750000 	 1.462299e-05 9.458428e-07 -6.669746e-07 	 -4.686673e-06 -6.287602e-07 -6.741067e-07 	 9.936316e-06 3.170826e-07 -1.341081e-06 	 914
10.250000 	 2.140969e-05 -4.487684e-06 2.754113e-06 	 5.170312e-06 -1.941155e-06 -2.184779e-06 	 2.658000e-05 -6.428839e-06 5.693338e-07 	 928
10.750000 	 1.166154e-05 1.300152e-06 1.506488e-06 	 -2.952179e-07 1.465579e-06 1.420618e-06 	 1.136632e-05 2.765731e-06 2.927106e-06 	 864
11.250000 	 3.966936e-06 -4.953452e-07 -3.570415e-07 	 -5.170478e-06 1.643620e-06 -4.385098e-07 	 -1.203542e-06 1.148275e-06 -7.955513e-07 	 556
11.750000 	 -2.895482e-05 9.464390e-06 -5.425643e-06 	 4.668980e-06 5.656525e-06 -4.102926e-06 	 -2.428584e-05 1.512091e-05 -9.528569e-06 	 42
12.250000 	 0.000000e+00 0.000000e+00 0.000000e+00 	 0.000000e+00 0.000000e+00 0.000000e+00 	 0.000000e+00 0.000000e+00 0.000000e+00 	 0
12.750000 	 0.000000e+00 0.000000e+00 0.000000e+00 	 0.000000e+00 0.000000e+00 0.000000e+00 	 0.000000e+00 0.000000e+00 0.000000e+00 	 0
13.250000 	 0.000000e+00 0.000000e+00 0.000000e+00 	 0.000000e+00 0.000000e+00 0.000000e+00 	 0.000000e+00 0.000000e+00 0.000000e+00 	 0
13.750000 	 0.000000e+00 0.000000e+00 0.000000e+00 	 0.000000e+00 0.000000e+00 0.000000e+00 	 0.000000e+00 0.000000e+00 0.000000e+00 	 0
14.250000 	 0.000000e+00 0.000000e+00 0.000000e+00 	 0.000000e+00 0.000000e+00 0.000000e+00 	 0.000000e+00 0.000000e+00 0.000000e+00 	 0
14.750000 	 0.000000e+00 0.000000e+00 0.000000e+00 	 0.000000e+00 0.000000e+00 0.000000e+00 	 0.000000e+00 0.000000e+00 0.000000e+00 	 0
