# 1  2-4    5-7    8-10   11     
# x  dirEF  recEF  sumEF  #Sample
0.250000 	 0.000000e+00 0.000000e+00 0.000000e+00 	 0.000000e+00 0.000000e+00 0.000000e+00 	 0.000000e+00 0.000000e+00 0.000000e+00 	 0
0.750000 	 5.145263e-08 -5.643835e-08 2.208674e-08 	 -2.841724e-08 8.108310e-08 4.208990e-08 	 2.303539e-08 2.464475e-08 6.417664e-08 	 1
1.250000 	 0.000000e+00 0.000000e+00 0.000000e+00 	 0.000000e+00 0.000000e+00 0.000000e+00 	 0.000000e+00 0.000000e+00 0.000000e+00 	 0
1.750000 	 -5.405403e-06 9.313246e-07 8.352314e-07 	 3.362717e-07 -2.034610e-08 8.558864e-08 	 -5.069131e-06 9.109785e-07 9.208201e-07 	 1
2.250000 	 0.000000e+00 0.000000e+00 0.000000e+00 	 0.000000e+00 0.000000e+00 0.000000e+00 	 0.000000e+00 0.000000e+00 0.000000e+00 	 0
2.750000 	 0.000000e+00 0.000000e+00 0.000000e+00 	 0.000000e+00 0.000000e+00 0.000000e+00 	 0.000000e+00 0.000000e+00 0.000000e+00 	 0
3.250000 	 -2.865293e-05 -7.462286e-06 9.708493e-06 	 -1.657325e-05 1.453251e-06 4.101291e-06 	 -4.522618e-05 -6.009035e-06 1.380978e-05 	 36
3.750000 	 -1.952403e-05 -3.762871e-07 1.897231e-06 	 -7.160227e-06 4.376293e-06 -5.476138e-06 	 -2.668425e-05 4.000006e-06 -3.578907e-06 	 529
4.250000 	 -8.298043e-06 -1.722000e-06 1.569586e-06 	 4.981295e-06 -6.797175e-07 -1.677166e-06 	 -3.316747e-06 -2.401717e-06 -1.075802e-07 	 945
4.750000 	 3.206735e-06 3.790401e-07 -2.895363e-07 	 -3.046593e-06 -2.513745e-06 -2.099668e-06 	 1.601418e-07 -2.134705e-06 -2.389204e-06 	 917
5.250000 	 1.305073e-05 -2.757351e-06 -2.184403e-06 	 -2.946078e-06 -4.508300e-06 -5.349086e-06 	 1.010465e-05 -7.265651e-06 -7.533490e-06 	 959
5.750000 	 -6.475502e-06 -4.753365e-06 -4.938245e-06 	 -2.918498e-06 -2.798808e-06 -7.460737e-07 	 -9.394000e-06 -7.552173e-06 -5.684318e-06 	 871
6.250000 	 -1.699370e-05 8.686820e-06 5.819402e-06 	 1.608284e-06 1.815901e-06 2.384763e-06 	 -1.538542e-05 1.050272e-05 8.204165e-06 	 915
6.750000 	 -1.062424e-06 -3.350071e-06 -8.509336e-07 	 2.385005e-06 -5.404238e-07 1.119912e-06 	 1.322581e-06 -3.890495e-06 2.689780e-07 	 900
7.250000 	 2.391627e-05 5.428935e-07 -1.593233e-06 	 -2.343358e-06 -4.661220e-06 8.667275e-07 	 2.157291e-05 -4.118326e-06 -7.265051e-07 	 925
7.750000 	 3.017389e-05 5.342723e-07 3.169101e-06 	 -3.307783e-06 5.286139e-06 7.390134e-06 	 2.686611e-05 5.820411e-06 1.055924e-05 	 844
8.250000 	 3.355865e-05 1.382939e-06 -1.020107e-06 	 -3.502674e-06 -1.052826e-05 -2.993090e-06 	 3.005598e-05 -9.145323e-06 -4.013197e-06 	 882
8.750000 	 -6.692300e-06 -1.335829e-06 2.629442e-06 	 4.116159e-07 6.451707e-06 2.251345e-06 	 -6.280684e-06 5.115878e-06 4.880787e-06 	 893
9.250000 	 9.426515e-07 5.304437e-07 1.257504e-06 	 4.306343e-06 -1.836916e-06 -9.227900e-06 	 5.248995e-06 -1.306473e-06 -7.970396e-06 	 900
9.750000 	 -4.738280e-06 2.241044e-06 -1.621394e-06 	 8.445248e-06 -1.335127e-06 -1.676309e-06 	 3.706969e-06 9.059165e-07 -3.297703e-06 	 906
10.250000 	 -2.851170e-06 3.978233e-06 1.104234e-06 	 -6.011353e-06 -2.388394e-06 5.014013e-06 	 -8.862523e-06 1.589840e-06 6.118247e-06 	 895
10.750000 	 4.864241e-06 -1.048836e-05 -4.257842e-06 	 1.382512e-06 5.096153e-06 9.107067e-06 	 6.246754e-06 -5.392207e-06 4.849225e-06 	 927
11.250000 	 -1.593172e-05 4.754345e-06 5.993810e-07 	 2.421745e-07 1.045759e-05 1.769158e-06 	 -1.568955e-05 1.521194e-05 2.368539e-06 	 549
11.750000 	 3.371444e-06 1.722123e-06 -1.105024e-05 	 1.062497e-05 -5.358793e-06 -1.712112e-05 	 1.399641e-05 -3.636670e-06 -2.817135e-05 	 28
12.250000 	 0.000000e+00 0.000000e+00 0.000000e+00 	 0.000000e+00 0.000000e+00 0.000000e+00 	 0.000000e+00 0.000000e+00 0.000000e+00 	 0
12.750000 	 0.000000e+00 0.000000e+00 0.000000e+00 	 0.000000e+00 0.000000e+00 0.000000e+00 	 0.000000e+00 0.000000e+00 0.000000e+00 	 0
13.250000 	 0.000000e+00 0.000000e+00 0.000000e+00 	 0.000000e+00 0.000000e+00 0.000000e+00 	 0.000000e+00 0.000000e+00 0.000000e+00 	 0
13.750000 	 0.000000e+00 0.000000e+00 0.000000e+00 	 0.000000e+00 0.000000e+00 0.000000e+00 	 0.000000e+00 0.000000e+00 0.000000e+00 	 0
14.250000 	 0.000000e+00 0.000000e+00 0.000000e+00 	 0.000000e+00 0.000000e+00 0.000000e+00 	 0.000000e+00 0.000000e+00 0.000000e+00 	 0
14.750000 	 0.000000e+00 0.000000e+00 0.000000e+00 	 2.947873e-08 -5.280948e-09 -1.023903e-08 	 2.947873e-08 -5.280948e-09 -1.023903e-08 	 1
