# 1  2-4    5-7    8-10   11     
# x  dirEF  recEF  sumEF  #Sample
0.250000 	 0.000000e+00 0.000000e+00 0.000000e+00 	 0.000000e+00 0.000000e+00 0.000000e+00 	 0.000000e+00 0.000000e+00 0.000000e+00 	 0
0.750000 	 0.000000e+00 0.000000e+00 0.000000e+00 	 0.000000e+00 0.000000e+00 0.000000e+00 	 0.000000e+00 0.000000e+00 0.000000e+00 	 0
1.250000 	 0.000000e+00 0.000000e+00 0.000000e+00 	 1.114664e-12 4.651834e-14 1.649791e-13 	 1.114664e-12 4.651834e-14 1.649791e-13 	 1
1.750000 	 0.000000e+00 0.000000e+00 0.000000e+00 	 0.000000e+00 0.000000e+00 0.000000e+00 	 0.000000e+00 0.000000e+00 0.000000e+00 	 0
2.250000 	 -1.020334e-05 2.447736e-05 4.617829e-06 	 1.852518e-12 -1.066647e-13 7.471801e-14 	 -1.020334e-05 2.447736e-05 4.617829e-06 	 2
2.750000 	 2.035497e-05 1.336571e-05 -9.752032e-05 	 -1.120881e-12 1.375566e-13 -1.323386e-13 	 2.035497e-05 1.336571e-05 -9.752032e-05 	 1
3.250000 	 -2.563450e-06 4.711927e-06 1.097129e-05 	 -3.466026e-13 3.392058e-14 7.858052e-14 	 -2.563451e-06 4.711927e-06 1.097129e-05 	 34
3.750000 	 6.892125e-06 -5.894197e-06 1.315881e-06 	 -5.852070e-14 -6.861873e-15 -6.000696e-14 	 6.892125e-06 -5.894197e-06 1.315881e-06 	 546
4.250000 	 8.936174e-06 7.348552e-07 1.577938e-06 	 2.024107e-13 4.499561e-14 -3.637054e-14 	 8.936174e-06 7.348553e-07 1.577938e-06 	 881
4.750000 	 -7.129215e-06 -2.252195e-06 -1.242714e-06 	 -4.423651e-15 9.954347e-16 -1.032684e-13 	 -7.129215e-06 -2.252195e-06 -1.242714e-06 	 848
5.250000 	 -1.485692e-06 1.266232e-06 -1.990959e-06 	 7.098424e-14 8.262708e-14 6.935935e-16 	 -1.485691e-06 1.266233e-06 -1.990959e-06 	 938
5.750000 	 -7.978643e-06 -1.192868e-06 9.948709e-06 	 -5.114459e-14 -1.218438e-14 2.815201e-15 	 -7.978643e-06 -1.192868e-06 9.948709e-06 	 952
6.250000 	 5.056616e-06 4.706132e-06 2.474602e-06 	 -1.577472e-13 2.282975e-14 1.709113e-14 	 5.056615e-06 4.706132e-06 2.474602e-06 	 890
6.750000 	 -2.781176e-07 -7.159090e-06 -7.375674e-06 	 -5.165482e-14 4.726137e-15 7.613505e-14 	 -2.781176e-07 -7.159090e-06 -7.375674e-06 	 931
7.250000 	 4.001832e-06 2.215780e-06 6.643157e-06 	 1.173417e-13 -8.076223e-14 -7.133899e-14 	 4.001832e-06 2.215780e-06 6.643157e-06 	 861
7.750000 	 -5.736461e-06 -3.708282e-06 4.769213e-06 	 -6.682849e-14 7.056939e-14 5.887734e-14 	 -5.736461e-06 -3.708282e-06 4.769213e-06 	 898
8.250000 	 -1.119741e-05 9.119822e-07 1.362754e-06 	 1.434157e-13 -3.739509e-14 6.894206e-14 	 -1.119741e-05 9.119822e-07 1.362754e-06 	 888
8.750000 	 7.748090e-07 2.518785e-06 -1.342161e-07 	 -2.879183e-14 4.015261e-15 -2.156838e-14 	 7.748090e-07 2.518785e-06 -1.342162e-07 	 890
9.250000 	 4.229109e-06 -1.395570e-06 -2.140817e-06 	 2.135247e-14 -8.923543e-15 -3.736809e-14 	 4.229109e-06 -1.395570e-06 -2.140817e-06 	 912
9.750000 	 -1.766905e-05 9.304613e-08 -1.123975e-06 	 -9.128832e-14 2.289411e-14 4.917396e-15 	 -1.766905e-05 9.304615e-08 -1.123975e-06 	 917
10.250000 	 -1.503020e-05 1.251291e-05 -4.853971e-07 	 -2.870125e-14 3.359005e-14 6.368456e-15 	 -1.503020e-05 1.251291e-05 -4.853971e-07 	 891
10.750000 	 -2.965747e-06 3.428339e-07 -1.842759e-07 	 8.607996e-14 -1.327025e-14 4.414492e-15 	 -2.965746e-06 3.428339e-07 -1.842759e-07 	 943
11.250000 	 -1.029142e-05 -1.613368e-07 2.600879e-06 	 -4.653088e-14 -3.565252e-15 -1.408027e-14 	 -1.029142e-05 -1.613368e-07 2.600879e-06 	 561
11.750000 	 -1.429986e-05 -1.386028e-05 -1.728914e-05 	 6.375367e-14 -5.282100e-14 -8.605812e-14 	 -1.429986e-05 -1.386028e-05 -1.728914e-05 	 39
12.250000 	 0.000000e+00 0.000000e+00 0.000000e+00 	 0.000000e+00 0.000000e+00 0.000000e+00 	 0.000000e+00 0.000000e+00 0.000000e+00 	 0
12.750000 	 0.000000e+00 0.000000e+00 0.000000e+00 	 0.000000e+00 0.000000e+00 0.000000e+00 	 0.000000e+00 0.000000e+00 0.000000e+00 	 0
13.250000 	 0.000000e+00 0.000000e+00 0.000000e+00 	 0.000000e+00 0.000000e+00 0.000000e+00 	 0.000000e+00 0.000000e+00 0.000000e+00 	 0
13.750000 	 0.000000e+00 0.000000e+00 0.000000e+00 	 0.000000e+00 0.000000e+00 0.000000e+00 	 0.000000e+00 0.000000e+00 0.000000e+00 	 0
14.250000 	 0.000000e+00 0.000000e+00 0.000000e+00 	 0.000000e+00 0.000000e+00 0.000000e+00 	 0.000000e+00 0.000000e+00 0.000000e+00 	 0
14.750000 	 0.000000e+00 0.000000e+00 0.000000e+00 	 0.000000e+00 0.000000e+00 0.000000e+00 	 0.000000e+00 0.000000e+00 0.000000e+00 	 0
