# 1  2-4    5-7    8-10   11     
# x  dirEF  recEF  sumEF  #Sample
0.250000 	 0.000000e+00 0.000000e+00 0.000000e+00 	 0.000000e+00 0.000000e+00 0.000000e+00 	 0.000000e+00 0.000000e+00 0.000000e+00 	 0
0.750000 	 0.000000e+00 0.000000e+00 0.000000e+00 	 0.000000e+00 0.000000e+00 0.000000e+00 	 0.000000e+00 0.000000e+00 0.000000e+00 	 0
1.250000 	 0.000000e+00 0.000000e+00 0.000000e+00 	 0.000000e+00 0.000000e+00 0.000000e+00 	 0.000000e+00 0.000000e+00 0.000000e+00 	 0
1.750000 	 0.000000e+00 0.000000e+00 0.000000e+00 	 0.000000e+00 0.000000e+00 0.000000e+00 	 0.000000e+00 0.000000e+00 0.000000e+00 	 0
2.250000 	 0.000000e+00 0.000000e+00 0.000000e+00 	 0.000000e+00 0.000000e+00 0.000000e+00 	 0.000000e+00 0.000000e+00 0.000000e+00 	 0
2.750000 	 -6.626034e-05 -4.673169e-05 -3.552372e-06 	 2.444269e-05 -2.763985e-06 -4.438682e-06 	 -4.181765e-05 -4.949568e-05 -7.991054e-06 	 1
3.250000 	 1.305661e-05 -1.729773e-05 9.406254e-06 	 -1.080285e-06 -1.960158e-05 7.642763e-06 	 1.197632e-05 -3.689931e-05 1.704902e-05 	 40
3.750000 	 4.919371e-06 2.295045e-07 -1.235856e-06 	 1.336337e-05 -4.531477e-06 5.686752e-06 	 1.828274e-05 -4.301972e-06 4.450896e-06 	 558
4.250000 	 -1.662730e-06 -4.738916e-06 -1.745791e-06 	 -1.089329e-05 -1.549605e-06 -5.791764e-06 	 -1.255602e-05 -6.288521e-06 -7.537555e-06 	 888
4.750000 	 -1.215689e-05 1.167102e-05 2.621597e-06 	 1.848175e-05 -6.621104e-07 5.923733e-06 	 6.324857e-06 1.100891e-05 8.545331e-06 	 875
5.250000 	 -8.180771e-06 -2.371824e-06 9.755496e-07 	 -3.595007e-06 2.757029e-06 -2.057105e-06 	 -1.177578e-05 3.852047e-07 -1.081555e-06 	 939
5.750000 	 -8.442520e-06 -1.040107e-05 -3.320610e-06 	 6.160236e-06 2.327669e-06 9.170751e-06 	 -2.282284e-06 -8.073404e-06 5.850141e-06 	 928
6.250000 	 -8.859913e-06 -8.372227e-06 -6.097277e-06 	 -9.258725e-06 1.628961e-06 7.097351e-06 	 -1.811864e-05 -6.743267e-06 1.000074e-06 	 874
6.750000 	 -4.062237e-06 4.661190e-06 -4.045984e-06 	 1.893040e-06 3.021538e-06 -6.533560e-06 	 -2.169197e-06 7.682728e-06 -1.057954e-05 	 926
7.250000 	 -1.570038e-05 7.328039e-06 1.027757e-06 	 1.594088e-06 -7.726691e-06 -7.817123e-06 	 -1.410630e-05 -3.986529e-07 -6.789366e-06 	 917
7.750000 	 -1.595236e-06 -5.466723e-06 3.956619e-06 	 -2.713969e-06 -5.699951e-06 1.158722e-06 	 -4.309205e-06 -1.116667e-05 5.115341e-06 	 914
8.250000 	 1.780022e-05 5.879506e-06 -2.777217e-06 	 5.993429e-06 -1.274846e-08 4.032263e-06 	 2.379365e-05 5.866758e-06 1.255046e-06 	 916
8.750000 	 3.127336e-05 -2.153466e-06 -3.192218e-06 	 1.390016e-05 4.643816e-06 -3.941806e-06 	 4.517352e-05 2.490350e-06 -7.134024e-06 	 899
9.250000 	 1.995697e-05 -9.301558e-06 6.116633e-06 	 -3.450213e-06 -3.172686e-06 -4.223432e-06 	 1.650675e-05 -1.247424e-05 1.893201e-06 	 896
9.750000 	 1.228572e-06 -1.941196e-06 -2.693768e-06 	 -1.265752e-06 6.366305e-06 3.662314e-06 	 -3.718005e-08 4.425109e-06 9.685463e-07 	 867
10.250000 	 -1.338429e-05 8.610051e-08 -1.824069e-06 	 6.870461e-06 -1.154041e-06 8.098469e-07 	 -6.513833e-06 -1.067941e-06 -1.014222e-06 	 899
10.750000 	 -1.048303e-05 -9.191540e-07 -8.054423e-07 	 7.833377e-06 -1.307873e-07 2.131726e-06 	 -2.649651e-06 -1.049941e-06 1.326283e-06 	 892
11.250000 	 -8.671389e-06 -2.022338e-06 -5.259607e-07 	 1.971651e-07 1.054371e-06 -3.222167e-06 	 -8.474223e-06 -9.679665e-07 -3.748128e-06 	 557
11.750000 	 -8.523316e-06 6.014409e-06 -6.126103e-06 	 6.877494e-06 -1.426184e-05 -7.709039e-06 	 -1.645822e-06 -8.247431e-06 -1.383514e-05 	 37
12.250000 	 0.000000e+00 0.000000e+00 0.000000e+00 	 0.000000e+00 0.000000e+00 0.000000e+00 	 0.000000e+00 0.000000e+00 0.000000e+00 	 0
12.750000 	 0.000000e+00 0.000000e+00 0.000000e+00 	 0.000000e+00 0.000000e+00 0.000000e+00 	 0.000000e+00 0.000000e+00 0.000000e+00 	 0
13.250000 	 4.201112e-08 -1.598131e-08 6.997293e-09 	 -1.146158e-08 -4.655903e-08 2.872322e-08 	 3.054954e-08 -6.254035e-08 3.572052e-08 	 1
13.750000 	 0.000000e+00 0.000000e+00 0.000000e+00 	 0.000000e+00 0.000000e+00 0.000000e+00 	 0.000000e+00 0.000000e+00 0.000000e+00 	 0
14.250000 	 0.000000e+00 0.000000e+00 0.000000e+00 	 0.000000e+00 0.000000e+00 0.000000e+00 	 0.000000e+00 0.000000e+00 0.000000e+00 	 0
14.750000 	 0.000000e+00 0.000000e+00 0.000000e+00 	 0.000000e+00 0.000000e+00 0.000000e+00 	 0.000000e+00 0.000000e+00 0.000000e+00 	 0
