# 1  2-4    5-7    8-10   11     
# x  dirEF  recEF  sumEF  #Sample
0.250000 	 0.000000e+00 0.000000e+00 0.000000e+00 	 0.000000e+00 0.000000e+00 0.000000e+00 	 0.000000e+00 0.000000e+00 0.000000e+00 	 0
0.750000 	 0.000000e+00 0.000000e+00 0.000000e+00 	 0.000000e+00 0.000000e+00 0.000000e+00 	 0.000000e+00 0.000000e+00 0.000000e+00 	 0
1.250000 	 0.000000e+00 0.000000e+00 0.000000e+00 	 0.000000e+00 0.000000e+00 0.000000e+00 	 0.000000e+00 0.000000e+00 0.000000e+00 	 0
1.750000 	 0.000000e+00 0.000000e+00 0.000000e+00 	 0.000000e+00 0.000000e+00 0.000000e+00 	 0.000000e+00 0.000000e+00 0.000000e+00 	 0
2.250000 	 0.000000e+00 0.000000e+00 0.000000e+00 	 0.000000e+00 0.000000e+00 0.000000e+00 	 0.000000e+00 0.000000e+00 0.000000e+00 	 0
2.750000 	 0.000000e+00 0.000000e+00 0.000000e+00 	 0.000000e+00 0.000000e+00 0.000000e+00 	 0.000000e+00 0.000000e+00 0.000000e+00 	 0
3.250000 	 -1.044255e-05 -1.148647e-05 -5.399599e-06 	 9.572169e-06 1.739338e-05 2.075894e-05 	 -8.703783e-07 5.906908e-06 1.535934e-05 	 40
3.750000 	 3.706347e-06 -1.289776e-07 2.512164e-07 	 -3.490179e-06 6.042676e-06 -1.947686e-07 	 2.161679e-07 5.913698e-06 5.644781e-08 	 560
4.250000 	 -4.365813e-06 -6.665108e-07 -4.640585e-06 	 -5.800729e-06 -5.001894e-06 2.109600e-06 	 -1.016654e-05 -5.668405e-06 -2.530985e-06 	 916
4.750000 	 1.271987e-06 -7.802066e-07 2.689705e-06 	 1.226020e-05 2.649744e-06 9.037839e-06 	 1.353219e-05 1.869538e-06 1.172754e-05 	 901
5.250000 	 -1.050362e-05 4.078722e-07 4.335695e-06 	 -1.234052e-05 1.050168e-06 -1.218115e-06 	 -2.284414e-05 1.458041e-06 3.117580e-06 	 894
5.750000 	 -2.138344e-05 -6.680148e-07 -8.925187e-07 	 9.682301e-06 -5.300630e-06 1.286446e-06 	 -1.170114e-05 -5.968645e-06 3.939269e-07 	 906
6.250000 	 -1.531521e-07 -2.067831e-06 -1.549373e-06 	 -6.825680e-06 7.122652e-06 -3.169334e-06 	 -6.978832e-06 5.054821e-06 -4.718708e-06 	 954
6.750000 	 2.575369e-05 -6.154137e-06 -7.115224e-07 	 6.488205e-06 1.627566e-06 -2.067251e-06 	 3.224190e-05 -4.526570e-06 -2.778773e-06 	 931
7.250000 	 1.780999e-05 -2.418287e-06 6.435896e-08 	 -7.877423e-07 4.519589e-07 -4.566333e-07 	 1.702225e-05 -1.966328e-06 -3.922744e-07 	 901
7.750000 	 2.619888e-05 4.861037e-06 2.054050e-06 	 6.802337e-06 -2.233461e-06 -7.301637e-07 	 3.300121e-05 2.627576e-06 1.323886e-06 	 873
8.250000 	 1.844606e-05 -3.217110e-07 -2.405743e-06 	 -1.661211e-05 -3.370546e-06 2.977071e-06 	 1.833950e-06 -3.692257e-06 5.713286e-07 	 944
8.750000 	 1.306914e-05 6.300896e-07 -8.669788e-07 	 -6.732573e-07 3.371086e-06 1.641716e-05 	 1.239588e-05 4.001175e-06 1.555018e-05 	 861
9.250000 	 8.964365e-06 2.512295e-06 5.012706e-06 	 9.280234e-06 3.368927e-06 -1.029095e-06 	 1.824460e-05 5.881222e-06 3.983611e-06 	 841
9.750000 	 -1.458674e-06 7.281919e-06 -2.773091e-06 	 3.546630e-06 3.103566e-06 3.703037e-06 	 2.087956e-06 1.038549e-05 9.299460e-07 	 910
10.250000 	 -1.489663e-05 -4.822764e-06 -8.709015e-06 	 3.307287e-07 1.685272e-06 -6.015771e-06 	 -1.456591e-05 -3.137493e-06 -1.472479e-05 	 875
10.750000 	 -7.716073e-06 -2.732037e-06 2.421137e-06 	 8.640122e-06 -9.519429e-06 4.035360e-06 	 9.240490e-07 -1.225147e-05 6.456497e-06 	 900
11.250000 	 -1.301783e-05 -3.543123e-06 -1.349710e-06 	 -4.244553e-06 -3.124324e-06 3.706043e-06 	 -1.726238e-05 -6.667447e-06 2.356333e-06 	 586
11.750000 	 -6.793317e-06 -1.870896e-06 1.828502e-05 	 -1.542586e-05 -1.337256e-05 8.344996e-06 	 -2.221918e-05 -1.524345e-05 2.663002e-05 	 31
12.250000 	 0.000000e+00 0.000000e+00 0.000000e+00 	 0.000000e+00 0.000000e+00 0.000000e+00 	 0.000000e+00 0.000000e+00 0.000000e+00 	 0
12.750000 	 0.000000e+00 0.000000e+00 0.000000e+00 	 0.000000e+00 0.000000e+00 0.000000e+00 	 0.000000e+00 0.000000e+00 0.000000e+00 	 0
13.250000 	 0.000000e+00 0.000000e+00 0.000000e+00 	 0.000000e+00 0.000000e+00 0.000000e+00 	 0.000000e+00 0.000000e+00 0.000000e+00 	 0
13.750000 	 0.000000e+00 0.000000e+00 0.000000e+00 	 0.000000e+00 0.000000e+00 0.000000e+00 	 0.000000e+00 0.000000e+00 0.000000e+00 	 0
14.250000 	 0.000000e+00 0.000000e+00 0.000000e+00 	 0.000000e+00 0.000000e+00 0.000000e+00 	 0.000000e+00 0.000000e+00 0.000000e+00 	 0
14.750000 	 0.000000e+00 0.000000e+00 0.000000e+00 	 0.000000e+00 0.000000e+00 0.000000e+00 	 0.000000e+00 0.000000e+00 0.000000e+00 	 0
