# 1  2-4    5-7    8-10   11     
# x  dirEF  recEF  sumEF  #Sample
0.250000 	 0.000000e+00 0.000000e+00 0.000000e+00 	 0.000000e+00 0.000000e+00 0.000000e+00 	 0.000000e+00 0.000000e+00 0.000000e+00 	 0
0.750000 	 0.000000e+00 0.000000e+00 0.000000e+00 	 0.000000e+00 0.000000e+00 0.000000e+00 	 0.000000e+00 0.000000e+00 0.000000e+00 	 0
1.250000 	 0.000000e+00 0.000000e+00 0.000000e+00 	 0.000000e+00 0.000000e+00 0.000000e+00 	 0.000000e+00 0.000000e+00 0.000000e+00 	 0
1.750000 	 0.000000e+00 0.000000e+00 0.000000e+00 	 0.000000e+00 0.000000e+00 0.000000e+00 	 0.000000e+00 0.000000e+00 0.000000e+00 	 0
2.250000 	 0.000000e+00 0.000000e+00 0.000000e+00 	 0.000000e+00 0.000000e+00 0.000000e+00 	 0.000000e+00 0.000000e+00 0.000000e+00 	 0
2.750000 	 2.216587e-05 9.175064e-06 -3.266844e-05 	 -6.018489e-06 -2.638350e-07 2.674236e-06 	 1.614738e-05 8.911229e-06 -2.999420e-05 	 1
3.250000 	 2.266659e-05 -1.703038e-06 -2.223011e-05 	 -8.243022e-06 3.309700e-06 9.125657e-07 	 1.442356e-05 1.606662e-06 -2.131754e-05 	 29
3.750000 	 7.379284e-06 4.341354e-06 -1.831158e-06 	 2.242043e-06 8.918035e-07 -1.841152e-07 	 9.621327e-06 5.233157e-06 -2.015273e-06 	 568
4.250000 	 -4.356945e-06 3.387777e-06 3.579448e-06 	 1.559180e-06 1.663080e-06 -1.045336e-06 	 -2.797766e-06 5.050857e-06 2.534111e-06 	 868
4.750000 	 1.376758e-06 -4.132270e-06 1.973016e-06 	 1.458869e-06 3.317630e-08 8.754414e-08 	 2.835627e-06 -4.099094e-06 2.060560e-06 	 899
5.250000 	 -2.111912e-06 7.792021e-07 7.883186e-07 	 -7.985052e-06 -1.941739e-06 -9.080098e-07 	 -1.009696e-05 -1.162537e-06 -1.196912e-07 	 938
5.750000 	 1.450705e-05 -2.577603e-06 -1.980446e-07 	 6.828616e-06 -1.211424e-06 3.496527e-06 	 2.133567e-05 -3.789027e-06 3.298482e-06 	 866
6.250000 	 8.214833e-06 7.127399e-07 8.509917e-07 	 -3.546115e-06 4.280422e-07 -1.310994e-06 	 4.668717e-06 1.140782e-06 -4.600027e-07 	 903
6.750000 	 1.643062e-06 1.063366e-06 2.135343e-07 	 2.528931e-06 3.420363e-07 1.873056e-06 	 4.171993e-06 1.405402e-06 2.086590e-06 	 849
7.250000 	 -2.549497e-05 -8.404216e-06 -3.958778e-06 	 -3.418301e-06 3.347174e-07 7.900461e-07 	 -2.891327e-05 -8.069499e-06 -3.168731e-06 	 949
7.750000 	 -1.847519e-05 8.660776e-06 1.221456e-06 	 -7.301673e-07 1.992643e-06 -5.176993e-07 	 -1.920535e-05 1.065342e-05 7.037562e-07 	 916
8.250000 	 -7.155404e-06 -2.010714e-06 -5.912169e-06 	 1.318667e-06 -1.078193e-06 -7.363861e-07 	 -5.836737e-06 -3.088907e-06 -6.648555e-06 	 919
8.750000 	 1.340150e-05 -6.509283e-06 4.119072e-06 	 1.887488e-06 -1.895215e-06 2.533290e-07 	 1.528899e-05 -8.404498e-06 4.372400e-06 	 946
9.250000 	 1.054062e-05 5.468125e-07 3.812708e-06 	 -7.590368e-06 -2.409406e-06 3.849656e-07 	 2.950253e-06 -1.862593e-06 4.197673e-06 	 870
9.750000 	 5.072442e-06 7.103277e-07 -4.174792e-06 	 8.205302e-06 2.051621e-08 -3.482717e-07 	 1.327774e-05 7.308439e-07 -4.523064e-06 	 902
10.250000 	 -2.525755e-05 -2.959835e-08 2.074072e-06 	 -4.648511e-06 7.316958e-07 1.017301e-06 	 -2.990606e-05 7.020975e-07 3.091373e-06 	 905
10.750000 	 -5.292661e-06 -1.523001e-06 2.264785e-06 	 -2.292733e-06 1.567110e-06 -1.762711e-06 	 -7.585393e-06 4.410924e-08 5.020743e-07 	 887
11.250000 	 4.993550e-06 -9.767861e-07 -7.265808e-06 	 4.370842e-06 -2.190820e-06 2.006293e-06 	 9.364393e-06 -3.167607e-06 -5.259515e-06 	 576
11.750000 	 1.633158e-05 -1.984835e-05 -3.417099e-06 	 -5.691988e-06 -3.711250e-06 4.658650e-06 	 1.063959e-05 -2.355960e-05 1.241551e-06 	 33
12.250000 	 0.000000e+00 0.000000e+00 0.000000e+00 	 0.000000e+00 0.000000e+00 0.000000e+00 	 0.000000e+00 0.000000e+00 0.000000e+00 	 0
12.750000 	 0.000000e+00 0.000000e+00 0.000000e+00 	 0.000000e+00 0.000000e+00 0.000000e+00 	 0.000000e+00 0.000000e+00 0.000000e+00 	 0
13.250000 	 0.000000e+00 0.000000e+00 0.000000e+00 	 0.000000e+00 0.000000e+00 0.000000e+00 	 0.000000e+00 0.000000e+00 0.000000e+00 	 0
13.750000 	 0.000000e+00 0.000000e+00 0.000000e+00 	 0.000000e+00 0.000000e+00 0.000000e+00 	 0.000000e+00 0.000000e+00 0.000000e+00 	 0
14.250000 	 0.000000e+00 0.000000e+00 0.000000e+00 	 0.000000e+00 0.000000e+00 0.000000e+00 	 0.000000e+00 0.000000e+00 0.000000e+00 	 0
14.750000 	 0.000000e+00 0.000000e+00 0.000000e+00 	 0.000000e+00 0.000000e+00 0.000000e+00 	 0.000000e+00 0.000000e+00 0.000000e+00 	 0
