# 1  2-4    5-7    8-10   11     
# x  dirEF  recEF  sumEF  #Sample
0.250000 	 0.000000e+00 0.000000e+00 0.000000e+00 	 0.000000e+00 0.000000e+00 0.000000e+00 	 0.000000e+00 0.000000e+00 0.000000e+00 	 0
0.750000 	 0.000000e+00 0.000000e+00 0.000000e+00 	 0.000000e+00 0.000000e+00 0.000000e+00 	 0.000000e+00 0.000000e+00 0.000000e+00 	 0
1.250000 	 0.000000e+00 0.000000e+00 0.000000e+00 	 0.000000e+00 0.000000e+00 0.000000e+00 	 0.000000e+00 0.000000e+00 0.000000e+00 	 0
1.750000 	 0.000000e+00 0.000000e+00 0.000000e+00 	 0.000000e+00 0.000000e+00 0.000000e+00 	 0.000000e+00 0.000000e+00 0.000000e+00 	 0
2.250000 	 0.000000e+00 0.000000e+00 0.000000e+00 	 0.000000e+00 0.000000e+00 0.000000e+00 	 0.000000e+00 0.000000e+00 0.000000e+00 	 0
2.750000 	 0.000000e+00 0.000000e+00 0.000000e+00 	 0.000000e+00 0.000000e+00 0.000000e+00 	 0.000000e+00 0.000000e+00 0.000000e+00 	 0
3.250000 	 3.401179e-05 8.687522e-06 -2.954533e-06 	 -5.855447e-14 5.825514e-14 -1.312561e-13 	 3.401179e-05 8.687522e-06 -2.954533e-06 	 51
3.750000 	 9.926359e-06 -2.065500e-07 7.964008e-07 	 -6.672891e-14 -3.711167e-15 -3.547374e-14 	 9.926359e-06 -2.065500e-07 7.964008e-07 	 538
4.250000 	 -1.454438e-06 -7.082567e-06 -8.643950e-07 	 -4.787840e-14 3.409393e-14 1.178655e-14 	 -1.454438e-06 -7.082567e-06 -8.643950e-07 	 858
4.750000 	 -9.183721e-06 -2.268423e-06 5.206227e-06 	 7.217798e-14 6.657591e-15 5.047843e-14 	 -9.183721e-06 -2.268423e-06 5.206227e-06 	 942
5.250000 	 -1.412482e-05 4.115710e-06 -5.027035e-06 	 -1.966219e-13 1.753332e-14 -1.161379e-15 	 -1.412482e-05 4.115710e-06 -5.027035e-06 	 881
5.750000 	 4.356531e-06 2.493116e-06 -1.492833e-06 	 -1.154913e-14 8.513622e-14 1.237212e-14 	 4.356530e-06 2.493117e-06 -1.492833e-06 	 910
6.250000 	 2.531095e-05 -4.925028e-07 5.868209e-06 	 8.379443e-14 1.565377e-14 2.806926e-14 	 2.531095e-05 -4.925028e-07 5.868209e-06 	 924
6.750000 	 1.170162e-05 -7.715200e-06 -3.640104e-06 	 -1.288574e-13 -1.907111e-14 1.278247e-14 	 1.170162e-05 -7.715200e-06 -3.640104e-06 	 869
7.250000 	 -3.564197e-06 5.293182e-06 -3.761778e-06 	 8.021105e-14 -2.453704e-14 6.510187e-15 	 -3.564197e-06 5.293182e-06 -3.761778e-06 	 864
7.750000 	 -1.672826e-05 1.866830e-06 3.611174e-06 	 -6.224581e-14 -4.958791e-14 9.076037e-14 	 -1.672826e-05 1.866830e-06 3.611174e-06 	 899
8.250000 	 -3.080283e-05 2.823674e-06 -6.043231e-06 	 -3.602333e-14 -3.194145e-14 2.048079e-15 	 -3.080283e-05 2.823674e-06 -6.043231e-06 	 946
8.750000 	 -1.665828e-05 -1.863015e-06 6.088873e-06 	 4.006861e-14 1.045261e-14 -1.312168e-14 	 -1.665828e-05 -1.863015e-06 6.088873e-06 	 853
9.250000 	 -1.081835e-05 -2.713942e-06 -2.396638e-06 	 2.273490e-14 1.009868e-14 -6.177372e-15 	 -1.081835e-05 -2.713942e-06 -2.396638e-06 	 926
9.750000 	 -1.255305e-05 4.201474e-06 4.284759e-06 	 4.098924e-14 -1.410117e-15 7.434884e-14 	 -1.255305e-05 4.201474e-06 4.284759e-06 	 894
10.250000 	 -2.418834e-05 -1.144771e-06 -1.984991e-06 	 5.349167e-14 -2.707785e-14 -4.933879e-15 	 -2.418834e-05 -1.144771e-06 -1.984991e-06 	 888
10.750000 	 -7.490052e-06 -3.003779e-06 -5.747226e-06 	 1.147823e-14 1.846584e-14 -1.301779e-14 	 -7.490052e-06 -3.003779e-06 -5.747226e-06 	 920
11.250000 	 1.233351e-05 3.229931e-06 -7.525153e-07 	 9.900472e-14 -4.236649e-14 4.001818e-14 	 1.233351e-05 3.229931e-06 -7.525152e-07 	 609
11.750000 	 2.269436e-05 -1.469166e-05 1.457394e-05 	 -1.670254e-13 -3.117590e-14 -8.870460e-14 	 2.269436e-05 -1.469166e-05 1.457394e-05 	 50
12.250000 	 0.000000e+00 0.000000e+00 0.000000e+00 	 0.000000e+00 0.000000e+00 0.000000e+00 	 0.000000e+00 0.000000e+00 0.000000e+00 	 0
12.750000 	 0.000000e+00 0.000000e+00 0.000000e+00 	 0.000000e+00 0.000000e+00 0.000000e+00 	 0.000000e+00 0.000000e+00 0.000000e+00 	 0
13.250000 	 2.358954e-09 -2.961388e-10 -1.033416e-10 	 -2.901235e-12 3.830269e-14 -6.099114e-14 	 2.356053e-09 -2.961005e-10 -1.034025e-10 	 2
13.750000 	 0.000000e+00 0.000000e+00 0.000000e+00 	 0.000000e+00 0.000000e+00 0.000000e+00 	 0.000000e+00 0.000000e+00 0.000000e+00 	 0
14.250000 	 0.000000e+00 0.000000e+00 0.000000e+00 	 0.000000e+00 0.000000e+00 0.000000e+00 	 0.000000e+00 0.000000e+00 0.000000e+00 	 0
14.750000 	 0.000000e+00 0.000000e+00 0.000000e+00 	 0.000000e+00 0.000000e+00 0.000000e+00 	 0.000000e+00 0.000000e+00 0.000000e+00 	 0
