# 1  2-4    5-7    8-10   11     
# x  dirEF  recEF  sumEF  #Sample
0.250000 	 0.000000e+00 0.000000e+00 0.000000e+00 	 0.000000e+00 0.000000e+00 0.000000e+00 	 0.000000e+00 0.000000e+00 0.000000e+00 	 0
0.750000 	 0.000000e+00 0.000000e+00 0.000000e+00 	 0.000000e+00 0.000000e+00 0.000000e+00 	 0.000000e+00 0.000000e+00 0.000000e+00 	 0
1.250000 	 0.000000e+00 0.000000e+00 0.000000e+00 	 0.000000e+00 0.000000e+00 0.000000e+00 	 0.000000e+00 0.000000e+00 0.000000e+00 	 0
1.750000 	 0.000000e+00 0.000000e+00 0.000000e+00 	 0.000000e+00 0.000000e+00 0.000000e+00 	 0.000000e+00 0.000000e+00 0.000000e+00 	 0
2.250000 	 0.000000e+00 0.000000e+00 0.000000e+00 	 0.000000e+00 0.000000e+00 0.000000e+00 	 0.000000e+00 0.000000e+00 0.000000e+00 	 0
2.750000 	 0.000000e+00 0.000000e+00 0.000000e+00 	 0.000000e+00 0.000000e+00 0.000000e+00 	 0.000000e+00 0.000000e+00 0.000000e+00 	 0
3.250000 	 3.401179e-05 8.687522e-06 -2.954533e-06 	 -4.595294e-06 -1.243713e-05 7.820722e-06 	 2.941649e-05 -3.749608e-06 4.866189e-06 	 51
3.750000 	 9.926359e-06 -2.065500e-07 7.964008e-07 	 -4.781816e-06 -2.026036e-06 -1.052839e-06 	 5.144543e-06 -2.232586e-06 -2.564385e-07 	 538
4.250000 	 -1.454438e-06 -7.082567e-06 -8.643950e-07 	 -3.153761e-06 4.901894e-06 -4.813200e-06 	 -4.608199e-06 -2.180673e-06 -5.677595e-06 	 858
4.750000 	 -9.183721e-06 -2.268423e-06 5.206227e-06 	 -4.930988e-06 9.578461e-06 -6.069331e-06 	 -1.411471e-05 7.310038e-06 -8.631042e-07 	 942
5.250000 	 -1.412482e-05 4.115710e-06 -5.027035e-06 	 -3.690705e-06 -1.367956e-06 -2.183841e-08 	 -1.781553e-05 2.747754e-06 -5.048873e-06 	 881
5.750000 	 4.356531e-06 2.493116e-06 -1.492833e-06 	 9.389999e-06 6.140521e-06 2.209946e-07 	 1.374653e-05 8.633638e-06 -1.271838e-06 	 910
6.250000 	 2.531095e-05 -4.925028e-07 5.868209e-06 	 -4.312130e-07 3.474619e-06 -1.237146e-05 	 2.487973e-05 2.982116e-06 -6.503248e-06 	 924
6.750000 	 1.170162e-05 -7.715200e-06 -3.640104e-06 	 1.488610e-05 7.658275e-07 2.010088e-06 	 2.658771e-05 -6.949373e-06 -1.630016e-06 	 869
7.250000 	 -3.564197e-06 5.293182e-06 -3.761778e-06 	 -5.899989e-06 3.876338e-06 7.055639e-07 	 -9.464187e-06 9.169521e-06 -3.056215e-06 	 864
7.750000 	 -1.672826e-05 1.866830e-06 3.611174e-06 	 -5.945285e-06 1.611046e-07 2.799937e-06 	 -2.267355e-05 2.027935e-06 6.411111e-06 	 899
8.250000 	 -3.080283e-05 2.823674e-06 -6.043231e-06 	 -2.049063e-05 -5.316293e-07 4.800586e-06 	 -5.129346e-05 2.292045e-06 -1.242644e-06 	 946
8.750000 	 -1.665828e-05 -1.863015e-06 6.088873e-06 	 -8.469156e-06 -2.313608e-06 -7.267092e-06 	 -2.512744e-05 -4.176623e-06 -1.178219e-06 	 853
9.250000 	 -1.081835e-05 -2.713942e-06 -2.396638e-06 	 4.017584e-06 3.702647e-07 -6.384771e-06 	 -6.800768e-06 -2.343677e-06 -8.781409e-06 	 926
9.750000 	 -1.255305e-05 4.201474e-06 4.284759e-06 	 1.074897e-05 -4.160303e-06 3.114624e-06 	 -1.804078e-06 4.117120e-08 7.399384e-06 	 894
10.250000 	 -2.418834e-05 -1.144771e-06 -1.984991e-06 	 -5.368350e-06 2.465147e-06 4.199526e-06 	 -2.955669e-05 1.320376e-06 2.214535e-06 	 888
10.750000 	 -7.490052e-06 -3.003779e-06 -5.747226e-06 	 7.190976e-06 4.162704e-06 5.671582e-06 	 -2.990753e-07 1.158925e-06 -7.564397e-08 	 920
11.250000 	 1.233351e-05 3.229931e-06 -7.525153e-07 	 -1.374367e-06 -4.018464e-06 1.829546e-06 	 1.095914e-05 -7.885330e-07 1.077031e-06 	 609
11.750000 	 2.269436e-05 -1.469166e-05 1.457394e-05 	 8.920665e-06 1.443885e-05 -1.137997e-05 	 3.161502e-05 -2.528096e-07 3.193968e-06 	 50
12.250000 	 0.000000e+00 0.000000e+00 0.000000e+00 	 0.000000e+00 0.000000e+00 0.000000e+00 	 0.000000e+00 0.000000e+00 0.000000e+00 	 0
12.750000 	 0.000000e+00 0.000000e+00 0.000000e+00 	 0.000000e+00 0.000000e+00 0.000000e+00 	 0.000000e+00 0.000000e+00 0.000000e+00 	 0
13.250000 	 2.358954e-09 -2.961388e-10 -1.033416e-10 	 3.496954e-05 -4.961345e-05 -3.319674e-05 	 3.497190e-05 -4.961375e-05 -3.319684e-05 	 2
13.750000 	 0.000000e+00 0.000000e+00 0.000000e+00 	 0.000000e+00 0.000000e+00 0.000000e+00 	 0.000000e+00 0.000000e+00 0.000000e+00 	 0
14.250000 	 0.000000e+00 0.000000e+00 0.000000e+00 	 0.000000e+00 0.000000e+00 0.000000e+00 	 0.000000e+00 0.000000e+00 0.000000e+00 	 0
14.750000 	 0.000000e+00 0.000000e+00 0.000000e+00 	 0.000000e+00 0.000000e+00 0.000000e+00 	 0.000000e+00 0.000000e+00 0.000000e+00 	 0
