# 1  2-4    5-7    8-10   11     
# x  dirEF  recEF  sumEF  #Sample
0.250000 	 1.226631e-08 5.024854e-09 4.424871e-09 	 -7.212079e-05 2.537624e-06 -8.544355e-06 	 -7.210852e-05 2.542649e-06 -8.539931e-06 	 1
0.750000 	 0.000000e+00 0.000000e+00 0.000000e+00 	 0.000000e+00 0.000000e+00 0.000000e+00 	 0.000000e+00 0.000000e+00 0.000000e+00 	 0
1.250000 	 -3.808177e-11 6.181099e-12 -3.131929e-11 	 3.890070e-05 4.479880e-05 7.539932e-05 	 3.890066e-05 4.479881e-05 7.539929e-05 	 1
1.750000 	 0.000000e+00 0.000000e+00 0.000000e+00 	 0.000000e+00 0.000000e+00 0.000000e+00 	 0.000000e+00 0.000000e+00 0.000000e+00 	 0
2.250000 	 1.071055e-05 -1.138739e-05 -4.883292e-06 	 -7.127224e-05 5.694693e-05 -5.671521e-05 	 -6.056169e-05 4.555954e-05 -6.159850e-05 	 1
2.750000 	 0.000000e+00 0.000000e+00 0.000000e+00 	 0.000000e+00 0.000000e+00 0.000000e+00 	 0.000000e+00 0.000000e+00 0.000000e+00 	 0
3.250000 	 -3.005353e-05 8.497874e-06 -9.366117e-06 	 -6.922820e-06 2.142264e-05 -1.809855e-05 	 -3.697635e-05 2.992051e-05 -2.746467e-05 	 39
3.750000 	 -1.262761e-05 -3.976632e-06 -3.000563e-06 	 -3.936988e-06 6.647198e-06 -8.091945e-06 	 -1.656460e-05 2.670566e-06 -1.109251e-05 	 551
4.250000 	 -1.625147e-05 -2.329530e-07 3.695612e-06 	 3.268975e-06 5.593874e-06 -1.351680e-06 	 -1.298249e-05 5.360922e-06 2.343932e-06 	 917
4.750000 	 -1.109315e-05 3.025099e-06 -3.615828e-07 	 -4.556280e-07 -9.604845e-07 -3.984300e-07 	 -1.154878e-05 2.064614e-06 -7.600128e-07 	 933
5.250000 	 1.602411e-06 -2.510439e-06 2.212530e-06 	 -1.275002e-05 6.155960e-06 -8.321859e-06 	 -1.114761e-05 3.645521e-06 -6.109329e-06 	 878
5.750000 	 2.242412e-05 1.476688e-06 3.662328e-06 	 1.155163e-05 -6.064201e-06 -4.950523e-06 	 3.397575e-05 -4.587513e-06 -1.288194e-06 	 948
6.250000 	 1.481767e-05 1.099285e-05 5.187959e-08 	 -4.537080e-06 4.084847e-06 -8.470646e-06 	 1.028059e-05 1.507770e-05 -8.418766e-06 	 911
6.750000 	 1.790670e-06 -3.060916e-06 -5.342333e-06 	 -1.482778e-05 -5.158161e-07 5.446215e-06 	 -1.303711e-05 -3.576732e-06 1.038821e-07 	 890
7.250000 	 -7.110183e-07 4.626059e-06 5.747794e-06 	 -1.503823e-06 8.132459e-06 2.372001e-06 	 -2.214841e-06 1.275852e-05 8.119796e-06 	 908
7.750000 	 1.810888e-05 -5.595844e-07 -7.450793e-06 	 -3.168689e-06 -5.429270e-06 4.803579e-06 	 1.494019e-05 -5.988855e-06 -2.647214e-06 	 936
8.250000 	 2.094958e-05 5.646726e-06 -4.537305e-06 	 4.679859e-06 -3.507850e-08 1.678442e-06 	 2.562943e-05 5.611648e-06 -2.858863e-06 	 894
8.750000 	 5.681846e-06 1.713442e-06 4.667304e-06 	 8.547121e-06 -1.880594e-06 9.472316e-06 	 1.422897e-05 -1.671517e-07 1.413962e-05 	 826
9.250000 	 -6.507965e-06 -7.842859e-06 5.993886e-07 	 1.284150e-05 2.702358e-06 3.293281e-06 	 6.333531e-06 -5.140501e-06 3.892669e-06 	 897
9.750000 	 -1.690594e-05 5.799511e-06 -6.456482e-06 	 -6.038289e-06 -6.513816e-06 6.480234e-06 	 -2.294423e-05 -7.143051e-07 2.375281e-08 	 929
10.250000 	 4.822875e-06 3.914955e-07 4.596986e-06 	 2.726223e-07 -6.567129e-08 -1.005380e-06 	 5.095497e-06 3.258242e-07 3.591605e-06 	 915
10.750000 	 1.083032e-05 -4.159041e-06 -4.524163e-07 	 -8.533452e-06 7.411374e-07 -3.757253e-06 	 2.296864e-06 -3.417903e-06 -4.209669e-06 	 894
11.250000 	 -8.437459e-06 1.503845e-06 -4.910333e-06 	 4.910699e-06 -2.742100e-07 -4.500188e-06 	 -3.526759e-06 1.229635e-06 -9.410521e-06 	 519
11.750000 	 -1.275175e-05 1.015231e-05 6.452506e-06 	 -1.291421e-05 -6.389714e-07 6.742673e-06 	 -2.566596e-05 9.513343e-06 1.319518e-05 	 35
12.250000 	 0.000000e+00 0.000000e+00 0.000000e+00 	 0.000000e+00 0.000000e+00 0.000000e+00 	 0.000000e+00 0.000000e+00 0.000000e+00 	 0
12.750000 	 0.000000e+00 0.000000e+00 0.000000e+00 	 0.000000e+00 0.000000e+00 0.000000e+00 	 0.000000e+00 0.000000e+00 0.000000e+00 	 0
13.250000 	 0.000000e+00 0.000000e+00 0.000000e+00 	 0.000000e+00 0.000000e+00 0.000000e+00 	 0.000000e+00 0.000000e+00 0.000000e+00 	 0
13.750000 	 1.099023e-12 2.091977e-12 1.095189e-12 	 5.935789e-05 -6.431109e-05 7.328197e-05 	 5.935789e-05 -6.431108e-05 7.328197e-05 	 1
14.250000 	 0.000000e+00 0.000000e+00 0.000000e+00 	 0.000000e+00 0.000000e+00 0.000000e+00 	 0.000000e+00 0.000000e+00 0.000000e+00 	 0
14.750000 	 0.000000e+00 0.000000e+00 0.000000e+00 	 0.000000e+00 0.000000e+00 0.000000e+00 	 0.000000e+00 0.000000e+00 0.000000e+00 	 0
