# 1  2-4    5-7    8-10   11     
# x  dirEF  recEF  sumEF  #Sample
0.250000 	 0.000000e+00 0.000000e+00 0.000000e+00 	 0.000000e+00 0.000000e+00 0.000000e+00 	 0.000000e+00 0.000000e+00 0.000000e+00 	 0
0.750000 	 0.000000e+00 0.000000e+00 0.000000e+00 	 2.892575e-12 -3.706452e-11 2.441390e-10 	 2.892575e-12 -3.706452e-11 2.441390e-10 	 1
1.250000 	 0.000000e+00 0.000000e+00 0.000000e+00 	 0.000000e+00 0.000000e+00 0.000000e+00 	 0.000000e+00 0.000000e+00 0.000000e+00 	 0
1.750000 	 0.000000e+00 0.000000e+00 0.000000e+00 	 0.000000e+00 0.000000e+00 0.000000e+00 	 0.000000e+00 0.000000e+00 0.000000e+00 	 0
2.250000 	 0.000000e+00 0.000000e+00 0.000000e+00 	 0.000000e+00 0.000000e+00 0.000000e+00 	 0.000000e+00 0.000000e+00 0.000000e+00 	 0
2.750000 	 0.000000e+00 0.000000e+00 0.000000e+00 	 0.000000e+00 0.000000e+00 0.000000e+00 	 0.000000e+00 0.000000e+00 0.000000e+00 	 0
3.250000 	 -2.323510e-05 1.335913e-06 -7.625951e-06 	 -6.196551e-08 -6.275021e-06 5.667125e-06 	 -2.329707e-05 -4.939108e-06 -1.958825e-06 	 48
3.750000 	 2.320992e-06 2.828187e-06 -1.544661e-06 	 1.888042e-06 -5.939588e-08 -8.715699e-07 	 4.209035e-06 2.768791e-06 -2.416231e-06 	 585
4.250000 	 1.767619e-05 2.473604e-06 -3.000621e-06 	 2.054613e-06 -3.487631e-07 1.976324e-06 	 1.973080e-05 2.124841e-06 -1.024297e-06 	 940
4.750000 	 2.835015e-05 -9.608863e-06 1.630736e-06 	 -5.397052e-06 -2.631978e-06 -2.906837e-06 	 2.295310e-05 -1.224084e-05 -1.276101e-06 	 916
5.250000 	 3.553007e-05 -2.686559e-06 2.441220e-06 	 4.755953e-06 -4.866523e-07 -1.520620e-06 	 4.028602e-05 -3.173211e-06 9.206009e-07 	 878
5.750000 	 -1.175730e-05 3.408445e-06 -3.944138e-06 	 -1.722324e-07 -3.183937e-06 1.945530e-06 	 -1.192953e-05 2.245076e-07 -1.998608e-06 	 883
6.250000 	 -2.500066e-05 -6.233871e-06 1.514640e-06 	 -2.669868e-06 -2.134963e-07 -3.322441e-06 	 -2.767053e-05 -6.447367e-06 -1.807801e-06 	 847
6.750000 	 -1.660808e-05 7.072450e-06 -1.998929e-06 	 -3.947897e-06 -4.010017e-07 5.207281e-07 	 -2.055598e-05 6.671449e-06 -1.478201e-06 	 899
7.250000 	 -1.314364e-05 -4.415086e-06 7.485699e-06 	 6.613849e-06 2.602641e-06 -4.151498e-07 	 -6.529794e-06 -1.812445e-06 7.070549e-06 	 925
7.750000 	 5.987468e-06 4.429688e-06 4.174905e-06 	 -6.926408e-06 -2.688208e-07 -7.926817e-07 	 -9.389396e-07 4.160867e-06 3.382223e-06 	 912
8.250000 	 2.111751e-05 -6.541970e-07 -6.687164e-06 	 3.633879e-06 4.102229e-06 -8.126073e-07 	 2.475139e-05 3.448032e-06 -7.499772e-06 	 902
8.750000 	 6.573314e-06 -3.677089e-06 1.009473e-06 	 -2.915555e-06 1.827919e-06 1.262286e-06 	 3.657759e-06 -1.849171e-06 2.271759e-06 	 916
9.250000 	 1.405823e-05 1.914424e-06 -4.347029e-06 	 3.641062e-06 4.438536e-07 2.748938e-07 	 1.769929e-05 2.358277e-06 -4.072136e-06 	 890
9.750000 	 1.193633e-05 -3.800915e-07 -1.432552e-06 	 -2.060327e-06 -2.002979e-06 1.661898e-06 	 9.876007e-06 -2.383071e-06 2.293453e-07 	 878
10.250000 	 -1.062309e-06 2.416000e-06 -1.273153e-06 	 1.092932e-06 -2.874085e-08 -1.788154e-07 	 3.062265e-08 2.387259e-06 -1.451969e-06 	 873
10.750000 	 -1.633569e-05 -1.228121e-06 -7.676083e-06 	 -2.776196e-06 8.733238e-07 -5.995268e-08 	 -1.911188e-05 -3.547972e-07 -7.736036e-06 	 944
11.250000 	 1.082889e-06 6.192485e-06 1.892103e-06 	 8.312017e-06 -1.317733e-06 -1.137283e-06 	 9.394906e-06 4.874751e-06 7.548193e-07 	 541
11.750000 	 -1.290514e-06 -5.867405e-06 -1.309721e-05 	 -8.188411e-06 3.479652e-06 -3.315084e-07 	 -9.478925e-06 -2.387753e-06 -1.342871e-05 	 44
12.250000 	 0.000000e+00 0.000000e+00 0.000000e+00 	 0.000000e+00 0.000000e+00 0.000000e+00 	 0.000000e+00 0.000000e+00 0.000000e+00 	 0
12.750000 	 0.000000e+00 0.000000e+00 0.000000e+00 	 0.000000e+00 0.000000e+00 0.000000e+00 	 0.000000e+00 0.000000e+00 0.000000e+00 	 0
13.250000 	 1.323516e-05 -4.932733e-07 -2.857177e-06 	 1.624491e-08 -1.074907e-08 -8.292139e-09 	 1.325141e-05 -5.040224e-07 -2.865469e-06 	 1
13.750000 	 0.000000e+00 0.000000e+00 0.000000e+00 	 0.000000e+00 0.000000e+00 0.000000e+00 	 0.000000e+00 0.000000e+00 0.000000e+00 	 0
14.250000 	 -3.967598e-12 3.689832e-12 4.207643e-12 	 3.344436e-10 -2.778224e-10 -5.373166e-10 	 3.304761e-10 -2.741326e-10 -5.331090e-10 	 1
14.750000 	 0.000000e+00 0.000000e+00 0.000000e+00 	 0.000000e+00 0.000000e+00 0.000000e+00 	 0.000000e+00 0.000000e+00 0.000000e+00 	 0
