# 1  2-4    5-7    8-10   11     
# x  dirEF  recEF  sumEF  #Sample
0.250000 	 -7.981135e-11 8.743649e-12 2.576631e-12 	 4.818235e-05 -1.172845e-05 5.814394e-05 	 4.818227e-05 -1.172845e-05 5.814395e-05 	 1
0.750000 	 0.000000e+00 0.000000e+00 0.000000e+00 	 0.000000e+00 0.000000e+00 0.000000e+00 	 0.000000e+00 0.000000e+00 0.000000e+00 	 0
1.250000 	 0.000000e+00 0.000000e+00 0.000000e+00 	 0.000000e+00 0.000000e+00 0.000000e+00 	 0.000000e+00 0.000000e+00 0.000000e+00 	 0
1.750000 	 0.000000e+00 0.000000e+00 0.000000e+00 	 0.000000e+00 0.000000e+00 0.000000e+00 	 0.000000e+00 0.000000e+00 0.000000e+00 	 0
2.250000 	 0.000000e+00 0.000000e+00 0.000000e+00 	 0.000000e+00 0.000000e+00 0.000000e+00 	 0.000000e+00 0.000000e+00 0.000000e+00 	 0
2.750000 	 -4.607078e-05 2.970338e-06 3.645718e-05 	 -8.361682e-05 -1.779418e-05 3.176099e-05 	 -1.296876e-04 -1.482384e-05 6.821817e-05 	 2
3.250000 	 1.465400e-05 1.018570e-05 -6.630198e-06 	 -1.896320e-06 -1.137256e-05 -2.220879e-06 	 1.275768e-05 -1.186863e-06 -8.851077e-06 	 32
3.750000 	 -3.356272e-06 -8.253390e-07 7.277283e-06 	 -4.938636e-06 2.900977e-06 5.978794e-06 	 -8.294908e-06 2.075638e-06 1.325608e-05 	 526
4.250000 	 -2.238946e-05 -6.756367e-07 -2.070592e-06 	 -5.438806e-06 3.332263e-06 -3.208589e-06 	 -2.782827e-05 2.656626e-06 -5.279180e-06 	 903
4.750000 	 -1.147040e-05 -1.199608e-06 -3.288946e-06 	 5.665811e-06 6.113774e-07 -6.872461e-06 	 -5.804586e-06 -5.882302e-07 -1.016141e-05 	 911
5.250000 	 3.947763e-06 5.421149e-06 3.486127e-06 	 4.503930e-06 -1.925341e-07 -4.317197e-06 	 8.451693e-06 5.228615e-06 -8.310696e-07 	 951
5.750000 	 1.480217e-05 -5.249066e-06 -5.678895e-06 	 -7.215963e-06 -5.108032e-07 -2.862609e-06 	 7.586208e-06 -5.759869e-06 -8.541503e-06 	 886
6.250000 	 2.666015e-05 2.401386e-06 -1.095896e-06 	 6.029456e-06 6.345567e-06 7.137203e-06 	 3.268960e-05 8.746953e-06 6.041306e-06 	 938
6.750000 	 6.360098e-07 -5.245725e-06 5.077545e-06 	 -5.331546e-06 6.999737e-06 3.893987e-06 	 -4.695536e-06 1.754012e-06 8.971532e-06 	 904
7.250000 	 -2.168665e-05 2.609664e-06 -3.839818e-06 	 7.555134e-06 -9.843771e-07 1.059512e-06 	 -1.413152e-05 1.625287e-06 -2.780306e-06 	 880
7.750000 	 -1.788684e-05 5.281231e-06 -1.826753e-06 	 1.483802e-06 -5.830510e-06 2.478565e-06 	 -1.640304e-05 -5.492792e-07 6.518120e-07 	 898
8.250000 	 -1.265798e-05 1.182141e-06 5.007584e-06 	 -3.039053e-06 4.081822e-06 1.154177e-06 	 -1.569703e-05 5.263964e-06 6.161761e-06 	 980
8.750000 	 -7.462238e-06 -8.226019e-06 5.462402e-07 	 -2.819465e-06 4.734016e-06 4.608863e-06 	 -1.028170e-05 -3.492003e-06 5.155103e-06 	 889
9.250000 	 6.761729e-06 -2.346091e-06 1.876255e-07 	 5.931665e-06 9.589962e-06 -8.183756e-07 	 1.269339e-05 7.243870e-06 -6.307502e-07 	 877
9.750000 	 1.270706e-05 1.371564e-06 -8.757258e-07 	 -6.964935e-06 -7.366006e-06 9.036668e-07 	 5.742122e-06 -5.994442e-06 2.794104e-08 	 914
10.250000 	 2.076919e-05 -5.496439e-07 9.469414e-06 	 -4.306539e-06 7.612607e-06 -1.150486e-05 	 1.646265e-05 7.062964e-06 -2.035443e-06 	 899
10.750000 	 1.106627e-05 -1.051499e-06 -3.101352e-06 	 9.978340e-06 2.950056e-07 -1.432325e-06 	 2.104461e-05 -7.564933e-07 -4.533677e-06 	 851
11.250000 	 3.428844e-06 -2.305182e-06 -5.257591e-06 	 5.518303e-07 -2.442419e-06 -9.015713e-06 	 3.980674e-06 -4.747601e-06 -1.427330e-05 	 535
11.750000 	 3.463283e-06 5.901642e-06 -5.624881e-06 	 5.220752e-06 1.690291e-05 9.856108e-06 	 8.684035e-06 2.280455e-05 4.231227e-06 	 45
12.250000 	 0.000000e+00 0.000000e+00 0.000000e+00 	 0.000000e+00 0.000000e+00 0.000000e+00 	 0.000000e+00 0.000000e+00 0.000000e+00 	 0
12.750000 	 0.000000e+00 0.000000e+00 0.000000e+00 	 0.000000e+00 0.000000e+00 0.000000e+00 	 0.000000e+00 0.000000e+00 0.000000e+00 	 0
13.250000 	 -3.150772e-08 -2.497917e-09 -4.403828e-09 	 6.355181e-05 6.685513e-06 -1.523104e-05 	 6.352030e-05 6.683015e-06 -1.523545e-05 	 1
13.750000 	 0.000000e+00 0.000000e+00 0.000000e+00 	 0.000000e+00 0.000000e+00 0.000000e+00 	 0.000000e+00 0.000000e+00 0.000000e+00 	 0
14.250000 	 0.000000e+00 0.000000e+00 0.000000e+00 	 -3.051699e-05 -3.082245e-05 3.889925e-05 	 -3.051699e-05 -3.082245e-05 3.889925e-05 	 1
14.750000 	 0.000000e+00 0.000000e+00 0.000000e+00 	 0.000000e+00 0.000000e+00 0.000000e+00 	 0.000000e+00 0.000000e+00 0.000000e+00 	 0
