# 1  2-4    5-7    8-10   11     
# x  dirEF  recEF  sumEF  #Sample
0.250000 	 0.000000e+00 0.000000e+00 0.000000e+00 	 0.000000e+00 0.000000e+00 0.000000e+00 	 0.000000e+00 0.000000e+00 0.000000e+00 	 0
0.750000 	 0.000000e+00 0.000000e+00 0.000000e+00 	 0.000000e+00 0.000000e+00 0.000000e+00 	 0.000000e+00 0.000000e+00 0.000000e+00 	 0
1.250000 	 0.000000e+00 0.000000e+00 0.000000e+00 	 0.000000e+00 0.000000e+00 0.000000e+00 	 0.000000e+00 0.000000e+00 0.000000e+00 	 0
1.750000 	 2.086964e-08 -4.550425e-09 -1.435997e-08 	 -9.258780e-07 -1.209353e-06 -1.296835e-06 	 -9.050084e-07 -1.213904e-06 -1.311195e-06 	 1
2.250000 	 0.000000e+00 0.000000e+00 0.000000e+00 	 0.000000e+00 0.000000e+00 0.000000e+00 	 0.000000e+00 0.000000e+00 0.000000e+00 	 0
2.750000 	 0.000000e+00 0.000000e+00 0.000000e+00 	 0.000000e+00 0.000000e+00 0.000000e+00 	 0.000000e+00 0.000000e+00 0.000000e+00 	 0
3.250000 	 -1.584370e-05 9.294238e-06 -2.591913e-06 	 1.154408e-05 1.839728e-06 -6.759674e-07 	 -4.299627e-06 1.113397e-05 -3.267880e-06 	 32
3.750000 	 6.954180e-06 -5.064555e-06 3.092352e-06 	 -6.324120e-06 -1.305253e-06 3.807260e-06 	 6.300602e-07 -6.369808e-06 6.899612e-06 	 538
4.250000 	 -3.420204e-06 3.473502e-06 4.458411e-07 	 -2.171110e-06 8.077593e-07 -1.252134e-06 	 -5.591313e-06 4.281262e-06 -8.062932e-07 	 895
4.750000 	 -1.790269e-05 -4.500287e-06 -1.083853e-06 	 1.867247e-06 -6.242474e-07 -3.231219e-08 	 -1.603545e-05 -5.124535e-06 -1.116165e-06 	 869
5.250000 	 -1.796506e-05 5.028246e-06 2.409965e-06 	 -2.364226e-06 3.840216e-07 7.094927e-07 	 -2.032929e-05 5.412268e-06 3.119458e-06 	 915
5.750000 	 -5.510387e-06 1.127131e-06 -2.577829e-06 	 1.862509e-06 -2.871852e-06 9.433439e-07 	 -3.647878e-06 -1.744721e-06 -1.634486e-06 	 862
6.250000 	 7.942538e-06 -1.316113e-06 2.734475e-06 	 5.083544e-06 -1.683477e-06 2.596671e-06 	 1.302608e-05 -2.999590e-06 5.331146e-06 	 1008
6.750000 	 -1.101463e-05 8.164742e-08 -7.403556e-06 	 -5.133158e-06 -2.717449e-06 -8.085539e-07 	 -1.614779e-05 -2.635802e-06 -8.212110e-06 	 898
7.250000 	 -6.310771e-06 1.640994e-06 2.159731e-06 	 4.479931e-06 2.102364e-06 -2.062825e-06 	 -1.830841e-06 3.743358e-06 9.690567e-08 	 872
7.750000 	 -2.274198e-05 1.504129e-06 -2.749533e-07 	 -5.082458e-06 -1.960867e-07 1.281643e-06 	 -2.782443e-05 1.308043e-06 1.006689e-06 	 903
8.250000 	 -9.410379e-06 5.943329e-07 4.875768e-07 	 4.531208e-06 -5.217761e-07 9.178605e-07 	 -4.879171e-06 7.255676e-08 1.405437e-06 	 930
8.750000 	 2.815634e-05 -5.091069e-07 6.626237e-07 	 -1.246143e-06 1.631854e-06 -7.732175e-07 	 2.691020e-05 1.122747e-06 -1.105938e-07 	 929
9.250000 	 3.863563e-05 -9.126791e-07 -2.285611e-06 	 -2.492876e-06 -1.030322e-06 -7.297268e-07 	 3.614275e-05 -1.943001e-06 -3.015337e-06 	 919
9.750000 	 3.124061e-05 -1.845019e-06 4.598282e-06 	 5.788060e-06 1.202858e-07 -1.683710e-06 	 3.702867e-05 -1.724733e-06 2.914572e-06 	 876
10.250000 	 2.203517e-05 2.692416e-06 3.821282e-06 	 -4.455966e-06 -6.674786e-07 -9.342696e-07 	 1.757920e-05 2.024937e-06 2.887013e-06 	 913
10.750000 	 -1.437244e-05 -3.933944e-06 -1.804514e-06 	 2.826254e-06 -3.898046e-07 3.531369e-09 	 -1.154619e-05 -4.323749e-06 -1.800983e-06 	 886
11.250000 	 -2.495566e-05 1.782642e-06 -1.085363e-06 	 -3.067637e-07 -2.558584e-06 1.677745e-07 	 -2.526242e-05 -7.759414e-07 -9.175887e-07 	 533
11.750000 	 -2.391348e-05 1.254269e-05 -1.870492e-05 	 -2.700267e-06 2.897886e-07 2.638850e-08 	 -2.661375e-05 1.283248e-05 -1.867854e-05 	 44
12.250000 	 -8.341529e-06 -5.124949e-05 -2.873935e-05 	 9.827610e-07 1.070559e-06 -2.541735e-06 	 -7.358768e-06 -5.017893e-05 -3.128108e-05 	 1
12.750000 	 0.000000e+00 0.000000e+00 0.000000e+00 	 0.000000e+00 0.000000e+00 0.000000e+00 	 0.000000e+00 0.000000e+00 0.000000e+00 	 0
13.250000 	 0.000000e+00 0.000000e+00 0.000000e+00 	 0.000000e+00 0.000000e+00 0.000000e+00 	 0.000000e+00 0.000000e+00 0.000000e+00 	 0
13.750000 	 0.000000e+00 0.000000e+00 0.000000e+00 	 0.000000e+00 0.000000e+00 0.000000e+00 	 0.000000e+00 0.000000e+00 0.000000e+00 	 0
14.250000 	 0.000000e+00 0.000000e+00 0.000000e+00 	 0.000000e+00 0.000000e+00 0.000000e+00 	 0.000000e+00 0.000000e+00 0.000000e+00 	 0
14.750000 	 0.000000e+00 0.000000e+00 0.000000e+00 	 0.000000e+00 0.000000e+00 0.000000e+00 	 0.000000e+00 0.000000e+00 0.000000e+00 	 0
