# 1  2-4    5-7    8-10   11     
# x  dirEF  recEF  sumEF  #Sample
0.250000 	 0.000000e+00 0.000000e+00 0.000000e+00 	 0.000000e+00 0.000000e+00 0.000000e+00 	 0.000000e+00 0.000000e+00 0.000000e+00 	 0
0.750000 	 0.000000e+00 0.000000e+00 0.000000e+00 	 0.000000e+00 0.000000e+00 0.000000e+00 	 0.000000e+00 0.000000e+00 0.000000e+00 	 0
1.250000 	 0.000000e+00 0.000000e+00 0.000000e+00 	 0.000000e+00 0.000000e+00 0.000000e+00 	 0.000000e+00 0.000000e+00 0.000000e+00 	 0
1.750000 	 0.000000e+00 0.000000e+00 0.000000e+00 	 0.000000e+00 0.000000e+00 0.000000e+00 	 0.000000e+00 0.000000e+00 0.000000e+00 	 0
2.250000 	 0.000000e+00 0.000000e+00 0.000000e+00 	 0.000000e+00 0.000000e+00 0.000000e+00 	 0.000000e+00 0.000000e+00 0.000000e+00 	 0
2.750000 	 -1.088066e-04 -7.248199e-05 2.355533e-06 	 -2.083222e-12 -2.526868e-13 8.215650e-14 	 -1.088066e-04 -7.248199e-05 2.355533e-06 	 1
3.250000 	 -1.774007e-05 1.174876e-06 6.907626e-06 	 5.251727e-15 -2.213947e-14 2.666752e-14 	 -1.774007e-05 1.174876e-06 6.907626e-06 	 41
3.750000 	 -4.982960e-06 -6.663754e-06 -7.113393e-06 	 -9.616721e-14 -8.187814e-14 -9.905250e-15 	 -4.982960e-06 -6.663754e-06 -7.113393e-06 	 577
4.250000 	 1.421042e-05 4.177467e-06 1.922102e-06 	 7.667122e-14 -3.127717e-14 -5.940082e-15 	 1.421042e-05 4.177467e-06 1.922102e-06 	 923
4.750000 	 2.190780e-05 -8.054542e-06 3.516178e-06 	 2.383446e-13 9.730592e-15 1.477621e-14 	 2.190780e-05 -8.054542e-06 3.516179e-06 	 902
5.250000 	 1.229233e-05 -2.417701e-06 -4.955768e-06 	 -1.390811e-13 -6.797147e-14 2.268485e-14 	 1.229233e-05 -2.417701e-06 -4.955768e-06 	 895
5.750000 	 3.533182e-06 2.956542e-07 5.422071e-06 	 4.301918e-14 -6.019943e-14 -2.312112e-15 	 3.533182e-06 2.956542e-07 5.422071e-06 	 886
6.250000 	 -7.006239e-06 2.136911e-06 -3.723350e-07 	 -3.992128e-14 3.341301e-14 2.853842e-14 	 -7.006239e-06 2.136911e-06 -3.723350e-07 	 889
6.750000 	 -5.641080e-06 -2.090100e-06 -7.671076e-06 	 -3.349947e-14 -2.259733e-14 -3.026471e-14 	 -5.641080e-06 -2.090100e-06 -7.671076e-06 	 935
7.250000 	 1.784625e-05 -3.088094e-06 5.966133e-06 	 1.028093e-13 4.790049e-14 -3.517205e-15 	 1.784625e-05 -3.088094e-06 5.966133e-06 	 887
7.750000 	 -1.791145e-06 -6.100433e-07 -2.297322e-06 	 -2.192250e-14 -1.407411e-14 -9.383304e-15 	 -1.791145e-06 -6.100433e-07 -2.297322e-06 	 875
8.250000 	 -7.559466e-06 -5.166471e-07 -1.182701e-06 	 -9.267956e-14 7.867058e-14 -9.026482e-14 	 -7.559466e-06 -5.166471e-07 -1.182701e-06 	 893
8.750000 	 -2.561794e-05 4.697050e-07 -2.263104e-07 	 8.907170e-14 -6.255931e-14 2.926036e-14 	 -2.561794e-05 4.697050e-07 -2.263103e-07 	 912
9.250000 	 -1.075593e-05 1.726114e-06 -6.651576e-07 	 1.586835e-13 2.478333e-14 -2.685036e-16 	 -1.075593e-05 1.726114e-06 -6.651576e-07 	 904
9.750000 	 1.462299e-05 9.458428e-07 -6.669746e-07 	 4.856602e-14 6.473993e-14 -1.706527e-14 	 1.462299e-05 9.458429e-07 -6.669746e-07 	 914
10.250000 	 2.140969e-05 -4.487684e-06 2.754113e-06 	 -7.251858e-14 -3.371963e-14 1.522663e-14 	 2.140969e-05 -4.487684e-06 2.754113e-06 	 928
10.750000 	 1.166154e-05 1.300152e-06 1.506488e-06 	 -2.374693e-14 -6.852748e-15 -1.063916e-14 	 1.166154e-05 1.300152e-06 1.506488e-06 	 864
11.250000 	 3.966936e-06 -4.953452e-07 -3.570415e-07 	 -1.365273e-13 -1.467140e-15 -9.461081e-15 	 3.966936e-06 -4.953452e-07 -3.570415e-07 	 556
11.750000 	 -2.895482e-05 9.464390e-06 -5.425643e-06 	 -2.709367e-13 6.753328e-14 -3.715414e-14 	 -2.895482e-05 9.464390e-06 -5.425643e-06 	 42
12.250000 	 0.000000e+00 0.000000e+00 0.000000e+00 	 0.000000e+00 0.000000e+00 0.000000e+00 	 0.000000e+00 0.000000e+00 0.000000e+00 	 0
12.750000 	 0.000000e+00 0.000000e+00 0.000000e+00 	 0.000000e+00 0.000000e+00 0.000000e+00 	 0.000000e+00 0.000000e+00 0.000000e+00 	 0
13.250000 	 0.000000e+00 0.000000e+00 0.000000e+00 	 0.000000e+00 0.000000e+00 0.000000e+00 	 0.000000e+00 0.000000e+00 0.000000e+00 	 0
13.750000 	 0.000000e+00 0.000000e+00 0.000000e+00 	 0.000000e+00 0.000000e+00 0.000000e+00 	 0.000000e+00 0.000000e+00 0.000000e+00 	 0
14.250000 	 0.000000e+00 0.000000e+00 0.000000e+00 	 0.000000e+00 0.000000e+00 0.000000e+00 	 0.000000e+00 0.000000e+00 0.000000e+00 	 0
14.750000 	 0.000000e+00 0.000000e+00 0.000000e+00 	 0.000000e+00 0.000000e+00 0.000000e+00 	 0.000000e+00 0.000000e+00 0.000000e+00 	 0
