# 1  2-4    5-7    8-10   11     
# x  dirEF  recEF  sumEF  #Sample
0.250000 	 0.000000e+00 0.000000e+00 0.000000e+00 	 0.000000e+00 0.000000e+00 0.000000e+00 	 0.000000e+00 0.000000e+00 0.000000e+00 	 0
0.750000 	 0.000000e+00 0.000000e+00 0.000000e+00 	 0.000000e+00 0.000000e+00 0.000000e+00 	 0.000000e+00 0.000000e+00 0.000000e+00 	 0
1.250000 	 0.000000e+00 0.000000e+00 0.000000e+00 	 0.000000e+00 0.000000e+00 0.000000e+00 	 0.000000e+00 0.000000e+00 0.000000e+00 	 0
1.750000 	 0.000000e+00 0.000000e+00 0.000000e+00 	 0.000000e+00 0.000000e+00 0.000000e+00 	 0.000000e+00 0.000000e+00 0.000000e+00 	 0
2.250000 	 -5.826175e-05 -1.001535e-05 3.448759e-05 	 6.803481e-07 -9.611561e-08 1.935143e-07 	 -5.758140e-05 -1.011147e-05 3.468111e-05 	 1
2.750000 	 0.000000e+00 0.000000e+00 0.000000e+00 	 0.000000e+00 0.000000e+00 0.000000e+00 	 0.000000e+00 0.000000e+00 0.000000e+00 	 0
3.250000 	 -6.692594e-06 -1.378813e-05 -1.571755e-05 	 4.362300e-07 -9.428559e-08 -1.328411e-06 	 -6.256364e-06 -1.388242e-05 -1.704596e-05 	 48
3.750000 	 -2.027259e-06 5.161342e-06 6.400089e-06 	 -2.886676e-06 -1.355341e-06 -4.907782e-07 	 -4.913935e-06 3.806001e-06 5.909311e-06 	 543
4.250000 	 -6.712288e-06 -3.765833e-07 4.202503e-06 	 4.196584e-07 1.551880e-06 8.843725e-07 	 -6.292630e-06 1.175296e-06 5.086876e-06 	 906
4.750000 	 8.141485e-06 1.132839e-06 -4.398622e-06 	 -5.278886e-06 -2.123823e-06 -1.402281e-06 	 2.862598e-06 -9.909838e-07 -5.800903e-06 	 916
5.250000 	 6.001158e-06 2.312984e-06 1.473884e-06 	 2.386569e-06 2.650432e-07 -7.745237e-07 	 8.387726e-06 2.578027e-06 6.993599e-07 	 912
5.750000 	 1.872154e-05 5.677209e-06 -8.354733e-07 	 5.771657e-06 9.822067e-07 -2.279508e-06 	 2.449320e-05 6.659416e-06 -3.114982e-06 	 911
6.250000 	 1.509580e-05 -9.022729e-06 -7.914678e-10 	 -7.011827e-06 2.694677e-06 3.270204e-07 	 8.083972e-06 -6.328052e-06 3.262289e-07 	 898
6.750000 	 1.135085e-05 -2.674722e-06 5.064569e-08 	 3.185853e-06 8.819998e-07 7.702413e-07 	 1.453670e-05 -1.792722e-06 8.208870e-07 	 883
7.250000 	 -9.525204e-06 -2.340160e-06 3.619839e-06 	 -1.731334e-07 1.048827e-06 -1.251360e-06 	 -9.698337e-06 -1.291333e-06 2.368478e-06 	 866
7.750000 	 -2.108410e-05 -6.605117e-06 -3.493313e-06 	 -1.370993e-06 5.938566e-07 -1.907681e-06 	 -2.245509e-05 -6.011261e-06 -5.400994e-06 	 938
8.250000 	 -1.210045e-05 -3.609076e-06 -3.129850e-06 	 -3.216321e-06 3.854006e-07 -2.759462e-07 	 -1.531678e-05 -3.223676e-06 -3.405796e-06 	 942
8.750000 	 8.757069e-06 7.652875e-06 -2.590188e-06 	 4.731965e-07 4.890670e-07 9.400779e-07 	 9.230265e-06 8.141942e-06 -1.650110e-06 	 893
9.250000 	 1.202007e-05 -6.552637e-06 3.803103e-06 	 4.177488e-06 -3.264682e-07 9.509730e-08 	 1.619756e-05 -6.879105e-06 3.898200e-06 	 921
9.750000 	 2.334516e-05 1.489166e-06 -2.352321e-06 	 1.811760e-06 4.474339e-06 -9.885933e-07 	 2.515692e-05 5.963505e-06 -3.340914e-06 	 858
10.250000 	 3.878718e-06 1.271006e-06 3.208389e-06 	 8.063453e-07 -2.561960e-07 -2.019359e-06 	 4.685063e-06 1.014810e-06 1.189029e-06 	 952
10.750000 	 -1.684609e-05 -1.992058e-06 3.831166e-06 	 -2.759908e-06 -1.304389e-06 -6.750817e-07 	 -1.960600e-05 -3.296447e-06 3.156085e-06 	 863
11.250000 	 -4.434464e-06 -3.236580e-06 8.965809e-07 	 4.333427e-06 -1.258891e-06 -1.241056e-06 	 -1.010377e-07 -4.495470e-06 -3.444756e-07 	 518
11.750000 	 1.248026e-05 -4.450011e-06 2.775303e-07 	 5.711914e-06 -2.012425e-06 4.128460e-06 	 1.819218e-05 -6.462436e-06 4.405990e-06 	 54
12.250000 	 0.000000e+00 0.000000e+00 0.000000e+00 	 0.000000e+00 0.000000e+00 0.000000e+00 	 0.000000e+00 0.000000e+00 0.000000e+00 	 0
12.750000 	 0.000000e+00 0.000000e+00 0.000000e+00 	 0.000000e+00 0.000000e+00 0.000000e+00 	 0.000000e+00 0.000000e+00 0.000000e+00 	 0
13.250000 	 0.000000e+00 0.000000e+00 0.000000e+00 	 0.000000e+00 0.000000e+00 0.000000e+00 	 0.000000e+00 0.000000e+00 0.000000e+00 	 0
13.750000 	 0.000000e+00 0.000000e+00 0.000000e+00 	 0.000000e+00 0.000000e+00 0.000000e+00 	 0.000000e+00 0.000000e+00 0.000000e+00 	 0
14.250000 	 0.000000e+00 0.000000e+00 0.000000e+00 	 2.914753e-10 9.380999e-11 1.253574e-10 	 2.914753e-10 9.380999e-11 1.253574e-10 	 1
14.750000 	 0.000000e+00 0.000000e+00 0.000000e+00 	 0.000000e+00 0.000000e+00 0.000000e+00 	 0.000000e+00 0.000000e+00 0.000000e+00 	 0
