# 1  2-4    5-7    8-10   11     
# x  dirEF  recEF  sumEF  #Sample
0.250000 	 1.226631e-08 5.024854e-09 4.424871e-09 	 2.751990e-09 1.154367e-08 1.608828e-08 	 1.501830e-08 1.656852e-08 2.051315e-08 	 1
0.750000 	 0.000000e+00 0.000000e+00 0.000000e+00 	 0.000000e+00 0.000000e+00 0.000000e+00 	 0.000000e+00 0.000000e+00 0.000000e+00 	 0
1.250000 	 -3.808177e-11 6.181099e-12 -3.131929e-11 	 -8.483936e-08 -4.045535e-08 2.129117e-08 	 -8.487744e-08 -4.044916e-08 2.125985e-08 	 1
1.750000 	 0.000000e+00 0.000000e+00 0.000000e+00 	 0.000000e+00 0.000000e+00 0.000000e+00 	 0.000000e+00 0.000000e+00 0.000000e+00 	 0
2.250000 	 1.071055e-05 -1.138739e-05 -4.883292e-06 	 -1.146949e-06 5.321363e-07 1.026649e-06 	 9.563604e-06 -1.085525e-05 -3.856643e-06 	 1
2.750000 	 0.000000e+00 0.000000e+00 0.000000e+00 	 0.000000e+00 0.000000e+00 0.000000e+00 	 0.000000e+00 0.000000e+00 0.000000e+00 	 0
3.250000 	 -3.005353e-05 8.497874e-06 -9.366117e-06 	 -2.460558e-07 2.026411e-05 -2.138853e-05 	 -3.029958e-05 2.876199e-05 -3.075465e-05 	 39
3.750000 	 -1.262761e-05 -3.976632e-06 -3.000563e-06 	 -5.449044e-07 1.806040e-06 -9.674412e-06 	 -1.317251e-05 -2.170592e-06 -1.267497e-05 	 551
4.250000 	 -1.625147e-05 -2.329530e-07 3.695612e-06 	 3.289996e-06 6.753503e-06 6.352152e-07 	 -1.296147e-05 6.520550e-06 4.330827e-06 	 917
4.750000 	 -1.109315e-05 3.025099e-06 -3.615828e-07 	 3.399373e-06 2.790899e-06 -1.237507e-06 	 -7.693775e-06 5.815997e-06 -1.599090e-06 	 933
5.250000 	 1.602411e-06 -2.510439e-06 2.212530e-06 	 -1.259818e-05 4.805639e-06 -8.351625e-06 	 -1.099577e-05 2.295201e-06 -6.139095e-06 	 878
5.750000 	 2.242412e-05 1.476688e-06 3.662328e-06 	 1.060748e-05 -1.016522e-05 -8.211606e-06 	 3.303160e-05 -8.688537e-06 -4.549278e-06 	 948
6.250000 	 1.481767e-05 1.099285e-05 5.187959e-08 	 -4.259216e-06 3.739640e-06 -6.470738e-06 	 1.055846e-05 1.473249e-05 -6.418859e-06 	 911
6.750000 	 1.790670e-06 -3.060916e-06 -5.342333e-06 	 -1.462982e-05 2.773691e-06 4.806497e-06 	 -1.283915e-05 -2.872249e-07 -5.358350e-07 	 890
7.250000 	 -7.110183e-07 4.626059e-06 5.747794e-06 	 7.843042e-07 7.164761e-06 1.886189e-06 	 7.328588e-08 1.179082e-05 7.633983e-06 	 908
7.750000 	 1.810888e-05 -5.595844e-07 -7.450793e-06 	 -6.930496e-06 -4.429963e-06 4.422634e-06 	 1.117838e-05 -4.989548e-06 -3.028160e-06 	 936
8.250000 	 2.094958e-05 5.646726e-06 -4.537305e-06 	 7.985161e-07 -7.501019e-08 -2.558039e-06 	 2.174809e-05 5.571716e-06 -7.095343e-06 	 894
8.750000 	 5.681846e-06 1.713442e-06 4.667304e-06 	 7.195017e-06 -2.989413e-06 9.700204e-06 	 1.287686e-05 -1.275971e-06 1.436751e-05 	 826
9.250000 	 -6.507965e-06 -7.842859e-06 5.993886e-07 	 1.050777e-05 1.766189e-06 2.966593e-06 	 3.999800e-06 -6.076670e-06 3.565982e-06 	 897
9.750000 	 -1.690594e-05 5.799511e-06 -6.456482e-06 	 -6.561264e-06 -5.171139e-06 6.123914e-06 	 -2.346720e-05 6.283715e-07 -3.325680e-07 	 929
10.250000 	 4.822875e-06 3.914955e-07 4.596986e-06 	 -5.643917e-07 -3.714758e-07 -2.630423e-06 	 4.258483e-06 2.001968e-08 1.966563e-06 	 915
10.750000 	 1.083032e-05 -4.159041e-06 -4.524163e-07 	 -6.177181e-06 -1.566649e-06 -4.826202e-06 	 4.653135e-06 -5.725690e-06 -5.278619e-06 	 894
11.250000 	 -8.437459e-06 1.503845e-06 -4.910333e-06 	 5.041995e-06 -2.459748e-07 -1.927755e-07 	 -3.395464e-06 1.257870e-06 -5.103108e-06 	 519
11.750000 	 -1.275175e-05 1.015231e-05 6.452506e-06 	 -2.114058e-05 -1.046408e-06 9.386157e-06 	 -3.389232e-05 9.105906e-06 1.583866e-05 	 35
12.250000 	 0.000000e+00 0.000000e+00 0.000000e+00 	 0.000000e+00 0.000000e+00 0.000000e+00 	 0.000000e+00 0.000000e+00 0.000000e+00 	 0
12.750000 	 0.000000e+00 0.000000e+00 0.000000e+00 	 0.000000e+00 0.000000e+00 0.000000e+00 	 0.000000e+00 0.000000e+00 0.000000e+00 	 0
13.250000 	 0.000000e+00 0.000000e+00 0.000000e+00 	 0.000000e+00 0.000000e+00 0.000000e+00 	 0.000000e+00 0.000000e+00 0.000000e+00 	 0
13.750000 	 1.099023e-12 2.091977e-12 1.095189e-12 	 -1.525635e-08 6.897566e-08 -6.406304e-08 	 -1.525525e-08 6.897775e-08 -6.406194e-08 	 1
14.250000 	 0.000000e+00 0.000000e+00 0.000000e+00 	 0.000000e+00 0.000000e+00 0.000000e+00 	 0.000000e+00 0.000000e+00 0.000000e+00 	 0
14.750000 	 0.000000e+00 0.000000e+00 0.000000e+00 	 0.000000e+00 0.000000e+00 0.000000e+00 	 0.000000e+00 0.000000e+00 0.000000e+00 	 0
