# 1  2-4    5-7    8-10   11     
# x  dirEF  recEF  sumEF  #Sample
0.250000 	 0.000000e+00 0.000000e+00 0.000000e+00 	 0.000000e+00 0.000000e+00 0.000000e+00 	 0.000000e+00 0.000000e+00 0.000000e+00 	 0
0.750000 	 0.000000e+00 0.000000e+00 0.000000e+00 	 0.000000e+00 0.000000e+00 0.000000e+00 	 0.000000e+00 0.000000e+00 0.000000e+00 	 0
1.250000 	 0.000000e+00 0.000000e+00 0.000000e+00 	 0.000000e+00 0.000000e+00 0.000000e+00 	 0.000000e+00 0.000000e+00 0.000000e+00 	 0
1.750000 	 0.000000e+00 0.000000e+00 0.000000e+00 	 0.000000e+00 0.000000e+00 0.000000e+00 	 0.000000e+00 0.000000e+00 0.000000e+00 	 0
2.250000 	 0.000000e+00 0.000000e+00 0.000000e+00 	 0.000000e+00 0.000000e+00 0.000000e+00 	 0.000000e+00 0.000000e+00 0.000000e+00 	 0
2.750000 	 0.000000e+00 0.000000e+00 0.000000e+00 	 0.000000e+00 0.000000e+00 0.000000e+00 	 0.000000e+00 0.000000e+00 0.000000e+00 	 0
3.250000 	 -1.627688e-05 -5.796395e-07 2.505023e-06 	 -2.189910e-06 1.765087e-06 2.451114e-06 	 -1.846679e-05 1.185448e-06 4.956137e-06 	 21
3.750000 	 -2.380156e-07 -2.227149e-06 -1.748708e-06 	 9.150742e-07 7.604064e-08 1.566102e-07 	 6.770587e-07 -2.151108e-06 -1.592098e-06 	 597
4.250000 	 -3.534796e-06 7.806374e-07 2.264363e-06 	 1.298123e-07 -8.224319e-08 -2.884642e-08 	 -3.404984e-06 6.983942e-07 2.235517e-06 	 882
4.750000 	 -2.220090e-06 -4.109359e-07 -1.654092e-06 	 3.443975e-08 3.298977e-08 1.323344e-08 	 -2.185650e-06 -3.779461e-07 -1.640859e-06 	 897
5.250000 	 1.183534e-06 2.109534e-06 -2.272108e-07 	 9.927585e-08 -3.076533e-08 5.238475e-08 	 1.282809e-06 2.078769e-06 -1.748261e-07 	 902
5.750000 	 1.185174e-06 -4.464626e-06 -1.144919e-06 	 -1.557768e-07 -7.600627e-08 -1.569368e-08 	 1.029397e-06 -4.540633e-06 -1.160612e-06 	 906
6.250000 	 5.023390e-07 1.012363e-06 -2.460018e-07 	 -4.219702e-07 2.138908e-09 5.474309e-08 	 8.036876e-08 1.014502e-06 -1.912588e-07 	 913
6.750000 	 -1.304845e-06 5.870091e-07 -8.495500e-07 	 2.247388e-07 -2.459798e-08 6.557178e-08 	 -1.080106e-06 5.624112e-07 -7.839782e-07 	 910
7.250000 	 -1.987848e-06 -1.224677e-06 1.146207e-06 	 -9.381968e-08 -4.208132e-09 -3.933425e-08 	 -2.081668e-06 -1.228885e-06 1.106872e-06 	 897
7.750000 	 1.774221e-06 2.653429e-06 2.526567e-06 	 -7.766302e-08 -4.510307e-08 -8.230576e-08 	 1.696558e-06 2.608326e-06 2.444261e-06 	 892
8.250000 	 1.526263e-06 9.538885e-07 -1.449108e-06 	 2.622241e-07 1.549670e-08 -7.423910e-08 	 1.788487e-06 9.693852e-07 -1.523347e-06 	 924
8.750000 	 -2.396460e-06 -4.118004e-07 7.800378e-07 	 -1.322965e-07 1.192940e-07 7.672433e-08 	 -2.528757e-06 -2.925064e-07 8.567621e-07 	 889
9.250000 	 -3.242679e-06 -3.720279e-06 -1.534370e-06 	 5.338948e-08 2.113229e-08 -4.928374e-08 	 -3.189289e-06 -3.699147e-06 -1.583653e-06 	 922
9.750000 	 -1.810853e-06 2.783882e-06 1.409704e-06 	 5.398431e-08 -1.734105e-07 1.094978e-07 	 -1.756869e-06 2.610472e-06 1.519202e-06 	 904
10.250000 	 2.783589e-06 -1.366706e-06 2.353793e-06 	 -2.514573e-07 2.187795e-08 1.454372e-07 	 2.532132e-06 -1.344828e-06 2.499231e-06 	 898
10.750000 	 6.197410e-07 1.511072e-06 1.474704e-06 	 -1.748893e-07 1.279422e-07 -4.400483e-08 	 4.448517e-07 1.639014e-06 1.430699e-06 	 898
11.250000 	 -3.799459e-06 8.012126e-07 -1.284675e-06 	 -5.196389e-07 2.158635e-08 2.018624e-07 	 -4.319098e-06 8.227989e-07 -1.082813e-06 	 561
11.750000 	 2.905669e-06 -3.360462e-06 1.234036e-05 	 4.490869e-06 2.156935e-07 1.074809e-06 	 7.396538e-06 -3.144769e-06 1.341517e-05 	 11
12.250000 	 0.000000e+00 0.000000e+00 0.000000e+00 	 0.000000e+00 0.000000e+00 0.000000e+00 	 0.000000e+00 0.000000e+00 0.000000e+00 	 0
12.750000 	 0.000000e+00 0.000000e+00 0.000000e+00 	 0.000000e+00 0.000000e+00 0.000000e+00 	 0.000000e+00 0.000000e+00 0.000000e+00 	 0
13.250000 	 0.000000e+00 0.000000e+00 0.000000e+00 	 0.000000e+00 0.000000e+00 0.000000e+00 	 0.000000e+00 0.000000e+00 0.000000e+00 	 0
13.750000 	 0.000000e+00 0.000000e+00 0.000000e+00 	 0.000000e+00 0.000000e+00 0.000000e+00 	 0.000000e+00 0.000000e+00 0.000000e+00 	 0
14.250000 	 0.000000e+00 0.000000e+00 0.000000e+00 	 0.000000e+00 0.000000e+00 0.000000e+00 	 0.000000e+00 0.000000e+00 0.000000e+00 	 0
14.750000 	 0.000000e+00 0.000000e+00 0.000000e+00 	 0.000000e+00 0.000000e+00 0.000000e+00 	 0.000000e+00 0.000000e+00 0.000000e+00 	 0
