# 1  2-4    5-7    8-10   11     
# x  dirEF  recEF  sumEF  #Sample
0.250000 	 0.000000e+00 0.000000e+00 0.000000e+00 	 0.000000e+00 0.000000e+00 0.000000e+00 	 0.000000e+00 0.000000e+00 0.000000e+00 	 0
0.750000 	 0.000000e+00 0.000000e+00 0.000000e+00 	 0.000000e+00 0.000000e+00 0.000000e+00 	 0.000000e+00 0.000000e+00 0.000000e+00 	 0
1.250000 	 0.000000e+00 0.000000e+00 0.000000e+00 	 0.000000e+00 0.000000e+00 0.000000e+00 	 0.000000e+00 0.000000e+00 0.000000e+00 	 0
1.750000 	 0.000000e+00 0.000000e+00 0.000000e+00 	 0.000000e+00 0.000000e+00 0.000000e+00 	 0.000000e+00 0.000000e+00 0.000000e+00 	 0
2.250000 	 0.000000e+00 0.000000e+00 0.000000e+00 	 0.000000e+00 0.000000e+00 0.000000e+00 	 0.000000e+00 0.000000e+00 0.000000e+00 	 0
2.750000 	 0.000000e+00 0.000000e+00 0.000000e+00 	 0.000000e+00 0.000000e+00 0.000000e+00 	 0.000000e+00 0.000000e+00 0.000000e+00 	 0
3.250000 	 -3.156832e-05 -9.979249e-06 8.071777e-07 	 1.907695e-06 6.852546e-06 4.549300e-06 	 -2.966062e-05 -3.126703e-06 5.356477e-06 	 14
3.750000 	 -3.757729e-07 2.129212e-06 -2.544792e-06 	 2.518633e-08 -5.467913e-07 2.918972e-07 	 -3.505866e-07 1.582421e-06 -2.252895e-06 	 574
4.250000 	 1.464844e-06 -2.404388e-06 1.047228e-06 	 2.332697e-06 3.630829e-08 3.507533e-07 	 3.797541e-06 -2.368080e-06 1.397981e-06 	 912
4.750000 	 1.868129e-06 -7.969805e-07 -2.717558e-06 	 -4.287503e-06 -2.896209e-07 1.056238e-06 	 -2.419374e-06 -1.086601e-06 -1.661319e-06 	 903
5.250000 	 -1.344955e-07 -5.951981e-06 4.788175e-08 	 2.969070e-06 4.130355e-07 6.047802e-07 	 2.834574e-06 -5.538945e-06 6.526619e-07 	 894
5.750000 	 -6.405460e-07 5.237271e-07 -2.910309e-06 	 -4.794874e-07 -1.264324e-07 2.404314e-07 	 -1.120033e-06 3.972946e-07 -2.669877e-06 	 906
6.250000 	 6.190646e-07 2.140775e-06 -1.966421e-06 	 1.438348e-07 1.853194e-06 -6.327786e-07 	 7.628994e-07 3.993969e-06 -2.599199e-06 	 904
6.750000 	 -3.199454e-06 -6.049810e-07 5.559554e-06 	 -3.804531e-07 1.904441e-07 -3.156772e-08 	 -3.579907e-06 -4.145369e-07 5.527986e-06 	 903
7.250000 	 5.618997e-10 4.502347e-06 -2.734502e-06 	 9.614976e-07 9.258084e-07 5.798034e-07 	 9.620595e-07 5.428156e-06 -2.154699e-06 	 910
7.750000 	 5.363242e-06 -5.962546e-07 -3.632421e-06 	 1.471851e-06 -1.287210e-06 7.630535e-09 	 6.835093e-06 -1.883465e-06 -3.624791e-06 	 895
8.250000 	 3.334088e-06 1.826689e-06 -5.433772e-08 	 -3.529706e-06 -2.289858e-07 3.715532e-07 	 -1.956187e-07 1.597703e-06 3.172155e-07 	 926
8.750000 	 -2.823244e-06 -3.131667e-06 -5.295077e-07 	 1.668101e-06 7.029565e-07 3.431139e-07 	 -1.155143e-06 -2.428711e-06 -1.863938e-07 	 896
9.250000 	 -1.441583e-06 4.492019e-06 -1.666267e-06 	 -1.357198e-06 9.331430e-07 -5.421812e-07 	 -2.798781e-06 5.425162e-06 -2.208448e-06 	 914
9.750000 	 1.274238e-06 -1.017740e-06 2.317709e-06 	 6.199415e-07 2.004471e-07 -8.865421e-09 	 1.894180e-06 -8.172932e-07 2.308843e-06 	 921
10.250000 	 1.193073e-06 2.269967e-06 1.283890e-06 	 1.788953e-06 8.882323e-10 -6.282028e-07 	 2.982026e-06 2.270855e-06 6.556871e-07 	 910
10.750000 	 -7.663270e-07 7.570605e-07 -1.887925e-06 	 -1.302301e-06 8.693493e-07 -3.248412e-07 	 -2.068628e-06 1.626410e-06 -2.212766e-06 	 910
11.250000 	 -6.318271e-07 -3.925152e-08 -3.797653e-07 	 1.705199e-06 1.429726e-06 -4.389280e-08 	 1.073372e-06 1.390475e-06 -4.236581e-07 	 512
11.750000 	 2.786401e-06 -1.347574e-05 3.301570e-06 	 -1.088750e-05 7.949932e-08 5.812338e-06 	 -8.101099e-06 -1.339624e-05 9.113908e-06 	 20
12.250000 	 0.000000e+00 0.000000e+00 0.000000e+00 	 0.000000e+00 0.000000e+00 0.000000e+00 	 0.000000e+00 0.000000e+00 0.000000e+00 	 0
12.750000 	 0.000000e+00 0.000000e+00 0.000000e+00 	 0.000000e+00 0.000000e+00 0.000000e+00 	 0.000000e+00 0.000000e+00 0.000000e+00 	 0
13.250000 	 0.000000e+00 0.000000e+00 0.000000e+00 	 0.000000e+00 0.000000e+00 0.000000e+00 	 0.000000e+00 0.000000e+00 0.000000e+00 	 0
13.750000 	 0.000000e+00 0.000000e+00 0.000000e+00 	 0.000000e+00 0.000000e+00 0.000000e+00 	 0.000000e+00 0.000000e+00 0.000000e+00 	 0
14.250000 	 0.000000e+00 0.000000e+00 0.000000e+00 	 0.000000e+00 0.000000e+00 0.000000e+00 	 0.000000e+00 0.000000e+00 0.000000e+00 	 0
14.750000 	 0.000000e+00 0.000000e+00 0.000000e+00 	 0.000000e+00 0.000000e+00 0.000000e+00 	 0.000000e+00 0.000000e+00 0.000000e+00 	 0
