# 1  2-4    5-7    8-10   11     
# x  dirEF  recEF  sumEF  #Sample
0.250000 	 0.000000e+00 0.000000e+00 0.000000e+00 	 0.000000e+00 0.000000e+00 0.000000e+00 	 0.000000e+00 0.000000e+00 0.000000e+00 	 0
0.750000 	 0.000000e+00 0.000000e+00 0.000000e+00 	 0.000000e+00 0.000000e+00 0.000000e+00 	 0.000000e+00 0.000000e+00 0.000000e+00 	 0
1.250000 	 0.000000e+00 0.000000e+00 0.000000e+00 	 0.000000e+00 0.000000e+00 0.000000e+00 	 0.000000e+00 0.000000e+00 0.000000e+00 	 0
1.750000 	 0.000000e+00 0.000000e+00 0.000000e+00 	 0.000000e+00 0.000000e+00 0.000000e+00 	 0.000000e+00 0.000000e+00 0.000000e+00 	 0
2.250000 	 0.000000e+00 0.000000e+00 0.000000e+00 	 0.000000e+00 0.000000e+00 0.000000e+00 	 0.000000e+00 0.000000e+00 0.000000e+00 	 0
2.750000 	 0.000000e+00 0.000000e+00 0.000000e+00 	 0.000000e+00 0.000000e+00 0.000000e+00 	 0.000000e+00 0.000000e+00 0.000000e+00 	 0
3.250000 	 8.759058e-06 -2.022831e-06 -3.010457e-06 	 -1.250623e-05 5.714377e-06 5.765341e-06 	 -3.747167e-06 3.691546e-06 2.754884e-06 	 16
3.750000 	 -3.047707e-06 -9.036346e-07 1.414549e-06 	 2.390220e-06 -6.253447e-07 5.495460e-07 	 -6.574874e-07 -1.528979e-06 1.964095e-06 	 573
4.250000 	 -7.719499e-07 -2.025706e-07 -8.844904e-07 	 -2.572937e-06 -1.009623e-07 1.403865e-07 	 -3.344887e-06 -3.035329e-07 -7.441038e-07 	 899
4.750000 	 -5.776503e-07 4.006240e-06 2.045355e-06 	 1.989777e-06 3.361269e-09 -6.565950e-07 	 1.412126e-06 4.009601e-06 1.388760e-06 	 923
5.250000 	 2.479339e-06 2.829790e-06 -3.281976e-06 	 1.535043e-06 1.292376e-06 3.171845e-07 	 4.014382e-06 4.122166e-06 -2.964792e-06 	 901
5.750000 	 1.759574e-06 -4.086263e-06 -7.338543e-07 	 -1.969403e-07 -6.597265e-07 -3.081136e-07 	 1.562633e-06 -4.745990e-06 -1.041968e-06 	 902
6.250000 	 1.153975e-06 2.523967e-06 -3.645645e-06 	 -6.258435e-07 -6.790192e-08 8.452894e-08 	 5.281319e-07 2.456065e-06 -3.561116e-06 	 906
6.750000 	 4.437694e-07 7.321966e-07 -6.084975e-07 	 1.415386e-06 5.615253e-07 8.353266e-07 	 1.859156e-06 1.293722e-06 2.268291e-07 	 911
7.250000 	 -1.182667e-07 -1.041933e-06 3.273342e-08 	 -2.757954e-06 1.947463e-07 -1.288497e-07 	 -2.876221e-06 -8.471868e-07 -9.611632e-08 	 883
7.750000 	 -1.095805e-06 -4.797294e-07 -2.543682e-06 	 5.054560e-07 -1.437941e-07 1.813724e-07 	 -5.903488e-07 -6.235236e-07 -2.362309e-06 	 922
8.250000 	 3.929587e-07 9.231289e-07 -3.344142e-06 	 -1.713415e-06 1.584469e-07 5.160011e-08 	 -1.320456e-06 1.081576e-06 -3.292542e-06 	 909
8.750000 	 9.234996e-07 -4.582013e-06 4.343901e-06 	 3.358225e-06 -6.339104e-07 1.554050e-07 	 4.281725e-06 -5.215924e-06 4.499306e-06 	 891
9.250000 	 1.709954e-06 3.984435e-06 7.740125e-07 	 -1.979756e-06 3.387515e-07 -3.032682e-07 	 -2.698021e-07 4.323186e-06 4.707444e-07 	 912
9.750000 	 -2.516442e-06 2.097027e-06 -1.519805e-06 	 2.223243e-06 -4.495111e-07 -1.908390e-07 	 -2.931996e-07 1.647515e-06 -1.710644e-06 	 905
10.250000 	 1.470819e-06 -4.475586e-07 -3.577960e-06 	 -3.138170e-06 9.489977e-07 5.160793e-07 	 -1.667352e-06 5.014391e-07 -3.061881e-06 	 918
10.750000 	 1.859589e-06 1.568630e-06 1.961877e-06 	 4.130491e-06 -4.719810e-07 -1.155912e-07 	 5.990081e-06 1.096649e-06 1.846286e-06 	 893
11.250000 	 -9.611006e-08 1.902252e-06 4.973163e-06 	 -3.534336e-06 5.068472e-07 -7.780148e-08 	 -3.630446e-06 2.409099e-06 4.895362e-06 	 539
11.750000 	 -1.847782e-06 -6.727389e-06 4.265403e-06 	 1.145031e-06 5.955113e-07 -8.761312e-07 	 -7.027514e-07 -6.131878e-06 3.389272e-06 	 21
12.250000 	 0.000000e+00 0.000000e+00 0.000000e+00 	 0.000000e+00 0.000000e+00 0.000000e+00 	 0.000000e+00 0.000000e+00 0.000000e+00 	 0
12.750000 	 0.000000e+00 0.000000e+00 0.000000e+00 	 0.000000e+00 0.000000e+00 0.000000e+00 	 0.000000e+00 0.000000e+00 0.000000e+00 	 0
13.250000 	 0.000000e+00 0.000000e+00 0.000000e+00 	 0.000000e+00 0.000000e+00 0.000000e+00 	 0.000000e+00 0.000000e+00 0.000000e+00 	 0
13.750000 	 0.000000e+00 0.000000e+00 0.000000e+00 	 0.000000e+00 0.000000e+00 0.000000e+00 	 0.000000e+00 0.000000e+00 0.000000e+00 	 0
14.250000 	 0.000000e+00 0.000000e+00 0.000000e+00 	 0.000000e+00 0.000000e+00 0.000000e+00 	 0.000000e+00 0.000000e+00 0.000000e+00 	 0
14.750000 	 0.000000e+00 0.000000e+00 0.000000e+00 	 0.000000e+00 0.000000e+00 0.000000e+00 	 0.000000e+00 0.000000e+00 0.000000e+00 	 0
