# 1  2-4    5-7    8-10   11     
# x  dirEF  recEF  sumEF  #Sample
0.250000 	 0.000000e+00 0.000000e+00 0.000000e+00 	 0.000000e+00 0.000000e+00 0.000000e+00 	 0.000000e+00 0.000000e+00 0.000000e+00 	 0
0.750000 	 0.000000e+00 0.000000e+00 0.000000e+00 	 0.000000e+00 0.000000e+00 0.000000e+00 	 0.000000e+00 0.000000e+00 0.000000e+00 	 0
1.250000 	 0.000000e+00 0.000000e+00 0.000000e+00 	 0.000000e+00 0.000000e+00 0.000000e+00 	 0.000000e+00 0.000000e+00 0.000000e+00 	 0
1.750000 	 0.000000e+00 0.000000e+00 0.000000e+00 	 0.000000e+00 0.000000e+00 0.000000e+00 	 0.000000e+00 0.000000e+00 0.000000e+00 	 0
2.250000 	 0.000000e+00 0.000000e+00 0.000000e+00 	 0.000000e+00 0.000000e+00 0.000000e+00 	 0.000000e+00 0.000000e+00 0.000000e+00 	 0
2.750000 	 0.000000e+00 0.000000e+00 0.000000e+00 	 0.000000e+00 0.000000e+00 0.000000e+00 	 0.000000e+00 0.000000e+00 0.000000e+00 	 0
3.250000 	 4.287081e-07 1.623048e-05 7.316831e-07 	 -1.111285e-05 5.481215e-06 6.883628e-06 	 -1.068415e-05 2.171169e-05 7.615311e-06 	 26
3.750000 	 -3.582431e-06 -7.786794e-07 -5.340026e-06 	 -9.893748e-07 -6.344179e-06 7.953123e-07 	 -4.571806e-06 -7.122858e-06 -4.544713e-06 	 582
4.250000 	 -4.665690e-07 -6.218372e-07 5.735301e-06 	 1.116728e-06 2.404109e-07 -2.201172e-06 	 6.501594e-07 -3.814262e-07 3.534129e-06 	 876
4.750000 	 4.273941e-07 2.168098e-06 1.060580e-06 	 -1.037639e-06 -2.385625e-06 3.489759e-06 	 -6.102445e-07 -2.175263e-07 4.550339e-06 	 909
5.250000 	 2.246551e-06 -4.444614e-07 -1.971204e-06 	 9.292292e-07 2.898387e-06 -1.026747e-06 	 3.175780e-06 2.453926e-06 -2.997951e-06 	 905
5.750000 	 -5.722496e-07 3.177355e-06 -5.252159e-07 	 -1.879911e-06 -7.144403e-07 -1.099808e-06 	 -2.452161e-06 2.462914e-06 -1.625024e-06 	 913
6.250000 	 -3.983107e-06 -1.479930e-06 -7.873249e-07 	 5.634247e-06 -8.550140e-07 -2.239612e-06 	 1.651140e-06 -2.334944e-06 -3.026937e-06 	 903
6.750000 	 -1.079331e-06 1.300060e-06 -3.651567e-06 	 8.436077e-07 2.439374e-06 -3.487687e-07 	 -2.357230e-07 3.739434e-06 -4.000336e-06 	 915
7.250000 	 -5.485886e-07 2.488322e-06 2.128869e-06 	 -1.315764e-06 -1.591458e-06 1.972790e-06 	 -1.864352e-06 8.968645e-07 4.101660e-06 	 922
7.750000 	 -2.296619e-06 -2.482320e-06 1.724022e-06 	 6.376121e-07 -3.229867e-06 1.870147e-06 	 -1.659007e-06 -5.712186e-06 3.594169e-06 	 881
8.250000 	 1.027932e-07 -2.484566e-06 1.292918e-06 	 -1.112825e-06 1.455039e-06 6.457783e-07 	 -1.010032e-06 -1.029526e-06 1.938697e-06 	 908
8.750000 	 7.735250e-07 6.940280e-07 -1.624901e-06 	 -1.017461e-06 1.796945e-07 6.420545e-08 	 -2.439364e-07 8.737225e-07 -1.560696e-06 	 892
9.250000 	 2.496535e-06 -8.378296e-07 -1.132558e-06 	 -3.819568e-07 -1.133612e-06 1.918715e-06 	 2.114579e-06 -1.971442e-06 7.861577e-07 	 923
9.750000 	 -1.866946e-06 2.501899e-06 3.718179e-06 	 -3.832733e-07 1.904469e-06 -1.078980e-06 	 -2.250219e-06 4.406368e-06 2.639199e-06 	 895
10.250000 	 -3.543877e-06 5.970225e-07 -1.508470e-06 	 -7.468114e-07 1.710563e-06 -1.719906e-06 	 -4.290689e-06 2.307586e-06 -3.228376e-06 	 903
10.750000 	 -1.148821e-06 1.504090e-06 -2.049546e-07 	 -4.573042e-06 -1.363652e-06 1.652217e-06 	 -5.721864e-06 1.404379e-07 1.447262e-06 	 899
11.250000 	 3.044336e-06 -4.134455e-06 6.076007e-07 	 1.344496e-06 2.045254e-06 -2.216515e-06 	 4.388831e-06 -2.089201e-06 -1.608914e-06 	 543
11.750000 	 -1.145567e-06 4.351648e-06 7.309993e-06 	 1.636050e-05 9.977584e-06 -4.235111e-06 	 1.521494e-05 1.432923e-05 3.074882e-06 	 29
12.250000 	 0.000000e+00 0.000000e+00 0.000000e+00 	 0.000000e+00 0.000000e+00 0.000000e+00 	 0.000000e+00 0.000000e+00 0.000000e+00 	 0
12.750000 	 0.000000e+00 0.000000e+00 0.000000e+00 	 0.000000e+00 0.000000e+00 0.000000e+00 	 0.000000e+00 0.000000e+00 0.000000e+00 	 0
13.250000 	 0.000000e+00 0.000000e+00 0.000000e+00 	 0.000000e+00 0.000000e+00 0.000000e+00 	 0.000000e+00 0.000000e+00 0.000000e+00 	 0
13.750000 	 0.000000e+00 0.000000e+00 0.000000e+00 	 0.000000e+00 0.000000e+00 0.000000e+00 	 0.000000e+00 0.000000e+00 0.000000e+00 	 0
14.250000 	 0.000000e+00 0.000000e+00 0.000000e+00 	 0.000000e+00 0.000000e+00 0.000000e+00 	 0.000000e+00 0.000000e+00 0.000000e+00 	 0
14.750000 	 0.000000e+00 0.000000e+00 0.000000e+00 	 0.000000e+00 0.000000e+00 0.000000e+00 	 0.000000e+00 0.000000e+00 0.000000e+00 	 0
