# 1  2-4    5-7    8-10   11     
# x  dirEF  recEF  sumEF  #Sample
0.250000 	 0.000000e+00 0.000000e+00 0.000000e+00 	 0.000000e+00 0.000000e+00 0.000000e+00 	 0.000000e+00 0.000000e+00 0.000000e+00 	 0
0.750000 	 0.000000e+00 0.000000e+00 0.000000e+00 	 0.000000e+00 0.000000e+00 0.000000e+00 	 0.000000e+00 0.000000e+00 0.000000e+00 	 0
1.250000 	 0.000000e+00 0.000000e+00 0.000000e+00 	 0.000000e+00 0.000000e+00 0.000000e+00 	 0.000000e+00 0.000000e+00 0.000000e+00 	 0
1.750000 	 0.000000e+00 0.000000e+00 0.000000e+00 	 0.000000e+00 0.000000e+00 0.000000e+00 	 0.000000e+00 0.000000e+00 0.000000e+00 	 0
2.250000 	 0.000000e+00 0.000000e+00 0.000000e+00 	 0.000000e+00 0.000000e+00 0.000000e+00 	 0.000000e+00 0.000000e+00 0.000000e+00 	 0
2.750000 	 0.000000e+00 0.000000e+00 0.000000e+00 	 0.000000e+00 0.000000e+00 0.000000e+00 	 0.000000e+00 0.000000e+00 0.000000e+00 	 0
3.250000 	 -1.067616e-05 -1.633363e-05 9.107242e-06 	 -1.422649e-05 3.237509e-07 -2.639822e-06 	 -2.490266e-05 -1.600988e-05 6.467420e-06 	 26
3.750000 	 -2.646013e-06 -1.747461e-07 4.436995e-06 	 3.890729e-06 -1.099329e-06 -1.318748e-07 	 1.244716e-06 -1.274075e-06 4.305121e-06 	 559
4.250000 	 -2.229335e-06 3.595394e-07 -3.426438e-06 	 7.144670e-07 3.392474e-07 -4.840692e-07 	 -1.514868e-06 6.987868e-07 -3.910507e-06 	 899
4.750000 	 1.797241e-06 -2.869629e-06 -8.633040e-07 	 -2.324667e-06 2.905225e-07 2.531891e-07 	 -5.274267e-07 -2.579106e-06 -6.101149e-07 	 927
5.250000 	 5.620711e-07 -4.158754e-07 1.371125e-06 	 1.118796e-06 1.010401e-06 -1.839187e-07 	 1.680868e-06 5.945254e-07 1.187207e-06 	 901
5.750000 	 -2.914857e-06 5.600041e-06 1.815326e-06 	 -1.768555e-06 4.608065e-07 7.589530e-07 	 -4.683412e-06 6.060847e-06 2.574279e-06 	 902
6.250000 	 2.083481e-06 4.868553e-08 -1.800606e-08 	 2.765850e-06 6.683721e-07 -9.690496e-07 	 4.849330e-06 7.170576e-07 -9.870556e-07 	 905
6.750000 	 -1.407615e-07 -7.910755e-07 -2.846944e-06 	 -4.694014e-06 4.152323e-07 -1.388508e-06 	 -4.834775e-06 -3.758432e-07 -4.235452e-06 	 915
7.250000 	 -5.207692e-07 -5.178439e-07 2.466829e-06 	 4.001207e-06 4.298486e-07 -4.297599e-08 	 3.480437e-06 -8.799533e-08 2.423853e-06 	 898
7.750000 	 5.568558e-08 -8.826664e-07 -2.327711e-06 	 -2.918804e-06 -1.327028e-06 -6.497149e-08 	 -2.863119e-06 -2.209694e-06 -2.392682e-06 	 883
8.250000 	 -1.562136e-06 1.325496e-06 -2.935804e-06 	 -9.710896e-07 1.766100e-07 -2.534514e-07 	 -2.533225e-06 1.502106e-06 -3.189255e-06 	 912
8.750000 	 3.076472e-06 1.805391e-06 -7.708180e-07 	 2.720161e-06 2.906533e-07 -1.453326e-06 	 5.796633e-06 2.096045e-06 -2.224144e-06 	 910
9.250000 	 -1.211752e-06 3.359436e-06 9.961506e-07 	 -1.604649e-07 1.465965e-07 -6.050913e-07 	 -1.372217e-06 3.506032e-06 3.910594e-07 	 925
9.750000 	 7.334649e-07 -1.153135e-06 -1.412099e-06 	 -1.415335e-06 4.812411e-07 1.108524e-06 	 -6.818703e-07 -6.718943e-07 -3.035746e-07 	 899
10.250000 	 -4.052509e-06 5.491686e-08 3.497276e-07 	 1.024107e-06 -5.497427e-07 -4.932400e-07 	 -3.028402e-06 -4.948258e-07 -1.435124e-07 	 907
10.750000 	 2.515268e-06 -5.818838e-07 1.379432e-06 	 1.136591e-06 -4.918660e-07 9.197451e-08 	 3.651860e-06 -1.073750e-06 1.471407e-06 	 886
11.250000 	 2.857995e-07 2.252576e-06 -3.553478e-08 	 -2.054269e-06 -6.072843e-07 4.536075e-07 	 -1.768470e-06 1.645292e-06 4.180727e-07 	 551
11.750000 	 6.638212e-06 -1.500223e-05 -9.742012e-06 	 -2.755228e-06 -3.655428e-06 -3.297037e-06 	 3.882984e-06 -1.865766e-05 -1.303905e-05 	 19
12.250000 	 0.000000e+00 0.000000e+00 0.000000e+00 	 0.000000e+00 0.000000e+00 0.000000e+00 	 0.000000e+00 0.000000e+00 0.000000e+00 	 0
12.750000 	 0.000000e+00 0.000000e+00 0.000000e+00 	 0.000000e+00 0.000000e+00 0.000000e+00 	 0.000000e+00 0.000000e+00 0.000000e+00 	 0
13.250000 	 0.000000e+00 0.000000e+00 0.000000e+00 	 0.000000e+00 0.000000e+00 0.000000e+00 	 0.000000e+00 0.000000e+00 0.000000e+00 	 0
13.750000 	 0.000000e+00 0.000000e+00 0.000000e+00 	 0.000000e+00 0.000000e+00 0.000000e+00 	 0.000000e+00 0.000000e+00 0.000000e+00 	 0
14.250000 	 0.000000e+00 0.000000e+00 0.000000e+00 	 0.000000e+00 0.000000e+00 0.000000e+00 	 0.000000e+00 0.000000e+00 0.000000e+00 	 0
14.750000 	 0.000000e+00 0.000000e+00 0.000000e+00 	 0.000000e+00 0.000000e+00 0.000000e+00 	 0.000000e+00 0.000000e+00 0.000000e+00 	 0
