# 1  2-4    5-7    8-10   11     
# x  dirEF  recEF  sumEF  #Sample
0.250000 	 0.000000e+00 0.000000e+00 0.000000e+00 	 0.000000e+00 0.000000e+00 0.000000e+00 	 0.000000e+00 0.000000e+00 0.000000e+00 	 0
0.750000 	 0.000000e+00 0.000000e+00 0.000000e+00 	 0.000000e+00 0.000000e+00 0.000000e+00 	 0.000000e+00 0.000000e+00 0.000000e+00 	 0
1.250000 	 0.000000e+00 0.000000e+00 0.000000e+00 	 0.000000e+00 0.000000e+00 0.000000e+00 	 0.000000e+00 0.000000e+00 0.000000e+00 	 0
1.750000 	 0.000000e+00 0.000000e+00 0.000000e+00 	 0.000000e+00 0.000000e+00 0.000000e+00 	 0.000000e+00 0.000000e+00 0.000000e+00 	 0
2.250000 	 0.000000e+00 0.000000e+00 0.000000e+00 	 0.000000e+00 0.000000e+00 0.000000e+00 	 0.000000e+00 0.000000e+00 0.000000e+00 	 0
2.750000 	 0.000000e+00 0.000000e+00 0.000000e+00 	 0.000000e+00 0.000000e+00 0.000000e+00 	 0.000000e+00 0.000000e+00 0.000000e+00 	 0
3.250000 	 -8.957556e-06 -2.371338e-06 1.979898e-06 	 -8.805552e-07 1.332170e-06 -3.020129e-07 	 -9.838112e-06 -1.039168e-06 1.677885e-06 	 59
3.750000 	 5.561677e-07 2.340140e-06 3.751898e-06 	 6.497325e-07 -1.046529e-07 -1.042958e-07 	 1.205900e-06 2.235487e-06 3.647602e-06 	 539
4.250000 	 -3.641720e-06 -1.756158e-06 2.551605e-06 	 4.815820e-07 -1.531442e-07 9.941801e-08 	 -3.160139e-06 -1.909302e-06 2.651023e-06 	 902
4.750000 	 -9.359698e-07 7.894970e-07 2.412206e-06 	 -2.307144e-07 4.085777e-08 -3.274981e-08 	 -1.166684e-06 8.303548e-07 2.379456e-06 	 890
5.250000 	 4.741729e-07 8.853191e-07 -6.750294e-06 	 -1.021173e-07 -1.174476e-07 -7.543309e-08 	 3.720557e-07 7.678716e-07 -6.825727e-06 	 912
5.750000 	 1.071833e-06 -8.399372e-07 -4.304784e-06 	 -1.711236e-07 -5.874345e-08 -1.164916e-07 	 9.007094e-07 -8.986806e-07 -4.421276e-06 	 899
6.250000 	 -1.652767e-06 7.561571e-07 1.478827e-06 	 2.588169e-08 1.153114e-08 8.350044e-08 	 -1.626886e-06 7.676883e-07 1.562327e-06 	 904
6.750000 	 -1.176267e-06 -9.501112e-07 1.239889e-06 	 -3.271390e-08 1.567861e-07 -6.338173e-08 	 -1.208981e-06 -7.933251e-07 1.176507e-06 	 914
7.250000 	 2.255102e-07 -1.676121e-06 -4.046039e-07 	 2.057220e-07 4.832990e-08 4.664237e-08 	 4.312322e-07 -1.627791e-06 -3.579615e-07 	 899
7.750000 	 2.482403e-06 2.640576e-07 -3.218692e-06 	 -1.913194e-07 1.193843e-07 -7.182689e-08 	 2.291083e-06 3.834419e-07 -3.290519e-06 	 911
8.250000 	 -3.055536e-06 2.899638e-06 1.867145e-06 	 -3.409836e-07 -1.396774e-07 -1.880606e-08 	 -3.396520e-06 2.759961e-06 1.848339e-06 	 912
8.750000 	 9.196648e-08 -2.858655e-07 2.941461e-06 	 -8.570778e-08 2.050263e-07 2.909168e-08 	 6.258701e-09 -8.083919e-08 2.970552e-06 	 906
9.250000 	 -8.829422e-07 -1.244856e-07 -2.093409e-06 	 5.895641e-07 1.079974e-08 -1.030825e-07 	 -2.933781e-07 -1.136858e-07 -2.196491e-06 	 897
9.750000 	 1.896794e-07 6.647466e-07 2.476184e-06 	 -2.910338e-07 1.127638e-07 -4.192627e-08 	 -1.013544e-07 7.775104e-07 2.434257e-06 	 928
10.250000 	 8.171545e-07 6.626789e-07 3.855166e-07 	 2.464737e-07 8.325340e-09 -5.072384e-08 	 1.063628e-06 6.710042e-07 3.347927e-07 	 884
10.750000 	 -1.844481e-06 1.096951e-06 -2.095793e-06 	 -5.032675e-07 -6.021300e-08 2.672116e-08 	 -2.347749e-06 1.036738e-06 -2.069072e-06 	 901
11.250000 	 3.404864e-07 -4.996648e-07 -3.052084e-06 	 -1.054079e-07 -2.076330e-08 -1.625332e-10 	 2.350785e-07 -5.204281e-07 -3.052247e-06 	 521
11.750000 	 -6.874336e-06 -6.525996e-06 -9.099241e-07 	 1.357196e-06 6.696824e-07 -3.553901e-07 	 -5.517140e-06 -5.856314e-06 -1.265314e-06 	 46
12.250000 	 0.000000e+00 0.000000e+00 0.000000e+00 	 0.000000e+00 0.000000e+00 0.000000e+00 	 0.000000e+00 0.000000e+00 0.000000e+00 	 0
12.750000 	 0.000000e+00 0.000000e+00 0.000000e+00 	 0.000000e+00 0.000000e+00 0.000000e+00 	 0.000000e+00 0.000000e+00 0.000000e+00 	 0
13.250000 	 0.000000e+00 0.000000e+00 0.000000e+00 	 0.000000e+00 0.000000e+00 0.000000e+00 	 0.000000e+00 0.000000e+00 0.000000e+00 	 0
13.750000 	 0.000000e+00 0.000000e+00 0.000000e+00 	 0.000000e+00 0.000000e+00 0.000000e+00 	 0.000000e+00 0.000000e+00 0.000000e+00 	 0
14.250000 	 0.000000e+00 0.000000e+00 0.000000e+00 	 0.000000e+00 0.000000e+00 0.000000e+00 	 0.000000e+00 0.000000e+00 0.000000e+00 	 0
14.750000 	 0.000000e+00 0.000000e+00 0.000000e+00 	 0.000000e+00 0.000000e+00 0.000000e+00 	 0.000000e+00 0.000000e+00 0.000000e+00 	 0
