# 1  2-4    5-7    8-10   11     
# x  dirEF  recEF  sumEF  #Sample
0.250000 	 0.000000e+00 0.000000e+00 0.000000e+00 	 0.000000e+00 0.000000e+00 0.000000e+00 	 0.000000e+00 0.000000e+00 0.000000e+00 	 0
0.750000 	 0.000000e+00 0.000000e+00 0.000000e+00 	 0.000000e+00 0.000000e+00 0.000000e+00 	 0.000000e+00 0.000000e+00 0.000000e+00 	 0
1.250000 	 0.000000e+00 0.000000e+00 0.000000e+00 	 0.000000e+00 0.000000e+00 0.000000e+00 	 0.000000e+00 0.000000e+00 0.000000e+00 	 0
1.750000 	 0.000000e+00 0.000000e+00 0.000000e+00 	 0.000000e+00 0.000000e+00 0.000000e+00 	 0.000000e+00 0.000000e+00 0.000000e+00 	 0
2.250000 	 0.000000e+00 0.000000e+00 0.000000e+00 	 0.000000e+00 0.000000e+00 0.000000e+00 	 0.000000e+00 0.000000e+00 0.000000e+00 	 0
2.750000 	 0.000000e+00 0.000000e+00 0.000000e+00 	 0.000000e+00 0.000000e+00 0.000000e+00 	 0.000000e+00 0.000000e+00 0.000000e+00 	 0
3.250000 	 -9.510183e-07 -1.562300e-05 -8.795033e-06 	 6.263689e-06 3.525350e-06 4.922709e-07 	 5.312671e-06 -1.209765e-05 -8.302762e-06 	 33
3.750000 	 -5.362073e-09 7.183938e-07 3.366208e-06 	 -1.474566e-06 -3.172831e-07 1.098485e-06 	 -1.479928e-06 4.011107e-07 4.464693e-06 	 569
4.250000 	 -2.880498e-06 -1.110626e-06 -3.072635e-06 	 -5.012984e-07 7.842303e-07 -1.040739e-07 	 -3.381797e-06 -3.263960e-07 -3.176709e-06 	 895
4.750000 	 2.312740e-06 2.917575e-06 -1.914778e-06 	 3.090287e-06 -6.002605e-07 8.791758e-07 	 5.403028e-06 2.317314e-06 -1.035603e-06 	 896
5.250000 	 9.515154e-07 -1.771309e-06 -3.404653e-06 	 -1.441520e-07 1.122957e-06 -8.624104e-07 	 8.073634e-07 -6.483522e-07 -4.267064e-06 	 930
5.750000 	 -1.384238e-06 8.069286e-07 2.037453e-06 	 -9.737100e-07 -7.836370e-08 3.513923e-08 	 -2.357948e-06 7.285649e-07 2.072592e-06 	 898
6.250000 	 -5.608304e-07 -6.999433e-08 -5.728366e-07 	 2.034804e-07 -4.494269e-07 -2.747696e-07 	 -3.573500e-07 -5.194212e-07 -8.476062e-07 	 907
6.750000 	 1.285571e-06 3.791910e-06 7.682639e-07 	 -1.153369e-06 -6.369148e-07 4.368002e-07 	 1.322020e-07 3.154995e-06 1.205064e-06 	 885
7.250000 	 -3.222009e-06 -2.149895e-06 -1.705579e-06 	 1.681734e-06 -1.046343e-07 -2.508462e-07 	 -1.540275e-06 -2.254529e-06 -1.956425e-06 	 907
7.750000 	 1.198569e-06 4.667028e-07 2.593530e-06 	 -1.232959e-06 7.869425e-07 -1.800813e-07 	 -3.439064e-08 1.253645e-06 2.413449e-06 	 906
8.250000 	 8.435751e-07 -1.959774e-06 -1.558847e-06 	 2.396477e-06 6.444247e-07 -2.971360e-07 	 3.240052e-06 -1.315350e-06 -1.855983e-06 	 920
8.750000 	 -2.645213e-06 2.252205e-06 1.510178e-07 	 -1.672780e-06 -1.491510e-09 1.978072e-07 	 -4.317993e-06 2.250714e-06 3.488250e-07 	 884
9.250000 	 -1.550251e-06 -1.935963e-06 6.122555e-06 	 1.001216e-06 -6.287862e-07 9.895754e-08 	 -5.490355e-07 -2.564749e-06 6.221513e-06 	 899
9.750000 	 2.511410e-06 -1.877575e-06 -4.421269e-07 	 3.709477e-07 -6.289571e-07 5.730059e-07 	 2.882358e-06 -2.506532e-06 1.308790e-07 	 909
10.250000 	 1.341890e-06 1.769219e-06 2.964317e-06 	 -2.067125e-06 5.756882e-08 -9.119697e-07 	 -7.252341e-07 1.826788e-06 2.052348e-06 	 923
10.750000 	 3.334769e-07 -1.692959e-06 -1.242532e-06 	 8.203163e-07 -1.025204e-06 1.267712e-07 	 1.153793e-06 -2.718163e-06 -1.115761e-06 	 902
11.250000 	 3.516897e-06 3.341562e-06 4.894179e-06 	 6.779099e-08 -7.642871e-07 6.650388e-07 	 3.584688e-06 2.577274e-06 5.559218e-06 	 519
11.750000 	 9.807153e-06 -1.036800e-05 3.118344e-06 	 -1.715070e-06 8.316011e-08 -4.163026e-06 	 8.092083e-06 -1.028484e-05 -1.044682e-06 	 40
12.250000 	 -8.537608e-05 -1.877066e-05 -2.296289e-05 	 2.256817e-05 -1.785560e-05 -2.714616e-05 	 -6.280791e-05 -3.662626e-05 -5.010905e-05 	 2
12.750000 	 0.000000e+00 0.000000e+00 0.000000e+00 	 0.000000e+00 0.000000e+00 0.000000e+00 	 0.000000e+00 0.000000e+00 0.000000e+00 	 0
13.250000 	 0.000000e+00 0.000000e+00 0.000000e+00 	 0.000000e+00 0.000000e+00 0.000000e+00 	 0.000000e+00 0.000000e+00 0.000000e+00 	 0
13.750000 	 0.000000e+00 0.000000e+00 0.000000e+00 	 0.000000e+00 0.000000e+00 0.000000e+00 	 0.000000e+00 0.000000e+00 0.000000e+00 	 0
14.250000 	 0.000000e+00 0.000000e+00 0.000000e+00 	 0.000000e+00 0.000000e+00 0.000000e+00 	 0.000000e+00 0.000000e+00 0.000000e+00 	 0
14.750000 	 0.000000e+00 0.000000e+00 0.000000e+00 	 0.000000e+00 0.000000e+00 0.000000e+00 	 0.000000e+00 0.000000e+00 0.000000e+00 	 0
