# 1  2-4    5-7    8-10   11     
# x  dirEF  recEF  sumEF  #Sample
0.250000 	 0.000000e+00 0.000000e+00 0.000000e+00 	 0.000000e+00 0.000000e+00 0.000000e+00 	 0.000000e+00 0.000000e+00 0.000000e+00 	 0
0.750000 	 0.000000e+00 0.000000e+00 0.000000e+00 	 0.000000e+00 0.000000e+00 0.000000e+00 	 0.000000e+00 0.000000e+00 0.000000e+00 	 0
1.250000 	 0.000000e+00 0.000000e+00 0.000000e+00 	 0.000000e+00 0.000000e+00 0.000000e+00 	 0.000000e+00 0.000000e+00 0.000000e+00 	 0
1.750000 	 0.000000e+00 0.000000e+00 0.000000e+00 	 0.000000e+00 0.000000e+00 0.000000e+00 	 0.000000e+00 0.000000e+00 0.000000e+00 	 0
2.250000 	 0.000000e+00 0.000000e+00 0.000000e+00 	 0.000000e+00 0.000000e+00 0.000000e+00 	 0.000000e+00 0.000000e+00 0.000000e+00 	 0
2.750000 	 0.000000e+00 0.000000e+00 0.000000e+00 	 0.000000e+00 0.000000e+00 0.000000e+00 	 0.000000e+00 0.000000e+00 0.000000e+00 	 0
3.250000 	 -4.012889e-06 9.553426e-07 -3.967512e-06 	 -2.901141e-06 1.449813e-06 1.012565e-06 	 -6.914029e-06 2.405156e-06 -2.954947e-06 	 43
3.750000 	 2.636629e-07 -2.008380e-06 -2.415390e-06 	 1.679402e-06 1.090593e-06 8.210595e-07 	 1.943064e-06 -9.177861e-07 -1.594330e-06 	 570
4.250000 	 1.309837e-06 5.556756e-06 8.607654e-07 	 -2.836181e-06 -3.264092e-07 -3.426286e-07 	 -1.526344e-06 5.230347e-06 5.181367e-07 	 887
4.750000 	 1.275341e-06 -2.366476e-06 1.963811e-06 	 2.554076e-06 8.133429e-07 8.176296e-07 	 3.829417e-06 -1.553133e-06 2.781441e-06 	 905
5.250000 	 -8.528661e-07 -3.012526e-07 1.986850e-06 	 -1.601786e-06 5.634209e-07 -1.332862e-06 	 -2.454652e-06 2.621683e-07 6.539883e-07 	 917
5.750000 	 -5.801564e-07 3.929347e-06 7.952578e-07 	 -1.084042e-06 1.295801e-06 -8.537350e-08 	 -1.664198e-06 5.225148e-06 7.098843e-07 	 923
6.250000 	 4.073769e-07 -6.786240e-07 -1.464014e-06 	 2.520039e-06 -1.099745e-06 -5.051716e-07 	 2.927416e-06 -1.778369e-06 -1.969186e-06 	 885
6.750000 	 3.405651e-06 1.005235e-06 2.021261e-06 	 6.956308e-07 -2.344027e-07 1.045335e-07 	 4.101282e-06 7.708320e-07 2.125794e-06 	 919
7.250000 	 -1.547218e-06 1.550887e-06 1.506224e-06 	 -8.788454e-07 -2.166778e-06 9.174616e-07 	 -2.426063e-06 -6.158913e-07 2.423686e-06 	 887
7.750000 	 -4.724684e-06 4.514906e-07 -4.282440e-06 	 -1.694318e-06 1.263426e-06 -4.243541e-07 	 -6.419002e-06 1.714916e-06 -4.706794e-06 	 901
8.250000 	 -2.497114e-06 -2.178645e-06 2.584933e-06 	 1.360996e-06 -1.259840e-07 6.948284e-07 	 -1.136119e-06 -2.304629e-06 3.279762e-06 	 899
8.750000 	 -3.850244e-07 2.376596e-06 3.193183e-06 	 2.758772e-07 9.188297e-09 -4.952547e-07 	 -1.091472e-07 2.385784e-06 2.697928e-06 	 891
9.250000 	 2.009621e-07 3.892676e-07 -6.376119e-07 	 -3.550316e-07 -1.565394e-06 6.084428e-07 	 -1.540695e-07 -1.176126e-06 -2.916907e-08 	 917
9.750000 	 4.844112e-06 -1.246756e-06 3.169960e-06 	 -1.831782e-06 -4.285700e-07 2.000745e-06 	 3.012330e-06 -1.675326e-06 5.170705e-06 	 886
10.250000 	 1.784440e-06 -7.023281e-07 -8.776037e-07 	 8.701327e-07 2.423309e-07 5.183337e-07 	 2.654572e-06 -4.599972e-07 -3.592700e-07 	 897
10.750000 	 -4.476291e-07 1.022660e-06 9.075144e-07 	 -1.357583e-06 -2.818239e-07 -2.398947e-06 	 -1.805212e-06 7.408361e-07 -1.491432e-06 	 884
11.250000 	 -5.434200e-07 1.401139e-06 -3.177397e-06 	 8.883918e-07 -1.687846e-07 1.096191e-06 	 3.449718e-07 1.232355e-06 -2.081206e-06 	 541
11.750000 	 7.886459e-06 -5.633914e-06 3.592229e-07 	 -2.739593e-06 3.568682e-06 2.171206e-06 	 5.146867e-06 -2.065232e-06 2.530429e-06 	 72
12.250000 	 0.000000e+00 0.000000e+00 0.000000e+00 	 0.000000e+00 0.000000e+00 0.000000e+00 	 0.000000e+00 0.000000e+00 0.000000e+00 	 0
12.750000 	 0.000000e+00 0.000000e+00 0.000000e+00 	 0.000000e+00 0.000000e+00 0.000000e+00 	 0.000000e+00 0.000000e+00 0.000000e+00 	 0
13.250000 	 0.000000e+00 0.000000e+00 0.000000e+00 	 0.000000e+00 0.000000e+00 0.000000e+00 	 0.000000e+00 0.000000e+00 0.000000e+00 	 0
13.750000 	 0.000000e+00 0.000000e+00 0.000000e+00 	 0.000000e+00 0.000000e+00 0.000000e+00 	 0.000000e+00 0.000000e+00 0.000000e+00 	 0
14.250000 	 0.000000e+00 0.000000e+00 0.000000e+00 	 0.000000e+00 0.000000e+00 0.000000e+00 	 0.000000e+00 0.000000e+00 0.000000e+00 	 0
14.750000 	 0.000000e+00 0.000000e+00 0.000000e+00 	 0.000000e+00 0.000000e+00 0.000000e+00 	 0.000000e+00 0.000000e+00 0.000000e+00 	 0
