# 1  2-4    5-7    8-10   11     
# x  dirEF  recEF  sumEF  #Sample
0.250000 	 0.000000e+00 0.000000e+00 0.000000e+00 	 0.000000e+00 0.000000e+00 0.000000e+00 	 0.000000e+00 0.000000e+00 0.000000e+00 	 0
0.750000 	 0.000000e+00 3.552714e-15 0.000000e+00 	 1.362940e-11 -5.171946e-12 4.934747e-12 	 1.362821e-11 -5.169198e-12 4.934719e-12 	 1
1.250000 	 0.000000e+00 0.000000e+00 0.000000e+00 	 0.000000e+00 0.000000e+00 0.000000e+00 	 0.000000e+00 0.000000e+00 0.000000e+00 	 0
1.750000 	 0.000000e+00 0.000000e+00 0.000000e+00 	 0.000000e+00 0.000000e+00 0.000000e+00 	 0.000000e+00 0.000000e+00 0.000000e+00 	 0
2.250000 	 0.000000e+00 0.000000e+00 0.000000e+00 	 0.000000e+00 0.000000e+00 0.000000e+00 	 0.000000e+00 0.000000e+00 0.000000e+00 	 0
2.750000 	 0.000000e+00 0.000000e+00 0.000000e+00 	 0.000000e+00 0.000000e+00 0.000000e+00 	 0.000000e+00 0.000000e+00 0.000000e+00 	 0
3.250000 	 3.549350e-06 -1.599620e-05 9.843428e-07 	 -3.209287e-07 1.550679e-06 4.819492e-07 	 3.228422e-06 -1.444552e-05 1.466292e-06 	 48
3.750000 	 -2.474235e-07 1.274209e-06 4.119665e-07 	 3.670565e-07 -2.882673e-07 4.560800e-07 	 1.196329e-07 9.859418e-07 8.680465e-07 	 592
4.250000 	 -6.650640e-07 -1.659363e-07 -2.476062e-06 	 -1.178013e-07 -1.973537e-09 -6.021797e-07 	 -7.828653e-07 -1.679099e-07 -3.078242e-06 	 871
4.750000 	 1.567713e-06 1.107692e-06 -1.626506e-06 	 2.915557e-07 -3.753064e-07 4.145616e-07 	 1.859269e-06 7.323860e-07 -1.211945e-06 	 896
5.250000 	 -1.227725e-06 -4.501535e-06 1.188413e-06 	 7.347057e-08 1.333725e-08 -3.662185e-07 	 -1.154254e-06 -4.488198e-06 8.221947e-07 	 882
5.750000 	 -1.410448e-06 2.520290e-06 -2.457323e-06 	 -6.493630e-07 7.940929e-07 9.252481e-08 	 -2.059811e-06 3.314383e-06 -2.364798e-06 	 907
6.250000 	 3.422227e-06 -3.545012e-07 2.253248e-06 	 8.699653e-08 -1.017642e-07 3.686816e-07 	 3.509223e-06 -4.562654e-07 2.621930e-06 	 915
6.750000 	 7.291482e-07 6.115364e-07 -1.567178e-06 	 5.074541e-07 -1.913425e-07 -1.057672e-06 	 1.236602e-06 4.201939e-07 -2.624851e-06 	 917
7.250000 	 -1.614938e-06 1.721272e-06 9.948088e-07 	 -3.430321e-07 1.156864e-07 1.881296e-07 	 -1.957970e-06 1.836959e-06 1.182938e-06 	 890
7.750000 	 -1.447172e-06 -7.478562e-07 3.059915e-06 	 -2.702601e-08 -8.358974e-07 6.845075e-07 	 -1.474198e-06 -1.583754e-06 3.744422e-06 	 921
8.250000 	 -2.087890e-06 1.108243e-06 2.860564e-06 	 -3.924175e-09 9.010199e-07 -8.976652e-07 	 -2.091814e-06 2.009263e-06 1.962899e-06 	 881
8.750000 	 1.509533e-07 2.361305e-06 -3.188533e-06 	 1.590398e-07 4.080485e-07 -4.242825e-07 	 3.099931e-07 2.769353e-06 -3.612815e-06 	 920
9.250000 	 -4.062585e-07 -1.126216e-06 9.635454e-07 	 1.490124e-07 -4.884664e-07 -1.613417e-06 	 -2.572460e-07 -1.614683e-06 -6.498719e-07 	 912
9.750000 	 -3.361964e-06 -1.652617e-06 -3.481459e-06 	 -4.469997e-08 1.737552e-07 -1.317643e-06 	 -3.406664e-06 -1.478862e-06 -4.799103e-06 	 894
10.250000 	 -1.628134e-07 1.710247e-06 1.828001e-06 	 8.339634e-08 1.839824e-07 -3.661482e-07 	 -7.941709e-08 1.894229e-06 1.461853e-06 	 926
10.750000 	 2.721426e-06 -2.520875e-06 -2.648403e-07 	 1.503322e-07 6.114765e-07 -1.180314e-06 	 2.871759e-06 -1.909399e-06 -1.445154e-06 	 879
11.250000 	 -9.583729e-07 1.508360e-06 -1.448328e-06 	 -8.283094e-07 3.363212e-08 -6.270772e-08 	 -1.786682e-06 1.541992e-06 -1.511036e-06 	 537
11.750000 	 2.871269e-05 6.588439e-06 -4.749952e-06 	 5.761246e-07 2.391394e-06 -4.912084e-07 	 2.928882e-05 8.979833e-06 -5.241161e-06 	 34
12.250000 	 0.000000e+00 0.000000e+00 0.000000e+00 	 0.000000e+00 0.000000e+00 0.000000e+00 	 0.000000e+00 0.000000e+00 0.000000e+00 	 0
12.750000 	 0.000000e+00 0.000000e+00 0.000000e+00 	 0.000000e+00 0.000000e+00 0.000000e+00 	 0.000000e+00 0.000000e+00 0.000000e+00 	 0
13.250000 	 0.000000e+00 0.000000e+00 0.000000e+00 	 0.000000e+00 0.000000e+00 0.000000e+00 	 0.000000e+00 0.000000e+00 0.000000e+00 	 0
13.750000 	 0.000000e+00 0.000000e+00 0.000000e+00 	 0.000000e+00 0.000000e+00 0.000000e+00 	 0.000000e+00 0.000000e+00 0.000000e+00 	 0
14.250000 	 0.000000e+00 0.000000e+00 0.000000e+00 	 0.000000e+00 0.000000e+00 0.000000e+00 	 0.000000e+00 0.000000e+00 0.000000e+00 	 0
14.750000 	 0.000000e+00 0.000000e+00 0.000000e+00 	 -8.169743e-12 -5.524164e-12 -1.757646e-12 	 -8.171241e-12 -5.522693e-12 -1.755041e-12 	 1
