# 1  2-4    5-7    8-10   11     
# x  dirEF  recEF  sumEF  #Sample
0.250000 	 0.000000e+00 0.000000e+00 0.000000e+00 	 0.000000e+00 0.000000e+00 0.000000e+00 	 0.000000e+00 0.000000e+00 0.000000e+00 	 0
0.750000 	 0.000000e+00 0.000000e+00 0.000000e+00 	 0.000000e+00 0.000000e+00 0.000000e+00 	 0.000000e+00 0.000000e+00 0.000000e+00 	 0
1.250000 	 0.000000e+00 0.000000e+00 0.000000e+00 	 0.000000e+00 0.000000e+00 0.000000e+00 	 0.000000e+00 0.000000e+00 0.000000e+00 	 0
1.750000 	 0.000000e+00 0.000000e+00 0.000000e+00 	 0.000000e+00 0.000000e+00 0.000000e+00 	 0.000000e+00 0.000000e+00 0.000000e+00 	 0
2.250000 	 0.000000e+00 0.000000e+00 0.000000e+00 	 0.000000e+00 0.000000e+00 0.000000e+00 	 0.000000e+00 0.000000e+00 0.000000e+00 	 0
2.750000 	 0.000000e+00 0.000000e+00 0.000000e+00 	 0.000000e+00 0.000000e+00 0.000000e+00 	 0.000000e+00 0.000000e+00 0.000000e+00 	 0
3.250000 	 -2.531246e-06 -2.114642e-06 8.641976e-06 	 -3.372661e-06 1.822676e-06 7.190750e-07 	 -5.903906e-06 -2.919657e-07 9.361051e-06 	 22
3.750000 	 -7.752347e-07 2.915737e-06 -4.909569e-07 	 8.764361e-07 4.878258e-08 -8.502933e-08 	 1.012014e-07 2.964520e-06 -5.759862e-07 	 593
4.250000 	 -2.624054e-06 -1.800193e-06 -8.933304e-07 	 1.345772e-08 9.860324e-08 8.813448e-08 	 -2.610597e-06 -1.701590e-06 -8.051959e-07 	 877
4.750000 	 1.171586e-06 1.201633e-06 -2.409896e-07 	 -6.265135e-08 -3.879574e-08 -4.753794e-08 	 1.108935e-06 1.162837e-06 -2.885275e-07 	 904
5.250000 	 4.142908e-06 1.890711e-06 -3.020768e-07 	 1.152932e-07 -1.054974e-08 -1.205386e-07 	 4.258201e-06 1.880162e-06 -4.226154e-07 	 905
5.750000 	 -5.515433e-06 -3.063453e-06 -4.415234e-07 	 -2.998884e-07 8.241418e-08 1.693926e-09 	 -5.815321e-06 -2.981039e-06 -4.398295e-07 	 902
6.250000 	 2.128711e-06 1.789895e-06 3.452500e-07 	 8.164991e-08 4.490549e-08 -4.867832e-08 	 2.210361e-06 1.834800e-06 2.965717e-07 	 894
6.750000 	 -4.114811e-07 -8.287344e-07 -1.846336e-06 	 4.842416e-08 1.528711e-08 9.885440e-08 	 -3.630569e-07 -8.134473e-07 -1.747482e-06 	 907
7.250000 	 -3.256697e-08 2.742309e-06 -2.595709e-07 	 -2.093789e-07 -1.216462e-07 8.150769e-08 	 -2.419459e-07 2.620662e-06 -1.780632e-07 	 908
7.750000 	 2.679948e-06 -5.566377e-07 -9.349502e-07 	 2.625727e-07 6.034643e-08 -8.108494e-08 	 2.942521e-06 -4.962913e-07 -1.016035e-06 	 917
8.250000 	 -2.619640e-06 1.180969e-06 3.625607e-06 	 3.485786e-07 -1.380881e-07 1.604465e-08 	 -2.271061e-06 1.042880e-06 3.641652e-06 	 941
8.750000 	 8.770535e-07 -3.860200e-07 2.219765e-06 	 -4.036186e-08 1.725473e-07 3.739735e-08 	 8.366917e-07 -2.134727e-07 2.257163e-06 	 892
9.250000 	 -9.747263e-07 1.022029e-06 -3.224362e-06 	 -3.961645e-07 -8.339607e-08 1.781701e-07 	 -1.370891e-06 9.386329e-07 -3.046192e-06 	 890
9.750000 	 -2.614230e-06 -1.559356e-06 -2.994432e-06 	 -1.539063e-07 9.067487e-09 3.042315e-08 	 -2.768136e-06 -1.550289e-06 -2.964009e-06 	 907
10.250000 	 6.089682e-07 -1.427819e-08 -1.577670e-06 	 3.105190e-07 -4.683963e-08 7.023644e-08 	 9.194872e-07 -6.111782e-08 -1.507434e-06 	 900
10.750000 	 2.202744e-06 2.346405e-06 -9.240715e-07 	 -1.265624e-07 -4.103371e-08 -1.307941e-07 	 2.076181e-06 2.305371e-06 -1.054866e-06 	 905
11.250000 	 -4.929660e-07 -4.906427e-06 5.494269e-06 	 -1.183566e-06 -1.450990e-08 1.457265e-07 	 -1.676532e-06 -4.920936e-06 5.639996e-06 	 534
11.750000 	 -8.828124e-06 -7.716016e-08 -3.021969e-06 	 2.788207e-06 1.474981e-07 3.081684e-08 	 -6.039917e-06 7.033795e-08 -2.991152e-06 	 26
12.250000 	 0.000000e+00 0.000000e+00 0.000000e+00 	 0.000000e+00 0.000000e+00 0.000000e+00 	 0.000000e+00 0.000000e+00 0.000000e+00 	 0
12.750000 	 0.000000e+00 0.000000e+00 0.000000e+00 	 0.000000e+00 0.000000e+00 0.000000e+00 	 0.000000e+00 0.000000e+00 0.000000e+00 	 0
13.250000 	 0.000000e+00 0.000000e+00 0.000000e+00 	 0.000000e+00 0.000000e+00 0.000000e+00 	 0.000000e+00 0.000000e+00 0.000000e+00 	 0
13.750000 	 0.000000e+00 0.000000e+00 0.000000e+00 	 0.000000e+00 0.000000e+00 0.000000e+00 	 0.000000e+00 0.000000e+00 0.000000e+00 	 0
14.250000 	 0.000000e+00 0.000000e+00 0.000000e+00 	 0.000000e+00 0.000000e+00 0.000000e+00 	 0.000000e+00 0.000000e+00 0.000000e+00 	 0
14.750000 	 0.000000e+00 0.000000e+00 0.000000e+00 	 0.000000e+00 0.000000e+00 0.000000e+00 	 0.000000e+00 0.000000e+00 0.000000e+00 	 0
