# 1  2-4    5-7    8-10   11     
# x  dirEF  recEF  sumEF  #Sample
0.250000 	 0.000000e+00 0.000000e+00 0.000000e+00 	 0.000000e+00 0.000000e+00 0.000000e+00 	 0.000000e+00 0.000000e+00 0.000000e+00 	 0
0.750000 	 0.000000e+00 0.000000e+00 0.000000e+00 	 0.000000e+00 0.000000e+00 0.000000e+00 	 0.000000e+00 0.000000e+00 0.000000e+00 	 0
1.250000 	 0.000000e+00 0.000000e+00 0.000000e+00 	 0.000000e+00 0.000000e+00 0.000000e+00 	 0.000000e+00 0.000000e+00 0.000000e+00 	 0
1.750000 	 0.000000e+00 0.000000e+00 0.000000e+00 	 0.000000e+00 0.000000e+00 0.000000e+00 	 0.000000e+00 0.000000e+00 0.000000e+00 	 0
2.250000 	 0.000000e+00 0.000000e+00 0.000000e+00 	 0.000000e+00 0.000000e+00 0.000000e+00 	 0.000000e+00 0.000000e+00 0.000000e+00 	 0
2.750000 	 0.000000e+00 0.000000e+00 0.000000e+00 	 0.000000e+00 0.000000e+00 0.000000e+00 	 0.000000e+00 0.000000e+00 0.000000e+00 	 0
3.250000 	 3.278014e-06 -3.505984e-06 1.301364e-05 	 -1.485990e-05 4.552823e-06 -3.578029e-06 	 -1.158188e-05 1.046838e-06 9.435606e-06 	 15
3.750000 	 1.266579e-06 -4.205052e-07 1.251263e-06 	 9.785742e-07 4.120480e-07 -2.958733e-07 	 2.245153e-06 -8.457221e-09 9.553901e-07 	 616
4.250000 	 -1.162289e-06 1.281317e-06 -2.506645e-06 	 -3.201887e-06 -2.387203e-06 6.432373e-07 	 -4.364176e-06 -1.105885e-06 -1.863408e-06 	 884
4.750000 	 2.070117e-06 7.993930e-07 1.939387e-06 	 2.923772e-06 6.674787e-07 -1.234072e-07 	 4.993889e-06 1.466872e-06 1.815980e-06 	 895
5.250000 	 -1.991550e-06 3.504406e-07 -4.036769e-06 	 -5.608938e-07 -5.106995e-07 -5.333246e-07 	 -2.552444e-06 -1.602590e-07 -4.570093e-06 	 912
5.750000 	 1.864491e-06 1.495376e-07 -1.061585e-06 	 5.800299e-07 1.009281e-06 -1.215184e-06 	 2.444521e-06 1.158819e-06 -2.276769e-06 	 873
6.250000 	 -2.539354e-07 1.712243e-06 2.873225e-06 	 3.613059e-06 -7.892158e-07 -1.789527e-07 	 3.359124e-06 9.230275e-07 2.694272e-06 	 941
6.750000 	 -4.185599e-06 -1.334602e-06 -2.456880e-06 	 -3.925652e-06 -5.710337e-07 1.199676e-06 	 -8.111251e-06 -1.905636e-06 -1.257204e-06 	 885
7.250000 	 -7.868196e-07 -2.913415e-06 -5.829282e-07 	 1.637460e-06 -4.204032e-08 9.067359e-07 	 8.506408e-07 -2.955456e-06 3.238077e-07 	 907
7.750000 	 7.073817e-06 -2.249831e-06 3.039219e-06 	 -1.990347e-06 -1.256383e-06 -2.787313e-07 	 5.083470e-06 -3.506215e-06 2.760488e-06 	 892
8.250000 	 -3.781831e-06 1.101819e-06 -6.984941e-08 	 1.265313e-06 2.439925e-07 1.071444e-06 	 -2.516518e-06 1.345812e-06 1.001595e-06 	 919
8.750000 	 -1.099616e-06 1.079499e-06 1.239531e-06 	 1.594329e-06 -3.023540e-07 -1.850001e-06 	 4.947136e-07 7.771448e-07 -6.104701e-07 	 895
9.250000 	 2.484246e-06 1.412428e-06 -4.538186e-06 	 -5.783886e-07 1.234183e-06 1.658564e-07 	 1.905857e-06 2.646611e-06 -4.372329e-06 	 902
9.750000 	 -2.811702e-06 9.888251e-07 -1.645784e-06 	 -3.231034e-06 -1.904630e-06 1.822291e-06 	 -6.042736e-06 -9.158048e-07 1.765068e-07 	 919
10.250000 	 1.339668e-06 -1.283357e-06 8.205553e-07 	 4.889497e-06 6.548468e-07 -8.992635e-07 	 6.229166e-06 -6.285103e-07 -7.870821e-08 	 894
10.750000 	 -2.303147e-06 -1.655052e-06 2.620693e-06 	 -3.489203e-06 -2.997264e-07 -5.379149e-07 	 -5.792350e-06 -1.954778e-06 2.082778e-06 	 869
11.250000 	 -1.229825e-06 -4.046276e-07 -1.676761e-06 	 4.408017e-06 -9.218866e-07 -4.101076e-07 	 3.178192e-06 -1.326514e-06 -2.086869e-06 	 564
11.750000 	 1.457772e-05 8.106679e-06 -2.622648e-06 	 -4.521858e-06 -1.042020e-06 -4.959130e-06 	 1.005586e-05 7.064659e-06 -7.581778e-06 	 42
12.250000 	 0.000000e+00 0.000000e+00 0.000000e+00 	 0.000000e+00 0.000000e+00 0.000000e+00 	 0.000000e+00 0.000000e+00 0.000000e+00 	 0
12.750000 	 0.000000e+00 0.000000e+00 0.000000e+00 	 0.000000e+00 0.000000e+00 0.000000e+00 	 0.000000e+00 0.000000e+00 0.000000e+00 	 0
13.250000 	 0.000000e+00 0.000000e+00 0.000000e+00 	 0.000000e+00 0.000000e+00 0.000000e+00 	 0.000000e+00 0.000000e+00 0.000000e+00 	 0
13.750000 	 0.000000e+00 0.000000e+00 0.000000e+00 	 0.000000e+00 0.000000e+00 0.000000e+00 	 0.000000e+00 0.000000e+00 0.000000e+00 	 0
14.250000 	 0.000000e+00 0.000000e+00 0.000000e+00 	 0.000000e+00 0.000000e+00 0.000000e+00 	 0.000000e+00 0.000000e+00 0.000000e+00 	 0
14.750000 	 0.000000e+00 0.000000e+00 0.000000e+00 	 0.000000e+00 0.000000e+00 0.000000e+00 	 0.000000e+00 0.000000e+00 0.000000e+00 	 0
