# 1  2-4    5-7    8-10   11     
# x  dirEF  recEF  sumEF  #Sample
0.250000 	 0.000000e+00 0.000000e+00 0.000000e+00 	 0.000000e+00 0.000000e+00 0.000000e+00 	 0.000000e+00 0.000000e+00 0.000000e+00 	 0
0.750000 	 0.000000e+00 0.000000e+00 0.000000e+00 	 0.000000e+00 0.000000e+00 0.000000e+00 	 0.000000e+00 0.000000e+00 0.000000e+00 	 0
1.250000 	 0.000000e+00 0.000000e+00 0.000000e+00 	 0.000000e+00 0.000000e+00 0.000000e+00 	 0.000000e+00 0.000000e+00 0.000000e+00 	 0
1.750000 	 0.000000e+00 0.000000e+00 0.000000e+00 	 0.000000e+00 0.000000e+00 0.000000e+00 	 0.000000e+00 0.000000e+00 0.000000e+00 	 0
2.250000 	 0.000000e+00 0.000000e+00 0.000000e+00 	 0.000000e+00 0.000000e+00 0.000000e+00 	 0.000000e+00 0.000000e+00 0.000000e+00 	 0
2.750000 	 -3.399353e-05 1.484367e-06 1.986863e-05 	 -2.028363e-05 -2.513261e-06 -1.503709e-05 	 -5.427716e-05 -1.028894e-06 4.831535e-06 	 1
3.250000 	 -4.032407e-06 5.982661e-07 2.950185e-06 	 1.097766e-05 1.793127e-06 -1.482614e-06 	 6.945254e-06 2.391393e-06 1.467572e-06 	 33
3.750000 	 -2.144359e-06 8.015997e-08 -4.233712e-06 	 -1.517623e-06 1.923211e-07 -3.140463e-07 	 -3.661982e-06 2.724810e-07 -4.547758e-06 	 555
4.250000 	 -1.133802e-06 2.106625e-06 -1.035369e-06 	 2.190482e-06 -5.020988e-07 -8.840728e-08 	 1.056681e-06 1.604526e-06 -1.123776e-06 	 879
4.750000 	 2.882491e-07 1.796813e-07 3.473251e-06 	 -2.338075e-06 8.443332e-07 -7.133101e-07 	 -2.049826e-06 1.024014e-06 2.759941e-06 	 903
5.250000 	 6.073928e-07 -2.343781e-06 -5.296909e-08 	 2.388137e-06 -2.785226e-08 1.175615e-06 	 2.995530e-06 -2.371633e-06 1.122646e-06 	 915
5.750000 	 -1.877851e-06 1.826643e-06 -1.792561e-06 	 -2.329823e-06 -3.534491e-07 2.343736e-07 	 -4.207674e-06 1.473194e-06 -1.558188e-06 	 912
6.250000 	 -2.245756e-06 -2.791279e-06 1.033709e-07 	 -9.919813e-07 -7.356213e-07 3.202200e-08 	 -3.237737e-06 -3.526900e-06 1.353929e-07 	 907
6.750000 	 2.387002e-06 1.098777e-07 5.159365e-06 	 3.588418e-06 9.256541e-07 -1.288820e-07 	 5.975420e-06 1.035532e-06 5.030483e-06 	 923
7.250000 	 1.414835e-06 -8.392499e-09 -2.516727e-06 	 -1.864016e-06 3.743097e-07 6.214047e-08 	 -4.491806e-07 3.659172e-07 -2.454586e-06 	 886
7.750000 	 -1.072767e-07 2.616964e-06 1.387212e-06 	 -1.665068e-06 1.476102e-08 5.262762e-07 	 -1.772345e-06 2.631725e-06 1.913488e-06 	 928
8.250000 	 -2.980337e-06 2.318620e-06 -4.595715e-06 	 1.959121e-06 8.056354e-08 -1.089880e-07 	 -1.021217e-06 2.399183e-06 -4.704703e-06 	 906
8.750000 	 -1.721661e-06 -1.065733e-06 1.559846e-06 	 -6.339044e-07 -9.882520e-07 1.440900e-07 	 -2.355566e-06 -2.053985e-06 1.703936e-06 	 924
9.250000 	 2.233693e-07 -2.291178e-06 -2.582306e-06 	 1.461564e-07 4.678024e-07 -3.119455e-07 	 3.695258e-07 -1.823376e-06 -2.894252e-06 	 915
9.750000 	 1.613486e-06 1.266432e-06 -3.260877e-07 	 -2.740007e-06 -9.705906e-09 -2.367981e-07 	 -1.126521e-06 1.256726e-06 -5.628858e-07 	 891
10.250000 	 1.362047e-06 1.591544e-06 -4.031216e-06 	 2.502207e-06 4.412401e-07 1.064374e-07 	 3.864254e-06 2.032784e-06 -3.924779e-06 	 901
10.750000 	 -1.507854e-06 2.338971e-06 1.556113e-06 	 5.387165e-07 -8.685387e-07 3.508984e-07 	 -9.691371e-07 1.470432e-06 1.907011e-06 	 885
11.250000 	 1.247651e-06 -3.113334e-06 -2.605160e-06 	 -1.081760e-06 -5.808979e-08 7.256259e-07 	 1.658908e-07 -3.171424e-06 -1.879534e-06 	 509
11.750000 	 1.137079e-05 -2.558473e-06 -6.939849e-06 	 -8.042210e-06 2.729735e-06 1.582898e-06 	 3.328575e-06 1.712623e-07 -5.356951e-06 	 51
12.250000 	 0.000000e+00 0.000000e+00 0.000000e+00 	 0.000000e+00 0.000000e+00 0.000000e+00 	 0.000000e+00 0.000000e+00 0.000000e+00 	 0
12.750000 	 0.000000e+00 0.000000e+00 0.000000e+00 	 0.000000e+00 0.000000e+00 0.000000e+00 	 0.000000e+00 0.000000e+00 0.000000e+00 	 0
13.250000 	 0.000000e+00 0.000000e+00 0.000000e+00 	 0.000000e+00 0.000000e+00 0.000000e+00 	 0.000000e+00 0.000000e+00 0.000000e+00 	 0
13.750000 	 0.000000e+00 0.000000e+00 0.000000e+00 	 0.000000e+00 0.000000e+00 0.000000e+00 	 0.000000e+00 0.000000e+00 0.000000e+00 	 0
14.250000 	 0.000000e+00 0.000000e+00 0.000000e+00 	 0.000000e+00 0.000000e+00 0.000000e+00 	 0.000000e+00 0.000000e+00 0.000000e+00 	 0
14.750000 	 0.000000e+00 0.000000e+00 0.000000e+00 	 0.000000e+00 0.000000e+00 0.000000e+00 	 0.000000e+00 0.000000e+00 0.000000e+00 	 0
