# 1  2-4    5-7    8-10   11     
# x  dirEF  recEF  sumEF  #Sample
0.250000 	 0.000000e+00 0.000000e+00 0.000000e+00 	 0.000000e+00 0.000000e+00 0.000000e+00 	 0.000000e+00 0.000000e+00 0.000000e+00 	 0
0.750000 	 0.000000e+00 0.000000e+00 0.000000e+00 	 -3.680715e-05 1.996540e-05 -6.597587e-06 	 -3.680715e-05 1.996540e-05 -6.597587e-06 	 1
1.250000 	 0.000000e+00 0.000000e+00 0.000000e+00 	 0.000000e+00 0.000000e+00 0.000000e+00 	 0.000000e+00 0.000000e+00 0.000000e+00 	 0
1.750000 	 0.000000e+00 0.000000e+00 0.000000e+00 	 0.000000e+00 0.000000e+00 0.000000e+00 	 0.000000e+00 0.000000e+00 0.000000e+00 	 0
2.250000 	 0.000000e+00 0.000000e+00 0.000000e+00 	 0.000000e+00 0.000000e+00 0.000000e+00 	 0.000000e+00 0.000000e+00 0.000000e+00 	 0
2.750000 	 0.000000e+00 0.000000e+00 0.000000e+00 	 0.000000e+00 0.000000e+00 0.000000e+00 	 0.000000e+00 0.000000e+00 0.000000e+00 	 0
3.250000 	 7.432100e-06 -9.814283e-06 1.414658e-05 	 1.664280e-05 -5.809470e-06 -4.792069e-06 	 2.407490e-05 -1.562375e-05 9.354507e-06 	 31
3.750000 	 -1.160562e-06 -2.245697e-06 9.053683e-07 	 -4.272621e-06 -2.908495e-06 1.547143e-06 	 -5.433183e-06 -5.154193e-06 2.452512e-06 	 556
4.250000 	 -3.464746e-06 2.491579e-06 3.470319e-06 	 -4.553271e-07 1.502282e-06 3.918384e-06 	 -3.920073e-06 3.993860e-06 7.388703e-06 	 912
4.750000 	 2.053666e-06 1.053929e-07 -4.961084e-07 	 2.895534e-06 5.425298e-07 -3.418301e-07 	 4.949200e-06 6.479227e-07 -8.379385e-07 	 896
5.250000 	 -6.020439e-07 1.358322e-06 -1.574205e-06 	 -2.801620e-06 -5.684265e-07 5.837747e-07 	 -3.403664e-06 7.898951e-07 -9.904299e-07 	 915
5.750000 	 -2.710277e-06 8.108642e-08 4.157584e-07 	 1.302083e-06 -2.172620e-06 1.245061e-06 	 -1.408194e-06 -2.091533e-06 1.660819e-06 	 899
6.250000 	 5.728581e-07 1.876944e-06 2.174746e-06 	 -1.271302e-06 6.860639e-07 -2.277510e-06 	 -6.984439e-07 2.563008e-06 -1.027645e-07 	 919
6.750000 	 2.253210e-06 1.437772e-06 3.358332e-06 	 6.610498e-06 3.358889e-06 -3.540439e-06 	 8.863708e-06 4.796661e-06 -1.821069e-07 	 896
7.250000 	 4.671424e-06 -8.116474e-07 -2.763948e-06 	 2.734559e-06 -1.539824e-06 2.022080e-06 	 7.405982e-06 -2.351471e-06 -7.418684e-07 	 910
7.750000 	 -3.228463e-06 -1.392520e-06 4.282515e-06 	 -3.144097e-06 3.871287e-06 1.018093e-07 	 -6.372560e-06 2.478767e-06 4.384324e-06 	 903
8.250000 	 6.656107e-07 -7.154575e-07 -1.785038e-06 	 1.484348e-06 -5.165178e-06 -1.151484e-06 	 2.149959e-06 -5.880636e-06 -2.936522e-06 	 888
8.750000 	 -1.700231e-06 4.278854e-06 2.352953e-07 	 3.584093e-06 -5.019533e-06 -5.624844e-06 	 1.883862e-06 -7.406789e-07 -5.389548e-06 	 904
9.250000 	 1.562465e-06 5.631066e-08 -1.058668e-06 	 6.568336e-07 -1.701967e-07 -9.195955e-07 	 2.219299e-06 -1.138860e-07 -1.978264e-06 	 903
9.750000 	 -1.003716e-07 -5.879460e-07 2.880059e-07 	 -4.387378e-06 -7.170602e-07 -3.675087e-06 	 -4.487750e-06 -1.305006e-06 -3.387081e-06 	 924
10.250000 	 6.083046e-08 -1.983141e-06 -6.234199e-07 	 4.153876e-06 -1.833162e-06 3.344168e-06 	 4.214706e-06 -3.816303e-06 2.720748e-06 	 911
10.750000 	 9.747133e-07 1.765770e-06 -8.560793e-07 	 9.197286e-07 2.853916e-06 -1.498145e-07 	 1.894442e-06 4.619686e-06 -1.005894e-06 	 906
11.250000 	 -2.289893e-07 1.760170e-06 1.114851e-06 	 2.297700e-06 -5.003342e-06 -2.077548e-07 	 2.068711e-06 -3.243172e-06 9.070959e-07 	 517
11.750000 	 -1.597462e-06 -1.047679e-05 1.560135e-06 	 1.435825e-06 4.617271e-06 5.831760e-06 	 -1.616374e-07 -5.859515e-06 7.391895e-06 	 32
12.250000 	 0.000000e+00 0.000000e+00 0.000000e+00 	 0.000000e+00 0.000000e+00 0.000000e+00 	 0.000000e+00 0.000000e+00 0.000000e+00 	 0
12.750000 	 0.000000e+00 0.000000e+00 0.000000e+00 	 0.000000e+00 0.000000e+00 0.000000e+00 	 0.000000e+00 0.000000e+00 0.000000e+00 	 0
13.250000 	 0.000000e+00 0.000000e+00 0.000000e+00 	 0.000000e+00 0.000000e+00 0.000000e+00 	 0.000000e+00 0.000000e+00 0.000000e+00 	 0
13.750000 	 0.000000e+00 0.000000e+00 0.000000e+00 	 0.000000e+00 0.000000e+00 0.000000e+00 	 0.000000e+00 0.000000e+00 0.000000e+00 	 0
14.250000 	 0.000000e+00 0.000000e+00 0.000000e+00 	 1.461040e-05 -2.931133e-05 4.945182e-05 	 1.461040e-05 -2.931133e-05 4.945182e-05 	 1
14.750000 	 0.000000e+00 0.000000e+00 0.000000e+00 	 0.000000e+00 0.000000e+00 0.000000e+00 	 0.000000e+00 0.000000e+00 0.000000e+00 	 0
