# 1  2-4    5-7    8-10   11     
# x  dirEF  recEF  sumEF  #Sample
0.250000 	 0.000000e+00 0.000000e+00 0.000000e+00 	 0.000000e+00 0.000000e+00 0.000000e+00 	 0.000000e+00 0.000000e+00 0.000000e+00 	 0
0.750000 	 0.000000e+00 0.000000e+00 0.000000e+00 	 0.000000e+00 0.000000e+00 0.000000e+00 	 0.000000e+00 0.000000e+00 0.000000e+00 	 0
1.250000 	 0.000000e+00 0.000000e+00 0.000000e+00 	 0.000000e+00 0.000000e+00 0.000000e+00 	 0.000000e+00 0.000000e+00 0.000000e+00 	 0
1.750000 	 0.000000e+00 0.000000e+00 0.000000e+00 	 0.000000e+00 0.000000e+00 0.000000e+00 	 0.000000e+00 0.000000e+00 0.000000e+00 	 0
2.250000 	 0.000000e+00 0.000000e+00 0.000000e+00 	 0.000000e+00 0.000000e+00 0.000000e+00 	 0.000000e+00 0.000000e+00 0.000000e+00 	 0
2.750000 	 0.000000e+00 0.000000e+00 0.000000e+00 	 0.000000e+00 0.000000e+00 0.000000e+00 	 0.000000e+00 0.000000e+00 0.000000e+00 	 0
3.250000 	 -2.531246e-06 -2.114642e-06 8.641976e-06 	 -3.489631e-06 1.832570e-06 6.663987e-07 	 -6.020876e-06 -2.820721e-07 9.308374e-06 	 22
3.750000 	 -7.752347e-07 2.915737e-06 -4.909569e-07 	 8.655054e-07 4.845914e-08 -8.532000e-08 	 9.027067e-08 2.964196e-06 -5.762769e-07 	 593
4.250000 	 -2.624054e-06 -1.800193e-06 -8.933304e-07 	 1.161430e-08 1.017307e-07 7.895037e-08 	 -2.612440e-06 -1.698462e-06 -8.143800e-07 	 877
4.750000 	 1.171586e-06 1.201633e-06 -2.409896e-07 	 -5.765782e-08 -3.766850e-08 -4.547405e-08 	 1.113928e-06 1.163964e-06 -2.864636e-07 	 904
5.250000 	 4.142908e-06 1.890711e-06 -3.020768e-07 	 1.129667e-07 -6.731412e-09 -1.129390e-07 	 4.255874e-06 1.883980e-06 -4.150158e-07 	 905
5.750000 	 -5.515433e-06 -3.063453e-06 -4.415234e-07 	 -2.805473e-07 9.168284e-08 3.275544e-09 	 -5.795980e-06 -2.971770e-06 -4.382479e-07 	 902
6.250000 	 2.128711e-06 1.789895e-06 3.452500e-07 	 7.891255e-08 5.364570e-08 -5.177614e-08 	 2.207623e-06 1.843541e-06 2.934738e-07 	 894
6.750000 	 -4.114811e-07 -8.287344e-07 -1.846336e-06 	 4.857518e-08 1.443663e-08 9.189619e-08 	 -3.629059e-07 -8.142978e-07 -1.754440e-06 	 907
7.250000 	 -3.256697e-08 2.742309e-06 -2.595709e-07 	 -2.170694e-07 -1.233926e-07 8.610990e-08 	 -2.496364e-07 2.618916e-06 -1.734610e-07 	 908
7.750000 	 2.679948e-06 -5.566377e-07 -9.349502e-07 	 2.699220e-07 6.014010e-08 -9.855929e-08 	 2.949870e-06 -4.964976e-07 -1.033509e-06 	 917
8.250000 	 -2.619640e-06 1.180969e-06 3.625607e-06 	 3.343920e-07 -1.399852e-07 2.238432e-08 	 -2.285248e-06 1.040983e-06 3.647992e-06 	 941
8.750000 	 8.770535e-07 -3.860200e-07 2.219765e-06 	 -4.147874e-08 1.823990e-07 5.017412e-08 	 8.355748e-07 -2.036209e-07 2.269939e-06 	 892
9.250000 	 -9.747263e-07 1.022029e-06 -3.224362e-06 	 -4.100550e-07 -7.413109e-08 1.696454e-07 	 -1.384781e-06 9.478979e-07 -3.054716e-06 	 890
9.750000 	 -2.614230e-06 -1.559356e-06 -2.994432e-06 	 -1.618595e-07 4.957966e-09 2.230432e-08 	 -2.776090e-06 -1.554398e-06 -2.972127e-06 	 907
10.250000 	 6.089682e-07 -1.427819e-08 -1.577670e-06 	 3.087722e-07 -5.093905e-08 5.885183e-08 	 9.177405e-07 -6.521723e-08 -1.518819e-06 	 900
10.750000 	 2.202744e-06 2.346405e-06 -9.240715e-07 	 -1.297467e-07 -3.976684e-08 -1.176222e-07 	 2.072997e-06 2.306638e-06 -1.041694e-06 	 905
11.250000 	 -4.929660e-07 -4.906427e-06 5.494269e-06 	 -1.183823e-06 -2.249781e-09 1.484781e-07 	 -1.676789e-06 -4.908676e-06 5.642747e-06 	 534
11.750000 	 -8.828124e-06 -7.716016e-08 -3.021969e-06 	 2.845641e-06 1.619188e-07 -1.536245e-08 	 -5.982483e-06 8.475865e-08 -3.037332e-06 	 26
12.250000 	 0.000000e+00 0.000000e+00 0.000000e+00 	 0.000000e+00 0.000000e+00 0.000000e+00 	 0.000000e+00 0.000000e+00 0.000000e+00 	 0
12.750000 	 0.000000e+00 0.000000e+00 0.000000e+00 	 0.000000e+00 0.000000e+00 0.000000e+00 	 0.000000e+00 0.000000e+00 0.000000e+00 	 0
13.250000 	 0.000000e+00 0.000000e+00 0.000000e+00 	 0.000000e+00 0.000000e+00 0.000000e+00 	 0.000000e+00 0.000000e+00 0.000000e+00 	 0
13.750000 	 0.000000e+00 0.000000e+00 0.000000e+00 	 0.000000e+00 0.000000e+00 0.000000e+00 	 0.000000e+00 0.000000e+00 0.000000e+00 	 0
14.250000 	 0.000000e+00 0.000000e+00 0.000000e+00 	 0.000000e+00 0.000000e+00 0.000000e+00 	 0.000000e+00 0.000000e+00 0.000000e+00 	 0
14.750000 	 0.000000e+00 0.000000e+00 0.000000e+00 	 0.000000e+00 0.000000e+00 0.000000e+00 	 0.000000e+00 0.000000e+00 0.000000e+00 	 0
