# 1  2-4    5-7    8-10   11     
# x  dirEF  recEF  sumEF  #Sample
0.250000 	 0.000000e+00 0.000000e+00 0.000000e+00 	 0.000000e+00 0.000000e+00 0.000000e+00 	 0.000000e+00 0.000000e+00 0.000000e+00 	 0
0.750000 	 0.000000e+00 0.000000e+00 0.000000e+00 	 0.000000e+00 0.000000e+00 0.000000e+00 	 0.000000e+00 0.000000e+00 0.000000e+00 	 0
1.250000 	 0.000000e+00 0.000000e+00 0.000000e+00 	 0.000000e+00 0.000000e+00 0.000000e+00 	 0.000000e+00 0.000000e+00 0.000000e+00 	 0
1.750000 	 0.000000e+00 0.000000e+00 0.000000e+00 	 0.000000e+00 0.000000e+00 0.000000e+00 	 0.000000e+00 0.000000e+00 0.000000e+00 	 0
2.250000 	 0.000000e+00 0.000000e+00 0.000000e+00 	 0.000000e+00 0.000000e+00 0.000000e+00 	 0.000000e+00 0.000000e+00 0.000000e+00 	 0
2.750000 	 0.000000e+00 0.000000e+00 0.000000e+00 	 0.000000e+00 0.000000e+00 0.000000e+00 	 0.000000e+00 0.000000e+00 0.000000e+00 	 0
3.250000 	 -1.897519e-05 2.261591e-05 -1.781466e-05 	 -5.780142e-07 -6.353212e-09 -7.872622e-08 	 -1.955320e-05 2.260955e-05 -1.789338e-05 	 14
3.750000 	 -2.104393e-06 4.378193e-07 -2.130056e-06 	 9.992928e-07 9.543561e-08 -1.483768e-07 	 -1.105100e-06 5.332549e-07 -2.278433e-06 	 583
4.250000 	 -1.817631e-07 -8.475017e-07 -1.257163e-06 	 -5.828620e-08 -3.266041e-08 1.029912e-07 	 -2.400493e-07 -8.801621e-07 -1.154171e-06 	 918
4.750000 	 1.928917e-06 2.535130e-07 1.369372e-06 	 2.968397e-07 6.534057e-08 1.533507e-07 	 2.225757e-06 3.188535e-07 1.522723e-06 	 885
5.250000 	 5.406165e-06 -1.095048e-06 -3.047291e-07 	 -4.639848e-07 -3.326431e-08 -9.219196e-08 	 4.942180e-06 -1.128312e-06 -3.969210e-07 	 915
5.750000 	 -4.799289e-07 2.163361e-06 -1.430546e-06 	 1.434918e-07 -1.689594e-07 2.269267e-07 	 -3.364371e-07 1.994402e-06 -1.203620e-06 	 886
6.250000 	 -5.444692e-06 -1.311179e-06 5.161046e-06 	 -1.806914e-08 -5.418600e-08 -8.254705e-08 	 -5.462761e-06 -1.365365e-06 5.078499e-06 	 913
6.750000 	 1.007007e-06 4.046452e-08 -2.726207e-06 	 1.320745e-07 -3.970579e-09 -5.674817e-08 	 1.139081e-06 3.649395e-08 -2.782955e-06 	 914
7.250000 	 2.723054e-06 5.732352e-07 3.253334e-06 	 -9.810096e-08 -7.570539e-08 1.264911e-08 	 2.624953e-06 4.975298e-07 3.265983e-06 	 888
7.750000 	 -1.165155e-08 -5.489880e-06 1.204000e-06 	 1.139876e-07 -4.025913e-08 1.226358e-07 	 1.023361e-07 -5.530139e-06 1.326636e-06 	 917
8.250000 	 -4.825514e-06 8.803133e-08 -2.846287e-06 	 1.531805e-07 8.284878e-08 3.785065e-08 	 -4.672334e-06 1.708801e-07 -2.808437e-06 	 904
8.750000 	 7.399665e-07 -2.135592e-06 3.231626e-06 	 -3.939481e-07 2.182621e-08 7.093999e-08 	 3.460184e-07 -2.113765e-06 3.302566e-06 	 906
9.250000 	 1.363197e-06 -2.672263e-06 1.882763e-06 	 9.904580e-08 7.099265e-08 1.129319e-08 	 1.462242e-06 -2.601270e-06 1.894056e-06 	 915
9.750000 	 3.264323e-06 1.022717e-07 -5.639951e-06 	 1.217769e-08 1.035177e-07 -3.663068e-08 	 3.276501e-06 2.057894e-07 -5.676581e-06 	 898
10.250000 	 -2.113593e-06 1.835278e-06 3.512613e-06 	 -4.944561e-08 -1.262908e-07 2.017609e-08 	 -2.163039e-06 1.708987e-06 3.532789e-06 	 911
10.750000 	 1.634923e-06 -8.184837e-07 1.484609e-06 	 2.764335e-07 7.422097e-09 1.875505e-07 	 1.911356e-06 -8.110616e-07 1.672159e-06 	 884
11.250000 	 -1.354930e-06 -3.548802e-07 -1.869110e-06 	 -1.476296e-06 1.492935e-07 1.346459e-07 	 -2.831226e-06 -2.055868e-07 -1.734464e-06 	 538
11.750000 	 6.984491e-06 -1.145210e-05 1.325139e-05 	 3.522970e-06 5.118466e-07 1.954120e-06 	 1.050746e-05 -1.094025e-05 1.520551e-05 	 35
12.250000 	 0.000000e+00 0.000000e+00 0.000000e+00 	 0.000000e+00 0.000000e+00 0.000000e+00 	 0.000000e+00 0.000000e+00 0.000000e+00 	 0
12.750000 	 0.000000e+00 0.000000e+00 0.000000e+00 	 0.000000e+00 0.000000e+00 0.000000e+00 	 0.000000e+00 0.000000e+00 0.000000e+00 	 0
13.250000 	 0.000000e+00 0.000000e+00 0.000000e+00 	 0.000000e+00 0.000000e+00 0.000000e+00 	 0.000000e+00 0.000000e+00 0.000000e+00 	 0
13.750000 	 0.000000e+00 0.000000e+00 0.000000e+00 	 0.000000e+00 0.000000e+00 0.000000e+00 	 0.000000e+00 0.000000e+00 0.000000e+00 	 0
14.250000 	 0.000000e+00 0.000000e+00 0.000000e+00 	 0.000000e+00 0.000000e+00 0.000000e+00 	 0.000000e+00 0.000000e+00 0.000000e+00 	 0
14.750000 	 0.000000e+00 0.000000e+00 0.000000e+00 	 0.000000e+00 0.000000e+00 0.000000e+00 	 0.000000e+00 0.000000e+00 0.000000e+00 	 0
