# 1  2-4    5-7    8-10   11     
# x  dirEF  recEF  sumEF  #Sample
0.250000 	 0.000000e+00 0.000000e+00 0.000000e+00 	 0.000000e+00 0.000000e+00 0.000000e+00 	 0.000000e+00 0.000000e+00 0.000000e+00 	 0
0.750000 	 0.000000e+00 0.000000e+00 0.000000e+00 	 0.000000e+00 0.000000e+00 0.000000e+00 	 0.000000e+00 0.000000e+00 0.000000e+00 	 0
1.250000 	 0.000000e+00 0.000000e+00 0.000000e+00 	 0.000000e+00 0.000000e+00 0.000000e+00 	 0.000000e+00 0.000000e+00 0.000000e+00 	 0
1.750000 	 0.000000e+00 0.000000e+00 0.000000e+00 	 0.000000e+00 0.000000e+00 0.000000e+00 	 0.000000e+00 0.000000e+00 0.000000e+00 	 0
2.250000 	 0.000000e+00 0.000000e+00 0.000000e+00 	 0.000000e+00 0.000000e+00 0.000000e+00 	 0.000000e+00 0.000000e+00 0.000000e+00 	 0
2.750000 	 0.000000e+00 0.000000e+00 0.000000e+00 	 0.000000e+00 0.000000e+00 0.000000e+00 	 0.000000e+00 0.000000e+00 0.000000e+00 	 0
3.250000 	 5.033586e-06 -5.556073e-06 -4.508297e-06 	 -5.761142e-06 -3.683367e-07 -2.909290e-06 	 -7.275560e-07 -5.924410e-06 -7.417587e-06 	 26
3.750000 	 3.019001e-06 3.927202e-06 1.128997e-06 	 3.778050e-06 4.983736e-07 -4.237588e-07 	 6.797052e-06 4.425576e-06 7.052383e-07 	 550
4.250000 	 -7.122917e-07 -1.991126e-06 -1.958866e-06 	 -2.044519e-06 -3.602212e-07 -1.278277e-07 	 -2.756811e-06 -2.351347e-06 -2.086693e-06 	 889
4.750000 	 -1.083893e-06 1.213153e-06 2.221716e-07 	 1.741155e-06 -2.713885e-07 3.346566e-07 	 6.572628e-07 9.417647e-07 5.568282e-07 	 923
5.250000 	 -3.462312e-08 4.511080e-06 2.074951e-06 	 -1.772601e-06 -3.979044e-07 4.586725e-07 	 -1.807224e-06 4.113176e-06 2.533623e-06 	 913
5.750000 	 -3.826994e-06 -3.759988e-06 1.014758e-06 	 -1.145044e-06 3.962789e-07 9.378988e-07 	 -4.972038e-06 -3.363709e-06 1.952656e-06 	 910
6.250000 	 -1.573335e-06 3.193387e-06 -1.144262e-06 	 7.295466e-07 2.008313e-07 -5.953216e-07 	 -8.437880e-07 3.394218e-06 -1.739583e-06 	 897
6.750000 	 1.529926e-06 3.747053e-06 -7.925084e-07 	 1.699357e-06 5.832121e-07 -4.751567e-07 	 3.229283e-06 4.330265e-06 -1.267665e-06 	 921
7.250000 	 -5.278245e-07 -3.825447e-07 1.324003e-06 	 -4.327001e-06 -4.533522e-07 4.052362e-07 	 -4.854826e-06 -8.358970e-07 1.729239e-06 	 908
7.750000 	 -1.462276e-06 1.081882e-06 -2.294466e-06 	 2.957466e-06 -5.549938e-08 -6.366440e-07 	 1.495190e-06 1.026383e-06 -2.931110e-06 	 897
8.250000 	 -3.720891e-06 3.008007e-07 3.169254e-07 	 8.635886e-08 5.133799e-08 -2.782661e-07 	 -3.634532e-06 3.521387e-07 3.865929e-08 	 901
8.750000 	 6.568258e-07 -4.737495e-06 1.189647e-06 	 -1.106246e-06 -6.295055e-07 -4.291961e-07 	 -4.494198e-07 -5.367001e-06 7.604510e-07 	 913
9.250000 	 3.430434e-06 -5.767314e-07 7.505998e-08 	 -2.363581e-06 7.919355e-08 3.543372e-08 	 1.066853e-06 -4.975378e-07 1.104937e-07 	 908
9.750000 	 2.105705e-06 3.990624e-06 -4.900787e-07 	 2.706806e-06 -2.641959e-07 -2.106554e-08 	 4.812511e-06 3.726428e-06 -5.111443e-07 	 891
10.250000 	 1.147854e-06 1.160145e-06 -8.149360e-07 	 -1.150485e-06 7.583152e-07 4.731804e-08 	 -2.630991e-09 1.918460e-06 -7.676179e-07 	 922
10.750000 	 -1.812346e-06 4.333323e-06 3.201490e-06 	 2.130683e-06 3.703145e-07 3.476611e-07 	 3.183371e-07 4.703638e-06 3.549151e-06 	 884
11.250000 	 2.529350e-07 -4.221939e-07 -3.407658e-06 	 -2.254588e-06 -6.668471e-07 6.161269e-07 	 -2.001653e-06 -1.089041e-06 -2.791531e-06 	 542
11.750000 	 -1.214255e-06 -1.303878e-06 -7.138748e-06 	 9.480516e-06 2.076611e-06 4.820271e-06 	 8.266262e-06 7.727332e-07 -2.318477e-06 	 28
12.250000 	 0.000000e+00 0.000000e+00 0.000000e+00 	 0.000000e+00 0.000000e+00 0.000000e+00 	 0.000000e+00 0.000000e+00 0.000000e+00 	 0
12.750000 	 -2.505697e-06 6.572633e-06 -5.442468e-06 	 -1.877774e-05 2.104591e-06 9.465653e-06 	 -2.128344e-05 8.677223e-06 4.023185e-06 	 1
13.250000 	 0.000000e+00 0.000000e+00 0.000000e+00 	 0.000000e+00 0.000000e+00 0.000000e+00 	 0.000000e+00 0.000000e+00 0.000000e+00 	 0
13.750000 	 0.000000e+00 0.000000e+00 0.000000e+00 	 0.000000e+00 0.000000e+00 0.000000e+00 	 0.000000e+00 0.000000e+00 0.000000e+00 	 0
14.250000 	 0.000000e+00 0.000000e+00 0.000000e+00 	 0.000000e+00 0.000000e+00 0.000000e+00 	 0.000000e+00 0.000000e+00 0.000000e+00 	 0
14.750000 	 0.000000e+00 0.000000e+00 0.000000e+00 	 0.000000e+00 0.000000e+00 0.000000e+00 	 0.000000e+00 0.000000e+00 0.000000e+00 	 0
