# 1  2-4    5-7    8-10   11     
# x  dirEF  recEF  sumEF  #Sample
0.250000 	 0.000000e+00 0.000000e+00 0.000000e+00 	 0.000000e+00 0.000000e+00 0.000000e+00 	 0.000000e+00 0.000000e+00 0.000000e+00 	 0
0.750000 	 0.000000e+00 0.000000e+00 0.000000e+00 	 0.000000e+00 0.000000e+00 0.000000e+00 	 0.000000e+00 0.000000e+00 0.000000e+00 	 0
1.250000 	 0.000000e+00 0.000000e+00 0.000000e+00 	 0.000000e+00 0.000000e+00 0.000000e+00 	 0.000000e+00 0.000000e+00 0.000000e+00 	 0
1.750000 	 0.000000e+00 0.000000e+00 0.000000e+00 	 0.000000e+00 0.000000e+00 0.000000e+00 	 0.000000e+00 0.000000e+00 0.000000e+00 	 0
2.250000 	 0.000000e+00 0.000000e+00 0.000000e+00 	 0.000000e+00 0.000000e+00 0.000000e+00 	 0.000000e+00 0.000000e+00 0.000000e+00 	 0
2.750000 	 0.000000e+00 0.000000e+00 0.000000e+00 	 0.000000e+00 0.000000e+00 0.000000e+00 	 0.000000e+00 0.000000e+00 0.000000e+00 	 0
3.250000 	 -1.897519e-05 2.261591e-05 -1.781466e-05 	 -1.607768e-06 -4.973851e-06 -1.517208e-06 	 -2.058296e-05 1.764206e-05 -1.933187e-05 	 14
3.750000 	 -2.104393e-06 4.378193e-07 -2.130056e-06 	 -1.794112e-07 -4.272497e-07 1.276082e-07 	 -2.283804e-06 1.056962e-08 -2.002448e-06 	 583
4.250000 	 -1.817631e-07 -8.475017e-07 -1.257163e-06 	 1.790552e-06 -2.069198e-07 -2.758395e-07 	 1.608788e-06 -1.054421e-06 -1.533002e-06 	 918
4.750000 	 1.928917e-06 2.535130e-07 1.369372e-06 	 -1.649134e-07 -4.103704e-09 8.864221e-07 	 1.764004e-06 2.494093e-07 2.255794e-06 	 885
5.250000 	 5.406165e-06 -1.095048e-06 -3.047291e-07 	 -2.411520e-06 2.590920e-07 3.478005e-08 	 2.994645e-06 -8.359558e-07 -2.699490e-07 	 915
5.750000 	 -4.799289e-07 2.163361e-06 -1.430546e-06 	 1.021842e-06 -3.518392e-07 7.811088e-07 	 5.419127e-07 1.811522e-06 -6.494374e-07 	 886
6.250000 	 -5.444692e-06 -1.311179e-06 5.161046e-06 	 -4.985216e-07 3.510925e-07 6.828447e-07 	 -5.943214e-06 -9.600864e-07 5.843891e-06 	 913
6.750000 	 1.007007e-06 4.046452e-08 -2.726207e-06 	 9.358641e-07 2.903212e-07 5.600384e-08 	 1.942871e-06 3.307857e-07 -2.670203e-06 	 914
7.250000 	 2.723054e-06 5.732352e-07 3.253334e-06 	 -6.182594e-07 -2.675589e-08 -3.831696e-09 	 2.104795e-06 5.464793e-07 3.249502e-06 	 888
7.750000 	 -1.165155e-08 -5.489880e-06 1.204000e-06 	 2.494862e-07 8.034027e-07 2.746778e-07 	 2.378347e-07 -4.686478e-06 1.478678e-06 	 917
8.250000 	 -4.825514e-06 8.803133e-08 -2.846287e-06 	 -1.763557e-07 8.323867e-07 -4.413236e-07 	 -5.001870e-06 9.204181e-07 -3.287611e-06 	 904
8.750000 	 7.399665e-07 -2.135592e-06 3.231626e-06 	 5.090963e-07 1.407034e-07 -1.117164e-06 	 1.249063e-06 -1.994888e-06 2.114463e-06 	 906
9.250000 	 1.363197e-06 -2.672263e-06 1.882763e-06 	 6.475967e-07 -4.996788e-07 5.991550e-07 	 2.010793e-06 -3.171942e-06 2.481918e-06 	 915
9.750000 	 3.264323e-06 1.022717e-07 -5.639951e-06 	 -2.320956e-06 2.141178e-07 2.386700e-07 	 9.433672e-07 3.163895e-07 -5.401281e-06 	 898
10.250000 	 -2.113593e-06 1.835278e-06 3.512613e-06 	 2.654926e-06 2.341498e-08 -7.452136e-07 	 5.413328e-07 1.858692e-06 2.767400e-06 	 911
10.750000 	 1.634923e-06 -8.184837e-07 1.484609e-06 	 -1.569275e-06 -1.949245e-07 -3.818564e-07 	 6.564768e-08 -1.013408e-06 1.102752e-06 	 884
11.250000 	 -1.354930e-06 -3.548802e-07 -1.869110e-06 	 -2.806119e-06 1.038237e-06 6.680423e-07 	 -4.161050e-06 6.833569e-07 -1.201068e-06 	 538
11.750000 	 6.984491e-06 -1.145210e-05 1.325139e-05 	 1.912575e-05 -6.515644e-06 1.950250e-06 	 2.611024e-05 -1.796775e-05 1.520164e-05 	 35
12.250000 	 0.000000e+00 0.000000e+00 0.000000e+00 	 0.000000e+00 0.000000e+00 0.000000e+00 	 0.000000e+00 0.000000e+00 0.000000e+00 	 0
12.750000 	 0.000000e+00 0.000000e+00 0.000000e+00 	 0.000000e+00 0.000000e+00 0.000000e+00 	 0.000000e+00 0.000000e+00 0.000000e+00 	 0
13.250000 	 0.000000e+00 0.000000e+00 0.000000e+00 	 0.000000e+00 0.000000e+00 0.000000e+00 	 0.000000e+00 0.000000e+00 0.000000e+00 	 0
13.750000 	 0.000000e+00 0.000000e+00 0.000000e+00 	 0.000000e+00 0.000000e+00 0.000000e+00 	 0.000000e+00 0.000000e+00 0.000000e+00 	 0
14.250000 	 0.000000e+00 0.000000e+00 0.000000e+00 	 0.000000e+00 0.000000e+00 0.000000e+00 	 0.000000e+00 0.000000e+00 0.000000e+00 	 0
14.750000 	 0.000000e+00 0.000000e+00 0.000000e+00 	 0.000000e+00 0.000000e+00 0.000000e+00 	 0.000000e+00 0.000000e+00 0.000000e+00 	 0
