# 1  2-4    5-7    8-10   11     
# x  dirEF  recEF  sumEF  #Sample
0.250000 	 0.000000e+00 0.000000e+00 0.000000e+00 	 0.000000e+00 0.000000e+00 0.000000e+00 	 0.000000e+00 0.000000e+00 0.000000e+00 	 0
0.750000 	 0.000000e+00 0.000000e+00 0.000000e+00 	 0.000000e+00 0.000000e+00 0.000000e+00 	 0.000000e+00 0.000000e+00 0.000000e+00 	 0
1.250000 	 0.000000e+00 0.000000e+00 0.000000e+00 	 0.000000e+00 0.000000e+00 0.000000e+00 	 0.000000e+00 0.000000e+00 0.000000e+00 	 0
1.750000 	 0.000000e+00 0.000000e+00 0.000000e+00 	 0.000000e+00 0.000000e+00 0.000000e+00 	 0.000000e+00 0.000000e+00 0.000000e+00 	 0
2.250000 	 0.000000e+00 0.000000e+00 0.000000e+00 	 0.000000e+00 0.000000e+00 0.000000e+00 	 0.000000e+00 0.000000e+00 0.000000e+00 	 0
2.750000 	 0.000000e+00 0.000000e+00 0.000000e+00 	 0.000000e+00 0.000000e+00 0.000000e+00 	 0.000000e+00 0.000000e+00 0.000000e+00 	 0
3.250000 	 -1.117716e-05 -2.354595e-06 -2.727097e-06 	 -6.844996e-06 -6.985178e-06 -5.599777e-06 	 -1.802215e-05 -9.339773e-06 -8.326874e-06 	 26
3.750000 	 4.543222e-07 -2.463795e-06 5.232191e-06 	 6.500643e-07 -2.841204e-07 1.500595e-06 	 1.104387e-06 -2.747915e-06 6.732785e-06 	 565
4.250000 	 1.269471e-06 1.631477e-06 -3.675907e-06 	 -1.882261e-06 1.516066e-06 -1.221549e-06 	 -6.127902e-07 3.147542e-06 -4.897456e-06 	 888
4.750000 	 2.629749e-06 -1.175010e-06 9.351714e-07 	 1.018673e-06 -6.290026e-08 -6.559143e-07 	 3.648421e-06 -1.237910e-06 2.792571e-07 	 906
5.250000 	 -3.954551e-08 -5.329524e-07 -1.789926e-06 	 8.746019e-08 2.500421e-07 -5.559427e-07 	 4.791468e-08 -2.829102e-07 -2.345868e-06 	 921
5.750000 	 -1.577508e-06 3.029515e-07 3.743800e-06 	 1.338947e-06 1.308417e-06 -3.417334e-08 	 -2.385611e-07 1.611369e-06 3.709627e-06 	 924
6.250000 	 1.698161e-06 2.453946e-06 -2.055863e-06 	 -3.943881e-06 4.868043e-08 4.843089e-08 	 -2.245721e-06 2.502626e-06 -2.007432e-06 	 902
6.750000 	 -1.690130e-06 1.253250e-07 1.433205e-06 	 2.176411e-06 2.411908e-07 -1.031686e-06 	 4.862805e-07 3.665158e-07 4.015183e-07 	 893
7.250000 	 -6.636806e-07 1.054564e-06 2.185172e-06 	 -1.216509e-06 5.702406e-07 4.463785e-07 	 -1.880190e-06 1.624805e-06 2.631550e-06 	 892
7.750000 	 -1.942277e-06 -2.940925e-07 -1.374784e-06 	 4.215989e-06 -7.183385e-07 5.169501e-07 	 2.273712e-06 -1.012431e-06 -8.578339e-07 	 905
8.250000 	 2.227592e-07 -1.070733e-06 -6.344512e-08 	 -3.417931e-06 -5.127481e-07 1.822473e-08 	 -3.195171e-06 -1.583481e-06 -4.522039e-08 	 892
8.750000 	 -8.097945e-08 -6.752175e-07 -2.309383e-06 	 4.209758e-06 9.300040e-07 -4.748535e-07 	 4.128778e-06 2.547865e-07 -2.784236e-06 	 933
9.250000 	 1.254533e-06 -2.300012e-06 -5.019361e-07 	 -3.654772e-06 -1.954090e-07 -6.850780e-08 	 -2.400239e-06 -2.495421e-06 -5.704439e-07 	 915
9.750000 	 5.392509e-08 4.662003e-07 -1.328767e-06 	 3.163361e-06 3.855182e-07 -7.110983e-07 	 3.217286e-06 8.517185e-07 -2.039866e-06 	 893
10.250000 	 1.656160e-06 2.768408e-06 -3.122554e-06 	 -1.609524e-06 -1.514001e-06 -6.025318e-07 	 4.663592e-08 1.254407e-06 -3.725085e-06 	 919
10.750000 	 -2.043624e-06 -1.003913e-07 -1.813337e-06 	 2.479414e-06 9.899745e-07 2.746956e-07 	 4.357903e-07 8.895833e-07 -1.538642e-06 	 888
11.250000 	 -9.046922e-07 -3.000000e-06 1.170076e-06 	 -3.623978e-06 -3.562780e-07 1.131908e-06 	 -4.528670e-06 -3.356278e-06 2.301984e-06 	 540
11.750000 	 1.694547e-06 1.150509e-05 -4.116216e-06 	 1.030549e-06 4.989182e-06 -3.637406e-06 	 2.725097e-06 1.649427e-05 -7.753621e-06 	 22
12.250000 	 0.000000e+00 0.000000e+00 0.000000e+00 	 0.000000e+00 0.000000e+00 0.000000e+00 	 0.000000e+00 0.000000e+00 0.000000e+00 	 0
12.750000 	 0.000000e+00 0.000000e+00 0.000000e+00 	 0.000000e+00 0.000000e+00 0.000000e+00 	 0.000000e+00 0.000000e+00 0.000000e+00 	 0
13.250000 	 0.000000e+00 0.000000e+00 0.000000e+00 	 0.000000e+00 0.000000e+00 0.000000e+00 	 0.000000e+00 0.000000e+00 0.000000e+00 	 0
13.750000 	 0.000000e+00 0.000000e+00 0.000000e+00 	 0.000000e+00 0.000000e+00 0.000000e+00 	 0.000000e+00 0.000000e+00 0.000000e+00 	 0
14.250000 	 0.000000e+00 0.000000e+00 0.000000e+00 	 0.000000e+00 0.000000e+00 0.000000e+00 	 0.000000e+00 0.000000e+00 0.000000e+00 	 0
14.750000 	 0.000000e+00 0.000000e+00 0.000000e+00 	 0.000000e+00 0.000000e+00 0.000000e+00 	 0.000000e+00 0.000000e+00 0.000000e+00 	 0
