# 1  2-4    5-7    8-10   11     
# x  dirEF  recEF  sumEF  #Sample
0.250000 	 0.000000e+00 0.000000e+00 0.000000e+00 	 0.000000e+00 0.000000e+00 0.000000e+00 	 0.000000e+00 0.000000e+00 0.000000e+00 	 0
0.750000 	 0.000000e+00 0.000000e+00 0.000000e+00 	 0.000000e+00 0.000000e+00 0.000000e+00 	 0.000000e+00 0.000000e+00 0.000000e+00 	 0
1.250000 	 0.000000e+00 0.000000e+00 0.000000e+00 	 0.000000e+00 0.000000e+00 0.000000e+00 	 0.000000e+00 0.000000e+00 0.000000e+00 	 0
1.750000 	 0.000000e+00 0.000000e+00 0.000000e+00 	 0.000000e+00 0.000000e+00 0.000000e+00 	 0.000000e+00 0.000000e+00 0.000000e+00 	 0
2.250000 	 0.000000e+00 0.000000e+00 0.000000e+00 	 0.000000e+00 0.000000e+00 0.000000e+00 	 0.000000e+00 0.000000e+00 0.000000e+00 	 0
2.750000 	 0.000000e+00 0.000000e+00 0.000000e+00 	 0.000000e+00 0.000000e+00 0.000000e+00 	 0.000000e+00 0.000000e+00 0.000000e+00 	 0
3.250000 	 4.287081e-07 1.623048e-05 7.316831e-07 	 -1.458038e-05 1.495535e-06 4.314082e-06 	 -1.415167e-05 1.772601e-05 5.045765e-06 	 26
3.750000 	 -3.582431e-06 -7.786794e-07 -5.340026e-06 	 -1.135665e-06 4.268575e-07 1.420136e-06 	 -4.718096e-06 -3.518219e-07 -3.919889e-06 	 582
4.250000 	 -4.665690e-07 -6.218372e-07 5.735301e-06 	 2.089236e-06 -3.861511e-07 -4.111591e-07 	 1.622667e-06 -1.007988e-06 5.324142e-06 	 876
4.750000 	 4.273941e-07 2.168098e-06 1.060580e-06 	 -1.481373e-06 -3.655802e-07 3.786432e-07 	 -1.053979e-06 1.802518e-06 1.439223e-06 	 909
5.250000 	 2.246551e-06 -4.444614e-07 -1.971204e-06 	 -1.581221e-06 5.018751e-07 2.863787e-07 	 6.653299e-07 5.741374e-08 -1.684825e-06 	 905
5.750000 	 -5.722496e-07 3.177355e-06 -5.252159e-07 	 1.248720e-06 -1.530730e-06 -2.396364e-07 	 6.764704e-07 1.646624e-06 -7.648523e-07 	 913
6.250000 	 -3.983107e-06 -1.479930e-06 -7.873249e-07 	 3.976048e-07 -8.197611e-07 -6.327217e-07 	 -3.585502e-06 -2.299691e-06 -1.420047e-06 	 903
6.750000 	 -1.079331e-06 1.300060e-06 -3.651567e-06 	 2.329977e-06 8.683013e-07 -3.624586e-07 	 1.250646e-06 2.168362e-06 -4.014026e-06 	 915
7.250000 	 -5.485886e-07 2.488322e-06 2.128869e-06 	 -3.570319e-06 2.557423e-07 -4.383327e-07 	 -4.118908e-06 2.744064e-06 1.690537e-06 	 922
7.750000 	 -2.296619e-06 -2.482320e-06 1.724022e-06 	 3.365330e-06 3.177774e-07 2.421472e-09 	 1.068712e-06 -2.164542e-06 1.726443e-06 	 881
8.250000 	 1.027932e-07 -2.484566e-06 1.292918e-06 	 -2.338956e-06 9.069660e-09 4.431281e-07 	 -2.236163e-06 -2.475496e-06 1.736047e-06 	 908
8.750000 	 7.735250e-07 6.940280e-07 -1.624901e-06 	 -7.642442e-07 -8.437586e-07 -1.875386e-07 	 9.280891e-09 -1.497306e-07 -1.812440e-06 	 892
9.250000 	 2.496535e-06 -8.378296e-07 -1.132558e-06 	 1.862971e-08 4.162126e-08 4.492930e-07 	 2.515165e-06 -7.962083e-07 -6.832646e-07 	 923
9.750000 	 -1.866946e-06 2.501899e-06 3.718179e-06 	 -1.313750e-06 3.404911e-07 1.509577e-08 	 -3.180696e-06 2.842390e-06 3.733275e-06 	 895
10.250000 	 -3.543877e-06 5.970225e-07 -1.508470e-06 	 1.829127e-06 -1.139010e-06 -1.818679e-08 	 -1.714750e-06 -5.419872e-07 -1.526657e-06 	 903
10.750000 	 -1.148821e-06 1.504090e-06 -2.049546e-07 	 -1.814935e-06 2.561680e-07 1.089525e-06 	 -2.963756e-06 1.760258e-06 8.845707e-07 	 899
11.250000 	 3.044336e-06 -4.134455e-06 6.076007e-07 	 1.459265e-06 -4.094504e-07 -5.176299e-08 	 4.503600e-06 -4.543905e-06 5.558377e-07 	 543
11.750000 	 -1.145567e-06 4.351648e-06 7.309993e-06 	 5.106483e-06 6.448716e-06 -1.075653e-06 	 3.960917e-06 1.080036e-05 6.234340e-06 	 29
12.250000 	 0.000000e+00 0.000000e+00 0.000000e+00 	 0.000000e+00 0.000000e+00 0.000000e+00 	 0.000000e+00 0.000000e+00 0.000000e+00 	 0
12.750000 	 0.000000e+00 0.000000e+00 0.000000e+00 	 0.000000e+00 0.000000e+00 0.000000e+00 	 0.000000e+00 0.000000e+00 0.000000e+00 	 0
13.250000 	 0.000000e+00 0.000000e+00 0.000000e+00 	 0.000000e+00 0.000000e+00 0.000000e+00 	 0.000000e+00 0.000000e+00 0.000000e+00 	 0
13.750000 	 0.000000e+00 0.000000e+00 0.000000e+00 	 0.000000e+00 0.000000e+00 0.000000e+00 	 0.000000e+00 0.000000e+00 0.000000e+00 	 0
14.250000 	 0.000000e+00 0.000000e+00 0.000000e+00 	 0.000000e+00 0.000000e+00 0.000000e+00 	 0.000000e+00 0.000000e+00 0.000000e+00 	 0
14.750000 	 0.000000e+00 0.000000e+00 0.000000e+00 	 0.000000e+00 0.000000e+00 0.000000e+00 	 0.000000e+00 0.000000e+00 0.000000e+00 	 0
