# 1  2-4    5-7    8-10   11     
# x  dirEF  recEF  sumEF  #Sample
0.250000 	 0.000000e+00 0.000000e+00 0.000000e+00 	 0.000000e+00 0.000000e+00 0.000000e+00 	 0.000000e+00 0.000000e+00 0.000000e+00 	 0
0.750000 	 0.000000e+00 0.000000e+00 0.000000e+00 	 0.000000e+00 0.000000e+00 0.000000e+00 	 0.000000e+00 0.000000e+00 0.000000e+00 	 0
1.250000 	 0.000000e+00 0.000000e+00 0.000000e+00 	 0.000000e+00 0.000000e+00 0.000000e+00 	 0.000000e+00 0.000000e+00 0.000000e+00 	 0
1.750000 	 0.000000e+00 0.000000e+00 0.000000e+00 	 0.000000e+00 0.000000e+00 0.000000e+00 	 0.000000e+00 0.000000e+00 0.000000e+00 	 0
2.250000 	 0.000000e+00 0.000000e+00 0.000000e+00 	 0.000000e+00 0.000000e+00 0.000000e+00 	 0.000000e+00 0.000000e+00 0.000000e+00 	 0
2.750000 	 0.000000e+00 0.000000e+00 0.000000e+00 	 0.000000e+00 0.000000e+00 0.000000e+00 	 0.000000e+00 0.000000e+00 0.000000e+00 	 0
3.250000 	 -8.351380e-06 5.824726e-06 2.326401e-06 	 -8.207704e-06 -3.342959e-06 2.402727e-06 	 -1.655908e-05 2.481767e-06 4.729128e-06 	 43
3.750000 	 8.042775e-07 2.407467e-06 2.182839e-06 	 7.416463e-07 -3.362110e-07 1.984891e-07 	 1.545924e-06 2.071256e-06 2.381328e-06 	 561
4.250000 	 1.958071e-06 -1.880953e-06 3.599891e-06 	 5.199919e-07 7.016966e-07 1.389400e-06 	 2.478063e-06 -1.179257e-06 4.989291e-06 	 884
4.750000 	 -8.980409e-08 3.315404e-06 -2.398541e-06 	 -1.542613e-06 -5.789401e-07 -4.257732e-07 	 -1.632417e-06 2.736464e-06 -2.824315e-06 	 893
5.250000 	 2.180361e-06 2.261463e-06 -4.427586e-08 	 1.785671e-07 -6.082215e-07 5.721599e-07 	 2.358928e-06 1.653241e-06 5.278840e-07 	 908
5.750000 	 5.078981e-06 -1.583207e-06 -1.365167e-06 	 5.929629e-07 -3.417215e-08 -2.790043e-08 	 5.671944e-06 -1.617379e-06 -1.393068e-06 	 913
6.250000 	 -2.644294e-06 1.448617e-07 -1.900403e-06 	 2.042840e-06 -8.946129e-07 5.154075e-07 	 -6.014549e-07 -7.497512e-07 -1.384995e-06 	 897
6.750000 	 -2.526986e-06 6.535356e-06 3.280693e-06 	 -3.552108e-06 -5.183441e-07 1.734208e-07 	 -6.079094e-06 6.017012e-06 3.454114e-06 	 919
7.250000 	 -1.574897e-06 -4.363041e-06 1.174045e-07 	 3.191692e-06 -7.007652e-07 -3.194989e-08 	 1.616794e-06 -5.063807e-06 8.545457e-08 	 905
7.750000 	 2.846612e-06 -2.930328e-07 -1.075541e-06 	 -1.426642e-06 -5.861433e-07 1.576964e-07 	 1.419969e-06 -8.791761e-07 -9.178449e-07 	 911
8.250000 	 1.545084e-06 -1.094062e-06 -2.709566e-08 	 9.485262e-07 -6.357985e-07 -3.951566e-07 	 2.493610e-06 -1.729860e-06 -4.222523e-07 	 894
8.750000 	 -4.429443e-06 -2.591161e-06 1.561047e-06 	 -3.718889e-06 -3.198455e-07 -7.388831e-09 	 -8.148332e-06 -2.911007e-06 1.553658e-06 	 916
9.250000 	 1.376301e-06 1.619322e-06 9.627006e-08 	 2.500784e-06 8.619036e-07 4.097229e-07 	 3.877085e-06 2.481226e-06 5.059930e-07 	 931
9.750000 	 2.652960e-06 3.860793e-06 8.464767e-07 	 -1.750684e-06 -2.188552e-07 -1.555129e-06 	 9.022761e-07 3.641938e-06 -7.086525e-07 	 896
10.250000 	 -6.777844e-07 -7.361572e-07 -3.618451e-06 	 5.723984e-07 2.289043e-07 -3.538922e-07 	 -1.053860e-07 -5.072529e-07 -3.972343e-06 	 901
10.750000 	 -2.156757e-06 -2.762117e-06 1.468226e-06 	 -1.671136e-06 -1.048761e-06 1.918284e-07 	 -3.827892e-06 -3.810879e-06 1.660054e-06 	 900
11.250000 	 -3.191758e-06 -5.228348e-06 1.452328e-07 	 -6.304438e-07 -6.390272e-07 -1.235789e-06 	 -3.822201e-06 -5.867375e-06 -1.090556e-06 	 536
11.750000 	 -5.118203e-06 2.904158e-05 -1.291254e-06 	 1.872816e-05 -1.560228e-06 -6.553204e-06 	 1.360996e-05 2.748135e-05 -7.844458e-06 	 16
12.250000 	 0.000000e+00 0.000000e+00 0.000000e+00 	 0.000000e+00 0.000000e+00 0.000000e+00 	 0.000000e+00 0.000000e+00 0.000000e+00 	 0
12.750000 	 0.000000e+00 0.000000e+00 0.000000e+00 	 0.000000e+00 0.000000e+00 0.000000e+00 	 0.000000e+00 0.000000e+00 0.000000e+00 	 0
13.250000 	 0.000000e+00 0.000000e+00 0.000000e+00 	 0.000000e+00 0.000000e+00 0.000000e+00 	 0.000000e+00 0.000000e+00 0.000000e+00 	 0
13.750000 	 0.000000e+00 0.000000e+00 0.000000e+00 	 0.000000e+00 0.000000e+00 0.000000e+00 	 0.000000e+00 0.000000e+00 0.000000e+00 	 0
14.250000 	 0.000000e+00 0.000000e+00 0.000000e+00 	 0.000000e+00 0.000000e+00 0.000000e+00 	 0.000000e+00 0.000000e+00 0.000000e+00 	 0
14.750000 	 0.000000e+00 0.000000e+00 0.000000e+00 	 0.000000e+00 0.000000e+00 0.000000e+00 	 0.000000e+00 0.000000e+00 0.000000e+00 	 0
