# 1  2-4    5-7    8-10   11     
# x  dirEF  recEF  sumEF  #Sample
0.250000 	 0.000000e+00 0.000000e+00 0.000000e+00 	 0.000000e+00 0.000000e+00 0.000000e+00 	 0.000000e+00 0.000000e+00 0.000000e+00 	 0
0.750000 	 0.000000e+00 0.000000e+00 0.000000e+00 	 0.000000e+00 0.000000e+00 0.000000e+00 	 0.000000e+00 0.000000e+00 0.000000e+00 	 0
1.250000 	 0.000000e+00 0.000000e+00 0.000000e+00 	 0.000000e+00 0.000000e+00 0.000000e+00 	 0.000000e+00 0.000000e+00 0.000000e+00 	 0
1.750000 	 0.000000e+00 0.000000e+00 0.000000e+00 	 0.000000e+00 0.000000e+00 0.000000e+00 	 0.000000e+00 0.000000e+00 0.000000e+00 	 0
2.250000 	 0.000000e+00 0.000000e+00 0.000000e+00 	 0.000000e+00 0.000000e+00 0.000000e+00 	 0.000000e+00 0.000000e+00 0.000000e+00 	 0
2.750000 	 0.000000e+00 0.000000e+00 0.000000e+00 	 0.000000e+00 0.000000e+00 0.000000e+00 	 0.000000e+00 0.000000e+00 0.000000e+00 	 0
3.250000 	 8.572403e-06 -9.047751e-06 7.797543e-06 	 -1.613004e-06 1.620477e-06 3.330774e-07 	 6.959400e-06 -7.427274e-06 8.130620e-06 	 17
3.750000 	 3.485927e-07 -2.631040e-07 -2.133052e-06 	 5.384182e-07 -2.879562e-07 -2.001706e-07 	 8.870108e-07 -5.510602e-07 -2.333222e-06 	 590
4.250000 	 -1.314353e-06 4.188587e-07 1.413093e-06 	 9.347802e-08 9.526352e-08 1.228452e-08 	 -1.220875e-06 5.141222e-07 1.425378e-06 	 888
4.750000 	 2.022360e-06 4.644387e-07 -4.437947e-07 	 1.043328e-07 -1.088410e-07 -7.010572e-08 	 2.126693e-06 3.555977e-07 -5.139005e-07 	 905
5.250000 	 1.215899e-07 1.978953e-06 -1.734612e-06 	 -1.075357e-07 -6.824322e-09 -1.264311e-07 	 1.405417e-08 1.972129e-06 -1.861043e-06 	 909
5.750000 	 -1.319529e-06 1.350484e-06 1.625123e-06 	 1.681800e-07 1.593743e-09 -1.174321e-09 	 -1.151349e-06 1.352077e-06 1.623949e-06 	 905
6.250000 	 1.837291e-06 4.960927e-06 -4.241321e-06 	 3.307666e-07 1.596496e-07 5.958285e-08 	 2.168058e-06 5.120577e-06 -4.181738e-06 	 914
6.750000 	 3.108631e-06 -3.591562e-06 -1.362779e-06 	 -1.449704e-07 -4.775244e-08 3.989301e-08 	 2.963661e-06 -3.639314e-06 -1.322886e-06 	 903
7.250000 	 -2.773649e-06 -3.388756e-06 -2.944500e-06 	 -8.287166e-08 -7.952406e-08 5.111465e-08 	 -2.856521e-06 -3.468280e-06 -2.893386e-06 	 894
7.750000 	 -2.327759e-07 -1.144334e-06 6.351578e-06 	 3.466480e-07 1.556939e-07 1.113760e-07 	 1.138721e-07 -9.886402e-07 6.462954e-06 	 910
8.250000 	 -1.647161e-06 1.887648e-07 4.254807e-07 	 -3.105142e-07 7.807325e-08 -1.361892e-08 	 -1.957675e-06 2.668380e-07 4.118618e-07 	 918
8.750000 	 -1.973372e-06 1.714376e-06 1.135118e-07 	 1.005731e-07 -1.111322e-09 -3.384029e-08 	 -1.872799e-06 1.713265e-06 7.967155e-08 	 904
9.250000 	 3.800680e-07 -4.120009e-06 -2.141289e-06 	 3.882831e-07 2.211283e-07 7.438721e-08 	 7.683511e-07 -3.898881e-06 -2.066902e-06 	 888
9.750000 	 -1.367442e-07 -5.069733e-06 1.757897e-08 	 -3.893448e-07 -1.810481e-07 -2.017903e-08 	 -5.260890e-07 -5.250781e-06 -2.600060e-09 	 893
10.250000 	 -5.761551e-07 3.029101e-06 -3.568611e-08 	 -3.207734e-08 -8.336598e-08 1.397986e-07 	 -6.082324e-07 2.945735e-06 1.041125e-07 	 904
10.750000 	 -1.125119e-06 -1.647671e-06 3.799699e-06 	 1.930500e-07 -2.432424e-08 6.830678e-08 	 -9.320693e-07 -1.671995e-06 3.868006e-06 	 891
11.250000 	 9.966989e-07 4.720919e-06 -8.600439e-07 	 -1.389252e-06 -1.383004e-07 -1.951064e-08 	 -3.925529e-07 4.582618e-06 -8.795545e-07 	 573
11.750000 	 -1.860832e-05 5.878060e-06 9.416701e-06 	 5.332612e-06 7.028464e-07 5.638516e-08 	 -1.327571e-05 6.580906e-06 9.473086e-06 	 18
12.250000 	 0.000000e+00 0.000000e+00 0.000000e+00 	 0.000000e+00 0.000000e+00 0.000000e+00 	 0.000000e+00 0.000000e+00 0.000000e+00 	 0
12.750000 	 0.000000e+00 0.000000e+00 0.000000e+00 	 0.000000e+00 0.000000e+00 0.000000e+00 	 0.000000e+00 0.000000e+00 0.000000e+00 	 0
13.250000 	 0.000000e+00 0.000000e+00 0.000000e+00 	 0.000000e+00 0.000000e+00 0.000000e+00 	 0.000000e+00 0.000000e+00 0.000000e+00 	 0
13.750000 	 0.000000e+00 0.000000e+00 0.000000e+00 	 0.000000e+00 0.000000e+00 0.000000e+00 	 0.000000e+00 0.000000e+00 0.000000e+00 	 0
14.250000 	 0.000000e+00 0.000000e+00 0.000000e+00 	 0.000000e+00 0.000000e+00 0.000000e+00 	 0.000000e+00 0.000000e+00 0.000000e+00 	 0
14.750000 	 0.000000e+00 0.000000e+00 0.000000e+00 	 0.000000e+00 0.000000e+00 0.000000e+00 	 0.000000e+00 0.000000e+00 0.000000e+00 	 0
