# 1  2-4    5-7    8-10   11     
# x  dirEF  recEF  sumEF  #Sample
0.250000 	 0.000000e+00 0.000000e+00 0.000000e+00 	 0.000000e+00 0.000000e+00 0.000000e+00 	 0.000000e+00 0.000000e+00 0.000000e+00 	 0
0.750000 	 0.000000e+00 0.000000e+00 0.000000e+00 	 -1.480863e-05 1.578207e-07 -2.743899e-05 	 -1.480863e-05 1.578207e-07 -2.743899e-05 	 1
1.250000 	 0.000000e+00 0.000000e+00 0.000000e+00 	 0.000000e+00 0.000000e+00 0.000000e+00 	 0.000000e+00 0.000000e+00 0.000000e+00 	 0
1.750000 	 0.000000e+00 0.000000e+00 0.000000e+00 	 0.000000e+00 0.000000e+00 0.000000e+00 	 0.000000e+00 0.000000e+00 0.000000e+00 	 0
2.250000 	 0.000000e+00 0.000000e+00 0.000000e+00 	 0.000000e+00 0.000000e+00 0.000000e+00 	 0.000000e+00 0.000000e+00 0.000000e+00 	 0
2.750000 	 0.000000e+00 0.000000e+00 0.000000e+00 	 0.000000e+00 0.000000e+00 0.000000e+00 	 0.000000e+00 0.000000e+00 0.000000e+00 	 0
3.250000 	 3.549350e-06 -1.599620e-05 9.843428e-07 	 9.597047e-08 -9.549772e-08 -4.570892e-06 	 3.645321e-06 -1.609170e-05 -3.586549e-06 	 48
3.750000 	 -2.474235e-07 1.274209e-06 4.119665e-07 	 3.705275e-06 9.171201e-07 -4.437643e-07 	 3.457851e-06 2.191329e-06 -3.179780e-08 	 592
4.250000 	 -6.650640e-07 -1.659363e-07 -2.476062e-06 	 -8.219478e-07 -5.793006e-07 -1.500077e-07 	 -1.487012e-06 -7.452369e-07 -2.626070e-06 	 871
4.750000 	 1.567713e-06 1.107692e-06 -1.626506e-06 	 8.476245e-07 -3.684053e-07 6.276067e-07 	 2.415338e-06 7.392870e-07 -9.988995e-07 	 896
5.250000 	 -1.227725e-06 -4.501535e-06 1.188413e-06 	 -3.339655e-08 -1.198894e-08 -1.642263e-07 	 -1.261121e-06 -4.513524e-06 1.024187e-06 	 882
5.750000 	 -1.410448e-06 2.520290e-06 -2.457323e-06 	 -1.068682e-06 -9.341318e-07 -4.296275e-07 	 -2.479131e-06 1.586158e-06 -2.886950e-06 	 907
6.250000 	 3.422227e-06 -3.545012e-07 2.253248e-06 	 1.396434e-06 -2.988102e-07 -8.596339e-07 	 4.818661e-06 -6.533113e-07 1.393614e-06 	 915
6.750000 	 7.291482e-07 6.115364e-07 -1.567178e-06 	 2.530409e-06 -2.078781e-07 3.636230e-07 	 3.259557e-06 4.036583e-07 -1.203555e-06 	 917
7.250000 	 -1.614938e-06 1.721272e-06 9.948088e-07 	 -2.819309e-06 -5.292563e-07 -2.212144e-07 	 -4.434247e-06 1.192016e-06 7.735944e-07 	 890
7.750000 	 -1.447172e-06 -7.478562e-07 3.059915e-06 	 -1.467052e-06 -4.543390e-08 8.312574e-07 	 -2.914225e-06 -7.932901e-07 3.891172e-06 	 921
8.250000 	 -2.087890e-06 1.108243e-06 2.860564e-06 	 8.413410e-07 -2.452617e-08 4.056984e-08 	 -1.246549e-06 1.083717e-06 2.901134e-06 	 881
8.750000 	 1.509533e-07 2.361305e-06 -3.188533e-06 	 -9.878494e-07 1.794363e-07 6.749767e-07 	 -8.368961e-07 2.540741e-06 -2.513556e-06 	 920
9.250000 	 -4.062585e-07 -1.126216e-06 9.635453e-07 	 7.492683e-07 -7.313511e-08 2.673774e-07 	 3.430098e-07 -1.199352e-06 1.230923e-06 	 912
9.750000 	 -3.361964e-06 -1.652617e-06 -3.481459e-06 	 -4.259769e-07 5.999900e-07 4.414146e-07 	 -3.787941e-06 -1.052627e-06 -3.040045e-06 	 894
10.250000 	 -1.628134e-07 1.710247e-06 1.828001e-06 	 -7.103097e-07 -8.145968e-07 2.993347e-07 	 -8.731231e-07 8.956499e-07 2.127336e-06 	 926
10.750000 	 2.717216e-06 -2.528490e-06 -2.603761e-07 	 2.076355e-06 2.630289e-08 3.180502e-07 	 4.793571e-06 -2.502187e-06 5.767409e-08 	 879
11.250000 	 -9.583729e-07 1.508360e-06 -1.448328e-06 	 -4.543014e-06 -8.081335e-07 -4.786169e-07 	 -5.501387e-06 7.002268e-07 -1.926945e-06 	 537
11.750000 	 2.871269e-05 6.588439e-06 -4.749952e-06 	 3.135362e-06 -5.152317e-06 6.191783e-06 	 3.184806e-05 1.436122e-06 1.441831e-06 	 34
12.250000 	 0.000000e+00 0.000000e+00 0.000000e+00 	 0.000000e+00 0.000000e+00 0.000000e+00 	 0.000000e+00 0.000000e+00 0.000000e+00 	 0
12.750000 	 0.000000e+00 0.000000e+00 0.000000e+00 	 0.000000e+00 0.000000e+00 0.000000e+00 	 0.000000e+00 0.000000e+00 0.000000e+00 	 0
13.250000 	 0.000000e+00 0.000000e+00 0.000000e+00 	 0.000000e+00 0.000000e+00 0.000000e+00 	 0.000000e+00 0.000000e+00 0.000000e+00 	 0
13.750000 	 0.000000e+00 0.000000e+00 0.000000e+00 	 0.000000e+00 0.000000e+00 0.000000e+00 	 0.000000e+00 0.000000e+00 0.000000e+00 	 0
14.250000 	 0.000000e+00 0.000000e+00 0.000000e+00 	 0.000000e+00 0.000000e+00 0.000000e+00 	 0.000000e+00 0.000000e+00 0.000000e+00 	 0
14.750000 	 0.000000e+00 0.000000e+00 0.000000e+00 	 1.681154e-05 1.899170e-05 -3.769924e-05 	 1.681154e-05 1.899170e-05 -3.769924e-05 	 1
