# 1  2-4    5-7    8-10   11     
# x  dirEF  recEF  sumEF  #Sample
0.250000 	 0.000000e+00 0.000000e+00 0.000000e+00 	 0.000000e+00 0.000000e+00 0.000000e+00 	 0.000000e+00 0.000000e+00 0.000000e+00 	 0
0.750000 	 0.000000e+00 0.000000e+00 0.000000e+00 	 0.000000e+00 0.000000e+00 0.000000e+00 	 0.000000e+00 0.000000e+00 0.000000e+00 	 0
1.250000 	 0.000000e+00 0.000000e+00 0.000000e+00 	 0.000000e+00 0.000000e+00 0.000000e+00 	 0.000000e+00 0.000000e+00 0.000000e+00 	 0
1.750000 	 0.000000e+00 0.000000e+00 0.000000e+00 	 0.000000e+00 0.000000e+00 0.000000e+00 	 0.000000e+00 0.000000e+00 0.000000e+00 	 0
2.250000 	 0.000000e+00 0.000000e+00 0.000000e+00 	 0.000000e+00 0.000000e+00 0.000000e+00 	 0.000000e+00 0.000000e+00 0.000000e+00 	 0
2.750000 	 0.000000e+00 0.000000e+00 0.000000e+00 	 0.000000e+00 0.000000e+00 0.000000e+00 	 0.000000e+00 0.000000e+00 0.000000e+00 	 0
3.250000 	 5.033586e-06 -5.556073e-06 -4.508297e-06 	 -3.008998e-06 -7.162634e-07 -4.005503e-06 	 2.024588e-06 -6.272337e-06 -8.513801e-06 	 26
3.750000 	 3.019001e-06 3.927202e-06 1.128997e-06 	 9.781345e-07 -2.150458e-07 -4.994084e-07 	 3.997136e-06 3.712157e-06 6.295887e-07 	 550
4.250000 	 -7.122917e-07 -1.991126e-06 -1.958866e-06 	 -4.061168e-07 1.397926e-07 -8.288249e-07 	 -1.118409e-06 -1.851333e-06 -2.787691e-06 	 889
4.750000 	 -1.083893e-06 1.213153e-06 2.221716e-07 	 4.857843e-07 -5.051775e-07 4.851332e-08 	 -5.981083e-07 7.079757e-07 2.706849e-07 	 923
5.250000 	 -3.462312e-08 4.511080e-06 2.074951e-06 	 -1.418521e-07 -4.912232e-07 -8.010329e-07 	 -1.764753e-07 4.019857e-06 1.273918e-06 	 913
5.750000 	 -3.826994e-06 -3.759988e-06 1.014758e-06 	 9.883374e-08 2.453908e-07 -1.621567e-07 	 -3.728160e-06 -3.514597e-06 8.526008e-07 	 910
6.250000 	 -1.573335e-06 3.193387e-06 -1.144262e-06 	 -1.854829e-07 1.923385e-09 1.423702e-07 	 -1.758817e-06 3.195310e-06 -1.001892e-06 	 897
6.750000 	 1.529926e-06 3.747053e-06 -7.925084e-07 	 6.668696e-08 2.713588e-07 -4.552865e-07 	 1.596613e-06 4.018412e-06 -1.247795e-06 	 921
7.250000 	 -5.278245e-07 -3.825447e-07 1.324003e-06 	 -4.857628e-08 -7.005927e-07 -4.515521e-07 	 -5.764008e-07 -1.083137e-06 8.724506e-07 	 908
7.750000 	 -1.462276e-06 1.081882e-06 -2.294466e-06 	 2.812467e-07 -2.202891e-07 7.520592e-08 	 -1.181029e-06 8.615928e-07 -2.219260e-06 	 897
8.250000 	 -3.720891e-06 3.008007e-07 3.169254e-07 	 -2.767882e-08 3.961633e-07 -2.993268e-07 	 -3.748569e-06 6.969640e-07 1.759858e-08 	 901
8.750000 	 6.568258e-07 -4.737495e-06 1.189647e-06 	 8.660569e-08 2.663551e-07 2.482152e-07 	 7.434315e-07 -4.471140e-06 1.437862e-06 	 913
9.250000 	 3.430434e-06 -5.767314e-07 7.505998e-08 	 1.070145e-09 2.600459e-07 -6.100451e-07 	 3.431504e-06 -3.166855e-07 -5.349851e-07 	 908
9.750000 	 2.105705e-06 3.990624e-06 -4.900787e-07 	 -1.994362e-07 -7.071566e-07 -4.919067e-07 	 1.906269e-06 3.283467e-06 -9.819854e-07 	 891
10.250000 	 1.147854e-06 1.160145e-06 -8.149360e-07 	 2.356657e-07 3.958289e-07 -5.123953e-07 	 1.383520e-06 1.555974e-06 -1.327331e-06 	 922
10.750000 	 -1.812346e-06 4.333323e-06 3.201490e-06 	 -1.740453e-07 1.111042e-06 -3.841447e-07 	 -1.986391e-06 5.444365e-06 2.817345e-06 	 884
11.250000 	 2.529350e-07 -4.221939e-07 -3.407658e-06 	 -3.986520e-07 -7.102777e-07 -6.802384e-07 	 -1.457170e-07 -1.132472e-06 -4.087896e-06 	 542
11.750000 	 -1.214255e-06 -1.303878e-06 -7.138748e-06 	 1.949749e-06 -1.336846e-06 -4.073042e-06 	 7.354942e-07 -2.640724e-06 -1.121179e-05 	 28
12.250000 	 0.000000e+00 0.000000e+00 0.000000e+00 	 0.000000e+00 0.000000e+00 0.000000e+00 	 0.000000e+00 0.000000e+00 0.000000e+00 	 0
12.750000 	 -2.505697e-06 6.572633e-06 -5.442468e-06 	 -1.261166e-08 2.336877e-09 3.398384e-09 	 -2.518309e-06 6.574970e-06 -5.439070e-06 	 1
13.250000 	 0.000000e+00 0.000000e+00 0.000000e+00 	 0.000000e+00 0.000000e+00 0.000000e+00 	 0.000000e+00 0.000000e+00 0.000000e+00 	 0
13.750000 	 0.000000e+00 0.000000e+00 0.000000e+00 	 0.000000e+00 0.000000e+00 0.000000e+00 	 0.000000e+00 0.000000e+00 0.000000e+00 	 0
14.250000 	 0.000000e+00 0.000000e+00 0.000000e+00 	 0.000000e+00 0.000000e+00 0.000000e+00 	 0.000000e+00 0.000000e+00 0.000000e+00 	 0
14.750000 	 0.000000e+00 0.000000e+00 0.000000e+00 	 0.000000e+00 0.000000e+00 0.000000e+00 	 0.000000e+00 0.000000e+00 0.000000e+00 	 0
