# 1  2-4    5-7    8-10   11     
# x  dirEF  recEF  sumEF  #Sample
0.250000 	 0.000000e+00 0.000000e+00 0.000000e+00 	 0.000000e+00 0.000000e+00 0.000000e+00 	 0.000000e+00 0.000000e+00 0.000000e+00 	 0
0.750000 	 0.000000e+00 0.000000e+00 0.000000e+00 	 0.000000e+00 0.000000e+00 0.000000e+00 	 0.000000e+00 0.000000e+00 0.000000e+00 	 0
1.250000 	 0.000000e+00 0.000000e+00 0.000000e+00 	 0.000000e+00 0.000000e+00 0.000000e+00 	 0.000000e+00 0.000000e+00 0.000000e+00 	 0
1.750000 	 0.000000e+00 0.000000e+00 0.000000e+00 	 0.000000e+00 0.000000e+00 0.000000e+00 	 0.000000e+00 0.000000e+00 0.000000e+00 	 0
2.250000 	 0.000000e+00 0.000000e+00 0.000000e+00 	 0.000000e+00 0.000000e+00 0.000000e+00 	 0.000000e+00 0.000000e+00 0.000000e+00 	 0
2.750000 	 0.000000e+00 0.000000e+00 0.000000e+00 	 0.000000e+00 0.000000e+00 0.000000e+00 	 0.000000e+00 0.000000e+00 0.000000e+00 	 0
3.250000 	 -4.371197e-06 9.167121e-06 2.650446e-06 	 -2.008280e-06 -1.244311e-06 -1.001547e-06 	 -6.379477e-06 7.922810e-06 1.648899e-06 	 34
3.750000 	 1.170340e-07 -1.412247e-06 1.821717e-06 	 9.493346e-07 -1.344390e-07 1.267390e-07 	 1.066369e-06 -1.546686e-06 1.948456e-06 	 572
4.250000 	 -8.601221e-07 -9.487551e-07 -1.815519e-06 	 2.356765e-08 1.416069e-07 8.255087e-09 	 -8.365545e-07 -8.071482e-07 -1.807264e-06 	 892
4.750000 	 -1.439240e-07 -1.360947e-08 -5.381877e-07 	 -2.412518e-07 -1.060724e-07 1.255147e-08 	 -3.851758e-07 -1.196819e-07 -5.256363e-07 	 911
5.250000 	 -2.450936e-06 -2.587367e-06 1.176654e-06 	 -2.529984e-07 6.711897e-09 -7.403090e-09 	 -2.703934e-06 -2.580655e-06 1.169250e-06 	 916
5.750000 	 -1.259539e-07 2.389650e-06 -5.197056e-06 	 3.151409e-07 7.819215e-08 -1.069208e-07 	 1.891871e-07 2.467842e-06 -5.303977e-06 	 895
6.250000 	 5.587331e-06 1.181061e-08 1.019287e-06 	 2.010066e-07 -1.054149e-07 -1.592505e-08 	 5.788338e-06 -9.360425e-08 1.003362e-06 	 897
6.750000 	 2.409846e-06 2.190329e-06 1.904969e-06 	 -1.244130e-07 9.355981e-09 1.004901e-07 	 2.285433e-06 2.199685e-06 2.005459e-06 	 896
7.250000 	 1.042164e-06 3.833642e-06 7.747258e-07 	 1.182554e-08 -5.768176e-08 5.114169e-08 	 1.053990e-06 3.775960e-06 8.258675e-07 	 911
7.750000 	 8.229757e-07 2.773929e-09 -2.036918e-06 	 4.903438e-08 -1.282330e-07 -1.175240e-07 	 8.720101e-07 -1.254591e-07 -2.154442e-06 	 889
8.250000 	 -3.631400e-06 -7.158959e-07 2.092872e-06 	 4.973631e-08 -4.380313e-08 2.301381e-09 	 -3.581664e-06 -7.596991e-07 2.095174e-06 	 916
8.750000 	 -2.024639e-06 -1.789344e-06 -3.247085e-06 	 1.591364e-07 -8.623997e-08 -1.990188e-08 	 -1.865503e-06 -1.875583e-06 -3.266987e-06 	 912
9.250000 	 -1.915289e-06 4.647857e-06 3.221634e-06 	 -1.889405e-07 -7.662638e-08 -5.119584e-08 	 -2.104230e-06 4.571230e-06 3.170438e-06 	 911
9.750000 	 3.195754e-07 -1.563450e-06 8.313905e-07 	 7.313303e-08 -3.021760e-08 3.148888e-08 	 3.927084e-07 -1.593668e-06 8.628794e-07 	 902
10.250000 	 5.467271e-07 1.893479e-06 -6.419423e-07 	 8.568573e-08 -4.372971e-08 -6.645182e-08 	 6.324129e-07 1.849749e-06 -7.083942e-07 	 914
10.750000 	 -6.685055e-07 5.208428e-07 2.398157e-07 	 -1.437850e-07 -5.125163e-08 -9.797481e-08 	 -8.122905e-07 4.695912e-07 1.418409e-07 	 891
11.250000 	 2.418987e-06 -3.562944e-06 -4.426884e-06 	 -8.840075e-07 -2.416944e-07 1.398143e-07 	 1.534979e-06 -3.804638e-06 -4.287070e-06 	 544
11.750000 	 9.581223e-07 -8.134652e-06 -6.342125e-07 	 2.893299e-06 6.857120e-07 -6.606620e-07 	 3.851421e-06 -7.448940e-06 -1.294875e-06 	 21
12.250000 	 0.000000e+00 0.000000e+00 0.000000e+00 	 0.000000e+00 0.000000e+00 0.000000e+00 	 0.000000e+00 0.000000e+00 0.000000e+00 	 0
12.750000 	 0.000000e+00 0.000000e+00 0.000000e+00 	 0.000000e+00 0.000000e+00 0.000000e+00 	 0.000000e+00 0.000000e+00 0.000000e+00 	 0
13.250000 	 0.000000e+00 0.000000e+00 0.000000e+00 	 0.000000e+00 0.000000e+00 0.000000e+00 	 0.000000e+00 0.000000e+00 0.000000e+00 	 0
13.750000 	 0.000000e+00 0.000000e+00 0.000000e+00 	 0.000000e+00 0.000000e+00 0.000000e+00 	 0.000000e+00 0.000000e+00 0.000000e+00 	 0
14.250000 	 0.000000e+00 0.000000e+00 0.000000e+00 	 0.000000e+00 0.000000e+00 0.000000e+00 	 0.000000e+00 0.000000e+00 0.000000e+00 	 0
14.750000 	 0.000000e+00 0.000000e+00 0.000000e+00 	 0.000000e+00 0.000000e+00 0.000000e+00 	 0.000000e+00 0.000000e+00 0.000000e+00 	 0
