# 1  2-4    5-7    8-10   11     
# x  dirEF  recEF  sumEF  #Sample
0.250000 	 0.000000e+00 0.000000e+00 0.000000e+00 	 0.000000e+00 0.000000e+00 0.000000e+00 	 0.000000e+00 0.000000e+00 0.000000e+00 	 0
0.750000 	 0.000000e+00 0.000000e+00 0.000000e+00 	 3.100506e-12 -4.014511e-12 6.262206e-12 	 3.100631e-12 -4.014566e-12 6.259882e-12 	 1
1.250000 	 0.000000e+00 0.000000e+00 0.000000e+00 	 0.000000e+00 0.000000e+00 0.000000e+00 	 0.000000e+00 0.000000e+00 0.000000e+00 	 0
1.750000 	 0.000000e+00 0.000000e+00 0.000000e+00 	 0.000000e+00 0.000000e+00 0.000000e+00 	 0.000000e+00 0.000000e+00 0.000000e+00 	 0
2.250000 	 0.000000e+00 0.000000e+00 0.000000e+00 	 0.000000e+00 0.000000e+00 0.000000e+00 	 0.000000e+00 0.000000e+00 0.000000e+00 	 0
2.750000 	 0.000000e+00 0.000000e+00 0.000000e+00 	 0.000000e+00 0.000000e+00 0.000000e+00 	 0.000000e+00 0.000000e+00 0.000000e+00 	 0
3.250000 	 7.432100e-06 -9.814283e-06 1.414658e-05 	 5.960974e-07 -2.548522e-06 3.564961e-06 	 8.028197e-06 -1.236281e-05 1.771154e-05 	 31
3.750000 	 -1.160562e-06 -2.245697e-06 9.053683e-07 	 5.327582e-07 -3.228693e-07 6.436904e-07 	 -6.278036e-07 -2.568566e-06 1.549059e-06 	 556
4.250000 	 -3.464746e-06 2.491579e-06 3.470319e-06 	 1.804383e-07 -2.769252e-07 -2.386836e-07 	 -3.284307e-06 2.214653e-06 3.231635e-06 	 912
4.750000 	 2.053666e-06 1.053929e-07 -4.961084e-07 	 9.263144e-08 -1.134728e-06 1.707508e-07 	 2.146297e-06 -1.029335e-06 -3.253576e-07 	 896
5.250000 	 -6.020439e-07 1.358322e-06 -1.574205e-06 	 9.663523e-08 6.724721e-08 -3.266312e-07 	 -5.054087e-07 1.425569e-06 -1.900836e-06 	 915
5.750000 	 -2.710277e-06 8.108642e-08 4.157584e-07 	 -2.014892e-07 2.998016e-07 2.046200e-07 	 -2.911766e-06 3.808881e-07 6.203785e-07 	 899
6.250000 	 5.728581e-07 1.876944e-06 2.174746e-06 	 2.947150e-07 -3.018951e-07 5.353270e-07 	 8.675732e-07 1.575049e-06 2.710073e-06 	 919
6.750000 	 2.253210e-06 1.437772e-06 3.358332e-06 	 -4.160924e-08 -1.005093e-07 9.126158e-08 	 2.211601e-06 1.337262e-06 3.449594e-06 	 896
7.250000 	 4.671424e-06 -8.116474e-07 -2.763948e-06 	 -2.597341e-08 -3.277071e-07 3.469949e-07 	 4.645450e-06 -1.139354e-06 -2.416953e-06 	 910
7.750000 	 -3.228463e-06 -1.392520e-06 4.282515e-06 	 1.186407e-08 -1.022706e-06 4.450365e-07 	 -3.216599e-06 -2.415226e-06 4.727551e-06 	 903
8.250000 	 6.656107e-07 -7.154575e-07 -1.785038e-06 	 -7.389398e-08 7.462271e-07 -4.948909e-07 	 5.917167e-07 3.076961e-08 -2.279929e-06 	 888
8.750000 	 -1.700231e-06 4.278854e-06 2.352953e-07 	 -1.240451e-08 2.511265e-07 -1.154101e-06 	 -1.712635e-06 4.529981e-06 -9.188054e-07 	 904
9.250000 	 1.562465e-06 5.631066e-08 -1.058668e-06 	 1.484078e-08 -7.190180e-08 -1.908605e-06 	 1.577306e-06 -1.559114e-08 -2.967273e-06 	 903
9.750000 	 -1.003716e-07 -5.879460e-07 2.880059e-07 	 -9.181304e-08 7.170512e-07 -1.181885e-06 	 -1.921847e-07 1.291051e-07 -8.938791e-07 	 924
10.250000 	 6.083046e-08 -1.983141e-06 -6.234199e-07 	 -1.401914e-07 -4.700061e-07 1.226585e-08 	 -7.936097e-08 -2.453147e-06 -6.111541e-07 	 911
10.750000 	 9.747133e-07 1.765770e-06 -8.560793e-07 	 1.435829e-07 1.156988e-08 -8.960103e-07 	 1.118296e-06 1.777340e-06 -1.752090e-06 	 906
11.250000 	 -2.289893e-07 1.760170e-06 1.114851e-06 	 -3.173831e-07 -3.785052e-07 1.788832e-07 	 -5.463723e-07 1.381665e-06 1.293734e-06 	 517
11.750000 	 -1.597462e-06 -1.047679e-05 1.560135e-06 	 7.479166e-07 9.483009e-07 4.941737e-07 	 -8.495457e-07 -9.528485e-06 2.054309e-06 	 32
12.250000 	 0.000000e+00 0.000000e+00 0.000000e+00 	 0.000000e+00 0.000000e+00 0.000000e+00 	 0.000000e+00 0.000000e+00 0.000000e+00 	 0
12.750000 	 0.000000e+00 0.000000e+00 0.000000e+00 	 0.000000e+00 0.000000e+00 0.000000e+00 	 0.000000e+00 0.000000e+00 0.000000e+00 	 0
13.250000 	 0.000000e+00 0.000000e+00 0.000000e+00 	 0.000000e+00 0.000000e+00 0.000000e+00 	 0.000000e+00 0.000000e+00 0.000000e+00 	 0
13.750000 	 0.000000e+00 0.000000e+00 0.000000e+00 	 0.000000e+00 0.000000e+00 0.000000e+00 	 0.000000e+00 0.000000e+00 0.000000e+00 	 0
14.250000 	 0.000000e+00 0.000000e+00 0.000000e+00 	 1.383406e-11 1.022488e-12 1.053588e-12 	 1.383427e-11 1.023182e-12 1.055156e-12 	 1
14.750000 	 0.000000e+00 0.000000e+00 0.000000e+00 	 0.000000e+00 0.000000e+00 0.000000e+00 	 0.000000e+00 0.000000e+00 0.000000e+00 	 0
