# 1  2-4    5-7    8-10   11     
# x  dirEF  recEF  sumEF  #Sample
0.250000 	 0.000000e+00 0.000000e+00 0.000000e+00 	 0.000000e+00 0.000000e+00 0.000000e+00 	 0.000000e+00 0.000000e+00 0.000000e+00 	 0
0.750000 	 0.000000e+00 0.000000e+00 0.000000e+00 	 0.000000e+00 0.000000e+00 0.000000e+00 	 0.000000e+00 0.000000e+00 0.000000e+00 	 0
1.250000 	 0.000000e+00 0.000000e+00 0.000000e+00 	 0.000000e+00 0.000000e+00 0.000000e+00 	 0.000000e+00 0.000000e+00 0.000000e+00 	 0
1.750000 	 0.000000e+00 0.000000e+00 0.000000e+00 	 0.000000e+00 0.000000e+00 0.000000e+00 	 0.000000e+00 0.000000e+00 0.000000e+00 	 0
2.250000 	 0.000000e+00 0.000000e+00 0.000000e+00 	 0.000000e+00 0.000000e+00 0.000000e+00 	 0.000000e+00 0.000000e+00 0.000000e+00 	 0
2.750000 	 0.000000e+00 0.000000e+00 0.000000e+00 	 0.000000e+00 0.000000e+00 0.000000e+00 	 0.000000e+00 0.000000e+00 0.000000e+00 	 0
3.250000 	 -4.212662e-06 3.376937e-06 -4.451946e-06 	 -1.914936e-06 -6.464863e-08 -4.246116e-07 	 -6.127598e-06 3.312288e-06 -4.876558e-06 	 57
3.750000 	 -3.173059e-06 -2.470771e-06 -5.242122e-07 	 8.264650e-07 1.294093e-07 1.033039e-06 	 -2.346594e-06 -2.341362e-06 5.088264e-07 	 552
4.250000 	 1.489233e-07 -2.848425e-06 -4.643607e-06 	 -2.143381e-07 -5.205450e-07 7.251228e-07 	 -6.541472e-08 -3.368970e-06 -3.918484e-06 	 902
4.750000 	 -4.074756e-08 1.247357e-07 2.170085e-06 	 2.174294e-07 -5.063384e-07 -2.252726e-07 	 1.766819e-07 -3.816027e-07 1.944812e-06 	 908
5.250000 	 -1.019850e-06 1.078126e-06 4.402383e-06 	 -7.143511e-09 -3.074608e-07 4.141650e-07 	 -1.026993e-06 7.706652e-07 4.816548e-06 	 895
5.750000 	 -3.707132e-06 1.146544e-06 -2.327533e-06 	 -2.363775e-07 -1.917952e-07 -2.974387e-07 	 -3.943509e-06 9.547489e-07 -2.624972e-06 	 895
6.250000 	 3.281422e-07 1.704958e-06 2.102413e-06 	 -9.411951e-08 6.312989e-07 -2.580134e-07 	 2.340227e-07 2.336257e-06 1.844400e-06 	 897
6.750000 	 4.627781e-06 -9.236736e-07 -3.933081e-06 	 1.008582e-07 8.062364e-07 1.764611e-06 	 4.728639e-06 -1.174371e-07 -2.168470e-06 	 910
7.250000 	 3.790743e-06 -1.688021e-06 -1.077559e-06 	 1.731246e-07 1.234631e-06 -9.462169e-08 	 3.963867e-06 -4.533902e-07 -1.172180e-06 	 932
7.750000 	 -3.660511e-06 4.558703e-07 3.682296e-07 	 7.401889e-09 6.351200e-07 5.138774e-07 	 -3.653109e-06 1.090990e-06 8.821070e-07 	 886
8.250000 	 -1.390759e-06 2.590272e-06 -4.534271e-07 	 3.082911e-07 -1.290868e-07 -2.108472e-07 	 -1.082468e-06 2.461185e-06 -6.642743e-07 	 901
8.750000 	 2.911066e-07 -5.566825e-07 1.711180e-06 	 -2.080725e-07 -7.531750e-08 -6.611992e-07 	 8.303415e-08 -6.320000e-07 1.049981e-06 	 905
9.250000 	 -1.549981e-06 -3.190563e-07 -1.550552e-06 	 1.081530e-07 -1.185165e-06 -5.897402e-07 	 -1.441828e-06 -1.504221e-06 -2.140292e-06 	 897
9.750000 	 3.449529e-06 -1.040447e-06 -4.082991e-06 	 -1.517214e-07 -1.614579e-06 3.379988e-07 	 3.297808e-06 -2.655027e-06 -3.744992e-06 	 895
10.250000 	 -2.651728e-06 8.042336e-07 2.620256e-06 	 -1.718683e-07 -3.241963e-07 1.684440e-07 	 -2.823596e-06 4.800374e-07 2.788700e-06 	 902
10.750000 	 1.134305e-06 -6.403741e-07 4.066478e-07 	 2.649443e-07 -9.412928e-07 -1.978365e-07 	 1.399249e-06 -1.581667e-06 2.088113e-07 	 903
11.250000 	 -1.405061e-06 2.096008e-06 1.568320e-06 	 -3.005038e-07 -9.044416e-07 2.510713e-07 	 -1.705565e-06 1.191567e-06 1.819391e-06 	 560
11.750000 	 8.764759e-06 4.759819e-06 -6.430365e-06 	 2.468006e-06 -4.306003e-06 2.330600e-06 	 1.123276e-05 4.538157e-07 -4.099764e-06 	 27
12.250000 	 0.000000e+00 0.000000e+00 0.000000e+00 	 0.000000e+00 0.000000e+00 0.000000e+00 	 0.000000e+00 0.000000e+00 0.000000e+00 	 0
12.750000 	 0.000000e+00 0.000000e+00 0.000000e+00 	 0.000000e+00 0.000000e+00 0.000000e+00 	 0.000000e+00 0.000000e+00 0.000000e+00 	 0
13.250000 	 0.000000e+00 0.000000e+00 0.000000e+00 	 0.000000e+00 0.000000e+00 0.000000e+00 	 0.000000e+00 0.000000e+00 0.000000e+00 	 0
13.750000 	 0.000000e+00 0.000000e+00 0.000000e+00 	 0.000000e+00 0.000000e+00 0.000000e+00 	 0.000000e+00 0.000000e+00 0.000000e+00 	 0
14.250000 	 0.000000e+00 0.000000e+00 0.000000e+00 	 0.000000e+00 0.000000e+00 0.000000e+00 	 0.000000e+00 0.000000e+00 0.000000e+00 	 0
14.750000 	 0.000000e+00 0.000000e+00 0.000000e+00 	 0.000000e+00 0.000000e+00 0.000000e+00 	 0.000000e+00 0.000000e+00 0.000000e+00 	 0
