# 1  2-4    5-7    8-10   11     
# x  dirEF  recEF  sumEF  #Sample
0.250000 	 0.000000e+00 0.000000e+00 0.000000e+00 	 0.000000e+00 0.000000e+00 0.000000e+00 	 0.000000e+00 0.000000e+00 0.000000e+00 	 0
0.750000 	 0.000000e+00 0.000000e+00 0.000000e+00 	 0.000000e+00 0.000000e+00 0.000000e+00 	 0.000000e+00 0.000000e+00 0.000000e+00 	 0
1.250000 	 0.000000e+00 0.000000e+00 0.000000e+00 	 0.000000e+00 0.000000e+00 0.000000e+00 	 0.000000e+00 0.000000e+00 0.000000e+00 	 0
1.750000 	 0.000000e+00 0.000000e+00 0.000000e+00 	 0.000000e+00 0.000000e+00 0.000000e+00 	 0.000000e+00 0.000000e+00 0.000000e+00 	 0
2.250000 	 0.000000e+00 0.000000e+00 0.000000e+00 	 0.000000e+00 0.000000e+00 0.000000e+00 	 0.000000e+00 0.000000e+00 0.000000e+00 	 0
2.750000 	 0.000000e+00 0.000000e+00 0.000000e+00 	 0.000000e+00 0.000000e+00 0.000000e+00 	 0.000000e+00 0.000000e+00 0.000000e+00 	 0
3.250000 	 5.033586e-06 -5.556073e-06 -4.508297e-06 	 -6.535743e-06 -1.046586e-06 -6.721162e-07 	 -1.502157e-06 -6.602659e-06 -5.180413e-06 	 26
3.750000 	 3.019001e-06 3.927202e-06 1.128997e-06 	 3.412794e-06 5.131959e-07 -6.722010e-07 	 6.431796e-06 4.440398e-06 4.567961e-07 	 550
4.250000 	 -7.122917e-07 -1.991126e-06 -1.958866e-06 	 -2.546408e-06 -3.162157e-07 -2.362029e-07 	 -3.258700e-06 -2.307342e-06 -2.195069e-06 	 889
4.750000 	 -1.083893e-06 1.213153e-06 2.221716e-07 	 1.619295e-06 -5.140054e-07 5.397341e-07 	 5.354027e-07 6.991478e-07 7.619057e-07 	 923
5.250000 	 -3.462312e-08 4.511080e-06 2.074951e-06 	 -2.010616e-06 -4.912918e-07 6.747959e-07 	 -2.045239e-06 4.019788e-06 2.749747e-06 	 913
5.750000 	 -3.826994e-06 -3.759988e-06 1.014758e-06 	 -8.167539e-07 2.869008e-07 8.335355e-07 	 -4.643748e-06 -3.473087e-06 1.848293e-06 	 910
6.250000 	 -1.573335e-06 3.193387e-06 -1.144262e-06 	 3.820550e-07 4.695842e-07 -7.641926e-07 	 -1.191280e-06 3.662971e-06 -1.908454e-06 	 897
6.750000 	 1.529926e-06 3.747053e-06 -7.925084e-07 	 1.168626e-06 1.034478e-06 -8.703714e-07 	 2.698552e-06 4.781531e-06 -1.662880e-06 	 921
7.250000 	 -5.278245e-07 -3.825447e-07 1.324003e-06 	 -3.933526e-06 -1.844376e-08 5.844374e-07 	 -4.461351e-06 -4.009885e-07 1.908440e-06 	 908
7.750000 	 -1.462276e-06 1.081882e-06 -2.294466e-06 	 2.997378e-06 -1.287907e-07 -2.164334e-07 	 1.535102e-06 9.530912e-07 -2.510899e-06 	 897
8.250000 	 -3.720891e-06 3.008007e-07 3.169254e-07 	 5.922940e-07 2.809223e-07 -1.394413e-08 	 -3.128597e-06 5.817230e-07 3.029812e-07 	 901
8.750000 	 6.568258e-07 -4.737495e-06 1.189647e-06 	 -9.757510e-07 -1.289283e-06 -8.717671e-07 	 -3.189251e-07 -6.026779e-06 3.178800e-07 	 913
9.250000 	 3.430434e-06 -5.767314e-07 7.505998e-08 	 -2.033899e-06 -2.493856e-07 1.944934e-07 	 1.396535e-06 -8.261170e-07 2.695533e-07 	 908
9.750000 	 2.105705e-06 3.990624e-06 -4.900787e-07 	 2.832615e-06 -3.399176e-07 3.321479e-07 	 4.938320e-06 3.650706e-06 -1.579308e-07 	 891
10.250000 	 1.147854e-06 1.160145e-06 -8.149360e-07 	 -1.436235e-06 6.088659e-07 8.703538e-08 	 -2.883811e-07 1.769011e-06 -7.279006e-07 	 922
10.750000 	 -1.812346e-06 4.333323e-06 3.201490e-06 	 1.989424e-06 5.966710e-07 7.897040e-07 	 1.770785e-07 4.929994e-06 3.991194e-06 	 884
11.250000 	 2.529350e-07 -4.221939e-07 -3.407658e-06 	 -2.904230e-06 -3.107438e-07 6.038518e-07 	 -2.651295e-06 -7.329377e-07 -2.803806e-06 	 542
11.750000 	 -1.214255e-06 -1.303878e-06 -7.138748e-06 	 1.232753e-05 4.725469e-06 6.604092e-06 	 1.111327e-05 3.421591e-06 -5.346559e-07 	 28
12.250000 	 0.000000e+00 0.000000e+00 0.000000e+00 	 0.000000e+00 0.000000e+00 0.000000e+00 	 0.000000e+00 0.000000e+00 0.000000e+00 	 0
12.750000 	 -2.505697e-06 6.572633e-06 -5.442468e-06 	 -2.788921e-05 -1.813396e-06 1.745985e-05 	 -3.039491e-05 4.759237e-06 1.201738e-05 	 1
13.250000 	 0.000000e+00 0.000000e+00 0.000000e+00 	 0.000000e+00 0.000000e+00 0.000000e+00 	 0.000000e+00 0.000000e+00 0.000000e+00 	 0
13.750000 	 0.000000e+00 0.000000e+00 0.000000e+00 	 0.000000e+00 0.000000e+00 0.000000e+00 	 0.000000e+00 0.000000e+00 0.000000e+00 	 0
14.250000 	 0.000000e+00 0.000000e+00 0.000000e+00 	 0.000000e+00 0.000000e+00 0.000000e+00 	 0.000000e+00 0.000000e+00 0.000000e+00 	 0
14.750000 	 0.000000e+00 0.000000e+00 0.000000e+00 	 0.000000e+00 0.000000e+00 0.000000e+00 	 0.000000e+00 0.000000e+00 0.000000e+00 	 0
