# 1  2-4    5-7    8-10   11     
# x  dirEF  recEF  sumEF  #Sample
0.250000 	 0.000000e+00 0.000000e+00 0.000000e+00 	 0.000000e+00 0.000000e+00 0.000000e+00 	 0.000000e+00 0.000000e+00 0.000000e+00 	 0
0.750000 	 0.000000e+00 0.000000e+00 0.000000e+00 	 0.000000e+00 0.000000e+00 0.000000e+00 	 0.000000e+00 0.000000e+00 0.000000e+00 	 0
1.250000 	 0.000000e+00 0.000000e+00 0.000000e+00 	 0.000000e+00 0.000000e+00 0.000000e+00 	 0.000000e+00 0.000000e+00 0.000000e+00 	 0
1.750000 	 0.000000e+00 0.000000e+00 0.000000e+00 	 0.000000e+00 0.000000e+00 0.000000e+00 	 0.000000e+00 0.000000e+00 0.000000e+00 	 0
2.250000 	 0.000000e+00 0.000000e+00 0.000000e+00 	 0.000000e+00 0.000000e+00 0.000000e+00 	 0.000000e+00 0.000000e+00 0.000000e+00 	 0
2.750000 	 0.000000e+00 0.000000e+00 0.000000e+00 	 0.000000e+00 0.000000e+00 0.000000e+00 	 0.000000e+00 0.000000e+00 0.000000e+00 	 0
3.250000 	 -3.759057e-06 2.893181e-06 -2.114412e-05 	 4.152109e-07 -1.191975e-06 -1.596199e-06 	 -3.343847e-06 1.701206e-06 -2.274032e-05 	 34
3.750000 	 9.287411e-07 2.830775e-06 6.165068e-06 	 1.349812e-07 1.256012e-07 1.857682e-07 	 1.063722e-06 2.956377e-06 6.350836e-06 	 580
4.250000 	 -1.842991e-06 -1.789823e-06 -5.152039e-07 	 3.849529e-07 -8.106831e-08 -2.193726e-07 	 -1.458038e-06 -1.870892e-06 -7.345764e-07 	 905
4.750000 	 3.558904e-06 1.826921e-06 -4.023425e-06 	 -2.043227e-07 2.525304e-08 1.348537e-07 	 3.354581e-06 1.852174e-06 -3.888571e-06 	 902
5.250000 	 1.489294e-06 -9.833506e-07 -2.322354e-06 	 3.572960e-07 7.776408e-09 7.135152e-09 	 1.846590e-06 -9.755742e-07 -2.315219e-06 	 907
5.750000 	 1.754999e-06 1.800969e-06 6.696709e-06 	 -3.875121e-07 -6.246325e-08 -1.910105e-08 	 1.367487e-06 1.738505e-06 6.677608e-06 	 897
6.250000 	 4.253244e-06 -6.661536e-07 -5.917661e-07 	 1.070459e-08 3.102573e-08 -2.523283e-08 	 4.263948e-06 -6.351279e-07 -6.169990e-07 	 881
6.750000 	 -6.791373e-07 1.080177e-06 1.541626e-06 	 1.516092e-07 7.790229e-08 1.060532e-07 	 -5.275281e-07 1.158079e-06 1.647679e-06 	 905
7.250000 	 -1.459141e-06 2.438707e-07 -1.654952e-06 	 -3.369186e-07 -9.497017e-08 1.035882e-07 	 -1.796059e-06 1.489005e-07 -1.551364e-06 	 899
7.750000 	 3.545578e-07 -1.944009e-06 -1.048017e-06 	 2.567608e-07 -9.542906e-08 -1.016537e-07 	 6.113186e-07 -2.039438e-06 -1.149670e-06 	 909
8.250000 	 1.014461e-06 1.779965e-06 -2.665024e-06 	 2.825726e-08 1.164771e-07 1.927032e-08 	 1.042718e-06 1.896443e-06 -2.645754e-06 	 908
8.750000 	 -3.552277e-06 2.655415e-06 1.382995e-06 	 -1.912245e-07 1.015340e-07 -9.069837e-08 	 -3.743502e-06 2.756949e-06 1.292297e-06 	 886
9.250000 	 -3.963122e-06 3.973867e-08 4.249661e-06 	 1.641830e-07 -4.328724e-08 8.502472e-08 	 -3.798939e-06 -3.548575e-09 4.334686e-06 	 921
9.750000 	 -5.436199e-07 -1.044188e-06 -1.808029e-06 	 -8.254568e-08 4.549777e-08 7.431421e-09 	 -6.261655e-07 -9.986905e-07 -1.800598e-06 	 913
10.250000 	 1.698102e-06 2.724761e-06 -1.327009e-07 	 1.387380e-07 3.130417e-08 -4.719635e-08 	 1.836840e-06 2.756066e-06 -1.798973e-07 	 921
10.750000 	 7.645694e-07 6.861803e-07 -6.238934e-07 	 -4.893625e-07 1.168421e-07 1.459675e-07 	 2.752068e-07 8.030225e-07 -4.779259e-07 	 881
11.250000 	 -4.534464e-06 -4.962661e-06 1.713526e-06 	 -1.200757e-08 1.409565e-08 -1.725414e-07 	 -4.546471e-06 -4.948566e-06 1.540984e-06 	 544
11.750000 	 6.233100e-06 -9.475339e-06 -3.207965e-06 	 5.879971e-07 1.051519e-06 5.268731e-07 	 6.821097e-06 -8.423820e-06 -2.681092e-06 	 31
12.250000 	 0.000000e+00 0.000000e+00 0.000000e+00 	 0.000000e+00 0.000000e+00 0.000000e+00 	 0.000000e+00 0.000000e+00 0.000000e+00 	 0
12.750000 	 0.000000e+00 0.000000e+00 0.000000e+00 	 0.000000e+00 0.000000e+00 0.000000e+00 	 0.000000e+00 0.000000e+00 0.000000e+00 	 0
13.250000 	 0.000000e+00 0.000000e+00 0.000000e+00 	 0.000000e+00 0.000000e+00 0.000000e+00 	 0.000000e+00 0.000000e+00 0.000000e+00 	 0
13.750000 	 0.000000e+00 0.000000e+00 0.000000e+00 	 0.000000e+00 0.000000e+00 0.000000e+00 	 0.000000e+00 0.000000e+00 0.000000e+00 	 0
14.250000 	 0.000000e+00 0.000000e+00 0.000000e+00 	 0.000000e+00 0.000000e+00 0.000000e+00 	 0.000000e+00 0.000000e+00 0.000000e+00 	 0
14.750000 	 0.000000e+00 0.000000e+00 0.000000e+00 	 0.000000e+00 0.000000e+00 0.000000e+00 	 0.000000e+00 0.000000e+00 0.000000e+00 	 0
