# 1  2-4    5-7    8-10   11     
# x  dirEF  recEF  sumEF  #Sample
0.250000 	 0.000000e+00 0.000000e+00 0.000000e+00 	 0.000000e+00 0.000000e+00 0.000000e+00 	 0.000000e+00 0.000000e+00 0.000000e+00 	 0
0.750000 	 0.000000e+00 0.000000e+00 0.000000e+00 	 0.000000e+00 0.000000e+00 0.000000e+00 	 0.000000e+00 0.000000e+00 0.000000e+00 	 0
1.250000 	 0.000000e+00 0.000000e+00 0.000000e+00 	 0.000000e+00 0.000000e+00 0.000000e+00 	 0.000000e+00 0.000000e+00 0.000000e+00 	 0
1.750000 	 0.000000e+00 0.000000e+00 0.000000e+00 	 0.000000e+00 0.000000e+00 0.000000e+00 	 0.000000e+00 0.000000e+00 0.000000e+00 	 0
2.250000 	 0.000000e+00 0.000000e+00 0.000000e+00 	 0.000000e+00 0.000000e+00 0.000000e+00 	 0.000000e+00 0.000000e+00 0.000000e+00 	 0
2.750000 	 0.000000e+00 0.000000e+00 0.000000e+00 	 0.000000e+00 0.000000e+00 0.000000e+00 	 0.000000e+00 0.000000e+00 0.000000e+00 	 0
3.250000 	 4.287081e-07 1.623048e-05 7.316831e-07 	 -9.840487e-06 5.636414e-06 3.837649e-06 	 -9.411779e-06 2.186689e-05 4.569332e-06 	 26
3.750000 	 -3.582431e-06 -7.786794e-07 -5.340026e-06 	 -4.941329e-07 4.471785e-07 6.511030e-07 	 -4.076564e-06 -3.315010e-07 -4.688923e-06 	 582
4.250000 	 -4.665690e-07 -6.218372e-07 5.735301e-06 	 1.355155e-06 -7.206980e-07 -4.780015e-07 	 8.885857e-07 -1.342535e-06 5.257299e-06 	 876
4.750000 	 4.273941e-07 2.168098e-06 1.060580e-06 	 -1.580653e-06 8.384516e-07 1.813359e-06 	 -1.153259e-06 3.006550e-06 2.873939e-06 	 909
5.250000 	 2.246551e-06 -4.444614e-07 -1.971204e-06 	 -1.079789e-06 3.270807e-07 -6.533110e-08 	 1.166761e-06 -1.173807e-07 -2.036535e-06 	 905
5.750000 	 -5.722496e-07 3.177355e-06 -5.252159e-07 	 9.339051e-07 -1.844496e-06 1.314488e-08 	 3.616555e-07 1.332859e-06 -5.120710e-07 	 913
6.250000 	 -3.983107e-06 -1.479930e-06 -7.873249e-07 	 6.984068e-07 1.198359e-07 4.964082e-07 	 -3.284700e-06 -1.360094e-06 -2.909167e-07 	 903
6.750000 	 -1.079331e-06 1.300060e-06 -3.651567e-06 	 2.038538e-06 1.572443e-06 1.266703e-07 	 9.592071e-07 2.872503e-06 -3.524897e-06 	 915
7.250000 	 -5.485886e-07 2.488322e-06 2.128869e-06 	 -2.560395e-06 -6.193381e-08 5.575133e-08 	 -3.108984e-06 2.426388e-06 2.184621e-06 	 922
7.750000 	 -2.296619e-06 -2.482320e-06 1.724022e-06 	 2.842013e-06 -9.802307e-08 4.612124e-07 	 5.453939e-07 -2.580343e-06 2.185234e-06 	 881
8.250000 	 1.027932e-07 -2.484566e-06 1.292918e-06 	 -2.979081e-06 -4.372991e-07 3.511521e-07 	 -2.876288e-06 -2.921865e-06 1.644071e-06 	 908
8.750000 	 7.735250e-07 6.940280e-07 -1.624901e-06 	 4.875856e-07 2.462539e-07 -9.256770e-07 	 1.261111e-06 9.402819e-07 -2.550578e-06 	 892
9.250000 	 2.496535e-06 -8.378296e-07 -1.132558e-06 	 -2.405995e-07 5.001731e-08 9.685594e-07 	 2.255936e-06 -7.878123e-07 -1.639982e-07 	 923
9.750000 	 -1.866946e-06 2.501899e-06 3.718179e-06 	 -6.311847e-07 -1.711167e-07 6.630458e-07 	 -2.498131e-06 2.330782e-06 4.381225e-06 	 895
10.250000 	 -3.543877e-06 5.970225e-07 -1.508470e-06 	 1.513914e-06 4.069742e-07 1.161281e-06 	 -2.029963e-06 1.003997e-06 -3.471889e-07 	 903
10.750000 	 -1.148821e-06 1.504090e-06 -2.049546e-07 	 -2.073773e-06 3.582922e-07 4.231128e-07 	 -3.222595e-06 1.862382e-06 2.181582e-07 	 899
11.250000 	 3.044336e-06 -4.134455e-06 6.076007e-07 	 2.419553e-06 4.675737e-07 6.606347e-07 	 5.463889e-06 -3.666881e-06 1.268235e-06 	 543
11.750000 	 -1.145567e-06 4.351648e-06 7.309993e-06 	 6.048529e-06 -8.805279e-07 -3.876048e-06 	 4.902963e-06 3.471120e-06 3.433944e-06 	 29
12.250000 	 0.000000e+00 0.000000e+00 0.000000e+00 	 0.000000e+00 0.000000e+00 0.000000e+00 	 0.000000e+00 0.000000e+00 0.000000e+00 	 0
12.750000 	 0.000000e+00 0.000000e+00 0.000000e+00 	 0.000000e+00 0.000000e+00 0.000000e+00 	 0.000000e+00 0.000000e+00 0.000000e+00 	 0
13.250000 	 0.000000e+00 0.000000e+00 0.000000e+00 	 0.000000e+00 0.000000e+00 0.000000e+00 	 0.000000e+00 0.000000e+00 0.000000e+00 	 0
13.750000 	 0.000000e+00 0.000000e+00 0.000000e+00 	 0.000000e+00 0.000000e+00 0.000000e+00 	 0.000000e+00 0.000000e+00 0.000000e+00 	 0
14.250000 	 0.000000e+00 0.000000e+00 0.000000e+00 	 0.000000e+00 0.000000e+00 0.000000e+00 	 0.000000e+00 0.000000e+00 0.000000e+00 	 0
14.750000 	 0.000000e+00 0.000000e+00 0.000000e+00 	 0.000000e+00 0.000000e+00 0.000000e+00 	 0.000000e+00 0.000000e+00 0.000000e+00 	 0
