# 1  2-4    5-7    8-10   11     
# x  dirEF  recEF  sumEF  #Sample
0.250000 	 0.000000e+00 0.000000e+00 0.000000e+00 	 0.000000e+00 0.000000e+00 0.000000e+00 	 0.000000e+00 0.000000e+00 0.000000e+00 	 0
0.750000 	 0.000000e+00 0.000000e+00 0.000000e+00 	 0.000000e+00 0.000000e+00 0.000000e+00 	 0.000000e+00 0.000000e+00 0.000000e+00 	 0
1.250000 	 0.000000e+00 0.000000e+00 0.000000e+00 	 0.000000e+00 0.000000e+00 0.000000e+00 	 0.000000e+00 0.000000e+00 0.000000e+00 	 0
1.750000 	 0.000000e+00 0.000000e+00 0.000000e+00 	 0.000000e+00 0.000000e+00 0.000000e+00 	 0.000000e+00 0.000000e+00 0.000000e+00 	 0
2.250000 	 0.000000e+00 0.000000e+00 0.000000e+00 	 0.000000e+00 0.000000e+00 0.000000e+00 	 0.000000e+00 0.000000e+00 0.000000e+00 	 0
2.750000 	 0.000000e+00 0.000000e+00 0.000000e+00 	 0.000000e+00 0.000000e+00 0.000000e+00 	 0.000000e+00 0.000000e+00 0.000000e+00 	 0
3.250000 	 -4.012889e-06 9.553426e-07 -3.967512e-06 	 8.124154e-07 3.170561e-06 8.788023e-07 	 -3.200473e-06 4.125904e-06 -3.088710e-06 	 43
3.750000 	 2.636629e-07 -2.008380e-06 -2.415390e-06 	 2.173101e-06 5.091881e-07 1.373421e-07 	 2.436764e-06 -1.499192e-06 -2.278047e-06 	 570
4.250000 	 1.309837e-06 5.556756e-06 8.607654e-07 	 -2.336851e-06 -1.102882e-07 -1.930255e-07 	 -1.027014e-06 5.446468e-06 6.677398e-07 	 887
4.750000 	 1.275341e-06 -2.366476e-06 1.963811e-06 	 3.550695e-06 -2.304023e-07 -1.188390e-07 	 4.826036e-06 -2.596878e-06 1.844972e-06 	 905
5.250000 	 -8.528661e-07 -3.012526e-07 1.986850e-06 	 -1.481908e-06 3.200269e-07 1.789037e-07 	 -2.334774e-06 1.877437e-08 2.165753e-06 	 917
5.750000 	 -5.801564e-07 3.929347e-06 7.952578e-07 	 1.115340e-07 1.774080e-07 -2.125524e-08 	 -4.686224e-07 4.106755e-06 7.740025e-07 	 923
6.250000 	 4.073769e-07 -6.786240e-07 -1.464014e-06 	 2.030877e-06 2.341721e-07 4.388925e-08 	 2.438254e-06 -4.444519e-07 -1.420125e-06 	 885
6.750000 	 3.405651e-06 1.005235e-06 2.021261e-06 	 -2.289807e-07 5.015527e-07 2.828857e-07 	 3.176671e-06 1.506787e-06 2.304147e-06 	 919
7.250000 	 -1.547218e-06 1.550887e-06 1.506224e-06 	 -1.284015e-06 2.354810e-07 -3.184405e-07 	 -2.831233e-06 1.786368e-06 1.187783e-06 	 887
7.750000 	 -4.724684e-06 4.514906e-07 -4.282440e-06 	 -6.597627e-08 1.783859e-07 -6.927349e-07 	 -4.790660e-06 6.298765e-07 -4.975175e-06 	 901
8.250000 	 -2.497114e-06 -2.178645e-06 2.584933e-06 	 1.080638e-06 4.589082e-07 -2.463061e-07 	 -1.416476e-06 -1.719737e-06 2.338627e-06 	 899
8.750000 	 -3.850244e-07 2.376596e-06 3.193183e-06 	 6.740781e-07 2.797088e-07 -1.143959e-06 	 2.890537e-07 2.656305e-06 2.049224e-06 	 891
9.250000 	 2.009621e-07 3.892676e-07 -6.376119e-07 	 -1.196940e-06 -9.917141e-07 2.670236e-07 	 -9.959780e-07 -6.024466e-07 -3.705883e-07 	 917
9.750000 	 4.844112e-06 -1.246756e-06 3.169960e-06 	 -5.989731e-07 5.326108e-07 1.296396e-07 	 4.245139e-06 -7.141447e-07 3.299599e-06 	 886
10.250000 	 1.784440e-06 -7.023281e-07 -8.776037e-07 	 7.733138e-07 8.571734e-08 6.427080e-07 	 2.557753e-06 -6.166107e-07 -2.348956e-07 	 897
10.750000 	 -4.476291e-07 1.022660e-06 9.075144e-07 	 -5.788214e-07 9.981596e-08 -5.739349e-07 	 -1.026451e-06 1.122476e-06 3.335795e-07 	 884
11.250000 	 -5.434200e-07 1.401139e-06 -3.177397e-06 	 1.500682e-07 9.689316e-07 4.382755e-07 	 -3.933518e-07 2.370071e-06 -2.739122e-06 	 541
11.750000 	 7.886459e-06 -5.633914e-06 3.592229e-07 	 -5.571900e-06 -2.418304e-07 1.066377e-06 	 2.314559e-06 -5.875745e-06 1.425600e-06 	 72
12.250000 	 0.000000e+00 0.000000e+00 0.000000e+00 	 0.000000e+00 0.000000e+00 0.000000e+00 	 0.000000e+00 0.000000e+00 0.000000e+00 	 0
12.750000 	 0.000000e+00 0.000000e+00 0.000000e+00 	 0.000000e+00 0.000000e+00 0.000000e+00 	 0.000000e+00 0.000000e+00 0.000000e+00 	 0
13.250000 	 0.000000e+00 0.000000e+00 0.000000e+00 	 0.000000e+00 0.000000e+00 0.000000e+00 	 0.000000e+00 0.000000e+00 0.000000e+00 	 0
13.750000 	 0.000000e+00 0.000000e+00 0.000000e+00 	 0.000000e+00 0.000000e+00 0.000000e+00 	 0.000000e+00 0.000000e+00 0.000000e+00 	 0
14.250000 	 0.000000e+00 0.000000e+00 0.000000e+00 	 0.000000e+00 0.000000e+00 0.000000e+00 	 0.000000e+00 0.000000e+00 0.000000e+00 	 0
14.750000 	 0.000000e+00 0.000000e+00 0.000000e+00 	 0.000000e+00 0.000000e+00 0.000000e+00 	 0.000000e+00 0.000000e+00 0.000000e+00 	 0
