# 1  2-4    5-7    8-10   11     
# x  dirEF  recEF  sumEF  #Sample
0.250000 	 0.000000e+00 0.000000e+00 0.000000e+00 	 0.000000e+00 0.000000e+00 0.000000e+00 	 0.000000e+00 0.000000e+00 0.000000e+00 	 0
0.750000 	 0.000000e+00 0.000000e+00 0.000000e+00 	 1.689592e-06 1.043076e-06 -1.282119e-06 	 1.689592e-06 1.043076e-06 -1.282119e-06 	 1
1.250000 	 0.000000e+00 0.000000e+00 0.000000e+00 	 0.000000e+00 0.000000e+00 0.000000e+00 	 0.000000e+00 0.000000e+00 0.000000e+00 	 0
1.750000 	 0.000000e+00 0.000000e+00 0.000000e+00 	 0.000000e+00 0.000000e+00 0.000000e+00 	 0.000000e+00 0.000000e+00 0.000000e+00 	 0
2.250000 	 0.000000e+00 0.000000e+00 0.000000e+00 	 0.000000e+00 0.000000e+00 0.000000e+00 	 0.000000e+00 0.000000e+00 0.000000e+00 	 0
2.750000 	 0.000000e+00 0.000000e+00 0.000000e+00 	 0.000000e+00 0.000000e+00 0.000000e+00 	 0.000000e+00 0.000000e+00 0.000000e+00 	 0
3.250000 	 7.432100e-06 -9.814283e-06 1.414658e-05 	 5.590473e-07 -2.480444e-06 3.536836e-06 	 7.991147e-06 -1.229473e-05 1.768341e-05 	 31
3.750000 	 -1.160562e-06 -2.245697e-06 9.053683e-07 	 5.260325e-07 -3.122401e-07 5.473086e-07 	 -6.345293e-07 -2.557937e-06 1.452677e-06 	 556
4.250000 	 -3.464746e-06 2.491579e-06 3.470319e-06 	 2.035548e-07 -2.038675e-07 -2.951194e-07 	 -3.261191e-06 2.287711e-06 3.175199e-06 	 912
4.750000 	 2.053666e-06 1.053929e-07 -4.961084e-07 	 9.882178e-08 -1.138793e-06 1.578922e-07 	 2.152487e-06 -1.033400e-06 -3.382161e-07 	 896
5.250000 	 -6.020439e-07 1.358322e-06 -1.574205e-06 	 1.242917e-07 5.441277e-08 -3.193625e-07 	 -4.777523e-07 1.412734e-06 -1.893567e-06 	 915
5.750000 	 -2.710277e-06 8.108642e-08 4.157584e-07 	 -1.993406e-07 2.643697e-07 1.934443e-07 	 -2.909618e-06 3.454561e-07 6.092028e-07 	 899
6.250000 	 5.728581e-07 1.876944e-06 2.174746e-06 	 3.263436e-07 -2.990229e-07 5.728674e-07 	 8.992017e-07 1.577921e-06 2.747613e-06 	 919
6.750000 	 2.253210e-06 1.437772e-06 3.358332e-06 	 7.669980e-09 -1.129132e-07 8.345176e-08 	 2.260880e-06 1.324859e-06 3.441784e-06 	 896
7.250000 	 4.671424e-06 -8.116474e-07 -2.763948e-06 	 3.498665e-08 -3.358554e-07 3.926300e-07 	 4.706410e-06 -1.147503e-06 -2.371318e-06 	 910
7.750000 	 -3.228463e-06 -1.392520e-06 4.282515e-06 	 3.185743e-08 -9.931158e-07 4.275582e-07 	 -3.196606e-06 -2.385636e-06 4.710073e-06 	 903
8.250000 	 6.656107e-07 -7.154575e-07 -1.785038e-06 	 -2.107636e-08 7.446767e-07 -4.358340e-07 	 6.445343e-07 2.921920e-08 -2.220872e-06 	 888
8.750000 	 -1.700231e-06 4.278854e-06 2.352953e-07 	 -3.812311e-08 2.409642e-07 -1.106312e-06 	 -1.738354e-06 4.519818e-06 -8.710167e-07 	 904
9.250000 	 1.562465e-06 5.631066e-08 -1.058668e-06 	 -3.362332e-08 -8.078063e-08 -1.853145e-06 	 1.528842e-06 -2.446997e-08 -2.911813e-06 	 903
9.750000 	 -1.003716e-07 -5.879460e-07 2.880059e-07 	 -1.011548e-07 7.461674e-07 -1.183341e-06 	 -2.015264e-07 1.582214e-07 -8.953348e-07 	 924
10.250000 	 6.083046e-08 -1.983141e-06 -6.234199e-07 	 -8.812248e-08 -5.061579e-07 3.326836e-08 	 -2.729201e-08 -2.489299e-06 -5.901516e-07 	 911
10.750000 	 9.747133e-07 1.765770e-06 -8.560793e-07 	 1.194430e-07 6.296532e-08 -9.045573e-07 	 1.094156e-06 1.828736e-06 -1.760637e-06 	 906
11.250000 	 -2.289893e-07 1.760170e-06 1.114851e-06 	 -3.022663e-07 -3.325527e-07 2.195800e-07 	 -5.312555e-07 1.427617e-06 1.334431e-06 	 517
11.750000 	 -1.597462e-06 -1.047679e-05 1.560135e-06 	 7.759805e-07 1.148133e-06 9.676881e-07 	 -8.214819e-07 -9.328653e-06 2.527823e-06 	 32
12.250000 	 0.000000e+00 0.000000e+00 0.000000e+00 	 0.000000e+00 0.000000e+00 0.000000e+00 	 0.000000e+00 0.000000e+00 0.000000e+00 	 0
12.750000 	 0.000000e+00 0.000000e+00 0.000000e+00 	 0.000000e+00 0.000000e+00 0.000000e+00 	 0.000000e+00 0.000000e+00 0.000000e+00 	 0
13.250000 	 0.000000e+00 0.000000e+00 0.000000e+00 	 0.000000e+00 0.000000e+00 0.000000e+00 	 0.000000e+00 0.000000e+00 0.000000e+00 	 0
13.750000 	 0.000000e+00 0.000000e+00 0.000000e+00 	 0.000000e+00 0.000000e+00 0.000000e+00 	 0.000000e+00 0.000000e+00 0.000000e+00 	 0
14.250000 	 0.000000e+00 0.000000e+00 0.000000e+00 	 6.838194e-08 -1.530489e-06 -1.253430e-06 	 6.838194e-08 -1.530489e-06 -1.253430e-06 	 1
14.750000 	 0.000000e+00 0.000000e+00 0.000000e+00 	 0.000000e+00 0.000000e+00 0.000000e+00 	 0.000000e+00 0.000000e+00 0.000000e+00 	 0
