# 1  2-4    5-7    8-10   11     
# x  dirEF  recEF  sumEF  #Sample
0.250000 	 0.000000e+00 0.000000e+00 0.000000e+00 	 0.000000e+00 0.000000e+00 0.000000e+00 	 0.000000e+00 0.000000e+00 0.000000e+00 	 0
0.750000 	 0.000000e+00 0.000000e+00 0.000000e+00 	 0.000000e+00 0.000000e+00 0.000000e+00 	 0.000000e+00 0.000000e+00 0.000000e+00 	 0
1.250000 	 0.000000e+00 0.000000e+00 0.000000e+00 	 0.000000e+00 0.000000e+00 0.000000e+00 	 0.000000e+00 0.000000e+00 0.000000e+00 	 0
1.750000 	 0.000000e+00 0.000000e+00 0.000000e+00 	 0.000000e+00 0.000000e+00 0.000000e+00 	 0.000000e+00 0.000000e+00 0.000000e+00 	 0
2.250000 	 0.000000e+00 0.000000e+00 0.000000e+00 	 0.000000e+00 0.000000e+00 0.000000e+00 	 0.000000e+00 0.000000e+00 0.000000e+00 	 0
2.750000 	 0.000000e+00 0.000000e+00 0.000000e+00 	 0.000000e+00 0.000000e+00 0.000000e+00 	 0.000000e+00 0.000000e+00 0.000000e+00 	 0
3.250000 	 -3.759057e-06 2.893181e-06 -2.114412e-05 	 2.599083e-06 -2.287274e-06 -2.917958e-06 	 -1.159974e-06 6.059080e-07 -2.406208e-05 	 34
3.750000 	 9.287411e-07 2.830775e-06 6.165068e-06 	 4.277318e-06 4.211859e-07 1.336869e-07 	 5.206059e-06 3.251961e-06 6.298755e-06 	 580
4.250000 	 -1.842991e-06 -1.789823e-06 -5.152039e-07 	 -8.555513e-07 5.440087e-08 -4.562077e-07 	 -2.698542e-06 -1.735422e-06 -9.714116e-07 	 905
4.750000 	 3.558904e-06 1.826921e-06 -4.023425e-06 	 -2.464602e-06 -2.143545e-07 -1.084627e-07 	 1.094302e-06 1.612566e-06 -4.131888e-06 	 902
5.250000 	 1.489294e-06 -9.833506e-07 -2.322354e-06 	 4.117842e-06 -7.807796e-07 -2.815647e-07 	 5.607136e-06 -1.764130e-06 -2.603918e-06 	 907
5.750000 	 1.756023e-06 1.809659e-06 6.700616e-06 	 -2.098697e-06 -5.172971e-07 1.317534e-07 	 -3.426733e-07 1.292362e-06 6.832369e-06 	 897
6.250000 	 4.253244e-06 -6.661536e-07 -5.917661e-07 	 -3.647551e-07 8.753902e-07 -2.210202e-07 	 3.888488e-06 2.092366e-07 -8.127863e-07 	 881
6.750000 	 -6.791373e-07 1.080177e-06 1.541626e-06 	 -4.657532e-07 -4.720564e-07 -1.030247e-07 	 -1.144890e-06 6.081201e-07 1.438602e-06 	 905
7.250000 	 -1.459141e-06 2.438707e-07 -1.654952e-06 	 -2.421217e-06 -5.684962e-08 1.032715e-06 	 -3.880358e-06 1.870211e-07 -6.222374e-07 	 899
7.750000 	 3.545578e-07 -1.944009e-06 -1.048017e-06 	 1.401984e-06 2.868955e-07 -8.972887e-07 	 1.756541e-06 -1.657114e-06 -1.945305e-06 	 909
8.250000 	 1.014461e-06 1.779965e-06 -2.665024e-06 	 1.267519e-06 2.527478e-07 4.151351e-07 	 2.281980e-06 2.032713e-06 -2.249889e-06 	 908
8.750000 	 -3.552277e-06 2.655415e-06 1.382995e-06 	 1.055471e-06 -1.120617e-07 4.769875e-07 	 -2.496806e-06 2.543354e-06 1.859983e-06 	 886
9.250000 	 -3.963122e-06 3.973867e-08 4.249661e-06 	 -8.267596e-07 8.277348e-08 -3.472227e-07 	 -4.789881e-06 1.225121e-07 3.902438e-06 	 921
9.750000 	 -5.436199e-07 -1.044188e-06 -1.808029e-06 	 3.932059e-07 7.816925e-07 -2.112967e-07 	 -1.504140e-07 -2.624957e-07 -2.019326e-06 	 913
10.250000 	 1.698102e-06 2.724761e-06 -1.327009e-07 	 -7.250275e-07 -2.140978e-07 9.830211e-08 	 9.730741e-07 2.510664e-06 -3.439879e-08 	 921
10.750000 	 7.645694e-07 6.861803e-07 -6.238934e-07 	 -3.634728e-07 4.743464e-07 6.253691e-07 	 4.010966e-07 1.160527e-06 1.475660e-09 	 881
11.250000 	 -4.534464e-06 -4.962661e-06 1.713526e-06 	 -6.473462e-07 5.170733e-07 -1.865163e-06 	 -5.181810e-06 -4.445588e-06 -1.516370e-07 	 544
11.750000 	 6.233100e-06 -9.475339e-06 -3.207965e-06 	 1.980494e-06 -3.934123e-06 3.060737e-07 	 8.213594e-06 -1.340946e-05 -2.901891e-06 	 31
12.250000 	 0.000000e+00 0.000000e+00 0.000000e+00 	 0.000000e+00 0.000000e+00 0.000000e+00 	 0.000000e+00 0.000000e+00 0.000000e+00 	 0
12.750000 	 0.000000e+00 0.000000e+00 0.000000e+00 	 0.000000e+00 0.000000e+00 0.000000e+00 	 0.000000e+00 0.000000e+00 0.000000e+00 	 0
13.250000 	 0.000000e+00 0.000000e+00 0.000000e+00 	 0.000000e+00 0.000000e+00 0.000000e+00 	 0.000000e+00 0.000000e+00 0.000000e+00 	 0
13.750000 	 0.000000e+00 0.000000e+00 0.000000e+00 	 0.000000e+00 0.000000e+00 0.000000e+00 	 0.000000e+00 0.000000e+00 0.000000e+00 	 0
14.250000 	 0.000000e+00 0.000000e+00 0.000000e+00 	 0.000000e+00 0.000000e+00 0.000000e+00 	 0.000000e+00 0.000000e+00 0.000000e+00 	 0
14.750000 	 0.000000e+00 0.000000e+00 0.000000e+00 	 0.000000e+00 0.000000e+00 0.000000e+00 	 0.000000e+00 0.000000e+00 0.000000e+00 	 0
