# 1  2-4    5-7    8-10   11     
# x  dirEF  recEF  sumEF  #Sample
0.250000 	 0.000000e+00 0.000000e+00 0.000000e+00 	 0.000000e+00 0.000000e+00 0.000000e+00 	 0.000000e+00 0.000000e+00 0.000000e+00 	 0
0.750000 	 0.000000e+00 0.000000e+00 0.000000e+00 	 0.000000e+00 0.000000e+00 0.000000e+00 	 0.000000e+00 0.000000e+00 0.000000e+00 	 0
1.250000 	 0.000000e+00 0.000000e+00 0.000000e+00 	 0.000000e+00 0.000000e+00 0.000000e+00 	 0.000000e+00 0.000000e+00 0.000000e+00 	 0
1.750000 	 0.000000e+00 0.000000e+00 0.000000e+00 	 0.000000e+00 0.000000e+00 0.000000e+00 	 0.000000e+00 0.000000e+00 0.000000e+00 	 0
2.250000 	 0.000000e+00 0.000000e+00 0.000000e+00 	 0.000000e+00 0.000000e+00 0.000000e+00 	 0.000000e+00 0.000000e+00 0.000000e+00 	 0
2.750000 	 0.000000e+00 0.000000e+00 0.000000e+00 	 0.000000e+00 0.000000e+00 0.000000e+00 	 0.000000e+00 0.000000e+00 0.000000e+00 	 0
3.250000 	 5.033586e-06 -5.556073e-06 -4.508297e-06 	 4.452156e-06 -7.836962e-06 -1.439232e-05 	 9.485742e-06 -1.339303e-05 -1.890061e-05 	 26
3.750000 	 3.019001e-06 3.927202e-06 1.128997e-06 	 6.842043e-06 3.196550e-06 5.377710e-06 	 9.861045e-06 7.123753e-06 6.506707e-06 	 550
4.250000 	 -7.122917e-07 -1.991126e-06 -1.958866e-06 	 -1.157182e-06 1.041627e-06 3.106908e-06 	 -1.869474e-06 -9.494994e-07 1.148042e-06 	 889
4.750000 	 -1.083893e-06 1.213153e-06 2.221716e-07 	 3.237038e-06 -1.689567e-06 2.768637e-06 	 2.153145e-06 -4.764134e-07 2.990809e-06 	 923
5.250000 	 -3.462312e-08 4.511080e-06 2.074951e-06 	 1.281494e-06 4.540845e-07 -3.488618e-07 	 1.246871e-06 4.965164e-06 1.726089e-06 	 913
5.750000 	 -3.826994e-06 -3.759988e-06 1.014758e-06 	 1.383803e-06 -1.894570e-06 2.173020e-07 	 -2.443191e-06 -5.654557e-06 1.232060e-06 	 910
6.250000 	 -1.573335e-06 3.193387e-06 -1.144262e-06 	 -2.806389e-06 2.022248e-06 -1.022504e-06 	 -4.379724e-06 5.215635e-06 -2.166766e-06 	 897
6.750000 	 1.529926e-06 3.747053e-06 -7.925084e-07 	 1.449849e-06 9.292981e-07 -1.651571e-06 	 2.979774e-06 4.676351e-06 -2.444080e-06 	 921
7.250000 	 -5.278245e-07 -3.825447e-07 1.324003e-06 	 2.393096e-06 -1.451082e-06 1.242228e-06 	 1.865271e-06 -1.833627e-06 2.566230e-06 	 908
7.750000 	 -1.462276e-06 1.081882e-06 -2.294466e-06 	 2.548143e-06 7.287235e-07 -3.243285e-06 	 1.085867e-06 1.810605e-06 -5.537751e-06 	 897
8.250000 	 -3.720891e-06 3.008007e-07 3.169254e-07 	 -2.591626e-07 2.969992e-06 2.241969e-06 	 -3.980053e-06 3.270793e-06 2.558894e-06 	 901
8.750000 	 6.568258e-07 -4.737495e-06 1.189647e-06 	 -5.543106e-07 -4.814619e-07 -4.355458e-08 	 1.025152e-07 -5.218957e-06 1.146093e-06 	 913
9.250000 	 3.430434e-06 -5.767314e-07 7.505998e-08 	 -1.717114e-06 2.579958e-06 4.073017e-07 	 1.713320e-06 2.003227e-06 4.823616e-07 	 908
9.750000 	 2.105705e-06 3.990624e-06 -4.900787e-07 	 -8.151681e-07 1.442900e-06 -1.259864e-06 	 1.290537e-06 5.433524e-06 -1.749942e-06 	 891
10.250000 	 1.147854e-06 1.160145e-06 -8.149360e-07 	 -2.813203e-06 2.795470e-06 -2.749764e-06 	 -1.665349e-06 3.955615e-06 -3.564700e-06 	 922
10.750000 	 -1.812346e-06 4.333323e-06 3.201490e-06 	 -5.354642e-08 1.463913e-06 6.072129e-07 	 -1.865892e-06 5.797236e-06 3.808703e-06 	 884
11.250000 	 2.529350e-07 -4.221939e-07 -3.407658e-06 	 -2.628137e-06 1.826943e-08 -5.127677e-07 	 -2.375202e-06 -4.039245e-07 -3.920425e-06 	 542
11.750000 	 -1.214255e-06 -1.303878e-06 -7.138748e-06 	 -3.114525e-06 -4.801583e-06 1.452380e-05 	 -4.328780e-06 -6.105461e-06 7.385053e-06 	 28
12.250000 	 0.000000e+00 0.000000e+00 0.000000e+00 	 0.000000e+00 0.000000e+00 0.000000e+00 	 0.000000e+00 0.000000e+00 0.000000e+00 	 0
12.750000 	 -2.505697e-06 6.572633e-06 -5.442468e-06 	 3.864205e-05 7.189351e-05 -4.345161e-05 	 3.613636e-05 7.846615e-05 -4.889408e-05 	 1
13.250000 	 0.000000e+00 0.000000e+00 0.000000e+00 	 0.000000e+00 0.000000e+00 0.000000e+00 	 0.000000e+00 0.000000e+00 0.000000e+00 	 0
13.750000 	 0.000000e+00 0.000000e+00 0.000000e+00 	 0.000000e+00 0.000000e+00 0.000000e+00 	 0.000000e+00 0.000000e+00 0.000000e+00 	 0
14.250000 	 0.000000e+00 0.000000e+00 0.000000e+00 	 0.000000e+00 0.000000e+00 0.000000e+00 	 0.000000e+00 0.000000e+00 0.000000e+00 	 0
14.750000 	 0.000000e+00 0.000000e+00 0.000000e+00 	 0.000000e+00 0.000000e+00 0.000000e+00 	 0.000000e+00 0.000000e+00 0.000000e+00 	 0
