# 1  2-4    5-7    8-10   11     
# x  dirEF  recEF  sumEF  #Sample
0.250000 	 0.000000e+00 0.000000e+00 0.000000e+00 	 0.000000e+00 0.000000e+00 0.000000e+00 	 0.000000e+00 0.000000e+00 0.000000e+00 	 0
0.750000 	 0.000000e+00 0.000000e+00 0.000000e+00 	 0.000000e+00 0.000000e+00 0.000000e+00 	 0.000000e+00 0.000000e+00 0.000000e+00 	 0
1.250000 	 0.000000e+00 0.000000e+00 0.000000e+00 	 0.000000e+00 0.000000e+00 0.000000e+00 	 0.000000e+00 0.000000e+00 0.000000e+00 	 0
1.750000 	 0.000000e+00 0.000000e+00 0.000000e+00 	 0.000000e+00 0.000000e+00 0.000000e+00 	 0.000000e+00 0.000000e+00 0.000000e+00 	 0
2.250000 	 0.000000e+00 0.000000e+00 0.000000e+00 	 0.000000e+00 0.000000e+00 0.000000e+00 	 0.000000e+00 0.000000e+00 0.000000e+00 	 0
2.750000 	 0.000000e+00 0.000000e+00 0.000000e+00 	 0.000000e+00 0.000000e+00 0.000000e+00 	 0.000000e+00 0.000000e+00 0.000000e+00 	 0
3.250000 	 1.678155e-05 -2.247695e-06 -1.882418e-05 	 -3.234193e-06 5.390482e-06 -3.346729e-07 	 1.354736e-05 3.142787e-06 -1.915886e-05 	 13
3.750000 	 -1.201371e-06 -2.584118e-06 1.411357e-06 	 1.799094e-08 5.001401e-07 9.567238e-07 	 -1.183380e-06 -2.083978e-06 2.368081e-06 	 576
4.250000 	 7.163211e-07 6.802395e-07 4.164984e-08 	 3.573496e-07 -1.362660e-07 2.532334e-07 	 1.073671e-06 5.439735e-07 2.948833e-07 	 909
4.750000 	 2.640132e-06 6.990728e-07 2.059383e-07 	 -3.192020e-07 8.522589e-07 5.534467e-07 	 2.320930e-06 1.551332e-06 7.593849e-07 	 908
5.250000 	 5.686017e-08 5.838577e-07 -3.055912e-06 	 1.003983e-07 -7.962862e-07 -4.264776e-07 	 1.572584e-07 -2.124285e-07 -3.482389e-06 	 896
5.750000 	 -3.166485e-07 -1.981842e-06 -3.678497e-07 	 3.371001e-07 -8.870948e-07 8.330817e-08 	 2.045157e-08 -2.868936e-06 -2.845415e-07 	 912
6.250000 	 -1.071098e-06 -1.607417e-06 -2.775763e-07 	 1.781655e-07 1.018946e-06 1.715311e-06 	 -8.929328e-07 -5.884719e-07 1.437735e-06 	 903
6.750000 	 1.978109e-06 1.335619e-06 5.443795e-06 	 -1.797502e-07 4.638740e-07 3.805450e-07 	 1.798359e-06 1.799493e-06 5.824340e-06 	 906
7.250000 	 5.169885e-06 -2.764584e-06 -2.978401e-06 	 -5.779860e-09 3.386871e-07 1.694808e-07 	 5.164106e-06 -2.425897e-06 -2.808920e-06 	 891
7.750000 	 2.203294e-06 -2.057834e-06 1.390620e-06 	 -3.680416e-07 -2.038066e-07 1.533424e-07 	 1.835252e-06 -2.261641e-06 1.543962e-06 	 920
8.250000 	 -2.242808e-06 3.525762e-06 -3.793333e-06 	 5.078723e-07 6.839120e-07 -5.767923e-07 	 -1.734936e-06 4.209674e-06 -4.370126e-06 	 911
8.750000 	 4.792710e-07 1.364973e-06 7.943184e-07 	 3.805460e-08 -8.043137e-07 -6.305110e-07 	 5.173256e-07 5.606596e-07 1.638074e-07 	 922
9.250000 	 3.313980e-06 -2.865108e-06 1.395074e-06 	 -2.050713e-07 2.476439e-07 1.688162e-07 	 3.108909e-06 -2.617464e-06 1.563890e-06 	 901
9.750000 	 2.349549e-06 -2.765519e-06 2.833282e-06 	 7.685133e-08 3.389057e-07 3.129668e-07 	 2.426401e-06 -2.426613e-06 3.146249e-06 	 879
10.250000 	 5.221561e-07 -4.741672e-06 8.566700e-07 	 2.064873e-07 -6.117335e-07 -2.188823e-07 	 7.286434e-07 -5.353406e-06 6.377876e-07 	 909
10.750000 	 -6.120993e-06 1.400973e-06 -5.038905e-06 	 -5.287027e-07 -4.663687e-08 -2.917367e-09 	 -6.649696e-06 1.354336e-06 -5.041822e-06 	 894
11.250000 	 -1.026951e-07 1.195668e-06 3.106452e-06 	 -1.166048e-09 -1.534881e-07 4.632668e-07 	 -1.038611e-07 1.042180e-06 3.569719e-06 	 552
11.750000 	 -8.276148e-06 2.722050e-06 -7.502488e-06 	 3.419143e-06 -4.124026e-07 -1.414983e-07 	 -4.857005e-06 2.309647e-06 -7.643986e-06 	 22
12.250000 	 0.000000e+00 0.000000e+00 0.000000e+00 	 0.000000e+00 0.000000e+00 0.000000e+00 	 0.000000e+00 0.000000e+00 0.000000e+00 	 0
12.750000 	 0.000000e+00 0.000000e+00 0.000000e+00 	 0.000000e+00 0.000000e+00 0.000000e+00 	 0.000000e+00 0.000000e+00 0.000000e+00 	 0
13.250000 	 0.000000e+00 0.000000e+00 0.000000e+00 	 0.000000e+00 0.000000e+00 0.000000e+00 	 0.000000e+00 0.000000e+00 0.000000e+00 	 0
13.750000 	 0.000000e+00 0.000000e+00 0.000000e+00 	 0.000000e+00 0.000000e+00 0.000000e+00 	 0.000000e+00 0.000000e+00 0.000000e+00 	 0
14.250000 	 0.000000e+00 0.000000e+00 0.000000e+00 	 0.000000e+00 0.000000e+00 0.000000e+00 	 0.000000e+00 0.000000e+00 0.000000e+00 	 0
14.750000 	 0.000000e+00 0.000000e+00 0.000000e+00 	 0.000000e+00 0.000000e+00 0.000000e+00 	 0.000000e+00 0.000000e+00 0.000000e+00 	 0
