# 1  2-4    5-7    8-10   11     
# x  dirEF  recEF  sumEF  #Sample
0.250000 	 0.000000e+00 0.000000e+00 0.000000e+00 	 0.000000e+00 0.000000e+00 0.000000e+00 	 0.000000e+00 0.000000e+00 0.000000e+00 	 0
0.750000 	 0.000000e+00 0.000000e+00 0.000000e+00 	 0.000000e+00 0.000000e+00 0.000000e+00 	 0.000000e+00 0.000000e+00 0.000000e+00 	 0
1.250000 	 0.000000e+00 0.000000e+00 0.000000e+00 	 0.000000e+00 0.000000e+00 0.000000e+00 	 0.000000e+00 0.000000e+00 0.000000e+00 	 0
1.750000 	 0.000000e+00 0.000000e+00 0.000000e+00 	 0.000000e+00 0.000000e+00 0.000000e+00 	 0.000000e+00 0.000000e+00 0.000000e+00 	 0
2.250000 	 0.000000e+00 0.000000e+00 0.000000e+00 	 0.000000e+00 0.000000e+00 0.000000e+00 	 0.000000e+00 0.000000e+00 0.000000e+00 	 0
2.750000 	 0.000000e+00 0.000000e+00 0.000000e+00 	 0.000000e+00 0.000000e+00 0.000000e+00 	 0.000000e+00 0.000000e+00 0.000000e+00 	 0
3.250000 	 -1.127716e-05 1.109061e-05 1.242373e-05 	 -4.356218e-06 1.362868e-06 2.002321e-06 	 -1.563338e-05 1.245348e-05 1.442605e-05 	 23
3.750000 	 9.199485e-07 1.148282e-06 -5.114690e-07 	 -4.944217e-07 -1.054421e-07 -3.676250e-07 	 4.255268e-07 1.042840e-06 -8.790941e-07 	 592
4.250000 	 -3.751587e-08 1.077993e-06 4.641798e-06 	 5.495293e-07 2.195396e-07 -1.581269e-07 	 5.120135e-07 1.297532e-06 4.483671e-06 	 886
4.750000 	 2.710400e-06 1.890640e-06 -3.931428e-07 	 -2.214429e-06 4.964947e-07 6.809894e-07 	 4.959719e-07 2.387135e-06 2.878466e-07 	 892
5.250000 	 -4.840686e-06 -1.905815e-06 -5.285549e-07 	 1.745056e-06 -1.118138e-06 2.467394e-08 	 -3.095630e-06 -3.023953e-06 -5.038809e-07 	 897
5.750000 	 -1.299992e-07 -4.499370e-07 9.890269e-07 	 1.748495e-07 -7.600610e-08 1.023737e-07 	 4.485030e-08 -5.259431e-07 1.091401e-06 	 914
6.250000 	 2.957711e-06 3.042061e-06 9.929905e-07 	 -1.819252e-06 5.852181e-08 1.081603e-07 	 1.138459e-06 3.100583e-06 1.101151e-06 	 901
6.750000 	 2.847167e-06 6.568440e-07 -2.594583e-06 	 3.163627e-06 -4.712727e-07 -7.145780e-09 	 6.010794e-06 1.855712e-07 -2.601729e-06 	 921
7.250000 	 -3.065681e-06 -1.009622e-06 7.915061e-07 	 -2.428527e-06 3.306863e-07 2.786536e-07 	 -5.494207e-06 -6.789360e-07 1.070160e-06 	 902
7.750000 	 2.695745e-06 4.892590e-06 -2.303941e-07 	 1.141198e-06 4.834050e-07 -2.436427e-07 	 3.836943e-06 5.375995e-06 -4.740368e-07 	 903
8.250000 	 -4.841026e-07 5.457012e-07 4.177237e-06 	 -4.942456e-06 -9.400359e-07 -8.546601e-08 	 -5.426558e-06 -3.943347e-07 4.091771e-06 	 934
8.750000 	 -2.055904e-06 2.963976e-07 6.326336e-07 	 5.233474e-06 -2.103931e-07 1.133873e-06 	 3.177570e-06 8.600450e-08 1.766507e-06 	 891
9.250000 	 1.009943e-06 -7.994681e-07 -3.904043e-06 	 -5.033342e-06 5.858435e-07 -7.779713e-07 	 -4.023398e-06 -2.136246e-07 -4.682014e-06 	 905
9.750000 	 8.126702e-08 3.180926e-06 -3.949573e-06 	 3.388754e-06 3.972580e-07 1.741889e-06 	 3.470021e-06 3.578184e-06 -2.207683e-06 	 897
10.250000 	 -7.512263e-07 -6.770081e-07 2.759885e-06 	 -5.836355e-07 -4.097085e-07 4.994319e-07 	 -1.334862e-06 -1.086717e-06 3.259317e-06 	 920
10.750000 	 2.893671e-07 5.802118e-07 1.021311e-06 	 -1.133646e-07 1.819048e-07 -3.278199e-07 	 1.760025e-07 7.621166e-07 6.934916e-07 	 862
11.250000 	 6.173141e-07 -1.670798e-06 1.859663e-06 	 -1.925650e-06 5.126952e-07 1.361204e-07 	 -1.308336e-06 -1.158103e-06 1.995784e-06 	 553
11.750000 	 -1.821646e-06 -3.328456e-07 -1.238143e-05 	 2.423832e-06 -3.357952e-06 -4.006497e-06 	 6.021863e-07 -3.690798e-06 -1.638793e-05 	 31
12.250000 	 0.000000e+00 0.000000e+00 0.000000e+00 	 0.000000e+00 0.000000e+00 0.000000e+00 	 0.000000e+00 0.000000e+00 0.000000e+00 	 0
12.750000 	 0.000000e+00 0.000000e+00 0.000000e+00 	 0.000000e+00 0.000000e+00 0.000000e+00 	 0.000000e+00 0.000000e+00 0.000000e+00 	 0
13.250000 	 0.000000e+00 0.000000e+00 0.000000e+00 	 0.000000e+00 0.000000e+00 0.000000e+00 	 0.000000e+00 0.000000e+00 0.000000e+00 	 0
13.750000 	 0.000000e+00 0.000000e+00 0.000000e+00 	 0.000000e+00 0.000000e+00 0.000000e+00 	 0.000000e+00 0.000000e+00 0.000000e+00 	 0
14.250000 	 0.000000e+00 0.000000e+00 0.000000e+00 	 0.000000e+00 0.000000e+00 0.000000e+00 	 0.000000e+00 0.000000e+00 0.000000e+00 	 0
14.750000 	 0.000000e+00 0.000000e+00 0.000000e+00 	 0.000000e+00 0.000000e+00 0.000000e+00 	 0.000000e+00 0.000000e+00 0.000000e+00 	 0
