# 1  2-4    5-7    8-10   11     
# x  dirEF  recEF  sumEF  #Sample
0.250000 	 0.000000e+00 0.000000e+00 0.000000e+00 	 0.000000e+00 0.000000e+00 0.000000e+00 	 0.000000e+00 0.000000e+00 0.000000e+00 	 0
0.750000 	 0.000000e+00 0.000000e+00 0.000000e+00 	 0.000000e+00 0.000000e+00 0.000000e+00 	 0.000000e+00 0.000000e+00 0.000000e+00 	 0
1.250000 	 0.000000e+00 0.000000e+00 0.000000e+00 	 0.000000e+00 0.000000e+00 0.000000e+00 	 0.000000e+00 0.000000e+00 0.000000e+00 	 0
1.750000 	 9.577406e-11 1.051603e-11 1.948308e-11 	 1.270768e-06 -1.561473e-06 2.290035e-07 	 1.270864e-06 -1.561462e-06 2.290230e-07 	 1
2.250000 	 0.000000e+00 0.000000e+00 0.000000e+00 	 0.000000e+00 0.000000e+00 0.000000e+00 	 0.000000e+00 0.000000e+00 0.000000e+00 	 0
2.750000 	 0.000000e+00 0.000000e+00 0.000000e+00 	 0.000000e+00 0.000000e+00 0.000000e+00 	 0.000000e+00 0.000000e+00 0.000000e+00 	 0
3.250000 	 6.258552e-06 -1.004314e-05 -1.359980e-05 	 2.424336e-07 -2.082763e-06 -9.795682e-08 	 6.500986e-06 -1.212590e-05 -1.369775e-05 	 34
3.750000 	 -3.941261e-07 -5.124437e-06 1.073178e-06 	 5.721865e-07 -7.033654e-07 2.693575e-07 	 1.780604e-07 -5.827803e-06 1.342535e-06 	 566
4.250000 	 5.382973e-07 -2.315360e-06 -8.825206e-07 	 -1.693466e-07 -7.195613e-07 -6.285128e-07 	 3.689507e-07 -3.034921e-06 -1.511033e-06 	 899
4.750000 	 5.637341e-07 2.717943e-06 -3.901005e-07 	 4.672904e-08 -1.285784e-07 -2.224068e-07 	 6.104632e-07 2.589365e-06 -6.125073e-07 	 912
5.250000 	 -1.689665e-06 3.753133e-07 -2.415652e-06 	 1.328798e-07 3.303173e-08 -8.088772e-07 	 -1.556785e-06 4.083450e-07 -3.224529e-06 	 904
5.750000 	 1.585427e-06 -3.549093e-06 6.563021e-07 	 4.077636e-07 1.013881e-06 -2.312980e-07 	 1.993191e-06 -2.535212e-06 4.250041e-07 	 884
6.250000 	 4.687663e-06 -2.412251e-06 1.672173e-06 	 1.930668e-08 3.425626e-08 9.096770e-07 	 4.706970e-06 -2.377995e-06 2.581850e-06 	 892
6.750000 	 5.291679e-07 -8.102422e-07 -6.066598e-07 	 -1.205525e-07 7.685510e-07 -5.592551e-07 	 4.086154e-07 -4.169117e-08 -1.165915e-06 	 923
7.250000 	 -4.641055e-06 3.091882e-07 -5.538193e-07 	 -9.426005e-08 7.287163e-08 -3.179879e-07 	 -4.735315e-06 3.820599e-07 -8.718072e-07 	 905
7.750000 	 -3.889172e-07 -6.344851e-08 1.004725e-06 	 3.028428e-07 -1.249723e-07 6.858634e-07 	 -8.607438e-08 -1.884208e-07 1.690589e-06 	 898
8.250000 	 2.096001e-06 8.140542e-07 2.273824e-06 	 -2.008386e-07 -4.264478e-07 -2.010327e-07 	 1.895162e-06 3.876064e-07 2.072791e-06 	 919
8.750000 	 5.553793e-07 -2.079994e-06 -3.968896e-06 	 -7.928591e-08 1.579880e-07 7.260786e-07 	 4.760934e-07 -1.922006e-06 -3.242817e-06 	 908
9.250000 	 -2.651845e-06 -2.635670e-06 -2.707195e-06 	 9.727553e-08 7.311947e-07 -7.623057e-07 	 -2.554569e-06 -1.904476e-06 -3.469500e-06 	 922
9.750000 	 3.736866e-06 -9.035341e-07 4.729460e-07 	 -2.790431e-07 -7.332207e-07 -9.596105e-07 	 3.457823e-06 -1.636755e-06 -4.866645e-07 	 902
10.250000 	 1.582393e-06 8.787063e-07 8.932873e-08 	 -2.870768e-08 -3.961163e-07 -5.044372e-07 	 1.553685e-06 4.825900e-07 -4.151085e-07 	 894
10.750000 	 1.410244e-07 -3.070193e-06 -1.330272e-06 	 -3.952164e-07 7.604858e-07 -7.819130e-07 	 -2.541921e-07 -2.309707e-06 -2.112185e-06 	 904
11.250000 	 4.514270e-06 1.275288e-06 5.783897e-06 	 -4.160322e-07 -6.660498e-07 -4.210374e-07 	 4.098238e-06 6.092386e-07 5.362859e-06 	 534
11.750000 	 -1.027303e-05 3.198746e-06 -1.194936e-05 	 -3.586294e-07 -2.405600e-06 -3.519292e-06 	 -1.063166e-05 7.931461e-07 -1.546866e-05 	 22
12.250000 	 0.000000e+00 0.000000e+00 0.000000e+00 	 0.000000e+00 0.000000e+00 0.000000e+00 	 0.000000e+00 0.000000e+00 0.000000e+00 	 0
12.750000 	 0.000000e+00 0.000000e+00 0.000000e+00 	 0.000000e+00 0.000000e+00 0.000000e+00 	 0.000000e+00 0.000000e+00 0.000000e+00 	 0
13.250000 	 0.000000e+00 0.000000e+00 0.000000e+00 	 0.000000e+00 0.000000e+00 0.000000e+00 	 0.000000e+00 0.000000e+00 0.000000e+00 	 0
13.750000 	 0.000000e+00 0.000000e+00 0.000000e+00 	 -2.207261e-07 1.173568e-06 1.175002e-06 	 -2.207261e-07 1.173568e-06 1.175002e-06 	 1
14.250000 	 0.000000e+00 0.000000e+00 0.000000e+00 	 0.000000e+00 0.000000e+00 0.000000e+00 	 0.000000e+00 0.000000e+00 0.000000e+00 	 0
14.750000 	 0.000000e+00 0.000000e+00 0.000000e+00 	 0.000000e+00 0.000000e+00 0.000000e+00 	 0.000000e+00 0.000000e+00 0.000000e+00 	 0
