# 1  2-4    5-7    8-10   11     
# x  dirEF  recEF  sumEF  #Sample
0.250000 	 0.000000e+00 0.000000e+00 0.000000e+00 	 0.000000e+00 0.000000e+00 0.000000e+00 	 0.000000e+00 0.000000e+00 0.000000e+00 	 0
0.750000 	 0.000000e+00 0.000000e+00 0.000000e+00 	 0.000000e+00 0.000000e+00 0.000000e+00 	 0.000000e+00 0.000000e+00 0.000000e+00 	 0
1.250000 	 0.000000e+00 0.000000e+00 0.000000e+00 	 0.000000e+00 0.000000e+00 0.000000e+00 	 0.000000e+00 0.000000e+00 0.000000e+00 	 0
1.750000 	 0.000000e+00 0.000000e+00 0.000000e+00 	 0.000000e+00 0.000000e+00 0.000000e+00 	 0.000000e+00 0.000000e+00 0.000000e+00 	 0
2.250000 	 0.000000e+00 0.000000e+00 0.000000e+00 	 0.000000e+00 0.000000e+00 0.000000e+00 	 0.000000e+00 0.000000e+00 0.000000e+00 	 0
2.750000 	 0.000000e+00 0.000000e+00 0.000000e+00 	 0.000000e+00 0.000000e+00 0.000000e+00 	 0.000000e+00 0.000000e+00 0.000000e+00 	 0
3.250000 	 -4.396715e-07 1.084924e-06 8.132157e-06 	 1.822411e-05 2.994152e-06 9.654564e-06 	 1.778444e-05 4.079076e-06 1.778672e-05 	 18
3.750000 	 -4.353266e-06 -1.191299e-07 2.554424e-06 	 3.327081e-06 -1.476151e-06 2.479237e-06 	 -1.026185e-06 -1.595281e-06 5.033662e-06 	 581
4.250000 	 -2.798329e-06 4.140361e-06 -2.783978e-06 	 -4.543581e-06 9.568346e-07 -2.032525e-06 	 -7.341910e-06 5.097195e-06 -4.816504e-06 	 891
4.750000 	 2.465253e-06 -4.598183e-06 8.133828e-08 	 2.589850e-06 -4.098250e-07 2.046818e-07 	 5.055103e-06 -5.008008e-06 2.860200e-07 	 906
5.250000 	 4.690420e-06 -1.148682e-06 2.432414e-06 	 -2.542925e-06 -2.240886e-06 -9.488047e-07 	 2.147494e-06 -3.389569e-06 1.483609e-06 	 912
5.750000 	 -1.604992e-06 -5.700987e-08 9.276834e-07 	 1.889088e-06 4.256432e-07 4.368545e-06 	 2.840966e-07 3.686334e-07 5.296229e-06 	 902
6.250000 	 3.899596e-07 -7.103791e-07 -1.410027e-06 	 1.408208e-07 -3.031399e-06 -1.773451e-07 	 5.307804e-07 -3.741778e-06 -1.587372e-06 	 894
6.750000 	 -3.206637e-06 3.997360e-07 -1.475054e-06 	 8.204296e-07 -8.226524e-07 -6.333252e-08 	 -2.386208e-06 -4.229165e-07 -1.538386e-06 	 922
7.250000 	 2.209171e-06 -6.261691e-07 7.908862e-07 	 -1.458809e-06 4.579037e-06 -8.435552e-07 	 7.503622e-07 3.952868e-06 -5.266891e-08 	 899
7.750000 	 3.165500e-06 -7.520196e-07 3.387551e-06 	 -7.773621e-07 -1.791784e-06 1.553269e-06 	 2.388138e-06 -2.543804e-06 4.940820e-06 	 907
8.250000 	 -2.742957e-07 1.975452e-06 -4.329087e-07 	 -4.156435e-07 2.738657e-07 5.402497e-07 	 -6.899392e-07 2.249318e-06 1.073410e-07 	 894
8.750000 	 -1.392938e-06 -3.765523e-06 -1.544100e-06 	 4.460364e-07 -4.742997e-07 9.962724e-07 	 -9.469013e-07 -4.239823e-06 -5.478278e-07 	 923
9.250000 	 -8.916916e-07 1.919764e-06 2.028592e-07 	 -4.805598e-06 1.904546e-06 3.372446e-06 	 -5.697290e-06 3.824311e-06 3.575305e-06 	 898
9.750000 	 3.462261e-06 8.808653e-07 1.579275e-06 	 2.310047e-06 -2.046892e-06 -2.128018e-06 	 5.772309e-06 -1.166026e-06 -5.487435e-07 	 885
10.250000 	 -6.418269e-07 -2.779439e-06 8.843212e-07 	 -2.594428e-06 9.927961e-07 2.721529e-06 	 -3.236255e-06 -1.786643e-06 3.605851e-06 	 931
10.750000 	 1.694973e-06 -2.467159e-06 2.574857e-06 	 5.728930e-07 -6.752190e-07 1.049625e-06 	 2.267866e-06 -3.142378e-06 3.624482e-06 	 903
11.250000 	 1.257594e-06 -4.438349e-07 -1.929044e-06 	 1.240573e-06 -3.766474e-06 4.012800e-06 	 2.498167e-06 -4.210309e-06 2.083756e-06 	 538
11.750000 	 2.580969e-05 -3.067519e-07 2.281786e-06 	 -9.054441e-06 -1.498339e-06 1.637483e-07 	 1.675525e-05 -1.805091e-06 2.445534e-06 	 20
12.250000 	 0.000000e+00 0.000000e+00 0.000000e+00 	 0.000000e+00 0.000000e+00 0.000000e+00 	 0.000000e+00 0.000000e+00 0.000000e+00 	 0
12.750000 	 0.000000e+00 0.000000e+00 0.000000e+00 	 0.000000e+00 0.000000e+00 0.000000e+00 	 0.000000e+00 0.000000e+00 0.000000e+00 	 0
13.250000 	 0.000000e+00 0.000000e+00 0.000000e+00 	 0.000000e+00 0.000000e+00 0.000000e+00 	 0.000000e+00 0.000000e+00 0.000000e+00 	 0
13.750000 	 0.000000e+00 0.000000e+00 0.000000e+00 	 0.000000e+00 0.000000e+00 0.000000e+00 	 0.000000e+00 0.000000e+00 0.000000e+00 	 0
14.250000 	 0.000000e+00 0.000000e+00 0.000000e+00 	 0.000000e+00 0.000000e+00 0.000000e+00 	 0.000000e+00 0.000000e+00 0.000000e+00 	 0
14.750000 	 0.000000e+00 0.000000e+00 0.000000e+00 	 0.000000e+00 0.000000e+00 0.000000e+00 	 0.000000e+00 0.000000e+00 0.000000e+00 	 0
