# 1  2-4    5-7    8-10   11     
# x  dirEF  recEF  sumEF  #Sample
0.250000 	 0.000000e+00 0.000000e+00 0.000000e+00 	 0.000000e+00 0.000000e+00 0.000000e+00 	 0.000000e+00 0.000000e+00 0.000000e+00 	 0
0.750000 	 0.000000e+00 0.000000e+00 0.000000e+00 	 0.000000e+00 0.000000e+00 0.000000e+00 	 0.000000e+00 0.000000e+00 0.000000e+00 	 0
1.250000 	 0.000000e+00 0.000000e+00 0.000000e+00 	 0.000000e+00 0.000000e+00 0.000000e+00 	 0.000000e+00 0.000000e+00 0.000000e+00 	 0
1.750000 	 0.000000e+00 0.000000e+00 0.000000e+00 	 0.000000e+00 0.000000e+00 0.000000e+00 	 0.000000e+00 0.000000e+00 0.000000e+00 	 0
2.250000 	 0.000000e+00 0.000000e+00 0.000000e+00 	 0.000000e+00 0.000000e+00 0.000000e+00 	 0.000000e+00 0.000000e+00 0.000000e+00 	 0
2.750000 	 0.000000e+00 0.000000e+00 0.000000e+00 	 0.000000e+00 0.000000e+00 0.000000e+00 	 0.000000e+00 0.000000e+00 0.000000e+00 	 0
3.250000 	 3.816092e-06 8.317442e-06 7.399708e-06 	 -2.236695e-06 -1.788390e-06 -8.881846e-07 	 1.579397e-06 6.529052e-06 6.511524e-06 	 25
3.750000 	 3.537477e-07 -4.674339e-06 -3.211092e-06 	 2.188211e-07 -1.658966e-06 -3.566766e-07 	 5.725688e-07 -6.333305e-06 -3.567768e-06 	 575
4.250000 	 -3.123094e-06 -5.779057e-07 -1.205546e-06 	 2.346367e-07 -1.648492e-07 5.967381e-07 	 -2.888457e-06 -7.427549e-07 -6.088079e-07 	 900
4.750000 	 -1.313972e-07 6.238744e-07 2.958097e-06 	 7.028760e-08 8.163294e-07 4.240996e-07 	 -6.110963e-08 1.440204e-06 3.382197e-06 	 893
5.250000 	 -2.259839e-06 1.256100e-06 -3.682268e-06 	 -2.753301e-07 8.803167e-08 -6.149290e-08 	 -2.535169e-06 1.344132e-06 -3.743761e-06 	 916
5.750000 	 -2.682046e-06 4.915354e-06 -2.857412e-06 	 2.538223e-07 7.088816e-07 -2.536790e-07 	 -2.428224e-06 5.624235e-06 -3.111091e-06 	 887
6.250000 	 4.966368e-06 2.607878e-06 1.417228e-06 	 -3.607296e-07 1.002320e-06 -8.538949e-09 	 4.605639e-06 3.610198e-06 1.408689e-06 	 910
6.750000 	 5.075312e-07 2.931593e-06 -1.282024e-06 	 1.607556e-07 2.478794e-07 -2.166090e-07 	 6.682868e-07 3.179473e-06 -1.498633e-06 	 898
7.250000 	 6.510413e-07 -1.256354e-06 5.238798e-08 	 -1.839730e-07 -3.671142e-07 1.048423e-06 	 4.670683e-07 -1.623469e-06 1.100810e-06 	 920
7.750000 	 -3.642364e-06 -1.538401e-06 1.756287e-06 	 -2.793274e-07 -2.548910e-08 3.317731e-07 	 -3.921692e-06 -1.563890e-06 2.088060e-06 	 910
8.250000 	 1.295355e-06 -1.129084e-06 2.504323e-06 	 1.475383e-07 -1.814909e-07 1.585386e-07 	 1.442894e-06 -1.310574e-06 2.662862e-06 	 916
8.750000 	 2.159083e-06 -2.387524e-06 7.778053e-07 	 3.287349e-07 7.332764e-07 6.687735e-07 	 2.487818e-06 -1.654248e-06 1.446579e-06 	 902
9.250000 	 -6.860388e-06 1.492395e-06 3.781915e-07 	 -3.856278e-07 2.328828e-07 5.119185e-07 	 -7.246016e-06 1.725278e-06 8.901100e-07 	 916
9.750000 	 -2.817930e-06 6.236867e-07 1.266580e-06 	 2.760332e-07 -1.625508e-07 -1.578899e-07 	 -2.541897e-06 4.611359e-07 1.108690e-06 	 885
10.250000 	 3.021416e-06 1.299415e-06 5.068663e-07 	 -7.532871e-08 -5.471703e-08 4.470603e-08 	 2.946087e-06 1.244698e-06 5.515723e-07 	 903
10.750000 	 3.279373e-06 -1.730169e-06 1.068784e-06 	 -3.794297e-07 2.945907e-07 3.175230e-07 	 2.899944e-06 -1.435579e-06 1.386307e-06 	 913
11.250000 	 -5.726284e-06 6.666785e-07 -8.080901e-07 	 -4.450041e-07 8.956519e-07 4.649547e-07 	 -6.171288e-06 1.562330e-06 -3.431354e-07 	 541
11.750000 	 1.770894e-05 -9.344641e-06 -7.426573e-06 	 1.186291e-06 1.577294e-06 3.120679e-06 	 1.889523e-05 -7.767347e-06 -4.305894e-06 	 14
12.250000 	 0.000000e+00 0.000000e+00 0.000000e+00 	 0.000000e+00 0.000000e+00 0.000000e+00 	 0.000000e+00 0.000000e+00 0.000000e+00 	 0
12.750000 	 0.000000e+00 0.000000e+00 0.000000e+00 	 0.000000e+00 0.000000e+00 0.000000e+00 	 0.000000e+00 0.000000e+00 0.000000e+00 	 0
13.250000 	 0.000000e+00 0.000000e+00 0.000000e+00 	 0.000000e+00 0.000000e+00 0.000000e+00 	 0.000000e+00 0.000000e+00 0.000000e+00 	 0
13.750000 	 0.000000e+00 0.000000e+00 0.000000e+00 	 0.000000e+00 0.000000e+00 0.000000e+00 	 0.000000e+00 0.000000e+00 0.000000e+00 	 0
14.250000 	 0.000000e+00 0.000000e+00 0.000000e+00 	 0.000000e+00 0.000000e+00 0.000000e+00 	 0.000000e+00 0.000000e+00 0.000000e+00 	 0
14.750000 	 0.000000e+00 0.000000e+00 0.000000e+00 	 0.000000e+00 0.000000e+00 0.000000e+00 	 0.000000e+00 0.000000e+00 0.000000e+00 	 0
