# 1  2-4    5-7    8-10   11     
# x  dirEF  recEF  sumEF  #Sample
0.250000 	 0.000000e+00 0.000000e+00 0.000000e+00 	 0.000000e+00 0.000000e+00 0.000000e+00 	 0.000000e+00 0.000000e+00 0.000000e+00 	 0
0.750000 	 0.000000e+00 0.000000e+00 0.000000e+00 	 0.000000e+00 0.000000e+00 0.000000e+00 	 0.000000e+00 0.000000e+00 0.000000e+00 	 0
1.250000 	 0.000000e+00 0.000000e+00 0.000000e+00 	 0.000000e+00 0.000000e+00 0.000000e+00 	 0.000000e+00 0.000000e+00 0.000000e+00 	 0
1.750000 	 0.000000e+00 0.000000e+00 0.000000e+00 	 0.000000e+00 0.000000e+00 0.000000e+00 	 0.000000e+00 0.000000e+00 0.000000e+00 	 0
2.250000 	 0.000000e+00 0.000000e+00 0.000000e+00 	 0.000000e+00 0.000000e+00 0.000000e+00 	 0.000000e+00 0.000000e+00 0.000000e+00 	 0
2.750000 	 0.000000e+00 0.000000e+00 0.000000e+00 	 0.000000e+00 0.000000e+00 0.000000e+00 	 0.000000e+00 0.000000e+00 0.000000e+00 	 0
3.250000 	 -1.067616e-05 -1.633363e-05 9.107242e-06 	 -3.494798e-06 -1.178928e-06 -7.547009e-08 	 -1.417096e-05 -1.751256e-05 9.031772e-06 	 26
3.750000 	 -2.646013e-06 -1.747461e-07 4.436995e-06 	 9.302541e-07 8.468213e-10 7.793931e-08 	 -1.715759e-06 -1.738993e-07 4.514935e-06 	 559
4.250000 	 -2.229335e-06 3.595394e-07 -3.426438e-06 	 3.285142e-07 -1.101332e-07 -1.701823e-08 	 -1.900821e-06 2.494062e-07 -3.443456e-06 	 899
4.750000 	 1.797241e-06 -2.869629e-06 -8.633040e-07 	 -3.029258e-07 -1.970333e-11 -6.558289e-08 	 1.494315e-06 -2.869648e-06 -9.288869e-07 	 927
5.250000 	 5.620711e-07 -4.158754e-07 1.371125e-06 	 -2.585500e-07 7.584630e-09 5.034272e-08 	 3.035211e-07 -4.082907e-07 1.421468e-06 	 901
5.750000 	 -2.914857e-06 5.600041e-06 1.815326e-06 	 3.082155e-07 -8.479469e-09 -4.257625e-08 	 -2.606642e-06 5.591561e-06 1.772750e-06 	 902
6.250000 	 2.083481e-06 4.868553e-08 -1.800606e-08 	 -9.799585e-08 -7.585290e-08 2.064990e-08 	 1.985485e-06 -2.716737e-08 2.643843e-09 	 905
6.750000 	 -1.407615e-07 -7.910755e-07 -2.846944e-06 	 2.215925e-08 -4.750356e-08 -1.345895e-07 	 -1.186023e-07 -8.385791e-07 -2.981534e-06 	 915
7.250000 	 -5.207692e-07 -5.178439e-07 2.466829e-06 	 1.143092e-07 7.763266e-08 2.101539e-08 	 -4.064600e-07 -4.402113e-07 2.487844e-06 	 898
7.750000 	 5.568558e-08 -8.826664e-07 -2.327711e-06 	 2.022464e-07 -5.592732e-08 -1.356092e-07 	 2.579320e-07 -9.385938e-07 -2.463320e-06 	 883
8.250000 	 -1.562136e-06 1.325496e-06 -2.935804e-06 	 -2.670447e-07 1.033340e-07 8.314806e-08 	 -1.829181e-06 1.428830e-06 -2.852656e-06 	 912
8.750000 	 3.076472e-06 1.805391e-06 -7.708180e-07 	 9.763636e-08 -9.177348e-08 -2.781882e-08 	 3.174108e-06 1.713618e-06 -7.986368e-07 	 910
9.250000 	 -1.211752e-06 3.359436e-06 9.961506e-07 	 1.890104e-07 1.475951e-07 -2.302612e-08 	 -1.022741e-06 3.507031e-06 9.731245e-07 	 925
9.750000 	 7.334649e-07 -1.153135e-06 -1.412099e-06 	 -3.211546e-07 8.903359e-08 8.182918e-09 	 4.123103e-07 -1.064102e-06 -1.403916e-06 	 899
10.250000 	 -4.052509e-06 5.491686e-08 3.497276e-07 	 -2.562490e-07 -8.514396e-08 -1.312096e-07 	 -4.308758e-06 -3.022710e-08 2.185180e-07 	 907
10.750000 	 2.515268e-06 -5.818838e-07 1.379432e-06 	 3.771007e-07 -4.164556e-09 -7.283661e-08 	 2.892369e-06 -5.860484e-07 1.306596e-06 	 886
11.250000 	 2.857995e-07 2.252576e-06 -3.553478e-08 	 -9.211093e-07 -1.447965e-07 -2.797376e-08 	 -6.353098e-07 2.107780e-06 -6.350854e-08 	 551
11.750000 	 6.638212e-06 -1.500223e-05 -9.742012e-06 	 1.721849e-06 1.302043e-06 7.440744e-08 	 8.360061e-06 -1.370019e-05 -9.667605e-06 	 19
12.250000 	 0.000000e+00 0.000000e+00 0.000000e+00 	 0.000000e+00 0.000000e+00 0.000000e+00 	 0.000000e+00 0.000000e+00 0.000000e+00 	 0
12.750000 	 0.000000e+00 0.000000e+00 0.000000e+00 	 0.000000e+00 0.000000e+00 0.000000e+00 	 0.000000e+00 0.000000e+00 0.000000e+00 	 0
13.250000 	 0.000000e+00 0.000000e+00 0.000000e+00 	 0.000000e+00 0.000000e+00 0.000000e+00 	 0.000000e+00 0.000000e+00 0.000000e+00 	 0
13.750000 	 0.000000e+00 0.000000e+00 0.000000e+00 	 0.000000e+00 0.000000e+00 0.000000e+00 	 0.000000e+00 0.000000e+00 0.000000e+00 	 0
14.250000 	 0.000000e+00 0.000000e+00 0.000000e+00 	 0.000000e+00 0.000000e+00 0.000000e+00 	 0.000000e+00 0.000000e+00 0.000000e+00 	 0
14.750000 	 0.000000e+00 0.000000e+00 0.000000e+00 	 0.000000e+00 0.000000e+00 0.000000e+00 	 0.000000e+00 0.000000e+00 0.000000e+00 	 0
