# 1  2-4    5-7    8-10   11     
# x  dirEF  recEF  sumEF  #Sample
0.250000 	 0.000000e+00 0.000000e+00 0.000000e+00 	 0.000000e+00 0.000000e+00 0.000000e+00 	 0.000000e+00 0.000000e+00 0.000000e+00 	 0
0.750000 	 0.000000e+00 0.000000e+00 0.000000e+00 	 0.000000e+00 0.000000e+00 0.000000e+00 	 0.000000e+00 0.000000e+00 0.000000e+00 	 0
1.250000 	 0.000000e+00 0.000000e+00 0.000000e+00 	 0.000000e+00 0.000000e+00 0.000000e+00 	 0.000000e+00 0.000000e+00 0.000000e+00 	 0
1.750000 	 0.000000e+00 0.000000e+00 0.000000e+00 	 0.000000e+00 0.000000e+00 0.000000e+00 	 0.000000e+00 0.000000e+00 0.000000e+00 	 0
2.250000 	 0.000000e+00 0.000000e+00 0.000000e+00 	 0.000000e+00 0.000000e+00 0.000000e+00 	 0.000000e+00 0.000000e+00 0.000000e+00 	 0
2.750000 	 0.000000e+00 0.000000e+00 0.000000e+00 	 0.000000e+00 0.000000e+00 0.000000e+00 	 0.000000e+00 0.000000e+00 0.000000e+00 	 0
3.250000 	 -1.484069e-06 -8.599995e-06 -5.901438e-06 	 -3.154801e-06 2.462670e-07 -5.994856e-07 	 -4.638870e-06 -8.353728e-06 -6.500923e-06 	 38
3.750000 	 2.822442e-06 -3.994411e-08 5.219397e-07 	 1.215481e-06 -5.561718e-08 1.431906e-07 	 4.037923e-06 -9.556129e-08 6.651303e-07 	 555
4.250000 	 -2.308186e-06 -1.036733e-06 3.299535e-06 	 -3.122818e-08 -7.106651e-08 -1.717996e-08 	 -2.339414e-06 -1.107800e-06 3.282355e-06 	 914
4.750000 	 -3.907607e-06 8.771336e-07 9.030839e-07 	 9.257633e-08 4.869422e-08 -8.874844e-09 	 -3.815030e-06 9.258278e-07 8.942091e-07 	 901
5.250000 	 6.749226e-06 -5.423691e-07 -1.465795e-06 	 -2.256719e-07 -9.681546e-09 -1.013248e-07 	 6.523554e-06 -5.520506e-07 -1.567120e-06 	 909
5.750000 	 -1.919907e-06 1.521686e-06 1.388656e-06 	 -8.480571e-08 -6.161379e-08 -8.553008e-08 	 -2.004713e-06 1.460072e-06 1.303126e-06 	 929
6.250000 	 -1.514989e-06 1.973853e-06 -6.244028e-07 	 4.141483e-07 1.387242e-07 -4.377395e-08 	 -1.100841e-06 2.112577e-06 -6.681767e-07 	 875
6.750000 	 -6.225634e-06 -2.003769e-06 -6.779617e-07 	 -3.168046e-07 3.814363e-08 1.381425e-08 	 -6.542439e-06 -1.965626e-06 -6.641475e-07 	 900
7.250000 	 -2.596316e-08 -3.817148e-06 -3.147743e-06 	 -1.907714e-07 1.023118e-07 -8.468402e-08 	 -2.167345e-07 -3.714836e-06 -3.232427e-06 	 900
7.750000 	 1.591866e-06 3.617002e-06 -1.718169e-06 	 6.183651e-08 9.258122e-08 -9.071853e-08 	 1.653702e-06 3.709583e-06 -1.808887e-06 	 917
8.250000 	 9.370307e-08 4.477601e-06 -3.971224e-08 	 1.902037e-07 -1.489606e-07 6.537155e-08 	 2.839067e-07 4.328640e-06 2.565930e-08 	 899
8.750000 	 -3.179767e-06 -3.532542e-06 -2.140823e-07 	 -2.203592e-07 -1.612682e-07 4.233364e-08 	 -3.400126e-06 -3.693810e-06 -1.717487e-07 	 898
9.250000 	 2.329363e-06 2.981735e-06 -3.442502e-06 	 -1.424557e-07 -6.624350e-08 4.654029e-08 	 2.186907e-06 2.915491e-06 -3.395962e-06 	 903
9.750000 	 1.254206e-06 4.707828e-07 2.995723e-07 	 1.461022e-07 -3.822296e-08 -5.445054e-08 	 1.400308e-06 4.325598e-07 2.451218e-07 	 901
10.250000 	 -1.578758e-06 -1.476652e-06 -8.831175e-07 	 4.246262e-08 9.990400e-08 1.913282e-07 	 -1.536296e-06 -1.376748e-06 -6.917893e-07 	 913
10.750000 	 -3.529235e-07 2.491148e-06 1.080168e-06 	 1.255236e-07 4.657022e-08 -2.545355e-07 	 -2.273999e-07 2.537718e-06 8.256328e-07 	 894
11.250000 	 9.290186e-07 4.435686e-07 1.413264e-06 	 -1.494405e-06 -9.108355e-08 4.785548e-07 	 -5.653869e-07 3.524851e-07 1.891819e-06 	 546
11.750000 	 5.131172e-06 -4.383866e-06 -3.679163e-06 	 2.383830e-06 6.110342e-07 -6.299968e-07 	 7.515002e-06 -3.772831e-06 -4.309160e-06 	 32
12.250000 	 0.000000e+00 0.000000e+00 0.000000e+00 	 0.000000e+00 0.000000e+00 0.000000e+00 	 0.000000e+00 0.000000e+00 0.000000e+00 	 0
12.750000 	 0.000000e+00 0.000000e+00 0.000000e+00 	 0.000000e+00 0.000000e+00 0.000000e+00 	 0.000000e+00 0.000000e+00 0.000000e+00 	 0
13.250000 	 0.000000e+00 0.000000e+00 0.000000e+00 	 0.000000e+00 0.000000e+00 0.000000e+00 	 0.000000e+00 0.000000e+00 0.000000e+00 	 0
13.750000 	 0.000000e+00 0.000000e+00 0.000000e+00 	 0.000000e+00 0.000000e+00 0.000000e+00 	 0.000000e+00 0.000000e+00 0.000000e+00 	 0
14.250000 	 0.000000e+00 0.000000e+00 0.000000e+00 	 0.000000e+00 0.000000e+00 0.000000e+00 	 0.000000e+00 0.000000e+00 0.000000e+00 	 0
14.750000 	 0.000000e+00 0.000000e+00 0.000000e+00 	 0.000000e+00 0.000000e+00 0.000000e+00 	 0.000000e+00 0.000000e+00 0.000000e+00 	 0
