# 1  2-4    5-7    8-10   11     
# x  dirEF  recEF  sumEF  #Sample
0.250000 	 0.000000e+00 0.000000e+00 0.000000e+00 	 0.000000e+00 0.000000e+00 0.000000e+00 	 0.000000e+00 0.000000e+00 0.000000e+00 	 0
0.750000 	 0.000000e+00 0.000000e+00 0.000000e+00 	 0.000000e+00 0.000000e+00 0.000000e+00 	 0.000000e+00 0.000000e+00 0.000000e+00 	 0
1.250000 	 0.000000e+00 0.000000e+00 0.000000e+00 	 0.000000e+00 0.000000e+00 0.000000e+00 	 0.000000e+00 0.000000e+00 0.000000e+00 	 0
1.750000 	 0.000000e+00 0.000000e+00 0.000000e+00 	 0.000000e+00 0.000000e+00 0.000000e+00 	 0.000000e+00 0.000000e+00 0.000000e+00 	 0
2.250000 	 0.000000e+00 0.000000e+00 0.000000e+00 	 0.000000e+00 0.000000e+00 0.000000e+00 	 0.000000e+00 0.000000e+00 0.000000e+00 	 0
2.750000 	 0.000000e+00 0.000000e+00 0.000000e+00 	 0.000000e+00 0.000000e+00 0.000000e+00 	 0.000000e+00 0.000000e+00 0.000000e+00 	 0
3.250000 	 -2.531246e-06 -2.114642e-06 8.641976e-06 	 2.865315e-07 -1.123801e-06 -1.488596e-08 	 -2.244714e-06 -3.238443e-06 8.627090e-06 	 22
3.750000 	 -7.752347e-07 2.915737e-06 -4.909569e-07 	 3.705006e-07 -6.174302e-07 2.948221e-07 	 -4.047341e-07 2.298307e-06 -1.961347e-07 	 593
4.250000 	 -2.624054e-06 -1.800193e-06 -8.933304e-07 	 4.932047e-07 1.931805e-07 -3.851050e-07 	 -2.130850e-06 -1.607012e-06 -1.278435e-06 	 877
4.750000 	 1.171586e-06 1.201633e-06 -2.409896e-07 	 -1.981802e-06 3.436149e-07 2.023121e-07 	 -8.102157e-07 1.545248e-06 -3.867748e-08 	 904
5.250000 	 4.142908e-06 1.890711e-06 -3.020768e-07 	 2.118001e-06 -6.155088e-07 5.031975e-09 	 6.260908e-06 1.275203e-06 -2.970448e-07 	 905
5.750000 	 -5.515433e-06 -3.063453e-06 -4.415234e-07 	 -1.113548e-06 -1.971066e-07 5.285960e-07 	 -6.628980e-06 -3.260559e-06 8.707261e-08 	 902
6.250000 	 2.128711e-06 1.789895e-06 3.452500e-07 	 -1.470606e-06 -2.773673e-08 -7.758311e-07 	 6.581042e-07 1.762158e-06 -4.305812e-07 	 894
6.750000 	 -4.114811e-07 -8.287344e-07 -1.846336e-06 	 2.986066e-07 2.868897e-08 4.572847e-07 	 -1.128744e-07 -8.000455e-07 -1.389052e-06 	 907
7.250000 	 -3.256697e-08 2.742309e-06 -2.595709e-07 	 7.025256e-07 3.661078e-07 3.903835e-07 	 6.699586e-07 3.108416e-06 1.308126e-07 	 908
7.750000 	 2.679948e-06 -5.566377e-07 -9.349502e-07 	 -1.069541e-06 4.163433e-08 6.733092e-07 	 1.610407e-06 -5.150034e-07 -2.616409e-07 	 917
8.250000 	 -2.619640e-06 1.180969e-06 3.625607e-06 	 8.703213e-07 1.218888e-07 -4.357391e-07 	 -1.749318e-06 1.302857e-06 3.189868e-06 	 941
8.750000 	 8.770535e-07 -3.860200e-07 2.219765e-06 	 -2.191081e-06 -2.238332e-07 5.375657e-07 	 -1.314028e-06 -6.098532e-07 2.757331e-06 	 892
9.250000 	 -9.747263e-07 1.022029e-06 -3.224362e-06 	 2.412688e-06 -4.219624e-08 3.613965e-08 	 1.437961e-06 9.798328e-07 -3.188222e-06 	 890
9.750000 	 -2.614230e-06 -1.559356e-06 -2.994432e-06 	 -2.052176e-06 3.918777e-08 -2.942532e-07 	 -4.666406e-06 -1.520168e-06 -3.288685e-06 	 907
10.250000 	 6.089682e-07 -1.427819e-08 -1.577670e-06 	 1.719686e-06 -4.820823e-07 3.011485e-07 	 2.328655e-06 -4.963605e-07 -1.276522e-06 	 900
10.750000 	 2.202744e-06 2.346405e-06 -9.240715e-07 	 -1.115740e-06 8.401326e-08 -1.056860e-06 	 1.087004e-06 2.430418e-06 -1.980931e-06 	 905
11.250000 	 -4.929660e-07 -4.906427e-06 5.494269e-06 	 -8.792899e-07 -4.138090e-07 -1.703933e-07 	 -1.372256e-06 -5.320235e-06 5.323876e-06 	 534
11.750000 	 -8.828124e-06 -7.716015e-08 -3.021969e-06 	 7.174012e-06 4.537023e-07 -4.857346e-06 	 -1.654112e-06 3.765422e-07 -7.879316e-06 	 26
12.250000 	 0.000000e+00 0.000000e+00 0.000000e+00 	 0.000000e+00 0.000000e+00 0.000000e+00 	 0.000000e+00 0.000000e+00 0.000000e+00 	 0
12.750000 	 0.000000e+00 0.000000e+00 0.000000e+00 	 0.000000e+00 0.000000e+00 0.000000e+00 	 0.000000e+00 0.000000e+00 0.000000e+00 	 0
13.250000 	 0.000000e+00 0.000000e+00 0.000000e+00 	 0.000000e+00 0.000000e+00 0.000000e+00 	 0.000000e+00 0.000000e+00 0.000000e+00 	 0
13.750000 	 0.000000e+00 0.000000e+00 0.000000e+00 	 0.000000e+00 0.000000e+00 0.000000e+00 	 0.000000e+00 0.000000e+00 0.000000e+00 	 0
14.250000 	 0.000000e+00 0.000000e+00 0.000000e+00 	 0.000000e+00 0.000000e+00 0.000000e+00 	 0.000000e+00 0.000000e+00 0.000000e+00 	 0
14.750000 	 0.000000e+00 0.000000e+00 0.000000e+00 	 0.000000e+00 0.000000e+00 0.000000e+00 	 0.000000e+00 0.000000e+00 0.000000e+00 	 0
