# 1  2-4    5-7    8-10   11     
# x  dirEF  recEF  sumEF  #Sample
0.250000 	 0.000000e+00 0.000000e+00 0.000000e+00 	 0.000000e+00 0.000000e+00 0.000000e+00 	 0.000000e+00 0.000000e+00 0.000000e+00 	 0
0.750000 	 0.000000e+00 0.000000e+00 0.000000e+00 	 0.000000e+00 0.000000e+00 0.000000e+00 	 0.000000e+00 0.000000e+00 0.000000e+00 	 0
1.250000 	 0.000000e+00 0.000000e+00 0.000000e+00 	 0.000000e+00 0.000000e+00 0.000000e+00 	 0.000000e+00 0.000000e+00 0.000000e+00 	 0
1.750000 	 0.000000e+00 0.000000e+00 0.000000e+00 	 0.000000e+00 0.000000e+00 0.000000e+00 	 0.000000e+00 0.000000e+00 0.000000e+00 	 0
2.250000 	 0.000000e+00 0.000000e+00 0.000000e+00 	 0.000000e+00 0.000000e+00 0.000000e+00 	 0.000000e+00 0.000000e+00 0.000000e+00 	 0
2.750000 	 0.000000e+00 0.000000e+00 0.000000e+00 	 0.000000e+00 0.000000e+00 0.000000e+00 	 0.000000e+00 0.000000e+00 0.000000e+00 	 0
3.250000 	 -8.957556e-06 -2.371338e-06 1.979898e-06 	 4.273493e-06 -7.569007e-06 6.741330e-07 	 -4.684063e-06 -9.940345e-06 2.654031e-06 	 59
3.750000 	 5.561677e-07 2.340140e-06 3.751898e-06 	 -6.483340e-07 4.029399e-07 6.440464e-07 	 -9.216628e-08 2.743080e-06 4.395944e-06 	 539
4.250000 	 -3.641720e-06 -1.756158e-06 2.551605e-06 	 8.987417e-07 -1.502264e-06 1.425394e-07 	 -2.742979e-06 -3.258422e-06 2.694145e-06 	 902
4.750000 	 -9.359698e-07 7.894970e-07 2.412206e-06 	 -1.663507e-06 8.513900e-09 3.177967e-07 	 -2.599477e-06 7.980109e-07 2.730003e-06 	 890
5.250000 	 4.741729e-07 8.853191e-07 -6.750294e-06 	 1.577030e-06 -1.036802e-06 6.790013e-07 	 2.051203e-06 -1.514827e-07 -6.071292e-06 	 912
5.750000 	 1.071833e-06 -8.399372e-07 -4.304784e-06 	 -6.742410e-07 -1.264307e-06 2.036513e-06 	 3.975920e-07 -2.104244e-06 -2.268271e-06 	 899
6.250000 	 -1.652767e-06 7.561571e-07 1.478827e-06 	 -2.060534e-06 -7.077119e-07 -3.843121e-07 	 -3.713301e-06 4.844527e-08 1.094515e-06 	 904
6.750000 	 -1.176267e-06 -9.501112e-07 1.239889e-06 	 1.725547e-06 5.595989e-09 -2.771954e-07 	 5.492805e-07 -9.445152e-07 9.626933e-07 	 914
7.250000 	 2.255102e-07 -1.676121e-06 -4.046039e-07 	 4.834563e-07 1.057092e-07 5.625298e-07 	 7.089665e-07 -1.570412e-06 1.579259e-07 	 899
7.750000 	 2.482403e-06 2.640576e-07 -3.218692e-06 	 1.251998e-07 9.588897e-08 2.021242e-06 	 2.607603e-06 3.599465e-07 -1.197450e-06 	 911
8.250000 	 -3.055536e-06 2.899638e-06 1.867145e-06 	 -3.002194e-06 2.153903e-06 -1.759737e-06 	 -6.057730e-06 5.053542e-06 1.074075e-07 	 912
8.750000 	 9.196648e-08 -2.858655e-07 2.941461e-06 	 1.882653e-07 -1.210912e-07 -1.186514e-07 	 2.802318e-07 -4.069567e-07 2.822809e-06 	 906
9.250000 	 -8.829422e-07 -1.244856e-07 -2.093409e-06 	 -1.525356e-06 -1.834797e-06 1.570678e-06 	 -2.408298e-06 -1.959283e-06 -5.227304e-07 	 897
9.750000 	 1.896794e-07 6.647466e-07 2.476184e-06 	 -3.043666e-07 7.836202e-07 -2.369637e-07 	 -1.146871e-07 1.448367e-06 2.239220e-06 	 928
10.250000 	 8.171545e-07 6.626789e-07 3.855166e-07 	 9.762632e-07 -6.445646e-07 -5.532448e-07 	 1.793418e-06 1.811428e-08 -1.677282e-07 	 884
10.750000 	 -1.844481e-06 1.096951e-06 -2.095793e-06 	 -1.712646e-06 4.117679e-07 -6.456193e-07 	 -3.557128e-06 1.508718e-06 -2.741413e-06 	 901
11.250000 	 3.404864e-07 -4.996648e-07 -3.052084e-06 	 1.245930e-06 -1.023803e-06 1.516624e-06 	 1.586416e-06 -1.523468e-06 -1.535460e-06 	 521
11.750000 	 -6.874336e-06 -6.525996e-06 -9.099241e-07 	 2.338366e-06 -7.348982e-07 -2.483211e-06 	 -4.535971e-06 -7.260895e-06 -3.393135e-06 	 46
12.250000 	 0.000000e+00 0.000000e+00 0.000000e+00 	 0.000000e+00 0.000000e+00 0.000000e+00 	 0.000000e+00 0.000000e+00 0.000000e+00 	 0
12.750000 	 0.000000e+00 0.000000e+00 0.000000e+00 	 0.000000e+00 0.000000e+00 0.000000e+00 	 0.000000e+00 0.000000e+00 0.000000e+00 	 0
13.250000 	 0.000000e+00 0.000000e+00 0.000000e+00 	 0.000000e+00 0.000000e+00 0.000000e+00 	 0.000000e+00 0.000000e+00 0.000000e+00 	 0
13.750000 	 0.000000e+00 0.000000e+00 0.000000e+00 	 0.000000e+00 0.000000e+00 0.000000e+00 	 0.000000e+00 0.000000e+00 0.000000e+00 	 0
14.250000 	 0.000000e+00 0.000000e+00 0.000000e+00 	 0.000000e+00 0.000000e+00 0.000000e+00 	 0.000000e+00 0.000000e+00 0.000000e+00 	 0
14.750000 	 0.000000e+00 0.000000e+00 0.000000e+00 	 0.000000e+00 0.000000e+00 0.000000e+00 	 0.000000e+00 0.000000e+00 0.000000e+00 	 0
