# 1  2-4    5-7    8-10   11     
# x  dirEF  recEF  sumEF  #Sample
0.250000 	 0.000000e+00 0.000000e+00 0.000000e+00 	 0.000000e+00 0.000000e+00 0.000000e+00 	 0.000000e+00 0.000000e+00 0.000000e+00 	 0
0.750000 	 0.000000e+00 0.000000e+00 0.000000e+00 	 0.000000e+00 0.000000e+00 0.000000e+00 	 0.000000e+00 0.000000e+00 0.000000e+00 	 0
1.250000 	 0.000000e+00 0.000000e+00 0.000000e+00 	 0.000000e+00 0.000000e+00 0.000000e+00 	 0.000000e+00 0.000000e+00 0.000000e+00 	 0
1.750000 	 0.000000e+00 0.000000e+00 0.000000e+00 	 0.000000e+00 0.000000e+00 0.000000e+00 	 0.000000e+00 0.000000e+00 0.000000e+00 	 0
2.250000 	 0.000000e+00 0.000000e+00 0.000000e+00 	 0.000000e+00 0.000000e+00 0.000000e+00 	 0.000000e+00 0.000000e+00 0.000000e+00 	 0
2.750000 	 0.000000e+00 0.000000e+00 0.000000e+00 	 0.000000e+00 0.000000e+00 0.000000e+00 	 0.000000e+00 0.000000e+00 0.000000e+00 	 0
3.250000 	 4.921454e-06 6.771177e-06 -4.324999e-06 	 -1.477379e-06 -3.234541e-06 9.063497e-07 	 3.444075e-06 3.536636e-06 -3.418649e-06 	 36
3.750000 	 1.302724e-06 8.527379e-07 8.262805e-07 	 3.998836e-06 1.966336e-07 6.377924e-07 	 5.301560e-06 1.049372e-06 1.464073e-06 	 569
4.250000 	 2.613282e-07 -2.080386e-06 -3.801548e-06 	 -3.993407e-06 5.394765e-07 -6.039394e-07 	 -3.732079e-06 -1.540910e-06 -4.405487e-06 	 872
4.750000 	 -2.828671e-06 -1.741381e-06 3.532855e-06 	 3.399866e-06 -1.730793e-06 -1.642544e-07 	 5.711951e-07 -3.472174e-06 3.368601e-06 	 900
5.250000 	 2.136471e-06 2.167121e-07 2.015871e-06 	 -4.468638e-07 6.011857e-07 -7.359774e-08 	 1.689607e-06 8.178978e-07 1.942273e-06 	 917
5.750000 	 2.234101e-06 -2.010984e-06 -1.177977e-06 	 1.049139e-06 -1.128267e-06 -7.827713e-07 	 3.283240e-06 -3.139251e-06 -1.960748e-06 	 898
6.250000 	 -1.330735e-06 6.819571e-07 2.884409e-06 	 -5.289667e-07 4.057558e-07 4.451392e-07 	 -1.859702e-06 1.087713e-06 3.329548e-06 	 914
6.750000 	 -1.858623e-06 5.658557e-07 -1.038674e-06 	 -2.516293e-06 3.033008e-08 -3.946063e-07 	 -4.374916e-06 5.961857e-07 -1.433281e-06 	 904
7.250000 	 1.445300e-06 -1.196655e-06 1.291748e-06 	 5.248471e-06 4.047925e-08 -5.286470e-07 	 6.693771e-06 -1.156176e-06 7.631009e-07 	 909
7.750000 	 -4.614581e-06 1.706059e-06 2.199800e-06 	 -2.323298e-06 -1.265299e-08 1.549074e-06 	 -6.937879e-06 1.693406e-06 3.748875e-06 	 919
8.250000 	 -1.612119e-07 6.743681e-07 -1.015334e-06 	 -1.439661e-06 -4.187435e-07 -6.122814e-07 	 -1.600873e-06 2.556246e-07 -1.627615e-06 	 909
8.750000 	 -5.287334e-07 4.050272e-06 -4.361865e-06 	 3.156124e-06 6.573071e-07 2.206034e-07 	 2.627390e-06 4.707579e-06 -4.141262e-06 	 905
9.250000 	 -7.131868e-07 -3.182435e-06 -6.980294e-07 	 -1.104927e-06 -1.175586e-07 9.645868e-08 	 -1.818114e-06 -3.299993e-06 -6.015707e-07 	 920
9.750000 	 1.074871e-06 4.443249e-07 9.887939e-07 	 1.132785e-07 -9.355516e-07 -7.283440e-07 	 1.188149e-06 -4.912267e-07 2.604499e-07 	 895
10.250000 	 1.531862e-06 -1.624794e-06 9.634732e-07 	 1.632719e-06 -3.875690e-07 -2.390994e-07 	 3.164581e-06 -2.012363e-06 7.243737e-07 	 914
10.750000 	 -2.594201e-06 9.132738e-07 1.335277e-06 	 -3.052697e-06 3.678042e-07 3.967586e-07 	 -5.646898e-06 1.281078e-06 1.732036e-06 	 889
11.250000 	 1.629332e-06 7.812690e-08 -3.520043e-06 	 6.582832e-07 3.639802e-07 1.699725e-06 	 2.287616e-06 4.421071e-07 -1.820318e-06 	 516
11.750000 	 1.518789e-05 1.164758e-06 1.073668e-05 	 -6.694718e-06 -1.135611e-06 -2.281931e-06 	 8.493169e-06 2.914769e-08 8.454750e-06 	 38
12.250000 	 0.000000e+00 0.000000e+00 0.000000e+00 	 0.000000e+00 0.000000e+00 0.000000e+00 	 0.000000e+00 0.000000e+00 0.000000e+00 	 0
12.750000 	 0.000000e+00 0.000000e+00 0.000000e+00 	 0.000000e+00 0.000000e+00 0.000000e+00 	 0.000000e+00 0.000000e+00 0.000000e+00 	 0
13.250000 	 0.000000e+00 0.000000e+00 0.000000e+00 	 0.000000e+00 0.000000e+00 0.000000e+00 	 0.000000e+00 0.000000e+00 0.000000e+00 	 0
13.750000 	 0.000000e+00 0.000000e+00 0.000000e+00 	 0.000000e+00 0.000000e+00 0.000000e+00 	 0.000000e+00 0.000000e+00 0.000000e+00 	 0
14.250000 	 0.000000e+00 0.000000e+00 0.000000e+00 	 0.000000e+00 0.000000e+00 0.000000e+00 	 0.000000e+00 0.000000e+00 0.000000e+00 	 0
14.750000 	 0.000000e+00 0.000000e+00 0.000000e+00 	 0.000000e+00 0.000000e+00 0.000000e+00 	 0.000000e+00 0.000000e+00 0.000000e+00 	 0
