# 1  2-4    5-7    8-10   11     
# x  dirEF  recEF  sumEF  #Sample
0.250000 	 0.000000e+00 0.000000e+00 0.000000e+00 	 0.000000e+00 0.000000e+00 0.000000e+00 	 0.000000e+00 0.000000e+00 0.000000e+00 	 0
0.750000 	 0.000000e+00 0.000000e+00 0.000000e+00 	 0.000000e+00 0.000000e+00 0.000000e+00 	 0.000000e+00 0.000000e+00 0.000000e+00 	 0
1.250000 	 0.000000e+00 0.000000e+00 0.000000e+00 	 0.000000e+00 0.000000e+00 0.000000e+00 	 0.000000e+00 0.000000e+00 0.000000e+00 	 0
1.750000 	 0.000000e+00 0.000000e+00 0.000000e+00 	 0.000000e+00 0.000000e+00 0.000000e+00 	 0.000000e+00 0.000000e+00 0.000000e+00 	 0
2.250000 	 0.000000e+00 0.000000e+00 0.000000e+00 	 0.000000e+00 0.000000e+00 0.000000e+00 	 0.000000e+00 0.000000e+00 0.000000e+00 	 0
2.750000 	 0.000000e+00 0.000000e+00 0.000000e+00 	 0.000000e+00 0.000000e+00 0.000000e+00 	 0.000000e+00 0.000000e+00 0.000000e+00 	 0
3.250000 	 -8.957556e-06 -2.371338e-06 1.979898e-06 	 -4.066782e-06 -4.723879e-06 4.623095e-06 	 -1.302434e-05 -7.095218e-06 6.602993e-06 	 59
3.750000 	 5.561677e-07 2.340140e-06 3.751898e-06 	 1.993546e-06 5.508826e-07 1.875793e-06 	 2.549714e-06 2.891022e-06 5.627691e-06 	 539
4.250000 	 -3.641720e-06 -1.756158e-06 2.551605e-06 	 -8.402733e-08 -1.928974e-06 -1.418257e-06 	 -3.725748e-06 -3.685133e-06 1.133348e-06 	 902
4.750000 	 -9.359698e-07 7.894970e-07 2.412206e-06 	 7.074785e-07 2.626092e-07 3.230373e-07 	 -2.284912e-07 1.052106e-06 2.735244e-06 	 890
5.250000 	 4.741729e-07 8.853191e-07 -6.750294e-06 	 2.492998e-06 -9.722678e-07 2.146408e-06 	 2.967171e-06 -8.694865e-08 -4.603886e-06 	 912
5.750000 	 1.071833e-06 -8.399372e-07 -4.304784e-06 	 9.361986e-07 -3.228610e-06 6.720791e-07 	 2.008032e-06 -4.068548e-06 -3.632705e-06 	 899
6.250000 	 -1.652767e-06 7.561571e-07 1.478827e-06 	 -4.652010e-06 1.510831e-06 1.749558e-06 	 -6.304777e-06 2.266988e-06 3.228384e-06 	 904
6.750000 	 -1.176267e-06 -9.501112e-07 1.239889e-06 	 3.427338e-06 -2.074535e-06 7.430537e-07 	 2.251072e-06 -3.024646e-06 1.982942e-06 	 914
7.250000 	 2.255102e-07 -1.676121e-06 -4.046039e-07 	 2.270777e-06 -1.411775e-08 -1.652928e-06 	 2.496287e-06 -1.690239e-06 -2.057532e-06 	 899
7.750000 	 2.482403e-06 2.640576e-07 -3.218692e-06 	 -1.220470e-06 1.257871e-06 3.332823e-06 	 1.261933e-06 1.521928e-06 1.141317e-07 	 911
8.250000 	 -3.055536e-06 2.899638e-06 1.867145e-06 	 -3.241890e-06 2.036207e-06 -2.753130e-06 	 -6.297426e-06 4.935846e-06 -8.859854e-07 	 912
8.750000 	 9.196648e-08 -2.858655e-07 2.941461e-06 	 3.295872e-06 -8.078584e-07 1.920091e-06 	 3.387839e-06 -1.093724e-06 4.861552e-06 	 906
9.250000 	 -8.829422e-07 -1.244856e-07 -2.093409e-06 	 -6.835570e-07 -2.456312e-06 2.013074e-06 	 -1.566499e-06 -2.580797e-06 -8.033442e-08 	 897
9.750000 	 1.896794e-07 6.647466e-07 2.476184e-06 	 -3.321705e-06 2.102523e-06 5.939095e-07 	 -3.132026e-06 2.767269e-06 3.070093e-06 	 928
10.250000 	 8.171545e-07 6.626789e-07 3.855166e-07 	 -2.842174e-06 -1.605348e-06 -1.140466e-06 	 -2.025020e-06 -9.426690e-07 -7.549489e-07 	 884
10.750000 	 -1.844481e-06 1.096951e-06 -2.095793e-06 	 -3.718108e-06 4.028958e-07 -1.031308e-06 	 -5.562589e-06 1.499846e-06 -3.127102e-06 	 901
11.250000 	 3.404864e-07 -4.996648e-07 -3.052084e-06 	 2.522623e-06 -6.184438e-07 -6.511342e-07 	 2.863109e-06 -1.118109e-06 -3.703219e-06 	 521
11.750000 	 -6.874336e-06 -6.525996e-06 -9.099241e-07 	 -8.949083e-06 -3.125412e-06 5.339085e-06 	 -1.582342e-05 -9.651408e-06 4.429161e-06 	 46
12.250000 	 0.000000e+00 0.000000e+00 0.000000e+00 	 0.000000e+00 0.000000e+00 0.000000e+00 	 0.000000e+00 0.000000e+00 0.000000e+00 	 0
12.750000 	 0.000000e+00 0.000000e+00 0.000000e+00 	 0.000000e+00 0.000000e+00 0.000000e+00 	 0.000000e+00 0.000000e+00 0.000000e+00 	 0
13.250000 	 0.000000e+00 0.000000e+00 0.000000e+00 	 0.000000e+00 0.000000e+00 0.000000e+00 	 0.000000e+00 0.000000e+00 0.000000e+00 	 0
13.750000 	 0.000000e+00 0.000000e+00 0.000000e+00 	 0.000000e+00 0.000000e+00 0.000000e+00 	 0.000000e+00 0.000000e+00 0.000000e+00 	 0
14.250000 	 0.000000e+00 0.000000e+00 0.000000e+00 	 0.000000e+00 0.000000e+00 0.000000e+00 	 0.000000e+00 0.000000e+00 0.000000e+00 	 0
14.750000 	 0.000000e+00 0.000000e+00 0.000000e+00 	 0.000000e+00 0.000000e+00 0.000000e+00 	 0.000000e+00 0.000000e+00 0.000000e+00 	 0
