# 1  2-4    5-7    8-10   11     
# x  sumEF  dirEF  recEF  #Sample
0.250000 	 0.000000e+00 0.000000e+00 0.000000e+00 	 0.000000e+00 0.000000e+00 0.000000e+00 	 0.000000e+00 0.000000e+00 0.000000e+00 	 0
0.750000 	 6.302634e-06 3.831280e-07 -7.300328e-06 	 0.000000e+00 1.776357e-15 0.000000e+00 	 6.302634e-06 3.831280e-07 -7.300328e-06 	 2
1.250000 	 0.000000e+00 0.000000e+00 0.000000e+00 	 0.000000e+00 0.000000e+00 0.000000e+00 	 0.000000e+00 0.000000e+00 0.000000e+00 	 0
1.750000 	 -1.056629e-05 9.337753e-06 -2.143513e-06 	 1.788738e-10 3.943500e-13 -1.762145e-12 	 -1.056647e-05 9.337752e-06 -2.143511e-06 	 2
2.250000 	 0.000000e+00 0.000000e+00 0.000000e+00 	 0.000000e+00 0.000000e+00 0.000000e+00 	 0.000000e+00 0.000000e+00 0.000000e+00 	 0
2.750000 	 -4.268246e-05 -8.989895e-07 7.502149e-06 	 -3.399353e-05 1.484367e-06 1.986863e-05 	 -8.688936e-06 -2.383356e-06 -1.236648e-05 	 1
3.250000 	 -4.238786e-06 -1.138068e-06 6.284253e-07 	 -2.029059e-06 -1.274107e-06 8.970454e-07 	 -2.209726e-06 1.360390e-07 -2.686204e-07 	 1495
3.750000 	 4.285417e-07 -3.344949e-07 1.510059e-07 	 -3.506509e-07 -3.242292e-07 1.721725e-07 	 7.791926e-07 -1.026570e-08 -2.116665e-08 	 28507
4.250000 	 -7.197476e-07 -6.983821e-08 4.769621e-08 	 -7.697380e-07 -5.399323e-08 4.793488e-08 	 4.999040e-08 -1.584494e-08 -2.388047e-10 	 44709
4.750000 	 3.461634e-07 4.795480e-07 1.752767e-07 	 3.405359e-07 4.701213e-07 1.539939e-07 	 5.627424e-09 9.426679e-09 2.128282e-08 	 45166
5.250000 	 6.562883e-07 -1.399078e-07 -4.523964e-07 	 7.040144e-07 -1.346899e-07 -4.409174e-07 	 -4.772601e-08 -5.217960e-09 -1.147898e-08 	 45329
5.750000 	 -3.358401e-07 1.911658e-07 -1.992554e-08 	 -3.239631e-07 1.944633e-07 -1.807238e-08 	 -1.187694e-08 -3.297485e-09 -1.853186e-09 	 45291
6.250000 	 2.879258e-07 3.062701e-08 1.258287e-08 	 2.678973e-07 1.689195e-08 2.027538e-08 	 2.002848e-08 1.373509e-08 -7.692490e-09 	 45252
6.750000 	 3.906799e-07 5.035381e-07 2.809448e-08 	 3.838420e-07 5.051142e-07 2.599824e-08 	 6.837901e-09 -1.576134e-09 2.096258e-09 	 45367
7.250000 	 -1.537575e-07 -4.073397e-07 -7.434473e-08 	 -9.481053e-08 -4.040959e-07 -7.558870e-08 	 -5.894692e-08 -3.243808e-09 1.243922e-09 	 45320
7.750000 	 -4.470760e-07 -1.334238e-07 -3.018100e-08 	 -4.561645e-07 -1.210923e-07 -2.135115e-08 	 9.088494e-09 -1.233140e-08 -8.829906e-09 	 45240
8.250000 	 -6.147894e-07 3.924405e-07 -2.134067e-07 	 -6.812442e-07 3.929696e-07 -2.222600e-07 	 6.645489e-08 -5.291389e-10 8.853252e-09 	 45297
8.750000 	 -2.131491e-07 -3.661444e-07 7.853019e-08 	 -1.616851e-07 -3.468220e-07 9.127346e-08 	 -5.146408e-08 -1.932240e-08 -1.274328e-08 	 45228
9.250000 	 -5.545592e-08 2.660723e-07 -3.773650e-08 	 -8.456361e-08 2.533314e-07 -4.919669e-08 	 2.910762e-08 1.274087e-08 1.146021e-08 	 45327
9.750000 	 3.438040e-08 2.998623e-07 -1.283437e-07 	 5.236649e-08 2.941572e-07 -1.327403e-07 	 -1.798607e-08 5.705181e-09 4.396564e-09 	 45133
10.250000 	 1.235227e-08 1.760518e-07 -3.690594e-09 	 2.239357e-08 1.949217e-07 -8.288637e-09 	 -1.004129e-08 -1.886988e-08 4.598015e-09 	 45374
10.750000 	 -1.211034e-07 1.442865e-07 -1.479810e-07 	 9.653537e-09 1.463703e-07 -1.606578e-07 	 -1.307569e-07 -2.083798e-09 1.267676e-08 	 44670
11.250000 	 -5.666495e-07 -3.481066e-07 7.477196e-08 	 1.451192e-07 -3.944383e-07 7.020007e-08 	 -7.117687e-07 4.633159e-08 4.571934e-09 	 26998
11.750000 	 3.920260e-06 -1.752992e-06 -8.466043e-07 	 1.892164e-06 -1.855668e-06 -8.989550e-07 	 2.028097e-06 1.026761e-07 5.235082e-08 	 1483
12.250000 	 -1.374722e-05 -2.466328e-05 -7.760419e-06 	 -1.613576e-05 -2.417089e-05 -1.108978e-05 	 2.388540e-06 -4.923935e-07 3.329363e-06 	 4
12.750000 	 -4.909752e-06 2.211289e-05 -4.010463e-06 	 -2.505697e-06 6.572633e-06 -5.442468e-06 	 -2.404054e-06 1.554025e-05 1.432005e-06 	 1
13.250000 	 4.316053e-06 -1.183149e-05 9.494292e-06 	 -1.443840e-07 -1.650071e-08 -2.897850e-08 	 4.460437e-06 -1.181499e-05 9.523271e-06 	 1
13.750000 	 -1.533831e-05 5.352660e-06 -4.056605e-07 	 0.000000e+00 0.000000e+00 0.000000e+00 	 -1.533831e-05 5.352660e-06 -4.056605e-07 	 1
14.250000 	 -1.585520e-05 -3.176628e-06 2.570254e-06 	 0.000000e+00 0.000000e+00 0.000000e+00 	 -1.585520e-05 -3.176628e-06 2.570254e-06 	 1
14.750000 	 -7.471603e-06 3.524138e-06 -1.355337e-05 	 0.000000e+00 0.000000e+00 0.000000e+00 	 -7.471603e-06 3.524138e-06 -1.355337e-05 	 1
