# 1  2-4    5-7    8-10   11     
# x  dirEF  recEF  sumEF  #Sample
0.250000 	 0.000000e+00 0.000000e+00 0.000000e+00 	 0.000000e+00 0.000000e+00 0.000000e+00 	 0.000000e+00 0.000000e+00 0.000000e+00 	 0
0.750000 	 0.000000e+00 0.000000e+00 0.000000e+00 	 0.000000e+00 0.000000e+00 0.000000e+00 	 0.000000e+00 0.000000e+00 0.000000e+00 	 0
1.250000 	 0.000000e+00 0.000000e+00 0.000000e+00 	 0.000000e+00 0.000000e+00 0.000000e+00 	 0.000000e+00 0.000000e+00 0.000000e+00 	 0
1.750000 	 0.000000e+00 0.000000e+00 0.000000e+00 	 0.000000e+00 0.000000e+00 0.000000e+00 	 0.000000e+00 0.000000e+00 0.000000e+00 	 0
2.250000 	 0.000000e+00 0.000000e+00 0.000000e+00 	 0.000000e+00 0.000000e+00 0.000000e+00 	 0.000000e+00 0.000000e+00 0.000000e+00 	 0
2.750000 	 0.000000e+00 0.000000e+00 0.000000e+00 	 0.000000e+00 0.000000e+00 0.000000e+00 	 0.000000e+00 0.000000e+00 0.000000e+00 	 0
3.250000 	 -6.051657e-07 -2.039371e-06 -7.908698e-07 	 -3.569582e-06 -2.426449e-06 9.568157e-07 	 -4.174748e-06 -4.465821e-06 1.659460e-07 	 22
3.750000 	 4.757940e-07 -3.852934e-08 3.083867e-07 	 7.230243e-07 -6.599238e-07 1.094859e-06 	 1.198818e-06 -6.984532e-07 1.403246e-06 	 593
4.250000 	 -3.906013e-07 -1.516697e-07 -2.687534e-08 	 -2.137007e-07 1.657242e-07 3.997724e-07 	 -6.043020e-07 1.405453e-08 3.728971e-07 	 877
4.750000 	 1.515111e-07 5.239391e-07 -2.149973e-07 	 5.605670e-08 -8.655396e-07 -2.124864e-07 	 2.075678e-07 -3.416005e-07 -4.274836e-07 	 904
5.250000 	 6.593658e-08 -7.889412e-07 -6.325879e-08 	 1.669925e-07 -9.546509e-07 1.424660e-07 	 2.329291e-07 -1.743592e-06 7.920722e-08 	 905
5.750000 	 1.478366e-09 3.952595e-07 3.356485e-07 	 -3.533013e-07 -4.859440e-07 8.366729e-08 	 -3.518229e-07 -9.068452e-08 4.193158e-07 	 902
6.250000 	 -3.744930e-07 -3.974728e-07 1.691837e-07 	 1.851553e-07 -3.870827e-08 -9.779525e-08 	 -1.893377e-07 -4.361811e-07 7.138841e-08 	 894
6.750000 	 7.439551e-07 -4.611608e-07 -1.668876e-07 	 1.227815e-07 4.876023e-07 4.014101e-07 	 8.667366e-07 2.644152e-08 2.345225e-07 	 907
7.250000 	 3.797045e-07 -4.340254e-07 6.218904e-07 	 -2.052951e-07 1.203516e-06 -2.711828e-07 	 1.744094e-07 7.694909e-07 3.507076e-07 	 908
7.750000 	 1.437256e-07 5.323468e-07 4.440644e-07 	 3.370401e-07 -1.709120e-07 -2.625078e-07 	 4.807657e-07 3.614347e-07 1.815566e-07 	 917
8.250000 	 1.032664e-08 2.169394e-07 -4.032750e-07 	 2.155417e-07 2.303940e-07 -4.810730e-07 	 2.258684e-07 4.473334e-07 -8.843480e-07 	 941
8.750000 	 -7.064086e-07 2.965888e-07 5.590703e-07 	 -4.421408e-08 -2.011223e-07 2.865348e-07 	 -7.506227e-07 9.546646e-08 8.456050e-07 	 892
9.250000 	 2.121422e-07 -3.944554e-07 -6.839978e-07 	 -2.694398e-07 -6.785566e-08 -2.944480e-07 	 -5.729764e-08 -4.623110e-07 -9.784458e-07 	 890
9.750000 	 -5.146899e-07 5.102031e-07 4.212883e-07 	 -2.358153e-08 -5.018346e-07 7.568743e-07 	 -5.382715e-07 8.368510e-09 1.178163e-06 	 907
10.250000 	 -1.882633e-07 9.133427e-08 1.062078e-07 	 1.942167e-07 6.527239e-07 1.410238e-06 	 5.953434e-09 7.440581e-07 1.516446e-06 	 900
10.750000 	 2.833646e-07 -3.292199e-07 -1.066271e-07 	 -1.068292e-07 1.233486e-07 8.754096e-07 	 1.765355e-07 -2.058714e-07 7.687825e-07 	 905
11.250000 	 -4.479514e-07 3.217241e-07 -4.928902e-07 	 -7.809517e-07 4.833983e-07 -4.188708e-08 	 -1.228903e-06 8.051224e-07 -5.347773e-07 	 534
11.750000 	 -5.432872e-07 -3.407823e-06 1.893176e-06 	 1.290454e-06 1.399448e-06 -2.749333e-06 	 7.471672e-07 -2.008376e-06 -8.561569e-07 	 26
12.250000 	 0.000000e+00 0.000000e+00 0.000000e+00 	 0.000000e+00 0.000000e+00 0.000000e+00 	 0.000000e+00 0.000000e+00 0.000000e+00 	 0
12.750000 	 0.000000e+00 0.000000e+00 0.000000e+00 	 0.000000e+00 0.000000e+00 0.000000e+00 	 0.000000e+00 0.000000e+00 0.000000e+00 	 0
13.250000 	 0.000000e+00 0.000000e+00 0.000000e+00 	 0.000000e+00 0.000000e+00 0.000000e+00 	 0.000000e+00 0.000000e+00 0.000000e+00 	 0
13.750000 	 0.000000e+00 0.000000e+00 0.000000e+00 	 0.000000e+00 0.000000e+00 0.000000e+00 	 0.000000e+00 0.000000e+00 0.000000e+00 	 0
14.250000 	 0.000000e+00 0.000000e+00 0.000000e+00 	 0.000000e+00 0.000000e+00 0.000000e+00 	 0.000000e+00 0.000000e+00 0.000000e+00 	 0
14.750000 	 0.000000e+00 0.000000e+00 0.000000e+00 	 0.000000e+00 0.000000e+00 0.000000e+00 	 0.000000e+00 0.000000e+00 0.000000e+00 	 0
