# 1  2-4    5-7    8-10   11     
# x  dirEF  recEF  sumEF  #Sample
0.250000 	 0.000000e+00 0.000000e+00 0.000000e+00 	 0.000000e+00 0.000000e+00 0.000000e+00 	 0.000000e+00 0.000000e+00 0.000000e+00 	 0
0.750000 	 0.000000e+00 0.000000e+00 0.000000e+00 	 0.000000e+00 0.000000e+00 0.000000e+00 	 0.000000e+00 0.000000e+00 0.000000e+00 	 0
1.250000 	 0.000000e+00 0.000000e+00 0.000000e+00 	 0.000000e+00 0.000000e+00 0.000000e+00 	 0.000000e+00 0.000000e+00 0.000000e+00 	 0
1.750000 	 0.000000e+00 0.000000e+00 0.000000e+00 	 0.000000e+00 0.000000e+00 0.000000e+00 	 0.000000e+00 0.000000e+00 0.000000e+00 	 0
2.250000 	 0.000000e+00 0.000000e+00 0.000000e+00 	 0.000000e+00 0.000000e+00 0.000000e+00 	 0.000000e+00 0.000000e+00 0.000000e+00 	 0
2.750000 	 0.000000e+00 0.000000e+00 0.000000e+00 	 0.000000e+00 0.000000e+00 0.000000e+00 	 0.000000e+00 0.000000e+00 0.000000e+00 	 0
3.250000 	 -1.901337e-06 -7.730729e-07 2.770848e-06 	 -1.504516e-06 5.012386e-07 -1.522280e-06 	 -3.405853e-06 -2.718343e-07 1.248568e-06 	 16
3.750000 	 8.173462e-07 4.879170e-07 1.131432e-07 	 7.722716e-07 -1.366779e-07 2.518460e-08 	 1.589618e-06 3.512391e-07 1.383278e-07 	 573
4.250000 	 -6.131640e-07 -7.064487e-08 -3.874743e-07 	 2.315358e-07 -1.354569e-08 -4.603425e-08 	 -3.816283e-07 -8.419057e-08 -4.335086e-07 	 899
4.750000 	 -3.017079e-08 -6.112719e-07 -1.312160e-07 	 6.661273e-08 1.456835e-07 7.970799e-08 	 3.644194e-08 -4.655885e-07 -5.150798e-08 	 923
5.250000 	 3.827237e-07 -1.232903e-07 5.834446e-07 	 -1.861181e-07 -2.511288e-08 -1.260895e-07 	 1.966055e-07 -1.484032e-07 4.573550e-07 	 901
5.750000 	 1.328953e-07 1.531487e-07 6.646733e-07 	 2.673969e-07 7.221497e-08 1.057433e-07 	 4.002922e-07 2.253636e-07 7.704166e-07 	 902
6.250000 	 -2.695646e-07 -1.383227e-07 9.874228e-08 	 -2.268454e-07 -7.256527e-08 1.043476e-08 	 -4.964100e-07 -2.108880e-07 1.091770e-07 	 906
6.750000 	 -5.533725e-08 3.599913e-07 5.874255e-07 	 -5.327526e-08 -6.590020e-09 3.485341e-08 	 -1.086125e-07 3.534013e-07 6.222789e-07 	 911
7.250000 	 3.995018e-07 -2.768716e-07 9.324666e-07 	 1.398157e-07 -3.089851e-09 -1.898989e-07 	 5.393175e-07 -2.799615e-07 7.425676e-07 	 883
7.750000 	 9.078784e-08 9.489107e-08 -2.340998e-07 	 -1.115243e-08 3.620228e-08 -2.363895e-08 	 7.963541e-08 1.310933e-07 -2.577388e-07 	 922
8.250000 	 4.198370e-07 5.499692e-07 -2.820747e-07 	 -3.500054e-07 5.911756e-08 -2.941676e-08 	 6.983155e-08 6.090867e-07 -3.114915e-07 	 909
8.750000 	 -3.725602e-07 1.744641e-07 -8.649396e-07 	 1.970667e-07 8.314262e-08 1.832607e-09 	 -1.754935e-07 2.576067e-07 -8.631070e-07 	 891
9.250000 	 -1.050961e-06 -4.539928e-07 3.566270e-07 	 6.029194e-08 -9.149560e-08 3.482454e-09 	 -9.906692e-07 -5.454884e-07 3.601095e-07 	 912
9.750000 	 1.335196e-07 -4.546111e-07 1.324491e-06 	 -2.366696e-07 -1.061989e-07 -6.022384e-08 	 -1.031500e-07 -5.608100e-07 1.264267e-06 	 905
10.250000 	 -1.194508e-07 -5.821398e-08 -1.112871e-06 	 1.418739e-08 -7.735943e-08 7.648271e-08 	 -1.052634e-07 -1.355734e-07 -1.036388e-06 	 918
10.750000 	 -1.334906e-07 -1.100790e-07 5.889338e-07 	 -4.028016e-08 -8.359840e-08 1.244587e-08 	 -1.737708e-07 -1.936774e-07 6.013797e-07 	 893
11.250000 	 4.949644e-07 -4.900119e-07 -1.064533e-08 	 -6.005138e-07 1.694231e-07 -1.931990e-07 	 -1.055494e-07 -3.205888e-07 -2.038444e-07 	 539
11.750000 	 2.595499e-07 1.241082e-06 1.912576e-06 	 4.177649e-06 -1.048787e-07 -1.751566e-06 	 4.437199e-06 1.136204e-06 1.610102e-07 	 21
12.250000 	 0.000000e+00 0.000000e+00 0.000000e+00 	 0.000000e+00 0.000000e+00 0.000000e+00 	 0.000000e+00 0.000000e+00 0.000000e+00 	 0
12.750000 	 0.000000e+00 0.000000e+00 0.000000e+00 	 0.000000e+00 0.000000e+00 0.000000e+00 	 0.000000e+00 0.000000e+00 0.000000e+00 	 0
13.250000 	 0.000000e+00 0.000000e+00 0.000000e+00 	 0.000000e+00 0.000000e+00 0.000000e+00 	 0.000000e+00 0.000000e+00 0.000000e+00 	 0
13.750000 	 0.000000e+00 0.000000e+00 0.000000e+00 	 0.000000e+00 0.000000e+00 0.000000e+00 	 0.000000e+00 0.000000e+00 0.000000e+00 	 0
14.250000 	 0.000000e+00 0.000000e+00 0.000000e+00 	 0.000000e+00 0.000000e+00 0.000000e+00 	 0.000000e+00 0.000000e+00 0.000000e+00 	 0
14.750000 	 0.000000e+00 0.000000e+00 0.000000e+00 	 0.000000e+00 0.000000e+00 0.000000e+00 	 0.000000e+00 0.000000e+00 0.000000e+00 	 0
