# 1  2-4    5-7    8-10   11     
# x  dirEF  recEF  sumEF  #Sample
0.250000 	 0.000000e+00 0.000000e+00 0.000000e+00 	 0.000000e+00 0.000000e+00 0.000000e+00 	 0.000000e+00 0.000000e+00 0.000000e+00 	 0
0.750000 	 0.000000e+00 0.000000e+00 0.000000e+00 	 0.000000e+00 0.000000e+00 0.000000e+00 	 0.000000e+00 0.000000e+00 0.000000e+00 	 0
1.250000 	 0.000000e+00 0.000000e+00 0.000000e+00 	 0.000000e+00 0.000000e+00 0.000000e+00 	 0.000000e+00 0.000000e+00 0.000000e+00 	 0
1.750000 	 0.000000e+00 0.000000e+00 0.000000e+00 	 0.000000e+00 0.000000e+00 0.000000e+00 	 0.000000e+00 0.000000e+00 0.000000e+00 	 0
2.250000 	 0.000000e+00 0.000000e+00 0.000000e+00 	 0.000000e+00 0.000000e+00 0.000000e+00 	 0.000000e+00 0.000000e+00 0.000000e+00 	 0
2.750000 	 0.000000e+00 0.000000e+00 0.000000e+00 	 0.000000e+00 0.000000e+00 0.000000e+00 	 0.000000e+00 0.000000e+00 0.000000e+00 	 0
3.250000 	 2.983533e-06 1.708751e-06 2.528744e-06 	 -3.234193e-06 5.390482e-06 -3.346729e-07 	 -2.506595e-07 7.099233e-06 2.194071e-06 	 13
3.750000 	 5.640666e-07 7.841426e-07 6.377293e-07 	 1.799094e-08 5.001401e-07 9.567238e-07 	 5.820575e-07 1.284283e-06 1.594453e-06 	 576
4.250000 	 -9.614715e-07 -2.786248e-07 -5.314191e-07 	 3.573496e-07 -1.362660e-07 2.532334e-07 	 -6.041220e-07 -4.148908e-07 -2.781856e-07 	 909
4.750000 	 5.786652e-07 -2.809571e-08 9.633457e-07 	 -3.192020e-07 8.522589e-07 5.534467e-07 	 2.594632e-07 8.241632e-07 1.516792e-06 	 908
5.250000 	 -6.082940e-08 4.802796e-07 4.920944e-07 	 1.003983e-07 -7.962862e-07 -4.264776e-07 	 3.956887e-08 -3.160066e-07 6.561672e-08 	 896
5.750000 	 -8.052514e-07 -1.405959e-07 9.826519e-08 	 3.371001e-07 -8.870948e-07 8.330817e-08 	 -4.681513e-07 -1.027691e-06 1.815734e-07 	 912
6.250000 	 3.942344e-07 -3.792192e-07 -4.218115e-07 	 1.781655e-07 1.018946e-06 1.715311e-06 	 5.723998e-07 6.397264e-07 1.293500e-06 	 903
6.750000 	 -1.121010e-07 4.644644e-07 -3.231840e-08 	 -1.797502e-07 4.638740e-07 3.805450e-07 	 -2.918512e-07 9.283384e-07 3.482266e-07 	 906
7.250000 	 1.274303e-07 7.235055e-07 -2.240613e-07 	 -5.779860e-09 3.386871e-07 1.694808e-07 	 1.216505e-07 1.062193e-06 -5.458045e-08 	 891
7.750000 	 2.479267e-08 -1.418273e-07 9.678784e-10 	 -3.680416e-07 -2.038066e-07 1.533424e-07 	 -3.432489e-07 -3.456340e-07 1.543103e-07 	 920
8.250000 	 2.005806e-07 -7.846060e-07 -5.204805e-07 	 5.078723e-07 6.839120e-07 -5.767923e-07 	 7.084529e-07 -1.006940e-07 -1.097273e-06 	 911
8.750000 	 5.641064e-08 -2.289929e-07 4.100446e-07 	 3.805460e-08 -8.043137e-07 -6.305110e-07 	 9.446524e-08 -1.033307e-06 -2.204664e-07 	 922
9.250000 	 -1.861816e-07 1.124457e-06 4.751847e-07 	 -2.050713e-07 2.476439e-07 1.688162e-07 	 -3.912529e-07 1.372101e-06 6.440009e-07 	 901
9.750000 	 -6.963581e-07 3.408367e-07 -8.650957e-07 	 7.685133e-08 3.389057e-07 3.129668e-07 	 -6.195068e-07 6.797424e-07 -5.521288e-07 	 879
10.250000 	 -4.576545e-07 -4.276682e-07 6.911975e-08 	 2.064873e-07 -6.117335e-07 -2.188823e-07 	 -2.511672e-07 -1.039402e-06 -1.497626e-07 	 909
10.750000 	 4.708885e-07 8.688149e-08 2.352619e-07 	 -5.287027e-07 -4.663687e-08 -2.917367e-09 	 -5.781419e-08 4.024462e-08 2.323445e-07 	 894
11.250000 	 2.321245e-07 5.573286e-07 -8.753516e-08 	 -1.166048e-09 -1.534881e-07 4.632668e-07 	 2.309584e-07 4.038405e-07 3.757317e-07 	 552
11.750000 	 9.055769e-07 -2.735990e-06 2.147171e-06 	 3.419143e-06 -4.124026e-07 -1.414983e-07 	 4.324719e-06 -3.148393e-06 2.005673e-06 	 22
12.250000 	 0.000000e+00 0.000000e+00 0.000000e+00 	 0.000000e+00 0.000000e+00 0.000000e+00 	 0.000000e+00 0.000000e+00 0.000000e+00 	 0
12.750000 	 0.000000e+00 0.000000e+00 0.000000e+00 	 0.000000e+00 0.000000e+00 0.000000e+00 	 0.000000e+00 0.000000e+00 0.000000e+00 	 0
13.250000 	 0.000000e+00 0.000000e+00 0.000000e+00 	 0.000000e+00 0.000000e+00 0.000000e+00 	 0.000000e+00 0.000000e+00 0.000000e+00 	 0
13.750000 	 0.000000e+00 0.000000e+00 0.000000e+00 	 0.000000e+00 0.000000e+00 0.000000e+00 	 0.000000e+00 0.000000e+00 0.000000e+00 	 0
14.250000 	 0.000000e+00 0.000000e+00 0.000000e+00 	 0.000000e+00 0.000000e+00 0.000000e+00 	 0.000000e+00 0.000000e+00 0.000000e+00 	 0
14.750000 	 0.000000e+00 0.000000e+00 0.000000e+00 	 0.000000e+00 0.000000e+00 0.000000e+00 	 0.000000e+00 0.000000e+00 0.000000e+00 	 0
