# 1  2-4    5-7    8-10   11     
# x  dirEF  recEF  sumEF  #Sample
0.250000 	 0.000000e+00 0.000000e+00 0.000000e+00 	 0.000000e+00 0.000000e+00 0.000000e+00 	 0.000000e+00 0.000000e+00 0.000000e+00 	 0
0.750000 	 0.000000e+00 0.000000e+00 0.000000e+00 	 0.000000e+00 0.000000e+00 0.000000e+00 	 0.000000e+00 0.000000e+00 0.000000e+00 	 0
1.250000 	 0.000000e+00 0.000000e+00 0.000000e+00 	 0.000000e+00 0.000000e+00 0.000000e+00 	 0.000000e+00 0.000000e+00 0.000000e+00 	 0
1.750000 	 0.000000e+00 0.000000e+00 0.000000e+00 	 0.000000e+00 0.000000e+00 0.000000e+00 	 0.000000e+00 0.000000e+00 0.000000e+00 	 0
2.250000 	 0.000000e+00 0.000000e+00 0.000000e+00 	 0.000000e+00 0.000000e+00 0.000000e+00 	 0.000000e+00 0.000000e+00 0.000000e+00 	 0
2.750000 	 0.000000e+00 0.000000e+00 0.000000e+00 	 0.000000e+00 0.000000e+00 0.000000e+00 	 0.000000e+00 0.000000e+00 0.000000e+00 	 0
3.250000 	 -1.901337e-06 -7.730729e-07 2.770848e-06 	 -3.277525e-06 6.872028e-06 1.110281e-05 	 -5.178862e-06 6.098955e-06 1.387366e-05 	 16
3.750000 	 8.173462e-07 4.879170e-07 1.131432e-07 	 2.074088e-06 -2.287411e-06 5.237470e-06 	 2.891434e-06 -1.799494e-06 5.350614e-06 	 573
4.250000 	 -6.131641e-07 -7.064487e-08 -3.874743e-07 	 -4.279755e-06 -1.518787e-06 -1.608020e-06 	 -4.892919e-06 -1.589432e-06 -1.995494e-06 	 899
4.750000 	 -3.017079e-08 -6.112719e-07 -1.312160e-07 	 3.206471e-06 2.461187e-06 -8.244727e-07 	 3.176300e-06 1.849915e-06 -9.556887e-07 	 923
5.250000 	 3.827237e-07 -1.232903e-07 5.834446e-07 	 1.515646e-06 4.239799e-06 3.078463e-06 	 1.898370e-06 4.116508e-06 3.661907e-06 	 901
5.750000 	 1.328953e-07 1.531487e-07 6.646733e-07 	 1.154256e-08 -1.892448e-06 1.121017e-06 	 1.444379e-07 -1.739299e-06 1.785690e-06 	 902
6.250000 	 -2.695646e-07 -1.383227e-07 9.874228e-08 	 -9.168655e-07 -1.477809e-06 5.618104e-07 	 -1.186430e-06 -1.616132e-06 6.605527e-07 	 906
6.750000 	 -5.533725e-08 3.599913e-07 5.874255e-07 	 1.914571e-07 -1.418989e-06 1.387749e-06 	 1.361198e-07 -1.058998e-06 1.975174e-06 	 911
7.250000 	 3.995018e-07 -2.768716e-07 9.324666e-07 	 1.827293e-06 -2.510159e-07 4.428707e-07 	 2.226794e-06 -5.278875e-07 1.375337e-06 	 883
7.750000 	 9.078784e-08 9.489107e-08 -2.340998e-07 	 2.385569e-06 3.868329e-07 2.209605e-06 	 2.476357e-06 4.817240e-07 1.975505e-06 	 922
8.250000 	 4.198370e-07 5.499692e-07 -2.820747e-07 	 -3.521228e-06 -1.178952e-07 -7.646605e-07 	 -3.101391e-06 4.320740e-07 -1.046735e-06 	 909
8.750000 	 -3.725602e-07 1.744641e-07 -8.649396e-07 	 2.614552e-06 -1.334730e-06 -2.514058e-07 	 2.241992e-06 -1.160266e-06 -1.116345e-06 	 891
9.250000 	 -1.050961e-06 -4.539928e-07 3.566270e-07 	 -3.326462e-06 1.049421e-06 -1.164731e-06 	 -4.377423e-06 5.954282e-07 -8.081035e-07 	 912
9.750000 	 1.335196e-07 -4.546111e-07 1.324491e-06 	 -1.348341e-06 -1.441093e-06 -1.925602e-06 	 -1.214822e-06 -1.895704e-06 -6.011108e-07 	 905
10.250000 	 -1.194508e-07 -5.821398e-08 -1.112871e-06 	 -5.189664e-06 1.445882e-07 -2.691241e-06 	 -5.309115e-06 8.637417e-08 -3.804111e-06 	 918
10.750000 	 -1.334906e-07 -1.100790e-07 5.889338e-07 	 2.352828e-06 -1.644275e-06 1.582001e-06 	 2.219337e-06 -1.754354e-06 2.170935e-06 	 893
11.250000 	 4.949644e-07 -4.900119e-07 -1.064533e-08 	 -5.648514e-06 3.905297e-06 3.369949e-06 	 -5.153550e-06 3.415285e-06 3.359304e-06 	 539
11.750000 	 2.595499e-07 1.241082e-06 1.912576e-06 	 -1.106776e-05 2.835403e-06 -1.672536e-05 	 -1.080821e-05 4.076486e-06 -1.481278e-05 	 21
12.250000 	 0.000000e+00 0.000000e+00 0.000000e+00 	 0.000000e+00 0.000000e+00 0.000000e+00 	 0.000000e+00 0.000000e+00 0.000000e+00 	 0
12.750000 	 0.000000e+00 0.000000e+00 0.000000e+00 	 0.000000e+00 0.000000e+00 0.000000e+00 	 0.000000e+00 0.000000e+00 0.000000e+00 	 0
13.250000 	 0.000000e+00 0.000000e+00 0.000000e+00 	 0.000000e+00 0.000000e+00 0.000000e+00 	 0.000000e+00 0.000000e+00 0.000000e+00 	 0
13.750000 	 0.000000e+00 0.000000e+00 0.000000e+00 	 0.000000e+00 0.000000e+00 0.000000e+00 	 0.000000e+00 0.000000e+00 0.000000e+00 	 0
14.250000 	 0.000000e+00 0.000000e+00 0.000000e+00 	 0.000000e+00 0.000000e+00 0.000000e+00 	 0.000000e+00 0.000000e+00 0.000000e+00 	 0
14.750000 	 0.000000e+00 0.000000e+00 0.000000e+00 	 0.000000e+00 0.000000e+00 0.000000e+00 	 0.000000e+00 0.000000e+00 0.000000e+00 	 0
