# 1      2         3-4       5-6
# x  RMS-E  E_inhomo^2  E_homo^2
0.198020 1.129261e-04   9.567067e-11 1.107326e-33 1.265664e-08 -6.016705e-22
0.594059 1.131730e-04   4.946210e-11 3.636144e-32 1.275867e-08 -4.072865e-21
0.990099 1.124024e-04   4.334037e-11 2.627410e-32 1.259096e-08 -2.160876e-21
1.386139 1.130301e-04   5.085324e-11 3.088597e-32 1.272495e-08 -4.137627e-21
1.782178 1.118664e-04   1.958271e-10 9.733250e-32 1.231827e-08 5.471685e-22
2.178218 1.111680e-04   3.040684e-10 2.340815e-33 1.205426e-08 5.331433e-21
2.574257 1.092857e-04   2.145090e-10 1.103328e-31 1.172886e-08 9.546248e-21
2.970297 1.092330e-04   8.009407e-11 1.914261e-33 1.185175e-08 5.501701e-21
3.366337 1.101762e-04   4.210738e-11 1.648222e-32 1.209669e-08 6.909996e-22
3.762376 1.135581e-04   3.676068e-11 8.061358e-33 1.285869e-08 -1.467576e-21
4.158416 1.147224e-04   2.990771e-11 9.600489e-33 1.313131e-08 8.301030e-23
4.554455 1.166696e-04   7.800383e-12 4.479796e-33 1.360400e-08 1.432769e-21
4.950495 1.146823e-04   2.381827e-11 6.134534e-32 1.312821e-08 5.586699e-22
5.346535 1.152766e-04   6.925935e-12 8.435822e-33 1.328177e-08 8.618009e-22
5.742574 1.148958e-04   2.260173e-11 1.874404e-32 1.317845e-08 -1.725730e-22
6.138614 1.149817e-04   7.229682e-11 3.649308e-32 1.314849e-08 3.752186e-21
6.534653 1.135387e-04   1.570356e-10 4.735937e-33 1.273399e-08 4.373568e-21
6.930693 1.133699e-04   2.188378e-10 8.530557e-32 1.263391e-08 8.052627e-21
7.326733 1.135236e-04   1.374145e-10 6.088429e-33 1.275019e-08 5.850987e-21
7.722772 1.130071e-04   9.600203e-11 7.376638e-32 1.267461e-08 7.293946e-21
8.118812 1.121313e-04   2.830947e-11 7.882709e-33 1.254512e-08 1.432313e-21
8.514851 1.118490e-04   1.719029e-10 2.401585e-32 1.233830e-08 4.265847e-21
8.910891 1.171970e-04   1.009163e-09 1.539990e-32 1.272597e-08 4.585859e-22
9.306931 1.145183e-04   2.799787e-10 7.006809e-33 1.283445e-08 2.416573e-21
9.702970 1.176804e-04   1.010554e-09 6.102255e-33 1.283813e-08 2.968701e-21
10.099010 1.171014e-04   1.082027e-09 1.113869e-33 1.263072e-08 2.032862e-21
10.495050 1.131267e-04   3.321860e-11 8.736051e-34 1.276444e-08 1.727102e-22
10.891089 1.150692e-04   2.172847e-10 1.038915e-32 1.302363e-08 -2.178941e-22
11.287129 1.156959e-04   7.064660e-11 2.421289e-32 1.331489e-08 -4.232043e-22
11.683168 1.161730e-04   3.872100e-11 9.867893e-32 1.345744e-08 -7.858856e-23
12.079208 1.152830e-04   3.578605e-11 4.473386e-32 1.325438e-08 -1.825769e-21
12.475248 1.153605e-04   1.643737e-11 1.318425e-31 1.329161e-08 5.000197e-21
12.871287 1.143898e-04   8.091440e-11 2.268515e-32 1.300411e-08 7.710545e-22
13.267327 1.153051e-04   2.557603e-11 7.052726e-32 1.326969e-08 -1.195389e-21
13.663366 1.132680e-04   5.015224e-11 1.285045e-32 1.277949e-08 -2.503808e-21
14.059406 1.129953e-04   4.545221e-11 3.795408e-33 1.272249e-08 -1.149763e-21
14.455446 1.123187e-04   4.013715e-11 7.205117e-32 1.257535e-08 -4.099667e-21
14.851485 1.128908e-04   4.533369e-11 2.525365e-32 1.269901e-08 -5.728685e-21
15.247525 1.108297e-04   7.087479e-11 7.782809e-33 1.221235e-08 -4.831867e-21
15.643564 1.119061e-04   2.355165e-11 1.409593e-32 1.249943e-08 1.081971e-21
16.039604 1.119551e-04   6.342327e-11 3.131287e-33 1.247051e-08 6.705837e-22
16.435644 1.128414e-04   2.216884e-11 5.873527e-34 1.271102e-08 1.087314e-21
16.831683 1.132449e-04   5.798740e-11 1.012550e-32 1.276643e-08 5.633007e-21
17.227723 1.136584e-04   1.220203e-10 1.105365e-32 1.279621e-08 1.995683e-21
17.623762 1.134866e-04   1.335588e-10 3.779284e-32 1.274566e-08 -2.436933e-22
18.019802 1.125185e-04   6.168017e-11 1.223412e-31 1.259872e-08 -2.917633e-21
18.415842 1.098401e-04   1.772851e-10 1.897056e-32 1.188757e-08 5.876822e-22
18.811881 1.090730e-04   1.752560e-11 2.802482e-31 1.187939e-08 -9.148741e-23
19.207921 1.087517e-04   1.015285e-10 1.839885e-33 1.172539e-08 -8.664281e-22
19.603960 1.104268e-04   5.130565e-11 1.221260e-31 1.214277e-08 -1.563358e-21
20.000000 1.095984e-04   8.165509e-11 4.642163e-32 1.193015e-08 -4.206885e-21
20.396040 1.094668e-04   7.434513e-12 1.754865e-32 1.197555e-08 -2.099486e-22
20.792079 1.105568e-04   6.147760e-11 7.125784e-32 1.216133e-08 9.916568e-22
21.188119 1.124091e-04   5.024898e-11 1.287855e-32 1.258556e-08 4.030372e-21
21.584158 1.139653e-04   3.197964e-11 3.011545e-32 1.295611e-08 -1.335244e-21
21.980198 1.127300e-04   6.938008e-11 2.060014e-33 1.263868e-08 -4.331675e-22
22.376238 1.110133e-04   2.877666e-11 3.362702e-32 1.229518e-08 -2.334571e-21
22.772277 1.095068e-04   3.759500e-11 3.616251e-33 1.195414e-08 -2.143548e-21
23.168317 1.102324e-04   7.458956e-11 1.868293e-32 1.207659e-08 -2.239481e-21
23.564356 1.113966e-04   9.063127e-11 4.188836e-32 1.231858e-08 -1.200578e-21
23.960396 1.128702e-04   2.145681e-11 2.472374e-32 1.271822e-08 -4.365461e-21
24.356436 1.127880e-04   1.341310e-10 4.550827e-32 1.258700e-08 -2.212740e-21
24.752475 1.151775e-04   4.942278e-11 1.038148e-32 1.321644e-08 -2.831592e-21
25.148515 1.158880e-04   2.115910e-10 2.369380e-34 1.321843e-08 5.679683e-22
25.544554 1.162681e-04   9.338400e-12 1.805630e-33 1.350892e-08 -3.910505e-21
25.940594 1.151026e-04   4.270756e-11 1.208999e-32 1.320590e-08 -2.589302e-21
26.336634 1.134527e-04   2.802867e-11 8.347469e-33 1.284348e-08 3.106581e-22
26.732673 1.111687e-04   5.203570e-11 3.905651e-33 1.230644e-08 6.949605e-22
27.128713 1.118742e-04   9.630665e-11 1.547517e-31 1.241954e-08 2.728359e-21
27.524752 1.121706e-04   1.363833e-10 8.754802e-32 1.244586e-08 3.073465e-21
27.920792 1.128127e-04   2.089809e-10 3.638748e-31 1.251773e-08 9.989867e-22
28.316832 1.106388e-04   1.069357e-10 3.787849e-32 1.213400e-08 -5.684543e-22
28.712871 1.129411e-04   4.948409e-10 2.803450e-31 1.226086e-08 -2.196171e-21
29.108911 1.124779e-04   3.459932e-10 4.581754e-33 1.230529e-08 2.143668e-21
29.504950 1.142518e-04   1.766085e-10 7.367290e-33 1.287688e-08 -3.420408e-21
29.900990 1.169464e-04   9.019664e-10 4.390782e-32 1.277449e-08 2.620717e-21
30.297030 1.173030e-04   6.294420e-10 3.494032e-32 1.313054e-08 5.505542e-22
30.693069 1.143276e-04   5.649567e-11 3.256587e-32 1.301431e-08 -9.811626e-23
31.089109 1.167856e-04   6.231649e-10 4.950398e-32 1.301571e-08 1.731577e-22
31.485149 1.142115e-04   1.262045e-10 6.951008e-33 1.291806e-08 4.910392e-22
31.881188 1.136093e-04   6.857524e-11 9.243956e-33 1.283851e-08 -3.640406e-21
32.277228 1.117603e-04   1.218968e-10 4.709438e-32 1.236848e-08 -5.889179e-22
32.673267 1.112746e-04   8.226847e-11 3.107988e-33 1.229977e-08 2.000454e-22
33.069307 1.107713e-04   2.321679e-10 5.181956e-32 1.203812e-08 3.466684e-22
33.465347 1.122921e-04   9.730560e-11 2.803313e-32 1.251222e-08 -1.784232e-21
33.861386 1.102953e-04   1.200591e-10 2.734338e-32 1.204499e-08 -3.006448e-21
34.257426 1.129417e-04   6.806880e-11 7.259461e-32 1.268777e-08 -3.770992e-22
34.653465 1.131209e-04   8.872510e-11 1.527606e-33 1.270762e-08 -2.844037e-22
35.049505 1.163878e-04   1.919051e-10 3.652188e-32 1.335422e-08 3.556495e-21
35.445545 1.166686e-04   3.519376e-11 4.089472e-32 1.357636e-08 1.125475e-21
35.841584 1.156814e-04   2.650559e-10 1.162537e-32 1.311714e-08 -1.876796e-22
36.237624 1.138231e-04   8.424371e-11 2.329035e-32 1.287146e-08 2.978611e-21
36.633663 1.121597e-04   3.914809e-11 2.247136e-34 1.254066e-08 1.527529e-21
37.029703 1.125263e-04   1.186884e-10 1.184436e-33 1.254347e-08 7.690919e-22
37.425743 1.134985e-04   3.537263e-11 9.583919e-33 1.284654e-08 -1.304113e-21
37.821782 1.122067e-04   2.553136e-11 1.355355e-33 1.256481e-08 -1.652827e-21
38.217822 1.127801e-04   8.722331e-11 1.177680e-32 1.263214e-08 -1.519035e-21
38.613861 1.107392e-04   7.024665e-11 4.208320e-33 1.219293e-08 -6.737117e-22
39.009901 1.115143e-04   3.155414e-12 7.188069e-32 1.243228e-08 9.763230e-23
39.405941 1.116256e-04   1.155771e-10 1.157054e-33 1.234471e-08 3.112779e-21
39.801980 1.119508e-04   7.880687e-11 3.062505e-32 1.245418e-08 2.915157e-21
