# 1  2-4    5-7    8-10   11     
# x  dirEF  recEF  sumEF  #Sample
0.500000 	 -3.058292e-05 -1.504526e-05 2.991293e-05 	 1.109987e-06 -1.007657e-05 3.670114e-07 	 -2.947294e-05 -2.512183e-05 3.027994e-05 	 20
1.500000 	 -1.151469e-05 -8.309099e-07 8.414868e-06 	 -7.644076e-06 1.493571e-05 1.927202e-05 	 -1.915877e-05 1.410480e-05 2.768689e-05 	 20
2.500000 	 1.913705e-05 1.151933e-05 -2.571967e-05 	 -2.284885e-05 -3.899007e-07 -1.443245e-05 	 -3.711806e-06 1.112943e-05 -4.015212e-05 	 24
3.500000 	 -4.243313e-05 8.299281e-06 1.971140e-05 	 5.340571e-06 1.286951e-06 2.477342e-05 	 -3.709256e-05 9.586232e-06 4.448482e-05 	 20
4.500000 	 1.330182e-05 -1.057697e-05 4.710146e-06 	 1.058465e-05 4.581154e-06 -5.265771e-06 	 2.388647e-05 -5.995811e-06 -5.556258e-07 	 22
5.500000 	 4.295132e-05 1.440869e-06 -2.958758e-05 	 -5.572620e-08 -1.104255e-05 -1.022615e-05 	 4.289559e-05 -9.601686e-06 -3.981372e-05 	 14
6.500000 	 -1.159930e-05 -1.718060e-05 -2.849295e-06 	 -6.927795e-06 2.268947e-05 -2.121815e-05 	 -1.852710e-05 5.508878e-06 -2.406744e-05 	 23
7.500000 	 -1.531105e-04 -1.198835e-05 -2.525906e-05 	 1.097679e-05 6.229449e-06 1.665128e-05 	 -1.421337e-04 -5.758901e-06 -8.607783e-06 	 24
8.500000 	 -3.482197e-04 -1.576103e-05 -6.325595e-05 	 8.282686e-06 1.363621e-05 3.265077e-05 	 -3.399370e-04 -2.124820e-06 -3.060517e-05 	 22
9.500000 	 -4.324574e-04 -6.023123e-06 1.694786e-05 	 -1.535200e-05 2.573711e-06 -7.457671e-06 	 -4.478094e-04 -3.449412e-06 9.490185e-06 	 98
10.500000 	 -4.187190e-04 8.387191e-09 -2.705826e-06 	 4.904112e-06 3.423027e-06 -1.002041e-06 	 -4.138148e-04 3.431414e-06 -3.707867e-06 	 326
11.500000 	 -3.261560e-04 5.234867e-07 3.087990e-06 	 5.779453e-06 -2.815827e-06 -1.862029e-06 	 -3.203766e-04 -2.292340e-06 1.225961e-06 	 391
12.500000 	 -1.451522e-04 -1.309547e-06 2.608481e-06 	 -5.914096e-06 6.074255e-07 -2.355346e-07 	 -1.510663e-04 -7.021214e-07 2.372946e-06 	 413
13.500000 	 -2.260532e-05 -4.630255e-07 -1.046929e-05 	 1.281567e-06 -2.008394e-06 1.605767e-06 	 -2.132376e-05 -2.471419e-06 -8.863526e-06 	 429
14.500000 	 9.109123e-06 3.374071e-07 8.749192e-07 	 1.510197e-06 -3.006405e-06 1.025433e-06 	 1.061932e-05 -2.668998e-06 1.900352e-06 	 386
15.500000 	 8.536915e-06 6.104130e-06 -1.873282e-06 	 -5.085759e-06 2.329160e-06 -1.498042e-06 	 3.451156e-06 8.433290e-06 -3.371325e-06 	 376
16.500000 	 6.567683e-06 -2.250447e-07 1.841839e-06 	 -9.108037e-07 -1.584723e-06 -4.872107e-07 	 5.656879e-06 -1.809768e-06 1.354629e-06 	 417
17.500000 	 -2.432203e-06 -5.908674e-06 5.654923e-07 	 2.523276e-06 2.151557e-06 9.241709e-07 	 9.107388e-08 -3.757117e-06 1.489663e-06 	 369
18.500000 	 6.725870e-06 6.030743e-07 3.393211e-06 	 3.289427e-06 -1.673924e-06 1.859969e-06 	 1.001530e-05 -1.070850e-06 5.253180e-06 	 408
19.500000 	 -1.230610e-05 -2.018870e-06 1.404209e-06 	 -5.039503e-06 1.306325e-06 -3.800761e-06 	 -1.734560e-05 -7.125450e-07 -2.396552e-06 	 400
20.500000 	 -1.984730e-05 3.631099e-07 -1.054525e-06 	 5.024191e-06 1.857293e-06 4.258656e-07 	 -1.482311e-05 2.220403e-06 -6.286598e-07 	 374
21.500000 	 -6.814190e-06 8.330181e-06 7.601688e-06 	 -2.144764e-06 2.114571e-06 -1.131770e-06 	 -8.958954e-06 1.044475e-05 6.469918e-06 	 409
22.500000 	 6.449255e-06 -6.917337e-06 -6.568392e-06 	 3.595888e-06 -2.242842e-06 2.375266e-06 	 1.004514e-05 -9.160179e-06 -4.193126e-06 	 429
23.500000 	 3.315129e-06 -9.434958e-08 -1.062791e-06 	 3.760934e-06 -6.892400e-07 8.262885e-09 	 7.076064e-06 -7.835896e-07 -1.054529e-06 	 416
24.500000 	 1.217870e-05 -7.175045e-06 -1.637089e-07 	 -7.384643e-06 7.738736e-07 7.186530e-07 	 4.794053e-06 -6.401171e-06 5.549441e-07 	 382
25.500000 	 5.324825e-06 2.956974e-07 -9.007541e-07 	 2.068947e-06 -2.579427e-06 -9.525037e-07 	 7.393772e-06 -2.283729e-06 -1.853258e-06 	 398
26.500000 	 3.045903e-05 -3.135846e-06 -2.597984e-06 	 3.943941e-07 7.972562e-07 -3.764916e-07 	 3.085343e-05 -2.338590e-06 -2.974476e-06 	 389
27.500000 	 1.564910e-04 4.355256e-06 6.155099e-06 	 4.949794e-07 2.180417e-06 -5.385565e-08 	 1.569860e-04 6.535673e-06 6.101244e-06 	 401
28.500000 	 3.179746e-04 -1.656299e-06 -3.031063e-06 	 -8.984110e-06 1.576995e-07 2.742166e-06 	 3.089905e-04 -1.498599e-06 -2.888970e-07 	 398
29.500000 	 4.083072e-04 4.439655e-06 7.893499e-06 	 5.545731e-06 -4.039117e-06 -3.762449e-06 	 4.138530e-04 4.005382e-07 4.131050e-06 	 309
30.500000 	 4.227688e-04 -7.556356e-06 8.836654e-06 	 1.461428e-05 -4.559762e-06 -9.076307e-06 	 4.373831e-04 -1.211612e-05 -2.396535e-07 	 98
31.500000 	 3.079880e-04 -2.034124e-05 6.451329e-06 	 -1.506274e-05 8.696377e-06 8.716959e-06 	 2.929253e-04 -1.164486e-05 1.516829e-05 	 26
32.500000 	 1.011782e-04 -2.507369e-05 1.509868e-05 	 4.058873e-06 -1.170236e-05 1.131466e-05 	 1.052371e-04 -3.677605e-05 2.641334e-05 	 17
33.500000 	 3.116888e-05 4.589862e-05 -2.102343e-05 	 -4.332552e-06 3.547834e-05 1.624383e-05 	 2.683633e-05 8.137696e-05 -4.779591e-06 	 19
34.500000 	 -2.356189e-05 3.424051e-06 -7.426441e-06 	 -1.641586e-05 -2.091714e-05 2.181077e-05 	 -3.997775e-05 -1.749309e-05 1.438433e-05 	 15
35.500000 	 -6.187359e-06 -3.757265e-06 2.144627e-06 	 2.356526e-05 3.887134e-06 1.363946e-05 	 1.737791e-05 1.298684e-07 1.578409e-05 	 18
36.500000 	 3.556922e-05 1.846311e-05 2.107804e-06 	 3.920088e-06 -4.160285e-06 8.011802e-06 	 3.948931e-05 1.430282e-05 1.011961e-05 	 23
37.500000 	 -2.649588e-06 -2.876006e-06 9.003241e-06 	 2.976260e-05 -2.295204e-05 1.556483e-05 	 2.711301e-05 -2.582805e-05 2.456807e-05 	 27
38.500000 	 1.665282e-05 -1.765543e-06 -1.150328e-05 	 -5.338611e-06 -1.441726e-05 5.911619e-06 	 1.131421e-05 -1.618280e-05 -5.591660e-06 	 25
39.500000 	 -1.556778e-05 1.840905e-05 -1.723423e-06 	 1.902233e-06 8.879261e-06 -1.605073e-05 	 -1.366554e-05 2.728831e-05 -1.777415e-05 	 25
