0.500000 2.750000e+00 nan
1.500000 2.750000e+00 2.165167e-03
2.500000 2.750000e+00 nan
3.500000 2.750000e+00 2.200715e-03
4.500000 2.750000e+00 nan
5.500000 2.750000e+00 2.248216e-03
6.500000 2.750000e+00 nan
7.500000 2.750000e+00 2.308475e-03
8.500000 2.750000e+00 nan
9.500000 2.750000e+00 2.380275e-03
10.500000 2.750000e+00 nan
11.500000 2.750000e+00 2.465947e-03
12.500000 2.750000e+00 nan
13.500000 2.750000e+00 2.567331e-03
14.500000 2.750000e+00 nan
15.500000 2.750000e+00 2.686729e-03
16.500000 2.750000e+00 nan
17.500000 2.750000e+00 2.827037e-03
18.500000 2.750000e+00 nan
19.500000 2.750000e+00 2.996151e-03
20.500000 2.750000e+00 nan
21.500000 2.750000e+00 3.196833e-03
22.500000 2.750000e+00 nan
23.500000 2.750000e+00 3.439269e-03
24.500000 2.750000e+00 nan
25.500000 2.750000e+00 3.744385e-03
26.500000 2.750000e+00 nan
27.500000 2.750000e+00 4.142078e-03
28.500000 2.750000e+00 nan
29.500000 2.750000e+00 4.702481e-03
30.500000 2.750000e+00 nan
31.500000 2.750000e+00 5.627514e-03
32.500000 2.750000e+00 nan
33.500000 2.750000e+00 7.738480e-03
34.500000 2.750000e+00 2.313333e-03
35.500000 4.000000e+00 1.659646e-02
36.500000 4.750000e+00 1.809627e-02
37.500000 5.000000e+00 2.887654e-02
38.500000 5.000000e+00 2.963380e-02
39.500000 5.000000e+00 2.624252e-02
40.500000 5.000000e+00 2.889661e-02
41.500000 5.000000e+00 2.966521e-02
42.500000 5.000000e+00 2.912444e-02
43.500000 5.000000e+00 2.648593e-02
44.500000 5.000000e+00 2.979398e-02
45.500000 5.000000e+00 2.782378e-02
46.500000 4.250000e+00 2.916496e-02
47.500000 3.750000e+00 2.761432e-02
48.500000 3.500000e+00 2.560146e-02
49.500000 3.500000e+00 2.596219e-02
50.500000 3.500000e+00 2.692021e-02
51.500000 3.500000e+00 2.705262e-02
52.500000 3.750000e+00 2.692012e-02
53.500000 3.750000e+00 2.681524e-02
54.500000 3.750000e+00 2.806903e-02
55.500000 3.750000e+00 2.717669e-02
56.500000 3.750000e+00 2.040996e-02
57.500000 3.750000e+00 2.880493e-02
58.500000 3.750000e+00 1.982985e-02
59.500000 3.750000e+00 2.862680e-02
60.500000 3.750000e+00 2.938029e-02
61.500000 3.750000e+00 2.656686e-02
62.500000 3.750000e+00 2.688396e-02
63.500000 3.500000e+00 2.620984e-02
64.500000 3.500000e+00 2.742233e-02
65.500000 3.500000e+00 2.747045e-02
66.500000 3.500000e+00 2.779002e-02
67.500000 3.500000e+00 2.634632e-02
68.500000 3.500000e+00 2.675799e-02
69.500000 3.500000e+00 2.824550e-02
70.500000 3.500000e+00 2.670137e-02
71.500000 3.500000e+00 2.768589e-02
72.500000 3.500000e+00 2.708217e-02
73.500000 3.500000e+00 2.710853e-02
74.500000 3.500000e+00 2.655813e-02
75.500000 3.500000e+00 2.584423e-02
76.500000 3.500000e+00 2.693709e-02
77.500000 3.500000e+00 2.701394e-02
78.500000 3.500000e+00 2.664282e-02
79.500000 3.500000e+00 2.763432e-02
80.500000 3.500000e+00 2.998782e-02
81.500000 3.750000e+00 2.660830e-02
82.500000 4.500000e+00 2.765694e-02
83.500000 5.000000e+00 2.560760e-02
84.500000 5.000000e+00 2.890518e-02
85.500000 5.000000e+00 2.869438e-02
86.500000 5.000000e+00 3.012266e-02
87.500000 5.000000e+00 2.907868e-02
88.500000 5.000000e+00 2.675909e-02
89.500000 5.000000e+00 2.436606e-02
90.500000 5.000000e+00 2.534021e-02
91.500000 4.750000e+00 2.870256e-02
92.500000 4.250000e+00 1.048178e-02
93.500000 2.750000e+00 1.000583e-02
94.500000 2.750000e+00 3.394272e-03
95.500000 2.750000e+00 4.897265e-03
96.500000 2.750000e+00 1.499923e-03
97.500000 2.750000e+00 3.679316e-03
98.500000 2.750000e+00 1.030332e-03
99.500000 2.750000e+00 3.171359e-03
100.500000 2.750000e+00 8.397322e-04
101.500000 2.750000e+00 2.882937e-03
102.500000 2.750000e+00 7.330258e-04
103.500000 2.750000e+00 2.693117e-03
104.500000 2.750000e+00 6.477595e-04
105.500000 2.750000e+00 2.550597e-03
106.500000 2.750000e+00 5.875254e-04
107.500000 2.750000e+00 2.440290e-03
108.500000 2.750000e+00 5.291104e-04
109.500000 2.750000e+00 2.353677e-03
110.500000 2.750000e+00 4.720421e-04
111.500000 2.750000e+00 2.283864e-03
112.500000 2.750000e+00 4.323033e-04
113.500000 2.750000e+00 2.227499e-03
114.500000 2.750000e+00 3.852428e-04
115.500000 2.750000e+00 2.186829e-03
116.500000 2.750000e+00 3.393481e-04
117.500000 2.750000e+00 2.151571e-03
118.500000 2.750000e+00 3.040101e-04
119.500000 2.750000e+00 2.129169e-03
120.500000 2.750000e+00 2.639924e-04
121.500000 2.750000e+00 2.116268e-03
122.500000 2.750000e+00 2.268453e-04
123.500000 2.750000e+00 2.114383e-03
124.500000 2.750000e+00 1.732954e-04
125.500000 2.750000e+00 2.121197e-03
126.500000 2.750000e+00 9.853403e-05
127.500000 2.750000e+00 2.136981e-03
