# setting device to 0
# total 21584 atoms found, 0 types are presented in mapping file
# init DensityProfile_PiecewiseConst
# init AdaptRCut
# AdaptRCut nx, ny, nz are 128 64 128
# reinit: start build k mat 1 ... done
# reinit: start build k mat 2 ... done
# init AssignRCut
# energy correction is 0.000000
# pressure correction is 0.000000
#@ length of the neighbor list is 1426
# prepare ok, start to run
# prepare ok, start to run
#*     1     2           3         4            5       6       7
#* nstep  time  nonBondedE  kineticE  temperature  totalE  Npairs
000000100 2.000000e-01 -1.5737444e+05 2.3879494e+04 7.3767030e-01 -1.3349494e+05 1.16338e+07
000000200 4.000000e-01 -1.5726039e+05 2.3765895e+04 7.3416105e-01 -1.3349450e+05 1.16328e+07
000000300 6.000000e-01 -1.5686409e+05 2.3781965e+04 7.3465749e-01 -1.3308212e+05 1.00600e+07
000000400 8.000000e-01 -1.5680709e+05 2.3726467e+04 7.3294308e-01 -1.3308062e+05 1.00552e+07
000000500 1.000000e+00 -1.5669380e+05 2.3612717e+04 7.2942918e-01 -1.3308108e+05 1.00482e+07
000000600 1.200000e+00 -1.5686109e+05 2.3781312e+04 7.3463734e-01 -1.3307978e+05 1.00527e+07
000000700 1.400000e+00 -1.5690961e+05 2.3828838e+04 7.3610546e-01 -1.3308077e+05 1.00477e+07
000000800 1.600000e+00 -1.5693741e+05 2.3857262e+04 7.3698351e-01 -1.3308014e+05 1.00527e+07
000000900 1.800000e+00 -1.5689733e+05 2.3818986e+04 7.3580113e-01 -1.3307834e+05 1.00465e+07
000001000 2.000000e+00 -1.5688731e+05 2.3808102e+04 7.3546489e-01 -1.3307922e+05 1.00557e+07
000001100 2.200000e+00 -1.5690741e+05 2.3824809e+04 7.3598099e-01 -1.3308259e+05 1.00623e+07
000001200 2.400000e+00 -1.5691798e+05 2.3838311e+04 7.3639808e-01 -1.3307967e+05 1.00566e+07
000001300 2.600000e+00 -1.5686378e+05 2.3786029e+04 7.3478304e-01 -1.3307775e+05 1.00560e+07
000001400 2.800000e+00 -1.5675864e+05 2.3679543e+04 7.3149354e-01 -1.3307909e+05 1.00606e+07
000001500 3.000000e+00 -1.5686219e+05 2.3781986e+04 7.3465815e-01 -1.3308020e+05 1.00525e+07
000001600 3.200000e+00 -1.5679697e+05 2.3717559e+04 7.3266789e-01 -1.3307941e+05 1.00566e+07
000001700 3.400000e+00 -1.5690416e+05 2.3824305e+04 7.3596542e-01 -1.3307984e+05 1.00487e+07
000001800 3.600000e+00 -1.5685400e+05 2.3773402e+04 7.3439298e-01 -1.3308059e+05 1.00504e+07
000001900 3.800000e+00 -1.5681756e+05 2.3737877e+04 7.3329555e-01 -1.3307969e+05 1.00474e+07
000002000 4.000000e+00 -1.5685216e+05 2.3770605e+04 7.3430658e-01 -1.3308155e+05 1.00488e+07
000002100 4.200000e+00 -1.5682097e+05 2.3740941e+04 7.3339022e-01 -1.3308003e+05 1.00447e+07
000002200 4.400000e+00 -1.5679044e+05 2.3710648e+04 7.3245443e-01 -1.3307978e+05 1.00436e+07
000002300 4.600000e+00 -1.5685866e+05 2.3779273e+04 7.3457435e-01 -1.3307938e+05 1.00409e+07
000002400 4.800000e+00 -1.5679716e+05 2.3719066e+04 7.3271447e-01 -1.3307809e+05 1.00449e+07
000002500 5.000000e+00 -1.5678214e+05 2.3699520e+04 7.3211064e-01 -1.3308262e+05 1.00530e+07
000002600 5.200000e+00 -1.5680028e+05 2.3717375e+04 7.3266222e-01 -1.3308291e+05 1.00596e+07
000002700 5.400000e+00 -1.5673183e+05 2.3651311e+04 7.3062140e-01 -1.3308052e+05 1.00532e+07
000002800 5.600000e+00 -1.5700172e+05 2.3918299e+04 7.3886903e-01 -1.3308342e+05 1.00694e+07
000002900 5.800000e+00 -1.5692359e+05 2.3836293e+04 7.3633576e-01 -1.3308730e+05 1.00742e+07
000003000 6.000000e+00 -1.5687845e+05 2.3792922e+04 7.3499596e-01 -1.3308553e+05 1.00709e+07
000003100 6.200000e+00 -1.5695594e+05 2.3873418e+04 7.3748260e-01 -1.3308252e+05 1.00683e+07
000003200 6.400000e+00 -1.5682288e+05 2.3740965e+04 7.3339094e-01 -1.3308191e+05 1.00614e+07
000003300 6.600000e+00 -1.5681375e+05 2.3733312e+04 7.3315455e-01 -1.3308044e+05 1.00592e+07
000003400 6.800000e+00 -1.5678639e+05 2.3705805e+04 7.3230480e-01 -1.3308059e+05 1.00606e+07
000003500 7.000000e+00 -1.5680666e+05 2.3724721e+04 7.3288914e-01 -1.3308194e+05 1.00564e+07
000003600 7.200000e+00 -1.5686372e+05 2.3781689e+04 7.3464898e-01 -1.3308203e+05 1.00562e+07
000003700 7.400001e+00 -1.5684019e+05 2.3755135e+04 7.3382867e-01 -1.3308505e+05 1.00580e+07
000003800 7.600000e+00 -1.5683969e+05 2.3757305e+04 7.3389570e-01 -1.3308238e+05 1.00504e+07
000003900 7.800000e+00 -1.5681034e+05 2.3730074e+04 7.3305451e-01 -1.3308027e+05 1.00391e+07
000004000 8.000000e+00 -1.5682586e+05 2.3748154e+04 7.3361303e-01 -1.3307770e+05 1.00366e+07
000004100 8.200001e+00 -1.5672305e+05 2.3644156e+04 7.3040039e-01 -1.3307889e+05 1.00395e+07
000004200 8.400001e+00 -1.5682323e+05 2.3743525e+04 7.3347004e-01 -1.3307970e+05 1.00457e+07
000004300 8.600000e+00 -1.5684741e+05 2.3763629e+04 7.3409106e-01 -1.3308378e+05 1.00591e+07
000004400 8.800000e+00 -1.5689227e+05 2.3809230e+04 7.3549976e-01 -1.3308303e+05 1.00648e+07
000004500 9.000000e+00 -1.5683169e+05 2.3748037e+04 7.3360941e-01 -1.3308366e+05 1.00626e+07
000004600 9.200001e+00 -1.5682919e+05 2.3744656e+04 7.3350497e-01 -1.3308453e+05 1.00704e+07
000004700 9.400001e+00 -1.5689138e+05 2.3808430e+04 7.3547502e-01 -1.3308294e+05 1.00607e+07
000004800 9.600000e+00 -1.5676772e+05 2.3685062e+04 7.3166404e-01 -1.3308266e+05 1.00655e+07
000004900 9.800000e+00 -1.5684009e+05 2.3757959e+04 7.3391591e-01 -1.3308214e+05 1.00561e+07
000005000 1.000000e+01 -1.5689858e+05 2.3814262e+04 7.3565518e-01 -1.3308431e+05 1.00649e+07
000005100 1.020000e+01 -1.5685498e+05 2.3770525e+04 7.3430411e-01 -1.3308445e+05 1.00614e+07
000005200 1.040000e+01 -1.5686812e+05 2.3782887e+04 7.3468597e-01 -1.3308523e+05 1.00693e+07
000005300 1.060000e+01 -1.5676864e+05 2.3685807e+04 7.3168703e-01 -1.3308283e+05 1.00546e+07
000005400 1.080000e+01 -1.5676283e+05 2.3681895e+04 7.3156618e-01 -1.3308094e+05 1.00462e+07
000005500 1.100000e+01 -1.5683544e+05 2.3753400e+04 7.3377509e-01 -1.3308203e+05 1.00431e+07
000005600 1.120000e+01 -1.5675103e+05 2.3668473e+04 7.3115156e-01 -1.3308256e+05 1.00482e+07
000005700 1.140000e+01 -1.5680372e+05 2.3721197e+04 7.3278029e-01 -1.3308252e+05 1.00430e+07
000005800 1.160000e+01 -1.5681397e+05 2.3730984e+04 7.3308263e-01 -1.3308298e+05 1.00558e+07
000005900 1.180000e+01 -1.5684038e+05 2.3759354e+04 7.3395899e-01 -1.3308102e+05 1.00515e+07
000006000 1.200000e+01 -1.5685005e+05 2.3768910e+04 7.3425421e-01 -1.3308114e+05 1.00543e+07
000006100 1.220000e+01 -1.5681116e+05 2.3726592e+04 7.3294694e-01 -1.3308456e+05 1.00577e+07
000006200 1.240000e+01 -1.5682172e+05 2.3737953e+04 7.3329790e-01 -1.3308377e+05 1.00627e+07
000006300 1.260000e+01 -1.5690769e+05 2.3824062e+04 7.3595794e-01 -1.3308362e+05 1.00578e+07
000006400 1.280000e+01 -1.5679081e+05 2.3707152e+04 7.3234643e-01 -1.3308366e+05 1.00663e+07
000006500 1.300000e+01 -1.5686656e+05 2.3782010e+04 7.3465887e-01 -1.3308455e+05 1.00705e+07
000006600 1.320000e+01 -1.5689948e+05 2.3815533e+04 7.3569446e-01 -1.3308395e+05 1.00694e+07
000006700 1.340000e+01 -1.5685616e+05 2.3773629e+04 7.3439998e-01 -1.3308253e+05 1.00550e+07
000006800 1.360000e+01 -1.5685345e+05 2.3771102e+04 7.3432191e-01 -1.3308234e+05 1.00555e+07
000006900 1.380000e+01 -1.5682378e+05 2.3740367e+04 7.3337248e-01 -1.3308341e+05 1.00544e+07
000007000 1.400000e+01 -1.5681627e+05 2.3731072e+04 7.3308535e-01 -1.3308519e+05 1.00549e+07
000007100 1.420000e+01 -1.5691508e+05 2.3832174e+04 7.3620851e-01 -1.3308291e+05 1.00454e+07
000007200 1.440000e+01 -1.5683234e+05 2.3750398e+04 7.3368236e-01 -1.3308194e+05 1.00479e+07
000007300 1.460000e+01 -1.5681541e+05 2.3731199e+04 7.3308927e-01 -1.3308420e+05 1.00520e+07
000007400 1.480000e+01 -1.5685266e+05 2.3770480e+04 7.3430272e-01 -1.3308217e+05 1.00486e+07
000007500 1.500000e+01 -1.5688838e+05 2.3803664e+04 7.3532781e-01 -1.3308472e+05 1.00502e+07
000007600 1.520000e+01 -1.5686131e+05 2.3776717e+04 7.3449537e-01 -1.3308459e+05 1.00550e+07
000007700 1.540000e+01 -1.5683400e+05 2.3750584e+04 7.3368809e-01 -1.3308342e+05 1.00520e+07
000007800 1.560000e+01 -1.5695741e+05 2.3873326e+04 7.3747976e-01 -1.3308408e+05 1.00611e+07
000007900 1.580000e+01 -1.5689444e+05 2.3807559e+04 7.3544811e-01 -1.3308688e+05 1.00675e+07
000008000 1.600000e+01 -1.5692231e+05 2.3836502e+04 7.3634221e-01 -1.3308581e+05 1.00660e+07
000008100 1.620000e+01 -1.5687070e+05 2.3787930e+04 7.3484175e-01 -1.3308278e+05 1.00590e+07
000008200 1.640000e+01 -1.5683509e+05 2.3752848e+04 7.3375802e-01 -1.3308225e+05 1.00583e+07
000008300 1.660000e+01 -1.5692062e+05 2.3835578e+04 7.3631367e-01 -1.3308505e+05 1.00571e+07
000008400 1.680000e+01 -1.5687048e+05 2.3786090e+04 7.3478491e-01 -1.3308439e+05 1.00581e+07
000008500 1.700000e+01 -1.5686777e+05 2.3781156e+04 7.3463251e-01 -1.3308661e+05 1.00623e+07
000008600 1.720000e+01 -1.5685639e+05 2.3771008e+04 7.3431901e-01 -1.3308538e+05 1.00600e+07
000008700 1.740000e+01 -1.5677953e+05 2.3691965e+04 7.3187726e-01 -1.3308756e+05 1.00640e+07
000008800 1.760000e+01 -1.5682519e+05 2.3740098e+04 7.3336415e-01 -1.3308509e+05 1.00517e+07
000008900 1.780000e+01 -1.5684453e+05 2.3762072e+04 7.3404298e-01 -1.3308245e+05 1.00439e+07
000009000 1.800000e+01 -1.5683986e+05 2.3756762e+04 7.3387893e-01 -1.3308309e+05 1.00486e+07
000009100 1.820000e+01 -1.5684694e+05 2.3764855e+04 7.3412896e-01 -1.3308208e+05 1.00460e+07
000009200 1.840000e+01 -1.5688512e+05 2.3801377e+04 7.3525715e-01 -1.3308375e+05 1.00524e+07
000009300 1.860000e+01 -1.5687609e+05 2.3791008e+04 7.3493684e-01 -1.3308509e+05 1.00569e+07
000009400 1.880000e+01 -1.5684338e+05 2.3758916e+04 7.3394548e-01 -1.3308445e+05 1.00620e+07
000009500 1.900000e+01 -1.5691509e+05 2.3830092e+04 7.3614419e-01 -1.3308500e+05 1.00610e+07
000009600 1.920000e+01 -1.5690341e+05 2.3817438e+04 7.3575329e-01 -1.3308597e+05 1.00610e+07
000009700 1.940000e+01 -1.5683542e+05 2.3749234e+04 7.3364640e-01 -1.3308619e+05 1.00587e+07
000009800 1.960000e+01 -1.5688216e+05 2.3797090e+04 7.3512472e-01 -1.3308506e+05 1.00603e+07
000009900 1.980000e+01 -1.5688047e+05 2.3794590e+04 7.3504749e-01 -1.3308588e+05 1.00598e+07
000010000 2.000000e+01 -1.5691794e+05 2.3831914e+04 7.3620049e-01 -1.3308603e+05 1.00602e+07
000010100 2.020000e+01 -1.5686980e+05 2.3785102e+04 7.3475438e-01 -1.3308469e+05 1.00518e+07
000010200 2.040000e+01 -1.5676606e+05 2.3680957e+04 7.3153722e-01 -1.3308511e+05 1.00536e+07
000010300 2.060000e+01 -1.5677983e+05 2.3695725e+04 7.3199341e-01 -1.3308411e+05 1.00475e+07
000010400 2.080000e+01 -1.5684083e+05 2.3756297e+04 7.3386457e-01 -1.3308453e+05 1.00454e+07
000010500 2.100000e+01 -1.5686581e+05 2.3783209e+04 7.3469592e-01 -1.3308261e+05 1.00374e+07
000010600 2.120000e+01 -1.5683997e+05 2.3758689e+04 7.3393848e-01 -1.3308128e+05 1.00416e+07
000010700 2.140000e+01 -1.5690406e+05 2.3818273e+04 7.3577911e-01 -1.3308578e+05 1.00501e+07
000010800 2.160000e+01 -1.5681906e+05 2.3731920e+04 7.3311153e-01 -1.3308714e+05 1.00605e+07
000010900 2.180000e+01 -1.5687316e+05 2.3787318e+04 7.3482286e-01 -1.3308584e+05 1.00624e+07
000011000 2.200000e+01 -1.5687838e+05 2.3793488e+04 7.3501346e-01 -1.3308489e+05 1.00632e+07
000011100 2.220000e+01 -1.5687320e+05 2.3787707e+04 7.3483487e-01 -1.3308550e+05 1.00634e+07
000011200 2.240000e+01 -1.5695031e+05 2.3863410e+04 7.3717344e-01 -1.3308691e+05 1.00775e+07
000011300 2.260000e+01 -1.5692134e+05 2.3836418e+04 7.3633962e-01 -1.3308492e+05 1.00767e+07
000011400 2.280000e+01 -1.5693784e+05 2.3852551e+04 7.3683798e-01 -1.3308530e+05 1.00874e+07
000011500 2.300000e+01 -1.5698138e+05 2.3900977e+04 7.3833392e-01 -1.3308041e+05 1.00744e+07
000011600 2.320000e+01 -1.5693178e+05 2.3850137e+04 7.3676341e-01 -1.3308164e+05 1.00901e+07
000011700 2.340000e+01 -1.5690753e+05 2.3829230e+04 7.3611759e-01 -1.3307830e+05 1.00811e+07
000011800 2.360000e+01 -1.5683262e+05 2.3753090e+04 7.3376550e-01 -1.3307953e+05 1.01076e+07
000011900 2.380000e+01 -1.5668080e+05 2.3605992e+04 7.2922145e-01 -1.3307481e+05 1.00947e+07
000012000 2.400000e+01 -1.5662264e+05 2.3549359e+04 7.2747199e-01 -1.3307328e+05 1.01104e+07
000012100 2.420000e+01 -1.5649433e+05 2.3425078e+04 7.2363277e-01 -1.3306925e+05 1.01190e+07
000012200 2.440000e+01 -1.5636694e+05 2.3297344e+04 7.1968688e-01 -1.3306959e+05 1.01368e+07
000012300 2.460000e+01 -1.5621131e+05 2.3150939e+04 7.1516425e-01 -1.3306038e+05 1.01248e+07
000012400 2.480000e+01 -1.5596856e+05 2.2908561e+04 7.0767683e-01 -1.3306000e+05 1.01499e+07
000012500 2.500000e+01 -1.5578972e+05 2.2733033e+04 7.0225455e-01 -1.3305669e+05 1.01440e+07
000012600 2.520000e+01 -1.5552081e+05 2.2463350e+04 6.9392366e-01 -1.3305747e+05 1.01645e+07
000012700 2.540000e+01 -1.5534130e+05 2.2288645e+04 6.8852678e-01 -1.3305266e+05 1.01559e+07
000012800 2.560000e+01 -1.5503709e+05 2.1982371e+04 6.7906557e-01 -1.3305472e+05 1.01639e+07
000012900 2.580000e+01 -1.5473288e+05 2.1690398e+04 6.7004613e-01 -1.3304247e+05 1.01103e+07
000013000 2.600000e+01 -1.5443384e+05 2.1393180e+04 6.6086464e-01 -1.3304066e+05 1.01048e+07
000013100 2.620000e+01 -1.5426969e+05 2.1239111e+04 6.5610526e-01 -1.3303058e+05 1.00559e+07
000013200 2.640000e+01 -1.5400316e+05 2.0968896e+04 6.4775795e-01 -1.3303427e+05 1.00575e+07
000013300 2.660000e+01 -1.5390059e+05 2.0880961e+04 6.4504150e-01 -1.3301962e+05 9.99503e+06
000013400 2.680000e+01 -1.5355012e+05 2.0530105e+04 6.3420309e-01 -1.3302002e+05 9.99723e+06
000013500 2.700000e+01 -1.5345539e+05 2.0453359e+04 6.3183230e-01 -1.3300203e+05 9.93660e+06
000013600 2.720000e+01 -1.5324831e+05 2.0248332e+04 6.2549873e-01 -1.3299998e+05 9.92839e+06
000013700 2.740000e+01 -1.5294720e+05 1.9965490e+04 6.1676136e-01 -1.3298172e+05 9.86554e+06
000013800 2.760000e+01 -1.5278166e+05 1.9799914e+04 6.1164648e-01 -1.3298175e+05 9.86640e+06
000013900 2.780000e+01 -1.5268138e+05 1.9706691e+04 6.0876671e-01 -1.3297469e+05 9.83472e+06
000014000 2.800000e+01 -1.5264523e+05 1.9673916e+04 6.0775423e-01 -1.3297131e+05 9.82527e+06
000014100 2.820000e+01 -1.5257006e+05 1.9603100e+04 6.0556661e-01 -1.3296697e+05 9.80480e+06
000014200 2.840000e+01 -1.5228188e+05 1.9315600e+04 5.9668534e-01 -1.3296628e+05 9.79764e+06
000014300 2.860000e+01 -1.5220864e+05 1.9249916e+04 5.9465629e-01 -1.3295872e+05 9.77249e+06
000014400 2.880000e+01 -1.5225441e+05 1.9297873e+04 5.9613775e-01 -1.3295653e+05 9.76429e+06
000014500 2.900000e+01 -1.5223119e+05 1.9280215e+04 5.9559226e-01 -1.3295097e+05 9.73385e+06
000014600 2.920000e+01 -1.5205673e+05 1.9108109e+04 5.9027569e-01 -1.3294862e+05 9.71660e+06
000014700 2.940000e+01 -1.5197903e+05 1.9033809e+04 5.8798043e-01 -1.3294522e+05 9.70643e+06
000014800 2.960000e+01 -1.5193800e+05 1.8993883e+04 5.8674707e-01 -1.3294412e+05 9.69798e+06
000014900 2.980000e+01 -1.5191606e+05 1.8983568e+04 5.8642844e-01 -1.3293250e+05 9.66920e+06
000015000 3.000000e+01 -1.5186211e+05 1.8928494e+04 5.8472713e-01 -1.3293361e+05 9.67690e+06
000015100 3.020000e+01 -1.5182736e+05 1.8894822e+04 5.8368696e-01 -1.3293253e+05 9.66684e+06
000015200 3.040000e+01 -1.5177825e+05 1.8843379e+04 5.8209780e-01 -1.3293488e+05 9.67673e+06
000015300 3.060000e+01 -1.5173356e+05 1.8798465e+04 5.8071034e-01 -1.3293509e+05 9.68227e+06
000015400 3.080000e+01 -1.5164388e+05 1.8708418e+04 5.7792867e-01 -1.3293545e+05 9.68841e+06
000015500 3.100000e+01 -1.5161852e+05 1.8682139e+04 5.7711687e-01 -1.3293638e+05 9.70078e+06
000015600 3.120000e+01 -1.5158908e+05 1.8654543e+04 5.7626440e-01 -1.3293453e+05 9.70099e+06
000015700 3.140000e+01 -1.5160750e+05 1.8673576e+04 5.7685236e-01 -1.3293392e+05 9.70272e+06
000015800 3.160000e+01 -1.5157972e+05 1.8646504e+04 5.7601606e-01 -1.3293322e+05 9.69956e+06
000015900 3.180000e+01 -1.5146469e+05 1.8527188e+04 5.7233021e-01 -1.3293750e+05 9.71333e+06
000016000 3.200000e+01 -1.5151978e+05 1.8582160e+04 5.7402839e-01 -1.3293762e+05 9.70177e+06
000016100 3.220000e+01 -1.5151512e+05 1.8579986e+04 5.7396124e-01 -1.3293514e+05 9.69414e+06
000016200 3.240000e+01 -1.5143408e+05 1.8498656e+04 5.7144884e-01 -1.3293542e+05 9.68222e+06
000016300 3.260000e+01 -1.5136466e+05 1.8436018e+04 5.6951385e-01 -1.3292864e+05 9.65740e+06
000016400 3.280000e+01 -1.5133084e+05 1.8400109e+04 5.6840460e-01 -1.3293073e+05 9.65412e+06
000016500 3.300000e+01 -1.5131858e+05 1.8392266e+04 5.6816229e-01 -1.3292631e+05 9.62842e+06
000016600 3.320000e+01 -1.5125069e+05 1.8322680e+04 5.6601269e-01 -1.3292800e+05 9.62480e+06
000016700 3.340000e+01 -1.5124125e+05 1.8318125e+04 5.6587199e-01 -1.3292312e+05 9.60330e+06
000016800 3.360000e+01 -1.5120100e+05 1.8276600e+04 5.6458921e-01 -1.3292441e+05 9.59953e+06
000016900 3.380000e+01 -1.5112473e+05 1.8209318e+04 5.6251080e-01 -1.3291542e+05 9.56872e+06
000017000 3.400000e+01 -1.5123331e+05 1.8317961e+04 5.6586692e-01 -1.3291534e+05 9.56162e+06
000017100 3.420000e+01 -1.5113552e+05 1.8231078e+04 5.6318299e-01 -1.3290444e+05 9.54218e+06
000017200 3.440000e+01 -1.5112064e+05 1.8214350e+04 5.6266622e-01 -1.3290630e+05 9.54033e+06
000017300 3.460000e+01 -1.5121788e+05 1.8305176e+04 5.6547197e-01 -1.3291270e+05 9.55351e+06
000017400 3.480000e+01 -1.5112667e+05 1.8215488e+04 5.6270140e-01 -1.3291119e+05 9.55128e+06
000017500 3.500000e+01 -1.5112667e+05 1.8208016e+04 5.6247056e-01 -1.3291866e+05 9.56642e+06
000017600 3.520000e+01 -1.5116084e+05 1.8243189e+04 5.6355712e-01 -1.3291766e+05 9.56480e+06
000017700 3.540000e+01 -1.5117022e+05 1.8248465e+04 5.6372009e-01 -1.3292175e+05 9.57464e+06
000017800 3.560000e+01 -1.5119169e+05 1.8269867e+04 5.6438124e-01 -1.3292181e+05 9.57207e+06
000017900 3.580000e+01 -1.5120422e+05 1.8273824e+04 5.6450347e-01 -1.3293039e+05 9.59430e+06
000018000 3.600000e+01 -1.5122756e+05 1.8296262e+04 5.6519660e-01 -1.3293130e+05 9.60291e+06
000018100 3.620000e+01 -1.5125938e+05 1.8321801e+04 5.6598554e-01 -1.3293758e+05 9.62547e+06
000018200 3.640000e+01 -1.5120325e+05 1.8268338e+04 5.6433399e-01 -1.3293491e+05 9.62416e+06
000018300 3.660000e+01 -1.5120644e+05 1.8268447e+04 5.6433737e-01 -1.3293798e+05 9.63577e+06
000018400 3.680000e+01 -1.5130880e+05 1.8371160e+04 5.6751031e-01 -1.3293764e+05 9.63551e+06
000018500 3.700000e+01 -1.5127341e+05 1.8333387e+04 5.6634344e-01 -1.3294002e+05 9.64361e+06
000018600 3.720000e+01 -1.5118647e+05 1.8246109e+04 5.6364732e-01 -1.3294036e+05 9.64400e+06
000018700 3.740000e+01 -1.5123920e+05 1.8302207e+04 5.6538026e-01 -1.3293700e+05 9.63978e+06
000018800 3.760000e+01 -1.5121581e+05 1.8278611e+04 5.6465135e-01 -1.3293720e+05 9.62954e+06
000018900 3.780000e+01 -1.5129109e+05 1.8363133e+04 5.6726234e-01 -1.3292797e+05 9.61418e+06
000019000 3.800000e+01 -1.5110109e+05 1.8172031e+04 5.6135895e-01 -1.3292906e+05 9.60809e+06
000019100 3.820000e+01 -1.5101586e+05 1.8097258e+04 5.5904910e-01 -1.3291859e+05 9.58313e+06
000019200 3.840000e+01 -1.5104797e+05 1.8130094e+04 5.6006344e-01 -1.3291788e+05 9.57658e+06
000019300 3.860000e+01 -1.5089100e+05 1.7994391e+04 5.5587139e-01 -1.3289661e+05 9.53734e+06
000019400 3.880000e+01 -1.5088122e+05 1.7984898e+04 5.5557816e-01 -1.3289631e+05 9.53764e+06
000019500 3.900000e+01 -1.5082777e+05 1.7942723e+04 5.5427529e-01 -1.3288505e+05 9.51437e+06
000019600 3.920000e+01 -1.5093666e+05 1.8054062e+04 5.5771473e-01 -1.3288259e+05 9.50730e+06
000019700 3.940000e+01 -1.5080123e+05 1.7918539e+04 5.5352823e-01 -1.3288269e+05 9.51614e+06
000019800 3.960000e+01 -1.5089695e+05 1.8014730e+04 5.5649971e-01 -1.3288222e+05 9.51337e+06
000019900 3.980000e+01 -1.5087547e+05 1.7988570e+04 5.5569159e-01 -1.3288691e+05 9.52076e+06
000020000 4.000000e+01 -1.5089320e+05 1.8006463e+04 5.5624432e-01 -1.3288673e+05 9.52336e+06
000020100 4.020000e+01 -1.5089528e+05 1.8007621e+04 5.5628009e-01 -1.3288766e+05 9.53625e+06
000020200 4.040000e+01 -1.5090406e+05 1.8015822e+04 5.5653344e-01 -1.3288823e+05 9.54254e+06
000020300 4.060000e+01 -1.5100489e+05 1.8116004e+04 5.5962819e-01 -1.3288889e+05 9.55046e+06
000020400 4.080000e+01 -1.5098194e+05 1.8092148e+04 5.5889126e-01 -1.3288978e+05 9.55132e+06
000020500 4.100000e+01 -1.5097823e+05 1.8088293e+04 5.5877216e-01 -1.3288994e+05 9.56021e+06
000020600 4.120000e+01 -1.5085850e+05 1.7969102e+04 5.5509017e-01 -1.3288941e+05 9.55504e+06
000020700 4.140000e+01 -1.5098880e+05 1.8091221e+04 5.5886260e-01 -1.3289758e+05 9.56920e+06
000020800 4.160000e+01 -1.5097741e+05 1.8079383e+04 5.5849691e-01 -1.3289803e+05 9.56772e+06
000020900 4.180000e+01 -1.5100441e+05 1.8102014e+04 5.5919601e-01 -1.3290239e+05 9.57734e+06
000021000 4.200000e+01 -1.5090778e+05 1.8006863e+04 5.5625669e-01 -1.3290092e+05 9.57052e+06
000021100 4.220000e+01 -1.5098533e+05 1.8085316e+04 5.5868021e-01 -1.3290002e+05 9.56674e+06
000021200 4.240000e+01 -1.5095141e+05 1.8051414e+04 5.5763292e-01 -1.3290000e+05 9.56284e+06
000021300 4.260000e+01 -1.5090653e+05 1.8009445e+04 5.5633645e-01 -1.3289709e+05 9.55205e+06
000021400 4.280000e+01 -1.5095234e+05 1.8057578e+04 5.5782334e-01 -1.3289477e+05 9.54343e+06
000021500 4.300000e+01 -1.5089569e+05 1.7990531e+04 5.5575217e-01 -1.3290516e+05 9.56948e+06
000021600 4.320000e+01 -1.5094678e+05 1.8039938e+04 5.5727839e-01 -1.3290684e+05 9.57306e+06
000021700 4.340000e+01 -1.5100275e+05 1.8093395e+04 5.5892975e-01 -1.3290936e+05 9.57936e+06
000021800 4.360000e+01 -1.5097519e+05 1.8067289e+04 5.5812332e-01 -1.3290791e+05 9.57571e+06
000021900 4.380000e+01 -1.5092583e+05 1.8015215e+04 5.5651468e-01 -1.3291061e+05 9.58284e+06
000022000 4.400000e+01 -1.5087903e+05 1.7968434e+04 5.5506954e-01 -1.3291059e+05 9.58598e+06
000022100 4.420000e+01 -1.5089423e+05 1.7982438e+04 5.5550214e-01 -1.3291180e+05 9.59353e+06
000022200 4.440000e+01 -1.5099144e+05 1.8079307e+04 5.5849456e-01 -1.3291212e+05 9.59544e+06
000022300 4.460000e+01 -1.5098038e+05 1.8058234e+04 5.5784361e-01 -1.3292214e+05 9.61341e+06
000022400 4.480000e+01 -1.5098991e+05 1.8068732e+04 5.5816791e-01 -1.3292117e+05 9.61516e+06
000022500 4.500000e+01 -1.5108184e+05 1.8153711e+04 5.6079301e-01 -1.3292812e+05 9.63115e+06
000022600 4.520000e+01 -1.5108489e+05 1.8157711e+04 5.6091658e-01 -1.3292719e+05 9.62718e+06
000022700 4.540000e+01 -1.5096895e+05 1.8036355e+04 5.5716774e-01 -1.3293259e+05 9.64642e+06
000022800 4.560000e+01 -1.5111439e+05 1.8181961e+04 5.6166569e-01 -1.3293244e+05 9.64744e+06
000022900 4.580000e+01 -1.5114492e+05 1.8209117e+04 5.6250459e-01 -1.3293581e+05 9.64772e+06
000023000 4.600000e+01 -1.5114931e+05 1.8215322e+04 5.6269627e-01 -1.3293398e+05 9.64537e+06
000023100 4.620000e+01 -1.5109433e+05 1.8150695e+04 5.6069985e-01 -1.3294362e+05 9.66124e+06
000023200 4.640000e+01 -1.5105612e+05 1.8111732e+04 5.5949624e-01 -1.3294439e+05 9.66529e+06
000023300 4.660000e+01 -1.5109655e+05 1.8152266e+04 5.6074836e-01 -1.3294428e+05 9.66587e+06
000023400 4.680000e+01 -1.5107978e+05 1.8134504e+04 5.6019968e-01 -1.3294528e+05 9.66735e+06
000023500 4.700000e+01 -1.5110778e+05 1.8168879e+04 5.6126157e-01 -1.3293891e+05 9.66107e+06
000023600 4.720000e+01 -1.5109189e+05 1.8154281e+04 5.6081063e-01 -1.3293761e+05 9.66535e+06
000023700 4.740000e+01 -1.5111278e+05 1.8175344e+04 5.6146128e-01 -1.3293744e+05 9.66457e+06
000023800 4.760000e+01 -1.5107575e+05 1.8136977e+04 5.6027606e-01 -1.3293878e+05 9.67243e+06
000023900 4.780000e+01 -1.5121012e+05 1.8268566e+04 5.6434105e-01 -1.3294156e+05 9.67973e+06
000024000 4.800000e+01 -1.5121428e+05 1.8272666e+04 5.6446770e-01 -1.3294161e+05 9.68426e+06
000024100 4.820000e+01 -1.5118562e+05 1.8231410e+04 5.6319325e-01 -1.3295422e+05 9.70673e+06
000024200 4.840000e+01 -1.5112294e+05 1.8170902e+04 5.6132408e-01 -1.3295203e+05 9.70106e+06
000024300 4.860000e+01 -1.5115783e+05 1.8203072e+04 5.6231785e-01 -1.3295475e+05 9.70216e+06
000024400 4.880000e+01 -1.5125192e+05 1.8295953e+04 5.6518707e-01 -1.3295597e+05 9.70467e+06
000024500 4.900000e+01 -1.5109000e+05 1.8134961e+04 5.6021380e-01 -1.3295503e+05 9.70018e+06
000024600 4.920000e+01 -1.5127169e+05 1.8314549e+04 5.6576151e-01 -1.3295714e+05 9.70357e+06
000024700 4.940000e+01 -1.5116009e+05 1.8200025e+04 5.6222373e-01 -1.3296006e+05 9.70966e+06
000024800 4.960000e+01 -1.5123194e+05 1.8271621e+04 5.6443542e-01 -1.3296031e+05 9.70548e+06
000024900 4.980000e+01 -1.5116092e+05 1.8202348e+04 5.6229547e-01 -1.3295858e+05 9.70027e+06
000025000 5.000000e+01 -1.5121273e+05 1.8254621e+04 5.6391026e-01 -1.3295811e+05 9.69603e+06
000025100 5.020000e+01 -1.5104348e+05 1.8083531e+04 5.5862506e-01 -1.3295995e+05 9.70512e+06
000025200 5.040000e+01 -1.5110516e+05 1.8144691e+04 5.6051438e-01 -1.3296047e+05 9.70470e+06
000025300 5.060000e+01 -1.5121583e+05 1.8251195e+04 5.6380444e-01 -1.3296462e+05 9.71752e+06
000025400 5.080000e+01 -1.5131253e+05 1.8348531e+04 5.6681128e-01 -1.3296400e+05 9.71656e+06
000025500 5.100000e+01 -1.5126697e+05 1.8309156e+04 5.6559493e-01 -1.3295781e+05 9.71028e+06
000025600 5.120000e+01 -1.5127259e+05 1.8313602e+04 5.6573225e-01 -1.3295900e+05 9.71698e+06
000025700 5.140000e+01 -1.5130969e+05 1.8353875e+04 5.6697635e-01 -1.3295581e+05 9.71624e+06
000025800 5.160000e+01 -1.5139869e+05 1.8443398e+04 5.6974185e-01 -1.3295528e+05 9.71593e+06
000025900 5.180000e+01 -1.5130261e+05 1.8362031e+04 5.6722831e-01 -1.3294058e+05 9.69600e+06
000026000 5.200000e+01 -1.5143403e+05 1.8493607e+04 5.7129288e-01 -1.3294042e+05 9.69700e+06
000026100 5.220000e+01 -1.5132831e+05 1.8403430e+04 5.6850716e-01 -1.3292488e+05 9.66679e+06
000026200 5.240000e+01 -1.5141712e+05 1.8492660e+04 5.7126362e-01 -1.3292447e+05 9.67112e+06
000026300 5.260000e+01 -1.5137583e+05 1.8442426e+04 5.6971181e-01 -1.3293341e+05 9.69411e+06
000026400 5.280000e+01 -1.5142545e+05 1.8493332e+04 5.7128437e-01 -1.3293212e+05 9.69595e+06
000026500 5.300000e+01 -1.5132722e+05 1.8396275e+04 5.6828616e-01 -1.3293094e+05 9.68243e+06
000026600 5.320000e+01 -1.5138048e+05 1.8449305e+04 5.6992431e-01 -1.3293119e+05 9.67652e+06
000026700 5.340000e+01 -1.5141716e+05 1.8483840e+04 5.7099114e-01 -1.3293331e+05 9.67936e+06
000026800 5.360000e+01 -1.5127056e+05 1.8335592e+04 5.6641156e-01 -1.3293497e+05 9.68616e+06
000026900 5.380000e+01 -1.5132388e+05 1.8391051e+04 5.6812476e-01 -1.3293283e+05 9.67390e+06
000027000 5.400000e+01 -1.5133691e+05 1.8404695e+04 5.6854626e-01 -1.3293222e+05 9.66952e+06
000027100 5.420000e+01 -1.5148369e+05 1.8553508e+04 5.7314328e-01 -1.3293019e+05 9.66205e+06
000027200 5.440000e+01 -1.5130397e+05 1.8374994e+04 5.6762875e-01 -1.3292897e+05 9.65923e+06
000027300 5.460000e+01 -1.5139316e+05 1.8460168e+04 5.7025989e-01 -1.3293298e+05 9.66490e+06
000027400 5.480000e+01 -1.5148253e+05 1.8547961e+04 5.7297193e-01 -1.3293456e+05 9.67386e+06
000027500 5.500000e+01 -1.5142541e+05 1.8498074e+04 5.7143086e-01 -1.3292733e+05 9.66529e+06
000027600 5.520000e+01 -1.5143936e+05 1.8512773e+04 5.7188494e-01 -1.3292659e+05 9.66790e+06
000027700 5.540000e+01 -1.5149162e+05 1.8565312e+04 5.7350795e-01 -1.3292631e+05 9.67493e+06
000027800 5.560000e+01 -1.5156827e+05 1.8642566e+04 5.7589443e-01 -1.3292570e+05 9.67829e+06
000027900 5.580000e+01 -1.5153323e+05 1.8605512e+04 5.7474976e-01 -1.3292772e+05 9.68547e+06
000028000 5.600000e+01 -1.5161538e+05 1.8688555e+04 5.7731507e-01 -1.3292681e+05 9.68927e+06
000028100 5.620000e+01 -1.5164334e+05 1.8717109e+04 5.7819716e-01 -1.3292623e+05 9.69015e+06
000028200 5.640000e+01 -1.5153750e+05 1.8610381e+04 5.7490017e-01 -1.3292712e+05 9.69801e+06
000028300 5.660000e+01 -1.5155966e+05 1.8631643e+04 5.7555697e-01 -1.3292802e+05 9.69673e+06
000028400 5.680000e+01 -1.5156839e+05 1.8640479e+04 5.7582993e-01 -1.3292791e+05 9.69064e+06
000028500 5.700000e+01 -1.5146947e+05 1.8543891e+04 5.7284620e-01 -1.3292558e+05 9.68391e+06
000028600 5.720000e+01 -1.5141386e+05 1.8488254e+04 5.7112750e-01 -1.3292561e+05 9.68315e+06
000028700 5.740000e+01 -1.5163662e+05 1.8713428e+04 5.7808343e-01 -1.3292320e+05 9.67512e+06
000028800 5.760000e+01 -1.5153219e+05 1.8610434e+04 5.7490180e-01 -1.3292175e+05 9.67179e+06
000028900 5.780000e+01 -1.5151447e+05 1.8593791e+04 5.7438769e-01 -1.3292067e+05 9.66949e+06
000029000 5.800000e+01 -1.5163053e+05 1.8709668e+04 5.7796729e-01 -1.3292086e+05 9.67529e+06
000029100 5.820000e+01 -1.5157934e+05 1.8666738e+04 5.7664113e-01 -1.3291261e+05 9.65751e+06
000029200 5.840000e+01 -1.5166400e+05 1.8752135e+04 5.7927914e-01 -1.3291186e+05 9.65731e+06
000029300 5.860000e+01 -1.5162497e+05 1.8718176e+04 5.7823010e-01 -1.3290680e+05 9.65358e+06
000029400 5.880000e+01 -1.5154831e+05 1.8640002e+04 5.7581521e-01 -1.3290831e+05 9.65249e+06
000029500 5.900000e+01 -1.5160648e+05 1.8710473e+04 5.7799214e-01 -1.3289602e+05 9.64068e+06
000029600 5.920000e+01 -1.5167564e+05 1.8777668e+04 5.8006790e-01 -1.3289797e+05 9.64521e+06
000029700 5.940000e+01 -1.5169609e+05 1.8793742e+04 5.8056445e-01 -1.3290234e+05 9.65531e+06
000029800 5.960000e+01 -1.5175411e+05 1.8853688e+04 5.8241625e-01 -1.3290042e+05 9.65346e+06
000029900 5.980000e+01 -1.5175752e+05 1.8859266e+04 5.8258856e-01 -1.3289825e+05 9.64636e+06
000030000 6.000000e+01 -1.5166381e+05 1.8767504e+04 5.7975392e-01 -1.3289631e+05 9.63900e+06
000030100 6.020000e+01 -1.5158875e+05 1.8700562e+04 5.7768600e-01 -1.3288819e+05 9.62336e+06
000030200 6.040000e+01 -1.5165831e+05 1.8768770e+04 5.7979301e-01 -1.3288955e+05 9.62500e+06
000030300 6.060000e+01 -1.5158684e+05 1.8687652e+04 5.7728719e-01 -1.3289919e+05 9.64764e+06
000030400 6.080000e+01 -1.5161053e+05 1.8712494e+04 5.7805459e-01 -1.3289803e+05 9.64484e+06
000030500 6.100000e+01 -1.5176075e+05 1.8859422e+04 5.8259339e-01 -1.3290133e+05 9.65257e+06
000030600 6.120000e+01 -1.5170094e+05 1.8798773e+04 5.8071988e-01 -1.3290216e+05 9.64988e+06
000030700 6.140000e+01 -1.5176316e+05 1.8852375e+04 5.8237570e-01 -1.3291078e+05 9.66536e+06
000030800 6.160000e+01 -1.5180506e+05 1.8895449e+04 5.8370632e-01 -1.3290961e+05 9.66256e+06
000030900 6.180000e+01 -1.5173075e+05 1.8814332e+04 5.8120050e-01 -1.3291642e+05 9.67998e+06
000031000 6.200000e+01 -1.5174336e+05 1.8827791e+04 5.8161627e-01 -1.3291556e+05 9.67986e+06
000031100 6.220000e+01 -1.5181723e+05 1.8896383e+04 5.8373516e-01 -1.3292084e+05 9.69411e+06
000031200 6.240000e+01 -1.5178956e+05 1.8869547e+04 5.8290616e-01 -1.3292002e+05 9.69453e+06
000031300 6.260000e+01 -1.5184988e+05 1.8928195e+04 5.8471789e-01 -1.3292169e+05 9.69694e+06
000031400 6.280000e+01 -1.5188969e+05 1.8969562e+04 5.8599578e-01 -1.3292012e+05 9.69387e+06
000031500 6.300000e+01 -1.5204270e+05 1.9113785e+04 5.9045102e-01 -1.3292892e+05 9.71897e+06
000031600 6.320000e+01 -1.5193250e+05 1.9003602e+04 5.8704730e-01 -1.3292891e+05 9.71364e+06
000031700 6.340000e+01 -1.5190059e+05 1.8970441e+04 5.8602293e-01 -1.3293016e+05 9.71433e+06
000031800 6.360000e+01 -1.5185828e+05 1.8928234e+04 5.8471910e-01 -1.3293005e+05 9.70917e+06
000031900 6.380000e+01 -1.5191641e+05 1.8980037e+04 5.8631936e-01 -1.3293638e+05 9.71636e+06
000032000 6.400000e+01 -1.5183927e+05 1.8901883e+04 5.8390507e-01 -1.3293738e+05 9.71594e+06
000032100 6.420000e+01 -1.5185095e+05 1.8907648e+04 5.8408317e-01 -1.3294331e+05 9.72359e+06
000032200 6.440000e+01 -1.5175809e+05 1.8814803e+04 5.8121504e-01 -1.3294330e+05 9.72252e+06
000032300 6.460001e+01 -1.5193834e+05 1.8984789e+04 5.8646615e-01 -1.3295356e+05 9.74038e+06
000032400 6.480000e+01 -1.5179983e+05 1.8845953e+04 5.8217732e-01 -1.3295388e+05 9.74067e+06
000032500 6.500000e+01 -1.5190409e+05 1.8944209e+04 5.8521258e-01 -1.3295989e+05 9.75058e+06
000032600 6.520000e+01 -1.5203466e+05 1.9074352e+04 5.8923286e-01 -1.3296031e+05 9.75380e+06
000032700 6.540000e+01 -1.5195002e+05 1.8985746e+04 5.8649572e-01 -1.3296427e+05 9.76318e+06
000032800 6.560001e+01 -1.5196172e+05 1.8999996e+04 5.8693592e-01 -1.3296172e+05 9.76034e+06
000032900 6.580000e+01 -1.5200181e+05 1.9036658e+04 5.8806846e-01 -1.3296516e+05 9.77148e+06
000033000 6.600000e+01 -1.5188966e+05 1.8923986e+04 5.8458787e-01 -1.3296567e+05 9.77494e+06
000033100 6.620000e+01 -1.5201488e+05 1.9049609e+04 5.8846854e-01 -1.3296527e+05 9.77358e+06
000033200 6.640000e+01 -1.5194581e+05 1.8978115e+04 5.8625999e-01 -1.3296770e+05 9.78178e+06
000033300 6.660001e+01 -1.5201612e+05 1.9049018e+04 5.8845026e-01 -1.3296711e+05 9.78418e+06
000033400 6.680000e+01 -1.5203909e+05 1.9073020e+04 5.8919171e-01 -1.3296608e+05 9.78107e+06
000033500 6.700000e+01 -1.5208325e+05 1.9117129e+04 5.9055431e-01 -1.3296612e+05 9.77670e+06
000033600 6.720000e+01 -1.5214905e+05 1.9181754e+04 5.9255067e-01 -1.3296730e+05 9.77873e+06
000033700 6.740000e+01 -1.5205612e+05 1.9088668e+04 5.8967511e-01 -1.3296745e+05 9.78244e+06
000033800 6.760001e+01 -1.5212800e+05 1.9159762e+04 5.9187130e-01 -1.3296823e+05 9.77899e+06
000033900 6.780000e+01 -1.5199678e+05 1.9032668e+04 5.8794520e-01 -1.3296411e+05 9.76563e+06
000034000 6.800000e+01 -1.5197195e+05 1.9007527e+04 5.8716857e-01 -1.3296442e+05 9.76538e+06
000034100 6.820000e+01 -1.5200772e+05 1.9042102e+04 5.8823661e-01 -1.3296562e+05 9.77084e+06
000034200 6.840000e+01 -1.5206430e+05 1.9096863e+04 5.8992828e-01 -1.3296744e+05 9.77479e+06
000034300 6.860001e+01 -1.5202920e+05 1.9064172e+04 5.8891840e-01 -1.3296503e+05 9.77876e+06
000034400 6.880000e+01 -1.5199284e+05 1.9026303e+04 5.8774857e-01 -1.3296655e+05 9.77846e+06
000034500 6.900000e+01 -1.5211238e+05 1.9161371e+04 5.9192101e-01 -1.3295100e+05 9.75214e+06
000034600 6.920000e+01 -1.5203822e+05 1.9087699e+04 5.8964519e-01 -1.3295052e+05 9.74946e+06
000034700 6.940000e+01 -1.5196359e+05 1.9041773e+04 5.8822648e-01 -1.3292181e+05 9.70295e+06
000034800 6.960001e+01 -1.5204734e+05 1.9125365e+04 5.9080874e-01 -1.3292198e+05 9.69650e+06
000034900 6.980000e+01 -1.5196747e+05 1.9057059e+04 5.8869866e-01 -1.3291041e+05 9.67736e+06
000035000 7.000000e+01 -1.5194972e+05 1.9039447e+04 5.8815462e-01 -1.3291027e+05 9.67900e+06
000035100 7.020000e+01 -1.5203422e+05 1.9126578e+04 5.9084621e-01 -1.3290764e+05 9.66938e+06
000035200 7.040000e+01 -1.5196552e+05 1.9057602e+04 5.8871543e-01 -1.3290791e+05 9.67335e+06
000035300 7.060001e+01 -1.5199436e+05 1.9081828e+04 5.8946382e-01 -1.3291253e+05 9.68689e+06
000035400 7.080000e+01 -1.5211312e+05 1.9201027e+04 5.9314605e-01 -1.3291209e+05 9.68391e+06
000035500 7.100000e+01 -1.5208145e+05 1.9163176e+04 5.9197676e-01 -1.3291828e+05 9.68876e+06
000035600 7.120000e+01 -1.5213233e+05 1.9213848e+04 5.9354209e-01 -1.3291848e+05 9.68937e+06
000035700 7.140000e+01 -1.5198391e+05 1.9058984e+04 5.8875815e-01 -1.3292492e+05 9.69509e+06
000035800 7.160001e+01 -1.5202528e+05 1.9101965e+04 5.9008587e-01 -1.3292331e+05 9.69550e+06
000035900 7.180000e+01 -1.5190623e+05 1.8980768e+04 5.8634192e-01 -1.3292547e+05 9.69544e+06
000036000 7.200000e+01 -1.5193981e+05 1.9014633e+04 5.8738807e-01 -1.3292519e+05 9.68893e+06
000036100 7.220000e+01 -1.5203198e+05 1.9105715e+04 5.9020172e-01 -1.3292627e+05 9.69191e+06
000036200 7.240000e+01 -1.5204014e+05 1.9113637e+04 5.9044643e-01 -1.3292650e+05 9.69704e+06
000036300 7.260001e+01 -1.5203419e+05 1.9119078e+04 5.9061453e-01 -1.3291511e+05 9.67499e+06
000036400 7.280000e+01 -1.5196512e+05 1.9051369e+04 5.8852290e-01 -1.3291375e+05 9.67839e+06
000036500 7.300000e+01 -1.5195778e+05 1.9055457e+04 5.8864918e-01 -1.3290233e+05 9.65511e+06
000036600 7.320000e+01 -1.5193928e+05 1.9038480e+04 5.8812475e-01 -1.3290080e+05 9.65108e+06
000036700 7.340000e+01 -1.5194291e+05 1.9051887e+04 5.8853889e-01 -1.3289102e+05 9.63874e+06
000036800 7.360001e+01 -1.5207400e+05 1.9183000e+04 5.9258916e-01 -1.3289100e+05 9.64416e+06
000036900 7.380000e+01 -1.5203106e+05 1.9128678e+04 5.9091107e-01 -1.3290239e+05 9.66896e+06
000037000 7.400000e+01 -1.5213828e+05 1.9234908e+04 5.9419268e-01 -1.3290338e+05 9.67285e+06
000037100 7.420000e+01 -1.5199122e+05 1.9077764e+04 5.8933827e-01 -1.3291345e+05 9.69502e+06
000037200 7.440000e+01 -1.5208562e+05 1.9172480e+04 5.9226420e-01 -1.3291314e+05 9.68878e+06
000037300 7.460001e+01 -1.5210028e+05 1.9190051e+04 5.9280697e-01 -1.3291023e+05 9.67629e+06
000037400 7.480000e+01 -1.5198347e+05 1.9072988e+04 5.8919075e-01 -1.3291048e+05 9.67898e+06
000037500 7.500000e+01 -1.5191550e+05 1.8998004e+04 5.8687438e-01 -1.3291750e+05 9.68693e+06
000037600 7.520000e+01 -1.5204094e+05 1.9121857e+04 5.9070038e-01 -1.3291908e+05 9.69108e+06
000037700 7.540000e+01 -1.5192736e+05 1.9007957e+04 5.8718184e-01 -1.3291941e+05 9.68960e+06
000037800 7.560001e+01 -1.5209939e+05 1.9179432e+04 5.9247893e-01 -1.3291995e+05 9.69223e+06
000037900 7.580000e+01 -1.5211716e+05 1.9191676e+04 5.9285717e-01 -1.3292548e+05 9.69681e+06
000038000 7.600000e+01 -1.5210342e+05 1.9180758e+04 5.9251990e-01 -1.3292266e+05 9.69197e+06
000038100 7.620000e+01 -1.5197341e+05 1.9050742e+04 5.8850354e-01 -1.3292266e+05 9.68640e+06
000038200 7.640000e+01 -1.5197434e+05 1.9051699e+04 5.8853310e-01 -1.3292264e+05 9.67950e+06
000038300 7.660001e+01 -1.5198361e+05 1.9059531e+04 5.8877504e-01 -1.3292408e+05 9.68623e+06
000038400 7.680000e+01 -1.5194175e+05 1.9018062e+04 5.8749401e-01 -1.3292369e+05 9.68974e+06
000038500 7.700000e+01 -1.5188906e+05 1.8973336e+04 5.8611235e-01 -1.3291572e+05 9.67480e+06
000038600 7.720000e+01 -1.5202988e+05 1.9113867e+04 5.9045355e-01 -1.3291600e+05 9.67831e+06
000038700 7.740000e+01 -1.5197156e+05 1.9056246e+04 5.8867356e-01 -1.3291531e+05 9.67767e+06
000038800 7.760001e+01 -1.5201258e+05 1.9097016e+04 5.8993299e-01 -1.3291556e+05 9.68189e+06
000038900 7.780000e+01 -1.5203369e+05 1.9120404e+04 5.9065549e-01 -1.3291328e+05 9.67866e+06
000039000 7.800000e+01 -1.5196175e+05 1.9049199e+04 5.8845587e-01 -1.3291255e+05 9.67582e+06
000039100 7.820000e+01 -1.5199269e+05 1.9078252e+04 5.8935335e-01 -1.3291444e+05 9.68227e+06
000039200 7.840000e+01 -1.5204555e+05 1.9133012e+04 5.9104495e-01 -1.3291253e+05 9.67951e+06
000039300 7.860001e+01 -1.5192891e+05 1.9018020e+04 5.8749269e-01 -1.3291089e+05 9.67326e+06
000039400 7.880000e+01 -1.5210031e+05 1.9187602e+04 5.9273131e-01 -1.3291272e+05 9.68229e+06
000039500 7.900000e+01 -1.5205850e+05 1.9151998e+04 5.9163147e-01 -1.3290650e+05 9.67166e+06
000039600 7.920000e+01 -1.5200545e+05 1.9100695e+04 5.9004666e-01 -1.3290475e+05 9.66738e+06
000039700 7.940000e+01 -1.5201231e+05 1.9107578e+04 5.9025928e-01 -1.3290473e+05 9.66517e+06
000039800 7.960001e+01 -1.5195252e+05 1.9047016e+04 5.8838842e-01 -1.3290550e+05 9.66666e+06
000039900 7.980000e+01 -1.5196569e+05 1.9056359e+04 5.8867706e-01 -1.3290933e+05 9.67433e+06
000040000 8.000000e+01 -1.5203319e+05 1.9123322e+04 5.9074563e-01 -1.3290986e+05 9.67656e+06
000040100 8.020000e+01 -1.5200844e+05 1.9092031e+04 5.8977901e-01 -1.3291641e+05 9.68875e+06
000040200 8.040000e+01 -1.5198078e+05 1.9063084e+04 5.8888479e-01 -1.3291770e+05 9.69305e+06
000040300 8.060001e+01 -1.5205078e+05 1.9121238e+04 5.9068126e-01 -1.3292955e+05 9.71166e+06
000040400 8.080000e+01 -1.5197288e+05 1.9042279e+04 5.8824210e-01 -1.3293059e+05 9.71842e+06
000040500 8.100001e+01 -1.5212150e+05 1.9195906e+04 5.9298785e-01 -1.3292559e+05 9.71290e+06
000040600 8.120000e+01 -1.5209544e+05 1.9169266e+04 5.9216489e-01 -1.3292617e+05 9.71524e+06
000040700 8.140000e+01 -1.5202478e+05 1.9106123e+04 5.9021433e-01 -1.3291866e+05 9.69716e+06
000040800 8.160001e+01 -1.5209903e+05 1.9180508e+04 5.9251217e-01 -1.3291853e+05 9.69665e+06
000040900 8.180000e+01 -1.5200059e+05 1.9071383e+04 5.8914115e-01 -1.3292922e+05 9.71579e+06
000041000 8.200001e+01 -1.5204891e+05 1.9118887e+04 5.9060861e-01 -1.3293002e+05 9.71512e+06
000041100 8.220000e+01 -1.5208009e+05 1.9126877e+04 5.9085544e-01 -1.3295322e+05 9.76221e+06
000041200 8.240000e+01 -1.5208019e+05 1.9126160e+04 5.9083330e-01 -1.3295403e+05 9.76554e+06
000041300 8.260001e+01 -1.5204984e+05 1.9084652e+04 5.8955107e-01 -1.3296519e+05 9.78698e+06
000041400 8.280000e+01 -1.5212031e+05 1.9156141e+04 5.9175944e-01 -1.3296417e+05 9.78026e+06
000041500 8.300001e+01 -1.5215472e+05 1.9188533e+04 5.9276009e-01 -1.3296619e+05 9.78781e+06
000041600 8.320000e+01 -1.5206298e+05 1.9096074e+04 5.8990390e-01 -1.3296691e+05 9.78984e+06
000041700 8.340000e+01 -1.5199136e+05 1.9024662e+04 5.8769789e-01 -1.3296670e+05 9.78579e+06
000041800 8.360001e+01 -1.5209797e+05 1.9127699e+04 5.9088084e-01 -1.3297027e+05 9.79462e+06
000041900 8.380000e+01 -1.5212702e+05 1.9157166e+04 5.9179111e-01 -1.3296984e+05 9.79116e+06
000042000 8.400001e+01 -1.5214834e+05 1.9177520e+04 5.9241986e-01 -1.3297083e+05 9.79350e+06
000042100 8.420000e+01 -1.5216738e+05 1.9200309e+04 5.9312385e-01 -1.3296706e+05 9.77741e+06
000042200 8.440000e+01 -1.5206150e+05 1.9093045e+04 5.8981032e-01 -1.3296845e+05 9.78180e+06
000042300 8.460001e+01 -1.5208812e+05 1.9115865e+04 5.9051528e-01 -1.3297227e+05 9.79434e+06
000042400 8.480000e+01 -1.5212252e+05 1.9149293e+04 5.9154790e-01 -1.3297322e+05 9.79750e+06
000042500 8.500001e+01 -1.5213816e+05 1.9171797e+04 5.9224308e-01 -1.3296636e+05 9.78209e+06
000042600 8.520000e+01 -1.5208614e+05 1.9120023e+04 5.9064373e-01 -1.3296612e+05 9.78077e+06
000042700 8.540000e+01 -1.5210288e+05 1.9148496e+04 5.9152329e-01 -1.3295438e+05 9.76428e+06
000042800 8.560001e+01 -1.5216019e+05 1.9204879e+04 5.9326503e-01 -1.3295531e+05 9.76858e+06
000042900 8.580000e+01 -1.5207953e+05 1.9137164e+04 5.9117323e-01 -1.3294238e+05 9.75470e+06
000043000 8.600001e+01 -1.5213584e+05 1.9192742e+04 5.9289011e-01 -1.3294309e+05 9.75415e+06
000043100 8.620000e+01 -1.5207167e+05 1.9137502e+04 5.9118366e-01 -1.3293417e+05 9.73712e+06
000043200 8.640000e+01 -1.5206256e+05 1.9130422e+04 5.9096495e-01 -1.3293214e+05 9.73008e+06
000043300 8.660001e+01 -1.5208856e+05 1.9153141e+04 5.9166676e-01 -1.3293542e+05 9.73069e+06
000043400 8.680000e+01 -1.5205711e+05 1.9120373e+04 5.9065453e-01 -1.3293673e+05 9.73030e+06
000043500 8.700001e+01 -1.5197012e+05 1.9027201e+04 5.8777632e-01 -1.3294292e+05 9.74610e+06
000043600 8.720000e+01 -1.5206344e+05 1.9120098e+04 5.9064602e-01 -1.3294334e+05 9.73965e+06
000043700 8.740000e+01 -1.5198272e+05 1.9045305e+04 5.8833556e-01 -1.3293741e+05 9.72583e+06
000043800 8.760001e+01 -1.5193725e+05 1.9001145e+04 5.8697140e-01 -1.3293611e+05 9.72067e+06
000043900 8.780000e+01 -1.5190975e+05 1.8992910e+04 5.8671702e-01 -1.3291684e+05 9.68487e+06
000044000 8.800001e+01 -1.5205156e+05 1.9134535e+04 5.9109201e-01 -1.3291703e+05 9.68258e+06
000044100 8.820000e+01 -1.5208234e+05 1.9166832e+04 5.9208971e-01 -1.3291552e+05 9.68063e+06
000044200 8.840000e+01 -1.5202481e+05 1.9108199e+04 5.9027846e-01 -1.3291661e+05 9.68967e+06
000044300 8.860001e+01 -1.5210869e+05 1.9191893e+04 5.9286386e-01 -1.3291680e+05 9.68982e+06
000044400 8.880000e+01 -1.5194612e+05 1.9029238e+04 5.8783925e-01 -1.3291689e+05 9.68940e+06
000044500 8.900001e+01 -1.5204047e+05 1.9126139e+04 5.9083264e-01 -1.3291433e+05 9.68703e+06
000044600 8.920000e+01 -1.5202102e+05 1.9107674e+04 5.9026223e-01 -1.3291334e+05 9.68840e+06
000044700 8.940000e+01 -1.5201758e+05 1.9102492e+04 5.9010216e-01 -1.3291509e+05 9.69207e+06
000044800 8.960001e+01 -1.5209842e+05 1.9185164e+04 5.9265601e-01 -1.3291325e+05 9.68473e+06
000044900 8.980000e+01 -1.5195206e+05 1.9036539e+04 5.8806478e-01 -1.3291553e+05 9.68849e+06
000045000 9.000001e+01 -1.5205606e+05 1.9139277e+04 5.9123851e-01 -1.3291678e+05 9.69224e+06
000045100 9.020000e+01 -1.5184908e+05 1.8936352e+04 5.8496985e-01 -1.3291272e+05 9.68734e+06
000045200 9.040000e+01 -1.5202984e+05 1.9115852e+04 5.9051485e-01 -1.3291400e+05 9.68519e+06
000045300 9.060001e+01 -1.5199316e+05 1.9073562e+04 5.8920849e-01 -1.3291959e+05 9.69855e+06
000045400 9.080000e+01 -1.5193581e+05 1.9017912e+04 5.8748937e-01 -1.3291791e+05 9.69018e+06
000045500 9.100001e+01 -1.5198341e+05 1.9055527e+04 5.8865136e-01 -1.3292788e+05 9.70936e+06
000045600 9.120000e+01 -1.5198208e+05 1.9053547e+04 5.8859018e-01 -1.3292853e+05 9.70542e+06
000045700 9.140000e+01 -1.5205044e+05 1.9123523e+04 5.9075185e-01 -1.3292691e+05 9.70118e+06
000045800 9.160001e+01 -1.5209670e+05 1.9169836e+04 5.9218250e-01 -1.3292688e+05 9.70309e+06
000045900 9.180000e+01 -1.5194294e+05 1.9016523e+04 5.8744647e-01 -1.3292641e+05 9.69574e+06
000046000 9.200001e+01 -1.5211412e+05 1.9188387e+04 5.9275556e-01 -1.3292573e+05 9.69737e+06
000046100 9.220000e+01 -1.5206498e+05 1.9141525e+04 5.9130795e-01 -1.3292345e+05 9.69990e+06
000046200 9.240000e+01 -1.5204862e+05 1.9126609e+04 5.9084718e-01 -1.3292202e+05 9.70144e+06
000046300 9.260001e+01 -1.5212956e+05 1.9201758e+04 5.9316861e-01 -1.3292781e+05 9.71231e+06
000046400 9.280000e+01 -1.5209797e+05 1.9172541e+04 5.9226607e-01 -1.3292542e+05 9.70962e+06
000046500 9.300001e+01 -1.5198466e+05 1.9064271e+04 5.8892147e-01 -1.3292039e+05 9.69547e+06
000046600 9.320000e+01 -1.5203297e+05 1.9113723e+04 5.9044909e-01 -1.3291925e+05 9.69293e+06
000046700 9.340000e+01 -1.5209178e+05 1.9173945e+04 5.9230945e-01 -1.3291784e+05 9.69849e+06
000046800 9.360001e+01 -1.5207306e+05 1.9154660e+04 5.9171370e-01 -1.3291841e+05 9.69786e+06
000046900 9.380000e+01 -1.5212133e+05 1.9214918e+04 5.9357515e-01 -1.3290641e+05 9.67432e+06
000047000 9.400001e+01 -1.5210041e+05 1.9195744e+04 5.9298284e-01 -1.3290466e+05 9.67432e+06
000047100 9.420000e+01 -1.5198330e+05 1.9078906e+04 5.8937356e-01 -1.3290439e+05 9.66799e+06
000047200 9.440000e+01 -1.5210009e+05 1.9196543e+04 5.9300752e-01 -1.3290355e+05 9.66478e+06
000047300 9.460001e+01 -1.5200116e+05 1.9095424e+04 5.8988381e-01 -1.3290573e+05 9.66546e+06
000047400 9.480000e+01 -1.5204316e+05 1.9137330e+04 5.9117835e-01 -1.3290583e+05 9.66705e+06
000047500 9.500001e+01 -1.5220908e+05 1.9287645e+04 5.9582177e-01 -1.3292144e+05 9.69397e+06
000047600 9.520000e+01 -1.5214344e+05 1.9221027e+04 5.9376388e-01 -1.3292241e+05 9.69972e+06
000047700 9.540000e+01 -1.5211747e+05 1.9180754e+04 5.9251978e-01 -1.3293672e+05 9.72797e+06
000047800 9.560001e+01 -1.5219759e+05 1.9261814e+04 5.9502385e-01 -1.3293578e+05 9.72470e+06
000047900 9.580000e+01 -1.5216988e+05 1.9230562e+04 5.9405843e-01 -1.3293931e+05 9.73101e+06
000048000 9.600001e+01 -1.5199708e+05 1.9058406e+04 5.8874029e-01 -1.3293867e+05 9.72756e+06
000048100 9.620000e+01 -1.5216312e+05 1.9223520e+04 5.9384086e-01 -1.3293961e+05 9.72960e+06
000048200 9.640000e+01 -1.5206192e+05 1.9122742e+04 5.9072771e-01 -1.3293919e+05 9.72210e+06
000048300 9.660001e+01 -1.5203244e+05 1.9094436e+04 5.8985328e-01 -1.3293800e+05 9.72087e+06
000048400 9.680000e+01 -1.5202638e+05 1.9089549e+04 5.8970233e-01 -1.3293683e+05 9.72254e+06
000048500 9.700001e+01 -1.5202986e+05 1.9098934e+04 5.8999223e-01 -1.3293092e+05 9.71106e+06
000048600 9.720000e+01 -1.5218825e+05 1.9257395e+04 5.9488731e-01 -1.3293086e+05 9.71087e+06
000048700 9.740000e+01 -1.5210394e+05 1.9174219e+04 5.9231790e-01 -1.3292972e+05 9.70819e+06
000048800 9.760001e+01 -1.5202575e+05 1.9097545e+04 5.8994934e-01 -1.3292820e+05 9.70409e+06
000048900 9.780000e+01 -1.5214338e+05 1.9217645e+04 5.9365938e-01 -1.3292573e+05 9.69469e+06
000049000 9.800001e+01 -1.5204836e+05 1.9120445e+04 5.9065676e-01 -1.3292791e+05 9.69924e+06
000049100 9.820000e+01 -1.5198906e+05 1.9044684e+04 5.8831638e-01 -1.3294438e+05 9.73810e+06
000049200 9.840000e+01 -1.5211197e+05 1.9168609e+04 5.9214461e-01 -1.3294336e+05 9.73504e+06
000049300 9.860001e+01 -1.5211714e+05 1.9154094e+04 5.9169621e-01 -1.3296305e+05 9.77370e+06
000049400 9.880000e+01 -1.5210591e+05 1.9141906e+04 5.9131972e-01 -1.3296400e+05 9.77636e+06
000049500 9.900001e+01 -1.5222548e+05 1.9251061e+04 5.9469164e-01 -1.3297442e+05 9.79406e+06
000049600 9.920000e+01 -1.5208575e+05 1.9110961e+04 5.9036377e-01 -1.3297478e+05 9.79332e+06
000049700 9.940000e+01 -1.5222356e+05 1.9248418e+04 5.9461001e-01 -1.3297514e+05 9.79444e+06
000049800 9.960001e+01 -1.5209984e+05 1.9124414e+04 5.9077936e-01 -1.3297544e+05 9.79432e+06
000049900 9.980000e+01 -1.5209184e+05 1.9118080e+04 5.9058369e-01 -1.3297377e+05 9.79217e+06
000050000 1.000000e+02 -1.5211784e+05 1.9143164e+04 5.9135857e-01 -1.3297469e+05 9.79002e+06
000050100 1.002000e+02 -1.5213103e+05 1.9158818e+04 5.9184216e-01 -1.3297222e+05 9.78610e+06
000050200 1.004000e+02 -1.5197625e+05 1.9003275e+04 5.8703722e-01 -1.3297297e+05 9.78060e+06
000050300 1.006000e+02 -1.5209158e+05 1.9117531e+04 5.9056674e-01 -1.3297405e+05 9.78635e+06
000050400 1.008000e+02 -1.5224536e+05 1.9270762e+04 5.9530024e-01 -1.3297459e+05 9.78556e+06
000050500 1.010000e+02 -1.5221238e+05 1.9238732e+04 5.9431081e-01 -1.3297364e+05 9.78032e+06
000050600 1.012000e+02 -1.5227702e+05 1.9302572e+04 5.9628291e-01 -1.3297444e+05 9.78229e+06
000050700 1.014000e+02 -1.5218455e+05 1.9211156e+04 5.9345895e-01 -1.3297339e+05 9.78444e+06
000050800 1.016000e+02 -1.5216420e+05 1.9190867e+04 5.9283219e-01 -1.3297334e+05 9.78712e+06
000050900 1.018000e+02 -1.5204544e+05 1.9072764e+04 5.8918381e-01 -1.3297267e+05 9.78724e+06
000051000 1.020000e+02 -1.5222281e+05 1.9251375e+04 5.9470136e-01 -1.3297144e+05 9.78128e+06
000051100 1.022000e+02 -1.5220544e+05 1.9233852e+04 5.9416003e-01 -1.3297159e+05 9.78339e+06
000051200 1.024000e+02 -1.5212884e+05 1.9157152e+04 5.9179069e-01 -1.3297169e+05 9.78048e+06
000051300 1.026000e+02 -1.5203292e+05 1.9061383e+04 5.8883224e-01 -1.3297153e+05 9.77827e+06
000051400 1.028000e+02 -1.5214303e+05 1.9172873e+04 5.9227632e-01 -1.3297016e+05 9.77006e+06
000051500 1.030000e+02 -1.5210117e+05 1.9143312e+04 5.9136316e-01 -1.3295786e+05 9.75206e+06
000051600 1.032000e+02 -1.5210808e+05 1.9151230e+04 5.9160776e-01 -1.3295684e+05 9.74668e+06
000051700 1.034000e+02 -1.5210150e+05 1.9159395e+04 5.9185995e-01 -1.3294211e+05 9.72394e+06
000051800 1.036000e+02 -1.5210634e+05 1.9165691e+04 5.9205447e-01 -1.3294066e+05 9.72114e+06
000051900 1.038000e+02 -1.5208198e+05 1.9154297e+04 5.9170248e-01 -1.3292769e+05 9.69698e+06
000052000 1.040000e+02 -1.5220897e+05 1.9280996e+04 5.9561639e-01 -1.3292797e+05 9.69924e+06
000052100 1.042000e+02 -1.5201277e+05 1.9095281e+04 5.8987941e-01 -1.3291748e+05 9.68452e+06
000052200 1.044000e+02 -1.5206969e+05 1.9153383e+04 5.9167424e-01 -1.3291631e+05 9.68402e+06
000052300 1.046000e+02 -1.5217128e+05 1.9247504e+04 5.9458177e-01 -1.3292378e+05 9.70318e+06
000052400 1.048000e+02 -1.5209705e+05 1.9174758e+04 5.9233455e-01 -1.3292228e+05 9.69762e+06
000052500 1.050000e+02 -1.5200025e+05 1.9068213e+04 5.8904323e-01 -1.3293203e+05 9.71234e+06
000052600 1.052000e+02 -1.5214497e+05 1.9213191e+04 5.9352181e-01 -1.3293178e+05 9.70692e+06
000052700 1.054000e+02 -1.5207484e+05 1.9142555e+04 5.9133975e-01 -1.3293228e+05 9.70731e+06
000052800 1.056000e+02 -1.5206147e+05 1.9131229e+04 5.9098987e-01 -1.3293023e+05 9.70171e+06
000052900 1.058000e+02 -1.5219281e+05 1.9266311e+04 5.9516274e-01 -1.3292650e+05 9.69122e+06
000053000 1.060000e+02 -1.5207891e+05 1.9152598e+04 5.9164999e-01 -1.3292631e+05 9.69015e+06
000053100 1.062000e+02 -1.5201175e+05 1.9089426e+04 5.8969852e-01 -1.3292233e+05 9.68032e+06
000053200 1.064000e+02 -1.5209309e+05 1.9170625e+04 5.9220688e-01 -1.3292247e+05 9.68401e+06
000053300 1.066000e+02 -1.5198128e+05 1.9073881e+04 5.8921832e-01 -1.3290741e+05 9.65172e+06
000053400 1.068000e+02 -1.5215975e+05 1.9252258e+04 5.9472863e-01 -1.3290750e+05 9.65546e+06
000053500 1.070000e+02 -1.5213725e+05 1.9237352e+04 5.9426815e-01 -1.3289991e+05 9.64170e+06
000053600 1.072000e+02 -1.5206522e+05 1.9165939e+04 5.9206214e-01 -1.3289928e+05 9.64173e+06
000053700 1.074000e+02 -1.5199138e+05 1.9097270e+04 5.8994083e-01 -1.3289411e+05 9.63915e+06
000053800 1.076000e+02 -1.5211952e+05 1.9225941e+04 5.9391568e-01 -1.3289358e+05 9.63818e+06
000053900 1.078000e+02 -1.5190900e+05 1.9016770e+04 5.8745407e-01 -1.3289223e+05 9.63640e+06
000054000 1.080000e+02 -1.5189575e+05 1.9005232e+04 5.8709768e-01 -1.3289052e+05 9.63051e+06
000054100 1.082000e+02 -1.5201841e+05 1.9118184e+04 5.9058689e-01 -1.3290022e+05 9.64880e+06
000054200 1.084000e+02 -1.5200259e+05 1.9104479e+04 5.9016352e-01 -1.3289811e+05 9.64752e+06
000054300 1.086000e+02 -1.5201259e+05 1.9105102e+04 5.9018277e-01 -1.3290750e+05 9.65781e+06
000054400 1.088000e+02 -1.5204212e+05 1.9132242e+04 5.9102118e-01 -1.3290988e+05 9.66480e+06
000054500 1.090000e+02 -1.5206686e+05 1.9158814e+04 5.9184204e-01 -1.3290805e+05 9.65889e+06
000054600 1.092000e+02 -1.5201969e+05 1.9109947e+04 5.9033246e-01 -1.3290973e+05 9.66331e+06
000054700 1.094000e+02 -1.5206586e+05 1.9156748e+04 5.9177820e-01 -1.3290911e+05 9.65729e+06
000054800 1.096000e+02 -1.5190045e+05 1.8991613e+04 5.8667696e-01 -1.3290884e+05 9.65439e+06
000054900 1.098000e+02 -1.5196381e+05 1.9050299e+04 5.8848984e-01 -1.3291352e+05 9.65911e+06
000055000 1.100000e+02 -1.5201638e+05 1.9101461e+04 5.9007031e-01 -1.3291491e+05 9.66344e+06
000055100 1.102000e+02 -1.5210008e+05 1.9175832e+04 5.9236773e-01 -1.3292425e+05 9.68918e+06
000055200 1.104000e+02 -1.5202105e+05 1.9096902e+04 5.8992949e-01 -1.3292414e+05 9.68780e+06
000055300 1.106000e+02 -1.5205864e+05 1.9143473e+04 5.9136811e-01 -1.3291517e+05 9.67171e+06
000055400 1.108000e+02 -1.5191097e+05 1.8997307e+04 5.8685284e-01 -1.3291366e+05 9.66951e+06
000055500 1.110000e+02 -1.5205981e+05 1.9144920e+04 5.9141281e-01 -1.3291489e+05 9.67395e+06
000055600 1.112000e+02 -1.5199673e+05 1.9083311e+04 5.8950962e-01 -1.3291342e+05 9.67433e+06
000055700 1.114000e+02 -1.5215642e+05 1.9245645e+04 5.9452434e-01 -1.3291078e+05 9.66343e+06
000055800 1.116000e+02 -1.5211297e+05 1.9200744e+04 5.9313730e-01 -1.3291222e+05 9.67025e+06
000055900 1.118000e+02 -1.5204547e+05 1.9130400e+04 5.9096429e-01 -1.3291506e+05 9.67626e+06
000056000 1.120000e+02 -1.5199556e+05 1.9078984e+04 5.8937598e-01 -1.3291658e+05 9.67808e+06
000056100 1.122000e+02 -1.5202956e+05 1.9113434e+04 5.9044016e-01 -1.3291612e+05 9.68302e+06
000056200 1.124000e+02 -1.5200459e+05 1.9088201e+04 5.8966069e-01 -1.3291639e+05 9.68182e+06
000056300 1.126000e+02 -1.5203225e+05 1.9124398e+04 5.9077888e-01 -1.3290784e+05 9.65877e+06
000056400 1.128000e+02 -1.5204411e+05 1.9134742e+04 5.9109841e-01 -1.3290938e+05 9.66356e+06
000056500 1.130000e+02 -1.5202819e+05 1.9112676e+04 5.9041675e-01 -1.3291552e+05 9.66965e+06
000056600 1.132000e+02 -1.5205194e+05 1.9134492e+04 5.9109069e-01 -1.3291744e+05 9.67748e+06
000056700 1.134000e+02 -1.5211614e+05 1.9203248e+04 5.9321465e-01 -1.3291289e+05 9.67312e+06
000056800 1.136000e+02 -1.5208964e+05 1.9176590e+04 5.9239114e-01 -1.3291305e+05 9.67307e+06
000056900 1.138000e+02 -1.5204155e+05 1.9116766e+04 5.9054309e-01 -1.3292478e+05 9.69655e+06
000057000 1.140000e+02 -1.5197756e+05 1.9052102e+04 5.8854553e-01 -1.3292547e+05 9.69462e+06
000057100 1.142000e+02 -1.5199478e+05 1.9060916e+04 5.8881782e-01 -1.3293386e+05 9.71352e+06
000057200 1.144000e+02 -1.5206830e+05 1.9132232e+04 5.9102088e-01 -1.3293606e+05 9.72156e+06
000057300 1.146000e+02 -1.5202592e+05 1.9091961e+04 5.8977684e-01 -1.3293397e+05 9.71256e+06
000057400 1.148000e+02 -1.5204250e+05 1.9109400e+04 5.9031557e-01 -1.3293309e+05 9.71366e+06
000057500 1.150000e+02 -1.5210700e+05 1.9183121e+04 5.9259290e-01 -1.3292388e+05 9.70003e+06
000057600 1.152000e+02 -1.5195875e+05 1.9034176e+04 5.8799178e-01 -1.3292458e+05 9.69937e+06
000057700 1.154000e+02 -1.5204734e+05 1.9127168e+04 5.9086443e-01 -1.3292017e+05 9.69089e+06
000057800 1.156000e+02 -1.5213083e+05 1.9209250e+04 5.9340006e-01 -1.3292158e+05 9.69257e+06
000057900 1.158000e+02 -1.5218333e+05 1.9256695e+04 5.9486571e-01 -1.3292662e+05 9.70240e+06
000058000 1.160000e+02 -1.5213522e+05 1.9208223e+04 5.9336832e-01 -1.3292700e+05 9.70362e+06
000058100 1.162000e+02 -1.5207520e+05 1.9121787e+04 5.9069821e-01 -1.3295342e+05 9.74984e+06
000058200 1.164000e+02 -1.5210738e+05 1.9153477e+04 5.9167714e-01 -1.3295391e+05 9.75360e+06
000058300 1.166000e+02 -1.5215344e+05 1.9186910e+04 5.9270995e-01 -1.3296653e+05 9.77475e+06
000058400 1.168000e+02 -1.5200688e+05 1.9040068e+04 5.8817381e-01 -1.3296681e+05 9.77380e+06
000058500 1.170000e+02 -1.5215747e+05 1.9182914e+04 5.9258651e-01 -1.3297456e+05 9.78870e+06
000058600 1.172000e+02 -1.5215123e+05 1.9177959e+04 5.9243344e-01 -1.3297328e+05 9.78638e+06
000058700 1.174000e+02 -1.5216644e+05 1.9194051e+04 5.9293053e-01 -1.3297239e+05 9.78240e+06
000058800 1.176000e+02 -1.5218419e+05 1.9211273e+04 5.9346257e-01 -1.3297291e+05 9.78740e+06
000058900 1.178000e+02 -1.5217428e+05 1.9199191e+04 5.9308933e-01 -1.3297509e+05 9.79289e+06
000059000 1.180000e+02 -1.5213786e+05 1.9163594e+04 5.9198967e-01 -1.3297427e+05 9.78654e+06
000059100 1.182000e+02 -1.5211172e+05 1.9140629e+04 5.9128026e-01 -1.3297109e+05 9.78038e+06
000059200 1.184000e+02 -1.5215192e+05 1.9179377e+04 5.9247724e-01 -1.3297255e+05 9.79007e+06
000059300 1.186000e+02 -1.5219188e+05 1.9218152e+04 5.9367506e-01 -1.3297372e+05 9.79604e+06
000059400 1.188000e+02 -1.5216188e+05 1.9188516e+04 5.9275955e-01 -1.3297336e+05 9.80034e+06
000059500 1.190000e+02 -1.5203005e+05 1.9065270e+04 5.8895230e-01 -1.3296478e+05 9.77969e+06
000059600 1.192000e+02 -1.5208864e+05 1.9125160e+04 5.9080241e-01 -1.3296348e+05 9.77864e+06
000059700 1.194000e+02 -1.5198294e+05 1.9041625e+04 5.8822189e-01 -1.3294131e+05 9.73682e+06
000059800 1.196000e+02 -1.5204492e+05 1.9104361e+04 5.9015990e-01 -1.3294056e+05 9.73413e+06
000059900 1.198000e+02 -1.5203831e+05 1.9117887e+04 5.9057772e-01 -1.3292042e+05 9.70104e+06
000060000 1.200000e+02 -1.5210094e+05 1.9181418e+04 5.9254029e-01 -1.3291952e+05 9.69955e+06
000060100 1.202000e+02 -1.5191862e+05 1.8999500e+04 5.8692059e-01 -1.3291912e+05 9.69583e+06
000060200 1.204000e+02 -1.5207378e+05 1.9155324e+04 5.9173422e-01 -1.3291845e+05 9.69106e+06
000060300 1.206000e+02 -1.5211562e+05 1.9189930e+04 5.9280323e-01 -1.3292569e+05 9.70013e+06
000060400 1.208000e+02 -1.5208459e+05 1.9157773e+04 5.9180988e-01 -1.3292681e+05 9.70127e+06
000060500 1.210000e+02 -1.5205127e+05 1.9118348e+04 5.9059196e-01 -1.3293292e+05 9.71234e+06
000060600 1.212000e+02 -1.5203712e+05 1.9104498e+04 5.9016413e-01 -1.3293262e+05 9.70937e+06
000060700 1.214000e+02 -1.5210038e+05 1.9168367e+04 5.9213713e-01 -1.3293200e+05 9.71222e+06
000060800 1.216000e+02 -1.5213597e+05 1.9205354e+04 5.9327969e-01 -1.3293061e+05 9.71020e+06
000060900 1.218000e+02 -1.5201241e+05 1.9096826e+04 5.8992713e-01 -1.3291558e+05 9.67975e+06
000061000 1.220000e+02 -1.5213816e+05 1.9223914e+04 5.9385305e-01 -1.3291425e+05 9.67607e+06
000061100 1.222000e+02 -1.5194134e+05 1.9030141e+04 5.8786712e-01 -1.3291120e+05 9.67194e+06
000061200 1.224000e+02 -1.5203470e+05 1.9122611e+04 5.9072367e-01 -1.3291209e+05 9.67738e+06
000061300 1.226000e+02 -1.5210378e+05 1.9188455e+04 5.9275768e-01 -1.3291533e+05 9.68601e+06
000061400 1.228000e+02 -1.5206333e+05 1.9146385e+04 5.9145807e-01 -1.3291694e+05 9.69264e+06
000061500 1.230000e+02 -1.5205431e+05 1.9136156e+04 5.9114209e-01 -1.3291816e+05 9.69329e+06
000061600 1.232000e+02 -1.5206712e+05 1.9149598e+04 5.9155732e-01 -1.3291753e+05 9.69101e+06
000061700 1.234000e+02 -1.5207602e+05 1.9156350e+04 5.9176589e-01 -1.3291967e+05 9.69641e+06
000061800 1.236000e+02 -1.5212658e+05 1.9207605e+04 5.9334926e-01 -1.3291897e+05 9.69302e+06
000061900 1.238000e+02 -1.5208191e+05 1.9167590e+04 5.9211312e-01 -1.3291431e+05 9.68051e+06
000062000 1.240000e+02 -1.5190975e+05 1.8996922e+04 5.8684095e-01 -1.3291283e+05 9.67664e+06
000062100 1.242000e+02 -1.5207375e+05 1.9156154e+04 5.9175986e-01 -1.3291759e+05 9.68481e+06
000062200 1.244000e+02 -1.5206150e+05 1.9142322e+04 5.9133257e-01 -1.3291917e+05 9.68371e+06
000062300 1.246000e+02 -1.5198794e+05 1.9063688e+04 5.8890343e-01 -1.3292425e+05 9.68946e+06
000062400 1.248000e+02 -1.5195984e+05 1.9035477e+04 5.8803196e-01 -1.3292438e+05 9.69158e+06
000062500 1.250000e+02 -1.5204666e+05 1.9125693e+04 5.9081888e-01 -1.3292097e+05 9.68355e+06
000062600 1.252000e+02 -1.5205975e+05 1.9140555e+04 5.9127797e-01 -1.3291919e+05 9.68460e+06
000062700 1.254000e+02 -1.5204808e+05 1.9130906e+04 5.9097991e-01 -1.3291717e+05 9.68013e+06
000062800 1.256000e+02 -1.5195469e+05 1.9038418e+04 5.8812282e-01 -1.3291627e+05 9.68399e+06
000062900 1.258000e+02 -1.5212497e+05 1.9207256e+04 5.9333846e-01 -1.3291772e+05 9.68281e+06
000063000 1.260000e+02 -1.5198462e+05 1.9065734e+04 5.8896666e-01 -1.3291889e+05 9.68754e+06
000063100 1.262000e+02 -1.5208152e+05 1.9168449e+04 5.9213967e-01 -1.3291306e+05 9.68153e+06
000063200 1.264000e+02 -1.5206575e+05 1.9152133e+04 5.9163563e-01 -1.3291362e+05 9.68346e+06
000063300 1.266000e+02 -1.5204566e+05 1.9139996e+04 5.9126071e-01 -1.3290566e+05 9.66370e+06
000063400 1.268000e+02 -1.5212422e+05 1.9217076e+04 5.9364182e-01 -1.3290714e+05 9.67006e+06
000063500 1.270000e+02 -1.5198839e+05 1.9080418e+04 5.8942026e-01 -1.3290797e+05 9.66997e+06
000063600 1.272000e+02 -1.5193878e+05 1.9032676e+04 5.8794544e-01 -1.3290611e+05 9.66802e+06
000063700 1.274000e+02 -1.5211456e+05 1.9215465e+04 5.9359204e-01 -1.3289909e+05 9.65224e+06
000063800 1.276000e+02 -1.5209330e+05 1.9195496e+04 5.9297518e-01 -1.3289780e+05 9.64823e+06
000063900 1.278000e+02 -1.5195491e+05 1.9056254e+04 5.8867380e-01 -1.3289866e+05 9.64594e+06
000064000 1.280000e+02 -1.5207216e+05 1.9172992e+04 5.9228001e-01 -1.3289916e+05 9.64651e+06
000064100 1.282000e+02 -1.5198212e+05 1.9085072e+04 5.8956404e-01 -1.3289705e+05 9.64856e+06
000064200 1.284000e+02 -1.5198625e+05 1.9088619e+04 5.8967361e-01 -1.3289762e+05 9.64190e+06
000064300 1.286000e+02 -1.5200823e+05 1.9100109e+04 5.9002856e-01 -1.3290812e+05 9.65350e+06
000064400 1.288000e+02 -1.5189511e+05 1.8986578e+04 5.8652142e-01 -1.3290853e+05 9.65720e+06
000064500 1.290000e+02 -1.5200281e+05 1.9090725e+04 5.8973865e-01 -1.3291209e+05 9.66464e+06
000064600 1.292000e+02 -1.5202716e+05 1.9113637e+04 5.9044643e-01 -1.3291352e+05 9.67074e+06
000064700 1.294000e+02 -1.5205891e+05 1.9137287e+04 5.9117703e-01 -1.3292162e+05 9.68628e+06
000064800 1.296000e+02 -1.5204528e+05 1.9126658e+04 5.9084868e-01 -1.3291862e+05 9.68144e+06
000064900 1.298000e+02 -1.5207875e+05 1.9150584e+04 5.9158779e-01 -1.3292817e+05 9.70810e+06
000065000 1.300000e+02 -1.5208742e+05 1.9161334e+04 5.9191987e-01 -1.3292609e+05 9.70275e+06
000065100 1.302000e+02 -1.5214653e+05 1.9218754e+04 5.9369365e-01 -1.3292778e+05 9.71192e+06
000065200 1.304000e+02 -1.5215475e+05 1.9227324e+04 5.9395840e-01 -1.3292742e+05 9.71088e+06
000065300 1.306000e+02 -1.5210373e+05 1.9175762e+04 5.9236556e-01 -1.3292797e+05 9.71119e+06
000065400 1.308000e+02 -1.5210059e+05 1.9174205e+04 5.9231747e-01 -1.3292639e+05 9.70940e+06
000065500 1.310000e+02 -1.5206544e+05 1.9145633e+04 5.9143484e-01 -1.3291981e+05 9.68626e+06
000065600 1.312000e+02 -1.5209795e+05 1.9180051e+04 5.9249805e-01 -1.3291791e+05 9.68202e+06
000065700 1.314000e+02 -1.5217811e+05 1.9264703e+04 5.9511308e-01 -1.3291341e+05 9.66728e+06
000065800 1.316000e+02 -1.5197328e+05 1.9060469e+04 5.8880400e-01 -1.3291281e+05 9.66546e+06
000065900 1.318000e+02 -1.5206344e+05 1.9143713e+04 5.9137553e-01 -1.3291972e+05 9.67545e+06
000066000 1.320000e+02 -1.5205577e+05 1.9135199e+04 5.9111253e-01 -1.3292056e+05 9.67593e+06
000066100 1.322000e+02 -1.5193984e+05 1.9002713e+04 5.8701984e-01 -1.3293712e+05 9.70684e+06
000066200 1.324000e+02 -1.5204267e+05 1.9106273e+04 5.9021897e-01 -1.3293641e+05 9.70656e+06
000066300 1.326000e+02 -1.5211830e+05 1.9154217e+04 5.9170001e-01 -1.3296408e+05 9.75766e+06
000066400 1.328000e+02 -1.5196508e+05 1.9001650e+04 5.8698702e-01 -1.3296342e+05 9.75520e+06
000066500 1.330000e+02 -1.5204219e+05 1.9067951e+04 5.8903514e-01 -1.3297423e+05 9.77676e+06
000066600 1.332000e+02 -1.5216284e+05 1.9189277e+04 5.9278308e-01 -1.3297356e+05 9.77644e+06
000066700 1.334000e+02 -1.5210480e+05 1.9129566e+04 5.9093852e-01 -1.3297523e+05 9.77952e+06
000066800 1.336000e+02 -1.5215159e+05 1.9176098e+04 5.9237594e-01 -1.3297550e+05 9.78401e+06
000066900 1.338000e+02 -1.5218269e+05 1.9207789e+04 5.9335493e-01 -1.3297491e+05 9.78794e+06
000067000 1.340000e+02 -1.5222047e+05 1.9245441e+04 5.9451806e-01 -1.3297503e+05 9.78560e+06
000067100 1.342000e+02 -1.5214375e+05 1.9166988e+04 5.9209454e-01 -1.3297677e+05 9.79474e+06
000067200 1.344000e+02 -1.5219625e+05 1.9219227e+04 5.9370825e-01 -1.3297703e+05 9.79031e+06
000067300 1.346000e+02 -1.5222262e+05 1.9246164e+04 5.9454038e-01 -1.3297647e+05 9.78701e+06
000067400 1.348000e+02 -1.5221188e+05 1.9235109e+04 5.9419889e-01 -1.3297677e+05 9.78391e+06
000067500 1.350000e+02 -1.5205188e+05 1.9077129e+04 5.8931866e-01 -1.3297475e+05 9.77769e+06
000067600 1.352000e+02 -1.5213491e+05 1.9156688e+04 5.9177633e-01 -1.3297822e+05 9.78269e+06
000067700 1.354000e+02 -1.5217486e+05 1.9198746e+04 5.9307558e-01 -1.3297611e+05 9.77578e+06
000067800 1.356000e+02 -1.5221184e+05 1.9236195e+04 5.9423244e-01 -1.3297566e+05 9.77541e+06
000067900 1.358000e+02 -1.5205644e+05 1.9084580e+04 5.8954883e-01 -1.3297186e+05 9.76507e+06
000068000 1.360000e+02 -1.5206006e+05 1.9089055e+04 5.8968706e-01 -1.3297100e+05 9.76392e+06
000068100 1.362000e+02 -1.5199797e+05 1.9026512e+04 5.8775502e-01 -1.3297145e+05 9.76732e+06
000068200 1.364000e+02 -1.5202512e+05 1.9053115e+04 5.8857684e-01 -1.3297202e+05 9.76423e+06
000068300 1.366000e+02 -1.5213400e+05 1.9165590e+04 5.9205134e-01 -1.3296841e+05 9.75905e+06
000068400 1.368000e+02 -1.5202245e+05 1.9055738e+04 5.8865787e-01 -1.3296672e+05 9.75250e+06
000068500 1.370000e+02 -1.5211256e+05 1.9162828e+04 5.9196602e-01 -1.3294973e+05 9.72212e+06
000068600 1.372000e+02 -1.5207833e+05 1.9128277e+04 5.9089870e-01 -1.3295005e+05 9.72289e+06
000068700 1.374000e+02 -1.5204122e+05 1.9115082e+04 5.9049108e-01 -1.3292614e+05 9.67975e+06
000068800 1.376000e+02 -1.5221891e+05 1.9291648e+04 5.9594546e-01 -1.3292725e+05 9.68617e+06
000068900 1.378000e+02 -1.5195159e+05 1.9038648e+04 5.8812994e-01 -1.3291294e+05 9.66566e+06
000069000 1.380000e+02 -1.5216272e+05 1.9250887e+04 5.9468627e-01 -1.3291183e+05 9.66331e+06
000069100 1.382000e+02 -1.5207630e+05 1.9168709e+04 5.9214769e-01 -1.3290759e+05 9.66108e+06
000069200 1.384000e+02 -1.5207488e+05 1.9167059e+04 5.9209671e-01 -1.3290781e+05 9.65969e+06
000069300 1.386000e+02 -1.5204833e+05 1.9135191e+04 5.9111229e-01 -1.3291314e+05 9.67208e+06
000069400 1.388000e+02 -1.5213441e+05 1.9219693e+04 5.9372267e-01 -1.3291472e+05 9.67214e+06
000069500 1.390000e+02 -1.5202466e+05 1.9102859e+04 5.9011351e-01 -1.3292180e+05 9.68854e+06
000069600 1.392000e+02 -1.5203648e+05 1.9115727e+04 5.9051099e-01 -1.3292075e+05 9.68656e+06
000069700 1.394000e+02 -1.5196539e+05 1.9041449e+04 5.8821646e-01 -1.3292394e+05 9.68359e+06
000069800 1.396000e+02 -1.5200409e+05 1.9081961e+04 5.8946793e-01 -1.3292212e+05 9.67391e+06
000069900 1.398000e+02 -1.5218980e+05 1.9267035e+04 5.9518512e-01 -1.3292277e+05 9.67338e+06
000070000 1.400000e+02 -1.5209569e+05 1.9170342e+04 5.9219813e-01 -1.3292534e+05 9.68213e+06
000070100 1.402000e+02 -1.5197689e+05 1.9064170e+04 5.8891834e-01 -1.3291272e+05 9.65834e+06
000070200 1.404000e+02 -1.5198652e+05 1.9073273e+04 5.8919956e-01 -1.3291325e+05 9.65951e+06
000070300 1.406000e+02 -1.5206128e+05 1.9160262e+04 5.9188674e-01 -1.3290102e+05 9.63820e+06
000070400 1.408000e+02 -1.5196733e+05 1.9065988e+04 5.8897451e-01 -1.3290134e+05 9.63770e+06
000070500 1.410000e+02 -1.5198884e+05 1.9098295e+04 5.8997250e-01 -1.3289055e+05 9.62108e+06
000070600 1.412000e+02 -1.5205050e+05 1.9159809e+04 5.9187275e-01 -1.3289069e+05 9.62019e+06
000070700 1.414000e+02 -1.5207481e+05 1.9180441e+04 5.9251012e-01 -1.3289438e+05 9.62888e+06
000070800 1.416000e+02 -1.5205062e+05 1.9156016e+04 5.9175558e-01 -1.3289461e+05 9.63315e+06
000070900 1.418000e+02 -1.5212022e+05 1.9227006e+04 5.9394856e-01 -1.3289322e+05 9.62687e+06
000071000 1.420000e+02 -1.5205623e+05 1.9162398e+04 5.9195275e-01 -1.3289384e+05 9.63452e+06
000071100 1.422000e+02 -1.5191456e+05 1.9016428e+04 5.8744351e-01 -1.3289814e+05 9.64058e+06
000071200 1.424000e+02 -1.5197478e+05 1.9076986e+04 5.8931425e-01 -1.3289780e+05 9.63461e+06
000071300 1.426000e+02 -1.5200620e+05 1.9102316e+04 5.9009673e-01 -1.3290389e+05 9.63973e+06
000071400 1.428000e+02 -1.5197134e+05 1.9066930e+04 5.8900359e-01 -1.3290441e+05 9.63937e+06
000071500 1.430000e+02 -1.5197341e+05 1.9070781e+04 5.8912257e-01 -1.3290262e+05 9.63721e+06
000071600 1.432000e+02 -1.5203191e+05 1.9129494e+04 5.9093629e-01 -1.3290241e+05 9.63520e+06
000071700 1.434000e+02 -1.5193039e+05 1.9024662e+04 5.8769789e-01 -1.3290573e+05 9.64084e+06
000071800 1.436000e+02 -1.5210156e+05 1.9194799e+04 5.9295364e-01 -1.3290677e+05 9.64194e+06
000071900 1.438000e+02 -1.5203472e+05 1.9126488e+04 5.9084344e-01 -1.3290823e+05 9.65026e+06
000072000 1.440000e+02 -1.5193756e+05 1.9029951e+04 5.8786127e-01 -1.3290761e+05 9.64313e+06
000072100 1.442000e+02 -1.5202286e+05 1.9116051e+04 5.9052101e-01 -1.3290681e+05 9.64742e+06
000072200 1.444000e+02 -1.5200602e+05 1.9098578e+04 5.8998125e-01 -1.3290744e+05 9.64875e+06
000072300 1.446000e+02 -1.5202130e+05 1.9117133e+04 5.9055443e-01 -1.3290416e+05 9.64570e+06
000072400 1.448000e+02 -1.5192038e+05 1.9016209e+04 5.8743676e-01 -1.3290417e+05 9.64797e+06
000072500 1.450000e+02 -1.5196830e+05 1.9071564e+04 5.8914676e-01 -1.3289673e+05 9.63606e+06
000072600 1.452000e+02 -1.5201412e+05 1.9116348e+04 5.9053018e-01 -1.3289778e+05 9.64033e+06
000072700 1.454000e+02 -1.5210738e+05 1.9207719e+04 5.9335276e-01 -1.3289966e+05 9.64520e+06
000072800 1.456000e+02 -1.5193664e+05 1.9036949e+04 5.8807745e-01 -1.3289969e+05 9.64580e+06
000072900 1.458000e+02 -1.5203588e+05 1.9135963e+04 5.9113612e-01 -1.3289991e+05 9.64597e+06
000073000 1.460000e+02 -1.5208394e+05 1.9182512e+04 5.9257408e-01 -1.3290142e+05 9.64989e+06
000073100 1.462000e+02 -1.5196931e+05 1.9076510e+04 5.8929953e-01 -1.3289280e+05 9.63468e+06
000073200 1.464000e+02 -1.5199320e+05 1.9099980e+04 5.9002457e-01 -1.3289322e+05 9.63359e+06
000073300 1.466000e+02 -1.5192991e+05 1.9033926e+04 5.8798405e-01 -1.3289598e+05 9.64209e+06
000073400 1.468000e+02 -1.5198303e+05 1.9087289e+04 5.8963252e-01 -1.3289575e+05 9.64256e+06
000073500 1.470000e+02 -1.5203947e+05 1.9140984e+04 5.9129124e-01 -1.3289848e+05 9.64335e+06
000073600 1.472000e+02 -1.5201805e+05 1.9119414e+04 5.9062490e-01 -1.3289862e+05 9.64219e+06
000073700 1.474000e+02 -1.5193609e+05 1.9032373e+04 5.8793609e-01 -1.3290372e+05 9.64526e+06
000073800 1.476000e+02 -1.5198452e+05 1.9080619e+04 5.8942648e-01 -1.3290389e+05 9.64490e+06
000073900 1.478000e+02 -1.5206358e+05 1.9159914e+04 5.9187600e-01 -1.3290366e+05 9.64122e+06
000074000 1.480000e+02 -1.5201367e+05 1.9110066e+04 5.9033614e-01 -1.3290361e+05 9.64338e+06
000074100 1.482000e+02 -1.5202942e+05 1.9115730e+04 5.9051111e-01 -1.3291369e+05 9.66290e+06
000074200 1.484000e+02 -1.5188800e+05 1.8974895e+04 5.8616050e-01 -1.3291311e+05 9.66296e+06
000074300 1.486000e+02 -1.5207538e+05 1.9157727e+04 5.9180843e-01 -1.3291766e+05 9.67310e+06
000074400 1.488000e+02 -1.5208341e+05 1.9164238e+04 5.9200959e-01 -1.3291917e+05 9.67971e+06
000074500 1.490000e+02 -1.5205386e+05 1.9140980e+04 5.9129112e-01 -1.3291288e+05 9.67337e+06
000074600 1.492000e+02 -1.5212009e+05 1.9207197e+04 5.9333665e-01 -1.3291289e+05 9.67390e+06
000074700 1.494000e+02 -1.5197797e+05 1.9072561e+04 5.8917753e-01 -1.3290541e+05 9.66374e+06
000074800 1.496000e+02 -1.5209575e+05 1.9189555e+04 5.9279164e-01 -1.3290619e+05 9.66438e+06
000074900 1.498000e+02 -1.5208789e+05 1.9168641e+04 5.9214558e-01 -1.3291925e+05 9.68937e+06
000075000 1.500000e+02 -1.5216888e+05 1.9250291e+04 5.9466787e-01 -1.3291858e+05 9.68965e+06
000075100 1.502000e+02 -1.5210178e+05 1.9162316e+04 5.9195022e-01 -1.3293947e+05 9.72862e+06
000075200 1.504000e+02 -1.5198342e+05 1.9044854e+04 5.8832163e-01 -1.3293856e+05 9.72607e+06
000075300 1.506000e+02 -1.5208405e+05 1.9115453e+04 5.9050254e-01 -1.3296859e+05 9.77848e+06
000075400 1.508000e+02 -1.5212795e+05 1.9157914e+04 5.9181422e-01 -1.3297003e+05 9.78089e+06
000075500 1.510000e+02 -1.5216069e+05 1.9184342e+04 5.9263061e-01 -1.3297634e+05 9.78954e+06
000075600 1.512000e+02 -1.5218419e+05 1.9205184e+04 5.9327444e-01 -1.3297900e+05 9.79837e+06
000075700 1.514000e+02 -1.5202166e+05 1.9046408e+04 5.8836965e-01 -1.3297525e+05 9.79405e+06
000075800 1.516000e+02 -1.5210570e+05 1.9129482e+04 5.9093593e-01 -1.3297622e+05 9.79523e+06
000075900 1.518000e+02 -1.5200177e+05 1.9030518e+04 5.8787877e-01 -1.3297125e+05 9.77756e+06
000076000 1.520000e+02 -1.5215406e+05 1.9181840e+04 5.9255332e-01 -1.3297222e+05 9.77363e+06
000076100 1.522000e+02 -1.5198333e+05 1.9007789e+04 5.8717665e-01 -1.3297553e+05 9.78268e+06
000076200 1.524000e+02 -1.5207109e+05 1.9094738e+04 5.8986263e-01 -1.3297636e+05 9.78623e+06
000076300 1.526000e+02 -1.5204238e+05 1.9073068e+04 5.8919322e-01 -1.3296931e+05 9.77300e+06
000076400 1.528000e+02 -1.5213188e+05 1.9163461e+04 5.9198557e-01 -1.3296841e+05 9.76859e+06
000076500 1.530000e+02 -1.5205562e+05 1.9096068e+04 5.8990372e-01 -1.3295956e+05 9.75836e+06
000076600 1.532000e+02 -1.5206258e+05 1.9102680e+04 5.9010796e-01 -1.3295991e+05 9.75914e+06
000076700 1.534000e+02 -1.5214178e+05 1.9203793e+04 5.9323148e-01 -1.3293798e+05 9.71774e+06
000076800 1.536000e+02 -1.5206878e+05 1.9129623e+04 5.9094027e-01 -1.3293916e+05 9.72242e+06
000076900 1.538000e+02 -1.5207280e+05 1.9151727e+04 5.9162308e-01 -1.3292106e+05 9.69406e+06
000077000 1.540000e+02 -1.5202350e+05 1.9102236e+04 5.9009426e-01 -1.3292127e+05 9.69994e+06
000077100 1.542000e+02 -1.5222103e+05 1.9313693e+04 5.9662646e-01 -1.3290734e+05 9.67570e+06
000077200 1.544000e+02 -1.5202609e+05 1.9118141e+04 5.9058557e-01 -1.3290795e+05 9.67817e+06
000077300 1.546000e+02 -1.5215059e+05 1.9235691e+04 5.9421687e-01 -1.3291491e+05 9.68516e+06
000077400 1.548000e+02 -1.5212423e+05 1.9212324e+04 5.9349503e-01 -1.3291191e+05 9.67465e+06
000077500 1.550000e+02 -1.5200795e+05 1.9095078e+04 5.8987313e-01 -1.3291288e+05 9.67831e+06
000077600 1.552000e+02 -1.5200378e+05 1.9090148e+04 5.8972085e-01 -1.3291362e+05 9.68374e+06
000077700 1.554000e+02 -1.5200800e+05 1.9101902e+04 5.9008394e-01 -1.3290609e+05 9.66758e+06
000077800 1.556000e+02 -1.5196081e+05 1.9054574e+04 5.8862191e-01 -1.3290623e+05 9.66432e+06
000077900 1.558000e+02 -1.5203428e+05 1.9136617e+04 5.9115633e-01 -1.3289766e+05 9.64555e+06
000078000 1.560000e+02 -1.5198858e+05 1.9090719e+04 5.8973847e-01 -1.3289786e+05 9.64629e+06
000078100 1.562000e+02 -1.5196575e+05 1.9072787e+04 5.8918453e-01 -1.3289297e+05 9.63467e+06
000078200 1.564000e+02 -1.5193678e+05 1.9046158e+04 5.8836193e-01 -1.3289062e+05 9.62566e+06
000078300 1.566000e+02 -1.5194869e+05 1.9052004e+04 5.8854251e-01 -1.3289669e+05 9.63652e+06
000078400 1.568000e+02 -1.5199128e+05 1.9096729e+04 5.8992412e-01 -1.3289455e+05 9.63387e+06
000078500 1.570000e+02 -1.5202152e+05 1.9125924e+04 5.9082600e-01 -1.3289559e+05 9.63654e+06
000078600 1.572000e+02 -1.5205930e+05 1.9164078e+04 5.9200464e-01 -1.3289522e+05 9.63717e+06
000078700 1.574000e+02 -1.5196877e+05 1.9082674e+04 5.8948995e-01 -1.3288609e+05 9.62662e+06
000078800 1.576000e+02 -1.5202042e+05 1.9133752e+04 5.9106782e-01 -1.3288667e+05 9.62247e+06
000078900 1.578000e+02 -1.5203194e+05 1.9135840e+04 5.9113232e-01 -1.3289609e+05 9.64182e+06
000079000 1.580000e+02 -1.5202064e+05 1.9124896e+04 5.9079426e-01 -1.3289575e+05 9.64299e+06
000079100 1.582000e+02 -1.5199817e+05 1.9106256e+04 5.9021843e-01 -1.3289192e+05 9.63676e+06
000079200 1.584000e+02 -1.5193209e+05 1.9041828e+04 5.8822817e-01 -1.3289027e+05 9.62941e+06
000079300 1.586000e+02 -1.5195923e+05 1.9064463e+04 5.8892739e-01 -1.3289477e+05 9.63271e+06
000079400 1.588000e+02 -1.5193575e+05 1.9040826e+04 5.8819722e-01 -1.3289492e+05 9.63197e+06
000079500 1.590000e+02 -1.5190294e+05 1.9009043e+04 5.8721539e-01 -1.3289389e+05 9.63522e+06
000079600 1.592000e+02 -1.5192788e+05 1.9033521e+04 5.8797156e-01 -1.3289436e+05 9.63666e+06
000079700 1.594000e+02 -1.5192456e+05 1.9027547e+04 5.8778700e-01 -1.3289702e+05 9.64242e+06
000079800 1.596000e+02 -1.5201984e+05 1.9123082e+04 5.9073821e-01 -1.3289677e+05 9.64261e+06
000079900 1.598000e+02 -1.5197647e+05 1.9081090e+04 5.8944102e-01 -1.3289538e+05 9.64617e+06
000080000 1.600000e+02 -1.5197908e+05 1.9084984e+04 5.8956132e-01 -1.3289409e+05 9.64153e+06
000080100 1.602000e+02 -1.5200097e+05 1.9104699e+04 5.9017034e-01 -1.3289627e+05 9.64616e+06
000080200 1.604000e+02 -1.5201456e+05 1.9119949e+04 5.9064144e-01 -1.3289461e+05 9.64479e+06
000080300 1.606000e+02 -1.5194216e+05 1.9044611e+04 5.8831414e-01 -1.3289755e+05 9.65113e+06
000080400 1.608000e+02 -1.5205005e+05 1.9153830e+04 5.9168806e-01 -1.3289622e+05 9.64988e+06
000080500 1.610000e+02 -1.5211925e+05 1.9220748e+04 5.9375525e-01 -1.3289850e+05 9.65769e+06
000080600 1.612000e+02 -1.5200514e+05 1.9107586e+04 5.9025952e-01 -1.3289756e+05 9.65859e+06
000080700 1.614000e+02 -1.5203922e+05 1.9147359e+04 5.9148817e-01 -1.3289186e+05 9.63703e+06
000080800 1.616000e+02 -1.5202330e+05 1.9130520e+04 5.9096797e-01 -1.3289278e+05 9.64060e+06
000080900 1.618000e+02 -1.5196097e+05 1.9069326e+04 5.8907762e-01 -1.3289164e+05 9.63462e+06
000081000 1.620000e+02 -1.5190095e+05 1.9008236e+04 5.8719047e-01 -1.3289272e+05 9.63462e+06
000081100 1.622000e+02 -1.5185400e+05 1.8957434e+04 5.8562110e-01 -1.3289656e+05 9.63514e+06
000081200 1.624000e+02 -1.5193678e+05 1.9039982e+04 5.8817115e-01 -1.3289680e+05 9.63609e+06
000081300 1.626000e+02 -1.5198836e+05 1.9085688e+04 5.8958304e-01 -1.3290267e+05 9.64224e+06
000081400 1.628000e+02 -1.5197759e+05 1.9076301e+04 5.8929308e-01 -1.3290130e+05 9.64125e+06
000081500 1.630000e+02 -1.5195750e+05 1.9050494e+04 5.8849587e-01 -1.3290700e+05 9.64981e+06
000081600 1.632000e+02 -1.5195100e+05 1.9045357e+04 5.8833719e-01 -1.3290564e+05 9.64664e+06
000081700 1.634000e+02 -1.5202727e+05 1.9116781e+04 5.9054357e-01 -1.3291048e+05 9.65339e+06
000081800 1.636000e+02 -1.5206992e+05 1.9159445e+04 5.9186152e-01 -1.3291047e+05 9.65738e+06
000081900 1.638000e+02 -1.5202477e+05 1.9107684e+04 5.9026253e-01 -1.3291708e+05 9.67323e+06
000082000 1.640000e+02 -1.5200800e+05 1.9091000e+04 5.8974715e-01 -1.3291700e+05 9.67515e+06
000082100 1.642000e+02 -1.5208095e+05 1.9160166e+04 5.9188379e-01 -1.3292078e+05 9.68419e+06
000082200 1.644000e+02 -1.5200097e+05 1.9083531e+04 5.8951643e-01 -1.3291744e+05 9.68038e+06
000082300 1.646000e+02 -1.5210639e+05 1.9193461e+04 5.9291231e-01 -1.3291294e+05 9.67186e+06
000082400 1.648000e+02 -1.5201656e+05 1.9105242e+04 5.9018711e-01 -1.3291131e+05 9.66704e+06
000082500 1.650000e+02 -1.5215077e+05 1.9239885e+04 5.9434641e-01 -1.3291088e+05 9.66954e+06
000082600 1.652000e+02 -1.5204541e+05 1.9135766e+04 5.9113003e-01 -1.3290964e+05 9.66984e+06
000082700 1.654000e+02 -1.5204841e+05 1.9138105e+04 5.9120231e-01 -1.3291030e+05 9.66437e+06
000082800 1.656000e+02 -1.5210914e+05 1.9198695e+04 5.9307401e-01 -1.3291044e+05 9.66264e+06
000082900 1.658000e+02 -1.5201669e+05 1.9104547e+04 5.9016564e-01 -1.3291214e+05 9.66710e+06
000083000 1.660000e+02 -1.5214112e+05 1.9230809e+04 5.9406603e-01 -1.3291031e+05 9.66070e+06
000083100 1.662000e+02 -1.5205462e+05 1.9133543e+04 5.9106136e-01 -1.3292108e+05 9.67945e+06
000083200 1.664000e+02 -1.5197581e+05 1.9053125e+04 5.8857714e-01 -1.3292269e+05 9.67889e+06
000083300 1.666000e+02 -1.5206528e+05 1.9115047e+04 5.9049000e-01 -1.3295023e+05 9.73539e+06
000083400 1.668000e+02 -1.5198638e+05 1.9035441e+04 5.8803087e-01 -1.3295094e+05 9.73763e+06
000083500 1.670000e+02 -1.5213050e+05 1.9156873e+04 5.9178206e-01 -1.3297362e+05 9.77750e+06
000083600 1.672000e+02 -1.5207969e+05 1.9107246e+04 5.9024902e-01 -1.3297244e+05 9.77583e+06
000083700 1.674000e+02 -1.5227497e+05 1.9296211e+04 5.9608640e-01 -1.3297875e+05 9.78212e+06
000083800 1.676000e+02 -1.5203270e+05 1.9054906e+04 5.8863217e-01 -1.3297780e+05 9.78144e+06
000083900 1.678000e+02 -1.5206969e+05 1.9094516e+04 5.8985576e-01 -1.3297517e+05 9.77776e+06
000084000 1.680000e+02 -1.5200911e+05 1.9033580e+04 5.8797337e-01 -1.3297553e+05 9.77452e+06
000084100 1.682000e+02 -1.5214212e+05 1.9162586e+04 5.9195854e-01 -1.3297953e+05 9.79149e+06
000084200 1.684000e+02 -1.5207406e+05 1.9092695e+04 5.8979952e-01 -1.3298138e+05 9.79720e+06
000084300 1.686000e+02 -1.5219092e+05 1.9208668e+04 5.9338208e-01 -1.3298225e+05 9.79393e+06
000084400 1.688000e+02 -1.5212819e+05 1.9146801e+04 5.9147092e-01 -1.3298139e+05 9.78730e+06
000084500 1.690000e+02 -1.5213480e+05 1.9155926e+04 5.9175280e-01 -1.3297888e+05 9.78169e+06
000084600 1.692000e+02 -1.5218791e+05 1.9209377e+04 5.9340398e-01 -1.3297853e+05 9.77596e+06
000084700 1.694000e+02 -1.5208044e+05 1.9105324e+04 5.9018965e-01 -1.3297511e+05 9.76369e+06
000084800 1.696000e+02 -1.5213977e+05 1.9163391e+04 5.9198340e-01 -1.3297638e+05 9.76427e+06
000084900 1.698000e+02 -1.5209131e+05 1.9115621e+04 5.9050773e-01 -1.3297569e+05 9.76565e+06
000085000 1.700000e+02 -1.5208417e+05 1.9106291e+04 5.9021951e-01 -1.3297788e+05 9.77612e+06
000085100 1.702000e+02 -1.5204667e+05 1.9078523e+04 5.8936174e-01 -1.3296816e+05 9.75710e+06
000085200 1.704000e+02 -1.5194255e+05 1.8974883e+04 5.8616014e-01 -1.3296766e+05 9.75698e+06
000085300 1.706000e+02 -1.5206819e+05 1.9114074e+04 5.9045995e-01 -1.3295411e+05 9.72856e+06
000085400 1.708000e+02 -1.5203222e+05 1.9079195e+04 5.8938249e-01 -1.3295303e+05 9.73042e+06
000085500 1.710000e+02 -1.5197400e+05 1.9051844e+04 5.8853756e-01 -1.3292216e+05 9.67318e+06
000085600 1.712000e+02 -1.5196945e+05 1.9047422e+04 5.8840097e-01 -1.3292203e+05 9.67198e+06
000085700 1.714000e+02 -1.5205644e+05 1.9152561e+04 5.9164884e-01 -1.3290388e+05 9.64052e+06
000085800 1.716000e+02 -1.5204600e+05 1.9140123e+04 5.9126463e-01 -1.3290588e+05 9.64705e+06
000085900 1.718000e+02 -1.5205206e+05 1.9154855e+04 5.9171974e-01 -1.3289720e+05 9.63663e+06
000086000 1.720000e+02 -1.5204250e+05 1.9148023e+04 5.9150869e-01 -1.3289447e+05 9.63422e+06
000086100 1.722000e+02 -1.5210311e+05 1.9215031e+04 5.9357865e-01 -1.3288808e+05 9.62318e+06
000086200 1.724000e+02 -1.5194164e+05 1.9056203e+04 5.8867223e-01 -1.3288544e+05 9.61638e+06
000086300 1.726000e+02 -1.5198139e+05 1.9092703e+04 5.8979977e-01 -1.3288869e+05 9.61829e+06
000086400 1.728000e+02 -1.5208331e+05 1.9193529e+04 5.9291442e-01 -1.3288978e+05 9.62284e+06
000086500 1.730000e+02 -1.5197897e+05 1.9078857e+04 5.8937205e-01 -1.3290011e+05 9.64106e+06
000086600 1.732000e+02 -1.5206606e+05 1.9165691e+04 5.9205447e-01 -1.3290038e+05 9.64175e+06
000086700 1.734000e+02 -1.5194838e+05 1.9051182e+04 5.8851711e-01 -1.3289719e+05 9.63153e+06
000086800 1.736000e+02 -1.5198041e+05 1.9084803e+04 5.8955571e-01 -1.3289561e+05 9.62732e+06
000086900 1.738000e+02 -1.5194248e+05 1.9045760e+04 5.8834962e-01 -1.3289672e+05 9.62552e+06
000087000 1.740000e+02 -1.5198614e+05 1.9090730e+04 5.8973883e-01 -1.3289541e+05 9.62322e+06
000087100 1.742000e+02 -1.5194553e+05 1.9055992e+04 5.8866571e-01 -1.3288953e+05 9.60720e+06
000087200 1.744000e+02 -1.5201741e+05 1.9127523e+04 5.9087541e-01 -1.3288988e+05 9.60766e+06
000087300 1.746000e+02 -1.5201322e+05 1.9129268e+04 5.9092929e-01 -1.3288395e+05 9.59411e+06
000087400 1.748000e+02 -1.5186828e+05 1.8982332e+04 5.8639025e-01 -1.3288595e+05 9.60380e+06
000087500 1.750000e+02 -1.5189456e+05 1.9015816e+04 5.8742463e-01 -1.3287875e+05 9.58949e+06
000087600 1.752000e+02 -1.5208186e+05 1.9201992e+04 5.9317585e-01 -1.3287988e+05 9.59172e+06
000087700 1.754000e+02 -1.5197956e+05 1.9102529e+04 5.9010331e-01 -1.3287703e+05 9.59037e+06
000087800 1.756000e+02 -1.5194550e+05 1.9070211e+04 5.8910495e-01 -1.3287528e+05 9.59227e+06
000087900 1.758000e+02 -1.5193428e+05 1.9055441e+04 5.8864870e-01 -1.3287884e+05 9.59162e+06
000088000 1.760000e+02 -1.5194948e+05 1.9071273e+04 5.8913777e-01 -1.3287822e+05 9.59010e+06
000088100 1.762000e+02 -1.5199323e+05 1.9116168e+04 5.9052463e-01 -1.3287706e+05 9.59527e+06
000088200 1.764000e+02 -1.5195950e+05 1.9082246e+04 5.8947673e-01 -1.3287725e+05 9.59321e+06
000088300 1.766000e+02 -1.5195583e+05 1.9075344e+04 5.8926351e-01 -1.3288048e+05 9.59724e+06
000088400 1.768000e+02 -1.5199147e+05 1.9112135e+04 5.9040004e-01 -1.3287933e+05 9.59735e+06
000088500 1.770000e+02 -1.5202686e+05 1.9145359e+04 5.9142639e-01 -1.3288150e+05 9.60387e+06
000088600 1.772000e+02 -1.5188350e+05 1.9002018e+04 5.8699837e-01 -1.3288148e+05 9.60294e+06
000088700 1.774000e+02 -1.5196312e+05 1.9083219e+04 5.8950678e-01 -1.3287991e+05 9.59922e+06
000088800 1.776000e+02 -1.5195233e+05 1.9073041e+04 5.8919238e-01 -1.3287928e+05 9.59442e+06
000088900 1.778000e+02 -1.5198064e+05 1.9099406e+04 5.9000683e-01 -1.3288123e+05 9.59544e+06
000089000 1.780000e+02 -1.5191162e+05 1.9028273e+04 5.8780944e-01 -1.3288334e+05 9.59910e+06
000089100 1.782000e+02 -1.5198708e+05 1.9101963e+04 5.9008581e-01 -1.3288511e+05 9.60434e+06
000089200 1.784000e+02 -1.5197955e+05 1.9095541e+04 5.8988743e-01 -1.3288400e+05 9.60217e+06
000089300 1.786000e+02 -1.5202706e+05 1.9146213e+04 5.9145276e-01 -1.3288084e+05 9.59907e+06
000089400 1.788000e+02 -1.5209219e+05 1.9210934e+04 5.9345207e-01 -1.3288125e+05 9.59754e+06
000089500 1.790000e+02 -1.5197577e+05 1.9092078e+04 5.8978046e-01 -1.3288369e+05 9.60005e+06
000089600 1.792000e+02 -1.5199612e+05 1.9114070e+04 5.9045983e-01 -1.3288206e+05 9.59929e+06
000089700 1.794000e+02 -1.5222016e+05 1.9337371e+04 5.9735789e-01 -1.3288278e+05 9.59526e+06
000089800 1.796000e+02 -1.5208884e+05 1.9204824e+04 5.9326334e-01 -1.3288402e+05 9.60414e+06
000089900 1.798000e+02 -1.5200245e+05 1.9121957e+04 5.9070346e-01 -1.3288050e+05 9.60439e+06
000090000 1.800000e+02 -1.5222628e+05 1.9343758e+04 5.9755519e-01 -1.3288253e+05 9.60680e+06
000090100 1.802000e+02 -1.5201155e+05 1.9128111e+04 5.9089357e-01 -1.3288344e+05 9.61187e+06
000090200 1.804000e+02 -1.5205778e+05 1.9174967e+04 5.9234100e-01 -1.3288281e+05 9.60905e+06
000090300 1.806000e+02 -1.5204261e+05 1.9157119e+04 5.9178967e-01 -1.3288548e+05 9.61724e+06
000090400 1.808000e+02 -1.5202675e+05 1.9142408e+04 5.9133522e-01 -1.3288434e+05 9.61270e+06
000090500 1.810000e+02 -1.5209903e+05 1.9213451e+04 5.9352984e-01 -1.3288558e+05 9.61834e+06
000090600 1.812000e+02 -1.5210266e+05 1.9217219e+04 5.9364622e-01 -1.3288544e+05 9.61987e+06
000090700 1.814000e+02 -1.5204203e+05 1.9153252e+04 5.9167020e-01 -1.3288878e+05 9.62982e+06
000090800 1.816000e+02 -1.5210550e+05 1.9215988e+04 5.9360821e-01 -1.3288952e+05 9.63313e+06
000090900 1.818000e+02 -1.5199375e+05 1.9108270e+04 5.9028063e-01 -1.3288548e+05 9.62134e+06
000091000 1.820000e+02 -1.5201523e+05 1.9131914e+04 5.9101105e-01 -1.3288331e+05 9.61053e+06
000091100 1.822000e+02 -1.5197766e+05 1.9085559e+04 5.8957906e-01 -1.3289209e+05 9.62226e+06
000091200 1.824000e+02 -1.5200809e+05 1.9114373e+04 5.9046918e-01 -1.3289372e+05 9.62453e+06
000091300 1.826000e+02 -1.5206131e+05 1.9158605e+04 5.9183558e-01 -1.3290270e+05 9.63935e+06
000091400 1.828000e+02 -1.5202619e+05 1.9121012e+04 5.9067426e-01 -1.3290517e+05 9.64410e+06
000091500 1.830000e+02 -1.5207212e+05 1.9171510e+04 5.9223421e-01 -1.3290061e+05 9.64087e+06
000091600 1.832000e+02 -1.5203598e+05 1.9137719e+04 5.9119036e-01 -1.3289827e+05 9.63769e+06
000091700 1.834000e+02 -1.5203706e+05 1.9151852e+04 5.9162694e-01 -1.3288522e+05 9.61070e+06
000091800 1.836000e+02 -1.5207211e+05 1.9186270e+04 5.9269016e-01 -1.3288584e+05 9.61372e+06
000091900 1.838000e+02 -1.5204692e+05 1.9150170e+04 5.9157499e-01 -1.3289675e+05 9.63491e+06
000092000 1.840000e+02 -1.5206325e+05 1.9164668e+04 5.9202286e-01 -1.3289858e+05 9.63943e+06
000092100 1.842000e+02 -1.5217588e+05 1.9266295e+04 5.9516225e-01 -1.3290958e+05 9.65661e+06
000092200 1.844000e+02 -1.5210916e+05 1.9200092e+04 5.9311715e-01 -1.3290906e+05 9.65586e+06
000092300 1.846000e+02 -1.5201956e+05 1.9094594e+04 5.8985817e-01 -1.3292497e+05 9.68930e+06
000092400 1.848000e+02 -1.5206611e+05 1.9143586e+04 5.9137161e-01 -1.3292253e+05 9.68294e+06
000092500 1.850000e+02 -1.5203441e+05 1.9096715e+04 5.8992369e-01 -1.3293769e+05 9.71086e+06
000092600 1.852000e+02 -1.5205022e+05 1.9111693e+04 5.9038640e-01 -1.3293853e+05 9.70959e+06
000092700 1.854000e+02 -1.5201300e+05 1.9065643e+04 5.8896383e-01 -1.3294736e+05 9.72776e+06
000092800 1.856000e+02 -1.5203741e+05 1.9087436e+04 5.8963704e-01 -1.3294997e+05 9.73083e+06
000092900 1.858000e+02 -1.5200400e+05 1.9055988e+04 5.8866559e-01 -1.3294802e+05 9.72873e+06
000093000 1.860000e+02 -1.5200831e+05 1.9061895e+04 5.8884805e-01 -1.3294642e+05 9.72187e+06
000093100 1.862000e+02 -1.5201133e+05 1.9075582e+04 5.8927087e-01 -1.3293575e+05 9.70166e+06
000093200 1.864000e+02 -1.5199180e+05 1.9053951e+04 5.8860267e-01 -1.3293784e+05 9.70723e+06
000093300 1.866000e+02 -1.5201331e+05 1.9084896e+04 5.8955861e-01 -1.3292842e+05 9.69387e+06
000093400 1.868000e+02 -1.5204484e+05 1.9115680e+04 5.9050954e-01 -1.3292916e+05 9.69925e+06
000093500 1.870000e+02 -1.5208122e+05 1.9173312e+04 5.9228990e-01 -1.3290791e+05 9.66216e+06
000093600 1.872000e+02 -1.5199005e+05 1.9082996e+04 5.8949990e-01 -1.3290705e+05 9.66141e+06
000093700 1.874000e+02 -1.5206427e+05 1.9167156e+04 5.9209973e-01 -1.3289711e+05 9.64463e+06
000093800 1.876000e+02 -1.5202478e+05 1.9129051e+04 5.9092259e-01 -1.3289573e+05 9.64726e+06
000093900 1.878000e+02 -1.5204672e+05 1.9153934e+04 5.9169126e-01 -1.3289278e+05 9.64348e+06
000094000 1.880000e+02 -1.5206316e+05 1.9170191e+04 5.9219349e-01 -1.3289297e+05 9.64092e+06
000094100 1.882000e+02 -1.5209303e+05 1.9199467e+04 5.9309784e-01 -1.3289356e+05 9.64317e+06
000094200 1.884000e+02 -1.5213103e+05 1.9235273e+04 5.9420396e-01 -1.3289575e+05 9.64738e+06
000094300 1.886000e+02 -1.5196561e+05 1.9067014e+04 5.8900618e-01 -1.3289859e+05 9.64840e+06
000094400 1.888000e+02 -1.5197577e+05 1.9079605e+04 5.8939516e-01 -1.3289616e+05 9.64339e+06
000094500 1.890000e+02 -1.5208369e+05 1.9195590e+04 5.9297808e-01 -1.3288809e+05 9.62140e+06
000094600 1.892000e+02 -1.5199588e+05 1.9107510e+04 5.9025716e-01 -1.3288836e+05 9.62061e+06
000094700 1.894000e+02 -1.5194203e+05 1.9055395e+04 5.8864725e-01 -1.3288664e+05 9.61294e+06
000094800 1.896000e+02 -1.5205353e+05 1.9167516e+04 5.9211083e-01 -1.3288602e+05 9.61287e+06
000094900 1.898000e+02 -1.5206550e+05 1.9185984e+04 5.9268135e-01 -1.3287952e+05 9.59813e+06
000095000 1.900000e+02 -1.5197970e+05 1.9100637e+04 5.9004485e-01 -1.3287906e+05 9.60252e+06
000095100 1.902000e+02 -1.5188291e+05 1.9001426e+04 5.8698008e-01 -1.3288148e+05 9.60440e+06
000095200 1.904000e+02 -1.5200772e+05 1.9126570e+04 5.9084597e-01 -1.3288116e+05 9.60376e+06
000095300 1.906000e+02 -1.5196403e+05 1.9081691e+04 5.8945960e-01 -1.3288234e+05 9.60888e+06
000095400 1.908000e+02 -1.5195434e+05 1.9072902e+04 5.8918809e-01 -1.3288144e+05 9.60985e+06
000095500 1.910000e+02 -1.5208088e+05 1.9196312e+04 5.9300040e-01 -1.3288456e+05 9.61605e+06
000095600 1.912000e+02 -1.5206878e+05 1.9183867e+04 5.9261595e-01 -1.3288491e+05 9.61840e+06
000095700 1.914000e+02 -1.5208648e+05 1.9199164e+04 5.9308849e-01 -1.3288731e+05 9.63032e+06
000095800 1.916000e+02 -1.5205169e+05 1.9164914e+04 5.9203046e-01 -1.3288678e+05 9.63521e+06
000095900 1.918000e+02 -1.5200020e+05 1.9116947e+04 5.9054870e-01 -1.3288325e+05 9.62725e+06
000096000 1.920000e+02 -1.5200498e+05 1.9123754e+04 5.9075897e-01 -1.3288123e+05 9.62187e+06
000096100 1.922000e+02 -1.5197762e+05 1.9097137e+04 5.8993673e-01 -1.3288048e+05 9.61661e+06
000096200 1.924000e+02 -1.5195795e+05 1.9076723e+04 5.8930611e-01 -1.3288123e+05 9.61768e+06
000096300 1.926000e+02 -1.5191369e+05 1.9032902e+04 5.8795244e-01 -1.3288078e+05 9.60798e+06
000096400 1.928000e+02 -1.5209745e+05 1.9213887e+04 5.9354329e-01 -1.3288356e+05 9.60894e+06
000096500 1.930000e+02 -1.5200834e+05 1.9126746e+04 5.9085140e-01 -1.3288159e+05 9.61068e+06
000096600 1.932000e+02 -1.5197212e+05 1.9090170e+04 5.8972151e-01 -1.3288195e+05 9.61502e+06
000096700 1.934000e+02 -1.5196497e+05 1.9085930e+04 5.8959053e-01 -1.3287903e+05 9.60369e+06
000096800 1.936000e+02 -1.5195127e+05 1.9071105e+04 5.8913258e-01 -1.3288016e+05 9.60653e+06
000096900 1.938000e+02 -1.5203825e+05 1.9156344e+04 5.9176571e-01 -1.3288191e+05 9.60503e+06
000097000 1.940000e+02 -1.5200078e+05 1.9120541e+04 5.9065972e-01 -1.3288023e+05 9.60325e+06
000097100 1.942000e+02 -1.5207850e+05 1.9197059e+04 5.9302345e-01 -1.3288144e+05 9.60401e+06
000097200 1.944000e+02 -1.5197444e+05 1.9093523e+04 5.8982511e-01 -1.3288091e+05 9.60707e+06
000097300 1.946000e+02 -1.5207402e+05 1.9193496e+04 5.9291340e-01 -1.3288052e+05 9.60528e+06
000097400 1.948000e+02 -1.5196936e+05 1.9088211e+04 5.8966100e-01 -1.3288116e+05 9.61119e+06
000097500 1.950000e+02 -1.5192323e+05 1.9046438e+04 5.8837056e-01 -1.3287680e+05 9.60893e+06
000097600 1.952000e+02 -1.5209739e+05 1.9222754e+04 5.9381721e-01 -1.3287464e+05 9.60147e+06
000097700 1.954000e+02 -1.5203134e+05 1.9153121e+04 5.9166616e-01 -1.3287822e+05 9.61070e+06
000097800 1.956000e+02 -1.5213497e+05 1.9255346e+04 5.9482402e-01 -1.3287962e+05 9.61192e+06
000097900 1.958000e+02 -1.5195425e+05 1.9074945e+04 5.8925120e-01 -1.3287931e+05 9.61209e+06
000098000 1.960000e+02 -1.5197947e+05 1.9100910e+04 5.9005329e-01 -1.3287856e+05 9.60939e+06
000098100 1.962000e+02 -1.5192275e+05 1.9041260e+04 5.8821061e-01 -1.3288148e+05 9.61436e+06
000098200 1.964000e+02 -1.5205109e+05 1.9168887e+04 5.9215318e-01 -1.3288220e+05 9.61626e+06
000098300 1.966000e+02 -1.5203975e+05 1.9155262e+04 5.9173229e-01 -1.3288448e+05 9.61416e+06
000098400 1.968000e+02 -1.5198700e+05 1.9102391e+04 5.9009903e-01 -1.3288461e+05 9.61541e+06
000098500 1.970000e+02 -1.5210572e+05 1.9218297e+04 5.9367953e-01 -1.3288742e+05 9.61715e+06
000098600 1.972000e+02 -1.5202816e+05 1.9141787e+04 5.9131604e-01 -1.3288638e+05 9.61319e+06
000098700 1.974000e+02 -1.5204584e+05 1.9155980e+04 5.9175449e-01 -1.3288986e+05 9.61832e+06
000098800 1.976000e+02 -1.5196094e+05 1.9069662e+04 5.8908800e-01 -1.3289128e+05 9.62515e+06
000098900 1.978000e+02 -1.5215762e+05 1.9261916e+04 5.9502698e-01 -1.3289570e+05 9.63090e+06
000099000 1.980000e+02 -1.5205028e+05 1.9153414e+04 5.9167521e-01 -1.3289688e+05 9.63687e+06
000099100 1.982000e+02 -1.5197409e+05 1.9073703e+04 5.8921283e-01 -1.3290039e+05 9.64322e+06
000099200 1.984000e+02 -1.5209472e+05 1.9194941e+04 5.9295805e-01 -1.3289978e+05 9.64019e+06
000099300 1.986000e+02 -1.5216984e+05 1.9270271e+04 5.9528510e-01 -1.3289958e+05 9.63973e+06
000099400 1.988000e+02 -1.5209364e+05 1.9193531e+04 5.9291448e-01 -1.3290011e+05 9.64511e+06
000099500 1.990000e+02 -1.5206762e+05 1.9170418e+04 5.9220048e-01 -1.3289720e+05 9.63632e+06
000099600 1.992000e+02 -1.5202828e+05 1.9131242e+04 5.9099029e-01 -1.3289703e+05 9.63382e+06
000099700 1.994000e+02 -1.5203594e+05 1.9136523e+04 5.9115344e-01 -1.3289941e+05 9.63279e+06
000099800 1.996000e+02 -1.5207462e+05 1.9176236e+04 5.9238022e-01 -1.3289839e+05 9.62701e+06
000099900 1.998000e+02 -1.5217689e+05 1.9273172e+04 5.9537469e-01 -1.3290372e+05 9.63847e+06
000100000 2.000000e+02 -1.5212241e+05 1.9219367e+04 5.9371259e-01 -1.3290303e+05 9.63495e+06
