# 1  2-4    5-7    8-10   11     
# x  dirEF  recEF  sumEF  #Sample
0.250000 	 0.000000e+00 0.000000e+00 0.000000e+00 	 0.000000e+00 0.000000e+00 0.000000e+00 	 0.000000e+00 0.000000e+00 0.000000e+00 	 0
0.750000 	 0.000000e+00 0.000000e+00 0.000000e+00 	 0.000000e+00 0.000000e+00 0.000000e+00 	 0.000000e+00 0.000000e+00 0.000000e+00 	 0
1.250000 	 0.000000e+00 0.000000e+00 0.000000e+00 	 0.000000e+00 0.000000e+00 0.000000e+00 	 0.000000e+00 0.000000e+00 0.000000e+00 	 0
1.750000 	 0.000000e+00 0.000000e+00 0.000000e+00 	 0.000000e+00 0.000000e+00 0.000000e+00 	 0.000000e+00 0.000000e+00 0.000000e+00 	 0
2.250000 	 0.000000e+00 0.000000e+00 0.000000e+00 	 0.000000e+00 0.000000e+00 0.000000e+00 	 0.000000e+00 0.000000e+00 0.000000e+00 	 0
2.750000 	 0.000000e+00 0.000000e+00 0.000000e+00 	 0.000000e+00 0.000000e+00 0.000000e+00 	 0.000000e+00 0.000000e+00 0.000000e+00 	 0
3.250000 	 2.332741e-06 2.984210e-06 -1.512234e-07 	 -1.360495e-05 7.086424e-06 -5.604655e-06 	 -1.127221e-05 1.007063e-05 -5.755878e-06 	 13
3.750000 	 -8.368648e-07 -3.552114e-06 5.033132e-07 	 -1.233700e-06 1.668168e-07 4.082227e-07 	 -2.070565e-06 -3.385297e-06 9.115359e-07 	 576
4.250000 	 2.477624e-07 1.620262e-06 3.408948e-06 	 2.018502e-06 4.998583e-07 2.862617e-07 	 2.266265e-06 2.120121e-06 3.695209e-06 	 909
4.750000 	 3.203801e-06 -1.702697e-06 1.001077e-06 	 -2.396869e-06 8.667865e-07 -1.802331e-07 	 8.069322e-07 -8.359107e-07 8.208438e-07 	 908
5.250000 	 3.519128e-07 3.284382e-06 3.859439e-07 	 2.087337e-06 -2.060899e-06 -9.210314e-07 	 2.439249e-06 1.223483e-06 -5.350874e-07 	 896
5.750000 	 6.232533e-07 -3.867003e-06 3.958127e-07 	 -1.000271e-06 -1.061388e-06 3.472836e-07 	 -3.770173e-07 -4.928390e-06 7.430963e-07 	 912
6.250000 	 -1.062856e-06 -2.488545e-07 2.214034e-06 	 1.949539e-06 1.903010e-06 7.032950e-07 	 8.866828e-07 1.654156e-06 2.917329e-06 	 903
6.750000 	 -1.172009e-06 3.331596e-06 3.403042e-06 	 -7.017566e-07 -8.502790e-08 -6.528740e-09 	 -1.873766e-06 3.246568e-06 3.396513e-06 	 906
7.250000 	 3.950980e-06 -2.924320e-06 -3.369378e-06 	 1.014405e-07 2.267737e-07 3.710968e-07 	 4.052420e-06 -2.697546e-06 -2.998281e-06 	 891
7.750000 	 5.684824e-06 -3.251528e-06 -9.905390e-07 	 -9.596074e-07 3.848777e-08 3.237496e-07 	 4.725217e-06 -3.213041e-06 -6.667894e-07 	 920
8.250000 	 -2.308786e-06 1.847132e-07 -4.785148e-06 	 4.279991e-07 7.014697e-07 -3.675395e-07 	 -1.880787e-06 8.861828e-07 -5.152687e-06 	 911
8.750000 	 -5.951937e-08 2.158341e-06 4.124218e-06 	 -8.718559e-07 -3.948906e-07 -1.700116e-08 	 -9.313753e-07 1.763451e-06 4.107216e-06 	 922
9.250000 	 5.297594e-07 6.755598e-07 1.244451e-06 	 -7.426078e-07 -2.446452e-07 -4.188112e-08 	 -2.128484e-07 4.309146e-07 1.202570e-06 	 901
9.750000 	 -9.207475e-08 -2.688497e-06 3.672697e-06 	 7.411110e-07 -3.705221e-08 6.561554e-07 	 6.490363e-07 -2.725549e-06 4.328852e-06 	 879
10.250000 	 1.785729e-06 -3.182552e-06 -1.203586e-06 	 -1.788853e-06 -3.726740e-07 -9.095988e-07 	 -3.124060e-09 -3.555226e-06 -2.113184e-06 	 909
10.750000 	 -3.303926e-06 4.369874e-07 -6.542423e-06 	 9.215520e-07 -1.692308e-07 2.412472e-07 	 -2.382374e-06 2.677566e-07 -6.301176e-06 	 894
11.250000 	 2.731665e-06 -1.115649e-06 3.122555e-06 	 -1.480117e-06 3.706059e-07 -1.664204e-08 	 1.251547e-06 -7.450432e-07 3.105913e-06 	 552
11.750000 	 -1.325835e-05 -1.722302e-05 2.769295e-06 	 1.810863e-06 -1.861647e-06 5.765533e-06 	 -1.144749e-05 -1.908467e-05 8.534828e-06 	 22
12.250000 	 0.000000e+00 0.000000e+00 0.000000e+00 	 0.000000e+00 0.000000e+00 0.000000e+00 	 0.000000e+00 0.000000e+00 0.000000e+00 	 0
12.750000 	 0.000000e+00 0.000000e+00 0.000000e+00 	 0.000000e+00 0.000000e+00 0.000000e+00 	 0.000000e+00 0.000000e+00 0.000000e+00 	 0
13.250000 	 0.000000e+00 0.000000e+00 0.000000e+00 	 0.000000e+00 0.000000e+00 0.000000e+00 	 0.000000e+00 0.000000e+00 0.000000e+00 	 0
13.750000 	 0.000000e+00 0.000000e+00 0.000000e+00 	 0.000000e+00 0.000000e+00 0.000000e+00 	 0.000000e+00 0.000000e+00 0.000000e+00 	 0
14.250000 	 0.000000e+00 0.000000e+00 0.000000e+00 	 0.000000e+00 0.000000e+00 0.000000e+00 	 0.000000e+00 0.000000e+00 0.000000e+00 	 0
14.750000 	 0.000000e+00 0.000000e+00 0.000000e+00 	 0.000000e+00 0.000000e+00 0.000000e+00 	 0.000000e+00 0.000000e+00 0.000000e+00 	 0
