# 1  2-4    5-7    8-10   11     
# x  dirEF  recEF  sumEF  #Sample
0.250000 	 0.000000e+00 0.000000e+00 0.000000e+00 	 0.000000e+00 0.000000e+00 0.000000e+00 	 0.000000e+00 0.000000e+00 0.000000e+00 	 0
0.750000 	 0.000000e+00 0.000000e+00 0.000000e+00 	 0.000000e+00 0.000000e+00 0.000000e+00 	 0.000000e+00 0.000000e+00 0.000000e+00 	 0
1.250000 	 0.000000e+00 0.000000e+00 0.000000e+00 	 0.000000e+00 0.000000e+00 0.000000e+00 	 0.000000e+00 0.000000e+00 0.000000e+00 	 0
1.750000 	 0.000000e+00 0.000000e+00 0.000000e+00 	 0.000000e+00 0.000000e+00 0.000000e+00 	 0.000000e+00 0.000000e+00 0.000000e+00 	 0
2.250000 	 0.000000e+00 0.000000e+00 0.000000e+00 	 0.000000e+00 0.000000e+00 0.000000e+00 	 0.000000e+00 0.000000e+00 0.000000e+00 	 0
2.750000 	 0.000000e+00 0.000000e+00 0.000000e+00 	 0.000000e+00 0.000000e+00 0.000000e+00 	 0.000000e+00 0.000000e+00 0.000000e+00 	 0
3.250000 	 1.765764e-05 1.363266e-05 8.999447e-06 	 -1.274390e-06 1.692735e-06 -6.120993e-07 	 1.638325e-05 1.532539e-05 8.387347e-06 	 26
3.750000 	 -6.238676e-06 -3.341312e-06 -3.625029e-06 	 3.720196e-07 6.202498e-07 4.415332e-07 	 -5.866656e-06 -2.721062e-06 -3.183495e-06 	 582
4.250000 	 1.135764e-06 -1.156078e-07 5.980928e-06 	 3.910686e-07 -4.101771e-07 2.132102e-07 	 1.526832e-06 -5.257849e-07 6.194138e-06 	 876
4.750000 	 4.220342e-07 3.019560e-07 3.678936e-06 	 -5.332017e-07 7.434665e-07 9.800617e-07 	 -1.111675e-07 1.045423e-06 4.658998e-06 	 909
5.250000 	 1.053505e-06 2.157976e-06 -1.293032e-06 	 1.286965e-07 1.484935e-07 5.394237e-07 	 1.182202e-06 2.306470e-06 -7.536083e-07 	 905
5.750000 	 3.305508e-07 3.740186e-06 2.648349e-06 	 1.909227e-07 -6.091054e-07 1.270804e-07 	 5.214735e-07 3.131081e-06 2.775429e-06 	 913
6.250000 	 -1.971922e-06 2.942086e-06 -6.981346e-08 	 4.540126e-07 5.160261e-07 6.184208e-07 	 -1.517909e-06 3.458113e-06 5.486073e-07 	 903
6.750000 	 -2.080881e-06 1.079511e-06 -6.297911e-06 	 -2.971099e-07 3.637734e-07 -1.899956e-07 	 -2.377990e-06 1.443284e-06 -6.487907e-06 	 915
7.250000 	 -3.840921e-06 -1.373637e-06 3.329823e-06 	 -3.032639e-07 -3.263924e-07 4.215836e-07 	 -4.144185e-06 -1.700030e-06 3.751407e-06 	 922
7.750000 	 1.918791e-06 -1.519840e-06 1.428024e-06 	 1.212137e-07 8.981106e-08 -2.189370e-07 	 2.040005e-06 -1.430029e-06 1.209087e-06 	 881
8.250000 	 1.374390e-08 -4.898021e-06 -9.465149e-07 	 3.674132e-07 -3.824108e-07 6.071842e-08 	 3.811571e-07 -5.280432e-06 -8.857964e-07 	 908
8.750000 	 1.135223e-07 3.399583e-08 -1.307062e-06 	 -1.029961e-07 5.041779e-07 -2.845344e-07 	 1.052619e-08 5.381737e-07 -1.591596e-06 	 892
9.250000 	 2.904241e-06 3.703979e-06 4.194936e-07 	 1.352790e-08 -2.873265e-07 1.863535e-07 	 2.917769e-06 3.416653e-06 6.058471e-07 	 923
9.750000 	 2.666165e-06 2.061872e-06 1.664558e-06 	 1.210909e-07 -2.593317e-07 5.467364e-07 	 2.787255e-06 1.802541e-06 2.211294e-06 	 895
10.250000 	 -1.857214e-06 -9.090854e-07 -2.323993e-06 	 1.454862e-07 4.156646e-07 1.139920e-06 	 -1.711728e-06 -4.934207e-07 -1.184073e-06 	 903
10.750000 	 8.852217e-07 -2.411508e-06 1.143785e-06 	 -5.025126e-07 -4.973293e-08 -4.150067e-07 	 3.827091e-07 -2.461241e-06 7.287779e-07 	 899
11.250000 	 4.493435e-06 -1.694887e-06 -1.442201e-06 	 5.948475e-08 3.963574e-07 7.291186e-07 	 4.552920e-06 -1.298530e-06 -7.130822e-07 	 543
11.750000 	 -6.930847e-06 9.755688e-06 7.225842e-06 	 1.356593e-06 -3.615599e-06 -1.341975e-06 	 -5.574255e-06 6.140089e-06 5.883867e-06 	 29
12.250000 	 0.000000e+00 0.000000e+00 0.000000e+00 	 0.000000e+00 0.000000e+00 0.000000e+00 	 0.000000e+00 0.000000e+00 0.000000e+00 	 0
12.750000 	 0.000000e+00 0.000000e+00 0.000000e+00 	 0.000000e+00 0.000000e+00 0.000000e+00 	 0.000000e+00 0.000000e+00 0.000000e+00 	 0
13.250000 	 0.000000e+00 0.000000e+00 0.000000e+00 	 0.000000e+00 0.000000e+00 0.000000e+00 	 0.000000e+00 0.000000e+00 0.000000e+00 	 0
13.750000 	 0.000000e+00 0.000000e+00 0.000000e+00 	 0.000000e+00 0.000000e+00 0.000000e+00 	 0.000000e+00 0.000000e+00 0.000000e+00 	 0
14.250000 	 0.000000e+00 0.000000e+00 0.000000e+00 	 0.000000e+00 0.000000e+00 0.000000e+00 	 0.000000e+00 0.000000e+00 0.000000e+00 	 0
14.750000 	 0.000000e+00 0.000000e+00 0.000000e+00 	 0.000000e+00 0.000000e+00 0.000000e+00 	 0.000000e+00 0.000000e+00 0.000000e+00 	 0
