# 1  2-4    5-7    8-10   11     
# x  dirEF  recEF  sumEF  #Sample
0.250000 	 0.000000e+00 0.000000e+00 0.000000e+00 	 0.000000e+00 0.000000e+00 0.000000e+00 	 0.000000e+00 0.000000e+00 0.000000e+00 	 0
0.750000 	 0.000000e+00 0.000000e+00 0.000000e+00 	 0.000000e+00 0.000000e+00 0.000000e+00 	 0.000000e+00 0.000000e+00 0.000000e+00 	 0
1.250000 	 0.000000e+00 0.000000e+00 0.000000e+00 	 0.000000e+00 0.000000e+00 0.000000e+00 	 0.000000e+00 0.000000e+00 0.000000e+00 	 0
1.750000 	 0.000000e+00 0.000000e+00 0.000000e+00 	 0.000000e+00 0.000000e+00 0.000000e+00 	 0.000000e+00 0.000000e+00 0.000000e+00 	 0
2.250000 	 0.000000e+00 0.000000e+00 0.000000e+00 	 0.000000e+00 0.000000e+00 0.000000e+00 	 0.000000e+00 0.000000e+00 0.000000e+00 	 0
2.750000 	 0.000000e+00 0.000000e+00 0.000000e+00 	 0.000000e+00 0.000000e+00 0.000000e+00 	 0.000000e+00 0.000000e+00 0.000000e+00 	 0
3.250000 	 1.765764e-05 1.363266e-05 8.999447e-06 	 -1.192920e-06 1.777065e-06 -7.799563e-07 	 1.646472e-05 1.540972e-05 8.219490e-06 	 26
3.750000 	 -6.238676e-06 -3.341312e-06 -3.625029e-06 	 4.076837e-07 5.294459e-07 4.307347e-07 	 -5.830992e-06 -2.811866e-06 -3.194294e-06 	 582
4.250000 	 1.135764e-06 -1.156078e-07 5.980928e-06 	 3.778943e-07 -3.804321e-07 2.204734e-07 	 1.513658e-06 -4.960399e-07 6.201401e-06 	 876
4.750000 	 4.220342e-07 3.019560e-07 3.678936e-06 	 -5.587820e-07 7.721054e-07 9.676265e-07 	 -1.367479e-07 1.074061e-06 4.646562e-06 	 909
5.250000 	 1.053505e-06 2.157976e-06 -1.293032e-06 	 1.667371e-07 1.049863e-07 5.983339e-07 	 1.220242e-06 2.262962e-06 -6.946981e-07 	 905
5.750000 	 3.305508e-07 3.740186e-06 2.648349e-06 	 1.776727e-07 -6.486225e-07 1.647640e-07 	 5.082235e-07 3.091564e-06 2.813113e-06 	 913
6.250000 	 -1.971922e-06 2.942086e-06 -6.981346e-08 	 4.621941e-07 5.736149e-07 6.764513e-07 	 -1.509728e-06 3.515701e-06 6.066378e-07 	 903
6.750000 	 -2.080881e-06 1.079511e-06 -6.297911e-06 	 -2.835268e-07 3.855234e-07 -2.147009e-07 	 -2.364407e-06 1.465034e-06 -6.512612e-06 	 915
7.250000 	 -3.840921e-06 -1.373637e-06 3.329823e-06 	 -2.938095e-07 -2.971490e-07 3.618799e-07 	 -4.134731e-06 -1.670786e-06 3.691703e-06 	 922
7.750000 	 1.918791e-06 -1.519840e-06 1.428024e-06 	 9.547085e-08 1.168947e-07 -2.594555e-07 	 2.014262e-06 -1.402946e-06 1.168569e-06 	 881
8.250000 	 1.374390e-08 -4.898021e-06 -9.465149e-07 	 3.527681e-07 -4.101460e-07 1.116740e-07 	 3.665120e-07 -5.308167e-06 -8.348409e-07 	 908
8.750000 	 1.135223e-07 3.399583e-08 -1.307062e-06 	 -9.751961e-08 5.431339e-07 -2.811259e-07 	 1.600268e-08 5.771298e-07 -1.588187e-06 	 892
9.250000 	 2.904241e-06 3.703979e-06 4.194936e-07 	 3.801009e-09 -2.811021e-07 2.212641e-07 	 2.908042e-06 3.422877e-06 6.407577e-07 	 923
9.750000 	 2.666165e-06 2.061872e-06 1.664558e-06 	 2.068164e-07 -2.999883e-07 5.427289e-07 	 2.872981e-06 1.761884e-06 2.207287e-06 	 895
10.250000 	 -1.857214e-06 -9.090854e-07 -2.323993e-06 	 1.307467e-07 4.486263e-07 1.113641e-06 	 -1.726468e-06 -4.604591e-07 -1.210351e-06 	 903
10.750000 	 8.852217e-07 -2.411508e-06 1.143785e-06 	 -4.424437e-07 -2.440307e-08 -4.716382e-07 	 4.427781e-07 -2.435911e-06 6.721463e-07 	 899
11.250000 	 4.493435e-06 -1.694887e-06 -1.442201e-06 	 -4.110640e-08 5.036380e-07 7.269166e-07 	 4.452329e-06 -1.191249e-06 -7.152842e-07 	 543
11.750000 	 -6.930847e-06 9.755688e-06 7.225842e-06 	 1.409871e-06 -3.521794e-06 -1.751253e-06 	 -5.520976e-06 6.233893e-06 5.474589e-06 	 29
12.250000 	 0.000000e+00 0.000000e+00 0.000000e+00 	 0.000000e+00 0.000000e+00 0.000000e+00 	 0.000000e+00 0.000000e+00 0.000000e+00 	 0
12.750000 	 0.000000e+00 0.000000e+00 0.000000e+00 	 0.000000e+00 0.000000e+00 0.000000e+00 	 0.000000e+00 0.000000e+00 0.000000e+00 	 0
13.250000 	 0.000000e+00 0.000000e+00 0.000000e+00 	 0.000000e+00 0.000000e+00 0.000000e+00 	 0.000000e+00 0.000000e+00 0.000000e+00 	 0
13.750000 	 0.000000e+00 0.000000e+00 0.000000e+00 	 0.000000e+00 0.000000e+00 0.000000e+00 	 0.000000e+00 0.000000e+00 0.000000e+00 	 0
14.250000 	 0.000000e+00 0.000000e+00 0.000000e+00 	 0.000000e+00 0.000000e+00 0.000000e+00 	 0.000000e+00 0.000000e+00 0.000000e+00 	 0
14.750000 	 0.000000e+00 0.000000e+00 0.000000e+00 	 0.000000e+00 0.000000e+00 0.000000e+00 	 0.000000e+00 0.000000e+00 0.000000e+00 	 0
