# 1  2-4    5-7    8-10   11     
# x  dirEF  recEF  sumEF  #Sample
0.250000 	 0.000000e+00 0.000000e+00 0.000000e+00 	 0.000000e+00 0.000000e+00 0.000000e+00 	 0.000000e+00 0.000000e+00 0.000000e+00 	 0
0.750000 	 0.000000e+00 0.000000e+00 0.000000e+00 	 0.000000e+00 0.000000e+00 0.000000e+00 	 0.000000e+00 0.000000e+00 0.000000e+00 	 0
1.250000 	 0.000000e+00 0.000000e+00 0.000000e+00 	 0.000000e+00 0.000000e+00 0.000000e+00 	 0.000000e+00 0.000000e+00 0.000000e+00 	 0
1.750000 	 0.000000e+00 0.000000e+00 0.000000e+00 	 0.000000e+00 0.000000e+00 0.000000e+00 	 0.000000e+00 0.000000e+00 0.000000e+00 	 0
2.250000 	 0.000000e+00 0.000000e+00 0.000000e+00 	 0.000000e+00 0.000000e+00 0.000000e+00 	 0.000000e+00 0.000000e+00 0.000000e+00 	 0
2.750000 	 0.000000e+00 0.000000e+00 0.000000e+00 	 0.000000e+00 0.000000e+00 0.000000e+00 	 0.000000e+00 0.000000e+00 0.000000e+00 	 0
3.250000 	 4.526326e-06 -3.181321e-06 1.667234e-05 	 2.560295e-06 5.643175e-07 -5.666666e-06 	 7.086620e-06 -2.617004e-06 1.100568e-05 	 21
3.750000 	 7.446705e-07 -1.407498e-06 2.578237e-06 	 -6.999036e-07 5.045182e-08 1.517666e-07 	 4.476691e-08 -1.357046e-06 2.730003e-06 	 569
4.250000 	 -4.262499e-06 -2.590862e-07 -2.505421e-06 	 2.455623e-06 -1.055976e-07 1.621276e-07 	 -1.806877e-06 -3.646838e-07 -2.343294e-06 	 899
4.750000 	 -2.108285e-07 1.187859e-06 5.569417e-06 	 -1.164761e-06 -2.523191e-07 -4.795709e-07 	 -1.375590e-06 9.355400e-07 5.089846e-06 	 904
5.250000 	 4.331455e-06 1.004120e-06 3.129004e-07 	 -2.509527e-06 3.210982e-07 2.880198e-08 	 1.821928e-06 1.325218e-06 3.417024e-07 	 906
5.750000 	 7.980587e-06 1.263988e-06 -3.840003e-06 	 2.402275e-06 1.620321e-08 9.753317e-07 	 1.038286e-05 1.280191e-06 -2.864671e-06 	 906
6.250000 	 -7.924308e-06 -8.404920e-07 -1.338418e-06 	 -1.166654e-06 1.305138e-08 -9.890627e-07 	 -9.090962e-06 -8.274406e-07 -2.327480e-06 	 905
6.750000 	 -2.100921e-06 -2.317858e-06 1.588433e-06 	 1.074508e-06 -5.897606e-07 2.771385e-07 	 -1.026412e-06 -2.907619e-06 1.865571e-06 	 913
7.250000 	 1.644431e-06 -5.446377e-07 -4.864419e-06 	 -1.428904e-06 4.466956e-08 -7.384788e-07 	 2.155273e-07 -4.999681e-07 -5.602898e-06 	 911
7.750000 	 9.029367e-07 -3.119504e-07 5.900789e-06 	 -5.601871e-07 1.077231e-07 6.775516e-07 	 3.427496e-07 -2.042273e-07 6.578340e-06 	 907
8.250000 	 -9.770801e-07 3.003329e-06 4.295859e-08 	 1.062444e-06 6.131609e-07 5.691623e-08 	 8.536351e-08 3.616490e-06 9.987482e-08 	 901
8.750000 	 -1.635786e-06 -9.880928e-07 7.620370e-07 	 -8.352942e-08 -1.945433e-07 2.023200e-07 	 -1.719316e-06 -1.182636e-06 9.643570e-07 	 909
9.250000 	 3.341897e-07 -9.483774e-07 -3.342584e-06 	 2.973564e-07 -5.962488e-07 3.043543e-07 	 6.315460e-07 -1.544626e-06 -3.038230e-06 	 905
9.750000 	 4.743411e-07 -2.110304e-06 -1.047670e-06 	 -4.894509e-07 -4.185779e-07 1.935617e-07 	 -1.510981e-08 -2.528881e-06 -8.541081e-07 	 900
10.250000 	 1.808171e-07 -4.527891e-07 -5.025925e-07 	 -4.411830e-07 1.941910e-07 -7.551571e-08 	 -2.603659e-07 -2.585980e-07 -5.781082e-07 	 913
10.750000 	 -8.795566e-07 -5.644667e-07 -5.840486e-07 	 -1.387867e-07 7.611614e-07 3.063636e-07 	 -1.018343e-06 1.966947e-07 -2.776850e-07 	 872
11.250000 	 3.096117e-06 5.547448e-06 2.585754e-06 	 -3.069073e-09 1.025785e-06 7.398436e-07 	 3.093048e-06 6.573233e-06 3.325597e-06 	 559
11.750000 	 1.954387e-05 5.741880e-06 1.016446e-06 	 9.392695e-06 -7.515849e-07 -5.102565e-06 	 2.893656e-05 4.990295e-06 -4.086120e-06 	 24
12.250000 	 0.000000e+00 0.000000e+00 0.000000e+00 	 0.000000e+00 0.000000e+00 0.000000e+00 	 0.000000e+00 0.000000e+00 0.000000e+00 	 0
12.750000 	 0.000000e+00 0.000000e+00 0.000000e+00 	 0.000000e+00 0.000000e+00 0.000000e+00 	 0.000000e+00 0.000000e+00 0.000000e+00 	 0
13.250000 	 0.000000e+00 0.000000e+00 0.000000e+00 	 0.000000e+00 0.000000e+00 0.000000e+00 	 0.000000e+00 0.000000e+00 0.000000e+00 	 0
13.750000 	 0.000000e+00 0.000000e+00 0.000000e+00 	 0.000000e+00 0.000000e+00 0.000000e+00 	 0.000000e+00 0.000000e+00 0.000000e+00 	 0
14.250000 	 0.000000e+00 0.000000e+00 0.000000e+00 	 0.000000e+00 0.000000e+00 0.000000e+00 	 0.000000e+00 0.000000e+00 0.000000e+00 	 0
14.750000 	 0.000000e+00 0.000000e+00 0.000000e+00 	 0.000000e+00 0.000000e+00 0.000000e+00 	 0.000000e+00 0.000000e+00 0.000000e+00 	 0
