# 1  2-4    5-7    8-10   11     
# x  sumEF  dirEF  recEF  #Sample
0.250000 	 0.000000e+00 0.000000e+00 0.000000e+00 	 0.000000e+00 0.000000e+00 0.000000e+00 	 0.000000e+00 0.000000e+00 0.000000e+00 	 0
0.750000 	 0.000000e+00 0.000000e+00 0.000000e+00 	 0.000000e+00 0.000000e+00 0.000000e+00 	 0.000000e+00 0.000000e+00 0.000000e+00 	 0
1.250000 	 0.000000e+00 0.000000e+00 0.000000e+00 	 0.000000e+00 0.000000e+00 0.000000e+00 	 0.000000e+00 0.000000e+00 0.000000e+00 	 0
1.750000 	 0.000000e+00 0.000000e+00 0.000000e+00 	 0.000000e+00 0.000000e+00 0.000000e+00 	 0.000000e+00 0.000000e+00 0.000000e+00 	 0
2.250000 	 0.000000e+00 0.000000e+00 0.000000e+00 	 0.000000e+00 0.000000e+00 0.000000e+00 	 0.000000e+00 0.000000e+00 0.000000e+00 	 0
2.750000 	 0.000000e+00 0.000000e+00 0.000000e+00 	 0.000000e+00 0.000000e+00 0.000000e+00 	 0.000000e+00 0.000000e+00 0.000000e+00 	 0
3.250000 	 2.376300e-06 3.957386e-06 9.677309e-06 	 5.761081e-06 3.642651e-06 1.020177e-05 	 -3.384782e-06 3.147357e-07 -5.244585e-07 	 98
3.750000 	 -1.706292e-06 -2.449609e-06 -6.450327e-07 	 -2.358074e-06 -2.430652e-06 -5.940142e-07 	 6.517814e-07 -1.895656e-08 -5.101873e-08 	 2893
4.250000 	 -9.415808e-07 -1.597276e-07 7.099648e-07 	 -1.206916e-06 -2.178402e-07 7.003156e-07 	 2.653351e-07 5.811254e-08 9.649286e-09 	 4460
4.750000 	 7.973564e-07 1.497713e-06 3.250347e-06 	 9.992825e-07 1.449596e-06 3.217104e-06 	 -2.019261e-07 4.811701e-08 3.324286e-08 	 4548
5.250000 	 1.836561e-06 1.877228e-06 -1.426061e-06 	 1.878067e-06 1.879221e-06 -1.376908e-06 	 -4.150644e-08 -1.993214e-09 -4.915369e-08 	 4513
5.750000 	 1.564451e-06 -7.753462e-07 -7.887831e-07 	 1.437240e-06 -8.148877e-07 -8.142585e-07 	 1.272114e-07 3.954173e-08 2.547554e-08 	 4535
6.250000 	 -1.190721e-06 6.188666e-07 2.629805e-07 	 -1.276610e-06 6.090928e-07 3.126636e-07 	 8.588936e-08 9.773743e-09 -4.968304e-08 	 4511
6.750000 	 -1.523588e-06 1.438605e-06 -4.625666e-07 	 -1.358097e-06 1.466447e-06 -4.765944e-07 	 -1.654903e-07 -2.784262e-08 1.402806e-08 	 4552
7.250000 	 1.770975e-07 -1.229190e-06 -1.535262e-06 	 1.902766e-07 -1.237319e-06 -1.558506e-06 	 -1.317912e-08 8.129345e-09 2.324430e-08 	 4515
7.750000 	 2.525727e-06 -9.829234e-07 7.761725e-07 	 2.518994e-06 -1.005920e-06 8.171043e-07 	 6.732711e-09 2.299634e-08 -4.093179e-08 	 4547
8.250000 	 -1.134088e-06 -5.065361e-07 -1.123254e-06 	 -1.247890e-06 -5.024365e-07 -1.191385e-06 	 1.138025e-07 -4.099557e-09 6.813041e-08 	 4570
8.750000 	 3.580028e-07 7.067961e-08 2.161047e-06 	 3.107510e-07 3.527807e-08 2.172439e-06 	 4.725190e-08 3.540165e-08 -1.139237e-08 	 4506
9.250000 	 1.394485e-06 1.943976e-06 -3.636291e-07 	 1.463066e-06 1.950459e-06 -4.505345e-07 	 -6.858088e-08 -6.483293e-09 8.690529e-08 	 4531
9.750000 	 -2.487668e-07 -1.192964e-06 -2.558418e-07 	 -1.105161e-07 -1.180149e-06 -2.173075e-07 	 -1.382505e-07 -1.281439e-08 -3.853418e-08 	 4486
10.250000 	 -3.042073e-07 -1.050697e-06 -1.315586e-06 	 -4.376529e-07 -1.003649e-06 -1.352743e-06 	 1.334457e-07 -4.704853e-08 3.715592e-08 	 4543
10.750000 	 -2.074578e-07 1.021343e-07 -2.104855e-06 	 2.627699e-08 1.055149e-07 -2.056928e-06 	 -2.337346e-07 -3.380654e-09 -4.792708e-08 	 4463
11.250000 	 2.306944e-06 2.374943e-07 3.241277e-06 	 2.945093e-06 1.606181e-07 3.185555e-06 	 -6.381493e-07 7.687640e-08 5.572169e-08 	 2727
11.750000 	 5.327709e-07 -4.318891e-06 -1.601558e-06 	 -2.638992e-06 -4.240969e-06 -6.596046e-07 	 3.171764e-06 -7.792178e-08 -9.419537e-07 	 122
12.250000 	 0.000000e+00 0.000000e+00 0.000000e+00 	 0.000000e+00 0.000000e+00 0.000000e+00 	 0.000000e+00 0.000000e+00 0.000000e+00 	 0
12.750000 	 0.000000e+00 0.000000e+00 0.000000e+00 	 0.000000e+00 0.000000e+00 0.000000e+00 	 0.000000e+00 0.000000e+00 0.000000e+00 	 0
13.250000 	 0.000000e+00 0.000000e+00 0.000000e+00 	 0.000000e+00 0.000000e+00 0.000000e+00 	 0.000000e+00 0.000000e+00 0.000000e+00 	 0
13.750000 	 0.000000e+00 0.000000e+00 0.000000e+00 	 0.000000e+00 0.000000e+00 0.000000e+00 	 0.000000e+00 0.000000e+00 0.000000e+00 	 0
14.250000 	 0.000000e+00 0.000000e+00 0.000000e+00 	 0.000000e+00 0.000000e+00 0.000000e+00 	 0.000000e+00 0.000000e+00 0.000000e+00 	 0
14.750000 	 0.000000e+00 0.000000e+00 0.000000e+00 	 0.000000e+00 0.000000e+00 0.000000e+00 	 0.000000e+00 0.000000e+00 0.000000e+00 	 0
