# #############################################################################
# doing 0001
# #############################################################################
# use charge table /home/cocktail/wanghan/study/longRange.hetero/profile.test/config.pool/water.charge0.834.box14.9x7.4x7.4.b2.500.r2.10.K161x081x081.nconf005/charge.tab
########################################
# summary of parameters
# method is fbspline
# selfCorr is yes
# order is 6
# beta is 2.500000e+00
# Kx is 121
# Ky is 61
# Kz is 61
# shift x is 0.000000e+00
# shift y is 0.000000e+00
# shift z is 0.000000e+00
# rcut is 1.300000e+00
# box is 1.489648e+01
# npart is 41472
# random seed is 0
# configuration file is /home/cocktail/wanghan/study/longRange.hetero/profile.test/config.pool/water.charge0.834.box14.9x7.4x7.4.b2.500.r2.10.K161x081x081.nconf005/conf.0001.gro
########################################
### initilized elector calculater
### registered Particle
build up time cost 8.950e+00
### build up calculator
the solver ES dir error is 1.1179103031402261e-04
the solver ES rec error is 1.8952205807179639e-12
### force is cleared
time rec 0.000e+00
time rec loop 0.000e+00
time rec conv 0.000e+00
time dir 0.000e+00
time total 0.000e+00
potential energy is -8.9105620114025514e+04
### interaction is applied
# reinit: start build kernel ... done
the estimated error of rec part SPME 1.4216502574192059e-04
# #############################################################################
# doing 0002
# #############################################################################
# use charge table /home/cocktail/wanghan/study/longRange.hetero/profile.test/config.pool/water.charge0.834.box14.9x7.4x7.4.b2.500.r2.10.K161x081x081.nconf005/charge.tab
########################################
# summary of parameters
# method is fbspline
# selfCorr is yes
# order is 6
# beta is 2.500000e+00
# Kx is 121
# Ky is 61
# Kz is 61
# shift x is 0.000000e+00
# shift y is 0.000000e+00
# shift z is 0.000000e+00
# rcut is 1.300000e+00
# box is 1.489648e+01
# npart is 41472
# random seed is 0
# configuration file is /home/cocktail/wanghan/study/longRange.hetero/profile.test/config.pool/water.charge0.834.box14.9x7.4x7.4.b2.500.r2.10.K161x081x081.nconf005/conf.0002.gro
########################################
### initilized elector calculater
### registered Particle
build up time cost 8.820e+00
### build up calculator
the solver ES dir error is 1.1179103031402261e-04
the solver ES rec error is 1.8952205807179639e-12
### force is cleared
time rec 0.000e+00
time rec loop 0.000e+00
time rec conv 0.000e+00
time dir 0.000e+00
time total 0.000e+00
potential energy is -8.9110363596290030e+04
### interaction is applied
# reinit: start build kernel ... done
the estimated error of rec part SPME 1.4216502574192059e-04
# #############################################################################
# doing 0003
# #############################################################################
# use charge table /home/cocktail/wanghan/study/longRange.hetero/profile.test/config.pool/water.charge0.834.box14.9x7.4x7.4.b2.500.r2.10.K161x081x081.nconf005/charge.tab
########################################
# summary of parameters
# method is fbspline
# selfCorr is yes
# order is 6
# beta is 2.500000e+00
# Kx is 121
# Ky is 61
# Kz is 61
# shift x is 0.000000e+00
# shift y is 0.000000e+00
# shift z is 0.000000e+00
# rcut is 1.300000e+00
# box is 1.489648e+01
# npart is 41472
# random seed is 0
# configuration file is /home/cocktail/wanghan/study/longRange.hetero/profile.test/config.pool/water.charge0.834.box14.9x7.4x7.4.b2.500.r2.10.K161x081x081.nconf005/conf.0003.gro
########################################
### initilized elector calculater
### registered Particle
build up time cost 8.810e+00
### build up calculator
the solver ES dir error is 1.1179103031402261e-04
the solver ES rec error is 1.8952205807179639e-12
### force is cleared
time rec 0.000e+00
time rec loop 0.000e+00
time rec conv 0.000e+00
time dir 0.000e+00
time total 0.000e+00
potential energy is -8.9093061099141400e+04
### interaction is applied
# reinit: start build kernel ... done
the estimated error of rec part SPME 1.4216502574192059e-04
# #############################################################################
# doing 0004
# #############################################################################
# use charge table /home/cocktail/wanghan/study/longRange.hetero/profile.test/config.pool/water.charge0.834.box14.9x7.4x7.4.b2.500.r2.10.K161x081x081.nconf005/charge.tab
########################################
# summary of parameters
# method is fbspline
# selfCorr is yes
# order is 6
# beta is 2.500000e+00
# Kx is 121
# Ky is 61
# Kz is 61
# shift x is 0.000000e+00
# shift y is 0.000000e+00
# shift z is 0.000000e+00
# rcut is 1.300000e+00
# box is 1.489648e+01
# npart is 41472
# random seed is 0
# configuration file is /home/cocktail/wanghan/study/longRange.hetero/profile.test/config.pool/water.charge0.834.box14.9x7.4x7.4.b2.500.r2.10.K161x081x081.nconf005/conf.0004.gro
########################################
### initilized elector calculater
### registered Particle
build up time cost 8.820e+00
### build up calculator
the solver ES dir error is 1.1179103031402261e-04
the solver ES rec error is 1.8952205807179639e-12
### force is cleared
time rec 0.000e+00
time rec loop 0.000e+00
time rec conv 0.000e+00
time dir 0.000e+00
time total 0.000e+00
potential energy is -8.9101105088383760e+04
### interaction is applied
# reinit: start build kernel ... done
the estimated error of rec part SPME 1.4216502574192059e-04
# #############################################################################
# doing 0005
# #############################################################################
# use charge table /home/cocktail/wanghan/study/longRange.hetero/profile.test/config.pool/water.charge0.834.box14.9x7.4x7.4.b2.500.r2.10.K161x081x081.nconf005/charge.tab
########################################
# summary of parameters
# method is fbspline
# selfCorr is yes
# order is 6
# beta is 2.500000e+00
# Kx is 121
# Ky is 61
# Kz is 61
# shift x is 0.000000e+00
# shift y is 0.000000e+00
# shift z is 0.000000e+00
# rcut is 1.300000e+00
# box is 1.489648e+01
# npart is 41472
# random seed is 0
# configuration file is /home/cocktail/wanghan/study/longRange.hetero/profile.test/config.pool/water.charge0.834.box14.9x7.4x7.4.b2.500.r2.10.K161x081x081.nconf005/conf.0005.gro
########################################
### initilized elector calculater
### registered Particle
build up time cost 8.840e+00
### build up calculator
the solver ES dir error is 1.1179103031402261e-04
the solver ES rec error is 1.8952205807179639e-12
### force is cleared
time rec 0.000e+00
time rec loop 0.000e+00
time rec conv 0.000e+00
time dir 0.000e+00
time total 0.000e+00
potential energy is -8.9105979730003441e+04
### interaction is applied
# reinit: start build kernel ... done
the estimated error of rec part SPME 1.4216502574192059e-04
# #############################################################################
# combine results
# #############################################################################
