# 1  2-4    5-7    8-10   11     
# x  dirEF  recEF  sumEF  #Sample
0.250000 	 0.000000e+00 0.000000e+00 0.000000e+00 	 0.000000e+00 0.000000e+00 0.000000e+00 	 0.000000e+00 0.000000e+00 0.000000e+00 	 0
0.750000 	 0.000000e+00 0.000000e+00 0.000000e+00 	 3.051656e-08 -6.654290e-08 2.530018e-08 	 3.051656e-08 -6.654290e-08 2.530018e-08 	 1
1.250000 	 0.000000e+00 0.000000e+00 0.000000e+00 	 0.000000e+00 0.000000e+00 0.000000e+00 	 0.000000e+00 0.000000e+00 0.000000e+00 	 0
1.750000 	 0.000000e+00 0.000000e+00 0.000000e+00 	 0.000000e+00 0.000000e+00 0.000000e+00 	 0.000000e+00 0.000000e+00 0.000000e+00 	 0
2.250000 	 0.000000e+00 0.000000e+00 0.000000e+00 	 0.000000e+00 0.000000e+00 0.000000e+00 	 0.000000e+00 0.000000e+00 0.000000e+00 	 0
2.750000 	 0.000000e+00 0.000000e+00 0.000000e+00 	 0.000000e+00 0.000000e+00 0.000000e+00 	 0.000000e+00 0.000000e+00 0.000000e+00 	 0
3.250000 	 -1.632240e-05 -5.633396e-06 -1.719241e-05 	 -2.478000e-05 -6.302110e-08 1.312949e-06 	 -4.110241e-05 -5.696417e-06 -1.587946e-05 	 48
3.750000 	 1.912616e-06 1.457276e-06 -6.785993e-09 	 -1.373851e-06 -4.939914e-06 -4.373286e-07 	 5.387654e-07 -3.482638e-06 -4.441146e-07 	 585
4.250000 	 1.470892e-05 2.773453e-06 -2.512441e-06 	 6.028558e-06 -2.683093e-07 -1.250718e-07 	 2.073748e-05 2.505144e-06 -2.637513e-06 	 940
4.750000 	 2.361744e-05 -6.533873e-06 4.083721e-06 	 -7.891715e-06 1.327101e-06 3.617808e-07 	 1.572572e-05 -5.206772e-06 4.445502e-06 	 916
5.250000 	 2.970794e-05 -3.599275e-06 7.149583e-07 	 4.795382e-06 1.289884e-06 -7.361558e-06 	 3.450332e-05 -2.309391e-06 -6.646599e-06 	 878
5.750000 	 -1.079356e-05 2.875145e-06 -3.568907e-06 	 3.120106e-06 -7.136738e-06 5.794603e-06 	 -7.673453e-06 -4.261593e-06 2.225697e-06 	 883
6.250000 	 -1.813592e-05 -7.563082e-06 2.083151e-06 	 -2.604646e-06 -1.745595e-07 2.441927e-06 	 -2.074056e-05 -7.737642e-06 4.525078e-06 	 847
6.750000 	 -1.434494e-05 4.598878e-06 -4.218729e-06 	 -6.580016e-07 -6.411508e-07 1.228683e-05 	 -1.500294e-05 3.957728e-06 8.068105e-06 	 899
7.250000 	 -9.616274e-06 -3.791926e-07 8.939339e-06 	 1.144888e-05 5.107962e-06 -5.878247e-06 	 1.832603e-06 4.728769e-06 3.061093e-06 	 925
7.750000 	 3.476296e-06 1.191474e-06 5.554487e-06 	 -1.751205e-05 -2.509114e-06 2.633103e-06 	 -1.403575e-05 -1.317640e-06 8.187590e-06 	 912
8.250000 	 2.005498e-05 -4.057505e-06 -7.786517e-06 	 4.428648e-06 1.197337e-07 -5.315334e-06 	 2.448363e-05 -3.937771e-06 -1.310185e-05 	 902
8.750000 	 3.411612e-06 -2.794996e-06 9.668094e-09 	 -2.836817e-06 8.936413e-06 8.015605e-06 	 5.747952e-07 6.141417e-06 8.025273e-06 	 916
9.250000 	 9.896972e-06 2.760111e-06 1.041977e-06 	 6.118849e-07 2.460024e-07 -7.119623e-07 	 1.050886e-05 3.006113e-06 3.300151e-07 	 890
9.750000 	 9.957778e-06 7.873990e-07 -2.286095e-06 	 -3.444490e-06 -9.554843e-07 4.486122e-06 	 6.513289e-06 -1.680853e-07 2.200026e-06 	 878
10.250000 	 4.216957e-07 2.437197e-06 -3.850972e-06 	 4.984820e-06 -1.193094e-05 -5.004774e-06 	 5.406516e-06 -9.493740e-06 -8.855746e-06 	 873
10.750000 	 -1.450452e-05 -2.659077e-06 -4.758771e-06 	 -3.208336e-06 -2.108285e-06 -1.151938e-07 	 -1.771286e-05 -4.767362e-06 -4.873964e-06 	 944
11.250000 	 -2.265704e-06 6.186903e-06 2.834266e-06 	 1.648550e-05 -9.760996e-06 -4.249313e-06 	 1.421979e-05 -3.574093e-06 -1.415046e-06 	 541
11.750000 	 2.411043e-06 -8.348672e-06 -1.907054e-05 	 -3.371880e-05 4.582494e-06 -3.332845e-06 	 -3.130776e-05 -3.766178e-06 -2.240338e-05 	 44
12.250000 	 0.000000e+00 0.000000e+00 0.000000e+00 	 0.000000e+00 0.000000e+00 0.000000e+00 	 0.000000e+00 0.000000e+00 0.000000e+00 	 0
12.750000 	 0.000000e+00 0.000000e+00 0.000000e+00 	 0.000000e+00 0.000000e+00 0.000000e+00 	 0.000000e+00 0.000000e+00 0.000000e+00 	 0
13.250000 	 1.323516e-05 -4.932733e-07 -2.857177e-06 	 7.267192e-08 -2.607043e-07 8.894071e-08 	 1.330783e-05 -7.539777e-07 -2.768236e-06 	 1
13.750000 	 0.000000e+00 0.000000e+00 0.000000e+00 	 0.000000e+00 0.000000e+00 0.000000e+00 	 0.000000e+00 0.000000e+00 0.000000e+00 	 0
14.250000 	 -3.967598e-12 3.689832e-12 4.207643e-12 	 5.895384e-08 8.398381e-09 1.897251e-08 	 5.894987e-08 8.402071e-09 1.897672e-08 	 1
14.750000 	 0.000000e+00 0.000000e+00 0.000000e+00 	 0.000000e+00 0.000000e+00 0.000000e+00 	 0.000000e+00 0.000000e+00 0.000000e+00 	 0
