# 1  2-4    5-7    8-10   11     
# x  dirEF  recEF  sumEF  #Sample
0.250000 	 0.000000e+00 0.000000e+00 0.000000e+00 	 0.000000e+00 0.000000e+00 0.000000e+00 	 0.000000e+00 0.000000e+00 0.000000e+00 	 0
0.750000 	 0.000000e+00 0.000000e+00 0.000000e+00 	 -5.549763e-09 -5.725771e-08 -5.312146e-08 	 -5.549763e-09 -5.725771e-08 -5.312146e-08 	 1
1.250000 	 0.000000e+00 0.000000e+00 0.000000e+00 	 0.000000e+00 0.000000e+00 0.000000e+00 	 0.000000e+00 0.000000e+00 0.000000e+00 	 0
1.750000 	 0.000000e+00 0.000000e+00 0.000000e+00 	 0.000000e+00 0.000000e+00 0.000000e+00 	 0.000000e+00 0.000000e+00 0.000000e+00 	 0
2.250000 	 0.000000e+00 0.000000e+00 0.000000e+00 	 0.000000e+00 0.000000e+00 0.000000e+00 	 0.000000e+00 0.000000e+00 0.000000e+00 	 0
2.750000 	 0.000000e+00 0.000000e+00 0.000000e+00 	 0.000000e+00 0.000000e+00 0.000000e+00 	 0.000000e+00 0.000000e+00 0.000000e+00 	 0
3.250000 	 1.253066e-05 -2.480391e-05 4.750826e-06 	 1.888319e-05 -1.507921e-05 -4.961065e-06 	 3.141385e-05 -3.988312e-05 -2.102390e-07 	 37
3.750000 	 -5.884510e-06 1.782864e-06 4.077364e-06 	 3.486352e-06 -1.993009e-06 -8.131051e-06 	 -2.398158e-06 -2.101447e-07 -4.053687e-06 	 530
4.250000 	 3.007162e-06 5.760342e-07 5.722058e-07 	 1.038915e-05 2.083463e-06 3.474624e-06 	 1.339632e-05 2.659498e-06 4.046830e-06 	 918
4.750000 	 2.367185e-06 -4.740182e-07 -5.094120e-06 	 -1.277419e-05 -4.348429e-06 4.230878e-06 	 -1.040700e-05 -4.822447e-06 -8.632411e-07 	 953
5.250000 	 1.266041e-05 -1.102945e-07 -2.171699e-06 	 7.578025e-06 -3.492364e-06 -8.816690e-07 	 2.023844e-05 -3.602658e-06 -3.053368e-06 	 867
5.750000 	 2.222177e-06 -2.068621e-07 6.157990e-06 	 6.151991e-06 3.216821e-06 -6.230173e-07 	 8.374168e-06 3.009959e-06 5.534973e-06 	 930
6.250000 	 -8.866860e-07 -2.059668e-06 1.951780e-07 	 4.102514e-07 -4.281951e-06 -1.591586e-06 	 -4.764346e-07 -6.341619e-06 -1.396408e-06 	 824
6.750000 	 8.709161e-06 -9.419903e-07 -5.246478e-06 	 -1.511111e-05 3.587204e-06 2.216034e-07 	 -6.401948e-06 2.645213e-06 -5.024874e-06 	 910
7.250000 	 -1.928091e-05 -8.683999e-07 6.981878e-06 	 5.182257e-06 -8.335518e-06 1.157495e-06 	 -1.409865e-05 -9.203917e-06 8.139372e-06 	 912
7.750000 	 -1.309497e-05 -3.859865e-06 -3.109786e-06 	 4.225586e-07 7.959656e-07 7.665955e-07 	 -1.267241e-05 -3.063899e-06 -2.343190e-06 	 880
8.250000 	 -7.001872e-06 4.790134e-07 1.515905e-06 	 -1.282424e-05 -1.538834e-06 1.576059e-05 	 -1.982611e-05 -1.059821e-06 1.727649e-05 	 949
8.750000 	 -4.872502e-06 1.579935e-06 -2.165266e-06 	 1.841905e-05 -3.427122e-06 -5.432362e-09 	 1.354655e-05 -1.847188e-06 -2.170699e-06 	 905
9.250000 	 1.245030e-05 4.419599e-06 -2.895034e-06 	 2.626747e-06 7.521175e-06 1.009818e-05 	 1.507705e-05 1.194077e-05 7.203148e-06 	 888
9.750000 	 8.706538e-06 1.832412e-06 -1.210798e-06 	 -6.182032e-06 4.964769e-06 9.150941e-07 	 2.524506e-06 6.797181e-06 -2.957038e-07 	 890
10.250000 	 -1.221062e-05 2.443640e-06 -3.898948e-06 	 2.439579e-06 -4.273570e-06 -4.741255e-06 	 -9.771040e-06 -1.829930e-06 -8.640203e-06 	 892
10.750000 	 -8.810649e-06 -1.997502e-06 -1.952689e-06 	 -4.537898e-06 8.743186e-06 -1.870357e-06 	 -1.334855e-05 6.745684e-06 -3.823046e-06 	 883
11.250000 	 -5.147657e-06 1.549697e-07 1.216874e-06 	 3.256453e-07 5.864253e-06 3.022415e-06 	 -4.822011e-06 6.019223e-06 4.239289e-06 	 611
11.750000 	 -1.669861e-05 2.793871e-06 -4.850750e-06 	 -1.255516e-05 -2.009969e-05 -8.250538e-06 	 -2.925377e-05 -1.730582e-05 -1.310129e-05 	 44
12.250000 	 0.000000e+00 0.000000e+00 0.000000e+00 	 0.000000e+00 0.000000e+00 0.000000e+00 	 0.000000e+00 0.000000e+00 0.000000e+00 	 0
12.750000 	 0.000000e+00 0.000000e+00 0.000000e+00 	 0.000000e+00 0.000000e+00 0.000000e+00 	 0.000000e+00 0.000000e+00 0.000000e+00 	 0
13.250000 	 0.000000e+00 0.000000e+00 0.000000e+00 	 0.000000e+00 0.000000e+00 0.000000e+00 	 0.000000e+00 0.000000e+00 0.000000e+00 	 0
13.750000 	 0.000000e+00 0.000000e+00 0.000000e+00 	 0.000000e+00 0.000000e+00 0.000000e+00 	 0.000000e+00 0.000000e+00 0.000000e+00 	 0
14.250000 	 0.000000e+00 0.000000e+00 0.000000e+00 	 0.000000e+00 0.000000e+00 0.000000e+00 	 0.000000e+00 0.000000e+00 0.000000e+00 	 0
14.750000 	 0.000000e+00 0.000000e+00 0.000000e+00 	 0.000000e+00 0.000000e+00 0.000000e+00 	 0.000000e+00 0.000000e+00 0.000000e+00 	 0
