# 1  2-4    5-7    8-10   11     
# x  dirEF  recEF  sumEF  #Sample
0.250000 	 0.000000e+00 0.000000e+00 0.000000e+00 	 0.000000e+00 0.000000e+00 0.000000e+00 	 0.000000e+00 0.000000e+00 0.000000e+00 	 0
0.750000 	 0.000000e+00 0.000000e+00 0.000000e+00 	 0.000000e+00 0.000000e+00 0.000000e+00 	 0.000000e+00 0.000000e+00 0.000000e+00 	 0
1.250000 	 0.000000e+00 0.000000e+00 0.000000e+00 	 0.000000e+00 0.000000e+00 0.000000e+00 	 0.000000e+00 0.000000e+00 0.000000e+00 	 0
1.750000 	 0.000000e+00 0.000000e+00 0.000000e+00 	 0.000000e+00 0.000000e+00 0.000000e+00 	 0.000000e+00 0.000000e+00 0.000000e+00 	 0
2.250000 	 2.377036e-05 -4.499739e-06 3.136250e-06 	 -6.437055e-08 1.952159e-08 8.451086e-09 	 2.370599e-05 -4.480217e-06 3.144701e-06 	 1
2.750000 	 0.000000e+00 0.000000e+00 0.000000e+00 	 0.000000e+00 0.000000e+00 0.000000e+00 	 0.000000e+00 0.000000e+00 0.000000e+00 	 0
3.250000 	 1.533503e-05 9.750915e-07 6.284647e-06 	 -4.682008e-06 -1.257954e-06 1.404347e-06 	 1.065303e-05 -2.828622e-07 7.688994e-06 	 38
3.750000 	 -4.070054e-06 8.303536e-07 5.020317e-07 	 1.012753e-05 5.481282e-07 -1.378749e-06 	 6.057477e-06 1.378482e-06 -8.767178e-07 	 560
4.250000 	 -1.073539e-05 1.669722e-06 1.830595e-08 	 -9.279726e-06 1.413371e-06 2.903542e-06 	 -2.001511e-05 3.083093e-06 2.921848e-06 	 917
4.750000 	 -1.195088e-05 -1.002630e-06 4.588806e-06 	 3.589386e-06 1.013840e-06 -4.434445e-06 	 -8.361494e-06 1.120985e-08 1.543607e-07 	 890
5.250000 	 1.145654e-05 -7.122175e-06 -2.619023e-06 	 -3.634419e-06 -3.430635e-06 -4.356380e-07 	 7.822123e-06 -1.055281e-05 -3.054661e-06 	 898
5.750000 	 1.378236e-05 1.066200e-06 -5.280840e-06 	 1.801858e-06 1.303107e-06 -5.162808e-07 	 1.558422e-05 2.369307e-06 -5.797121e-06 	 965
6.250000 	 2.436054e-05 4.348509e-06 -3.637438e-06 	 2.173239e-06 2.544368e-06 -1.052657e-07 	 2.653378e-05 6.892877e-06 -3.742704e-06 	 874
6.750000 	 9.152578e-06 -2.806730e-06 1.620162e-06 	 -5.739292e-06 5.529316e-07 -1.291399e-06 	 3.413286e-06 -2.253798e-06 3.287636e-07 	 857
7.250000 	 -1.410327e-05 -2.371945e-07 3.727584e-06 	 1.880503e-06 -1.728259e-06 8.639993e-07 	 -1.222277e-05 -1.965453e-06 4.591584e-06 	 936
7.750000 	 -3.440716e-05 5.809601e-06 2.986114e-06 	 5.250915e-07 -6.397220e-07 -1.224131e-06 	 -3.388207e-05 5.169879e-06 1.761983e-06 	 880
8.250000 	 -1.754262e-05 -1.523374e-06 -2.073095e-06 	 -2.102610e-06 1.689615e-06 2.081268e-06 	 -1.964523e-05 1.662411e-07 8.173056e-09 	 921
8.750000 	 1.116554e-05 -3.732395e-06 -4.191593e-06 	 3.561828e-06 -2.128708e-06 -2.533949e-06 	 1.472737e-05 -5.861104e-06 -6.725543e-06 	 898
9.250000 	 2.042598e-05 4.170178e-06 -1.877355e-06 	 1.590164e-06 6.146887e-07 -1.710352e-06 	 2.201614e-05 4.784867e-06 -3.587707e-06 	 905
9.750000 	 1.016520e-05 9.455520e-07 1.708793e-06 	 1.349847e-06 -5.154328e-07 3.972090e-06 	 1.151504e-05 4.301192e-07 5.680882e-06 	 887
10.250000 	 1.332577e-06 -4.016891e-06 -6.840779e-07 	 -2.245979e-06 1.540072e-06 1.309172e-06 	 -9.134017e-07 -2.476819e-06 6.250944e-07 	 897
10.750000 	 -8.860406e-06 2.728817e-06 -1.300947e-06 	 -7.798632e-07 3.437224e-07 -2.961454e-06 	 -9.640270e-06 3.072539e-06 -4.262401e-06 	 886
11.250000 	 -1.014495e-05 4.188265e-06 -1.916692e-06 	 -1.852983e-06 8.890344e-07 -3.979733e-07 	 -1.199794e-05 5.077299e-06 -2.314666e-06 	 580
11.750000 	 -1.815081e-05 1.036945e-05 -1.876902e-05 	 6.543051e-06 1.937821e-06 -5.606485e-06 	 -1.160776e-05 1.230727e-05 -2.437550e-05 	 34
12.250000 	 0.000000e+00 0.000000e+00 0.000000e+00 	 0.000000e+00 0.000000e+00 0.000000e+00 	 0.000000e+00 0.000000e+00 0.000000e+00 	 0
12.750000 	 0.000000e+00 0.000000e+00 0.000000e+00 	 0.000000e+00 0.000000e+00 0.000000e+00 	 0.000000e+00 0.000000e+00 0.000000e+00 	 0
13.250000 	 0.000000e+00 0.000000e+00 0.000000e+00 	 0.000000e+00 0.000000e+00 0.000000e+00 	 0.000000e+00 0.000000e+00 0.000000e+00 	 0
13.750000 	 0.000000e+00 0.000000e+00 0.000000e+00 	 0.000000e+00 0.000000e+00 0.000000e+00 	 0.000000e+00 0.000000e+00 0.000000e+00 	 0
14.250000 	 0.000000e+00 0.000000e+00 0.000000e+00 	 0.000000e+00 0.000000e+00 0.000000e+00 	 0.000000e+00 0.000000e+00 0.000000e+00 	 0
14.750000 	 0.000000e+00 0.000000e+00 0.000000e+00 	 0.000000e+00 0.000000e+00 0.000000e+00 	 0.000000e+00 0.000000e+00 0.000000e+00 	 0
