# 1  2-4    5-7    8-10   11     
# x  dirEF  recEF  sumEF  #Sample
0.250000 	 0.000000e+00 0.000000e+00 0.000000e+00 	 0.000000e+00 0.000000e+00 0.000000e+00 	 0.000000e+00 0.000000e+00 0.000000e+00 	 0
0.750000 	 0.000000e+00 0.000000e+00 0.000000e+00 	 -2.386405e-07 1.463006e-06 -1.621384e-06 	 -2.386405e-07 1.463006e-06 -1.621384e-06 	 1
1.250000 	 0.000000e+00 0.000000e+00 0.000000e+00 	 0.000000e+00 0.000000e+00 0.000000e+00 	 0.000000e+00 0.000000e+00 0.000000e+00 	 0
1.750000 	 0.000000e+00 0.000000e+00 0.000000e+00 	 0.000000e+00 0.000000e+00 0.000000e+00 	 0.000000e+00 0.000000e+00 0.000000e+00 	 0
2.250000 	 0.000000e+00 0.000000e+00 0.000000e+00 	 0.000000e+00 0.000000e+00 0.000000e+00 	 0.000000e+00 0.000000e+00 0.000000e+00 	 0
2.750000 	 0.000000e+00 0.000000e+00 0.000000e+00 	 0.000000e+00 0.000000e+00 0.000000e+00 	 0.000000e+00 0.000000e+00 0.000000e+00 	 0
3.250000 	 -1.632240e-05 -5.633396e-06 -1.719241e-05 	 -6.522529e-07 -6.312467e-06 6.108163e-06 	 -1.697466e-05 -1.194586e-05 -1.108425e-05 	 48
3.750000 	 1.912616e-06 1.457276e-06 -6.785988e-09 	 1.908721e-06 2.028167e-09 -9.384144e-07 	 3.821338e-06 1.459304e-06 -9.452004e-07 	 585
4.250000 	 1.470892e-05 2.773453e-06 -2.512441e-06 	 2.081710e-06 -4.691554e-07 1.962291e-06 	 1.679063e-05 2.304298e-06 -5.501496e-07 	 940
4.750000 	 2.361744e-05 -6.533873e-06 4.083721e-06 	 -5.479691e-06 -2.677331e-06 -2.795896e-06 	 1.813775e-05 -9.211204e-06 1.287825e-06 	 916
5.250000 	 2.970794e-05 -3.599275e-06 7.149583e-07 	 4.848389e-06 -5.274358e-07 -1.463462e-06 	 3.455633e-05 -4.126711e-06 -7.485037e-07 	 878
5.750000 	 -1.079356e-05 2.875145e-06 -3.568907e-06 	 -2.360030e-08 -3.195987e-06 1.919846e-06 	 -1.081716e-05 -3.208418e-07 -1.649060e-06 	 883
6.250000 	 -1.813592e-05 -7.563082e-06 2.083151e-06 	 -2.687014e-06 -3.500024e-07 -3.270012e-06 	 -2.082293e-05 -7.913085e-06 -1.186861e-06 	 847
6.750000 	 -1.434494e-05 4.598878e-06 -4.218729e-06 	 -3.996147e-06 -4.500868e-07 5.067832e-07 	 -1.834109e-05 4.148792e-06 -3.711946e-06 	 899
7.250000 	 -9.616274e-06 -3.791926e-07 8.939339e-06 	 6.610998e-06 2.441196e-06 -5.928506e-07 	 -3.005276e-06 2.062003e-06 8.346489e-06 	 925
7.750000 	 3.476296e-06 1.191474e-06 5.554487e-06 	 -6.978896e-06 -4.009781e-07 -6.027552e-07 	 -3.502600e-06 7.904955e-07 4.951732e-06 	 912
8.250000 	 2.005498e-05 -4.057505e-06 -7.786517e-06 	 3.669940e-06 4.231972e-06 -6.904456e-07 	 2.372492e-05 1.744671e-07 -8.476962e-06 	 902
8.750000 	 3.411612e-06 -2.794996e-06 9.668096e-09 	 -2.913303e-06 1.862825e-06 1.086842e-06 	 4.983095e-07 -9.321707e-07 1.096510e-06 	 916
9.250000 	 9.896972e-06 2.760111e-06 1.041977e-06 	 3.730028e-06 4.253672e-07 3.043731e-07 	 1.362700e-05 3.185478e-06 1.346351e-06 	 890
9.750000 	 9.957778e-06 7.873990e-07 -2.286095e-06 	 -2.142488e-06 -1.985773e-06 1.693597e-06 	 7.815291e-06 -1.198374e-06 -5.924987e-07 	 878
10.250000 	 4.216957e-07 2.437197e-06 -3.850972e-06 	 1.241829e-06 4.226850e-08 -7.676609e-08 	 1.663525e-06 2.479465e-06 -3.927739e-06 	 873
10.750000 	 -1.450452e-05 -2.659077e-06 -4.758771e-06 	 -2.699470e-06 7.437663e-07 -2.345525e-07 	 -1.720399e-05 -1.915311e-06 -4.993323e-06 	 944
11.250000 	 -2.265704e-06 6.186903e-06 2.834266e-06 	 8.607218e-06 -1.163490e-06 -1.164026e-06 	 6.341514e-06 5.023413e-06 1.670240e-06 	 541
11.750000 	 2.411043e-06 -8.348672e-06 -1.907054e-05 	 -8.863508e-06 3.859401e-06 -2.131487e-07 	 -6.452465e-06 -4.489271e-06 -1.928369e-05 	 44
12.250000 	 0.000000e+00 0.000000e+00 0.000000e+00 	 0.000000e+00 0.000000e+00 0.000000e+00 	 0.000000e+00 0.000000e+00 0.000000e+00 	 0
12.750000 	 0.000000e+00 0.000000e+00 0.000000e+00 	 0.000000e+00 0.000000e+00 0.000000e+00 	 0.000000e+00 0.000000e+00 0.000000e+00 	 0
13.250000 	 1.323516e-05 -4.932733e-07 -2.857177e-06 	 1.140743e-06 6.673604e-07 -1.501009e-06 	 1.437590e-05 1.740871e-07 -4.358186e-06 	 1
13.750000 	 0.000000e+00 0.000000e+00 0.000000e+00 	 0.000000e+00 0.000000e+00 0.000000e+00 	 0.000000e+00 0.000000e+00 0.000000e+00 	 0
14.250000 	 -3.967598e-12 3.689832e-12 4.207643e-12 	 8.490901e-07 -1.614975e-06 1.567157e-06 	 8.490861e-07 -1.614971e-06 1.567161e-06 	 1
14.750000 	 0.000000e+00 0.000000e+00 0.000000e+00 	 0.000000e+00 0.000000e+00 0.000000e+00 	 0.000000e+00 0.000000e+00 0.000000e+00 	 0
