# 1  2-4    5-7    8-10   11     
# x  dirEF  recEF  sumEF  #Sample
0.250000 	 0.000000e+00 0.000000e+00 0.000000e+00 	 0.000000e+00 0.000000e+00 0.000000e+00 	 0.000000e+00 0.000000e+00 0.000000e+00 	 0
0.750000 	 0.000000e+00 0.000000e+00 0.000000e+00 	 0.000000e+00 0.000000e+00 0.000000e+00 	 0.000000e+00 0.000000e+00 0.000000e+00 	 0
1.250000 	 0.000000e+00 0.000000e+00 0.000000e+00 	 0.000000e+00 0.000000e+00 0.000000e+00 	 0.000000e+00 0.000000e+00 0.000000e+00 	 0
1.750000 	 0.000000e+00 0.000000e+00 0.000000e+00 	 0.000000e+00 0.000000e+00 0.000000e+00 	 0.000000e+00 0.000000e+00 0.000000e+00 	 0
2.250000 	 1.228208e-06 4.340982e-07 2.454799e-07 	 -3.507337e-07 1.111441e-06 4.859144e-08 	 8.774745e-07 1.545539e-06 2.940714e-07 	 1
2.750000 	 0.000000e+00 0.000000e+00 0.000000e+00 	 0.000000e+00 0.000000e+00 0.000000e+00 	 0.000000e+00 0.000000e+00 0.000000e+00 	 0
3.250000 	 -2.794452e-05 1.512745e-05 -6.428282e-06 	 8.968975e-07 -2.483327e-06 2.840171e-06 	 -2.704762e-05 1.264413e-05 -3.588111e-06 	 36
3.750000 	 -2.471463e-05 -6.569462e-06 -3.067491e-08 	 2.096768e-06 9.523238e-06 4.042851e-06 	 -2.261786e-05 2.953776e-06 4.012176e-06 	 600
4.250000 	 3.576203e-07 5.904271e-07 -9.024400e-07 	 4.309227e-06 3.700834e-06 -7.080917e-07 	 4.666848e-06 4.291262e-06 -1.610532e-06 	 931
4.750000 	 2.217237e-05 -2.955220e-06 -6.699267e-06 	 -1.116645e-05 3.135461e-06 3.422359e-06 	 1.100592e-05 1.802407e-07 -3.276908e-06 	 968
5.250000 	 2.421136e-05 5.361204e-06 1.894007e-06 	 8.114077e-06 1.532629e-06 -7.623554e-07 	 3.232544e-05 6.893833e-06 1.131651e-06 	 912
5.750000 	 1.808406e-05 -5.370664e-06 4.878011e-07 	 -8.204467e-07 -2.109844e-06 -4.838744e-06 	 1.726361e-05 -7.480508e-06 -4.350943e-06 	 934
6.250000 	 8.797527e-06 5.781384e-07 7.882211e-06 	 -1.259910e-05 9.757026e-06 3.755813e-06 	 -3.801577e-06 1.033516e-05 1.163802e-05 	 852
6.750000 	 7.537150e-06 4.589095e-07 4.844235e-06 	 3.894043e-06 -5.242558e-06 -3.676963e-06 	 1.143119e-05 -4.783649e-06 1.167272e-06 	 885
7.250000 	 8.130593e-06 1.970547e-07 -2.983029e-06 	 6.105869e-06 6.700359e-06 1.218830e-06 	 1.423646e-05 6.897414e-06 -1.764199e-06 	 901
7.750000 	 9.271903e-06 -1.148721e-06 -1.795108e-06 	 -1.004707e-06 3.863344e-08 -4.594241e-06 	 8.267196e-06 -1.110088e-06 -6.389349e-06 	 866
8.250000 	 -4.421825e-06 4.603878e-07 4.172381e-06 	 1.224079e-06 -3.352328e-06 -6.667211e-06 	 -3.197746e-06 -2.891940e-06 -2.494830e-06 	 846
8.750000 	 -1.055015e-05 -3.764343e-07 4.820552e-06 	 7.298851e-06 -3.524032e-06 1.454135e-05 	 -3.251304e-06 -3.900466e-06 1.936191e-05 	 899
9.250000 	 -6.672238e-06 2.881732e-06 -3.602428e-06 	 2.676196e-06 -1.275465e-05 -1.003636e-05 	 -3.996042e-06 -9.872913e-06 -1.363879e-05 	 909
9.750000 	 -1.841915e-06 -4.723792e-06 -3.005493e-06 	 2.790828e-06 -6.579084e-07 -4.577320e-06 	 9.489129e-07 -5.381701e-06 -7.582814e-06 	 868
10.250000 	 -2.630723e-06 1.266742e-06 2.247446e-06 	 -4.810802e-06 3.909204e-06 1.530430e-06 	 -7.441526e-06 5.175946e-06 3.777876e-06 	 906
10.750000 	 -2.933093e-06 2.285122e-06 -6.301227e-06 	 2.562327e-06 -4.401114e-06 -4.061250e-07 	 -3.707659e-07 -2.115992e-06 -6.707352e-06 	 911
11.250000 	 -6.185020e-06 -2.035525e-06 -2.614787e-06 	 5.491157e-07 2.027397e-06 3.260595e-06 	 -5.635904e-06 -8.128299e-09 6.458084e-07 	 560
11.750000 	 -5.624102e-06 1.492979e-05 1.313358e-05 	 -1.461832e-07 -1.428156e-06 -1.559039e-05 	 -5.770285e-06 1.350164e-05 -2.456809e-06 	 37
12.250000 	 0.000000e+00 0.000000e+00 0.000000e+00 	 0.000000e+00 0.000000e+00 0.000000e+00 	 0.000000e+00 0.000000e+00 0.000000e+00 	 0
12.750000 	 0.000000e+00 0.000000e+00 0.000000e+00 	 0.000000e+00 0.000000e+00 0.000000e+00 	 0.000000e+00 0.000000e+00 0.000000e+00 	 0
13.250000 	 0.000000e+00 0.000000e+00 0.000000e+00 	 0.000000e+00 0.000000e+00 0.000000e+00 	 0.000000e+00 0.000000e+00 0.000000e+00 	 0
13.750000 	 0.000000e+00 0.000000e+00 0.000000e+00 	 0.000000e+00 0.000000e+00 0.000000e+00 	 0.000000e+00 0.000000e+00 0.000000e+00 	 0
14.250000 	 0.000000e+00 0.000000e+00 0.000000e+00 	 5.694935e-08 -2.789244e-08 3.883747e-08 	 5.694935e-08 -2.789244e-08 3.883747e-08 	 1
14.750000 	 -1.490526e-10 -2.700876e-10 -1.322887e-10 	 3.707987e-08 -4.580488e-08 3.900925e-08 	 3.693082e-08 -4.607496e-08 3.887696e-08 	 1
