# 1  2-4    5-7    8-10   11     
# x  dirEF  recEF  sumEF  #Sample
0.250000 	 0.000000e+00 0.000000e+00 0.000000e+00 	 0.000000e+00 0.000000e+00 0.000000e+00 	 0.000000e+00 0.000000e+00 0.000000e+00 	 0
0.750000 	 0.000000e+00 0.000000e+00 0.000000e+00 	 0.000000e+00 0.000000e+00 0.000000e+00 	 0.000000e+00 0.000000e+00 0.000000e+00 	 0
1.250000 	 0.000000e+00 0.000000e+00 0.000000e+00 	 0.000000e+00 0.000000e+00 0.000000e+00 	 0.000000e+00 0.000000e+00 0.000000e+00 	 0
1.750000 	 2.086964e-08 -4.550425e-09 -1.435997e-08 	 -9.258780e-07 -1.209353e-06 -1.296835e-06 	 -9.050084e-07 -1.213904e-06 -1.311195e-06 	 1
2.250000 	 0.000000e+00 0.000000e+00 0.000000e+00 	 0.000000e+00 0.000000e+00 0.000000e+00 	 0.000000e+00 0.000000e+00 0.000000e+00 	 0
2.750000 	 0.000000e+00 0.000000e+00 0.000000e+00 	 0.000000e+00 0.000000e+00 0.000000e+00 	 0.000000e+00 0.000000e+00 0.000000e+00 	 0
3.250000 	 -2.169038e-06 1.815938e-05 9.447224e-06 	 1.154408e-05 1.839728e-06 -6.759674e-07 	 9.375039e-06 1.999910e-05 8.771257e-06 	 32
3.750000 	 6.258074e-06 -6.072118e-06 1.578821e-06 	 -6.324120e-06 -1.305253e-06 3.807260e-06 	 -6.604634e-08 -7.377371e-06 5.386080e-06 	 538
4.250000 	 -3.464729e-06 2.953938e-06 9.991893e-07 	 -2.171110e-06 8.077593e-07 -1.252134e-06 	 -5.635838e-06 3.761697e-06 -2.529450e-07 	 895
4.750000 	 -1.555187e-05 -2.293418e-06 -2.841579e-06 	 1.867247e-06 -6.242474e-07 -3.231219e-08 	 -1.368462e-05 -2.917665e-06 -2.873891e-06 	 869
5.250000 	 -1.272695e-05 1.642874e-06 7.022724e-06 	 -2.364226e-06 3.840216e-07 7.094927e-07 	 -1.509118e-05 2.026896e-06 7.732217e-06 	 915
5.750000 	 -6.640292e-06 1.704241e-06 -5.018387e-06 	 1.862509e-06 -2.871852e-06 9.433439e-07 	 -4.777783e-06 -1.167611e-06 -4.075043e-06 	 862
6.250000 	 3.795378e-06 -2.026626e-06 2.697478e-06 	 5.083544e-06 -1.683477e-06 2.596671e-06 	 8.878923e-06 -3.710104e-06 5.294149e-06 	 1008
6.750000 	 -6.419983e-06 3.512522e-07 -7.980219e-06 	 -5.133158e-06 -2.717449e-06 -8.085539e-07 	 -1.155314e-05 -2.366197e-06 -8.788773e-06 	 898
7.250000 	 -2.541067e-06 1.793538e-06 1.848108e-06 	 4.479931e-06 2.102364e-06 -2.062825e-06 	 1.938863e-06 3.895902e-06 -2.147174e-07 	 872
7.750000 	 -1.492094e-05 -1.988564e-06 1.503816e-06 	 -5.082458e-06 -1.960867e-07 1.281643e-06 	 -2.000340e-05 -2.184651e-06 2.785458e-06 	 903
8.250000 	 -8.681197e-06 -1.570045e-06 3.019080e-06 	 4.531208e-06 -5.217761e-07 9.178605e-07 	 -4.149989e-06 -2.091821e-06 3.936941e-06 	 930
8.750000 	 2.281373e-05 -5.586766e-07 1.635197e-08 	 -1.246143e-06 1.631854e-06 -7.732175e-07 	 2.156758e-05 1.073177e-06 -7.568655e-07 	 929
9.250000 	 3.365396e-05 7.353520e-07 -3.138865e-06 	 -2.492876e-06 -1.030322e-06 -7.297268e-07 	 3.116108e-05 -2.949699e-07 -3.868592e-06 	 919
9.750000 	 2.893069e-05 -1.787677e-06 1.504238e-06 	 5.788060e-06 1.202858e-07 -1.683710e-06 	 3.471875e-05 -1.667391e-06 -1.794714e-07 	 876
10.250000 	 1.812514e-05 -3.040456e-07 3.988815e-06 	 -4.455966e-06 -6.674786e-07 -9.342696e-07 	 1.366918e-05 -9.715242e-07 3.054546e-06 	 913
10.750000 	 -1.365210e-05 8.026898e-07 -2.313246e-06 	 2.826254e-06 -3.898046e-07 3.531369e-09 	 -1.082584e-05 4.128852e-07 -2.309715e-06 	 886
11.250000 	 -2.627010e-05 -5.915611e-07 -3.028463e-06 	 -3.067637e-07 -2.558584e-06 1.677745e-07 	 -2.657687e-05 -3.150145e-06 -2.860688e-06 	 533
11.750000 	 -1.446085e-05 1.116925e-05 -1.310384e-05 	 -2.700267e-06 2.897886e-07 2.638850e-08 	 -1.716112e-05 1.145904e-05 -1.307746e-05 	 44
12.250000 	 6.008089e-06 -3.905007e-05 -2.387153e-05 	 9.827610e-07 1.070559e-06 -2.541735e-06 	 6.990850e-06 -3.797952e-05 -2.641326e-05 	 1
12.750000 	 0.000000e+00 0.000000e+00 0.000000e+00 	 0.000000e+00 0.000000e+00 0.000000e+00 	 0.000000e+00 0.000000e+00 0.000000e+00 	 0
13.250000 	 0.000000e+00 0.000000e+00 0.000000e+00 	 0.000000e+00 0.000000e+00 0.000000e+00 	 0.000000e+00 0.000000e+00 0.000000e+00 	 0
13.750000 	 0.000000e+00 0.000000e+00 0.000000e+00 	 0.000000e+00 0.000000e+00 0.000000e+00 	 0.000000e+00 0.000000e+00 0.000000e+00 	 0
14.250000 	 0.000000e+00 0.000000e+00 0.000000e+00 	 0.000000e+00 0.000000e+00 0.000000e+00 	 0.000000e+00 0.000000e+00 0.000000e+00 	 0
14.750000 	 0.000000e+00 0.000000e+00 0.000000e+00 	 0.000000e+00 0.000000e+00 0.000000e+00 	 0.000000e+00 0.000000e+00 0.000000e+00 	 0
