# 1  2-4    5-7    8-10   11     
# x  dirEF  recEF  sumEF  #Sample
0.250000 	 0.000000e+00 0.000000e+00 0.000000e+00 	 0.000000e+00 0.000000e+00 0.000000e+00 	 0.000000e+00 0.000000e+00 0.000000e+00 	 0
0.750000 	 0.000000e+00 0.000000e+00 0.000000e+00 	 0.000000e+00 0.000000e+00 0.000000e+00 	 0.000000e+00 0.000000e+00 0.000000e+00 	 0
1.250000 	 1.257019e-07 -9.767606e-08 1.328326e-08 	 6.374077e-09 -1.306899e-09 2.573323e-09 	 1.320760e-07 -9.898296e-08 1.585659e-08 	 1
1.750000 	 0.000000e+00 0.000000e+00 0.000000e+00 	 0.000000e+00 0.000000e+00 0.000000e+00 	 0.000000e+00 0.000000e+00 0.000000e+00 	 0
2.250000 	 0.000000e+00 0.000000e+00 0.000000e+00 	 0.000000e+00 0.000000e+00 0.000000e+00 	 0.000000e+00 0.000000e+00 0.000000e+00 	 0
2.750000 	 0.000000e+00 0.000000e+00 0.000000e+00 	 0.000000e+00 0.000000e+00 0.000000e+00 	 0.000000e+00 0.000000e+00 0.000000e+00 	 0
3.250000 	 1.954860e-05 4.199716e-06 1.389360e-05 	 3.401788e-06 -2.633489e-06 -4.678231e-06 	 2.295039e-05 1.566227e-06 9.215372e-06 	 42
3.750000 	 7.411897e-06 -1.190807e-06 -3.522075e-06 	 -8.227160e-07 -1.713665e-06 -2.119672e-06 	 6.589181e-06 -2.904472e-06 -5.641748e-06 	 570
4.250000 	 1.499968e-05 1.485622e-08 1.686909e-06 	 1.981981e-06 1.391987e-07 -2.007764e-07 	 1.698166e-05 1.540549e-07 1.486133e-06 	 879
4.750000 	 -2.146889e-06 -4.179307e-06 9.177191e-07 	 -1.571300e-06 2.655784e-06 -3.106895e-07 	 -3.718188e-06 -1.523523e-06 6.070296e-07 	 864
5.250000 	 -1.561266e-05 -4.808218e-06 8.378350e-06 	 1.317242e-06 -2.141364e-06 4.327218e-07 	 -1.429542e-05 -6.949582e-06 8.811072e-06 	 878
5.750000 	 -9.748796e-06 3.695218e-06 -2.856287e-06 	 -2.061224e-06 8.520694e-07 -1.906666e-06 	 -1.181002e-05 4.547287e-06 -4.762953e-06 	 921
6.250000 	 -2.067594e-05 -3.805666e-06 -3.012981e-07 	 -5.126084e-06 -3.159818e-06 1.036391e-06 	 -2.580202e-05 -6.965484e-06 7.350927e-07 	 914
6.750000 	 -1.383220e-05 -2.464170e-07 -3.553235e-07 	 8.673227e-06 2.274244e-06 -2.798828e-07 	 -5.158976e-06 2.027827e-06 -6.352063e-07 	 886
7.250000 	 9.806083e-06 7.528931e-06 3.533921e-08 	 -6.782701e-06 -6.383878e-07 -8.029328e-07 	 3.023383e-06 6.890543e-06 -7.675936e-07 	 947
7.750000 	 3.810293e-06 -4.419450e-06 1.208121e-06 	 4.203536e-06 2.369856e-06 -3.477887e-07 	 8.013829e-06 -2.049594e-06 8.603327e-07 	 929
8.250000 	 6.168286e-06 -3.125268e-06 -1.160960e-06 	 6.619386e-06 -4.989756e-07 4.772421e-10 	 1.278767e-05 -3.624244e-06 -1.160483e-06 	 893
8.750000 	 8.600887e-06 -2.265525e-06 -4.082414e-07 	 -7.037326e-06 1.861470e-06 1.214350e-06 	 1.563561e-06 -4.040552e-07 8.061085e-07 	 941
9.250000 	 3.763612e-07 5.960975e-06 3.738625e-06 	 4.436927e-06 -7.897987e-08 8.775704e-07 	 4.813288e-06 5.881995e-06 4.616195e-06 	 921
9.750000 	 1.125563e-06 -3.916001e-06 -4.261863e-06 	 5.093427e-07 -3.793402e-07 1.096358e-06 	 1.634906e-06 -4.295341e-06 -3.165505e-06 	 944
10.250000 	 1.102972e-05 1.212473e-06 -2.244456e-06 	 3.217340e-06 6.217098e-07 2.129105e-06 	 1.424705e-05 1.834183e-06 -1.153511e-07 	 864
10.750000 	 4.363270e-06 2.375571e-06 1.028688e-06 	 -1.621622e-06 -2.687415e-06 -1.006242e-08 	 2.741648e-06 -3.118448e-07 1.018626e-06 	 889
11.250000 	 8.579126e-07 3.614239e-06 6.223399e-06 	 -9.004704e-07 3.612397e-06 1.259795e-06 	 -4.255781e-08 7.226635e-06 7.483194e-06 	 498
11.750000 	 -1.506990e-05 -7.226008e-06 4.268268e-06 	 -3.653090e-06 -2.564767e-06 -4.160059e-06 	 -1.872299e-05 -9.790775e-06 1.082090e-07 	 42
12.250000 	 0.000000e+00 0.000000e+00 0.000000e+00 	 0.000000e+00 0.000000e+00 0.000000e+00 	 0.000000e+00 0.000000e+00 0.000000e+00 	 0
12.750000 	 0.000000e+00 0.000000e+00 0.000000e+00 	 0.000000e+00 0.000000e+00 0.000000e+00 	 0.000000e+00 0.000000e+00 0.000000e+00 	 0
13.250000 	 0.000000e+00 0.000000e+00 0.000000e+00 	 0.000000e+00 0.000000e+00 0.000000e+00 	 0.000000e+00 0.000000e+00 0.000000e+00 	 0
13.750000 	 0.000000e+00 0.000000e+00 0.000000e+00 	 0.000000e+00 0.000000e+00 0.000000e+00 	 0.000000e+00 0.000000e+00 0.000000e+00 	 0
14.250000 	 0.000000e+00 0.000000e+00 0.000000e+00 	 0.000000e+00 0.000000e+00 0.000000e+00 	 0.000000e+00 0.000000e+00 0.000000e+00 	 0
14.750000 	 0.000000e+00 0.000000e+00 0.000000e+00 	 -1.315715e-10 3.217235e-10 -1.095982e-11 	 -1.315715e-10 3.217235e-10 -1.095982e-11 	 1
