# 1  2-4    5-7    8-10   11     
# x  dirEF  recEF  sumEF  #Sample
0.250000 	 1.226631e-08 5.024854e-09 4.424871e-09 	 1.191953e-06 1.098085e-07 4.028421e-07 	 1.204220e-06 1.148333e-07 4.072670e-07 	 1
0.750000 	 0.000000e+00 0.000000e+00 0.000000e+00 	 0.000000e+00 0.000000e+00 0.000000e+00 	 0.000000e+00 0.000000e+00 0.000000e+00 	 0
1.250000 	 -3.808177e-11 6.181099e-12 -3.131929e-11 	 -1.515348e-06 -1.586851e-06 -2.747748e-07 	 -1.515386e-06 -1.586844e-06 -2.748061e-07 	 1
1.750000 	 0.000000e+00 0.000000e+00 0.000000e+00 	 0.000000e+00 0.000000e+00 0.000000e+00 	 0.000000e+00 0.000000e+00 0.000000e+00 	 0
2.250000 	 2.696225e-05 2.329875e-06 8.545743e-06 	 1.328656e-06 1.692634e-06 -1.709374e-06 	 2.829091e-05 4.022508e-06 6.836368e-06 	 1
2.750000 	 0.000000e+00 0.000000e+00 0.000000e+00 	 0.000000e+00 0.000000e+00 0.000000e+00 	 0.000000e+00 0.000000e+00 0.000000e+00 	 0
3.250000 	 -2.307354e-05 8.289972e-06 -1.296730e-05 	 1.998947e-06 4.695126e-06 -1.665441e-06 	 -2.107460e-05 1.298510e-05 -1.463274e-05 	 39
3.750000 	 -9.422702e-06 -3.243713e-06 -7.627907e-07 	 2.602146e-06 -1.869921e-06 -9.894277e-07 	 -6.820556e-06 -5.113634e-06 -1.752218e-06 	 551
4.250000 	 -1.125554e-05 -1.460073e-06 2.728344e-06 	 8.258850e-07 6.232438e-07 1.626216e-06 	 -1.042966e-05 -8.368289e-07 4.354560e-06 	 917
4.750000 	 -1.296736e-05 3.495832e-06 -1.459371e-06 	 -1.113204e-06 1.837010e-06 1.199196e-06 	 -1.408057e-05 5.332842e-06 -2.601747e-07 	 933
5.250000 	 3.923422e-06 7.385797e-07 -5.849187e-07 	 -4.824046e-06 1.813527e-07 -2.789310e-07 	 -9.006237e-07 9.199323e-07 -8.638496e-07 	 878
5.750000 	 1.618940e-05 -1.903893e-06 5.493292e-06 	 9.540468e-06 3.264097e-06 6.138717e-07 	 2.572987e-05 1.360204e-06 6.107164e-06 	 948
6.250000 	 1.492708e-05 7.548203e-06 -1.346643e-07 	 -6.740112e-07 -2.151830e-06 -2.333326e-07 	 1.425307e-05 5.396373e-06 -3.679968e-07 	 911
6.750000 	 2.339985e-06 -7.468568e-09 -2.804733e-06 	 -2.884753e-06 -1.232045e-06 -1.875544e-08 	 -5.447683e-07 -1.239514e-06 -2.823489e-06 	 890
7.250000 	 -8.347808e-07 3.155143e-06 2.018714e-06 	 7.352996e-07 2.357700e-06 -2.075887e-06 	 -9.948120e-08 5.512842e-06 -5.717353e-08 	 908
7.750000 	 1.852918e-05 1.343888e-06 -6.938296e-06 	 -3.102036e-06 -1.379908e-06 8.901749e-08 	 1.542714e-05 -3.601949e-08 -6.849279e-06 	 936
8.250000 	 1.652500e-05 1.248992e-06 -5.683960e-06 	 3.188896e-06 -1.212789e-06 3.723994e-07 	 1.971389e-05 3.620271e-08 -5.311561e-06 	 894
8.750000 	 3.794221e-06 1.713630e-06 4.955461e-06 	 5.998726e-07 4.059262e-07 1.939151e-06 	 4.394093e-06 2.119556e-06 6.894612e-06 	 826
9.250000 	 -2.586211e-06 -6.963320e-06 2.515185e-06 	 1.309849e-06 4.878870e-07 -1.118348e-06 	 -1.276362e-06 -6.475433e-06 1.396837e-06 	 897
9.750000 	 -1.523567e-05 3.056213e-06 -5.845578e-06 	 -4.500078e-06 -3.173275e-07 -2.071938e-06 	 -1.973575e-05 2.738886e-06 -7.917516e-06 	 929
10.250000 	 3.036728e-06 1.796371e-06 1.550029e-06 	 2.263267e-06 5.855392e-09 -1.171826e-06 	 5.299995e-06 1.802227e-06 3.782022e-07 	 915
10.750000 	 8.239747e-06 -1.377132e-06 -5.515982e-07 	 -3.347396e-06 -1.102180e-06 2.541689e-06 	 4.892351e-06 -2.479313e-06 1.990091e-06 	 894
11.250000 	 -5.847027e-06 -3.008529e-06 -2.243198e-06 	 3.827796e-06 -1.010722e-06 -1.945580e-06 	 -2.019232e-06 -4.019251e-06 -4.188778e-06 	 519
11.750000 	 4.478103e-06 5.515954e-06 1.123496e-06 	 1.005914e-06 -1.408238e-06 4.968679e-06 	 5.484016e-06 4.107716e-06 6.092175e-06 	 35
12.250000 	 0.000000e+00 0.000000e+00 0.000000e+00 	 0.000000e+00 0.000000e+00 0.000000e+00 	 0.000000e+00 0.000000e+00 0.000000e+00 	 0
12.750000 	 0.000000e+00 0.000000e+00 0.000000e+00 	 0.000000e+00 0.000000e+00 0.000000e+00 	 0.000000e+00 0.000000e+00 0.000000e+00 	 0
13.250000 	 0.000000e+00 0.000000e+00 0.000000e+00 	 0.000000e+00 0.000000e+00 0.000000e+00 	 0.000000e+00 0.000000e+00 0.000000e+00 	 0
13.750000 	 1.099023e-12 2.091977e-12 1.095189e-12 	 -1.656169e-06 -1.485150e-06 9.062419e-07 	 -1.656168e-06 -1.485148e-06 9.062430e-07 	 1
14.250000 	 0.000000e+00 0.000000e+00 0.000000e+00 	 0.000000e+00 0.000000e+00 0.000000e+00 	 0.000000e+00 0.000000e+00 0.000000e+00 	 0
14.750000 	 0.000000e+00 0.000000e+00 0.000000e+00 	 0.000000e+00 0.000000e+00 0.000000e+00 	 0.000000e+00 0.000000e+00 0.000000e+00 	 0
