# 1  2-4    5-7    8-10   11     
# x  dirEF  recEF  sumEF  #Sample
0.250000 	 0.000000e+00 0.000000e+00 0.000000e+00 	 0.000000e+00 0.000000e+00 0.000000e+00 	 0.000000e+00 0.000000e+00 0.000000e+00 	 0
0.750000 	 0.000000e+00 0.000000e+00 0.000000e+00 	 0.000000e+00 0.000000e+00 0.000000e+00 	 0.000000e+00 0.000000e+00 0.000000e+00 	 0
1.250000 	 0.000000e+00 0.000000e+00 0.000000e+00 	 0.000000e+00 0.000000e+00 0.000000e+00 	 0.000000e+00 0.000000e+00 0.000000e+00 	 0
1.750000 	 5.967675e-08 1.425873e-07 5.914499e-07 	 -1.502750e-08 -5.290701e-08 -7.574910e-09 	 4.464925e-08 8.968031e-08 5.838750e-07 	 1
2.250000 	 0.000000e+00 0.000000e+00 0.000000e+00 	 0.000000e+00 0.000000e+00 0.000000e+00 	 0.000000e+00 0.000000e+00 0.000000e+00 	 0
2.750000 	 0.000000e+00 0.000000e+00 0.000000e+00 	 0.000000e+00 0.000000e+00 0.000000e+00 	 0.000000e+00 0.000000e+00 0.000000e+00 	 0
3.250000 	 -6.916495e-06 -1.764250e-05 -2.121058e-05 	 -5.372401e-06 -1.804098e-05 -6.460273e-06 	 -1.228890e-05 -3.568348e-05 -2.767085e-05 	 26
3.750000 	 1.460212e-05 -1.240700e-07 1.557812e-06 	 7.759738e-06 4.695209e-06 1.001338e-05 	 2.236186e-05 4.571139e-06 1.157119e-05 	 545
4.250000 	 2.236266e-06 1.786196e-06 -2.881585e-06 	 -4.037099e-07 -2.154754e-06 -4.512009e-06 	 1.832556e-06 -3.685582e-07 -7.393593e-06 	 886
4.750000 	 3.429395e-06 3.553122e-06 -1.298394e-08 	 -6.038572e-07 -1.771125e-06 1.419629e-05 	 2.825538e-06 1.781997e-06 1.418330e-05 	 898
5.250000 	 -7.880751e-06 1.903994e-06 1.094564e-06 	 -1.093222e-05 9.537785e-06 -2.386875e-06 	 -1.881297e-05 1.144178e-05 -1.292311e-06 	 905
5.750000 	 -3.144363e-06 -7.410311e-06 -4.419901e-07 	 -2.818394e-06 -1.110666e-05 -5.653625e-06 	 -5.962757e-06 -1.851697e-05 -6.095615e-06 	 895
6.250000 	 -7.217879e-06 -7.175362e-07 -7.842160e-07 	 2.286904e-06 -9.294379e-06 -1.983458e-06 	 -4.930975e-06 -1.001192e-05 -2.767674e-06 	 907
6.750000 	 -4.434333e-06 -8.658052e-07 -7.315024e-08 	 4.361822e-06 -1.101551e-05 -1.054136e-06 	 -7.251134e-08 -1.188132e-05 -1.127286e-06 	 921
7.250000 	 5.985932e-06 -3.512193e-06 -2.067997e-06 	 9.038790e-06 -1.579322e-06 -4.923129e-06 	 1.502472e-05 -5.091515e-06 -6.991126e-06 	 896
7.750000 	 -5.354042e-07 4.391628e-06 5.111490e-06 	 4.924471e-07 2.991040e-06 -4.157414e-07 	 -4.295707e-08 7.382668e-06 4.695749e-06 	 910
8.250000 	 -5.013231e-06 -4.326913e-06 -2.266271e-06 	 -1.083092e-05 1.491288e-06 7.605153e-06 	 -1.584415e-05 -2.835625e-06 5.338882e-06 	 915
8.750000 	 -2.729323e-06 -2.124954e-06 -1.956051e-07 	 -1.593740e-06 2.868449e-06 1.414661e-06 	 -4.323063e-06 7.434956e-07 1.219056e-06 	 896
9.250000 	 5.082249e-06 -6.749538e-06 3.547352e-06 	 -4.154560e-07 1.446611e-06 -1.090138e-05 	 4.666793e-06 -5.302926e-06 -7.354027e-06 	 896
9.750000 	 -2.629973e-06 -2.247031e-06 2.262631e-06 	 -3.678739e-06 -1.734459e-06 -1.617762e-06 	 -6.308712e-06 -3.981490e-06 6.448692e-07 	 910
10.250000 	 1.180945e-06 1.022337e-06 -4.100504e-06 	 -1.106939e-06 -5.019262e-07 -4.182860e-06 	 7.400671e-08 5.204111e-07 -8.283364e-06 	 904
10.750000 	 4.740960e-06 -1.234931e-06 2.622866e-06 	 -2.283247e-06 3.939678e-06 6.458494e-07 	 2.457712e-06 2.704747e-06 3.268716e-06 	 908
11.250000 	 2.672210e-06 3.734389e-07 -2.266097e-06 	 8.338378e-06 1.639843e-07 -1.278724e-06 	 1.101059e-05 5.374232e-07 -3.544821e-06 	 565
11.750000 	 7.312667e-06 -7.700870e-06 -4.302220e-06 	 -6.129098e-06 3.710745e-06 2.124654e-06 	 1.183569e-06 -3.990125e-06 -2.177566e-06 	 39
12.250000 	 0.000000e+00 0.000000e+00 0.000000e+00 	 0.000000e+00 0.000000e+00 0.000000e+00 	 0.000000e+00 0.000000e+00 0.000000e+00 	 0
12.750000 	 0.000000e+00 0.000000e+00 0.000000e+00 	 0.000000e+00 0.000000e+00 0.000000e+00 	 0.000000e+00 0.000000e+00 0.000000e+00 	 0
13.250000 	 0.000000e+00 0.000000e+00 0.000000e+00 	 0.000000e+00 0.000000e+00 0.000000e+00 	 0.000000e+00 0.000000e+00 0.000000e+00 	 0
13.750000 	 0.000000e+00 0.000000e+00 0.000000e+00 	 -8.169923e-09 1.219633e-08 2.536597e-08 	 -8.169923e-09 1.219633e-08 2.536597e-08 	 1
14.250000 	 0.000000e+00 0.000000e+00 0.000000e+00 	 0.000000e+00 0.000000e+00 0.000000e+00 	 0.000000e+00 0.000000e+00 0.000000e+00 	 0
14.750000 	 0.000000e+00 0.000000e+00 0.000000e+00 	 0.000000e+00 0.000000e+00 0.000000e+00 	 0.000000e+00 0.000000e+00 0.000000e+00 	 0
