# 1  2-4    5-7    8-10   11     
# x  dirEF  recEF  sumEF  #Sample
0.250000 	 0.000000e+00 0.000000e+00 0.000000e+00 	 0.000000e+00 0.000000e+00 0.000000e+00 	 0.000000e+00 0.000000e+00 0.000000e+00 	 0
0.750000 	 0.000000e+00 0.000000e+00 0.000000e+00 	 0.000000e+00 0.000000e+00 0.000000e+00 	 0.000000e+00 0.000000e+00 0.000000e+00 	 0
1.250000 	 0.000000e+00 0.000000e+00 0.000000e+00 	 0.000000e+00 0.000000e+00 0.000000e+00 	 0.000000e+00 0.000000e+00 0.000000e+00 	 0
1.750000 	 5.018407e-11 -2.083543e-12 1.444541e-12 	 -5.893357e-10 3.421647e-09 1.804631e-09 	 -5.391518e-10 3.419563e-09 1.806076e-09 	 1
2.250000 	 0.000000e+00 0.000000e+00 0.000000e+00 	 0.000000e+00 0.000000e+00 0.000000e+00 	 0.000000e+00 0.000000e+00 0.000000e+00 	 0
2.750000 	 0.000000e+00 0.000000e+00 0.000000e+00 	 0.000000e+00 0.000000e+00 0.000000e+00 	 0.000000e+00 0.000000e+00 0.000000e+00 	 0
3.250000 	 -1.727823e-05 1.108076e-05 1.444879e-05 	 -4.583993e-06 -2.383832e-07 -5.564394e-06 	 -2.186222e-05 1.084237e-05 8.884397e-06 	 39
3.750000 	 -1.411066e-05 -2.909623e-06 -1.292034e-06 	 1.526505e-06 -2.610853e-06 1.883701e-08 	 -1.258415e-05 -5.520476e-06 -1.273197e-06 	 570
4.250000 	 -9.241225e-06 7.580176e-06 -4.966774e-06 	 7.544073e-07 8.508375e-07 -1.553152e-06 	 -8.486818e-06 8.431014e-06 -6.519926e-06 	 898
4.750000 	 1.375679e-06 -4.056439e-06 2.380039e-06 	 1.946249e-06 -2.343999e-07 4.737830e-07 	 3.321928e-06 -4.290839e-06 2.853822e-06 	 939
5.250000 	 1.202827e-05 -5.771738e-06 -8.663502e-06 	 -1.177111e-07 -2.098537e-06 -5.019805e-07 	 1.191056e-05 -7.870275e-06 -9.165483e-06 	 929
5.750000 	 1.869550e-05 2.564332e-06 4.084933e-06 	 3.167374e-07 -8.098468e-07 -5.576235e-07 	 1.901224e-05 1.754485e-06 3.527309e-06 	 900
6.250000 	 5.927218e-06 -4.223804e-06 5.518298e-06 	 4.962742e-06 -3.267041e-08 -1.205774e-06 	 1.088996e-05 -4.256475e-06 4.312524e-06 	 899
6.750000 	 -5.135748e-06 -5.760897e-06 -8.241857e-06 	 -7.323569e-06 3.282901e-07 -3.151033e-06 	 -1.245932e-05 -5.432607e-06 -1.139289e-05 	 852
7.250000 	 4.999159e-07 -3.576194e-07 -3.363326e-06 	 3.740431e-06 -1.454065e-06 -5.874539e-07 	 4.240347e-06 -1.811685e-06 -3.950780e-06 	 917
7.750000 	 -1.496981e-06 -4.744633e-06 -1.098267e-07 	 1.093862e-06 1.538440e-06 -1.495896e-06 	 -4.031190e-07 -3.206194e-06 -1.605722e-06 	 930
8.250000 	 1.450463e-05 2.527254e-06 2.490691e-06 	 -2.176566e-07 4.506877e-07 4.436770e-06 	 1.428697e-05 2.977942e-06 6.927461e-06 	 888
8.750000 	 -7.177277e-06 -9.100906e-07 1.957495e-07 	 -2.946637e-06 -2.893294e-06 -3.471538e-06 	 -1.012391e-05 -3.803384e-06 -3.275788e-06 	 883
9.250000 	 3.878824e-08 -9.536973e-07 -3.111294e-06 	 2.898542e-06 3.462865e-06 -1.644645e-07 	 2.937330e-06 2.509168e-06 -3.275758e-06 	 911
9.750000 	 1.005227e-05 -1.958361e-06 -1.421869e-06 	 -2.570737e-07 7.430605e-07 2.211127e-06 	 9.795201e-06 -1.215301e-06 7.892576e-07 	 917
10.250000 	 3.915471e-06 -1.031434e-06 6.966642e-06 	 -4.095417e-06 3.265608e-06 1.063837e-06 	 -1.799452e-07 2.234174e-06 8.030479e-06 	 895
10.750000 	 5.852243e-07 6.728809e-07 2.744729e-06 	 -3.329841e-06 6.450503e-07 6.748906e-08 	 -2.744616e-06 1.317931e-06 2.812218e-06 	 879
11.250000 	 -1.056379e-05 -1.644042e-06 -4.444512e-06 	 3.378918e-06 -8.196299e-07 -2.113069e-06 	 -7.184869e-06 -2.463672e-06 -6.557581e-06 	 540
11.750000 	 -2.806863e-05 -2.012797e-05 4.632813e-06 	 -9.257876e-06 1.435536e-05 7.273676e-06 	 -3.732650e-05 -5.772611e-06 1.190649e-05 	 35
12.250000 	 0.000000e+00 0.000000e+00 0.000000e+00 	 0.000000e+00 0.000000e+00 0.000000e+00 	 0.000000e+00 0.000000e+00 0.000000e+00 	 0
12.750000 	 2.276200e-05 2.206711e-05 -1.954324e-06 	 -6.094766e-07 -1.440030e-07 8.195824e-08 	 2.215253e-05 2.192311e-05 -1.872365e-06 	 1
13.250000 	 0.000000e+00 0.000000e+00 0.000000e+00 	 0.000000e+00 0.000000e+00 0.000000e+00 	 0.000000e+00 0.000000e+00 0.000000e+00 	 0
13.750000 	 0.000000e+00 0.000000e+00 0.000000e+00 	 0.000000e+00 0.000000e+00 0.000000e+00 	 0.000000e+00 0.000000e+00 0.000000e+00 	 0
14.250000 	 0.000000e+00 0.000000e+00 0.000000e+00 	 0.000000e+00 0.000000e+00 0.000000e+00 	 0.000000e+00 0.000000e+00 0.000000e+00 	 0
14.750000 	 0.000000e+00 0.000000e+00 0.000000e+00 	 -2.628182e-10 -3.151668e-10 -1.687050e-11 	 -2.628182e-10 -3.151668e-10 -1.687050e-11 	 1
