# 1  2-4    5-7    8-10   11     
# x  dirEF  recEF  sumEF  #Sample
0.250000 	 0.000000e+00 0.000000e+00 0.000000e+00 	 0.000000e+00 0.000000e+00 0.000000e+00 	 0.000000e+00 0.000000e+00 0.000000e+00 	 0
0.750000 	 0.000000e+00 0.000000e+00 0.000000e+00 	 0.000000e+00 0.000000e+00 0.000000e+00 	 0.000000e+00 0.000000e+00 0.000000e+00 	 0
1.250000 	 0.000000e+00 0.000000e+00 0.000000e+00 	 0.000000e+00 0.000000e+00 0.000000e+00 	 0.000000e+00 0.000000e+00 0.000000e+00 	 0
1.750000 	 0.000000e+00 0.000000e+00 0.000000e+00 	 0.000000e+00 0.000000e+00 0.000000e+00 	 0.000000e+00 0.000000e+00 0.000000e+00 	 0
2.250000 	 -5.826175e-05 -1.001535e-05 3.448759e-05 	 -8.995103e-07 -3.337655e-07 -5.181283e-07 	 -5.916126e-05 -1.034912e-05 3.396947e-05 	 1
2.750000 	 0.000000e+00 0.000000e+00 0.000000e+00 	 0.000000e+00 0.000000e+00 0.000000e+00 	 0.000000e+00 0.000000e+00 0.000000e+00 	 0
3.250000 	 5.153848e-06 -1.627620e-05 -1.031691e-06 	 2.405873e-08 -1.503939e-07 -1.250009e-06 	 5.177907e-06 -1.642660e-05 -2.281700e-06 	 48
3.750000 	 -2.010358e-06 4.077307e-06 3.916746e-06 	 -2.858615e-06 -1.204069e-06 -5.144306e-07 	 -4.868973e-06 2.873238e-06 3.402315e-06 	 543
4.250000 	 -5.325296e-06 1.439323e-06 3.615863e-06 	 1.701216e-07 1.585404e-06 9.022021e-07 	 -5.155174e-06 3.024727e-06 4.518065e-06 	 906
4.750000 	 5.148412e-06 -1.402431e-06 -4.811381e-06 	 -5.369742e-06 -2.157529e-06 -1.527182e-06 	 -2.213301e-07 -3.559960e-06 -6.338563e-06 	 916
5.250000 	 9.874828e-06 -2.051080e-07 1.269436e-06 	 2.188498e-06 2.270609e-07 -8.399666e-07 	 1.206333e-05 2.195289e-08 4.294691e-07 	 912
5.750000 	 1.733507e-05 3.889372e-06 -3.777264e-06 	 5.854487e-06 8.211261e-07 -2.145269e-06 	 2.318956e-05 4.710498e-06 -5.922532e-06 	 911
6.250000 	 1.181717e-05 -4.136412e-06 -1.619270e-07 	 -6.950796e-06 2.776189e-06 2.628394e-07 	 4.866370e-06 -1.360223e-06 1.009124e-07 	 898
6.750000 	 1.079098e-05 -2.370335e-06 1.835080e-06 	 3.129209e-06 7.466802e-07 7.751724e-07 	 1.392019e-05 -1.623655e-06 2.610252e-06 	 883
7.250000 	 -8.810527e-06 -2.653342e-06 1.874312e-06 	 1.517181e-07 1.310956e-06 -1.145590e-06 	 -8.658809e-06 -1.342385e-06 7.287218e-07 	 866
7.750000 	 -2.003299e-05 -4.124603e-06 -3.767919e-06 	 -1.464951e-06 6.133296e-07 -2.088454e-06 	 -2.149794e-05 -3.511274e-06 -5.856373e-06 	 938
8.250000 	 -1.104974e-05 -3.346264e-06 -1.027285e-06 	 -3.043941e-06 3.742148e-07 -1.641162e-07 	 -1.409368e-05 -2.972049e-06 -1.191401e-06 	 942
8.750000 	 6.649455e-06 3.784370e-06 -2.877801e-06 	 3.435472e-07 6.277077e-07 8.639764e-07 	 6.993002e-06 4.412078e-06 -2.013824e-06 	 893
9.250000 	 1.037549e-05 -2.270698e-06 5.225507e-06 	 4.000081e-06 -1.466878e-07 2.799583e-07 	 1.437558e-05 -2.417386e-06 5.505466e-06 	 921
9.750000 	 2.178259e-05 5.891951e-07 -2.254530e-06 	 1.792721e-06 4.620151e-06 -1.052476e-06 	 2.357531e-05 5.209346e-06 -3.307006e-06 	 858
10.250000 	 4.663200e-06 1.249370e-06 1.355938e-07 	 7.597770e-07 -1.660541e-07 -1.883097e-06 	 5.422977e-06 1.083315e-06 -1.747503e-06 	 952
10.750000 	 -1.531907e-05 -1.725110e-06 5.585237e-06 	 -2.662456e-06 -1.306217e-06 -6.958200e-07 	 -1.798153e-05 -3.031327e-06 4.889417e-06 	 863
11.250000 	 -6.321439e-06 -1.274402e-06 1.966697e-06 	 4.566248e-06 -1.232283e-06 -1.348796e-06 	 -1.755191e-06 -2.506685e-06 6.179006e-07 	 518
11.750000 	 -1.230303e-06 -2.802473e-06 4.347745e-06 	 5.506407e-06 -2.220165e-06 4.372274e-06 	 4.276104e-06 -5.022638e-06 8.720019e-06 	 54
12.250000 	 0.000000e+00 0.000000e+00 0.000000e+00 	 0.000000e+00 0.000000e+00 0.000000e+00 	 0.000000e+00 0.000000e+00 0.000000e+00 	 0
12.750000 	 0.000000e+00 0.000000e+00 0.000000e+00 	 0.000000e+00 0.000000e+00 0.000000e+00 	 0.000000e+00 0.000000e+00 0.000000e+00 	 0
13.250000 	 0.000000e+00 0.000000e+00 0.000000e+00 	 0.000000e+00 0.000000e+00 0.000000e+00 	 0.000000e+00 0.000000e+00 0.000000e+00 	 0
13.750000 	 0.000000e+00 0.000000e+00 0.000000e+00 	 0.000000e+00 0.000000e+00 0.000000e+00 	 0.000000e+00 0.000000e+00 0.000000e+00 	 0
14.250000 	 0.000000e+00 0.000000e+00 0.000000e+00 	 2.144112e-07 1.069255e-06 2.038282e-07 	 2.144112e-07 1.069255e-06 2.038282e-07 	 1
14.750000 	 0.000000e+00 0.000000e+00 0.000000e+00 	 0.000000e+00 0.000000e+00 0.000000e+00 	 0.000000e+00 0.000000e+00 0.000000e+00 	 0
