# 1  2-4    5-7    8-10   11     
# x  dirEF  recEF  sumEF  #Sample
0.250000 	 0.000000e+00 0.000000e+00 0.000000e+00 	 0.000000e+00 0.000000e+00 0.000000e+00 	 0.000000e+00 0.000000e+00 0.000000e+00 	 0
0.750000 	 5.145263e-08 -5.643835e-08 2.208674e-08 	 -1.021347e-09 -1.756611e-10 4.875921e-09 	 5.043128e-08 -5.661401e-08 2.696266e-08 	 1
1.250000 	 0.000000e+00 0.000000e+00 0.000000e+00 	 0.000000e+00 0.000000e+00 0.000000e+00 	 0.000000e+00 0.000000e+00 0.000000e+00 	 0
1.750000 	 -5.405403e-06 9.313246e-07 8.352314e-07 	 2.431081e-08 -4.130654e-09 2.790413e-09 	 -5.381092e-06 9.271939e-07 8.380218e-07 	 1
2.250000 	 0.000000e+00 0.000000e+00 0.000000e+00 	 0.000000e+00 0.000000e+00 0.000000e+00 	 0.000000e+00 0.000000e+00 0.000000e+00 	 0
2.750000 	 0.000000e+00 0.000000e+00 0.000000e+00 	 0.000000e+00 0.000000e+00 0.000000e+00 	 0.000000e+00 0.000000e+00 0.000000e+00 	 0
3.250000 	 -2.927593e-05 -1.784831e-06 -9.922960e-08 	 3.737435e-06 4.264270e-06 -3.393502e-07 	 -2.553849e-05 2.479439e-06 -4.385798e-07 	 36
3.750000 	 -1.650991e-05 -2.719267e-06 1.077732e-06 	 -7.495993e-06 -1.335503e-07 -7.748205e-07 	 -2.400590e-05 -2.852817e-06 3.029117e-07 	 529
4.250000 	 -5.591592e-06 -7.715443e-07 2.537486e-06 	 2.442175e-06 2.179669e-06 3.971330e-07 	 -3.149417e-06 1.408125e-06 2.934619e-06 	 945
4.750000 	 6.573301e-06 1.353306e-06 -1.046468e-06 	 2.710602e-06 7.389270e-07 3.575412e-07 	 9.283902e-06 2.092233e-06 -6.889264e-07 	 917
5.250000 	 8.521068e-06 -2.421861e-07 2.532424e-07 	 -6.419720e-07 -2.456005e-06 1.817123e-06 	 7.879096e-06 -2.698191e-06 2.070365e-06 	 959
5.750000 	 -8.328290e-06 -5.336293e-06 -7.841739e-06 	 -5.120383e-06 -2.091446e-06 -6.352960e-07 	 -1.344867e-05 -7.427739e-06 -8.477035e-06 	 871
6.250000 	 -1.150787e-05 6.489454e-06 2.942143e-06 	 -3.639555e-06 -5.099920e-08 -1.062237e-06 	 -1.514742e-05 6.438455e-06 1.879906e-06 	 915
6.750000 	 -1.714938e-06 -3.035994e-06 6.016791e-07 	 5.727932e-06 -2.019519e-06 3.033919e-07 	 4.012994e-06 -5.055513e-06 9.050711e-07 	 900
7.250000 	 2.029316e-05 -1.411893e-06 -2.385732e-06 	 -8.823590e-08 2.599900e-07 1.715461e-06 	 2.020493e-05 -1.151903e-06 -6.702711e-07 	 925
7.750000 	 2.592037e-05 6.920771e-07 4.911756e-06 	 2.817563e-07 6.812733e-07 1.612253e-06 	 2.620213e-05 1.373350e-06 6.524009e-06 	 844
8.250000 	 2.885070e-05 1.306622e-06 -2.048297e-06 	 2.328104e-07 -1.030542e-06 -1.115273e-06 	 2.908351e-05 2.760795e-07 -3.163570e-06 	 882
8.750000 	 -5.444898e-06 -1.477042e-06 2.640274e-06 	 -3.066073e-06 1.008239e-06 3.108234e-08 	 -8.510971e-06 -4.688030e-07 2.671356e-06 	 893
9.250000 	 5.100255e-06 2.032750e-06 3.642306e-07 	 -4.540066e-06 -1.250449e-06 -1.385296e-06 	 5.601885e-07 7.823014e-07 -1.021065e-06 	 900
9.750000 	 -3.371630e-06 3.885936e-07 -2.187284e-06 	 6.632151e-06 -2.207810e-06 -2.464979e-07 	 3.260521e-06 -1.819216e-06 -2.433782e-06 	 906
10.250000 	 -2.431038e-06 3.484805e-06 -3.735444e-07 	 4.255782e-06 -8.318902e-07 9.223029e-07 	 1.824745e-06 2.652915e-06 5.487585e-07 	 895
10.750000 	 3.351444e-06 -9.122788e-06 -2.051342e-06 	 -3.482926e-06 -3.119863e-07 1.970384e-06 	 -1.314822e-07 -9.434774e-06 -8.095830e-08 	 927
11.250000 	 -1.435142e-05 4.733360e-06 8.012692e-07 	 1.147497e-06 3.750978e-07 1.480071e-06 	 -1.320392e-05 5.108457e-06 2.281340e-06 	 549
11.750000 	 2.555555e-06 5.887854e-06 -4.389378e-06 	 -3.301134e-06 -2.196138e-07 -4.010770e-06 	 -7.455790e-07 5.668241e-06 -8.400148e-06 	 28
12.250000 	 0.000000e+00 0.000000e+00 0.000000e+00 	 0.000000e+00 0.000000e+00 0.000000e+00 	 0.000000e+00 0.000000e+00 0.000000e+00 	 0
12.750000 	 0.000000e+00 0.000000e+00 0.000000e+00 	 0.000000e+00 0.000000e+00 0.000000e+00 	 0.000000e+00 0.000000e+00 0.000000e+00 	 0
13.250000 	 0.000000e+00 0.000000e+00 0.000000e+00 	 0.000000e+00 0.000000e+00 0.000000e+00 	 0.000000e+00 0.000000e+00 0.000000e+00 	 0
13.750000 	 0.000000e+00 0.000000e+00 0.000000e+00 	 0.000000e+00 0.000000e+00 0.000000e+00 	 0.000000e+00 0.000000e+00 0.000000e+00 	 0
14.250000 	 0.000000e+00 0.000000e+00 0.000000e+00 	 0.000000e+00 0.000000e+00 0.000000e+00 	 0.000000e+00 0.000000e+00 0.000000e+00 	 0
14.750000 	 0.000000e+00 0.000000e+00 0.000000e+00 	 -3.074927e-10 2.015397e-10 -9.398843e-11 	 -3.074927e-10 2.015397e-10 -9.398843e-11 	 1
