# 1  2-4    5-7    8-10   11     
# x  dirEF  recEF  sumEF  #Sample
0.250000 	 0.000000e+00 0.000000e+00 0.000000e+00 	 7.117862e-12 1.330230e-11 -3.231002e-11 	 7.117862e-12 1.330230e-11 -3.231002e-11 	 1
0.750000 	 0.000000e+00 0.000000e+00 0.000000e+00 	 0.000000e+00 0.000000e+00 0.000000e+00 	 0.000000e+00 0.000000e+00 0.000000e+00 	 0
1.250000 	 0.000000e+00 0.000000e+00 0.000000e+00 	 0.000000e+00 0.000000e+00 0.000000e+00 	 0.000000e+00 0.000000e+00 0.000000e+00 	 0
1.750000 	 0.000000e+00 0.000000e+00 0.000000e+00 	 0.000000e+00 0.000000e+00 0.000000e+00 	 0.000000e+00 0.000000e+00 0.000000e+00 	 0
2.250000 	 0.000000e+00 0.000000e+00 0.000000e+00 	 0.000000e+00 0.000000e+00 0.000000e+00 	 0.000000e+00 0.000000e+00 0.000000e+00 	 0
2.750000 	 0.000000e+00 0.000000e+00 0.000000e+00 	 0.000000e+00 0.000000e+00 0.000000e+00 	 0.000000e+00 0.000000e+00 0.000000e+00 	 0
3.250000 	 -3.137280e-05 1.954104e-05 -4.454319e-06 	 7.470652e-06 -1.389346e-06 1.889185e-06 	 -2.390214e-05 1.815170e-05 -2.565133e-06 	 33
3.750000 	 2.106127e-06 2.815367e-07 3.233003e-06 	 -6.800704e-06 -3.631198e-06 8.854132e-07 	 -4.694577e-06 -3.349661e-06 4.118416e-06 	 562
4.250000 	 1.639160e-05 -8.770878e-07 9.213209e-07 	 1.184434e-06 -7.501400e-07 8.872954e-07 	 1.757604e-05 -1.627228e-06 1.808616e-06 	 896
4.750000 	 2.237943e-05 2.410972e-06 2.410979e-06 	 1.406929e-06 -1.671848e-07 -2.308173e-06 	 2.378636e-05 2.243788e-06 1.028056e-07 	 881
5.250000 	 1.521332e-05 -2.454568e-06 -3.933568e-06 	 -2.552862e-06 -4.750066e-06 6.586703e-07 	 1.266046e-05 -7.204634e-06 -3.274898e-06 	 872
5.750000 	 -3.219830e-06 -4.439889e-06 7.034072e-07 	 -1.549220e-06 8.974611e-07 -8.458382e-07 	 -4.769050e-06 -3.542428e-06 -1.424310e-07 	 867
6.250000 	 -1.845981e-05 2.687826e-06 2.208845e-06 	 -6.874585e-07 -1.162944e-06 1.227518e-06 	 -1.914727e-05 1.524882e-06 3.436363e-06 	 883
6.750000 	 -2.341237e-05 2.311066e-07 -3.451924e-06 	 3.888528e-06 5.762233e-07 -2.496092e-06 	 -1.952384e-05 8.073299e-07 -5.948016e-06 	 919
7.250000 	 -1.311518e-05 9.816707e-07 3.623667e-06 	 -5.660186e-06 4.841751e-07 -3.767790e-06 	 -1.877537e-05 1.465846e-06 -1.441236e-07 	 895
7.750000 	 -1.166171e-05 -8.137881e-07 1.339024e-06 	 2.893011e-06 5.596751e-07 -1.264017e-06 	 -8.768700e-06 -2.541130e-07 7.500675e-08 	 934
8.250000 	 -2.840445e-05 8.522545e-07 -5.012343e-06 	 1.735636e-07 7.761063e-07 4.001272e-07 	 -2.823089e-05 1.628361e-06 -4.612215e-06 	 893
8.750000 	 -1.129263e-05 2.217372e-06 5.336393e-07 	 2.471269e-06 2.094039e-07 -1.530741e-07 	 -8.821358e-06 2.426775e-06 3.805652e-07 	 930
9.250000 	 3.956101e-06 -4.809230e-06 1.581066e-07 	 -3.817664e-06 1.747871e-06 -3.107796e-07 	 1.384365e-07 -3.061359e-06 -1.526730e-07 	 931
9.750000 	 1.292236e-05 -2.084881e-06 2.079716e-06 	 2.356334e-06 -7.645904e-07 1.072819e-06 	 1.527870e-05 -2.849472e-06 3.152534e-06 	 930
10.250000 	 2.358576e-05 3.691722e-06 -2.064175e-07 	 -5.417484e-06 -6.666920e-07 -1.626574e-06 	 1.816828e-05 3.025031e-06 -1.832992e-06 	 947
10.750000 	 2.023431e-05 -3.563924e-06 3.680289e-06 	 4.003540e-06 -9.578813e-08 6.428140e-07 	 2.423785e-05 -3.659712e-06 4.323103e-06 	 883
11.250000 	 3.640226e-06 4.594700e-06 1.880487e-06 	 -6.277419e-07 -7.802137e-07 -9.888159e-07 	 3.012484e-06 3.814487e-06 8.916706e-07 	 521
11.750000 	 -2.906451e-06 -1.113230e-05 -1.602330e-06 	 -3.577473e-06 -3.761578e-06 -3.448713e-06 	 -6.483924e-06 -1.489388e-05 -5.051043e-06 	 45
12.250000 	 0.000000e+00 0.000000e+00 0.000000e+00 	 0.000000e+00 0.000000e+00 0.000000e+00 	 0.000000e+00 0.000000e+00 0.000000e+00 	 0
12.750000 	 0.000000e+00 0.000000e+00 0.000000e+00 	 0.000000e+00 0.000000e+00 0.000000e+00 	 0.000000e+00 0.000000e+00 0.000000e+00 	 0
13.250000 	 0.000000e+00 0.000000e+00 0.000000e+00 	 0.000000e+00 0.000000e+00 0.000000e+00 	 0.000000e+00 0.000000e+00 0.000000e+00 	 0
13.750000 	 0.000000e+00 0.000000e+00 0.000000e+00 	 0.000000e+00 0.000000e+00 0.000000e+00 	 0.000000e+00 0.000000e+00 0.000000e+00 	 0
14.250000 	 -1.013097e-08 2.788128e-07 -1.606181e-07 	 -8.106880e-10 6.512518e-09 1.729971e-09 	 -1.094166e-08 2.853253e-07 -1.588882e-07 	 1
14.750000 	 0.000000e+00 0.000000e+00 0.000000e+00 	 0.000000e+00 0.000000e+00 0.000000e+00 	 0.000000e+00 0.000000e+00 0.000000e+00 	 0
