# 1  2-4    5-7    8-10   11     
# x  dirEF  recEF  sumEF  #Sample
0.250000 	 0.000000e+00 0.000000e+00 0.000000e+00 	 0.000000e+00 0.000000e+00 0.000000e+00 	 0.000000e+00 0.000000e+00 0.000000e+00 	 0
0.750000 	 0.000000e+00 0.000000e+00 0.000000e+00 	 0.000000e+00 0.000000e+00 0.000000e+00 	 0.000000e+00 0.000000e+00 0.000000e+00 	 0
1.250000 	 0.000000e+00 0.000000e+00 0.000000e+00 	 0.000000e+00 0.000000e+00 0.000000e+00 	 0.000000e+00 0.000000e+00 0.000000e+00 	 0
1.750000 	 0.000000e+00 0.000000e+00 0.000000e+00 	 0.000000e+00 0.000000e+00 0.000000e+00 	 0.000000e+00 0.000000e+00 0.000000e+00 	 0
2.250000 	 0.000000e+00 0.000000e+00 0.000000e+00 	 0.000000e+00 0.000000e+00 0.000000e+00 	 0.000000e+00 0.000000e+00 0.000000e+00 	 0
2.750000 	 0.000000e+00 0.000000e+00 0.000000e+00 	 0.000000e+00 0.000000e+00 0.000000e+00 	 0.000000e+00 0.000000e+00 0.000000e+00 	 0
3.250000 	 -1.255988e-05 3.206694e-06 -3.749919e-06 	 -5.061239e-06 -2.997967e-06 -1.645100e-06 	 -1.762112e-05 2.087273e-07 -5.395019e-06 	 38
3.750000 	 -9.251075e-06 -4.862193e-07 -1.511635e-06 	 -6.024857e-06 -2.137119e-06 5.996531e-06 	 -1.527593e-05 -2.623339e-06 4.484896e-06 	 548
4.250000 	 -1.012599e-05 8.608345e-07 -4.516343e-06 	 1.402464e-06 -3.766097e-08 -1.670047e-06 	 -8.723528e-06 8.231735e-07 -6.186389e-06 	 912
4.750000 	 -9.258584e-06 3.661503e-07 -5.284191e-06 	 -2.433220e-06 3.999735e-08 -7.207403e-06 	 -1.169180e-05 4.061476e-07 -1.249159e-05 	 907
5.250000 	 8.710797e-06 2.495891e-06 2.760134e-06 	 1.158778e-06 9.296429e-06 -2.731911e-06 	 9.869576e-06 1.179232e-05 2.822314e-08 	 883
5.750000 	 6.181830e-06 -1.195468e-07 -3.997656e-06 	 -7.969890e-07 -3.201428e-07 6.154530e-06 	 5.384841e-06 -4.396896e-07 2.156873e-06 	 870
6.250000 	 5.247616e-06 7.094253e-08 1.617858e-06 	 1.407862e-05 4.308488e-06 -3.540244e-06 	 1.932624e-05 4.379430e-06 -1.922386e-06 	 917
6.750000 	 -6.590203e-06 -2.362616e-06 4.707625e-06 	 -1.067445e-05 9.086957e-06 -4.452931e-07 	 -1.726465e-05 6.724341e-06 4.262332e-06 	 917
7.250000 	 8.608019e-06 5.572875e-06 1.283005e-06 	 1.002868e-05 4.368387e-06 7.715095e-06 	 1.863670e-05 9.941261e-06 8.998101e-06 	 909
7.750000 	 -1.471485e-06 -4.653468e-06 -2.577761e-06 	 -1.613345e-05 -7.346277e-06 -1.733815e-06 	 -1.760493e-05 -1.199974e-05 -4.311577e-06 	 944
8.250000 	 3.835168e-06 7.506558e-06 -9.005389e-07 	 3.704391e-06 3.652539e-06 -9.544074e-07 	 7.539559e-06 1.115910e-05 -1.854946e-06 	 911
8.750000 	 1.123060e-06 1.629476e-06 -4.154766e-06 	 -1.469318e-06 -6.010302e-06 -3.105417e-07 	 -3.462583e-07 -4.380825e-06 -4.465307e-06 	 888
9.250000 	 8.898912e-06 -3.652508e-06 9.447049e-07 	 -1.698362e-06 1.318696e-07 -2.016338e-06 	 7.200551e-06 -3.520638e-06 -1.071633e-06 	 934
9.750000 	 1.138347e-05 -1.863282e-06 1.353441e-06 	 1.943906e-05 -2.703200e-06 -4.928204e-06 	 3.082254e-05 -4.566481e-06 -3.574763e-06 	 911
10.250000 	 2.153507e-05 8.186530e-07 5.925127e-07 	 -1.608023e-06 1.299672e-05 1.696841e-06 	 1.992705e-05 1.381537e-05 2.289353e-06 	 902
10.750000 	 2.010353e-06 6.132667e-07 1.422225e-06 	 -1.807420e-05 9.504275e-06 5.024957e-07 	 -1.606385e-05 1.011754e-05 1.924721e-06 	 878
11.250000 	 -1.588106e-05 1.386603e-06 -4.162674e-07 	 5.960270e-06 -1.254003e-05 1.506456e-06 	 -9.920793e-06 -1.115343e-05 1.090189e-06 	 518
11.750000 	 -7.838029e-06 -1.105652e-05 -1.467924e-05 	 1.584628e-06 3.193276e-06 -1.460091e-05 	 -6.253401e-06 -7.863239e-06 -2.928016e-05 	 36
12.250000 	 0.000000e+00 0.000000e+00 0.000000e+00 	 0.000000e+00 0.000000e+00 0.000000e+00 	 0.000000e+00 0.000000e+00 0.000000e+00 	 0
12.750000 	 0.000000e+00 0.000000e+00 0.000000e+00 	 0.000000e+00 0.000000e+00 0.000000e+00 	 0.000000e+00 0.000000e+00 0.000000e+00 	 0
13.250000 	 0.000000e+00 0.000000e+00 0.000000e+00 	 0.000000e+00 0.000000e+00 0.000000e+00 	 0.000000e+00 0.000000e+00 0.000000e+00 	 0
13.750000 	 -5.085520e-13 1.010188e-13 -4.939796e-15 	 5.767978e-08 -5.210416e-08 9.885526e-11 	 5.767927e-08 -5.210406e-08 9.885037e-11 	 1
14.250000 	 0.000000e+00 0.000000e+00 0.000000e+00 	 0.000000e+00 0.000000e+00 0.000000e+00 	 0.000000e+00 0.000000e+00 0.000000e+00 	 0
14.750000 	 0.000000e+00 0.000000e+00 0.000000e+00 	 0.000000e+00 0.000000e+00 0.000000e+00 	 0.000000e+00 0.000000e+00 0.000000e+00 	 0
