# 1  2-4    5-7    8-10   11     
# x  dirEF  recEF  sumEF  #Sample
0.250000 	 0.000000e+00 0.000000e+00 0.000000e+00 	 0.000000e+00 0.000000e+00 0.000000e+00 	 0.000000e+00 0.000000e+00 0.000000e+00 	 0
0.750000 	 0.000000e+00 0.000000e+00 0.000000e+00 	 0.000000e+00 0.000000e+00 0.000000e+00 	 0.000000e+00 0.000000e+00 0.000000e+00 	 0
1.250000 	 0.000000e+00 0.000000e+00 0.000000e+00 	 -8.845012e-09 5.325705e-08 -4.806663e-08 	 -8.845012e-09 5.325705e-08 -4.806663e-08 	 1
1.750000 	 0.000000e+00 0.000000e+00 0.000000e+00 	 0.000000e+00 0.000000e+00 0.000000e+00 	 0.000000e+00 0.000000e+00 0.000000e+00 	 0
2.250000 	 -2.617707e-05 2.818426e-05 -2.951864e-06 	 -1.381227e-06 5.579299e-07 9.331516e-07 	 -2.755829e-05 2.874219e-05 -2.018712e-06 	 2
2.750000 	 7.555764e-05 3.265925e-05 -4.750307e-05 	 1.617595e-05 2.488710e-06 1.112951e-06 	 9.173359e-05 3.514796e-05 -4.639012e-05 	 1
3.250000 	 -4.614847e-06 7.830992e-06 1.370371e-05 	 7.979995e-06 6.243033e-06 -2.396279e-05 	 3.365148e-06 1.407403e-05 -1.025908e-05 	 34
3.750000 	 5.150736e-06 -4.880616e-06 1.478544e-06 	 -8.594778e-06 1.166036e-06 -1.352340e-06 	 -3.444042e-06 -3.714580e-06 1.262040e-07 	 546
4.250000 	 6.892940e-06 2.193299e-06 1.988201e-06 	 -3.178007e-07 -9.580780e-06 -9.108203e-06 	 6.575139e-06 -7.387481e-06 -7.120003e-06 	 881
4.750000 	 -4.904114e-06 -1.182289e-06 -2.607341e-06 	 -3.995933e-06 1.019211e-06 -8.653258e-06 	 -8.900047e-06 -1.630783e-07 -1.126060e-05 	 848
5.250000 	 -5.512281e-07 8.328634e-07 1.228583e-06 	 8.031660e-06 5.787889e-06 2.500120e-06 	 7.480432e-06 6.620753e-06 3.728703e-06 	 938
5.750000 	 -6.039449e-06 -2.556720e-06 6.053497e-06 	 -7.995131e-06 -4.057132e-07 -1.639449e-05 	 -1.403458e-05 -2.962434e-06 -1.034099e-05 	 952
6.250000 	 8.764744e-06 4.788492e-06 1.317805e-06 	 -5.004458e-06 4.573682e-06 -1.297692e-06 	 3.760286e-06 9.362174e-06 2.011303e-08 	 890
6.750000 	 -1.023564e-06 -5.150750e-06 -5.664598e-06 	 -9.515889e-06 5.585497e-06 -3.419735e-07 	 -1.053945e-05 4.347468e-07 -6.006572e-06 	 931
7.250000 	 4.401369e-07 5.253609e-07 2.468816e-06 	 1.566421e-05 -4.825056e-06 9.700358e-06 	 1.610435e-05 -4.299695e-06 1.216917e-05 	 861
7.750000 	 -6.210794e-06 -3.007888e-06 2.316617e-06 	 3.986506e-06 -1.325782e-05 -7.905076e-06 	 -2.224288e-06 -1.626570e-05 -5.588458e-06 	 898
8.250000 	 -8.654004e-06 7.136122e-07 3.073211e-06 	 6.160483e-06 -3.638606e-06 -1.539352e-06 	 -2.493521e-06 -2.924994e-06 1.533858e-06 	 888
8.750000 	 -3.180515e-07 3.289303e-06 -2.028582e-07 	 -4.347670e-06 -2.754462e-06 -1.419936e-06 	 -4.665721e-06 5.348403e-07 -1.622794e-06 	 890
9.250000 	 9.794679e-07 -1.628475e-06 9.900763e-07 	 -1.456011e-05 2.563027e-06 2.276794e-06 	 -1.358065e-05 9.345524e-07 3.266870e-06 	 912
9.750000 	 -1.280238e-05 -1.037506e-07 -7.501549e-07 	 1.667822e-05 -8.099984e-07 3.451631e-06 	 3.875845e-06 -9.137489e-07 2.701476e-06 	 917
10.250000 	 -1.340432e-05 8.373571e-06 -3.957692e-06 	 -1.590701e-05 -8.808060e-06 -1.659109e-06 	 -2.931133e-05 -4.344889e-07 -5.616801e-06 	 891
10.750000 	 -2.538987e-06 1.080903e-06 -1.630188e-06 	 -1.034433e-06 5.307139e-06 -5.168687e-06 	 -3.573420e-06 6.388042e-06 -6.798875e-06 	 943
11.250000 	 -6.791503e-06 -1.191453e-06 6.282602e-07 	 2.989519e-06 2.472825e-06 -4.002823e-06 	 -3.801984e-06 1.281372e-06 -3.374563e-06 	 561
11.750000 	 -1.055876e-06 -1.555075e-05 -1.323979e-05 	 2.867566e-06 6.227228e-06 -5.641348e-08 	 1.811691e-06 -9.323521e-06 -1.329620e-05 	 39
12.250000 	 0.000000e+00 0.000000e+00 0.000000e+00 	 0.000000e+00 0.000000e+00 0.000000e+00 	 0.000000e+00 0.000000e+00 0.000000e+00 	 0
12.750000 	 0.000000e+00 0.000000e+00 0.000000e+00 	 0.000000e+00 0.000000e+00 0.000000e+00 	 0.000000e+00 0.000000e+00 0.000000e+00 	 0
13.250000 	 0.000000e+00 0.000000e+00 0.000000e+00 	 0.000000e+00 0.000000e+00 0.000000e+00 	 0.000000e+00 0.000000e+00 0.000000e+00 	 0
13.750000 	 0.000000e+00 0.000000e+00 0.000000e+00 	 0.000000e+00 0.000000e+00 0.000000e+00 	 0.000000e+00 0.000000e+00 0.000000e+00 	 0
14.250000 	 0.000000e+00 0.000000e+00 0.000000e+00 	 0.000000e+00 0.000000e+00 0.000000e+00 	 0.000000e+00 0.000000e+00 0.000000e+00 	 0
14.750000 	 0.000000e+00 0.000000e+00 0.000000e+00 	 0.000000e+00 0.000000e+00 0.000000e+00 	 0.000000e+00 0.000000e+00 0.000000e+00 	 0
