# 1  2-4    5-7    8-10   11     
# x  dirEF  recEF  sumEF  #Sample
0.250000 	 -7.981135e-11 8.743649e-12 2.576631e-12 	 5.027684e-10 -1.142069e-10 2.177044e-10 	 4.229570e-10 -1.054633e-10 2.202810e-10 	 1
0.750000 	 0.000000e+00 0.000000e+00 0.000000e+00 	 0.000000e+00 0.000000e+00 0.000000e+00 	 0.000000e+00 0.000000e+00 0.000000e+00 	 0
1.250000 	 0.000000e+00 0.000000e+00 0.000000e+00 	 0.000000e+00 0.000000e+00 0.000000e+00 	 0.000000e+00 0.000000e+00 0.000000e+00 	 0
1.750000 	 0.000000e+00 0.000000e+00 0.000000e+00 	 0.000000e+00 0.000000e+00 0.000000e+00 	 0.000000e+00 0.000000e+00 0.000000e+00 	 0
2.250000 	 0.000000e+00 0.000000e+00 0.000000e+00 	 0.000000e+00 0.000000e+00 0.000000e+00 	 0.000000e+00 0.000000e+00 0.000000e+00 	 0
2.750000 	 -3.564511e-05 1.631500e-05 4.014053e-05 	 -1.713102e-06 1.850238e-06 -1.023622e-06 	 -3.735821e-05 1.816524e-05 3.911690e-05 	 2
3.250000 	 6.466615e-06 -1.950348e-06 -1.123504e-05 	 -1.962058e-06 -3.716746e-06 1.945226e-06 	 4.504557e-06 -5.667094e-06 -9.289810e-06 	 32
3.750000 	 -5.863832e-06 -2.821820e-06 4.599941e-06 	 -2.635050e-06 5.811184e-07 -2.340964e-06 	 -8.498882e-06 -2.240702e-06 2.258977e-06 	 526
4.250000 	 -1.789731e-05 2.532088e-06 -2.040989e-07 	 3.146596e-06 -2.388494e-07 1.497075e-06 	 -1.475072e-05 2.293239e-06 1.292977e-06 	 903
4.750000 	 -1.026797e-05 -2.680090e-06 -1.242458e-06 	 3.899749e-06 3.179091e-06 -1.133798e-06 	 -6.368217e-06 4.990014e-07 -2.376256e-06 	 911
5.250000 	 6.312951e-06 4.934883e-06 4.079468e-06 	 1.217098e-06 3.897787e-06 2.140712e-06 	 7.530049e-06 8.832670e-06 6.220180e-06 	 951
5.750000 	 1.208489e-05 -5.698222e-06 -3.130397e-06 	 -5.049431e-06 -1.239813e-06 4.312010e-07 	 7.035464e-06 -6.938035e-06 -2.699196e-06 	 886
6.250000 	 1.908822e-05 1.260456e-06 1.439764e-07 	 6.532441e-06 2.593109e-06 -4.026890e-06 	 2.562066e-05 3.853565e-06 -3.882913e-06 	 938
6.750000 	 -3.020660e-06 -3.995429e-06 3.882104e-06 	 -1.195362e-06 2.164497e-06 1.996132e-06 	 -4.216022e-06 -1.830932e-06 5.878236e-06 	 904
7.250000 	 -1.657660e-05 1.782286e-06 -5.952938e-06 	 4.026137e-06 -2.916741e-07 -1.002366e-06 	 -1.255046e-05 1.490611e-06 -6.955304e-06 	 880
7.750000 	 -1.040128e-05 6.518625e-06 -1.186422e-06 	 -3.045712e-06 3.915353e-06 1.873563e-07 	 -1.344699e-05 1.043398e-05 -9.990653e-07 	 898
8.250000 	 -1.042008e-05 7.308308e-07 1.818296e-06 	 -1.359916e-06 7.911303e-07 -2.929469e-06 	 -1.178000e-05 1.521961e-06 -1.111173e-06 	 980
8.750000 	 -9.127916e-06 -5.829886e-06 -2.878059e-06 	 9.222790e-07 -1.044688e-06 1.858907e-06 	 -8.205637e-06 -6.874574e-06 -1.019152e-06 	 889
9.250000 	 4.916783e-06 7.210855e-07 1.493181e-06 	 2.492751e-06 3.214339e-06 -7.616613e-07 	 7.409535e-06 3.935425e-06 7.315200e-07 	 877
9.750000 	 1.179879e-05 7.371630e-07 -9.619048e-07 	 -3.316806e-06 -2.740119e-06 1.466149e-06 	 8.481986e-06 -2.002956e-06 5.042442e-07 	 914
10.250000 	 1.525210e-05 2.672406e-06 5.854246e-06 	 -5.937800e-06 6.277137e-07 -2.529165e-06 	 9.314302e-06 3.300120e-06 3.325081e-06 	 899
10.750000 	 1.228541e-05 -2.514236e-06 -1.879528e-06 	 5.556884e-06 -1.192935e-06 -1.376098e-07 	 1.784229e-05 -3.707171e-06 -2.017137e-06 	 851
11.250000 	 5.315631e-06 1.902871e-07 -3.868090e-06 	 -3.622635e-06 5.107113e-07 -2.667637e-06 	 1.692996e-06 7.009984e-07 -6.535727e-06 	 535
11.750000 	 4.724985e-06 5.466859e-06 4.517144e-06 	 3.120279e-06 2.793313e-07 5.762418e-06 	 7.845264e-06 5.746190e-06 1.027956e-05 	 45
12.250000 	 0.000000e+00 0.000000e+00 0.000000e+00 	 0.000000e+00 0.000000e+00 0.000000e+00 	 0.000000e+00 0.000000e+00 0.000000e+00 	 0
12.750000 	 0.000000e+00 0.000000e+00 0.000000e+00 	 0.000000e+00 0.000000e+00 0.000000e+00 	 0.000000e+00 0.000000e+00 0.000000e+00 	 0
13.250000 	 -3.150772e-08 -2.497917e-09 -4.403828e-09 	 7.685864e-09 6.592460e-11 -3.426730e-09 	 -2.382186e-08 -2.431992e-09 -7.830558e-09 	 1
13.750000 	 0.000000e+00 0.000000e+00 0.000000e+00 	 0.000000e+00 0.000000e+00 0.000000e+00 	 0.000000e+00 0.000000e+00 0.000000e+00 	 0
14.250000 	 0.000000e+00 0.000000e+00 0.000000e+00 	 -4.785037e-10 4.256167e-10 -7.345741e-11 	 -4.785037e-10 4.256167e-10 -7.345741e-11 	 1
14.750000 	 0.000000e+00 0.000000e+00 0.000000e+00 	 0.000000e+00 0.000000e+00 0.000000e+00 	 0.000000e+00 0.000000e+00 0.000000e+00 	 0
