# 1  2-4    5-7    8-10   11     
# x  dirEF  recEF  sumEF  #Sample
0.250000 	 1.226631e-08 5.024854e-09 4.424871e-09 	 -1.637287e-09 -4.704471e-10 1.152851e-10 	 1.062902e-08 4.554407e-09 4.540156e-09 	 1
0.750000 	 0.000000e+00 0.000000e+00 0.000000e+00 	 0.000000e+00 0.000000e+00 0.000000e+00 	 0.000000e+00 0.000000e+00 0.000000e+00 	 0
1.250000 	 -3.808177e-11 6.181099e-12 -3.131929e-11 	 2.736833e-11 9.166634e-10 -1.806012e-09 	 -1.071321e-11 9.228445e-10 -1.837332e-09 	 1
1.750000 	 0.000000e+00 0.000000e+00 0.000000e+00 	 0.000000e+00 0.000000e+00 0.000000e+00 	 0.000000e+00 0.000000e+00 0.000000e+00 	 0
2.250000 	 2.696225e-05 2.329875e-06 8.545743e-06 	 2.621461e-09 6.075943e-08 -1.363658e-07 	 2.696487e-05 2.390634e-06 8.409377e-06 	 1
2.750000 	 0.000000e+00 0.000000e+00 0.000000e+00 	 0.000000e+00 0.000000e+00 0.000000e+00 	 0.000000e+00 0.000000e+00 0.000000e+00 	 0
3.250000 	 -2.307354e-05 8.289972e-06 -1.296730e-05 	 1.861078e-06 4.636400e-06 -1.407337e-06 	 -2.121247e-05 1.292637e-05 -1.437463e-05 	 39
3.750000 	 -9.422702e-06 -3.243713e-06 -7.627907e-07 	 2.640640e-06 -1.702237e-06 -1.126848e-06 	 -6.782061e-06 -4.945950e-06 -1.889639e-06 	 551
4.250000 	 -1.125554e-05 -1.460073e-06 2.728344e-06 	 8.757693e-07 5.023290e-07 1.471265e-06 	 -1.037977e-05 -9.577437e-07 4.199609e-06 	 917
4.750000 	 -1.296736e-05 3.495832e-06 -1.459371e-06 	 -1.072087e-06 1.957929e-06 1.019243e-06 	 -1.403945e-05 5.453761e-06 -4.401277e-07 	 933
5.250000 	 3.923422e-06 7.385797e-07 -5.849187e-07 	 -4.887523e-06 8.786745e-08 -1.094038e-07 	 -9.641009e-07 8.264471e-07 -6.943225e-07 	 878
5.750000 	 1.618940e-05 -1.903893e-06 5.493292e-06 	 9.415386e-06 3.332780e-06 5.207943e-07 	 2.560479e-05 1.428887e-06 6.014086e-06 	 948
6.250000 	 1.492708e-05 7.548203e-06 -1.346643e-07 	 -5.949061e-07 -2.216309e-06 -1.754251e-07 	 1.433217e-05 5.331894e-06 -3.100894e-07 	 911
6.750000 	 2.339985e-06 -7.468568e-09 -2.804733e-06 	 -2.759919e-06 -1.344478e-06 -7.469911e-08 	 -4.199336e-07 -1.351947e-06 -2.879432e-06 	 890
7.250000 	 -8.347808e-07 3.155143e-06 2.018714e-06 	 9.188858e-07 2.271478e-06 -2.031278e-06 	 8.410496e-08 5.426620e-06 -1.256416e-08 	 908
7.750000 	 1.852918e-05 1.343888e-06 -6.938296e-06 	 -3.164316e-06 -1.319169e-06 5.981947e-08 	 1.536486e-05 2.471903e-08 -6.878477e-06 	 936
8.250000 	 1.652500e-05 1.248992e-06 -5.683960e-06 	 3.108530e-06 -1.243558e-06 4.744457e-07 	 1.963353e-05 5.433724e-09 -5.209514e-06 	 894
8.750000 	 3.794221e-06 1.713630e-06 4.955461e-06 	 5.735695e-07 3.810594e-07 1.781890e-06 	 4.367790e-06 2.094689e-06 6.737351e-06 	 826
9.250000 	 -2.586211e-06 -6.963320e-06 2.515185e-06 	 1.205526e-06 4.331379e-07 -1.033924e-06 	 -1.380685e-06 -6.530182e-06 1.481260e-06 	 897
9.750000 	 -1.523567e-05 3.056213e-06 -5.845578e-06 	 -4.277091e-06 -1.170433e-07 -2.019875e-06 	 -1.951277e-05 2.939170e-06 -7.865453e-06 	 929
10.250000 	 3.036728e-06 1.796371e-06 1.550029e-06 	 2.232966e-06 -7.542638e-08 -1.118967e-06 	 5.269694e-06 1.720945e-06 4.310614e-07 	 915
10.750000 	 8.239747e-06 -1.377132e-06 -5.515982e-07 	 -3.345228e-06 -1.104277e-06 2.475833e-06 	 4.894519e-06 -2.481409e-06 1.924235e-06 	 894
11.250000 	 -5.847027e-06 -3.008529e-06 -2.243198e-06 	 3.855110e-06 -1.088556e-06 -1.889226e-06 	 -1.991917e-06 -4.097085e-06 -4.132424e-06 	 519
11.750000 	 4.478103e-06 5.515954e-06 1.123496e-06 	 7.387273e-07 -1.299598e-06 4.533863e-06 	 5.216830e-06 4.216356e-06 5.657359e-06 	 35
12.250000 	 0.000000e+00 0.000000e+00 0.000000e+00 	 0.000000e+00 0.000000e+00 0.000000e+00 	 0.000000e+00 0.000000e+00 0.000000e+00 	 0
12.750000 	 0.000000e+00 0.000000e+00 0.000000e+00 	 0.000000e+00 0.000000e+00 0.000000e+00 	 0.000000e+00 0.000000e+00 0.000000e+00 	 0
13.250000 	 0.000000e+00 0.000000e+00 0.000000e+00 	 0.000000e+00 0.000000e+00 0.000000e+00 	 0.000000e+00 0.000000e+00 0.000000e+00 	 0
13.750000 	 1.099023e-12 2.091977e-12 1.095189e-12 	 8.403145e-10 -9.249587e-10 -2.650088e-10 	 8.414132e-10 -9.228667e-10 -2.639136e-10 	 1
14.250000 	 0.000000e+00 0.000000e+00 0.000000e+00 	 0.000000e+00 0.000000e+00 0.000000e+00 	 0.000000e+00 0.000000e+00 0.000000e+00 	 0
14.750000 	 0.000000e+00 0.000000e+00 0.000000e+00 	 0.000000e+00 0.000000e+00 0.000000e+00 	 0.000000e+00 0.000000e+00 0.000000e+00 	 0
