# 1  2-4    5-7    8-10   11     
# x  dirEF  recEF  sumEF  #Sample
0.250000 	 0.000000e+00 0.000000e+00 0.000000e+00 	 0.000000e+00 0.000000e+00 0.000000e+00 	 0.000000e+00 0.000000e+00 0.000000e+00 	 0
0.750000 	 0.000000e+00 0.000000e+00 0.000000e+00 	 0.000000e+00 0.000000e+00 0.000000e+00 	 0.000000e+00 0.000000e+00 0.000000e+00 	 0
1.250000 	 0.000000e+00 0.000000e+00 0.000000e+00 	 0.000000e+00 0.000000e+00 0.000000e+00 	 0.000000e+00 0.000000e+00 0.000000e+00 	 0
1.750000 	 0.000000e+00 0.000000e+00 0.000000e+00 	 0.000000e+00 0.000000e+00 0.000000e+00 	 0.000000e+00 0.000000e+00 0.000000e+00 	 0
2.250000 	 0.000000e+00 0.000000e+00 0.000000e+00 	 0.000000e+00 0.000000e+00 0.000000e+00 	 0.000000e+00 0.000000e+00 0.000000e+00 	 0
2.750000 	 4.942203e-05 -1.325483e-05 -9.562549e-06 	 -3.007622e-06 1.355738e-06 3.892461e-07 	 4.641441e-05 -1.189909e-05 -9.173303e-06 	 1
3.250000 	 1.455661e-05 -8.105207e-06 -2.457909e-05 	 -8.806708e-06 5.265998e-06 1.465955e-06 	 5.749898e-06 -2.839209e-06 -2.311314e-05 	 29
3.750000 	 7.854755e-06 2.664949e-06 -7.278837e-08 	 4.989219e-06 5.679383e-07 -1.084056e-06 	 1.284397e-05 3.232888e-06 -1.156845e-06 	 568
4.250000 	 -2.958109e-06 2.598720e-06 5.952635e-06 	 -6.220034e-07 1.543655e-06 4.096240e-07 	 -3.580113e-06 4.142375e-06 6.362259e-06 	 868
4.750000 	 1.352502e-06 -5.396121e-06 4.139580e-07 	 -1.286902e-06 1.496800e-07 -2.513356e-07 	 6.560013e-08 -5.246441e-06 1.626224e-07 	 899
5.250000 	 -4.230985e-06 1.861174e-06 3.160205e-06 	 -7.315465e-06 -3.146830e-06 1.349038e-06 	 -1.154645e-05 -1.285656e-06 4.509243e-06 	 938
5.750000 	 1.130962e-05 -3.442495e-06 -1.657742e-06 	 5.784378e-06 -1.471717e-06 3.548035e-06 	 1.709400e-05 -4.914212e-06 1.890293e-06 	 866
6.250000 	 8.489567e-06 8.625097e-07 -6.963560e-07 	 -3.291556e-06 1.061639e-06 -6.833028e-07 	 5.198011e-06 1.924149e-06 -1.379659e-06 	 903
6.750000 	 3.366321e-06 -6.481907e-07 -2.162025e-07 	 1.891210e-06 1.054610e-06 1.699928e-06 	 5.257530e-06 4.064189e-07 1.483726e-06 	 849
7.250000 	 -2.264596e-05 -4.193018e-06 -1.530773e-06 	 -8.441575e-07 6.546377e-07 1.028235e-06 	 -2.349012e-05 -3.538380e-06 -5.025377e-07 	 949
7.750000 	 -1.562289e-05 4.518601e-06 1.381398e-06 	 -3.152693e-06 -4.724576e-08 -1.599218e-06 	 -1.877559e-05 4.471355e-06 -2.178194e-07 	 916
8.250000 	 -5.829659e-06 -2.102432e-06 -3.961479e-06 	 3.924448e-06 -7.492699e-07 -1.215470e-07 	 -1.905210e-06 -2.851702e-06 -4.083026e-06 	 919
8.750000 	 1.106850e-05 -3.027381e-06 2.754795e-06 	 -1.244107e-06 -1.089935e-06 1.233159e-06 	 9.824395e-06 -4.117316e-06 3.987954e-06 	 946
9.250000 	 8.276721e-06 -1.541014e-07 3.598197e-06 	 -5.995335e-06 -9.120818e-07 -1.703659e-07 	 2.281386e-06 -1.066183e-06 3.427831e-06 	 870
9.750000 	 5.257021e-06 8.040575e-07 -1.961694e-06 	 8.981670e-06 2.681208e-08 1.705755e-06 	 1.423869e-05 8.308696e-07 -2.559388e-07 	 902
10.250000 	 -2.114959e-05 -3.409137e-06 -2.259810e-06 	 -3.130073e-06 -7.401033e-07 1.000855e-07 	 -2.427967e-05 -4.149240e-06 -2.159725e-06 	 905
10.750000 	 -5.214771e-06 -2.031002e-06 1.188084e-06 	 -2.960271e-06 7.576108e-07 -2.316274e-06 	 -8.175042e-06 -1.273391e-06 -1.128190e-06 	 887
11.250000 	 4.276200e-06 -3.082557e-07 -7.288167e-06 	 5.184036e-06 -1.939212e-06 1.410308e-06 	 9.460236e-06 -2.247468e-06 -5.877859e-06 	 576
11.750000 	 1.441424e-05 -1.554972e-05 -9.952378e-06 	 -2.909792e-06 -5.873312e-08 -1.783395e-06 	 1.150445e-05 -1.560845e-05 -1.173577e-05 	 33
12.250000 	 0.000000e+00 0.000000e+00 0.000000e+00 	 0.000000e+00 0.000000e+00 0.000000e+00 	 0.000000e+00 0.000000e+00 0.000000e+00 	 0
12.750000 	 0.000000e+00 0.000000e+00 0.000000e+00 	 0.000000e+00 0.000000e+00 0.000000e+00 	 0.000000e+00 0.000000e+00 0.000000e+00 	 0
13.250000 	 0.000000e+00 0.000000e+00 0.000000e+00 	 0.000000e+00 0.000000e+00 0.000000e+00 	 0.000000e+00 0.000000e+00 0.000000e+00 	 0
13.750000 	 0.000000e+00 0.000000e+00 0.000000e+00 	 0.000000e+00 0.000000e+00 0.000000e+00 	 0.000000e+00 0.000000e+00 0.000000e+00 	 0
14.250000 	 0.000000e+00 0.000000e+00 0.000000e+00 	 0.000000e+00 0.000000e+00 0.000000e+00 	 0.000000e+00 0.000000e+00 0.000000e+00 	 0
14.750000 	 0.000000e+00 0.000000e+00 0.000000e+00 	 0.000000e+00 0.000000e+00 0.000000e+00 	 0.000000e+00 0.000000e+00 0.000000e+00 	 0
