# 1  2-4    5-7    8-10   11     
# x  dirEF  recEF  sumEF  #Sample
0.250000 	 0.000000e+00 0.000000e+00 0.000000e+00 	 0.000000e+00 0.000000e+00 0.000000e+00 	 0.000000e+00 0.000000e+00 0.000000e+00 	 0
0.750000 	 0.000000e+00 0.000000e+00 0.000000e+00 	 0.000000e+00 0.000000e+00 0.000000e+00 	 0.000000e+00 0.000000e+00 0.000000e+00 	 0
1.250000 	 0.000000e+00 0.000000e+00 0.000000e+00 	 0.000000e+00 0.000000e+00 0.000000e+00 	 0.000000e+00 0.000000e+00 0.000000e+00 	 0
1.750000 	 0.000000e+00 0.000000e+00 0.000000e+00 	 0.000000e+00 0.000000e+00 0.000000e+00 	 0.000000e+00 0.000000e+00 0.000000e+00 	 0
2.250000 	 0.000000e+00 0.000000e+00 0.000000e+00 	 0.000000e+00 0.000000e+00 0.000000e+00 	 0.000000e+00 0.000000e+00 0.000000e+00 	 0
2.750000 	 -6.074973e-05 -2.999766e-05 -1.380934e-05 	 1.109752e-06 1.736540e-06 -1.840638e-06 	 -5.963998e-05 -2.826112e-05 -1.564998e-05 	 1
3.250000 	 -1.571982e-05 -9.263403e-07 6.758168e-06 	 -3.712045e-06 3.117089e-06 -3.000703e-06 	 -1.943186e-05 2.190749e-06 3.757464e-06 	 41
3.750000 	 -6.612226e-06 -3.356752e-06 -6.294109e-06 	 8.876957e-07 -4.844583e-07 7.952114e-07 	 -5.724530e-06 -3.841211e-06 -5.498898e-06 	 577
4.250000 	 1.176085e-05 2.811015e-06 7.253200e-07 	 1.723879e-06 -8.272565e-07 -2.773922e-06 	 1.348473e-05 1.983759e-06 -2.048602e-06 	 923
4.750000 	 1.785382e-05 -7.867045e-06 4.032189e-06 	 -5.380237e-06 5.638089e-07 1.491690e-06 	 1.247359e-05 -7.303236e-06 5.523879e-06 	 902
5.250000 	 9.299811e-06 -7.011966e-07 -2.686052e-06 	 3.386384e-06 2.476787e-06 -1.009689e-06 	 1.268619e-05 1.775591e-06 -3.695742e-06 	 895
5.750000 	 2.804965e-06 -2.345073e-07 3.386806e-06 	 -1.163514e-05 -1.087227e-06 2.482976e-06 	 -8.830177e-06 -1.321734e-06 5.869782e-06 	 886
6.250000 	 -5.438151e-06 1.735866e-06 -1.350630e-06 	 8.572009e-06 -8.337876e-09 2.344917e-06 	 3.133859e-06 1.727528e-06 9.942880e-07 	 889
6.750000 	 -1.977915e-06 -4.834432e-06 -6.269961e-06 	 -2.657567e-06 3.517364e-06 4.272614e-07 	 -4.635482e-06 -1.317068e-06 -5.842699e-06 	 935
7.250000 	 1.300324e-05 -9.886422e-07 3.961455e-06 	 9.452301e-08 -5.102384e-06 4.574062e-07 	 1.309777e-05 -6.091026e-06 4.418861e-06 	 887
7.750000 	 2.117336e-06 -1.157015e-06 2.615675e-06 	 3.689397e-07 3.328579e-06 1.516921e-06 	 2.486276e-06 2.171564e-06 4.132596e-06 	 875
8.250000 	 -6.077762e-06 3.819228e-07 -1.334231e-06 	 5.295223e-06 -1.339285e-06 -1.481195e-06 	 -7.825391e-07 -9.573626e-07 -2.815425e-06 	 893
8.750000 	 -2.375453e-05 1.700787e-06 -4.031147e-07 	 1.358261e-06 9.752617e-07 1.933938e-06 	 -2.239627e-05 2.676048e-06 1.530823e-06 	 912
9.250000 	 -8.275767e-06 1.208651e-06 7.269735e-07 	 -5.300744e-08 -1.301469e-07 -2.383757e-07 	 -8.328775e-06 1.078504e-06 4.885978e-07 	 904
9.750000 	 1.332527e-05 2.633027e-06 -2.165904e-06 	 -5.200007e-06 1.954339e-06 -2.120413e-06 	 8.125266e-06 4.587366e-06 -4.286317e-06 	 914
10.250000 	 1.512574e-05 -1.468180e-06 4.845436e-06 	 3.798934e-06 -1.223849e-06 -1.396392e-06 	 1.892467e-05 -2.692029e-06 3.449044e-06 	 928
10.750000 	 1.037923e-05 -1.448509e-06 -5.884062e-08 	 -1.029080e-06 1.629425e-06 2.473233e-06 	 9.350147e-06 1.809153e-07 2.414392e-06 	 864
11.250000 	 4.307174e-06 9.182763e-07 -3.170571e-06 	 -3.847428e-06 3.017929e-07 -4.447847e-07 	 4.597462e-07 1.220069e-06 -3.615356e-06 	 556
11.750000 	 -1.604707e-05 6.374304e-06 -5.760866e-06 	 2.325739e-06 3.773641e-06 -2.102845e-06 	 -1.372133e-05 1.014795e-05 -7.863710e-06 	 42
12.250000 	 0.000000e+00 0.000000e+00 0.000000e+00 	 0.000000e+00 0.000000e+00 0.000000e+00 	 0.000000e+00 0.000000e+00 0.000000e+00 	 0
12.750000 	 0.000000e+00 0.000000e+00 0.000000e+00 	 0.000000e+00 0.000000e+00 0.000000e+00 	 0.000000e+00 0.000000e+00 0.000000e+00 	 0
13.250000 	 0.000000e+00 0.000000e+00 0.000000e+00 	 0.000000e+00 0.000000e+00 0.000000e+00 	 0.000000e+00 0.000000e+00 0.000000e+00 	 0
13.750000 	 0.000000e+00 0.000000e+00 0.000000e+00 	 0.000000e+00 0.000000e+00 0.000000e+00 	 0.000000e+00 0.000000e+00 0.000000e+00 	 0
14.250000 	 0.000000e+00 0.000000e+00 0.000000e+00 	 0.000000e+00 0.000000e+00 0.000000e+00 	 0.000000e+00 0.000000e+00 0.000000e+00 	 0
14.750000 	 0.000000e+00 0.000000e+00 0.000000e+00 	 0.000000e+00 0.000000e+00 0.000000e+00 	 0.000000e+00 0.000000e+00 0.000000e+00 	 0
