# 1  2-4    5-7    8-10   11     
# x  dirEF  recEF  sumEF  #Sample
0.250000 	 0.000000e+00 0.000000e+00 0.000000e+00 	 0.000000e+00 0.000000e+00 0.000000e+00 	 0.000000e+00 0.000000e+00 0.000000e+00 	 0
0.750000 	 0.000000e+00 0.000000e+00 0.000000e+00 	 0.000000e+00 0.000000e+00 0.000000e+00 	 0.000000e+00 0.000000e+00 0.000000e+00 	 0
1.250000 	 0.000000e+00 0.000000e+00 0.000000e+00 	 0.000000e+00 0.000000e+00 0.000000e+00 	 0.000000e+00 0.000000e+00 0.000000e+00 	 0
1.750000 	 0.000000e+00 0.000000e+00 0.000000e+00 	 0.000000e+00 0.000000e+00 0.000000e+00 	 0.000000e+00 0.000000e+00 0.000000e+00 	 0
2.250000 	 0.000000e+00 0.000000e+00 0.000000e+00 	 0.000000e+00 0.000000e+00 0.000000e+00 	 0.000000e+00 0.000000e+00 0.000000e+00 	 0
2.750000 	 0.000000e+00 0.000000e+00 0.000000e+00 	 0.000000e+00 0.000000e+00 0.000000e+00 	 0.000000e+00 0.000000e+00 0.000000e+00 	 0
3.250000 	 7.682120e-06 4.643900e-06 -1.128804e-05 	 1.069692e-05 -4.075340e-07 -1.140609e-05 	 1.837904e-05 4.236366e-06 -2.269413e-05 	 38
3.750000 	 9.939660e-06 -1.740262e-06 8.475146e-06 	 9.610557e-06 2.737048e-06 -4.292462e-06 	 1.955022e-05 9.967863e-07 4.182684e-06 	 586
4.250000 	 -7.956091e-06 -2.460900e-06 2.673385e-06 	 4.913566e-06 7.801297e-07 -4.369969e-06 	 -3.042526e-06 -1.680770e-06 -1.696583e-06 	 882
4.750000 	 -1.049119e-05 3.490726e-06 2.735498e-07 	 5.103864e-06 -5.174138e-06 1.098565e-06 	 -5.387330e-06 -1.683412e-06 1.372114e-06 	 870
5.250000 	 -2.050140e-05 4.752396e-06 -1.877232e-07 	 -8.975402e-06 -7.928627e-06 -1.098940e-05 	 -2.947680e-05 -3.176230e-06 -1.117712e-05 	 940
5.750000 	 -9.358568e-06 -2.140152e-06 5.377246e-06 	 -2.540695e-06 1.636859e-06 2.462331e-07 	 -1.189926e-05 -5.032929e-07 5.623479e-06 	 942
6.250000 	 -6.087964e-06 -1.809849e-06 -3.250321e-07 	 7.119969e-07 1.871856e-06 -5.208952e-06 	 -5.375967e-06 6.200739e-08 -5.533984e-06 	 923
6.750000 	 1.038117e-05 4.899154e-06 -2.728628e-07 	 5.255131e-06 1.557021e-06 -9.224767e-06 	 1.563630e-05 6.456175e-06 -9.497629e-06 	 879
7.250000 	 1.202403e-05 -7.555416e-07 -1.080455e-06 	 -6.650855e-06 -1.255313e-06 6.967016e-06 	 5.373180e-06 -2.010855e-06 5.886561e-06 	 945
7.750000 	 1.960095e-05 2.442897e-06 -1.684563e-06 	 7.074295e-06 -9.848964e-06 1.908819e-06 	 2.667524e-05 -7.406067e-06 2.242553e-07 	 889
8.250000 	 4.323981e-05 -2.293544e-06 1.429351e-06 	 -6.615451e-06 5.027703e-06 -8.450250e-07 	 3.662436e-05 2.734159e-06 5.843258e-07 	 875
8.750000 	 1.130920e-05 2.300853e-06 -3.421478e-06 	 2.190398e-06 -5.622168e-06 -8.248820e-06 	 1.349960e-05 -3.321315e-06 -1.167030e-05 	 883
9.250000 	 -1.625979e-05 -4.312888e-07 3.349119e-06 	 1.017372e-05 -1.154840e-05 -2.515808e-06 	 -6.086068e-06 -1.197969e-05 8.333117e-07 	 845
9.750000 	 -1.478971e-05 -3.566166e-06 4.212102e-09 	 -8.731872e-06 2.262898e-06 2.058214e-06 	 -2.352158e-05 -1.303268e-06 2.062426e-06 	 909
10.250000 	 -3.247235e-05 1.610831e-06 4.731273e-07 	 2.141721e-06 9.281278e-06 -1.303182e-06 	 -3.033063e-05 1.089211e-05 -8.300546e-07 	 918
10.750000 	 -1.567776e-05 3.661588e-06 -6.850047e-07 	 7.999657e-07 1.890295e-06 -4.493095e-06 	 -1.487779e-05 5.551883e-06 -5.178100e-06 	 908
11.250000 	 2.032748e-05 2.522773e-06 1.899901e-06 	 -4.256209e-06 -7.663313e-06 1.232731e-05 	 1.607127e-05 -5.140540e-06 1.422721e-05 	 557
11.750000 	 4.881163e-06 -1.934397e-06 1.408798e-05 	 -2.671667e-06 -1.145382e-05 1.507311e-05 	 2.209495e-06 -1.338821e-05 2.916110e-05 	 34
12.250000 	 0.000000e+00 0.000000e+00 0.000000e+00 	 0.000000e+00 0.000000e+00 0.000000e+00 	 0.000000e+00 0.000000e+00 0.000000e+00 	 0
12.750000 	 0.000000e+00 0.000000e+00 0.000000e+00 	 0.000000e+00 0.000000e+00 0.000000e+00 	 0.000000e+00 0.000000e+00 0.000000e+00 	 0
13.250000 	 -1.967325e-09 -1.086264e-09 4.418802e-10 	 2.503819e-05 3.297413e-07 -6.267675e-06 	 2.503622e-05 3.286551e-07 -6.267234e-06 	 1
13.750000 	 0.000000e+00 0.000000e+00 0.000000e+00 	 0.000000e+00 0.000000e+00 0.000000e+00 	 0.000000e+00 0.000000e+00 0.000000e+00 	 0
14.250000 	 0.000000e+00 0.000000e+00 0.000000e+00 	 0.000000e+00 0.000000e+00 0.000000e+00 	 0.000000e+00 0.000000e+00 0.000000e+00 	 0
14.750000 	 0.000000e+00 0.000000e+00 0.000000e+00 	 0.000000e+00 0.000000e+00 0.000000e+00 	 0.000000e+00 0.000000e+00 0.000000e+00 	 0
