# 1  2-4    5-7    8-10   11     
# x  dirEF  recEF  sumEF  #Sample
0.250000 	 0.000000e+00 0.000000e+00 0.000000e+00 	 0.000000e+00 0.000000e+00 0.000000e+00 	 0.000000e+00 0.000000e+00 0.000000e+00 	 0
0.750000 	 0.000000e+00 0.000000e+00 0.000000e+00 	 0.000000e+00 0.000000e+00 0.000000e+00 	 0.000000e+00 0.000000e+00 0.000000e+00 	 0
1.250000 	 0.000000e+00 0.000000e+00 0.000000e+00 	 0.000000e+00 0.000000e+00 0.000000e+00 	 0.000000e+00 0.000000e+00 0.000000e+00 	 0
1.750000 	 0.000000e+00 0.000000e+00 0.000000e+00 	 0.000000e+00 0.000000e+00 0.000000e+00 	 0.000000e+00 0.000000e+00 0.000000e+00 	 0
2.250000 	 0.000000e+00 0.000000e+00 0.000000e+00 	 0.000000e+00 0.000000e+00 0.000000e+00 	 0.000000e+00 0.000000e+00 0.000000e+00 	 0
2.750000 	 0.000000e+00 0.000000e+00 0.000000e+00 	 0.000000e+00 0.000000e+00 0.000000e+00 	 0.000000e+00 0.000000e+00 0.000000e+00 	 0
3.250000 	 2.211166e-05 -6.915765e-06 6.196864e-06 	 -7.927326e-06 2.100276e-06 -6.167420e-07 	 1.418433e-05 -4.815489e-06 5.580122e-06 	 34
3.750000 	 1.430601e-05 6.149451e-07 1.741043e-06 	 4.396491e-06 -2.981424e-06 -9.348368e-07 	 1.870250e-05 -2.366479e-06 8.062064e-07 	 566
4.250000 	 1.512299e-05 -2.691281e-06 -1.268632e-06 	 -3.387261e-06 1.004039e-06 3.896125e-06 	 1.173573e-05 -1.687242e-06 2.627492e-06 	 868
4.750000 	 3.499709e-06 4.388547e-06 2.542091e-06 	 2.368122e-06 -4.403588e-08 6.999536e-07 	 5.867830e-06 4.344511e-06 3.242045e-06 	 900
5.250000 	 -2.372498e-05 -2.172228e-07 -1.925385e-06 	 5.038905e-06 3.455541e-07 -1.688722e-06 	 -1.868608e-05 1.283313e-07 -3.614107e-06 	 880
5.750000 	 -2.603998e-05 -1.627717e-06 8.884278e-07 	 -1.979941e-06 -1.188537e-06 9.371039e-07 	 -2.801993e-05 -2.816255e-06 1.825532e-06 	 916
6.250000 	 -1.173174e-05 1.130307e-07 -1.544202e-06 	 -2.560029e-06 -5.659540e-07 5.710423e-09 	 -1.429177e-05 -4.529233e-07 -1.538492e-06 	 941
6.750000 	 1.240907e-05 -1.900689e-07 -1.543542e-06 	 1.398067e-06 -3.079176e-07 1.564726e-06 	 1.380714e-05 -4.979865e-07 2.118372e-08 	 924
7.250000 	 3.261962e-05 6.901721e-06 2.129989e-06 	 -7.424775e-06 2.890319e-07 -3.310300e-06 	 2.519484e-05 7.190753e-06 -1.180312e-06 	 906
7.750000 	 4.791026e-06 -4.133359e-06 -6.029270e-07 	 6.812044e-06 3.769237e-06 1.614869e-06 	 1.160307e-05 -3.641219e-07 1.011942e-06 	 886
8.250000 	 -1.889747e-05 -1.529336e-06 7.991033e-07 	 -4.096047e-06 7.688448e-07 -5.501936e-07 	 -2.299352e-05 -7.604907e-07 2.489097e-07 	 842
8.750000 	 -1.893309e-05 1.362348e-06 8.887607e-07 	 -2.737348e-06 -3.841663e-07 3.323462e-06 	 -2.167044e-05 9.781814e-07 4.212223e-06 	 924
9.250000 	 -1.316609e-05 -1.856679e-06 -1.081205e-07 	 5.469011e-06 -2.129545e-06 1.381692e-06 	 -7.697081e-06 -3.986223e-06 1.273571e-06 	 933
9.750000 	 9.901969e-06 -3.224892e-06 2.347714e-06 	 -1.051736e-06 1.056926e-06 1.959549e-06 	 8.850233e-06 -2.167965e-06 4.307263e-06 	 914
10.250000 	 2.173320e-05 5.055122e-07 -5.363279e-06 	 -3.552203e-07 -1.059806e-06 1.326636e-06 	 2.137798e-05 -5.542937e-07 -4.036642e-06 	 921
10.750000 	 1.288340e-05 3.120745e-07 4.357804e-06 	 2.319668e-06 2.776962e-06 1.464119e-06 	 1.520307e-05 3.089036e-06 5.821923e-06 	 884
11.250000 	 7.873532e-07 2.269188e-06 -3.654607e-06 	 -4.166461e-06 -2.072988e-06 4.496510e-06 	 -3.379108e-06 1.961999e-07 8.419032e-07 	 550
11.750000 	 -1.421615e-05 1.345891e-05 6.642261e-06 	 3.725784e-06 -2.210570e-07 3.800328e-07 	 -1.049037e-05 1.323785e-05 7.022294e-06 	 35
12.250000 	 0.000000e+00 0.000000e+00 0.000000e+00 	 0.000000e+00 0.000000e+00 0.000000e+00 	 0.000000e+00 0.000000e+00 0.000000e+00 	 0
12.750000 	 0.000000e+00 0.000000e+00 0.000000e+00 	 0.000000e+00 0.000000e+00 0.000000e+00 	 0.000000e+00 0.000000e+00 0.000000e+00 	 0
13.250000 	 0.000000e+00 0.000000e+00 0.000000e+00 	 0.000000e+00 0.000000e+00 0.000000e+00 	 0.000000e+00 0.000000e+00 0.000000e+00 	 0
13.750000 	 0.000000e+00 0.000000e+00 0.000000e+00 	 0.000000e+00 0.000000e+00 0.000000e+00 	 0.000000e+00 0.000000e+00 0.000000e+00 	 0
14.250000 	 0.000000e+00 0.000000e+00 0.000000e+00 	 0.000000e+00 0.000000e+00 0.000000e+00 	 0.000000e+00 0.000000e+00 0.000000e+00 	 0
14.750000 	 0.000000e+00 0.000000e+00 0.000000e+00 	 0.000000e+00 0.000000e+00 0.000000e+00 	 0.000000e+00 0.000000e+00 0.000000e+00 	 0
