0.00 3.126373e-05
0.10 3.126373e-05
0.12 3.126373e-05
0.14 3.126373e-05
0.16 3.018474e-05
0.28 4.917155e-06
0.30 3.277305e-05
0.32 2.790515e-05
0.34 2.311524e-05
0.36 2.408474e-05
0.38 2.571846e-05
0.40 2.522788e-05
0.42 2.397873e-05
0.44 2.253575e-05
0.46 1.961296e-05
0.48 1.392015e-05
0.50 9.830541e-07
0.58 8.889317e-06
0.60 1.359307e-05
0.62 1.470072e-05
0.64 1.435712e-05
0.66 1.344089e-05
0.68 1.305608e-05
0.70 1.301985e-05
0.72 1.315656e-05
0.74 1.349698e-05
0.76 1.295551e-05
0.78 1.249305e-05
0.80 1.186085e-05
0.82 1.190580e-05
0.84 1.098070e-05
0.86 1.092426e-05
0.88 1.134600e-05
0.90 1.164464e-05
0.92 1.213704e-05
0.94 1.233304e-05
0.96 1.228850e-05
0.98 1.208889e-05
1.00 1.232156e-05
1.02 1.193357e-05
1.04 1.193960e-05
1.06 1.192328e-05
1.08 1.204356e-05
1.10 1.222579e-05
1.12 1.205662e-05
1.14 1.181765e-05
1.16 1.189937e-05
1.18 1.191664e-05
1.20 1.207136e-05
1.22 1.189929e-05
1.24 1.206056e-05
1.26 1.213675e-05
1.28 1.214643e-05
1.30 1.213608e-05
1.32 1.208216e-05
1.34 1.210437e-05
1.36 1.202144e-05
1.38 1.196057e-05
1.40 1.211629e-05
1.42 1.239410e-05
1.44 1.216499e-05
1.46 1.193142e-05
1.48 1.212271e-05
1.50 1.193489e-05
1.52 1.206373e-05
1.54 1.237050e-05
1.56 1.222084e-05
1.58 1.251211e-05
1.60 1.193066e-05
