# 1      2         3-4       5-6      7
# x  RMS-E  E_inhomo^2  E_homo^2  selfE^2
0.061556 9.488796e-05   1.671501e-17 2.096417e-37 2.105441e-13 -1.720536e-22   9.003515e-09 1.311026e-09 1.137974e-09
0.184667 9.488800e-05   1.955770e-17 2.051265e-37 2.166720e-13 -1.270549e-21   9.003515e-09 1.052485e-09 1.024387e-09
0.307779 9.488781e-05   2.117818e-17 9.967100e-37 1.811364e-13 -2.858736e-21   9.003515e-09 3.204646e-10 2.400694e-10
0.430890 9.488756e-05   1.729932e-17 1.057037e-37 1.345164e-13 1.905824e-21   9.003515e-09 8.511671e-10 1.223885e-09
0.554001 9.488735e-05   1.017498e-17 5.266489e-37 9.485573e-14 2.329341e-21   9.003515e-09 1.995688e-09 2.732590e-09
0.677113 9.488711e-05   4.441191e-18 1.954224e-37 4.934474e-14 8.682088e-21   9.003515e-09 2.467372e-09 3.351690e-09
0.800224 9.488694e-05   1.328554e-18 1.904711e-36 1.664054e-14 -2.117582e-22   9.003515e-09 1.963810e-09 2.626541e-09
0.923336 9.488688e-05   4.341321e-19 3.922215e-37 5.024319e-15 4.023406e-21   9.003515e-09 8.015294e-10 1.002896e-09
1.046447 9.488687e-05   3.743841e-19 5.182889e-37 2.494937e-15 3.811648e-21   9.003515e-09 3.558229e-10 5.855646e-10
1.169558 9.488686e-05   6.419504e-19 8.299982e-37 2.008519e-15 5.505714e-21   9.003515e-09 1.017468e-09 1.488856e-09
1.292670 9.488687e-05   1.504665e-18 5.464569e-37 2.591859e-15 4.658681e-21   9.003515e-09 1.125324e-09 1.683950e-09
1.415781 9.488688e-05   2.642892e-18 6.035110e-37 4.464355e-15 -5.902447e-23   9.003515e-09 9.224897e-10 1.523858e-09
1.538893 9.488689e-05   3.296600e-18 4.016366e-37 7.047290e-15 -9.610229e-22   9.003515e-09 6.882799e-10 1.329426e-09
1.662004 9.488692e-05   5.219502e-18 1.229042e-36 1.250347e-14 -5.216842e-21   9.003515e-09 5.960163e-10 1.212944e-09
1.785115 9.488706e-05   7.684157e-18 5.494626e-37 3.956104e-14 4.149525e-21   9.003515e-09 7.373305e-10 1.161756e-09
1.908227 9.488780e-05   1.436748e-17 3.737166e-37 1.793552e-13 2.493928e-21   9.003515e-09 1.216836e-09 1.210880e-09
2.031338 9.489063e-05   1.446334e-16 9.701668e-37 7.172209e-13 9.437226e-21   9.003515e-09 2.195052e-09 1.541124e-09
2.154450 9.489726e-05   2.107788e-16 4.452582e-37 1.974328e-12 -3.168268e-21   9.003515e-09 3.786480e-09 2.408777e-09
2.277561 9.491516e-05   5.382782e-16 1.112554e-36 5.371356e-12 6.245320e-21   9.003515e-09 5.804246e-09 3.901061e-09
2.400672 9.498048e-05   7.084631e-15 1.838817e-37 1.776867e-11 -2.190260e-22   9.003515e-09 7.494446e-09 5.643807e-09
2.523784 9.513187e-05   1.024354e-14 7.625014e-38 4.654652e-11 8.932178e-21   9.003515e-09 7.545463e-09 6.706382e-09
2.646895 9.546619e-05   2.121471e-14 9.202311e-38 1.102565e-10 4.327733e-21   9.003515e-09 4.633517e-09 5.895323e-09
2.770007 9.628207e-05   1.587004e-13 4.162729e-37 2.665628e-10 -5.260276e-22   9.003515e-09 1.541103e-09 2.362518e-09
2.893118 9.836632e-05   2.414060e-13 1.449154e-36 6.721774e-10 -4.155686e-21   9.003515e-09 9.305773e-09 3.798331e-09
3.016229 1.033987e-04   1.769194e-13 4.280273e-37 1.687592e-09 -2.447521e-21   9.003515e-09 1.514491e-08 1.130913e-08
3.139341 1.133927e-04   1.953744e-12 5.734053e-37 3.852433e-09 -2.955712e-21   9.003515e-09 1.552485e-08 1.800096e-08
3.262452 1.303379e-04   4.156626e-12 1.069531e-36 7.980302e-09 1.144872e-21   9.003515e-09 9.545757e-09 2.159326e-08
3.385564 1.540870e-04   2.006475e-12 6.459290e-37 1.473729e-08 2.206194e-21   9.003515e-09 1.266890e-10 2.057134e-08
3.508675 1.814739e-04   7.694385e-12 1.506786e-36 2.392158e-08 -4.822852e-21   9.003515e-09 7.838692e-09 1.455833e-08
3.631786 2.089742e-04   1.295799e-11 2.402195e-37 3.465375e-08 1.878703e-21   9.003515e-09 1.111811e-08 3.938949e-09
3.754898 2.336341e-04   7.349465e-12 1.597687e-36 4.557401e-08 -8.758186e-21   9.003515e-09 1.058896e-08 1.071636e-08
3.878009 2.531269e-04   4.493116e-12 7.997508e-37 5.506520e-08 2.928724e-21   9.003515e-09 1.075744e-08 2.856114e-08
4.001121 2.661431e-04   4.431587e-12 1.242480e-36 6.182421e-08 4.953927e-22   9.003515e-09 1.683535e-08 4.758460e-08
4.124232 2.739685e-04   6.200931e-12 1.065791e-36 6.604904e-08 3.590444e-22   9.003515e-09 3.094289e-08 6.398125e-08
4.247343 2.783986e-04   3.950030e-12 4.585220e-37 6.849831e-08 -4.399943e-21   9.003515e-09 4.963541e-08 7.311251e-08
4.370455 2.806388e-04   1.100219e-11 8.101225e-37 6.974364e-08 1.360460e-21   9.003515e-09 6.524651e-08 7.200008e-08
4.493566 2.806153e-04   5.128430e-12 2.911720e-37 6.973629e-08 -1.946346e-21   9.003515e-09 7.120742e-08 6.138751e-08
4.616678 2.795082e-04   5.601712e-12 4.905969e-37 6.911571e-08 -1.507595e-21   9.003515e-09 6.713679e-08 4.533410e-08
4.739789 2.795079e-04   2.276901e-12 4.944225e-38 6.911889e-08 9.906202e-22   9.003515e-09 5.865842e-08 2.855325e-08
4.862900 2.807103e-04   1.311605e-11 1.631819e-37 6.978164e-08 2.026531e-22   9.003515e-09 5.206315e-08 1.372576e-08
4.986012 2.820208e-04   1.186498e-11 3.446203e-37 7.052036e-08 2.288223e-21   9.003515e-09 4.908519e-08 5.505853e-10
5.109123 2.827811e-04   2.785317e-11 1.699382e-37 7.093380e-08 1.680421e-21   9.003515e-09 4.591604e-08 1.350576e-08
5.232235 2.830244e-04   2.501832e-11 5.307931e-37 7.107429e-08 1.444206e-21   9.003515e-09 3.577081e-08 3.149118e-08
5.355346 2.827781e-04   2.504830e-11 4.469847e-37 7.093489e-08 1.687759e-21   9.003515e-09 1.265638e-08 5.463118e-08
5.478457 2.826187e-04   4.307383e-11 6.951844e-37 7.082671e-08 2.864819e-22   9.003515e-09 2.440298e-08 8.012603e-08
5.601569 2.829335e-04   6.557001e-12 2.399405e-37 7.104128e-08 -1.659821e-21   9.003515e-09 6.801630e-08 1.010081e-07
5.724680 2.839460e-04   3.683515e-11 9.355105e-37 7.158497e-08 4.013889e-21   9.003515e-09 1.038986e-07 1.094759e-07
5.847792 2.846308e-04   5.364732e-11 2.946718e-37 7.195753e-08 2.638580e-21   9.003515e-09 1.188631e-07 1.019785e-07
5.970903 2.833759e-04   1.083680e-11 2.972088e-37 7.128754e-08 -8.826317e-22   9.003515e-09 1.096131e-07 8.181239e-08
6.094014 2.816481e-04   4.616070e-11 6.031390e-38 7.027596e-08 2.658989e-21   9.003515e-09 8.415750e-08 5.685083e-08
6.217126 2.801150e-04   2.366722e-11 3.937257e-37 6.943723e-08 7.243112e-21   9.003515e-09 5.502427e-08 3.460708e-08
6.340237 2.789603e-04   5.546217e-11 5.330910e-37 6.875987e-08 3.118495e-21   9.003515e-09 3.133617e-08 1.882708e-08
6.463349 2.780526e-04   5.753989e-11 1.933210e-37 6.825221e-08 8.996243e-21   9.003515e-09 1.592810e-08 9.436821e-09
6.586460 2.790332e-04   1.565745e-11 3.889700e-37 6.884037e-08 3.260502e-21   9.003515e-09 7.324175e-09 4.482461e-09
6.709571 2.809707e-04   2.142861e-11 2.064431e-37 6.991960e-08 -1.912001e-21   9.003515e-09 2.877601e-09 1.952245e-09
6.832683 2.816410e-04   4.787825e-12 3.445187e-37 7.031335e-08 8.773034e-23   9.003515e-09 5.781714e-10 5.689188e-10
6.955794 2.813457e-04   6.334911e-12 3.901901e-37 7.014557e-08 2.633213e-21   9.003515e-09 6.271200e-10 2.316491e-10
7.078906 2.811079e-04   1.970004e-11 1.407963e-36 6.999843e-08 4.189827e-21   9.003515e-09 1.189982e-09 6.381827e-10
7.202017 2.811698e-04   5.064230e-11 2.064754e-37 7.000227e-08 8.458241e-22   9.003515e-09 1.356727e-09 7.762643e-10
7.325128 2.811718e-04   1.896597e-11 8.261288e-37 7.003508e-08 -1.285405e-21   9.003515e-09 1.351022e-09 8.320139e-10
7.448240 2.823666e-04   2.207265e-11 1.212547e-36 7.070533e-08 -4.743351e-21   9.003515e-09 1.339191e-09 9.669931e-10
7.571351 2.843933e-04   1.579428e-11 4.457728e-37 7.186025e-08 1.931800e-21   9.003515e-09 1.199661e-09 5.672508e-10
7.694463 2.863877e-04   3.261514e-12 3.548439e-39 7.301111e-08 -1.817958e-21   9.003515e-09 8.530075e-10 4.555169e-10
7.817574 2.873324e-04   6.287578e-12 3.019334e-37 7.355010e-08 -2.025197e-21   9.003515e-09 3.486106e-10 7.425191e-11
7.940685 2.871222e-04   9.605439e-12 4.508710e-37 7.342604e-08 -6.624900e-21   9.003515e-09 2.980980e-10 5.790948e-10
8.063797 2.859207e-04   7.008431e-12 5.092666e-37 7.274010e-08 -6.796758e-21   9.003515e-09 8.838288e-10 1.233610e-09
8.186908 2.844564e-04   1.556306e-11 9.091913e-37 7.189636e-08 -3.702102e-22   9.003515e-09 1.130868e-09 1.494720e-09
8.310020 2.831678e-04   3.077939e-11 5.494424e-37 7.114973e-08 -1.381464e-21   9.003515e-09 9.142723e-10 1.171701e-09
8.433131 2.820086e-04   2.128705e-11 3.752980e-37 7.050407e-08 1.420421e-21   9.003515e-09 3.809102e-10 4.530042e-10
8.556242 2.807976e-04   1.722726e-11 5.238057e-37 6.982654e-08 -4.707140e-21   9.003515e-09 1.679466e-10 2.656509e-10
8.679354 2.798422e-04   4.031922e-11 4.814257e-37 6.926782e-08 -3.766863e-21   9.003515e-09 5.041290e-10 7.050247e-10
8.802465 2.792400e-04   5.999212e-11 1.053279e-36 6.891145e-08 -1.211614e-20   9.003515e-09 5.915330e-10 8.492569e-10
8.925577 2.794675e-04   5.308903e-11 5.524167e-37 6.904550e-08 -9.882974e-22   9.003515e-09 5.342618e-10 8.399406e-10
9.048688 2.804174e-04   4.887168e-11 3.461783e-37 6.958151e-08 -7.782250e-21   9.003515e-09 4.624961e-10 7.989970e-10
9.171799 2.814201e-04   4.825120e-11 2.189067e-37 7.014553e-08 -4.182127e-21   9.003515e-09 4.750251e-10 7.571933e-10
9.294911 2.818212e-04   3.727817e-11 2.663218e-37 7.038240e-08 -6.762830e-21   9.003515e-09 6.677414e-10 7.150121e-10
9.418022 2.808492e-04   2.764679e-11 6.578960e-37 6.984512e-08 -7.071280e-21   9.003515e-09 1.198982e-09 7.561959e-10
9.541134 2.794830e-04   1.371696e-11 3.848832e-37 6.909349e-08 -5.519295e-22   9.003515e-09 2.300587e-09 1.106371e-09
9.664245 2.787813e-04   1.964707e-12 8.075487e-37 6.871353e-08 1.732366e-21   9.003515e-09 4.137751e-09 2.043712e-09
9.787356 2.786391e-04   8.018028e-12 1.099115e-36 6.862820e-08 3.891388e-21   9.003515e-09 6.493326e-09 3.633543e-09
9.910468 2.786544e-04   2.530028e-12 3.245923e-38 6.864223e-08 -1.647081e-21   9.003515e-09 8.437499e-09 5.401441e-09
10.033579 2.798759e-04   2.040120e-11 4.460575e-37 6.930662e-08 -2.039139e-21   9.003515e-09 8.354157e-09 6.208550e-09
10.156691 2.819703e-04   4.443717e-11 6.038049e-37 7.045928e-08 -6.039507e-21   9.003515e-09 4.697012e-09 4.564579e-09
10.279802 2.841532e-04   2.058830e-11 5.877466e-37 7.171893e-08 5.630499e-21   9.003515e-09 2.578541e-09 6.549310e-10
10.402913 2.851402e-04   8.524944e-11 5.717331e-37 7.221617e-08 -2.673920e-21   9.003515e-09 1.077138e-08 9.414189e-09
10.526025 2.844882e-04   5.466140e-11 9.089501e-38 7.187537e-08 5.897197e-21   9.003515e-09 1.486164e-08 2.007904e-08
10.649136 2.819808e-04   2.387754e-11 3.395993e-37 7.048580e-08 -5.320497e-21   9.003515e-09 1.042625e-08 2.970864e-08
10.772248 2.766099e-04   7.300831e-11 1.541437e-37 6.743649e-08 -2.236089e-21   9.003515e-09 2.530348e-09 3.517231e-08
10.895359 2.674959e-04   2.502823e-11 7.422439e-38 6.252552e-08 1.204077e-22   9.003515e-09 1.843702e-08 3.457235e-08
11.018470 2.538752e-04   2.860225e-11 1.814885e-37 5.542052e-08 4.089678e-21   9.003515e-09 2.968242e-08 2.797548e-08
11.141582 2.345823e-04   4.502098e-11 4.784299e-37 4.598032e-08 2.495645e-21   9.003515e-09 3.212464e-08 1.691258e-08
11.264693 2.094091e-04   4.170058e-12 8.441134e-37 3.484450e-08 5.484957e-21   9.003515e-09 2.769861e-08 3.250538e-09
11.387805 1.820619e-04   7.332140e-12 8.356715e-38 2.413568e-08 4.280381e-22   9.003515e-09 2.233789e-08 1.143313e-08
11.510916 1.549478e-04   6.190769e-12 1.054492e-36 1.499911e-08 -1.876979e-21   9.003515e-09 2.166576e-08 2.556392e-08
11.634027 1.310890e-04   2.400029e-13 3.504337e-37 8.180570e-09 6.858705e-22   9.003515e-09 2.767065e-08 3.709177e-08
11.757139 1.138219e-04   4.229290e-13 1.307052e-37 3.951487e-09 -3.626529e-21   9.003515e-09 3.791136e-08 4.381955e-08
11.880250 1.035271e-04   7.501480e-14 1.034654e-37 1.714276e-09 3.561234e-21   9.003515e-09 4.747759e-08 4.460565e-08
12.003362 9.819983e-05   3.117460e-13 1.435205e-37 6.393800e-10 -2.095686e-21   9.003515e-09 5.267311e-08 4.031126e-08
12.126473 9.596608e-05   6.761284e-14 3.713292e-37 2.059068e-10 1.820722e-21   9.003515e-09 5.370923e-08 3.333412e-08
12.249584 9.525123e-05   1.263129e-14 7.309769e-37 6.926966e-11 1.141172e-22   9.003515e-09 5.389544e-08 2.589664e-08
12.372696 9.500421e-05   6.751449e-15 5.645694e-37 2.227846e-11 4.320526e-21   9.003515e-09 5.600395e-08 1.841464e-08
12.495807 9.491893e-05   3.855257e-15 5.269940e-37 6.083686e-12 -4.322610e-21   9.003515e-09 5.917616e-08 9.018437e-09
12.618919 9.489743e-05   6.148845e-16 5.755724e-37 2.006545e-12 -2.602139e-21   9.003515e-09 5.854571e-08 5.665272e-09
12.742030 9.489158e-05   5.861873e-17 4.292280e-37 8.966744e-13 1.026622e-21   9.003515e-09 4.695607e-08 2.871613e-08
12.865141 9.488898e-05   4.855030e-17 1.386976e-37 4.031564e-13 -1.271786e-21   9.003515e-09 1.803717e-08 6.033495e-08
12.988253 9.488764e-05   1.484289e-17 7.919437e-37 1.492975e-13 -2.767385e-21   9.003515e-09 2.893725e-08 9.553346e-08
13.111364 9.488708e-05   1.653054e-18 5.171068e-37 4.236353e-14 -2.013267e-21   9.003515e-09 8.444627e-08 1.244381e-07
13.234476 9.488693e-05   1.014519e-18 1.056855e-37 1.424628e-14 -6.124328e-21   9.003515e-09 1.302459e-07 1.367415e-07
13.357587 9.488689e-05   3.187887e-18 2.419998e-37 7.264101e-15 -1.161391e-21   9.003515e-09 1.494946e-07 1.280401e-07
13.480698 9.488688e-05   2.969410e-18 2.293289e-37 4.526345e-15 7.150881e-22   9.003515e-09 1.380060e-07 1.028485e-07
13.603810 9.488688e-05   1.422957e-18 5.196084e-37 4.678635e-15 7.114638e-22   9.003515e-09 1.060137e-07 7.146041e-08
13.726921 9.488689e-05   8.412820e-19 3.341303e-37 6.359978e-15 1.052704e-21   9.003515e-09 6.942580e-08 4.355382e-08
13.850033 9.488689e-05   1.357823e-18 1.285375e-36 6.834628e-15 -2.525920e-21   9.003515e-09 3.970144e-08 2.386634e-08
13.973144 9.488688e-05   1.697542e-18 2.918569e-37 5.786222e-15 -1.166290e-21   9.003515e-09 2.027636e-08 1.221210e-08
14.096255 9.488689e-05   1.522704e-18 6.441824e-38 6.764726e-15 2.058833e-21   9.003515e-09 9.220624e-09 6.045643e-09
14.219367 9.488692e-05   1.071534e-18 3.271618e-37 1.318222e-14 2.072646e-21   9.003515e-09 3.289422e-09 2.832646e-09
14.342478 9.488699e-05   6.363476e-19 4.054637e-37 2.664794e-14 -3.735373e-21   9.003515e-09 1.313975e-10 1.033120e-09
14.465590 9.488715e-05   2.813990e-19 1.011054e-37 5.612116e-14 3.597759e-22   9.003515e-09 1.459154e-09 2.271512e-12
14.588701 9.488745e-05   9.763472e-19 4.353669e-37 1.140552e-13 -2.637878e-21   9.003515e-09 2.063214e-09 5.037860e-10
14.711813 9.488777e-05   4.433466e-18 5.560457e-37 1.729776e-13 -1.060191e-22   9.003515e-09 2.069101e-09 6.380661e-10
14.834924 9.488789e-05   1.088861e-17 1.424734e-37 1.959913e-13 4.310753e-21   9.003515e-09 1.804071e-09 6.072197e-10
