# 1  2-4    5-7    8-10   11     
# x  dirEF  recEF  sumEF  #Sample
0.250000 	 0.000000e+00 0.000000e+00 0.000000e+00 	 0.000000e+00 0.000000e+00 0.000000e+00 	 0.000000e+00 0.000000e+00 0.000000e+00 	 0
0.750000 	 0.000000e+00 0.000000e+00 0.000000e+00 	 -4.325666e-11 -6.869793e-10 8.370254e-11 	 -4.325784e-11 -6.869794e-10 8.370193e-11 	 1
1.250000 	 0.000000e+00 0.000000e+00 0.000000e+00 	 0.000000e+00 0.000000e+00 0.000000e+00 	 0.000000e+00 0.000000e+00 0.000000e+00 	 0
1.750000 	 0.000000e+00 0.000000e+00 0.000000e+00 	 0.000000e+00 0.000000e+00 0.000000e+00 	 0.000000e+00 0.000000e+00 0.000000e+00 	 0
2.250000 	 0.000000e+00 0.000000e+00 0.000000e+00 	 0.000000e+00 0.000000e+00 0.000000e+00 	 0.000000e+00 0.000000e+00 0.000000e+00 	 0
2.750000 	 0.000000e+00 0.000000e+00 0.000000e+00 	 0.000000e+00 0.000000e+00 0.000000e+00 	 0.000000e+00 0.000000e+00 0.000000e+00 	 0
3.250000 	 2.945827e-08 1.130276e-07 -3.954616e-07 	 2.328589e-06 -2.303506e-06 3.773272e-06 	 2.358048e-06 -2.190479e-06 3.377810e-06 	 49
3.750000 	 6.683113e-08 -4.873433e-07 5.895836e-07 	 -5.362747e-07 -2.245645e-07 -1.647209e-06 	 -4.694435e-07 -7.119078e-07 -1.057626e-06 	 531
4.250000 	 5.616719e-07 4.589623e-07 -5.814227e-07 	 1.244058e-06 -1.127262e-07 5.391170e-07 	 1.805730e-06 3.462361e-07 -4.230578e-08 	 849
4.750000 	 -6.015770e-07 -5.941441e-07 2.117245e-08 	 2.263231e-06 1.473013e-06 -2.581211e-06 	 1.661654e-06 8.788693e-07 -2.560038e-06 	 941
5.250000 	 -5.162246e-07 8.081806e-07 3.389727e-07 	 -3.448480e-06 2.606115e-06 3.800701e-07 	 -3.964705e-06 3.414296e-06 7.190428e-07 	 932
5.750000 	 8.034637e-07 -9.928972e-07 -5.592772e-07 	 1.204733e-06 1.344979e-07 2.674477e-06 	 2.008196e-06 -8.583994e-07 2.115199e-06 	 924
6.250000 	 7.494957e-09 6.994350e-07 -9.597488e-10 	 7.094582e-07 -1.363746e-06 1.355162e-07 	 7.169532e-07 -6.643111e-07 1.345564e-07 	 906
6.750000 	 -1.478254e-06 -1.912517e-07 -4.958789e-07 	 -2.459180e-06 2.410661e-06 9.381990e-07 	 -3.937434e-06 2.219409e-06 4.423200e-07 	 872
7.250000 	 4.099061e-07 2.853383e-07 3.443882e-07 	 -5.209084e-07 -1.020310e-06 -5.345253e-07 	 -1.110023e-07 -7.349715e-07 -1.901371e-07 	 944
7.750000 	 7.244906e-07 3.868141e-07 1.390689e-07 	 -8.993485e-07 2.789324e-07 8.658928e-07 	 -1.748579e-07 6.657464e-07 1.004962e-06 	 881
8.250000 	 2.322020e-07 -2.282581e-07 -7.869751e-07 	 -3.369315e-06 -3.511917e-07 -1.099737e-06 	 -3.137113e-06 -5.794498e-07 -1.886712e-06 	 881
8.750000 	 4.904954e-07 3.145695e-07 5.193883e-07 	 1.800452e-06 8.287980e-08 4.448155e-07 	 2.290947e-06 3.974493e-07 9.642038e-07 	 902
9.250000 	 2.541970e-07 -1.104012e-07 6.700119e-07 	 1.103510e-06 -1.710001e-06 -3.448561e-07 	 1.357707e-06 -1.820402e-06 3.251559e-07 	 911
9.750000 	 -8.544297e-07 -1.000030e-06 4.985180e-07 	 -2.534404e-06 5.829117e-07 -1.893617e-06 	 -3.388834e-06 -4.171184e-07 -1.395099e-06 	 849
10.250000 	 -1.831628e-08 -3.930642e-07 -7.253568e-07 	 1.375891e-07 1.445688e-06 1.429901e-07 	 1.192729e-07 1.052624e-06 -5.823667e-07 	 941
10.750000 	 1.402183e-06 3.170414e-07 -1.876335e-07 	 2.774613e-06 -6.760064e-07 -1.103921e-07 	 4.176796e-06 -3.589650e-07 -2.980256e-07 	 901
11.250000 	 2.519628e-07 1.003456e-06 -2.129208e-07 	 -2.190184e-06 4.220758e-07 1.033108e-06 	 -1.938221e-06 1.425532e-06 8.201872e-07 	 566
11.750000 	 -1.012460e-06 -1.190878e-06 9.156061e-07 	 5.658959e-07 1.045864e-06 -1.233280e-06 	 -4.465638e-07 -1.450147e-07 -3.176740e-07 	 42
12.250000 	 -1.333391e-05 5.013476e-06 3.062137e-06 	 2.351264e-06 -2.899217e-06 1.456020e-06 	 -1.098265e-05 2.114259e-06 4.518157e-06 	 1
12.750000 	 0.000000e+00 0.000000e+00 0.000000e+00 	 0.000000e+00 0.000000e+00 0.000000e+00 	 0.000000e+00 0.000000e+00 0.000000e+00 	 0
13.250000 	 0.000000e+00 0.000000e+00 0.000000e+00 	 0.000000e+00 0.000000e+00 0.000000e+00 	 0.000000e+00 0.000000e+00 0.000000e+00 	 0
13.750000 	 0.000000e+00 0.000000e+00 0.000000e+00 	 0.000000e+00 0.000000e+00 0.000000e+00 	 0.000000e+00 0.000000e+00 0.000000e+00 	 0
14.250000 	 0.000000e+00 0.000000e+00 0.000000e+00 	 0.000000e+00 0.000000e+00 0.000000e+00 	 0.000000e+00 0.000000e+00 0.000000e+00 	 0
14.750000 	 0.000000e+00 0.000000e+00 0.000000e+00 	 0.000000e+00 0.000000e+00 0.000000e+00 	 0.000000e+00 0.000000e+00 0.000000e+00 	 0
