0.496689 2.735332e-03 3.500000
1.490066 2.845078e-03 3.500000
2.483444 2.811235e-03 3.500000
3.476821 4.152802e-03 3.250000
4.470199 4.120074e-03 3.250000
5.463576 4.199848e-03 3.250000
6.456954 4.134330e-03 3.250000
7.450331 4.093090e-03 3.250000
8.443709 4.060602e-03 3.250000
9.437086 4.135857e-03 3.250000
10.430464 2.658853e-03 3.500000
11.423841 2.648935e-03 3.500000
12.417219 2.736913e-03 3.500000
13.410596 2.751398e-03 3.500000
14.403974 2.706157e-03 3.500000
15.397351 4.103889e-03 3.250000
16.390728 3.965774e-03 3.250000
17.384106 4.061024e-03 3.250000
18.377483 4.142544e-03 3.250000
19.370861 4.044455e-03 3.250000
20.364238 3.816784e-03 3.250000
21.357616 3.815209e-03 3.250000
22.350993 3.808945e-03 3.250000
23.344371 3.841591e-03 3.250000
24.337748 4.088264e-03 3.250000
25.331126 4.208112e-03 3.250000
26.324503 4.116440e-03 3.250000
27.317881 4.230373e-03 3.250000
28.311258 4.280540e-03 3.250000
29.304636 4.228376e-03 3.250000
30.298013 3.849513e-03 3.250000
31.291391 3.763379e-03 3.250000
32.284768 3.810596e-03 3.250000
33.278146 3.767296e-03 3.250000
34.271523 3.870743e-03 3.250000
35.264901 2.497300e-03 3.500000
36.258278 2.758561e-03 3.500000
37.251656 2.994813e-03 3.500000
38.245033 2.783302e-03 3.500000
39.238411 2.811974e-03 3.500000
40.231788 3.020401e-03 3.500000
41.225166 3.171201e-03 3.500000
42.218543 1.675885e-03 6.250000
43.211921 2.510245e-03 6.750000
44.205298 2.914899e-03 7.250000
45.198675 3.188491e-03 7.500000
46.192053 3.641276e-03 7.500000
47.185430 3.994459e-03 7.500000
48.178808 4.253405e-03 7.500000
49.172185 4.418784e-03 7.500000
50.165563 4.474566e-03 7.500000
51.158940 4.429374e-03 7.500000
52.152318 4.277858e-03 7.500000
53.145695 4.015637e-03 7.500000
54.139073 3.637389e-03 7.500000
55.132450 3.131090e-03 7.500000
56.125828 2.699449e-03 7.250000
57.119205 2.123606e-03 6.750000
58.112583 2.006636e-03 5.750000
59.105960 3.348671e-03 5.000000
60.099338 3.280197e-03 5.000000
61.092715 4.298777e-03 4.750000
62.086093 4.288896e-03 4.750000
63.079470 4.276372e-03 4.750000
64.072848 4.284967e-03 4.750000
65.066225 4.282280e-03 4.750000
66.059603 4.285052e-03 4.750000
67.052980 4.285330e-03 4.750000
68.046358 4.286211e-03 4.750000
69.039735 4.288125e-03 4.750000
70.033113 4.287527e-03 4.750000
71.026490 4.280360e-03 4.750000
72.019868 4.279379e-03 4.750000
73.013245 4.282408e-03 4.750000
74.006623 4.288753e-03 4.750000
75.000000 4.288245e-03 4.750000
75.993377 4.300272e-03 4.750000
76.986755 4.300029e-03 4.750000
77.980132 4.296719e-03 4.750000
78.973510 4.296527e-03 4.750000
79.966887 4.287431e-03 4.750000
80.960265 4.289524e-03 4.750000
81.953642 4.295481e-03 4.750000
82.947020 4.288112e-03 4.750000
83.940397 4.292403e-03 4.750000
84.933775 4.300130e-03 4.750000
85.927152 3.272840e-03 5.000000
86.920530 2.626363e-03 5.250000
87.913907 1.781683e-03 6.250000
88.907285 2.300476e-03 7.000000
89.900662 2.938922e-03 7.250000
90.894040 3.249419e-03 7.500000
91.887417 3.702002e-03 7.500000
92.880795 4.049824e-03 7.500000
93.874172 4.298501e-03 7.500000
94.867550 4.441278e-03 7.500000
95.860927 4.484800e-03 7.500000
96.854305 4.407274e-03 7.500000
97.847682 4.225524e-03 7.500000
98.841060 3.944877e-03 7.500000
99.834437 3.548260e-03 7.500000
100.827815 3.384271e-03 7.250000
101.821192 2.684126e-03 7.250000
102.814570 2.119001e-03 6.750000
103.807947 1.371390e-03 5.500000
104.801325 2.826071e-03 3.500000
105.794702 2.685685e-03 3.500000
106.788079 2.820207e-03 3.500000
107.781457 2.692152e-03 3.500000
108.774834 2.704495e-03 3.500000
109.768212 2.827857e-03 3.500000
110.761589 2.780782e-03 3.500000
111.754967 2.760597e-03 3.500000
112.748344 2.625588e-03 3.500000
113.741722 2.687436e-03 3.500000
114.735099 4.060269e-03 3.250000
115.728477 3.857047e-03 3.250000
116.721854 3.747752e-03 3.250000
117.715232 3.736119e-03 3.250000
118.708609 2.718785e-03 3.500000
119.701987 2.836253e-03 3.500000
120.695364 2.787420e-03 3.500000
121.688742 2.833297e-03 3.500000
122.682119 2.850659e-03 3.500000
123.675497 3.019634e-03 3.500000
124.668874 2.986669e-03 3.500000
125.662252 2.855176e-03 3.500000
126.655629 2.872934e-03 3.500000
127.649007 2.888747e-03 3.500000
128.642384 2.864522e-03 3.500000
129.635762 2.854664e-03 3.500000
130.629139 2.738204e-03 3.500000
131.622517 2.931395e-03 3.500000
132.615894 2.900905e-03 3.500000
133.609272 2.816296e-03 3.500000
134.602649 2.702352e-03 3.500000
135.596026 2.648667e-03 3.500000
136.589404 3.967349e-03 3.250000
137.582781 3.791885e-03 3.250000
138.576159 3.714094e-03 3.250000
139.569536 3.653518e-03 3.250000
140.562914 3.658017e-03 3.250000
141.556291 3.830138e-03 3.250000
142.549669 3.596347e-03 3.250000
143.543046 3.549272e-03 3.250000
144.536424 3.622342e-03 3.250000
145.529801 3.673774e-03 3.250000
146.523179 3.579019e-03 3.250000
147.516556 3.642614e-03 3.250000
148.509934 2.545499e-03 3.500000
149.503311 2.637130e-03 3.500000
