1.000000 0.001461
3.000000 0.005083
5.000000 0.000000
7.000000 0.000000
9.000000 0.003199
11.000000 0.000000
13.000000 0.000000
15.000000 0.002518
17.000000 0.000000
19.000000 0.000000
21.000000 0.002407
23.000000 0.001266
25.000000 0.002055
27.000000 0.000000
29.000000 0.003429
31.000000 0.002183
33.000000 0.000000
35.000000 0.004378
37.000000 0.000000
39.000000 0.003239
41.000000 0.002289
43.000000 0.002053
45.000000 0.002911
47.000000 0.004199
49.000000 0.004427
51.000000 0.004426
53.000000 0.004029
55.000000 0.003226
57.000000 0.002172
59.000000 0.001747
61.000000 0.002085
63.000000 0.002172
65.000000 0.002231
67.000000 0.002360
69.000000 0.002024
71.000000 0.002138
73.000000 0.002168
75.000000 0.001910
77.000000 0.002080
79.000000 0.002141
81.000000 0.002147
83.000000 0.002306
85.000000 0.001891
87.000000 0.001477
89.000000 0.002299
91.000000 0.003327
93.000000 0.004048
95.000000 0.004421
97.000000 0.004443
99.000000 0.000000
101.000000 0.003097
103.000000 0.000000
105.000000 0.000000
107.000000 0.000725
109.000000 0.000000
111.000000 0.006512
113.000000 0.001794
115.000000 0.004820
117.000000 0.002414
119.000000 0.002364
121.000000 0.000000
123.000000 0.002393
125.000000 0.000000
127.000000 0.000000
129.000000 0.001488
131.000000 0.000000
133.000000 0.002478
135.000000 0.002704
137.000000 0.000000
139.000000 0.000000
141.000000 0.002891
143.000000 0.002662
145.000000 0.000000
147.000000 0.004434
149.000000 0.002832
