# 1  2-4    5-7    8-10   11     
# x  dirEF  recEF  sumEF  #Sample
0.500000 	 -2.429505e-06 1.046994e-05 -8.180888e-06 	 9.478476e-06 -2.441795e-06 1.759607e-06 	 7.048971e-06 8.028143e-06 -6.421281e-06 	 21
1.500000 	 -3.191103e-06 1.140140e-06 -6.398468e-07 	 -6.914640e-06 4.077521e-06 -5.992324e-07 	 -1.010574e-05 5.217661e-06 -1.239079e-06 	 19
2.500000 	 -1.283702e-05 3.314313e-06 -7.732074e-06 	 3.392952e-06 -3.710564e-06 -2.295200e-07 	 -9.444066e-06 -3.962512e-07 -7.961594e-06 	 16
3.500000 	 -5.874688e-06 4.128288e-06 -1.029271e-05 	 -2.770578e-06 3.293332e-06 8.508942e-07 	 -8.645267e-06 7.421620e-06 -9.441820e-06 	 21
4.500000 	 -1.159852e-05 1.291000e-06 -5.693637e-06 	 2.322346e-06 1.212905e-05 -1.952249e-06 	 -9.276179e-06 1.342005e-05 -7.645886e-06 	 19
5.500000 	 2.027422e-07 4.571672e-06 -1.767625e-06 	 -4.241867e-06 -1.574833e-06 -1.379565e-06 	 -4.039125e-06 2.996840e-06 -3.147190e-06 	 21
6.500000 	 5.869459e-07 -3.586153e-06 5.341107e-06 	 5.024635e-06 2.476946e-07 7.276892e-07 	 5.611581e-06 -3.338458e-06 6.068796e-06 	 26
7.500000 	 1.282975e-06 1.165574e-05 -7.999529e-06 	 -1.990017e-06 1.530615e-06 -2.646725e-06 	 -7.070421e-07 1.318636e-05 -1.064625e-05 	 21
8.500000 	 -7.328745e-06 -4.293261e-06 -3.696616e-06 	 -7.866219e-06 3.907783e-06 -5.127020e-06 	 -1.519496e-05 -3.854784e-07 -8.823636e-06 	 15
9.500000 	 -1.121654e-06 1.173739e-06 -2.836341e-06 	 4.102087e-06 1.278631e-07 -8.320398e-06 	 2.980433e-06 1.301602e-06 -1.115674e-05 	 94
10.500000 	 -1.433464e-05 -1.864971e-07 1.613018e-06 	 -9.946615e-06 5.251747e-06 6.768536e-06 	 -2.428125e-05 5.065250e-06 8.381554e-06 	 338
11.500000 	 -8.618894e-06 -5.211783e-06 5.815082e-06 	 1.242317e-05 4.678446e-06 -4.568212e-06 	 3.804276e-06 -5.333369e-07 1.246870e-06 	 394
12.500000 	 2.460560e-05 -4.659773e-06 1.224302e-05 	 1.032520e-05 2.963460e-06 -1.435136e-06 	 3.493080e-05 -1.696313e-06 1.080789e-05 	 386
13.500000 	 1.650170e-05 5.312784e-06 -1.468949e-05 	 -7.443913e-06 5.758823e-06 1.354068e-06 	 9.057791e-06 1.107161e-05 -1.333542e-05 	 431
14.500000 	 1.709395e-05 1.272492e-06 4.842188e-07 	 -4.714100e-06 -3.963349e-06 1.243703e-06 	 1.237985e-05 -2.690856e-06 1.727922e-06 	 407
15.500000 	 1.854646e-05 -2.501441e-06 -2.606833e-06 	 -1.840227e-06 4.866507e-06 -4.444607e-06 	 1.670623e-05 2.365066e-06 -7.051440e-06 	 394
16.500000 	 1.323966e-05 -2.813818e-06 5.595091e-06 	 -2.251902e-06 -5.332667e-07 -7.387074e-06 	 1.098776e-05 -3.347085e-06 -1.791984e-06 	 409
17.500000 	 -9.934986e-06 6.580396e-06 4.354627e-06 	 -9.974428e-08 -3.976247e-06 6.224588e-07 	 -1.003473e-05 2.604150e-06 4.977086e-06 	 397
18.500000 	 -5.501706e-06 -1.895051e-06 -2.043682e-06 	 -2.759183e-06 -5.554549e-06 5.525048e-06 	 -8.260889e-06 -7.449601e-06 3.481366e-06 	 379
19.500000 	 -2.004291e-05 -4.382102e-06 -1.766053e-06 	 7.132086e-06 2.157150e-06 -8.152895e-08 	 -1.291082e-05 -2.224952e-06 -1.847582e-06 	 362
20.500000 	 -1.314554e-05 -1.357277e-06 1.296657e-06 	 6.897263e-06 5.757533e-06 1.618025e-07 	 -6.248279e-06 4.400256e-06 1.458459e-06 	 407
21.500000 	 -5.734784e-06 4.274931e-06 -7.578386e-07 	 -1.220691e-05 -8.354756e-07 2.606646e-06 	 -1.794169e-05 3.439456e-06 1.848808e-06 	 390
22.500000 	 3.388490e-06 -1.239922e-06 5.488540e-07 	 2.316231e-05 -1.973999e-06 5.507086e-06 	 2.655080e-05 -3.213921e-06 6.055940e-06 	 412
23.500000 	 -2.154686e-06 1.691325e-06 4.753763e-06 	 -1.268073e-05 -7.239782e-06 -6.454110e-07 	 -1.483542e-05 -5.548457e-06 4.108352e-06 	 373
24.500000 	 -6.620993e-06 9.553772e-07 7.316359e-06 	 8.118384e-06 1.136429e-06 2.676411e-06 	 1.497391e-06 2.091806e-06 9.992770e-06 	 406
25.500000 	 1.628047e-06 -4.032689e-06 -3.673657e-06 	 -1.024702e-05 -3.840374e-06 -4.332343e-06 	 -8.618969e-06 -7.873063e-06 -8.006000e-06 	 419
26.500000 	 6.414279e-06 1.246223e-05 -5.535618e-08 	 4.013905e-06 -1.565833e-06 -4.513662e-06 	 1.042818e-05 1.089639e-05 -4.569019e-06 	 413
27.500000 	 -5.872781e-06 -1.029981e-05 2.526978e-06 	 -1.545682e-05 2.280252e-07 4.168294e-06 	 -2.132960e-05 -1.007179e-05 6.695272e-06 	 397
28.500000 	 1.654473e-06 7.177323e-06 -2.118845e-07 	 1.047679e-05 1.633388e-06 1.043502e-06 	 1.213127e-05 8.810711e-06 8.316174e-07 	 375
29.500000 	 1.553163e-06 -1.720283e-06 6.241642e-07 	 -9.373523e-06 -2.547184e-06 -2.137523e-06 	 -7.820360e-06 -4.267467e-06 -1.513359e-06 	 371
30.500000 	 -1.203087e-05 4.019759e-06 8.465458e-07 	 2.022480e-05 1.492557e-06 -4.777608e-06 	 8.193935e-06 5.512316e-06 -3.931063e-06 	 76
31.500000 	 7.337900e-06 -5.765385e-06 -2.358019e-06 	 -2.031284e-06 6.817997e-06 6.523839e-06 	 5.306616e-06 1.052612e-06 4.165819e-06 	 19
32.500000 	 1.213228e-05 -1.143119e-05 -1.015155e-05 	 -3.617712e-06 1.344663e-06 1.890743e-06 	 8.514569e-06 -1.008653e-05 -8.260808e-06 	 22
33.500000 	 -1.443263e-07 9.044313e-06 -2.396484e-06 	 -2.652852e-07 -3.358618e-06 2.925642e-06 	 -4.096115e-07 5.685695e-06 5.291583e-07 	 21
34.500000 	 -6.405561e-07 -2.466804e-06 -4.939366e-06 	 7.387045e-07 2.531288e-06 3.066155e-06 	 9.814842e-08 6.448400e-08 -1.873211e-06 	 21
35.500000 	 -5.724875e-06 5.591227e-06 1.873928e-06 	 -3.644506e-06 -1.271710e-07 -4.385818e-06 	 -9.369381e-06 5.464057e-06 -2.511890e-06 	 22
36.500000 	 -2.093484e-06 2.872050e-07 2.528918e-07 	 -3.766600e-06 3.499452e-07 -3.576042e-06 	 -5.860084e-06 6.371502e-07 -3.323150e-06 	 28
37.500000 	 -1.909141e-06 -1.675582e-05 3.634181e-06 	 8.331779e-06 5.213415e-06 2.075295e-06 	 6.422638e-06 -1.154240e-05 5.709476e-06 	 16
38.500000 	 1.242163e-06 1.170863e-06 3.645919e-06 	 -6.526728e-06 1.427032e-06 1.797699e-06 	 -5.284565e-06 2.597895e-06 5.443618e-06 	 27
39.500000 	 2.350310e-06 -4.510282e-07 -9.272215e-06 	 1.009115e-05 7.733389e-06 -3.094553e-06 	 1.244146e-05 7.282360e-06 -1.236677e-05 	 15
