# 1  2-4    5-7    8-10   11     
# x  dirEF  recEF  sumEF  #Sample
0.500000 	 -4.663037e-06 4.693767e-06 -1.108252e-06 	 1.311658e-09 2.791793e-10 5.131698e-11 	 -4.661726e-06 4.694046e-06 -1.108201e-06 	 22
1.500000 	 -5.304378e-06 2.646911e-06 2.900301e-06 	 -3.611257e-09 8.805960e-10 1.149943e-09 	 -5.307989e-06 2.647792e-06 2.901451e-06 	 19
2.500000 	 -7.085078e-07 -6.525104e-06 -2.104075e-06 	 3.378534e-09 -3.958506e-10 1.045123e-09 	 -7.051293e-07 -6.525500e-06 -2.103030e-06 	 25
3.500000 	 -1.198998e-05 -3.735684e-07 -1.971758e-07 	 3.108163e-09 -8.596715e-10 -4.524878e-10 	 -1.198687e-05 -3.744281e-07 -1.976283e-07 	 21
4.500000 	 3.832894e-06 -4.951850e-06 -1.094035e-05 	 1.623847e-09 1.056388e-10 1.101142e-09 	 3.834518e-06 -4.951744e-06 -1.093925e-05 	 16
5.500000 	 9.445168e-06 4.993175e-06 3.201827e-06 	 -2.747662e-09 4.239090e-10 -2.523252e-11 	 9.442421e-06 4.993599e-06 3.201801e-06 	 25
6.500000 	 -1.517482e-05 1.267301e-05 -2.106776e-06 	 -1.084830e-10 -6.174200e-10 6.393575e-10 	 -1.517492e-05 1.267240e-05 -2.106136e-06 	 23
7.500000 	 -2.292437e-05 -4.640787e-06 8.826133e-06 	 5.242410e-09 2.534477e-10 -1.265346e-09 	 -2.291913e-05 -4.640533e-06 8.824868e-06 	 22
8.500000 	 -9.172318e-06 2.384781e-05 -1.072767e-05 	 3.392239e-09 -3.450866e-10 -9.559718e-10 	 -9.168926e-06 2.384746e-05 -1.072863e-05 	 18
9.500000 	 1.129530e-05 -4.821281e-06 -3.143363e-06 	 7.590953e-10 -6.412394e-10 -1.469121e-09 	 1.129606e-05 -4.821922e-06 -3.144832e-06 	 102
10.500000 	 -7.823013e-06 2.547084e-06 2.663019e-06 	 1.943816e-09 4.996577e-11 -8.266329e-10 	 -7.821070e-06 2.547134e-06 2.662193e-06 	 354
11.500000 	 -7.931738e-06 -1.678182e-06 3.444821e-06 	 -9.769419e-10 -6.757483e-10 3.099832e-10 	 -7.932715e-06 -1.678857e-06 3.445131e-06 	 411
12.500000 	 -1.876264e-07 8.632370e-06 3.382445e-06 	 -1.843701e-09 4.521711e-10 5.489157e-10 	 -1.894701e-07 8.632822e-06 3.382994e-06 	 406
13.500000 	 4.188399e-07 7.384843e-06 -3.862831e-06 	 1.775354e-09 6.203382e-11 6.221975e-10 	 4.206153e-07 7.384905e-06 -3.862208e-06 	 443
14.500000 	 7.184564e-06 2.640400e-06 3.945735e-06 	 3.971261e-10 1.323135e-10 -5.768435e-10 	 7.184961e-06 2.640533e-06 3.945158e-06 	 402
15.500000 	 3.350234e-05 -1.038627e-05 -9.605499e-06 	 -2.631866e-10 -2.023237e-10 6.780108e-10 	 3.350208e-05 -1.038647e-05 -9.604821e-06 	 372
16.500000 	 3.361664e-05 -5.015789e-06 8.819753e-08 	 -9.878213e-10 -7.632006e-10 -6.314835e-10 	 3.361566e-05 -5.016552e-06 8.756604e-08 	 399
17.500000 	 -1.387467e-06 1.696220e-06 9.369395e-06 	 2.289828e-09 3.211634e-10 1.426395e-09 	 -1.385178e-06 1.696541e-06 9.370821e-06 	 386
18.500000 	 3.757153e-06 1.488164e-06 6.428918e-06 	 4.825536e-10 -5.205054e-10 1.227980e-09 	 3.757635e-06 1.487643e-06 6.430146e-06 	 360
19.500000 	 -1.438310e-05 -2.723463e-06 1.840808e-06 	 2.616130e-09 -5.640491e-10 -1.527776e-09 	 -1.438049e-05 -2.724027e-06 1.839280e-06 	 388
20.500000 	 -3.578082e-05 -3.936552e-06 3.080657e-06 	 9.939315e-10 -8.479718e-10 2.439130e-10 	 -3.577982e-05 -3.937400e-06 3.080900e-06 	 374
21.500000 	 -1.898355e-05 5.725767e-07 1.777054e-06 	 -2.801659e-09 -7.450147e-10 -8.274068e-10 	 -1.898635e-05 5.718317e-07 1.776227e-06 	 410
22.500000 	 -1.129383e-05 1.760071e-06 2.188269e-06 	 -1.624200e-09 1.933999e-10 1.071024e-10 	 -1.129546e-05 1.760264e-06 2.188376e-06 	 396
23.500000 	 -1.632366e-05 -8.727392e-06 -3.673429e-06 	 2.488898e-09 5.918894e-10 -1.089173e-09 	 -1.632117e-05 -8.726800e-06 -3.674518e-06 	 444
24.500000 	 1.491069e-05 7.124707e-06 -1.015030e-05 	 -7.878630e-10 8.561504e-10 9.227123e-10 	 1.490990e-05 7.125563e-06 -1.014938e-05 	 376
25.500000 	 2.827600e-05 6.730419e-06 7.518023e-06 	 -1.255346e-10 -6.393347e-10 -2.185006e-09 	 2.827588e-05 6.729780e-06 7.515838e-06 	 376
26.500000 	 2.322175e-05 -2.609358e-06 -1.920154e-06 	 -1.463653e-09 3.383331e-10 2.798081e-10 	 2.322029e-05 -2.609020e-06 -1.919875e-06 	 431
27.500000 	 5.931172e-07 -1.572034e-06 5.358350e-06 	 1.029288e-09 -2.232859e-10 -4.608058e-10 	 5.941465e-07 -1.572257e-06 5.357889e-06 	 384
28.500000 	 -1.988396e-06 2.930313e-06 -5.783056e-06 	 6.096379e-12 -5.014589e-10 -6.198676e-10 	 -1.988390e-06 2.929812e-06 -5.783676e-06 	 389
29.500000 	 -7.112926e-06 -2.644420e-06 1.658821e-06 	 1.384038e-11 9.946873e-10 4.497565e-10 	 -7.112912e-06 -2.643426e-06 1.659270e-06 	 316
30.500000 	 -2.176637e-05 -6.931204e-06 3.476021e-06 	 -1.010822e-09 3.997324e-11 -2.691778e-10 	 -2.176738e-05 -6.931164e-06 3.475752e-06 	 94
31.500000 	 2.373311e-05 -5.051934e-06 -1.562320e-05 	 -6.525545e-09 -1.100674e-10 -3.203803e-10 	 2.372658e-05 -5.052044e-06 -1.562352e-05 	 26
32.500000 	 -1.138561e-06 -1.848688e-06 3.229680e-06 	 2.483900e-09 -2.771202e-10 1.567691e-10 	 -1.136078e-06 -1.848965e-06 3.229836e-06 	 16
33.500000 	 4.720502e-06 -7.000747e-06 6.139654e-06 	 -1.616261e-09 8.763842e-10 -7.428187e-10 	 4.718886e-06 -6.999871e-06 6.138911e-06 	 28
34.500000 	 -4.798180e-06 -4.885543e-06 -5.798482e-06 	 -4.622694e-09 -1.059493e-09 -4.752530e-10 	 -4.802803e-06 -4.886602e-06 -5.798957e-06 	 25
35.500000 	 1.363319e-05 4.298072e-06 -1.057145e-06 	 -1.173151e-09 1.149388e-09 1.029504e-10 	 1.363201e-05 4.299221e-06 -1.057042e-06 	 18
36.500000 	 3.643712e-06 2.305413e-06 -9.055374e-07 	 -8.500169e-10 -1.065141e-11 -6.319025e-11 	 3.642862e-06 2.305402e-06 -9.056006e-07 	 22
37.500000 	 9.862497e-06 1.294635e-05 -1.108943e-05 	 3.236365e-09 5.992515e-10 2.291423e-09 	 9.865734e-06 1.294695e-05 -1.108714e-05 	 18
38.500000 	 1.731053e-06 -7.877806e-06 -3.466302e-06 	 4.515564e-09 -1.143560e-10 2.860707e-11 	 1.735569e-06 -7.877920e-06 -3.466274e-06 	 22
39.500000 	 2.078648e-06 -1.135345e-06 3.170996e-06 	 3.996908e-09 3.352172e-10 -1.402469e-10 	 2.082645e-06 -1.135010e-06 3.170855e-06 	 21
