0.500000 2.750000e+00 6.619788e-04
1.500000 2.750000e+00 1.053599e-03
2.500000 2.750000e+00 5.794867e-04
3.500000 2.750000e+00 1.096647e-03
4.500000 2.750000e+00 4.764697e-04
5.500000 2.750000e+00 1.138182e-03
6.500000 2.750000e+00 3.460195e-04
7.500000 2.750000e+00 1.182432e-03
8.500000 2.750000e+00 9.515172e-05
9.500000 2.750000e+00 1.228734e-03
10.500000 2.750000e+00 8.904623e-04
11.500000 2.750000e+00 1.278427e-03
12.500000 2.750000e+00 8.988723e-04
13.500000 2.750000e+00 1.334619e-03
14.500000 2.750000e+00 9.100169e-04
15.500000 2.750000e+00 1.397555e-03
16.500000 2.750000e+00 9.229683e-04
17.500000 2.750000e+00 1.470031e-03
18.500000 2.750000e+00 9.380206e-04
19.500000 2.750000e+00 1.548923e-03
20.500000 2.750000e+00 9.591306e-04
21.500000 2.750000e+00 1.648514e-03
22.500000 2.750000e+00 9.794427e-04
23.500000 2.750000e+00 1.761739e-03
24.500000 2.750000e+00 1.000432e-03
25.500000 2.750000e+00 1.908737e-03
26.500000 2.750000e+00 1.017657e-03
27.500000 2.750000e+00 2.105189e-03
28.500000 2.750000e+00 1.026565e-03
29.500000 2.750000e+00 2.389218e-03
30.500000 2.750000e+00 1.048995e-03
31.500000 2.750000e+00 2.870526e-03
32.500000 2.750000e+00 1.244104e-03
33.500000 2.750000e+00 4.019007e-03
34.500000 2.750000e+00 2.918622e-03
35.500000 2.750000e+00 8.906571e-03
36.500000 4.250000e+00 1.221728e-02
37.500000 4.500000e+00 3.318012e-02
38.500000 4.750000e+00 3.070397e-02
39.500000 4.750000e+00 3.027625e-02
40.500000 5.000000e+00 3.303062e-02
41.500000 5.000000e+00 2.877269e-02
42.500000 5.000000e+00 2.921461e-02
43.500000 5.000000e+00 3.470955e-02
44.500000 5.000000e+00 3.101533e-02
45.500000 4.750000e+00 3.130144e-02
46.500000 4.750000e+00 3.264897e-02
47.500000 4.000000e+00 3.338124e-02
48.500000 3.750000e+00 2.810014e-02
49.500000 3.500000e+00 2.748500e-02
50.500000 3.500000e+00 2.850172e-02
51.500000 3.500000e+00 2.762635e-02
52.500000 3.500000e+00 2.768282e-02
53.500000 3.500000e+00 2.769190e-02
54.500000 3.500000e+00 2.789200e-02
55.500000 3.500000e+00 2.652467e-02
56.500000 3.500000e+00 2.715856e-02
57.500000 3.500000e+00 2.908814e-02
58.500000 3.500000e+00 2.783430e-02
59.500000 3.500000e+00 2.621239e-02
60.500000 3.500000e+00 2.678529e-02
61.500000 3.500000e+00 2.619915e-02
62.500000 3.500000e+00 2.675677e-02
63.500000 3.500000e+00 2.806622e-02
64.500000 3.500000e+00 2.687848e-02
65.500000 3.500000e+00 2.731703e-02
66.500000 3.500000e+00 2.775302e-02
67.500000 3.500000e+00 2.955520e-02
68.500000 3.500000e+00 2.935024e-02
69.500000 3.500000e+00 2.728860e-02
70.500000 3.500000e+00 2.717445e-02
71.500000 3.500000e+00 2.657717e-02
72.500000 3.500000e+00 2.776532e-02
73.500000 3.500000e+00 2.905013e-02
74.500000 3.500000e+00 2.812979e-02
75.500000 3.500000e+00 2.699514e-02
76.500000 3.500000e+00 2.708019e-02
77.500000 3.500000e+00 2.774961e-02
78.500000 3.500000e+00 2.863223e-02
79.500000 3.500000e+00 2.916726e-02
80.500000 3.750000e+00 2.946612e-02
81.500000 4.750000e+00 2.679768e-02
82.500000 4.750000e+00 3.298774e-02
83.500000 5.000000e+00 3.097690e-02
84.500000 5.000000e+00 3.431373e-02
85.500000 5.000000e+00 2.968351e-02
86.500000 5.000000e+00 2.922301e-02
87.500000 5.000000e+00 3.381460e-02
88.500000 5.000000e+00 3.054461e-02
89.500000 4.750000e+00 3.158960e-02
90.500000 4.500000e+00 3.325290e-02
91.500000 4.250000e+00 1.332792e-02
92.500000 2.750000e+00 1.049121e-02
93.500000 2.750000e+00 nan
94.500000 2.750000e+00 4.858098e-03
95.500000 2.750000e+00 nan
96.500000 2.750000e+00 3.463334e-03
97.500000 2.750000e+00 nan
98.500000 2.750000e+00 2.822326e-03
99.500000 2.750000e+00 nan
100.500000 2.750000e+00 2.416604e-03
101.500000 2.750000e+00 nan
102.500000 2.750000e+00 2.122352e-03
103.500000 2.750000e+00 nan
104.500000 2.750000e+00 1.893430e-03
105.500000 2.750000e+00 nan
106.500000 2.750000e+00 1.711183e-03
107.500000 2.750000e+00 nan
108.500000 2.750000e+00 1.558984e-03
109.500000 2.750000e+00 nan
110.500000 2.750000e+00 1.430097e-03
111.500000 2.750000e+00 2.530442e-04
112.500000 2.750000e+00 1.314229e-03
113.500000 2.750000e+00 4.986101e-04
114.500000 2.750000e+00 1.216875e-03
115.500000 2.750000e+00 6.343349e-04
116.500000 2.750000e+00 1.121807e-03
117.500000 2.750000e+00 7.315453e-04
118.500000 2.750000e+00 1.042900e-03
119.500000 2.750000e+00 8.035132e-04
120.500000 2.750000e+00 9.580115e-04
121.500000 2.750000e+00 8.662757e-04
122.500000 2.750000e+00 8.875520e-04
123.500000 2.750000e+00 9.195964e-04
124.500000 2.750000e+00 8.149787e-04
125.500000 2.750000e+00 9.692108e-04
126.500000 2.750000e+00 7.375652e-04
127.500000 2.750000e+00 1.011220e-03
