1.000000 0.010719
3.000000 0.010307
5.000000 0.009173
7.000000 0.009689
9.000000 0.011338
11.000000 0.009483
13.000000 0.010101
15.000000 0.009586
17.000000 0.009998
19.000000 0.009586
21.000000 0.008967
23.000000 0.009689
25.000000 0.009689
27.000000 0.009483
29.000000 0.010307
31.000000 0.011544
33.000000 0.010823
35.000000 0.008864
37.000000 0.010719
39.000000 0.009689
41.000000 0.009895
43.000000 0.009895
45.000000 0.010101
47.000000 0.012884
49.000000 0.011029
51.000000 0.130282
53.000000 0.602762
55.000000 0.757988
57.000000 0.770975
59.000000 0.770254
61.000000 0.771697
63.000000 0.773552
65.000000 0.778499
67.000000 0.766440
69.000000 0.775201
71.000000 0.770460
73.000000 0.774170
75.000000 0.768501
77.000000 0.773140
79.000000 0.775716
81.000000 0.773140
83.000000 0.779221
85.000000 0.777159
87.000000 0.772624
89.000000 0.776644
91.000000 0.776026
93.000000 0.772624
95.000000 0.754793
97.000000 0.580190
99.000000 0.111214
101.000000 0.014430
103.000000 0.009276
105.000000 0.011853
107.000000 0.011132
109.000000 0.010823
111.000000 0.011029
113.000000 0.010101
115.000000 0.012472
117.000000 0.011338
119.000000 0.006700
121.000000 0.009380
123.000000 0.009380
125.000000 0.008864
127.000000 0.009586
129.000000 0.010204
131.000000 0.008143
133.000000 0.009792
135.000000 0.008761
137.000000 0.010719
139.000000 0.008555
141.000000 0.009586
143.000000 0.009895
145.000000 0.010101
147.000000 0.009895
149.000000 0.011750
