# 1      2         3-4       5-6
# x  RMS-E  E_inhomo^2  E_homo^2
0.256836 1.143602e-04   5.407186e-11 0.000000e+00 1.302417e-08 0.000000e+00
0.770508 1.139538e-04   4.821379e-11 0.000000e+00 1.293727e-08 0.000000e+00
1.284179 1.143326e-04   1.253524e-10 0.000000e+00 1.294658e-08 0.000000e+00
1.797851 1.138912e-04   3.425086e-11 0.000000e+00 1.293696e-08 0.000000e+00
2.311523 1.684534e-04   1.498991e-08 0.000000e+00 1.338664e-08 0.000000e+00
2.825194 4.693350e-04   2.050692e-07 0.000000e+00 1.520621e-08 0.000000e+00
3.338866 7.061797e-04   4.810970e-07 0.000000e+00 1.759285e-08 0.000000e+00
3.852538 7.228205e-04   5.027350e-07 0.000000e+00 1.973444e-08 0.000000e+00
4.366210 5.394147e-04   2.691395e-07 0.000000e+00 2.182867e-08 0.000000e+00
4.879881 2.324201e-04   3.007261e-08 0.000000e+00 2.394648e-08 0.000000e+00
5.393553 1.568042e-04   4.573037e-11 0.000000e+00 2.454183e-08 0.000000e+00
5.907225 1.583331e-04   6.165379e-11 0.000000e+00 2.500773e-08 0.000000e+00
6.420896 1.577464e-04   1.697322e-11 0.000000e+00 2.486695e-08 0.000000e+00
6.934568 1.587282e-04   2.669647e-10 0.000000e+00 2.492769e-08 0.000000e+00
7.448240 1.584130e-04   2.535269e-11 0.000000e+00 2.506933e-08 0.000000e+00
7.961912 1.584055e-04   7.166224e-11 0.000000e+00 2.502065e-08 0.000000e+00
8.475583 1.571994e-04   2.776689e-11 0.000000e+00 2.468387e-08 0.000000e+00
8.989255 1.573017e-04   8.373737e-11 0.000000e+00 2.466010e-08 0.000000e+00
9.502927 1.576930e-04   2.430349e-10 0.000000e+00 2.462405e-08 0.000000e+00
10.016598 2.306427e-04   2.925657e-08 0.000000e+00 2.393946e-08 0.000000e+00
10.530270 5.463979e-04   2.763502e-07 0.000000e+00 2.220054e-08 0.000000e+00
11.043942 7.247219e-04   5.053709e-07 0.000000e+00 1.985097e-08 0.000000e+00
11.557613 7.059487e-04   4.807448e-07 0.000000e+00 1.761871e-08 0.000000e+00
12.071285 4.685005e-04   2.042058e-07 0.000000e+00 1.528693e-08 0.000000e+00
12.584957 1.638220e-04   1.337197e-08 0.000000e+00 1.346566e-08 0.000000e+00
13.098629 1.141823e-04   8.971921e-12 0.000000e+00 1.302862e-08 0.000000e+00
13.612300 1.143895e-04   9.005786e-11 0.000000e+00 1.299489e-08 0.000000e+00
14.125972 1.141502e-04   8.271608e-11 0.000000e+00 1.294756e-08 0.000000e+00
14.639644 1.146763e-04   8.225725e-11 0.000000e+00 1.306839e-08 0.000000e+00
