# 1  2-4    5-7    8-10   11     
# x  dirEF  recEF  sumEF  #Sample
0.250000 	 0.000000e+00 0.000000e+00 0.000000e+00 	 0.000000e+00 0.000000e+00 0.000000e+00 	 0.000000e+00 0.000000e+00 0.000000e+00 	 0
0.750000 	 0.000000e+00 0.000000e+00 0.000000e+00 	 0.000000e+00 0.000000e+00 0.000000e+00 	 0.000000e+00 0.000000e+00 0.000000e+00 	 0
1.250000 	 0.000000e+00 0.000000e+00 0.000000e+00 	 0.000000e+00 0.000000e+00 0.000000e+00 	 0.000000e+00 0.000000e+00 0.000000e+00 	 0
1.750000 	 0.000000e+00 0.000000e+00 0.000000e+00 	 0.000000e+00 0.000000e+00 0.000000e+00 	 0.000000e+00 0.000000e+00 0.000000e+00 	 0
2.250000 	 0.000000e+00 0.000000e+00 0.000000e+00 	 0.000000e+00 0.000000e+00 0.000000e+00 	 0.000000e+00 0.000000e+00 0.000000e+00 	 0
2.750000 	 0.000000e+00 0.000000e+00 0.000000e+00 	 0.000000e+00 0.000000e+00 0.000000e+00 	 0.000000e+00 0.000000e+00 0.000000e+00 	 0
3.250000 	 -7.008324e-04 2.310106e-06 -9.636149e-06 	 1.647864e-07 2.271850e-06 2.749890e-06 	 -7.006676e-04 4.581956e-06 -6.886259e-06 	 34
3.750000 	 -7.260187e-04 -1.259442e-06 2.008719e-06 	 -2.045475e-05 -1.886092e-06 -2.167796e-06 	 -7.464735e-04 -3.145534e-06 -1.590772e-07 	 566
4.250000 	 -5.959723e-04 -3.622530e-06 -1.410098e-06 	 1.687199e-05 1.041352e-06 5.381886e-07 	 -5.791003e-04 -2.581178e-06 -8.719095e-07 	 868
4.750000 	 -2.853221e-04 3.402343e-06 -5.714116e-07 	 -5.269395e-06 7.050067e-07 1.616838e-07 	 -2.905915e-04 4.107350e-06 -4.097279e-07 	 900
5.250000 	 -4.843387e-05 -6.552030e-07 -1.324607e-06 	 5.024550e-06 -6.863573e-07 1.870995e-07 	 -4.340932e-05 -1.341560e-06 -1.137508e-06 	 880
5.750000 	 -1.439655e-05 -1.167269e-06 -5.714269e-07 	 -1.741357e-06 -3.326226e-07 -3.570312e-07 	 -1.613791e-05 -1.499892e-06 -9.284582e-07 	 916
6.250000 	 -7.811513e-06 1.462966e-06 3.330533e-06 	 5.988823e-07 -2.492918e-07 -6.304222e-07 	 -7.212630e-06 1.213675e-06 2.700111e-06 	 941
6.750000 	 7.678421e-06 -6.942999e-08 -2.636386e-06 	 4.883422e-07 -5.743250e-07 1.278330e-07 	 8.166764e-06 -6.437550e-07 -2.508553e-06 	 924
7.250000 	 2.668065e-05 3.668011e-06 2.801386e-06 	 -7.061035e-06 1.548518e-07 -1.658771e-07 	 1.961962e-05 3.822863e-06 2.635509e-06 	 906
7.750000 	 7.104295e-06 -2.861093e-06 -2.255351e-06 	 9.001564e-06 1.625903e-06 1.706169e-06 	 1.610586e-05 -1.235190e-06 -5.491821e-07 	 886
8.250000 	 -7.148138e-06 1.001029e-06 -5.815587e-07 	 -6.620461e-06 -3.981734e-08 -1.932550e-06 	 -1.376860e-05 9.612114e-07 -2.514109e-06 	 842
8.750000 	 -1.877482e-05 -7.407789e-07 -3.871882e-07 	 1.451155e-07 -8.026969e-07 7.022953e-07 	 -1.862970e-05 -1.543476e-06 3.151071e-07 	 924
9.250000 	 -1.561284e-05 -1.006209e-06 3.521974e-07 	 5.964336e-06 -1.337423e-06 2.518758e-07 	 -9.648502e-06 -2.343632e-06 6.040732e-07 	 933
9.750000 	 3.799370e-05 -9.569422e-07 -8.384312e-07 	 -4.794136e-06 1.145728e-07 -2.978673e-07 	 3.319957e-05 -8.423694e-07 -1.136298e-06 	 914
10.250000 	 3.023004e-04 1.014129e-06 -1.605968e-06 	 3.995802e-06 -6.366612e-07 9.108173e-07 	 3.062962e-04 3.774677e-07 -6.951511e-07 	 921
10.750000 	 6.029746e-04 -1.876370e-06 5.542376e-06 	 -1.580174e-05 1.808487e-06 -2.509903e-06 	 5.871728e-04 -6.788281e-08 3.032473e-06 	 884
11.250000 	 7.351250e-04 5.472649e-07 -4.083981e-06 	 2.065188e-05 9.663431e-07 4.795002e-06 	 7.557769e-04 1.513608e-06 7.110208e-07 	 550
11.750000 	 7.082178e-04 -5.273709e-06 3.601316e-06 	 -2.792001e-06 9.257878e-06 2.581195e-06 	 7.054258e-04 3.984170e-06 6.182511e-06 	 35
12.250000 	 0.000000e+00 0.000000e+00 0.000000e+00 	 0.000000e+00 0.000000e+00 0.000000e+00 	 0.000000e+00 0.000000e+00 0.000000e+00 	 0
12.750000 	 0.000000e+00 0.000000e+00 0.000000e+00 	 0.000000e+00 0.000000e+00 0.000000e+00 	 0.000000e+00 0.000000e+00 0.000000e+00 	 0
13.250000 	 0.000000e+00 0.000000e+00 0.000000e+00 	 0.000000e+00 0.000000e+00 0.000000e+00 	 0.000000e+00 0.000000e+00 0.000000e+00 	 0
13.750000 	 0.000000e+00 0.000000e+00 0.000000e+00 	 0.000000e+00 0.000000e+00 0.000000e+00 	 0.000000e+00 0.000000e+00 0.000000e+00 	 0
14.250000 	 0.000000e+00 0.000000e+00 0.000000e+00 	 0.000000e+00 0.000000e+00 0.000000e+00 	 0.000000e+00 0.000000e+00 0.000000e+00 	 0
14.750000 	 0.000000e+00 0.000000e+00 0.000000e+00 	 0.000000e+00 0.000000e+00 0.000000e+00 	 0.000000e+00 0.000000e+00 0.000000e+00 	 0
