# 1  2-4    5-7    8-10   11     
# x  dirEF  recEF  sumEF  #Sample
0.250000 	 0.000000e+00 0.000000e+00 0.000000e+00 	 0.000000e+00 0.000000e+00 0.000000e+00 	 0.000000e+00 0.000000e+00 0.000000e+00 	 0
0.750000 	 0.000000e+00 0.000000e+00 0.000000e+00 	 0.000000e+00 0.000000e+00 0.000000e+00 	 0.000000e+00 0.000000e+00 0.000000e+00 	 0
1.250000 	 0.000000e+00 0.000000e+00 0.000000e+00 	 0.000000e+00 0.000000e+00 0.000000e+00 	 0.000000e+00 0.000000e+00 0.000000e+00 	 0
1.750000 	 9.171057e-06 4.718030e-05 -5.517876e-05 	 -7.854849e-06 -2.275590e-05 -6.041899e-06 	 1.316209e-06 2.442440e-05 -6.122066e-05 	 1
2.250000 	 0.000000e+00 0.000000e+00 0.000000e+00 	 0.000000e+00 0.000000e+00 0.000000e+00 	 0.000000e+00 0.000000e+00 0.000000e+00 	 0
2.750000 	 0.000000e+00 0.000000e+00 0.000000e+00 	 0.000000e+00 0.000000e+00 0.000000e+00 	 0.000000e+00 0.000000e+00 0.000000e+00 	 0
3.250000 	 -7.022354e-04 2.241469e-05 -6.396221e-08 	 4.495096e-06 -7.944509e-06 -7.520395e-06 	 -6.977403e-04 1.447018e-05 -7.584357e-06 	 32
3.750000 	 -7.179910e-04 -4.831928e-06 -1.405577e-06 	 -2.243945e-05 -1.746075e-07 3.391626e-06 	 -7.404305e-04 -5.006535e-06 1.986050e-06 	 538
4.250000 	 -5.985483e-04 2.161031e-06 9.105092e-07 	 1.548412e-05 6.277968e-07 -1.262630e-06 	 -5.830641e-04 2.788828e-06 -3.521208e-07 	 895
4.750000 	 -3.069687e-04 -1.728550e-06 -3.151023e-06 	 -2.376279e-06 -1.838497e-06 -6.078779e-07 	 -3.093450e-04 -3.567047e-06 -3.758901e-06 	 869
5.250000 	 -4.918335e-05 2.374943e-06 5.754323e-06 	 4.551408e-08 1.028855e-06 9.498871e-07 	 -4.913783e-05 3.403798e-06 6.704210e-06 	 915
5.750000 	 -1.027991e-05 -2.663357e-07 -4.899441e-06 	 -1.692170e-06 5.799055e-07 -1.062735e-06 	 -1.197208e-05 3.135698e-07 -5.962176e-06 	 862
6.250000 	 4.608962e-06 -1.718320e-06 -6.135500e-08 	 6.469498e-06 -4.564041e-07 8.688584e-07 	 1.107846e-05 -2.174724e-06 8.075034e-07 	 1008
6.750000 	 6.976631e-07 -1.118829e-06 -3.124159e-06 	 -4.922100e-06 -9.500490e-07 -2.944356e-07 	 -4.224437e-06 -2.068878e-06 -3.418594e-06 	 898
7.250000 	 1.538765e-05 3.265311e-06 1.780227e-07 	 4.195110e-07 2.112974e-06 -1.153065e-06 	 1.580716e-05 5.378285e-06 -9.750422e-07 	 872
7.750000 	 -8.313891e-06 -1.126019e-07 6.931631e-07 	 -1.987394e-06 -8.973509e-08 6.407507e-07 	 -1.030128e-05 -2.023370e-07 1.333914e-06 	 903
8.250000 	 -1.298902e-05 -3.608563e-06 4.630234e-06 	 4.158341e-06 -4.738882e-07 5.752403e-07 	 -8.830679e-06 -4.082451e-06 5.205474e-06 	 930
8.750000 	 2.291029e-06 -5.998444e-08 -1.358981e-07 	 -4.055222e-06 -9.436016e-08 -7.864078e-07 	 -1.764192e-06 -1.543446e-07 -9.223059e-07 	 929
9.250000 	 1.199868e-05 1.177488e-06 -5.248906e-07 	 2.664980e-07 5.246935e-07 4.872708e-07 	 1.226517e-05 1.702181e-06 -3.761983e-08 	 919
9.750000 	 4.281873e-05 -1.441957e-07 1.093000e-06 	 3.418083e-06 1.115019e-07 8.728780e-08 	 4.623681e-05 -3.269380e-08 1.180288e-06 	 876
10.250000 	 3.000869e-04 2.921629e-07 2.223792e-06 	 1.363384e-06 -1.003330e-06 -2.331082e-07 	 3.014503e-04 -7.111673e-07 1.990684e-06 	 913
10.750000 	 5.913997e-04 1.747948e-06 -1.067508e-06 	 -1.484737e-05 2.000630e-07 2.770954e-07 	 5.765523e-04 1.948011e-06 -7.904125e-07 	 886
11.250000 	 7.161151e-04 -1.881455e-06 -4.192559e-06 	 1.861997e-05 -1.474867e-06 -6.427861e-07 	 7.347351e-04 -3.356322e-06 -4.835346e-06 	 533
11.750000 	 7.202815e-04 2.883972e-05 -1.594438e-05 	 2.433290e-06 8.096846e-06 -1.513064e-06 	 7.227148e-04 3.693656e-05 -1.745744e-05 	 44
12.250000 	 1.706244e-04 -3.803648e-05 -1.801649e-05 	 4.681876e-05 -3.852680e-05 1.982121e-05 	 2.174431e-04 -7.656327e-05 1.804724e-06 	 1
12.750000 	 0.000000e+00 0.000000e+00 0.000000e+00 	 0.000000e+00 0.000000e+00 0.000000e+00 	 0.000000e+00 0.000000e+00 0.000000e+00 	 0
13.250000 	 0.000000e+00 0.000000e+00 0.000000e+00 	 0.000000e+00 0.000000e+00 0.000000e+00 	 0.000000e+00 0.000000e+00 0.000000e+00 	 0
13.750000 	 0.000000e+00 0.000000e+00 0.000000e+00 	 0.000000e+00 0.000000e+00 0.000000e+00 	 0.000000e+00 0.000000e+00 0.000000e+00 	 0
14.250000 	 0.000000e+00 0.000000e+00 0.000000e+00 	 0.000000e+00 0.000000e+00 0.000000e+00 	 0.000000e+00 0.000000e+00 0.000000e+00 	 0
14.750000 	 0.000000e+00 0.000000e+00 0.000000e+00 	 0.000000e+00 0.000000e+00 0.000000e+00 	 0.000000e+00 0.000000e+00 0.000000e+00 	 0
