# 1  2-4    5-7    8-10   11     
# x  dirEF  recEF  sumEF  #Sample
0.250000 	 0.000000e+00 0.000000e+00 0.000000e+00 	 0.000000e+00 0.000000e+00 0.000000e+00 	 0.000000e+00 0.000000e+00 0.000000e+00 	 0
0.750000 	 0.000000e+00 0.000000e+00 0.000000e+00 	 0.000000e+00 0.000000e+00 0.000000e+00 	 0.000000e+00 0.000000e+00 0.000000e+00 	 0
1.250000 	 0.000000e+00 0.000000e+00 0.000000e+00 	 0.000000e+00 0.000000e+00 0.000000e+00 	 0.000000e+00 0.000000e+00 0.000000e+00 	 0
1.750000 	 2.333545e-05 7.685228e-05 -1.865394e-05 	 1.268986e-04 -1.966771e-05 1.820990e-05 	 1.502340e-04 5.718456e-05 -4.440435e-07 	 1
2.250000 	 0.000000e+00 0.000000e+00 0.000000e+00 	 0.000000e+00 0.000000e+00 0.000000e+00 	 0.000000e+00 0.000000e+00 0.000000e+00 	 0
2.750000 	 0.000000e+00 0.000000e+00 0.000000e+00 	 0.000000e+00 0.000000e+00 0.000000e+00 	 0.000000e+00 0.000000e+00 0.000000e+00 	 0
3.250000 	 -7.203437e-04 -6.509197e-06 -1.313860e-05 	 3.415762e-05 -4.491395e-06 3.525705e-05 	 -6.861861e-04 -1.100059e-05 2.211845e-05 	 38
3.750000 	 -7.266966e-04 1.389129e-06 -8.161640e-07 	 -3.366272e-05 3.243948e-06 -4.711260e-06 	 -7.603593e-04 4.633076e-06 -5.527424e-06 	 517
4.250000 	 -6.104134e-04 -4.315850e-07 3.353161e-06 	 1.688881e-05 1.671338e-06 8.057205e-06 	 -5.935245e-04 1.239753e-06 1.141037e-05 	 945
4.750000 	 -3.003738e-04 5.199152e-06 2.925589e-07 	 2.488452e-06 -1.002188e-05 -3.831986e-07 	 -2.978854e-04 -4.822723e-06 -9.063972e-08 	 874
5.250000 	 -3.224944e-05 -2.797223e-06 -1.070727e-06 	 -6.233698e-07 -7.255860e-06 -6.351266e-06 	 -3.287281e-05 -1.005308e-05 -7.421993e-06 	 933
5.750000 	 8.647068e-06 2.256366e-06 5.921023e-07 	 2.216982e-06 -4.004097e-06 2.538746e-06 	 1.086405e-05 -1.747731e-06 3.130848e-06 	 933
6.250000 	 1.864588e-05 -1.786948e-06 -1.717166e-06 	 -8.103326e-06 -2.315891e-06 -7.446279e-06 	 1.054256e-05 -4.102839e-06 -9.163445e-06 	 900
6.750000 	 1.250281e-05 1.108985e-06 1.044412e-06 	 6.632652e-06 -8.442955e-06 6.489212e-06 	 1.913546e-05 -7.333970e-06 7.533624e-06 	 890
7.250000 	 1.981785e-07 -9.420536e-07 3.816091e-06 	 -7.711408e-06 -1.064237e-06 4.965904e-06 	 -7.513229e-06 -2.006290e-06 8.781995e-06 	 879
7.750000 	 -2.118863e-05 1.424230e-06 -2.158745e-06 	 4.739648e-06 2.612453e-06 -2.280790e-06 	 -1.644898e-05 4.036683e-06 -4.439535e-06 	 878
8.250000 	 -1.972463e-05 -4.489797e-06 -2.813976e-06 	 7.823318e-06 2.063753e-07 -8.474459e-07 	 -1.190131e-05 -4.283422e-06 -3.661422e-06 	 943
8.750000 	 2.528144e-06 -8.320574e-07 1.282284e-06 	 -2.359565e-07 -6.842830e-06 -7.309244e-06 	 2.292188e-06 -7.674887e-06 -6.026961e-06 	 906
9.250000 	 2.117806e-05 1.215952e-06 -5.381353e-06 	 7.697734e-06 -1.015310e-06 -4.014649e-07 	 2.887580e-05 2.006423e-07 -5.782818e-06 	 918
9.750000 	 3.814293e-05 3.677957e-06 4.842475e-07 	 -1.848073e-05 1.981662e-06 -3.833817e-06 	 1.966220e-05 5.659619e-06 -3.349570e-06 	 909
10.250000 	 2.815213e-04 1.888018e-06 3.752953e-06 	 5.094172e-06 -5.007799e-06 -1.212435e-06 	 2.866155e-04 -3.119781e-06 2.540519e-06 	 842
10.750000 	 5.868577e-04 1.263701e-06 2.053241e-06 	 -8.723163e-06 2.936777e-06 -1.088434e-05 	 5.781345e-04 4.200478e-06 -8.831098e-06 	 950
11.250000 	 7.219871e-04 -4.934120e-06 -1.695610e-06 	 1.388293e-05 -3.770863e-06 -7.342205e-06 	 7.358700e-04 -8.704983e-06 -9.037815e-06 	 535
11.750000 	 7.141806e-04 -1.796860e-05 1.412987e-05 	 2.244994e-05 1.174004e-05 1.429400e-05 	 7.366306e-04 -6.228561e-06 2.842386e-05 	 32
12.250000 	 0.000000e+00 0.000000e+00 0.000000e+00 	 0.000000e+00 0.000000e+00 0.000000e+00 	 0.000000e+00 0.000000e+00 0.000000e+00 	 0
12.750000 	 0.000000e+00 0.000000e+00 0.000000e+00 	 0.000000e+00 0.000000e+00 0.000000e+00 	 0.000000e+00 0.000000e+00 0.000000e+00 	 0
13.250000 	 0.000000e+00 0.000000e+00 0.000000e+00 	 0.000000e+00 0.000000e+00 0.000000e+00 	 0.000000e+00 0.000000e+00 0.000000e+00 	 0
13.750000 	 0.000000e+00 0.000000e+00 0.000000e+00 	 0.000000e+00 0.000000e+00 0.000000e+00 	 0.000000e+00 0.000000e+00 0.000000e+00 	 0
14.250000 	 0.000000e+00 0.000000e+00 0.000000e+00 	 0.000000e+00 0.000000e+00 0.000000e+00 	 0.000000e+00 0.000000e+00 0.000000e+00 	 0
14.750000 	 -7.929308e-06 -4.293567e-05 -8.573690e-05 	 -1.014685e-05 -2.968269e-06 -1.087694e-04 	 -1.807616e-05 -4.590394e-05 -1.945063e-04 	 1
