# 1  2-4    5-7    8-10   11     
# x  dirEF  recEF  sumEF  #Sample
0.250000 	 0.000000e+00 0.000000e+00 0.000000e+00 	 0.000000e+00 0.000000e+00 0.000000e+00 	 0.000000e+00 0.000000e+00 0.000000e+00 	 0
0.750000 	 0.000000e+00 0.000000e+00 0.000000e+00 	 0.000000e+00 0.000000e+00 0.000000e+00 	 0.000000e+00 0.000000e+00 0.000000e+00 	 0
1.250000 	 0.000000e+00 0.000000e+00 0.000000e+00 	 0.000000e+00 0.000000e+00 0.000000e+00 	 0.000000e+00 0.000000e+00 0.000000e+00 	 0
1.750000 	 0.000000e+00 0.000000e+00 0.000000e+00 	 0.000000e+00 0.000000e+00 0.000000e+00 	 0.000000e+00 0.000000e+00 0.000000e+00 	 0
2.250000 	 0.000000e+00 0.000000e+00 0.000000e+00 	 0.000000e+00 0.000000e+00 0.000000e+00 	 0.000000e+00 0.000000e+00 0.000000e+00 	 0
2.750000 	 0.000000e+00 0.000000e+00 0.000000e+00 	 0.000000e+00 0.000000e+00 0.000000e+00 	 0.000000e+00 0.000000e+00 0.000000e+00 	 0
3.250000 	 -7.145624e-04 -1.286120e-05 -9.641952e-06 	 -1.073612e-05 5.794720e-07 4.160386e-06 	 -7.252986e-04 -1.228173e-05 -5.481566e-06 	 45
3.750000 	 -7.272409e-04 1.050445e-06 4.092690e-06 	 -1.808462e-05 8.332031e-07 1.883266e-06 	 -7.453255e-04 1.883648e-06 5.975957e-06 	 570
4.250000 	 -5.902011e-04 3.350599e-06 -1.514973e-06 	 1.966076e-05 1.549910e-07 -1.624468e-06 	 -5.705404e-04 3.505590e-06 -3.139440e-06 	 902
4.750000 	 -2.758841e-04 3.090068e-07 -4.841791e-06 	 -1.007897e-05 -8.787036e-07 1.273717e-06 	 -2.859631e-04 -5.696968e-07 -3.568074e-06 	 893
5.250000 	 -3.782530e-05 -2.840697e-06 4.181759e-06 	 4.657165e-06 2.225296e-06 -1.304885e-06 	 -3.316814e-05 -6.154015e-07 2.876874e-06 	 881
5.750000 	 -1.716848e-05 -1.172413e-06 2.899121e-06 	 -2.294745e-06 -2.612441e-06 4.146021e-07 	 -1.946323e-05 -3.784853e-06 3.313723e-06 	 917
6.250000 	 -1.709314e-05 9.677268e-07 -4.617206e-06 	 -4.254964e-06 4.741712e-07 5.678050e-07 	 -2.134810e-05 1.441898e-06 -4.049401e-06 	 902
6.750000 	 -4.806066e-06 7.958489e-07 -1.373036e-06 	 4.293645e-06 1.184466e-06 1.167918e-06 	 -5.124213e-07 1.980315e-06 -2.051175e-07 	 953
7.250000 	 2.202504e-05 7.453414e-07 4.918185e-06 	 -2.138140e-06 -1.518343e-07 -9.298545e-07 	 1.988690e-05 5.935071e-07 3.988330e-06 	 965
7.750000 	 2.515916e-05 -1.015638e-06 -2.069055e-06 	 4.784905e-06 -4.256061e-07 -9.808035e-07 	 2.994406e-05 -1.441244e-06 -3.049858e-06 	 894
8.250000 	 1.187619e-05 -1.086019e-06 1.338096e-06 	 -3.354723e-06 2.617869e-07 2.504972e-06 	 8.521466e-06 -8.242326e-07 3.843068e-06 	 864
8.750000 	 1.175671e-05 1.610658e-06 -3.179622e-06 	 -1.188403e-06 3.593194e-07 -3.818884e-07 	 1.056831e-05 1.969978e-06 -3.561511e-06 	 861
9.250000 	 -2.272618e-06 -2.695430e-06 1.206641e-06 	 8.404466e-07 3.109591e-07 -1.374791e-06 	 -1.432171e-06 -2.384471e-06 -1.681502e-07 	 919
9.750000 	 1.851293e-05 -1.596403e-06 6.515847e-07 	 3.195845e-06 -1.179142e-06 -2.250224e-07 	 2.170877e-05 -2.775545e-06 4.265622e-07 	 853
10.250000 	 2.898245e-04 5.635351e-06 1.850106e-06 	 -2.342288e-07 1.430744e-07 -2.049173e-07 	 2.895902e-04 5.778425e-06 1.645188e-06 	 874
10.750000 	 5.873156e-04 -1.837824e-07 -1.180963e-06 	 -1.579431e-05 -1.196959e-06 1.136560e-06 	 5.715213e-04 -1.380742e-06 -4.440233e-08 	 947
11.250000 	 7.096383e-04 2.504281e-06 -3.339250e-06 	 2.387327e-05 2.567590e-06 -2.097168e-07 	 7.335116e-04 5.071871e-06 -3.548966e-06 	 537
11.750000 	 7.246514e-04 9.403417e-06 -3.254375e-06 	 -1.269639e-05 -1.847252e-06 -7.339516e-06 	 7.119550e-04 7.556164e-06 -1.059389e-05 	 46
12.250000 	 0.000000e+00 0.000000e+00 0.000000e+00 	 0.000000e+00 0.000000e+00 0.000000e+00 	 0.000000e+00 0.000000e+00 0.000000e+00 	 0
12.750000 	 0.000000e+00 0.000000e+00 0.000000e+00 	 0.000000e+00 0.000000e+00 0.000000e+00 	 0.000000e+00 0.000000e+00 0.000000e+00 	 0
13.250000 	 0.000000e+00 0.000000e+00 0.000000e+00 	 0.000000e+00 0.000000e+00 0.000000e+00 	 0.000000e+00 0.000000e+00 0.000000e+00 	 0
13.750000 	 0.000000e+00 0.000000e+00 0.000000e+00 	 0.000000e+00 0.000000e+00 0.000000e+00 	 0.000000e+00 0.000000e+00 0.000000e+00 	 0
14.250000 	 0.000000e+00 0.000000e+00 0.000000e+00 	 0.000000e+00 0.000000e+00 0.000000e+00 	 0.000000e+00 0.000000e+00 0.000000e+00 	 0
14.750000 	 -8.324349e-05 4.103942e-05 -1.144199e-05 	 -3.704187e-05 -9.775628e-07 1.021410e-04 	 -1.202854e-04 4.006185e-05 9.069900e-05 	 1
