# 1  2-4    5-7    8-10   11     
# x  dirEF  recEF  sumEF  #Sample
0.250000 	 0.000000e+00 0.000000e+00 0.000000e+00 	 0.000000e+00 0.000000e+00 0.000000e+00 	 0.000000e+00 0.000000e+00 0.000000e+00 	 0
0.750000 	 0.000000e+00 0.000000e+00 0.000000e+00 	 0.000000e+00 0.000000e+00 0.000000e+00 	 0.000000e+00 0.000000e+00 0.000000e+00 	 0
1.250000 	 0.000000e+00 0.000000e+00 0.000000e+00 	 0.000000e+00 0.000000e+00 0.000000e+00 	 0.000000e+00 0.000000e+00 0.000000e+00 	 0
1.750000 	 0.000000e+00 0.000000e+00 0.000000e+00 	 0.000000e+00 0.000000e+00 0.000000e+00 	 0.000000e+00 0.000000e+00 0.000000e+00 	 0
2.250000 	 0.000000e+00 0.000000e+00 0.000000e+00 	 0.000000e+00 0.000000e+00 0.000000e+00 	 0.000000e+00 0.000000e+00 0.000000e+00 	 0
2.750000 	 0.000000e+00 0.000000e+00 0.000000e+00 	 0.000000e+00 0.000000e+00 0.000000e+00 	 0.000000e+00 0.000000e+00 0.000000e+00 	 0
3.250000 	 -7.361384e-04 -1.924486e-05 -1.410588e-05 	 -4.197508e-05 -3.180855e-05 7.451405e-06 	 -7.781134e-04 -5.105341e-05 -6.654480e-06 	 40
3.750000 	 -7.149577e-04 1.878724e-06 2.811869e-07 	 -1.817838e-05 -7.124856e-06 -2.986681e-06 	 -7.331361e-04 -5.246132e-06 -2.705494e-06 	 577
4.250000 	 -5.891732e-04 2.057234e-06 2.421493e-06 	 9.757391e-06 -8.552143e-07 9.765149e-07 	 -5.794158e-04 1.202019e-06 3.398008e-06 	 881
4.750000 	 -2.785209e-04 3.177159e-06 -4.016524e-06 	 -1.476442e-05 4.351915e-08 7.003526e-06 	 -2.932853e-04 3.220678e-06 2.987002e-06 	 927
5.250000 	 -3.521971e-05 -6.874483e-06 -4.966259e-07 	 2.504539e-06 -1.019154e-05 -8.165068e-07 	 -3.271517e-05 -1.706603e-05 -1.313133e-06 	 877
5.750000 	 9.204824e-06 4.452334e-06 4.527291e-06 	 1.261679e-06 -1.751202e-06 -1.476251e-06 	 1.046650e-05 2.701132e-06 3.051041e-06 	 919
6.250000 	 1.267319e-05 -7.022614e-07 1.836473e-06 	 -1.558546e-06 2.031162e-06 4.612055e-06 	 1.111465e-05 1.328900e-06 6.448527e-06 	 890
6.750000 	 2.505829e-06 7.113230e-07 -4.404630e-06 	 1.773072e-06 3.862599e-06 4.957789e-06 	 4.278901e-06 4.573921e-06 5.531592e-07 	 912
7.250000 	 -1.363442e-05 -6.395347e-07 1.345687e-06 	 -1.373980e-05 1.279017e-07 -1.007358e-06 	 -2.737422e-05 -5.116330e-07 3.383290e-07 	 883
7.750000 	 -4.000329e-06 2.118525e-06 -4.274777e-07 	 5.589062e-06 2.969113e-06 1.378593e-06 	 1.588733e-06 5.087638e-06 9.511157e-07 	 877
8.250000 	 -4.053262e-06 -1.613918e-06 6.253727e-07 	 -2.836260e-06 -3.042500e-06 7.488534e-06 	 -6.889522e-06 -4.656418e-06 8.113906e-06 	 975
8.750000 	 6.268821e-07 -2.849531e-06 6.151417e-07 	 1.650925e-06 -3.925051e-06 -3.927910e-06 	 2.277807e-06 -6.774582e-06 -3.312768e-06 	 859
9.250000 	 4.491059e-06 1.464937e-06 -3.964565e-06 	 7.896359e-06 6.082624e-07 -8.306531e-06 	 1.238742e-05 2.073200e-06 -1.227110e-05 	 889
9.750000 	 3.258363e-05 7.414527e-07 6.179524e-06 	 2.315349e-06 -2.270033e-06 2.101427e-06 	 3.489898e-05 -1.528581e-06 8.280952e-06 	 930
10.250000 	 2.945935e-04 1.718371e-06 -1.548177e-06 	 -6.885846e-06 -8.184937e-07 -9.211303e-07 	 2.877076e-04 8.998769e-07 -2.469307e-06 	 905
10.750000 	 6.084911e-04 -1.554289e-06 -3.767909e-06 	 -5.855573e-06 -8.203866e-06 -3.523755e-06 	 6.026355e-04 -9.758155e-06 -7.291664e-06 	 889
11.250000 	 7.298015e-04 -7.202035e-07 2.660066e-06 	 1.603628e-05 6.496306e-06 -4.337623e-06 	 7.458378e-04 5.776103e-06 -1.677556e-06 	 558
11.750000 	 7.101030e-04 2.320021e-06 3.873431e-06 	 -5.901944e-06 1.158276e-05 1.962750e-05 	 7.042010e-04 1.390278e-05 2.350093e-05 	 36
12.250000 	 0.000000e+00 0.000000e+00 0.000000e+00 	 0.000000e+00 0.000000e+00 0.000000e+00 	 0.000000e+00 0.000000e+00 0.000000e+00 	 0
12.750000 	 0.000000e+00 0.000000e+00 0.000000e+00 	 0.000000e+00 0.000000e+00 0.000000e+00 	 0.000000e+00 0.000000e+00 0.000000e+00 	 0
13.250000 	 0.000000e+00 0.000000e+00 0.000000e+00 	 0.000000e+00 0.000000e+00 0.000000e+00 	 0.000000e+00 0.000000e+00 0.000000e+00 	 0
13.750000 	 0.000000e+00 0.000000e+00 0.000000e+00 	 0.000000e+00 0.000000e+00 0.000000e+00 	 0.000000e+00 0.000000e+00 0.000000e+00 	 0
14.250000 	 0.000000e+00 0.000000e+00 0.000000e+00 	 0.000000e+00 0.000000e+00 0.000000e+00 	 0.000000e+00 0.000000e+00 0.000000e+00 	 0
14.750000 	 0.000000e+00 0.000000e+00 0.000000e+00 	 0.000000e+00 0.000000e+00 0.000000e+00 	 0.000000e+00 0.000000e+00 0.000000e+00 	 0
