# 1  2-4    5-7    8-10   11     
# x  dirEF  recEF  sumEF  #Sample
0.250000 	 0.000000e+00 0.000000e+00 0.000000e+00 	 0.000000e+00 0.000000e+00 0.000000e+00 	 0.000000e+00 0.000000e+00 0.000000e+00 	 0
0.750000 	 0.000000e+00 0.000000e+00 0.000000e+00 	 0.000000e+00 0.000000e+00 0.000000e+00 	 0.000000e+00 0.000000e+00 0.000000e+00 	 0
1.250000 	 1.490698e-05 -3.437178e-05 -4.795933e-05 	 1.516305e-05 4.300450e-05 -9.002647e-05 	 3.007004e-05 8.632716e-06 -1.379858e-04 	 2
1.750000 	 0.000000e+00 0.000000e+00 0.000000e+00 	 0.000000e+00 0.000000e+00 0.000000e+00 	 0.000000e+00 0.000000e+00 0.000000e+00 	 0
2.250000 	 0.000000e+00 0.000000e+00 0.000000e+00 	 0.000000e+00 0.000000e+00 0.000000e+00 	 0.000000e+00 0.000000e+00 0.000000e+00 	 0
2.750000 	 0.000000e+00 0.000000e+00 0.000000e+00 	 0.000000e+00 0.000000e+00 0.000000e+00 	 0.000000e+00 0.000000e+00 0.000000e+00 	 0
3.250000 	 -7.364272e-04 2.035832e-05 3.420778e-06 	 -3.535783e-05 2.915697e-06 2.046933e-05 	 -7.717850e-04 2.327402e-05 2.389011e-05 	 40
3.750000 	 -7.336189e-04 1.050907e-06 9.359044e-07 	 -7.306082e-06 -7.938448e-06 2.182572e-06 	 -7.409250e-04 -6.887541e-06 3.118476e-06 	 537
4.250000 	 -6.007701e-04 2.614395e-06 2.003169e-06 	 1.802343e-05 1.260433e-06 1.445119e-06 	 -5.827466e-04 3.874828e-06 3.448288e-06 	 947
4.750000 	 -2.944302e-04 9.960174e-07 -3.393134e-06 	 -3.532714e-06 2.314511e-06 3.739185e-06 	 -2.979629e-04 3.310528e-06 3.460511e-07 	 902
5.250000 	 -3.445270e-05 2.048274e-06 3.276779e-07 	 -1.838025e-06 8.120381e-06 -1.592448e-06 	 -3.629073e-05 1.016865e-05 -1.264770e-06 	 890
5.750000 	 1.085670e-06 -4.367464e-06 -6.393269e-08 	 4.503240e-06 8.909837e-06 -2.746049e-06 	 5.588909e-06 4.542372e-06 -2.809981e-06 	 924
6.250000 	 1.294303e-06 2.132415e-06 1.012563e-06 	 -4.440684e-06 2.596783e-06 -3.623083e-06 	 -3.146381e-06 4.729198e-06 -2.610519e-06 	 945
6.750000 	 3.748722e-06 -2.059972e-06 -9.311899e-07 	 3.484631e-06 -5.811084e-07 -1.434939e-06 	 7.233353e-06 -2.641081e-06 -2.366129e-06 	 932
7.250000 	 9.953126e-06 6.556966e-07 2.523057e-08 	 1.241823e-05 -7.636622e-07 9.777224e-06 	 2.237136e-05 -1.079656e-07 9.802454e-06 	 859
7.750000 	 1.938389e-05 5.254325e-07 -9.710005e-07 	 3.891775e-07 -5.341572e-06 -9.634752e-07 	 1.977307e-05 -4.816140e-06 -1.934476e-06 	 932
8.250000 	 8.857158e-06 -2.062084e-06 2.707267e-06 	 9.224230e-06 6.687104e-07 3.208853e-06 	 1.808139e-05 -1.393374e-06 5.916120e-06 	 882
8.750000 	 1.087585e-06 6.134847e-07 -2.510512e-06 	 -8.312048e-06 5.352630e-07 -2.529107e-06 	 -7.224462e-06 1.148748e-06 -5.039619e-06 	 858
9.250000 	 -2.800239e-07 2.494695e-07 2.289697e-07 	 -6.821653e-06 5.739466e-06 -8.486675e-06 	 -7.101677e-06 5.988935e-06 -8.257705e-06 	 874
9.750000 	 2.372346e-05 2.326945e-06 6.252874e-06 	 2.239054e-06 -4.070849e-07 -2.372017e-06 	 2.596251e-05 1.919860e-06 3.880857e-06 	 915
10.250000 	 2.674632e-04 -1.305472e-06 -2.335593e-06 	 6.326017e-06 1.174367e-06 6.333726e-06 	 2.737893e-04 -1.311045e-07 3.998134e-06 	 901
10.750000 	 6.022664e-04 5.364380e-07 -1.177835e-06 	 -1.741578e-05 1.506842e-06 6.264019e-06 	 5.848506e-04 2.043280e-06 5.086184e-06 	 893
11.250000 	 7.153916e-04 -7.754257e-07 -2.001022e-06 	 2.443651e-05 5.315557e-06 1.225687e-05 	 7.398281e-04 4.540132e-06 1.025584e-05 	 542
11.750000 	 7.045834e-04 -5.778364e-07 -2.156282e-06 	 1.692705e-05 -1.222217e-05 6.744843e-06 	 7.215104e-04 -1.280001e-05 4.588561e-06 	 48
12.250000 	 0.000000e+00 0.000000e+00 0.000000e+00 	 0.000000e+00 0.000000e+00 0.000000e+00 	 0.000000e+00 0.000000e+00 0.000000e+00 	 0
12.750000 	 0.000000e+00 0.000000e+00 0.000000e+00 	 0.000000e+00 0.000000e+00 0.000000e+00 	 0.000000e+00 0.000000e+00 0.000000e+00 	 0
13.250000 	 0.000000e+00 0.000000e+00 0.000000e+00 	 0.000000e+00 0.000000e+00 0.000000e+00 	 0.000000e+00 0.000000e+00 0.000000e+00 	 0
13.750000 	 0.000000e+00 0.000000e+00 0.000000e+00 	 0.000000e+00 0.000000e+00 0.000000e+00 	 0.000000e+00 0.000000e+00 0.000000e+00 	 0
14.250000 	 0.000000e+00 0.000000e+00 0.000000e+00 	 0.000000e+00 0.000000e+00 0.000000e+00 	 0.000000e+00 0.000000e+00 0.000000e+00 	 0
14.750000 	 1.107313e-04 -6.550136e-06 -2.222010e-05 	 6.109843e-05 -1.844256e-04 -4.461676e-05 	 1.718297e-04 -1.909758e-04 -6.683686e-05 	 1
