# 1  2-4    5-7    8-10   11     
# x  dirEF  recEF  sumEF  #Sample
0.250000 	 0.000000e+00 0.000000e+00 0.000000e+00 	 0.000000e+00 0.000000e+00 0.000000e+00 	 0.000000e+00 0.000000e+00 0.000000e+00 	 0
0.750000 	 2.360149e-05 -4.074461e-05 4.736315e-05 	 1.017256e-04 -1.006583e-05 1.718475e-04 	 1.253271e-04 -5.081044e-05 2.192107e-04 	 1
1.250000 	 0.000000e+00 0.000000e+00 0.000000e+00 	 0.000000e+00 0.000000e+00 0.000000e+00 	 0.000000e+00 0.000000e+00 0.000000e+00 	 0
1.750000 	 0.000000e+00 0.000000e+00 0.000000e+00 	 0.000000e+00 0.000000e+00 0.000000e+00 	 0.000000e+00 0.000000e+00 0.000000e+00 	 0
2.250000 	 0.000000e+00 0.000000e+00 0.000000e+00 	 0.000000e+00 0.000000e+00 0.000000e+00 	 0.000000e+00 0.000000e+00 0.000000e+00 	 0
2.750000 	 0.000000e+00 0.000000e+00 0.000000e+00 	 0.000000e+00 0.000000e+00 0.000000e+00 	 0.000000e+00 0.000000e+00 0.000000e+00 	 0
3.250000 	 -7.306366e-04 3.976626e-07 2.743165e-06 	 -1.479970e-05 1.532450e-05 1.781897e-05 	 -7.454363e-04 1.572216e-05 2.056214e-05 	 48
3.750000 	 -7.427174e-04 9.430853e-07 1.747433e-06 	 -1.791675e-05 -7.726903e-06 3.966308e-06 	 -7.606342e-04 -6.783818e-06 5.713742e-06 	 585
4.250000 	 -5.982676e-04 4.634277e-06 -4.603985e-07 	 1.840551e-05 4.496847e-06 5.228145e-07 	 -5.798621e-04 9.131124e-06 6.241596e-08 	 940
4.750000 	 -2.693115e-04 -3.631202e-06 -1.566473e-07 	 -7.154607e-06 -4.767558e-07 2.833709e-06 	 -2.764661e-04 -4.107958e-06 2.677062e-06 	 916
5.250000 	 -2.363681e-06 -1.572399e-06 5.678906e-07 	 4.298947e-06 -4.744488e-06 -3.124981e-06 	 1.935266e-06 -6.316888e-06 -2.557091e-06 	 878
5.750000 	 4.428950e-06 4.316777e-06 -2.753251e-06 	 1.317680e-06 -2.849223e-06 2.106547e-06 	 5.746630e-06 1.467554e-06 -6.467046e-07 	 883
6.250000 	 -1.152276e-05 -5.930101e-06 1.332947e-06 	 -2.037373e-06 2.132092e-06 -1.245547e-06 	 -1.356013e-05 -3.798009e-06 8.739978e-08 	 847
6.750000 	 -1.842597e-05 4.081611e-06 -3.993081e-06 	 -3.531888e-06 -3.990287e-06 4.248982e-06 	 -2.195786e-05 9.132363e-08 2.559011e-07 	 899
7.250000 	 -1.593670e-05 -2.656998e-06 6.421347e-06 	 8.985845e-06 5.757795e-06 -3.908118e-06 	 -6.950851e-06 3.100796e-06 2.513229e-06 	 925
7.750000 	 -3.201780e-06 1.790462e-06 5.839520e-06 	 -1.319292e-05 -8.616795e-06 9.512652e-07 	 -1.639470e-05 -6.826333e-06 6.790786e-06 	 912
8.250000 	 1.486182e-05 -2.574897e-06 -7.264870e-06 	 3.672057e-06 -1.582526e-06 -3.610574e-06 	 1.853387e-05 -4.157423e-06 -1.087544e-05 	 902
8.750000 	 1.079180e-05 -1.857754e-06 -2.462403e-06 	 -4.935685e-06 3.264675e-06 5.880510e-06 	 5.856111e-06 1.406922e-06 3.418107e-06 	 916
9.250000 	 7.209440e-06 2.934184e-06 4.233160e-06 	 3.098391e-06 -4.082095e-06 2.237443e-06 	 1.030783e-05 -1.147911e-06 6.470603e-06 	 890
9.750000 	 3.039773e-05 -7.863039e-07 5.734076e-07 	 -1.006662e-05 -3.670650e-06 5.345844e-06 	 2.033112e-05 -4.456954e-06 5.919251e-06 	 878
10.250000 	 2.815066e-04 9.752676e-07 -2.598633e-06 	 1.168860e-05 -1.005631e-05 -3.164906e-06 	 2.931952e-04 -9.081042e-06 -5.763539e-06 	 873
10.750000 	 5.796164e-04 -1.428415e-06 -1.539871e-06 	 -2.033843e-05 -5.885664e-06 -8.704316e-07 	 5.592779e-04 -7.314078e-06 -2.410303e-06 	 944
11.250000 	 7.182041e-04 5.019933e-06 7.190850e-06 	 2.357209e-05 -8.543575e-06 -2.961177e-06 	 7.417762e-04 -3.523641e-06 4.229673e-06 	 541
11.750000 	 7.260000e-04 -1.536060e-05 -8.697315e-06 	 -7.170780e-06 2.336366e-05 8.014148e-06 	 7.188292e-04 8.003061e-06 -6.831669e-07 	 44
12.250000 	 0.000000e+00 0.000000e+00 0.000000e+00 	 0.000000e+00 0.000000e+00 0.000000e+00 	 0.000000e+00 0.000000e+00 0.000000e+00 	 0
12.750000 	 0.000000e+00 0.000000e+00 0.000000e+00 	 0.000000e+00 0.000000e+00 0.000000e+00 	 0.000000e+00 0.000000e+00 0.000000e+00 	 0
13.250000 	 -8.579489e-05 -6.372271e-06 2.652024e-05 	 -1.038154e-04 4.125505e-05 -1.149861e-04 	 -1.896103e-04 3.488278e-05 -8.846588e-05 	 1
13.750000 	 0.000000e+00 0.000000e+00 0.000000e+00 	 0.000000e+00 0.000000e+00 0.000000e+00 	 0.000000e+00 0.000000e+00 0.000000e+00 	 0
14.250000 	 -9.994362e-05 -1.125684e-04 1.841560e-05 	 1.356234e-04 6.286522e-05 2.906569e-06 	 3.567983e-05 -4.970316e-05 2.132217e-05 	 1
14.750000 	 0.000000e+00 0.000000e+00 0.000000e+00 	 0.000000e+00 0.000000e+00 0.000000e+00 	 0.000000e+00 0.000000e+00 0.000000e+00 	 0
