# 1  2-4    5-7    8-10   11     
# x  dirEF  recEF  sumEF  #Sample
0.250000 	 0.000000e+00 0.000000e+00 0.000000e+00 	 0.000000e+00 0.000000e+00 0.000000e+00 	 0.000000e+00 0.000000e+00 0.000000e+00 	 0
0.750000 	 0.000000e+00 0.000000e+00 0.000000e+00 	 0.000000e+00 0.000000e+00 0.000000e+00 	 0.000000e+00 0.000000e+00 0.000000e+00 	 0
1.250000 	 0.000000e+00 0.000000e+00 0.000000e+00 	 0.000000e+00 0.000000e+00 0.000000e+00 	 0.000000e+00 0.000000e+00 0.000000e+00 	 0
1.750000 	 0.000000e+00 0.000000e+00 0.000000e+00 	 0.000000e+00 0.000000e+00 0.000000e+00 	 0.000000e+00 0.000000e+00 0.000000e+00 	 0
2.250000 	 0.000000e+00 0.000000e+00 0.000000e+00 	 0.000000e+00 0.000000e+00 0.000000e+00 	 0.000000e+00 0.000000e+00 0.000000e+00 	 0
2.750000 	 0.000000e+00 0.000000e+00 0.000000e+00 	 0.000000e+00 0.000000e+00 0.000000e+00 	 0.000000e+00 0.000000e+00 0.000000e+00 	 0
3.250000 	 -7.066469e-04 1.950135e-05 -6.703177e-06 	 -5.002884e-06 5.437854e-06 -3.592386e-06 	 -7.116498e-04 2.493920e-05 -1.029556e-05 	 39
3.750000 	 -7.289324e-04 3.241832e-06 -2.819173e-06 	 -2.370961e-05 -1.030749e-06 3.295057e-06 	 -7.526420e-04 2.211082e-06 4.758839e-07 	 534
4.250000 	 -5.952127e-04 -9.825839e-07 1.034003e-07 	 1.746889e-05 -1.508230e-06 -1.949761e-06 	 -5.777438e-04 -2.490814e-06 -1.846361e-06 	 916
4.750000 	 -2.836393e-04 -1.471378e-06 -7.230894e-07 	 -1.318970e-06 1.532096e-06 1.253527e-06 	 -2.849583e-04 6.071785e-08 5.304377e-07 	 955
5.250000 	 -2.359189e-05 -4.702461e-08 8.604406e-07 	 2.147472e-07 1.503330e-06 -8.924219e-07 	 -2.337714e-05 1.456305e-06 -3.198133e-08 	 855
5.750000 	 2.025456e-07 2.941432e-06 -3.681242e-06 	 -6.198777e-06 -1.343804e-06 5.210805e-07 	 -5.996232e-06 1.597628e-06 -3.160162e-06 	 900
6.250000 	 -5.423856e-06 -2.644795e-06 3.179698e-06 	 5.728956e-06 -6.959506e-09 1.335685e-07 	 3.050999e-07 -2.651755e-06 3.313266e-06 	 895
6.750000 	 -4.770134e-07 9.535754e-07 2.235048e-06 	 -2.153003e-06 1.323120e-06 -9.066316e-07 	 -2.630017e-06 2.276696e-06 1.328417e-06 	 948
7.250000 	 8.536772e-06 -4.201079e-06 -3.665060e-07 	 1.443569e-06 -2.316601e-06 1.726088e-06 	 9.980341e-06 -6.517680e-06 1.359582e-06 	 889
7.750000 	 3.267640e-06 -7.818043e-07 -4.519009e-06 	 -2.412798e-06 1.628809e-06 -9.130231e-07 	 8.548415e-07 8.470044e-07 -5.432032e-06 	 866
8.250000 	 -2.525432e-06 1.804182e-06 8.500565e-07 	 3.735897e-06 -1.700919e-06 -1.905155e-07 	 1.210465e-06 1.032633e-07 6.595410e-07 	 888
8.750000 	 -2.069370e-05 5.037814e-07 1.662552e-07 	 -5.046442e-06 7.611419e-07 1.410235e-07 	 -2.574014e-05 1.264923e-06 3.072786e-07 	 936
9.250000 	 -2.710001e-06 -5.196996e-07 1.826212e-06 	 3.920822e-06 1.140788e-06 -1.248321e-06 	 1.210821e-06 6.210881e-07 5.778918e-07 	 878
9.750000 	 3.465755e-05 2.925786e-07 -1.916761e-06 	 -1.971135e-06 -1.971038e-06 1.736974e-06 	 3.268642e-05 -1.678460e-06 -1.797872e-07 	 942
10.250000 	 2.871412e-04 2.018169e-06 1.351315e-06 	 7.827473e-06 1.976198e-06 -2.338950e-07 	 2.949687e-04 3.994367e-06 1.117420e-06 	 929
10.750000 	 6.059093e-04 -1.170917e-06 6.428511e-06 	 -2.319238e-05 -1.966751e-06 3.445846e-07 	 5.827169e-04 -3.137669e-06 6.773095e-06 	 878
11.250000 	 7.212629e-04 1.971718e-06 -2.337524e-06 	 2.471252e-05 2.422737e-06 -8.763244e-07 	 7.459754e-04 4.394455e-06 -3.213849e-06 	 545
11.750000 	 7.188399e-04 -5.292710e-06 -1.103953e-05 	 -3.722011e-06 2.793634e-06 -7.949237e-06 	 7.151179e-04 -2.499076e-06 -1.898877e-05 	 30
12.250000 	 0.000000e+00 0.000000e+00 0.000000e+00 	 0.000000e+00 0.000000e+00 0.000000e+00 	 0.000000e+00 0.000000e+00 0.000000e+00 	 0
12.750000 	 0.000000e+00 0.000000e+00 0.000000e+00 	 0.000000e+00 0.000000e+00 0.000000e+00 	 0.000000e+00 0.000000e+00 0.000000e+00 	 0
13.250000 	 -1.460701e-06 -4.956415e-05 -8.240915e-05 	 4.124400e-05 2.592318e-06 3.175936e-05 	 3.978330e-05 -4.697184e-05 -5.064979e-05 	 1
13.750000 	 0.000000e+00 0.000000e+00 0.000000e+00 	 0.000000e+00 0.000000e+00 0.000000e+00 	 0.000000e+00 0.000000e+00 0.000000e+00 	 0
14.250000 	 0.000000e+00 0.000000e+00 0.000000e+00 	 0.000000e+00 0.000000e+00 0.000000e+00 	 0.000000e+00 0.000000e+00 0.000000e+00 	 0
14.750000 	 0.000000e+00 0.000000e+00 0.000000e+00 	 0.000000e+00 0.000000e+00 0.000000e+00 	 0.000000e+00 0.000000e+00 0.000000e+00 	 0
