# 1  2-4    5-7    8-10   11     
# x  dirEF  recEF  sumEF  #Sample
0.250000 	 0.000000e+00 0.000000e+00 0.000000e+00 	 0.000000e+00 0.000000e+00 0.000000e+00 	 0.000000e+00 0.000000e+00 0.000000e+00 	 0
0.750000 	 0.000000e+00 0.000000e+00 0.000000e+00 	 0.000000e+00 0.000000e+00 0.000000e+00 	 0.000000e+00 0.000000e+00 0.000000e+00 	 0
1.250000 	 0.000000e+00 0.000000e+00 0.000000e+00 	 0.000000e+00 0.000000e+00 0.000000e+00 	 0.000000e+00 0.000000e+00 0.000000e+00 	 0
1.750000 	 -9.570213e-06 1.596678e-05 -3.299705e-05 	 -4.348667e-05 -1.925308e-05 1.094409e-04 	 -5.305689e-05 -3.286302e-06 7.644390e-05 	 1
2.250000 	 0.000000e+00 0.000000e+00 0.000000e+00 	 0.000000e+00 0.000000e+00 0.000000e+00 	 0.000000e+00 0.000000e+00 0.000000e+00 	 0
2.750000 	 0.000000e+00 0.000000e+00 0.000000e+00 	 0.000000e+00 0.000000e+00 0.000000e+00 	 0.000000e+00 0.000000e+00 0.000000e+00 	 0
3.250000 	 -7.187887e-04 -1.502194e-06 7.585063e-06 	 5.546066e-06 -1.192477e-05 -1.865148e-06 	 -7.132426e-04 -1.342696e-05 5.719915e-06 	 39
3.750000 	 -7.350037e-04 -4.147378e-07 4.147132e-06 	 -2.362966e-05 -8.058358e-07 1.018730e-07 	 -7.586334e-04 -1.220574e-06 4.249005e-06 	 570
4.250000 	 -6.096493e-04 2.651038e-06 -4.124437e-06 	 1.978454e-05 5.880494e-07 1.106502e-06 	 -5.898648e-04 3.239088e-06 -3.017936e-06 	 898
4.750000 	 -2.856644e-04 -3.358759e-06 1.027109e-06 	 -5.299069e-06 1.143430e-06 5.990006e-07 	 -2.909635e-04 -2.215330e-06 1.626110e-06 	 939
5.250000 	 -1.626690e-05 -8.859729e-07 -6.360242e-06 	 -1.554175e-06 -2.644158e-06 -6.722066e-08 	 -1.782108e-05 -3.530131e-06 -6.427463e-06 	 929
5.750000 	 2.015814e-05 1.165618e-06 1.899463e-06 	 2.977058e-06 5.149159e-08 -8.734397e-07 	 2.313520e-05 1.217110e-06 1.026023e-06 	 900
6.250000 	 4.444361e-06 -2.092675e-06 3.792597e-06 	 2.087668e-06 2.359861e-07 3.350948e-07 	 6.532029e-06 -1.856689e-06 4.127692e-06 	 899
6.750000 	 -1.012163e-05 -2.358327e-06 -1.621919e-06 	 -4.689991e-06 7.131966e-07 -4.317449e-07 	 -1.481162e-05 -1.645130e-06 -2.053664e-06 	 852
7.250000 	 -5.246892e-06 1.939926e-06 -1.981080e-06 	 -1.362729e-07 5.168812e-07 -7.463433e-07 	 -5.383164e-06 2.456807e-06 -2.727423e-06 	 917
7.750000 	 -4.846032e-06 -1.076752e-06 -4.563648e-07 	 2.252024e-06 -6.635861e-07 3.560051e-07 	 -2.594008e-06 -1.740338e-06 -1.003596e-07 	 930
8.250000 	 9.599710e-06 2.343521e-06 3.309797e-06 	 2.030949e-06 -9.244757e-07 7.005228e-07 	 1.163066e-05 1.419045e-06 4.010320e-06 	 888
8.750000 	 5.938263e-06 -2.479044e-06 4.674578e-07 	 -3.715060e-06 1.418961e-07 1.422771e-07 	 2.223203e-06 -2.337147e-06 6.097349e-07 	 883
9.250000 	 -6.930508e-06 4.714764e-07 -1.619397e-06 	 1.936480e-06 8.462886e-07 -1.677546e-06 	 -4.994028e-06 1.317765e-06 -3.296942e-06 	 911
9.750000 	 3.609538e-05 -1.297831e-06 5.493552e-07 	 1.837733e-06 -7.270665e-08 1.593668e-07 	 3.793311e-05 -1.370538e-06 7.087221e-07 	 917
10.250000 	 2.962294e-04 1.517299e-06 1.636004e-06 	 -1.321642e-06 -3.635459e-07 7.459906e-07 	 2.949077e-04 1.153753e-06 2.381995e-06 	 895
10.750000 	 6.071249e-04 1.823394e-06 1.929490e-06 	 -1.206508e-05 8.624678e-07 4.174216e-07 	 5.950598e-04 2.685861e-06 2.346911e-06 	 879
11.250000 	 7.281905e-04 -1.201191e-06 -7.311338e-06 	 1.721194e-05 -2.202682e-06 2.073490e-08 	 7.454025e-04 -3.403872e-06 -7.290603e-06 	 540
11.750000 	 7.134174e-04 -1.221175e-05 -5.797509e-06 	 2.155614e-05 1.136832e-05 -8.185245e-08 	 7.349736e-04 -8.434234e-07 -5.879362e-06 	 35
12.250000 	 0.000000e+00 0.000000e+00 0.000000e+00 	 0.000000e+00 0.000000e+00 0.000000e+00 	 0.000000e+00 0.000000e+00 0.000000e+00 	 0
12.750000 	 2.982361e-04 -2.449984e-05 4.427091e-05 	 -7.678475e-06 6.166587e-05 -8.195890e-05 	 2.905576e-04 3.716603e-05 -3.768799e-05 	 1
13.250000 	 0.000000e+00 0.000000e+00 0.000000e+00 	 0.000000e+00 0.000000e+00 0.000000e+00 	 0.000000e+00 0.000000e+00 0.000000e+00 	 0
13.750000 	 0.000000e+00 0.000000e+00 0.000000e+00 	 0.000000e+00 0.000000e+00 0.000000e+00 	 0.000000e+00 0.000000e+00 0.000000e+00 	 0
14.250000 	 0.000000e+00 0.000000e+00 0.000000e+00 	 0.000000e+00 0.000000e+00 0.000000e+00 	 0.000000e+00 0.000000e+00 0.000000e+00 	 0
14.750000 	 1.584108e-05 -1.555168e-04 -4.654082e-07 	 -3.700841e-05 -3.088397e-05 -9.209310e-05 	 -2.116733e-05 -1.864007e-04 -9.255851e-05 	 1
