# 1  2-4    5-7    8-10   11     
# x  dirEF  recEF  sumEF  #Sample
0.250000 	 0.000000e+00 0.000000e+00 0.000000e+00 	 0.000000e+00 0.000000e+00 0.000000e+00 	 0.000000e+00 0.000000e+00 0.000000e+00 	 0
0.750000 	 0.000000e+00 0.000000e+00 0.000000e+00 	 0.000000e+00 0.000000e+00 0.000000e+00 	 0.000000e+00 0.000000e+00 0.000000e+00 	 0
1.250000 	 0.000000e+00 0.000000e+00 0.000000e+00 	 0.000000e+00 0.000000e+00 0.000000e+00 	 0.000000e+00 0.000000e+00 0.000000e+00 	 0
1.750000 	 2.333545e-05 7.685228e-05 -1.865394e-05 	 1.260167e-05 1.037344e-05 7.484310e-06 	 3.593712e-05 8.722571e-05 -1.116963e-05 	 1
2.250000 	 0.000000e+00 0.000000e+00 0.000000e+00 	 0.000000e+00 0.000000e+00 0.000000e+00 	 0.000000e+00 0.000000e+00 0.000000e+00 	 0
2.750000 	 0.000000e+00 0.000000e+00 0.000000e+00 	 0.000000e+00 0.000000e+00 0.000000e+00 	 0.000000e+00 0.000000e+00 0.000000e+00 	 0
3.250000 	 -7.203437e-04 -6.509197e-06 -1.313860e-05 	 2.213779e-05 8.243354e-06 9.935793e-06 	 -6.982059e-04 1.734158e-06 -3.202808e-06 	 38
3.750000 	 -7.266966e-04 1.389129e-06 -8.161640e-07 	 -2.785354e-05 -8.482224e-07 -1.036455e-06 	 -7.545501e-04 5.409062e-07 -1.852619e-06 	 517
4.250000 	 -6.104134e-04 -4.315850e-07 3.353161e-06 	 1.641106e-05 1.176500e-06 7.318727e-07 	 -5.940023e-04 7.449151e-07 4.085033e-06 	 945
4.750000 	 -3.003738e-04 5.199152e-06 2.925589e-07 	 -1.403316e-06 5.002546e-07 -1.294461e-06 	 -3.017771e-04 5.699407e-06 -1.001902e-06 	 874
5.250000 	 -3.224944e-05 -2.797223e-06 -1.070727e-06 	 -1.922609e-06 -4.967201e-07 7.414461e-07 	 -3.417205e-05 -3.293943e-06 -3.292810e-07 	 933
5.750000 	 8.647068e-06 2.256366e-06 5.921023e-07 	 4.291417e-06 -1.328423e-06 1.117679e-06 	 1.293849e-05 9.279431e-07 1.709782e-06 	 933
6.250000 	 1.864588e-05 -1.786948e-06 -1.717166e-06 	 -5.528803e-06 1.103300e-06 -1.269523e-06 	 1.311708e-05 -6.836475e-07 -2.986689e-06 	 900
6.750000 	 1.250281e-05 1.108985e-06 1.044412e-06 	 5.322655e-06 -1.702919e-06 8.009857e-08 	 1.782546e-05 -5.939335e-07 1.124510e-06 	 890
7.250000 	 2.028069e-07 -9.393661e-07 3.797279e-06 	 -7.649708e-07 1.738125e-06 -3.216301e-07 	 -5.621639e-07 7.987589e-07 3.475648e-06 	 879
7.750000 	 -2.119326e-05 1.421539e-06 -2.139911e-06 	 -1.967878e-06 -1.716055e-07 -1.246463e-06 	 -2.316114e-05 1.249934e-06 -3.386375e-06 	 878
8.250000 	 -1.972463e-05 -4.489797e-06 -2.813976e-06 	 9.884548e-07 3.981844e-07 2.573657e-06 	 -1.873617e-05 -4.091613e-06 -2.403187e-07 	 943
8.750000 	 2.528144e-06 -8.320574e-07 1.282284e-06 	 -3.445829e-06 3.015601e-07 -1.796664e-06 	 -9.176848e-07 -5.304973e-07 -5.143799e-07 	 906
9.250000 	 2.117806e-05 1.215952e-06 -5.381353e-06 	 8.190471e-06 -1.569657e-06 1.161713e-06 	 2.936853e-05 -3.537053e-07 -4.219640e-06 	 918
9.750000 	 3.814293e-05 3.677957e-06 4.842475e-07 	 -6.884905e-06 6.184297e-07 -2.010273e-06 	 3.125803e-05 4.296387e-06 -1.526025e-06 	 909
10.250000 	 2.815213e-04 1.888018e-06 3.752953e-06 	 5.118976e-06 -5.320653e-07 1.705724e-06 	 2.866403e-04 1.355953e-06 5.458677e-06 	 842
10.750000 	 5.868577e-04 1.263701e-06 2.053241e-06 	 -1.493111e-05 -3.504406e-07 -9.524019e-07 	 5.719266e-04 9.132603e-07 1.100839e-06 	 950
11.250000 	 7.219871e-04 -4.934120e-06 -1.695610e-06 	 2.007621e-05 -5.759761e-07 2.187429e-06 	 7.420633e-04 -5.510096e-06 4.918192e-07 	 535
11.750000 	 7.141806e-04 -1.796860e-05 1.412987e-05 	 1.424958e-05 2.456577e-07 1.172969e-05 	 7.284302e-04 -1.772294e-05 2.585956e-05 	 32
12.250000 	 0.000000e+00 0.000000e+00 0.000000e+00 	 0.000000e+00 0.000000e+00 0.000000e+00 	 0.000000e+00 0.000000e+00 0.000000e+00 	 0
12.750000 	 0.000000e+00 0.000000e+00 0.000000e+00 	 0.000000e+00 0.000000e+00 0.000000e+00 	 0.000000e+00 0.000000e+00 0.000000e+00 	 0
13.250000 	 0.000000e+00 0.000000e+00 0.000000e+00 	 0.000000e+00 0.000000e+00 0.000000e+00 	 0.000000e+00 0.000000e+00 0.000000e+00 	 0
13.750000 	 0.000000e+00 0.000000e+00 0.000000e+00 	 0.000000e+00 0.000000e+00 0.000000e+00 	 0.000000e+00 0.000000e+00 0.000000e+00 	 0
14.250000 	 0.000000e+00 0.000000e+00 0.000000e+00 	 0.000000e+00 0.000000e+00 0.000000e+00 	 0.000000e+00 0.000000e+00 0.000000e+00 	 0
14.750000 	 -7.929308e-06 -4.293567e-05 -8.573690e-05 	 -3.451684e-05 -2.015353e-05 3.069024e-05 	 -4.244615e-05 -6.308921e-05 -5.504666e-05 	 1
