# 1  2-4    5-7    8-10   11     
# x  dirEF  recEF  sumEF  #Sample
0.250000 	 0.000000e+00 0.000000e+00 0.000000e+00 	 0.000000e+00 0.000000e+00 0.000000e+00 	 0.000000e+00 0.000000e+00 0.000000e+00 	 0
0.750000 	 0.000000e+00 0.000000e+00 0.000000e+00 	 0.000000e+00 0.000000e+00 0.000000e+00 	 0.000000e+00 0.000000e+00 0.000000e+00 	 0
1.250000 	 0.000000e+00 0.000000e+00 0.000000e+00 	 0.000000e+00 0.000000e+00 0.000000e+00 	 0.000000e+00 0.000000e+00 0.000000e+00 	 0
1.750000 	 0.000000e+00 0.000000e+00 0.000000e+00 	 0.000000e+00 0.000000e+00 0.000000e+00 	 0.000000e+00 0.000000e+00 0.000000e+00 	 0
2.250000 	 0.000000e+00 0.000000e+00 0.000000e+00 	 0.000000e+00 0.000000e+00 0.000000e+00 	 0.000000e+00 0.000000e+00 0.000000e+00 	 0
2.750000 	 0.000000e+00 0.000000e+00 0.000000e+00 	 0.000000e+00 0.000000e+00 0.000000e+00 	 0.000000e+00 0.000000e+00 0.000000e+00 	 0
3.250000 	 -6.806013e-04 7.249791e-06 -1.215499e-05 	 7.706196e-06 -7.972761e-06 -5.392632e-06 	 -6.728951e-04 -7.229697e-07 -1.754762e-05 	 36
3.750000 	 -7.209036e-04 3.425066e-06 -2.658016e-07 	 -2.535279e-05 -1.739459e-06 1.533277e-06 	 -7.462564e-04 1.685606e-06 1.267475e-06 	 539
4.250000 	 -6.015991e-04 -7.869134e-07 -1.282590e-06 	 2.642643e-05 -6.237088e-08 5.007570e-07 	 -5.751726e-04 -8.492843e-07 -7.818331e-07 	 844
4.750000 	 -2.972726e-04 -2.882617e-06 1.161072e-06 	 -9.380344e-06 5.027994e-07 2.720453e-07 	 -3.066529e-04 -2.379817e-06 1.433117e-06 	 939
5.250000 	 -4.097707e-05 8.505357e-07 -2.237581e-06 	 2.223482e-07 4.064711e-07 7.463849e-07 	 -4.075473e-05 1.257007e-06 -1.491196e-06 	 887
5.750000 	 -5.435322e-06 1.043111e-07 3.459360e-06 	 -1.124388e-07 -9.281336e-07 -3.336001e-07 	 -5.547761e-06 -8.238225e-07 3.125760e-06 	 911
6.250000 	 -5.840047e-06 9.024621e-07 -1.198832e-06 	 3.297228e-06 7.085839e-08 -5.631891e-07 	 -2.542819e-06 9.733205e-07 -1.762021e-06 	 909
6.750000 	 3.680184e-06 -2.381966e-06 1.564172e-06 	 -4.783408e-06 3.271605e-07 -7.062215e-07 	 -1.103223e-06 -2.054806e-06 8.579501e-07 	 887
7.250000 	 5.368166e-06 1.160643e-06 1.106882e-06 	 -1.222761e-06 4.852893e-07 1.760374e-06 	 4.145404e-06 1.645932e-06 2.867256e-06 	 929
7.750000 	 -6.479881e-07 5.809933e-07 -7.070464e-07 	 4.893643e-06 -2.620380e-06 -1.196130e-06 	 4.245655e-06 -2.039387e-06 -1.903177e-06 	 906
8.250000 	 6.641715e-06 -1.388038e-06 -4.604422e-06 	 -2.870466e-06 2.052285e-06 1.589850e-07 	 3.771249e-06 6.642471e-07 -4.445437e-06 	 868
8.750000 	 -4.710811e-06 1.514937e-07 5.287274e-08 	 3.807408e-06 -2.558502e-07 4.442794e-08 	 -9.034034e-07 -1.043565e-07 9.730069e-08 	 926
9.250000 	 -1.214753e-05 -1.962176e-06 3.509367e-06 	 1.828169e-06 1.498750e-07 -3.458125e-07 	 -1.031936e-05 -1.812301e-06 3.163554e-06 	 924
9.750000 	 3.440071e-05 2.229950e-06 -9.860475e-07 	 -3.571320e-06 1.391144e-06 -3.012439e-07 	 3.082939e-05 3.621093e-06 -1.287291e-06 	 916
10.250000 	 2.869505e-04 1.488971e-06 1.669281e-06 	 2.837252e-06 -1.853344e-06 9.843213e-07 	 2.897877e-04 -3.643730e-07 2.653602e-06 	 892
10.750000 	 5.992472e-04 -9.997621e-07 -1.312258e-06 	 -1.295078e-05 6.936170e-07 -1.185521e-06 	 5.862964e-04 -3.061451e-07 -2.497779e-06 	 896
11.250000 	 7.327603e-04 1.444437e-07 -2.295179e-07 	 1.309410e-05 -1.719363e-06 -9.786789e-07 	 7.458544e-04 -1.574919e-06 -1.208197e-06 	 575
11.750000 	 7.207712e-04 -2.118957e-05 1.951630e-05 	 1.377503e-05 1.889212e-05 7.688695e-06 	 7.345463e-04 -2.297459e-06 2.720499e-05 	 40
12.250000 	 0.000000e+00 0.000000e+00 0.000000e+00 	 0.000000e+00 0.000000e+00 0.000000e+00 	 0.000000e+00 0.000000e+00 0.000000e+00 	 0
12.750000 	 0.000000e+00 0.000000e+00 0.000000e+00 	 0.000000e+00 0.000000e+00 0.000000e+00 	 0.000000e+00 0.000000e+00 0.000000e+00 	 0
13.250000 	 0.000000e+00 0.000000e+00 0.000000e+00 	 0.000000e+00 0.000000e+00 0.000000e+00 	 0.000000e+00 0.000000e+00 0.000000e+00 	 0
13.750000 	 0.000000e+00 0.000000e+00 0.000000e+00 	 0.000000e+00 0.000000e+00 0.000000e+00 	 0.000000e+00 0.000000e+00 0.000000e+00 	 0
14.250000 	 0.000000e+00 0.000000e+00 0.000000e+00 	 0.000000e+00 0.000000e+00 0.000000e+00 	 0.000000e+00 0.000000e+00 0.000000e+00 	 0
14.750000 	 0.000000e+00 0.000000e+00 0.000000e+00 	 0.000000e+00 0.000000e+00 0.000000e+00 	 0.000000e+00 0.000000e+00 0.000000e+00 	 0
