# 1  2-4    5-7    8-10   11     
# x  dirEF  recEF  sumEF  #Sample
0.250000 	 0.000000e+00 0.000000e+00 0.000000e+00 	 0.000000e+00 0.000000e+00 0.000000e+00 	 0.000000e+00 0.000000e+00 0.000000e+00 	 0
0.750000 	 9.179183e-05 7.279886e-05 8.444962e-05 	 4.737156e-06 -1.102155e-05 -2.019178e-05 	 9.652898e-05 6.177731e-05 6.425784e-05 	 1
1.250000 	 0.000000e+00 0.000000e+00 0.000000e+00 	 0.000000e+00 0.000000e+00 0.000000e+00 	 0.000000e+00 0.000000e+00 0.000000e+00 	 0
1.750000 	 6.685551e-05 1.230496e-05 -1.043677e-05 	 1.980240e-05 -3.261754e-06 -5.169266e-05 	 8.665791e-05 9.043207e-06 -6.212942e-05 	 1
2.250000 	 0.000000e+00 0.000000e+00 0.000000e+00 	 0.000000e+00 0.000000e+00 0.000000e+00 	 0.000000e+00 0.000000e+00 0.000000e+00 	 0
2.750000 	 0.000000e+00 0.000000e+00 0.000000e+00 	 0.000000e+00 0.000000e+00 0.000000e+00 	 0.000000e+00 0.000000e+00 0.000000e+00 	 0
3.250000 	 -7.084136e-04 -1.300077e-05 -1.006945e-05 	 -2.410882e-07 1.280268e-05 9.760738e-06 	 -7.086547e-04 -1.980924e-07 -3.087117e-07 	 29
3.750000 	 -7.366494e-04 4.746510e-06 3.270863e-07 	 -1.821250e-05 -8.459282e-07 -1.421224e-06 	 -7.548619e-04 3.900581e-06 -1.094137e-06 	 572
4.250000 	 -5.951326e-04 -1.794630e-06 -3.609043e-06 	 1.362081e-05 -7.736709e-07 4.256213e-07 	 -5.815118e-04 -2.568301e-06 -3.183422e-06 	 937
4.750000 	 -2.784178e-04 5.526811e-07 3.593723e-06 	 1.143301e-06 1.134707e-06 -4.031744e-07 	 -2.772745e-04 1.687388e-06 3.190549e-06 	 898
5.250000 	 -1.864558e-05 -1.258936e-06 -5.934832e-07 	 -2.248087e-06 -9.053887e-07 1.105038e-06 	 -2.089366e-05 -2.164325e-06 5.115548e-07 	 934
5.750000 	 -2.858452e-06 -1.004977e-06 3.664625e-06 	 -1.791589e-06 7.132719e-07 -5.511224e-07 	 -4.650041e-06 -2.917056e-07 3.113502e-06 	 894
6.250000 	 5.609117e-06 -7.710216e-07 -1.040723e-07 	 5.229473e-06 1.613528e-07 -5.407988e-07 	 1.083859e-05 -6.096688e-07 -6.448711e-07 	 913
6.750000 	 1.184592e-05 4.458016e-06 -2.602046e-06 	 -7.926301e-06 1.433308e-06 6.791250e-07 	 3.919618e-06 5.891325e-06 -1.922921e-06 	 894
7.250000 	 4.257053e-06 -4.816238e-06 1.032278e-06 	 4.965627e-06 -1.164538e-06 -1.354465e-06 	 9.222680e-06 -5.980776e-06 -3.221877e-07 	 921
7.750000 	 -1.169350e-06 1.679389e-06 8.200323e-08 	 -3.186908e-06 -7.466478e-08 2.239150e-06 	 -4.356257e-06 1.604724e-06 2.321153e-06 	 843
8.250000 	 6.632767e-06 -4.125841e-06 -4.123645e-06 	 3.180013e-06 9.186047e-07 3.495534e-07 	 9.812780e-06 -3.207236e-06 -3.774092e-06 	 913
8.750000 	 -1.318989e-05 5.477124e-06 5.035912e-08 	 -1.876583e-06 -4.486623e-07 -1.673272e-06 	 -1.506647e-05 5.028462e-06 -1.622913e-06 	 898
9.250000 	 -7.241651e-07 2.310655e-06 -4.688446e-07 	 2.412284e-06 -6.771991e-07 5.258074e-07 	 1.688119e-06 1.633455e-06 5.696288e-08 	 891
9.750000 	 3.205682e-05 -3.803311e-06 1.713510e-06 	 -6.593016e-06 -6.652958e-07 -4.402909e-07 	 2.546381e-05 -4.468607e-06 1.273219e-06 	 909
10.250000 	 2.827337e-04 -1.168318e-06 4.313297e-07 	 8.663605e-06 9.300974e-07 -1.096855e-06 	 2.913973e-04 -2.382205e-07 -6.655255e-07 	 908
10.750000 	 6.000768e-04 3.243337e-06 1.055447e-07 	 -1.407208e-05 -4.409757e-07 1.837832e-06 	 5.860047e-04 2.802362e-06 1.943377e-06 	 887
11.250000 	 7.320361e-04 -3.624371e-06 1.171266e-06 	 1.724791e-05 -1.338040e-06 2.580534e-07 	 7.492840e-04 -4.962410e-06 1.429319e-06 	 545
11.750000 	 7.108327e-04 4.952916e-06 1.166681e-05 	 1.618733e-05 -1.108444e-05 6.800920e-06 	 7.270200e-04 -6.131520e-06 1.846773e-05 	 34
12.250000 	 0.000000e+00 0.000000e+00 0.000000e+00 	 0.000000e+00 0.000000e+00 0.000000e+00 	 0.000000e+00 0.000000e+00 0.000000e+00 	 0
12.750000 	 -9.089141e-06 -6.074399e-05 -1.045099e-04 	 6.163731e-06 -5.142066e-05 3.455997e-05 	 -2.925410e-06 -1.121647e-04 -6.994995e-05 	 1
13.250000 	 1.465410e-05 4.455698e-05 -2.734808e-06 	 -4.035583e-05 5.364010e-05 4.062910e-05 	 -2.570173e-05 9.819708e-05 3.789429e-05 	 1
13.750000 	 0.000000e+00 0.000000e+00 0.000000e+00 	 0.000000e+00 0.000000e+00 0.000000e+00 	 0.000000e+00 0.000000e+00 0.000000e+00 	 0
14.250000 	 0.000000e+00 0.000000e+00 0.000000e+00 	 0.000000e+00 0.000000e+00 0.000000e+00 	 0.000000e+00 0.000000e+00 0.000000e+00 	 0
14.750000 	 0.000000e+00 0.000000e+00 0.000000e+00 	 0.000000e+00 0.000000e+00 0.000000e+00 	 0.000000e+00 0.000000e+00 0.000000e+00 	 0
