# 1  2-4    5-7    8-10   11     
# x  dirEF  recEF  sumEF  #Sample
0.250000 	 0.000000e+00 0.000000e+00 0.000000e+00 	 0.000000e+00 0.000000e+00 0.000000e+00 	 0.000000e+00 0.000000e+00 0.000000e+00 	 0
0.750000 	 0.000000e+00 0.000000e+00 0.000000e+00 	 0.000000e+00 0.000000e+00 0.000000e+00 	 0.000000e+00 0.000000e+00 0.000000e+00 	 0
1.250000 	 0.000000e+00 0.000000e+00 0.000000e+00 	 0.000000e+00 0.000000e+00 0.000000e+00 	 0.000000e+00 0.000000e+00 0.000000e+00 	 0
1.750000 	 0.000000e+00 0.000000e+00 0.000000e+00 	 0.000000e+00 0.000000e+00 0.000000e+00 	 0.000000e+00 0.000000e+00 0.000000e+00 	 0
2.250000 	 0.000000e+00 0.000000e+00 0.000000e+00 	 0.000000e+00 0.000000e+00 0.000000e+00 	 0.000000e+00 0.000000e+00 0.000000e+00 	 0
2.750000 	 0.000000e+00 0.000000e+00 0.000000e+00 	 0.000000e+00 0.000000e+00 0.000000e+00 	 0.000000e+00 0.000000e+00 0.000000e+00 	 0
3.250000 	 -7.276275e-04 -5.200064e-06 -1.109920e-05 	 2.638197e-08 -5.941052e-06 -4.510660e-06 	 -7.276011e-04 -1.114112e-05 -1.560986e-05 	 31
3.750000 	 -7.256717e-04 1.456390e-08 -1.948170e-06 	 -2.447515e-05 1.469327e-07 5.251600e-07 	 -7.501469e-04 1.614966e-07 -1.423010e-06 	 579
4.250000 	 -5.856755e-04 1.637504e-06 -7.709271e-07 	 2.423210e-05 -9.488596e-07 -1.852249e-06 	 -5.614434e-04 6.886441e-07 -2.623176e-06 	 958
4.750000 	 -2.574152e-04 -2.297952e-07 2.336105e-06 	 -8.363845e-06 1.104506e-06 -1.423695e-06 	 -2.657791e-04 8.747111e-07 9.124104e-07 	 925
5.250000 	 -2.701515e-06 1.994135e-07 -5.043813e-07 	 -2.855603e-06 -1.910682e-07 3.477804e-07 	 -5.557118e-06 8.345296e-09 -1.566009e-07 	 857
5.750000 	 2.730456e-06 2.555152e-06 -1.584977e-06 	 4.066287e-06 1.746162e-07 1.278206e-07 	 6.796744e-06 2.729768e-06 -1.457156e-06 	 885
6.250000 	 -1.161120e-05 -3.707446e-06 6.139725e-07 	 -4.199617e-06 2.447088e-07 1.095926e-06 	 -1.581081e-05 -3.462737e-06 1.709899e-06 	 848
6.750000 	 -1.515500e-05 4.303256e-06 5.773599e-06 	 1.245974e-06 -1.114592e-06 -2.184849e-07 	 -1.390903e-05 3.188664e-06 5.555114e-06 	 915
7.250000 	 -2.319034e-05 -3.628528e-06 -2.854482e-06 	 8.909516e-07 7.785887e-07 1.322825e-06 	 -2.229939e-05 -2.849939e-06 -1.531657e-06 	 907
7.750000 	 -7.197009e-06 1.959046e-06 -1.215269e-06 	 1.667007e-06 3.875639e-07 -1.011316e-06 	 -5.530002e-06 2.346610e-06 -2.226585e-06 	 914
8.250000 	 3.637451e-06 1.245617e-06 -3.303567e-06 	 -1.497527e-06 2.062094e-07 -2.549241e-07 	 2.139924e-06 1.451826e-06 -3.558491e-06 	 913
8.750000 	 1.793671e-05 -6.341171e-07 2.860074e-06 	 2.263745e-06 -5.797461e-07 7.403377e-07 	 2.020045e-05 -1.213863e-06 3.600412e-06 	 972
9.250000 	 1.363105e-05 -1.890890e-06 2.428841e-06 	 -7.501426e-06 1.053190e-07 -4.760206e-07 	 6.129629e-06 -1.785571e-06 1.952820e-06 	 862
9.750000 	 3.775772e-05 -5.691586e-07 -2.123710e-06 	 8.541503e-06 1.872774e-06 1.761868e-07 	 4.629922e-05 1.303616e-06 -1.947523e-06 	 861
10.250000 	 2.769996e-04 1.057759e-06 -1.094315e-06 	 1.262155e-06 -5.125875e-07 1.494026e-06 	 2.782617e-04 5.451719e-07 3.997111e-07 	 910
10.750000 	 5.893024e-04 2.768642e-07 -7.760543e-07 	 -1.700289e-05 -3.878664e-07 -6.239788e-07 	 5.722995e-04 -1.110022e-07 -1.400033e-06 	 914
11.250000 	 7.246594e-04 -7.562356e-07 -3.014079e-07 	 1.819739e-05 -7.285670e-07 -2.834132e-07 	 7.428568e-04 -1.484803e-06 -5.848211e-07 	 532
11.750000 	 6.945544e-04 1.204933e-05 1.475036e-06 	 -2.312099e-06 -2.205741e-05 -1.964793e-08 	 6.922423e-04 -1.000808e-05 1.455389e-06 	 41
12.250000 	 0.000000e+00 0.000000e+00 0.000000e+00 	 0.000000e+00 0.000000e+00 0.000000e+00 	 0.000000e+00 0.000000e+00 0.000000e+00 	 0
12.750000 	 0.000000e+00 0.000000e+00 0.000000e+00 	 0.000000e+00 0.000000e+00 0.000000e+00 	 0.000000e+00 0.000000e+00 0.000000e+00 	 0
13.250000 	 0.000000e+00 0.000000e+00 0.000000e+00 	 0.000000e+00 0.000000e+00 0.000000e+00 	 0.000000e+00 0.000000e+00 0.000000e+00 	 0
13.750000 	 0.000000e+00 0.000000e+00 0.000000e+00 	 0.000000e+00 0.000000e+00 0.000000e+00 	 0.000000e+00 0.000000e+00 0.000000e+00 	 0
14.250000 	 0.000000e+00 0.000000e+00 0.000000e+00 	 0.000000e+00 0.000000e+00 0.000000e+00 	 0.000000e+00 0.000000e+00 0.000000e+00 	 0
14.750000 	 0.000000e+00 0.000000e+00 0.000000e+00 	 0.000000e+00 0.000000e+00 0.000000e+00 	 0.000000e+00 0.000000e+00 0.000000e+00 	 0
