# 1  2-4    5-7    8-10   11     
# x  dirEF  recEF  sumEF  #Sample
0.250000 	 0.000000e+00 0.000000e+00 0.000000e+00 	 0.000000e+00 0.000000e+00 0.000000e+00 	 0.000000e+00 0.000000e+00 0.000000e+00 	 0
0.750000 	 0.000000e+00 0.000000e+00 0.000000e+00 	 0.000000e+00 0.000000e+00 0.000000e+00 	 0.000000e+00 0.000000e+00 0.000000e+00 	 0
1.250000 	 0.000000e+00 0.000000e+00 0.000000e+00 	 0.000000e+00 0.000000e+00 0.000000e+00 	 0.000000e+00 0.000000e+00 0.000000e+00 	 0
1.750000 	 0.000000e+00 0.000000e+00 0.000000e+00 	 0.000000e+00 0.000000e+00 0.000000e+00 	 0.000000e+00 0.000000e+00 0.000000e+00 	 0
2.250000 	 0.000000e+00 0.000000e+00 0.000000e+00 	 0.000000e+00 0.000000e+00 0.000000e+00 	 0.000000e+00 0.000000e+00 0.000000e+00 	 0
2.750000 	 -4.292964e-04 -6.409146e-05 -3.750397e-05 	 2.298260e-06 -6.371079e-05 5.188168e-05 	 -4.269981e-04 -1.278023e-04 1.437770e-05 	 1
3.250000 	 -7.204405e-04 4.877443e-06 -4.933780e-06 	 1.639079e-06 -1.109497e-06 6.354718e-06 	 -7.188014e-04 3.767947e-06 1.420938e-06 	 32
3.750000 	 -7.289727e-04 1.312774e-06 -3.425081e-06 	 -1.736916e-05 -1.467208e-07 -3.350278e-06 	 -7.463418e-04 1.166053e-06 -6.775359e-06 	 596
4.250000 	 -5.845690e-04 -1.582040e-06 4.821491e-07 	 1.175662e-05 4.582086e-07 1.331970e-06 	 -5.728124e-04 -1.123831e-06 1.814119e-06 	 914
4.750000 	 -2.637012e-04 -8.802491e-07 2.350388e-06 	 -3.663437e-06 9.467860e-07 -4.227139e-07 	 -2.673647e-04 6.653693e-08 1.927674e-06 	 891
5.250000 	 -2.171058e-05 3.521124e-06 -7.794561e-07 	 2.157728e-06 4.756282e-07 6.114102e-07 	 -1.955285e-05 3.996752e-06 -1.680459e-07 	 899
5.750000 	 -3.555713e-06 -1.055453e-06 -1.609539e-06 	 -2.808529e-06 -1.628066e-06 -3.226295e-07 	 -6.364241e-06 -2.683518e-06 -1.932168e-06 	 849
6.250000 	 -1.682123e-05 -3.465978e-06 1.403577e-06 	 4.412657e-06 4.092440e-07 -1.561348e-09 	 -1.240857e-05 -3.056734e-06 1.402016e-06 	 899
6.750000 	 -2.422832e-06 4.024259e-06 4.485669e-07 	 -3.761749e-06 -1.027084e-07 2.781618e-07 	 -6.184580e-06 3.921551e-06 7.267287e-07 	 895
7.250000 	 -8.758887e-08 -1.018381e-06 1.240208e-06 	 2.668019e-08 -3.234062e-07 2.008784e-07 	 -6.090868e-08 -1.341787e-06 1.441086e-06 	 920
7.750000 	 7.183903e-06 -7.207993e-07 9.382204e-07 	 5.820056e-06 -6.498894e-07 8.382359e-08 	 1.300396e-05 -1.370689e-06 1.022044e-06 	 901
8.250000 	 -3.561150e-06 5.857194e-07 -2.579108e-07 	 -7.457386e-06 -1.248439e-06 6.455218e-08 	 -1.101854e-05 -6.627200e-07 -1.933586e-07 	 885
8.750000 	 -5.431325e-06 -1.465682e-06 -2.434121e-06 	 3.300463e-06 2.404223e-06 -1.282379e-06 	 -2.130863e-06 9.385409e-07 -3.716500e-06 	 884
9.250000 	 -1.883526e-05 2.528780e-06 -1.412180e-06 	 1.498657e-06 -1.136419e-06 5.937957e-07 	 -1.733660e-05 1.392361e-06 -8.183839e-07 	 917
9.750000 	 2.781276e-05 -3.070434e-07 3.572324e-06 	 1.688356e-06 8.025231e-08 1.812928e-08 	 2.950111e-05 -2.267911e-07 3.590453e-06 	 906
10.250000 	 2.854690e-04 2.223976e-07 -7.372521e-07 	 -2.147103e-06 8.513991e-07 -2.034170e-07 	 2.833219e-04 1.073797e-06 -9.406691e-07 	 920
10.750000 	 5.875489e-04 -2.370166e-06 -2.152096e-06 	 -8.324377e-06 8.285086e-07 -2.336706e-07 	 5.792245e-04 -1.541657e-06 -2.385766e-06 	 916
11.250000 	 7.236688e-04 9.374201e-07 4.921432e-06 	 1.266286e-05 -1.254912e-06 1.788246e-07 	 7.363316e-04 -3.174919e-07 5.100256e-06 	 552
11.750000 	 7.381765e-04 -5.611305e-06 -1.248553e-05 	 1.325768e-05 -2.793277e-06 -5.662695e-06 	 7.514341e-04 -8.404582e-06 -1.814822e-05 	 47
12.250000 	 0.000000e+00 0.000000e+00 0.000000e+00 	 0.000000e+00 0.000000e+00 0.000000e+00 	 0.000000e+00 0.000000e+00 0.000000e+00 	 0
12.750000 	 0.000000e+00 0.000000e+00 0.000000e+00 	 0.000000e+00 0.000000e+00 0.000000e+00 	 0.000000e+00 0.000000e+00 0.000000e+00 	 0
13.250000 	 0.000000e+00 0.000000e+00 0.000000e+00 	 0.000000e+00 0.000000e+00 0.000000e+00 	 0.000000e+00 0.000000e+00 0.000000e+00 	 0
13.750000 	 0.000000e+00 0.000000e+00 0.000000e+00 	 0.000000e+00 0.000000e+00 0.000000e+00 	 0.000000e+00 0.000000e+00 0.000000e+00 	 0
14.250000 	 0.000000e+00 0.000000e+00 0.000000e+00 	 0.000000e+00 0.000000e+00 0.000000e+00 	 0.000000e+00 0.000000e+00 0.000000e+00 	 0
14.750000 	 0.000000e+00 0.000000e+00 0.000000e+00 	 0.000000e+00 0.000000e+00 0.000000e+00 	 0.000000e+00 0.000000e+00 0.000000e+00 	 0
