# 1  2-4    5-7    8-10   11     
# x  dirEF  recEF  sumEF  #Sample
0.250000 	 0.000000e+00 0.000000e+00 0.000000e+00 	 0.000000e+00 0.000000e+00 0.000000e+00 	 0.000000e+00 0.000000e+00 0.000000e+00 	 0
0.750000 	 0.000000e+00 0.000000e+00 0.000000e+00 	 0.000000e+00 0.000000e+00 0.000000e+00 	 0.000000e+00 0.000000e+00 0.000000e+00 	 0
1.250000 	 0.000000e+00 0.000000e+00 0.000000e+00 	 0.000000e+00 0.000000e+00 0.000000e+00 	 0.000000e+00 0.000000e+00 0.000000e+00 	 0
1.750000 	 0.000000e+00 0.000000e+00 0.000000e+00 	 0.000000e+00 0.000000e+00 0.000000e+00 	 0.000000e+00 0.000000e+00 0.000000e+00 	 0
2.250000 	 0.000000e+00 0.000000e+00 0.000000e+00 	 0.000000e+00 0.000000e+00 0.000000e+00 	 0.000000e+00 0.000000e+00 0.000000e+00 	 0
2.750000 	 0.000000e+00 0.000000e+00 0.000000e+00 	 0.000000e+00 0.000000e+00 0.000000e+00 	 0.000000e+00 0.000000e+00 0.000000e+00 	 0
3.250000 	 -6.939149e-04 -1.589161e-06 -6.520444e-06 	 -1.075498e-06 8.322616e-06 -2.545709e-05 	 -6.949904e-04 6.733454e-06 -3.197753e-05 	 38
3.750000 	 -7.126516e-04 1.947937e-06 2.108709e-06 	 -2.071045e-05 1.465771e-06 -1.155792e-06 	 -7.333620e-04 3.413708e-06 9.529164e-07 	 586
4.250000 	 -6.082341e-04 -1.718197e-06 -8.289013e-07 	 2.040482e-05 2.776199e-06 -7.930839e-07 	 -5.878293e-04 1.058002e-06 -1.621985e-06 	 882
4.750000 	 -2.914331e-04 -1.278386e-06 -4.394812e-07 	 -1.836770e-06 2.333157e-07 4.848356e-06 	 -2.932699e-04 -1.045070e-06 4.408875e-06 	 870
5.250000 	 -4.205661e-05 5.056626e-06 -3.764874e-06 	 -4.541333e-06 -4.393818e-06 -6.887232e-06 	 -4.659794e-05 6.628073e-07 -1.065211e-05 	 940
5.750000 	 -4.392859e-06 -1.940531e-06 2.850296e-06 	 4.660365e-06 -7.991827e-07 -1.248671e-06 	 2.675063e-07 -2.739714e-06 1.601625e-06 	 942
6.250000 	 9.198322e-06 -2.806909e-06 -2.743343e-06 	 -4.689370e-06 -7.700480e-07 -3.667089e-06 	 4.508951e-06 -3.576957e-06 -6.410432e-06 	 923
6.750000 	 1.701584e-05 5.295770e-07 8.081856e-07 	 8.131866e-06 -1.212225e-06 -3.810624e-07 	 2.514771e-05 -6.826482e-07 4.271232e-07 	 879
7.250000 	 1.214196e-05 3.521602e-06 -4.513254e-07 	 -1.937334e-06 -1.969185e-06 4.208475e-06 	 1.020463e-05 1.552417e-06 3.757149e-06 	 945
7.750000 	 1.666887e-05 1.105185e-06 -8.060208e-07 	 2.918888e-06 -7.991925e-06 6.619313e-06 	 1.958776e-05 -6.886740e-06 5.813292e-06 	 889
8.250000 	 1.931125e-05 -5.210059e-07 -5.900657e-07 	 -4.078569e-06 1.757974e-06 7.647766e-07 	 1.523268e-05 1.236968e-06 1.747109e-07 	 875
8.750000 	 -3.554633e-06 -5.998083e-07 -1.021104e-06 	 2.443664e-06 -7.314501e-06 -1.961607e-06 	 -1.110969e-06 -7.914309e-06 -2.982710e-06 	 883
9.250000 	 -2.255419e-05 -1.353904e-06 2.054648e-06 	 4.335386e-06 -1.264410e-05 -5.166485e-06 	 -1.821880e-05 -1.399800e-05 -3.111837e-06 	 845
9.750000 	 1.906652e-05 -3.176353e-06 7.220609e-07 	 -7.549271e-06 1.151178e-06 -1.760300e-07 	 1.151725e-05 -2.025175e-06 5.460310e-07 	 909
10.250000 	 2.702605e-04 1.242388e-06 5.289860e-07 	 5.894852e-06 5.383122e-06 -1.363833e-06 	 2.761554e-04 6.625510e-06 -8.348470e-07 	 918
10.750000 	 6.009721e-04 3.869899e-06 -2.243477e-07 	 -1.149182e-05 8.079255e-07 -1.025359e-06 	 5.894802e-04 4.677824e-06 -1.249707e-06 	 908
11.250000 	 7.426139e-04 3.132532e-07 2.436486e-06 	 1.928061e-05 -5.301753e-06 4.576129e-06 	 7.618946e-04 -4.988500e-06 7.012615e-06 	 557
11.750000 	 7.373260e-04 4.598242e-06 1.542359e-05 	 -8.565212e-06 -1.380997e-05 6.309145e-06 	 7.287608e-04 -9.211730e-06 2.173273e-05 	 34
12.250000 	 0.000000e+00 0.000000e+00 0.000000e+00 	 0.000000e+00 0.000000e+00 0.000000e+00 	 0.000000e+00 0.000000e+00 0.000000e+00 	 0
12.750000 	 0.000000e+00 0.000000e+00 0.000000e+00 	 0.000000e+00 0.000000e+00 0.000000e+00 	 0.000000e+00 0.000000e+00 0.000000e+00 	 0
13.250000 	 -9.239396e-05 2.403002e-05 5.573694e-05 	 -6.958486e-05 1.658169e-06 3.992109e-05 	 -1.619788e-04 2.568819e-05 9.565803e-05 	 1
13.750000 	 0.000000e+00 0.000000e+00 0.000000e+00 	 0.000000e+00 0.000000e+00 0.000000e+00 	 0.000000e+00 0.000000e+00 0.000000e+00 	 0
14.250000 	 0.000000e+00 0.000000e+00 0.000000e+00 	 0.000000e+00 0.000000e+00 0.000000e+00 	 0.000000e+00 0.000000e+00 0.000000e+00 	 0
14.750000 	 0.000000e+00 0.000000e+00 0.000000e+00 	 0.000000e+00 0.000000e+00 0.000000e+00 	 0.000000e+00 0.000000e+00 0.000000e+00 	 0
