# 1  2-4    5-7    8-10   11     
# x  dirEF  recEF  sumEF  #Sample
0.250000 	 0.000000e+00 0.000000e+00 0.000000e+00 	 0.000000e+00 0.000000e+00 0.000000e+00 	 0.000000e+00 0.000000e+00 0.000000e+00 	 0
0.750000 	 0.000000e+00 0.000000e+00 0.000000e+00 	 0.000000e+00 0.000000e+00 0.000000e+00 	 0.000000e+00 0.000000e+00 0.000000e+00 	 0
1.250000 	 0.000000e+00 0.000000e+00 0.000000e+00 	 0.000000e+00 0.000000e+00 0.000000e+00 	 0.000000e+00 0.000000e+00 0.000000e+00 	 0
1.750000 	 0.000000e+00 0.000000e+00 0.000000e+00 	 0.000000e+00 0.000000e+00 0.000000e+00 	 0.000000e+00 0.000000e+00 0.000000e+00 	 0
2.250000 	 0.000000e+00 0.000000e+00 0.000000e+00 	 0.000000e+00 0.000000e+00 0.000000e+00 	 0.000000e+00 0.000000e+00 0.000000e+00 	 0
2.750000 	 0.000000e+00 0.000000e+00 0.000000e+00 	 0.000000e+00 0.000000e+00 0.000000e+00 	 0.000000e+00 0.000000e+00 0.000000e+00 	 0
3.250000 	 -7.211570e-04 -7.346964e-06 6.255206e-06 	 -1.926015e-05 1.229799e-05 3.389920e-05 	 -7.404171e-04 4.951027e-06 4.015441e-05 	 46
3.750000 	 -7.136956e-04 -2.435341e-07 1.037502e-06 	 -1.187132e-05 -6.398092e-06 -2.619621e-06 	 -7.255669e-04 -6.641626e-06 -1.582119e-06 	 595
4.250000 	 -5.768073e-04 3.797202e-06 3.324193e-07 	 1.416020e-05 -4.849113e-06 6.172942e-06 	 -5.626471e-04 -1.051911e-06 6.505361e-06 	 908
4.750000 	 -2.741866e-04 -1.493464e-06 -5.395167e-06 	 -1.185059e-05 3.643183e-06 -8.030853e-06 	 -2.860372e-04 2.149719e-06 -1.342602e-05 	 889
5.250000 	 -3.393668e-05 -3.932626e-07 3.341950e-06 	 -5.757559e-06 -1.699257e-07 1.779735e-07 	 -3.969424e-05 -5.631883e-07 3.519923e-06 	 847
5.750000 	 -9.494050e-06 -5.373515e-07 5.847096e-07 	 -3.605855e-06 3.286394e-06 5.824068e-06 	 -1.309990e-05 2.749042e-06 6.408777e-06 	 996
6.250000 	 -1.965638e-05 -9.487331e-07 3.352892e-06 	 2.151583e-06 -5.113818e-06 4.133272e-06 	 -1.750480e-05 -6.062551e-06 7.486163e-06 	 849
6.750000 	 5.826215e-06 2.282779e-06 -4.504098e-07 	 6.308091e-06 3.409890e-06 7.388710e-08 	 1.213431e-05 5.692669e-06 -3.765227e-07 	 922
7.250000 	 2.424508e-06 2.611941e-06 5.783819e-07 	 -3.910089e-06 -2.472615e-06 -1.702379e-06 	 -1.485581e-06 1.393262e-07 -1.123997e-06 	 923
7.750000 	 1.393521e-06 -6.274490e-06 -4.256903e-06 	 1.704696e-05 -1.070862e-06 -6.954117e-06 	 1.844048e-05 -7.345352e-06 -1.121102e-05 	 917
8.250000 	 1.523064e-05 2.575865e-07 1.390887e-06 	 -2.183648e-06 2.006553e-06 2.854207e-06 	 1.304699e-05 2.264140e-06 4.245094e-06 	 931
8.750000 	 5.137137e-06 2.840627e-06 -4.644676e-07 	 -4.827940e-06 -9.162489e-06 4.896656e-06 	 3.091969e-07 -6.321862e-06 4.432188e-06 	 885
9.250000 	 2.343262e-06 3.392041e-06 1.439802e-06 	 1.066139e-05 2.833932e-06 -1.964153e-06 	 1.300465e-05 6.225974e-06 -5.243508e-07 	 887
9.750000 	 3.941083e-05 -3.212135e-07 -3.921498e-06 	 -2.446717e-06 -2.198770e-06 1.953370e-06 	 3.696411e-05 -2.519983e-06 -1.968128e-06 	 888
10.250000 	 3.068894e-04 1.171590e-06 3.123808e-06 	 6.993269e-06 8.368411e-06 -2.625543e-06 	 3.138826e-04 9.540002e-06 4.982649e-07 	 929
10.750000 	 5.963540e-04 -2.660954e-06 6.366474e-07 	 -1.692166e-05 4.424803e-06 -3.758566e-06 	 5.794324e-04 1.763848e-06 -3.121919e-06 	 867
11.250000 	 7.240295e-04 -2.419499e-06 -1.709556e-06 	 1.396255e-05 1.284880e-05 1.020636e-05 	 7.379920e-04 1.042930e-05 8.496807e-06 	 502
11.750000 	 6.981268e-04 -7.984755e-06 1.205271e-07 	 1.737849e-05 2.185426e-07 1.796631e-05 	 7.155053e-04 -7.766212e-06 1.808684e-05 	 41
12.250000 	 0.000000e+00 0.000000e+00 0.000000e+00 	 0.000000e+00 0.000000e+00 0.000000e+00 	 0.000000e+00 0.000000e+00 0.000000e+00 	 0
12.750000 	 0.000000e+00 0.000000e+00 0.000000e+00 	 0.000000e+00 0.000000e+00 0.000000e+00 	 0.000000e+00 0.000000e+00 0.000000e+00 	 0
13.250000 	 -5.819920e-05 9.109442e-05 -8.760457e-05 	 -2.610362e-04 -7.489817e-05 4.969371e-05 	 -3.192354e-04 1.619626e-05 -3.791086e-05 	 1
13.750000 	 0.000000e+00 0.000000e+00 0.000000e+00 	 0.000000e+00 0.000000e+00 0.000000e+00 	 0.000000e+00 0.000000e+00 0.000000e+00 	 0
14.250000 	 9.234485e-05 3.670077e-06 1.287464e-07 	 -1.842764e-05 1.207814e-04 1.523695e-04 	 7.391720e-05 1.244514e-04 1.524982e-04 	 1
14.750000 	 0.000000e+00 0.000000e+00 0.000000e+00 	 0.000000e+00 0.000000e+00 0.000000e+00 	 0.000000e+00 0.000000e+00 0.000000e+00 	 0
