# 1  2-4    5-7    8-10   11     
# x  dirEF  recEF  sumEF  #Sample
0.250000 	 0.000000e+00 0.000000e+00 0.000000e+00 	 0.000000e+00 0.000000e+00 0.000000e+00 	 0.000000e+00 0.000000e+00 0.000000e+00 	 0
0.750000 	 0.000000e+00 0.000000e+00 0.000000e+00 	 0.000000e+00 0.000000e+00 0.000000e+00 	 0.000000e+00 0.000000e+00 0.000000e+00 	 0
1.250000 	 0.000000e+00 0.000000e+00 0.000000e+00 	 0.000000e+00 0.000000e+00 0.000000e+00 	 0.000000e+00 0.000000e+00 0.000000e+00 	 0
1.750000 	 0.000000e+00 0.000000e+00 0.000000e+00 	 0.000000e+00 0.000000e+00 0.000000e+00 	 0.000000e+00 0.000000e+00 0.000000e+00 	 0
2.250000 	 0.000000e+00 0.000000e+00 0.000000e+00 	 0.000000e+00 0.000000e+00 0.000000e+00 	 0.000000e+00 0.000000e+00 0.000000e+00 	 0
2.750000 	 0.000000e+00 0.000000e+00 0.000000e+00 	 0.000000e+00 0.000000e+00 0.000000e+00 	 0.000000e+00 0.000000e+00 0.000000e+00 	 0
3.250000 	 -7.118402e-04 -4.179917e-06 -1.581222e-05 	 -4.197636e-06 -5.542359e-06 -1.115012e-05 	 -7.160378e-04 -9.722276e-06 -2.696234e-05 	 36
3.750000 	 -7.403291e-04 4.249645e-06 3.425856e-06 	 -1.879279e-05 -2.405727e-06 -2.232043e-07 	 -7.591219e-04 1.843918e-06 3.202651e-06 	 544
4.250000 	 -6.072707e-04 3.479148e-06 6.559316e-07 	 1.600534e-05 1.548369e-06 1.616182e-06 	 -5.912654e-04 5.027517e-06 2.272114e-06 	 886
4.750000 	 -2.912502e-04 9.847221e-08 -3.917529e-06 	 -5.061546e-06 9.046563e-07 -8.888921e-07 	 -2.963117e-04 1.003128e-06 -4.806421e-06 	 943
5.250000 	 -3.110361e-05 -5.293188e-06 -2.114741e-06 	 1.207105e-06 -2.030016e-06 -7.772494e-07 	 -2.989650e-05 -7.323204e-06 -2.891990e-06 	 878
5.750000 	 5.509760e-06 -2.549172e-06 1.829082e-06 	 -1.032347e-07 1.452792e-06 4.068452e-07 	 5.406525e-06 -1.096381e-06 2.235928e-06 	 889
6.250000 	 1.481193e-05 1.646767e-06 -9.457204e-07 	 3.613154e-06 9.999998e-07 -5.956905e-08 	 1.842509e-05 2.646766e-06 -1.005289e-06 	 920
6.750000 	 1.749074e-05 2.622003e-06 2.272357e-06 	 -6.868576e-06 -1.635952e-06 -2.188255e-06 	 1.062216e-05 9.860509e-07 8.410228e-08 	 894
7.250000 	 7.441685e-06 1.397478e-07 -1.610872e-06 	 2.293644e-06 -1.489797e-07 2.192696e-06 	 9.735328e-06 -9.231844e-09 5.818247e-07 	 857
7.750000 	 -2.324169e-05 -2.588176e-06 -3.211538e-07 	 1.241375e-06 1.170115e-06 1.177054e-06 	 -2.200032e-05 -1.418062e-06 8.559004e-07 	 877
8.250000 	 -2.788312e-05 2.985437e-06 -6.181877e-07 	 1.494050e-06 -3.513650e-07 -8.972534e-07 	 -2.638907e-05 2.634072e-06 -1.515441e-06 	 861
8.750000 	 -1.966207e-05 1.910234e-07 2.027155e-06 	 -1.185747e-06 -6.275733e-07 9.228268e-07 	 -2.084782e-05 -4.365499e-07 2.949982e-06 	 937
9.250000 	 -1.227159e-05 -2.383729e-07 1.147082e-06 	 1.015829e-06 9.114220e-07 -1.025228e-06 	 -1.125576e-05 6.730491e-07 1.218541e-07 	 942
9.750000 	 3.116340e-05 7.744243e-07 -4.288609e-06 	 1.138515e-06 -4.142607e-07 -7.067265e-07 	 3.230191e-05 3.601636e-07 -4.995335e-06 	 913
10.250000 	 2.948711e-04 -1.575466e-06 1.353507e-06 	 8.163483e-07 -2.118775e-06 -3.472569e-08 	 2.956875e-04 -3.694241e-06 1.318782e-06 	 929
10.750000 	 6.058045e-04 -2.219599e-06 7.710922e-07 	 -1.600597e-05 2.346698e-06 1.076163e-06 	 5.897985e-04 1.270988e-07 1.847255e-06 	 919
11.250000 	 7.362863e-04 1.560983e-06 1.150421e-07 	 2.144352e-05 7.045248e-07 -1.528170e-06 	 7.577298e-04 2.265508e-06 -1.413128e-06 	 564
11.750000 	 7.134175e-04 1.827826e-05 1.332640e-05 	 1.948667e-06 -1.499169e-05 9.449624e-08 	 7.153661e-04 3.286574e-06 1.342090e-05 	 35
12.250000 	 0.000000e+00 0.000000e+00 0.000000e+00 	 0.000000e+00 0.000000e+00 0.000000e+00 	 0.000000e+00 0.000000e+00 0.000000e+00 	 0
12.750000 	 0.000000e+00 0.000000e+00 0.000000e+00 	 0.000000e+00 0.000000e+00 0.000000e+00 	 0.000000e+00 0.000000e+00 0.000000e+00 	 0
13.250000 	 0.000000e+00 0.000000e+00 0.000000e+00 	 0.000000e+00 0.000000e+00 0.000000e+00 	 0.000000e+00 0.000000e+00 0.000000e+00 	 0
13.750000 	 0.000000e+00 0.000000e+00 0.000000e+00 	 0.000000e+00 0.000000e+00 0.000000e+00 	 0.000000e+00 0.000000e+00 0.000000e+00 	 0
14.250000 	 0.000000e+00 0.000000e+00 0.000000e+00 	 0.000000e+00 0.000000e+00 0.000000e+00 	 0.000000e+00 0.000000e+00 0.000000e+00 	 0
14.750000 	 0.000000e+00 0.000000e+00 0.000000e+00 	 0.000000e+00 0.000000e+00 0.000000e+00 	 0.000000e+00 0.000000e+00 0.000000e+00 	 0
