# 1  2-4    5-7    8-10   11     
# x  dirEF  recEF  sumEF  #Sample
0.250000 	 0.000000e+00 0.000000e+00 0.000000e+00 	 0.000000e+00 0.000000e+00 0.000000e+00 	 0.000000e+00 0.000000e+00 0.000000e+00 	 0
0.750000 	 0.000000e+00 0.000000e+00 0.000000e+00 	 0.000000e+00 0.000000e+00 0.000000e+00 	 0.000000e+00 0.000000e+00 0.000000e+00 	 0
1.250000 	 0.000000e+00 0.000000e+00 0.000000e+00 	 0.000000e+00 0.000000e+00 0.000000e+00 	 0.000000e+00 0.000000e+00 0.000000e+00 	 0
1.750000 	 0.000000e+00 0.000000e+00 0.000000e+00 	 0.000000e+00 0.000000e+00 0.000000e+00 	 0.000000e+00 0.000000e+00 0.000000e+00 	 0
2.250000 	 0.000000e+00 0.000000e+00 0.000000e+00 	 0.000000e+00 0.000000e+00 0.000000e+00 	 0.000000e+00 0.000000e+00 0.000000e+00 	 0
2.750000 	 0.000000e+00 0.000000e+00 0.000000e+00 	 0.000000e+00 0.000000e+00 0.000000e+00 	 0.000000e+00 0.000000e+00 0.000000e+00 	 0
3.250000 	 -7.058747e-04 8.491687e-06 -4.325491e-06 	 6.354327e-06 3.585720e-06 6.865820e-07 	 -6.995204e-04 1.207741e-05 -3.638909e-06 	 41
3.750000 	 -7.190730e-04 -3.893908e-06 6.024505e-06 	 -1.813880e-05 -2.605798e-06 6.742502e-07 	 -7.372118e-04 -6.499706e-06 6.698755e-06 	 559
4.250000 	 -6.021679e-04 -3.251491e-06 -8.068538e-07 	 1.588225e-05 7.937359e-07 -1.609749e-06 	 -5.862856e-04 -2.457755e-06 -2.416603e-06 	 859
4.750000 	 -2.985784e-04 4.557209e-06 7.226190e-07 	 -4.822936e-07 -1.068715e-07 4.995992e-07 	 -2.990607e-04 4.450338e-06 1.222218e-06 	 897
5.250000 	 -5.601738e-05 6.637676e-07 -9.663550e-07 	 -1.308232e-06 -9.390067e-07 -1.812460e-08 	 -5.732561e-05 -2.752391e-07 -9.844796e-07 	 942
5.750000 	 -4.379598e-06 -3.190187e-06 -1.745189e-06 	 -1.265104e-06 5.343384e-07 1.387735e-06 	 -5.644702e-06 -2.655848e-06 -3.574543e-07 	 918
6.250000 	 5.904901e-06 5.011902e-06 -1.509298e-06 	 5.615391e-07 -4.661839e-08 -3.475540e-07 	 6.466440e-06 4.965284e-06 -1.856852e-06 	 938
6.750000 	 5.320850e-06 -1.483868e-06 8.779932e-07 	 -1.273422e-06 -6.206337e-07 -1.354317e-06 	 4.047429e-06 -2.104502e-06 -4.763239e-07 	 896
7.250000 	 1.665463e-05 -4.123195e-06 -1.790887e-06 	 -5.920319e-07 -2.308783e-07 8.618237e-07 	 1.606260e-05 -4.354074e-06 -9.290636e-07 	 916
7.750000 	 1.482033e-05 -5.288123e-08 -7.069057e-07 	 1.647520e-06 -2.893519e-07 -1.437226e-07 	 1.646785e-05 -3.422331e-07 -8.506283e-07 	 909
8.250000 	 7.187239e-06 4.179066e-08 7.388565e-06 	 6.728541e-07 2.044790e-06 -1.537229e-06 	 7.860093e-06 2.086580e-06 5.851335e-06 	 863
8.750000 	 1.491507e-06 3.705343e-07 7.423025e-07 	 9.472892e-07 9.484624e-08 7.492776e-07 	 2.438796e-06 4.653805e-07 1.491580e-06 	 907
9.250000 	 -2.095395e-05 -1.152160e-06 -1.866803e-06 	 2.747172e-07 -2.279985e-08 -6.101862e-08 	 -2.067923e-05 -1.174960e-06 -1.927822e-06 	 908
9.750000 	 3.013156e-05 -2.416057e-07 -3.684117e-06 	 -1.890679e-06 -4.303986e-07 -1.920825e-07 	 2.824088e-05 -6.720043e-07 -3.876200e-06 	 872
10.250000 	 2.999126e-04 -3.999410e-07 -6.792492e-08 	 1.194908e-06 -6.778078e-07 1.693942e-07 	 3.011075e-04 -1.077749e-06 1.014693e-07 	 954
10.750000 	 6.059647e-04 6.442190e-07 1.261424e-06 	 -1.376146e-05 1.484517e-07 1.126404e-07 	 5.922033e-04 7.926708e-07 1.374065e-06 	 870
11.250000 	 7.364995e-04 2.168308e-06 -1.095017e-06 	 2.116683e-05 2.324735e-06 1.294529e-06 	 7.576663e-04 4.493043e-06 1.995126e-07 	 538
11.750000 	 7.360647e-04 1.822964e-05 1.171367e-05 	 1.425722e-05 1.700062e-05 2.273024e-08 	 7.503219e-04 3.523026e-05 1.173640e-05 	 37
12.250000 	 0.000000e+00 0.000000e+00 0.000000e+00 	 0.000000e+00 0.000000e+00 0.000000e+00 	 0.000000e+00 0.000000e+00 0.000000e+00 	 0
12.750000 	 0.000000e+00 0.000000e+00 0.000000e+00 	 0.000000e+00 0.000000e+00 0.000000e+00 	 0.000000e+00 0.000000e+00 0.000000e+00 	 0
13.250000 	 0.000000e+00 0.000000e+00 0.000000e+00 	 0.000000e+00 0.000000e+00 0.000000e+00 	 0.000000e+00 0.000000e+00 0.000000e+00 	 0
13.750000 	 0.000000e+00 0.000000e+00 0.000000e+00 	 0.000000e+00 0.000000e+00 0.000000e+00 	 0.000000e+00 0.000000e+00 0.000000e+00 	 0
14.250000 	 0.000000e+00 0.000000e+00 0.000000e+00 	 0.000000e+00 0.000000e+00 0.000000e+00 	 0.000000e+00 0.000000e+00 0.000000e+00 	 0
14.750000 	 0.000000e+00 0.000000e+00 0.000000e+00 	 0.000000e+00 0.000000e+00 0.000000e+00 	 0.000000e+00 0.000000e+00 0.000000e+00 	 0
