# 1  2-4    5-7    8-10   11     
# x  dirEF  recEF  sumEF  #Sample
0.250000 	 0.000000e+00 0.000000e+00 0.000000e+00 	 0.000000e+00 0.000000e+00 0.000000e+00 	 0.000000e+00 0.000000e+00 0.000000e+00 	 0
0.750000 	 0.000000e+00 0.000000e+00 0.000000e+00 	 0.000000e+00 0.000000e+00 0.000000e+00 	 0.000000e+00 0.000000e+00 0.000000e+00 	 0
1.250000 	 0.000000e+00 0.000000e+00 0.000000e+00 	 0.000000e+00 0.000000e+00 0.000000e+00 	 0.000000e+00 0.000000e+00 0.000000e+00 	 0
1.750000 	 0.000000e+00 0.000000e+00 0.000000e+00 	 0.000000e+00 0.000000e+00 0.000000e+00 	 0.000000e+00 0.000000e+00 0.000000e+00 	 0
2.250000 	 0.000000e+00 0.000000e+00 0.000000e+00 	 0.000000e+00 0.000000e+00 0.000000e+00 	 0.000000e+00 0.000000e+00 0.000000e+00 	 0
2.750000 	 0.000000e+00 0.000000e+00 0.000000e+00 	 0.000000e+00 0.000000e+00 0.000000e+00 	 0.000000e+00 0.000000e+00 0.000000e+00 	 0
3.250000 	 -7.083744e-04 8.033525e-06 -2.045764e-05 	 -5.639389e-05 -2.304303e-05 -2.192836e-06 	 -7.647683e-04 -1.500951e-05 -2.265047e-05 	 52
3.750000 	 -7.359738e-04 -5.533782e-06 3.350478e-06 	 -1.029858e-05 -2.470379e-06 -2.783553e-06 	 -7.462724e-04 -8.004161e-06 5.669251e-07 	 538
4.250000 	 -6.050264e-04 2.773054e-06 1.820423e-09 	 1.205592e-05 1.346709e-06 -4.841129e-06 	 -5.929705e-04 4.119763e-06 -4.839308e-06 	 874
4.750000 	 -2.905558e-04 -2.835019e-06 -1.897207e-06 	 -1.030362e-05 -1.581678e-05 2.319720e-07 	 -3.008595e-04 -1.865180e-05 -1.665235e-06 	 973
5.250000 	 -3.109381e-05 -3.412138e-07 -1.598273e-07 	 3.998999e-07 -5.495234e-07 -3.669760e-06 	 -3.069391e-05 -8.907372e-07 -3.829587e-06 	 858
5.750000 	 7.816963e-06 2.411387e-06 -8.257694e-07 	 5.466316e-07 -8.113298e-07 -3.599315e-06 	 8.363594e-06 1.600058e-06 -4.425084e-06 	 933
6.250000 	 -4.838330e-06 -5.095711e-07 -2.545353e-07 	 6.447110e-06 1.988892e-06 1.564174e-06 	 1.608780e-06 1.479321e-06 1.309639e-06 	 883
6.750000 	 -4.150237e-06 2.905269e-06 -9.201294e-07 	 -8.562567e-06 3.151241e-06 -9.425369e-08 	 -1.271280e-05 6.056510e-06 -1.014383e-06 	 904
7.250000 	 1.053210e-05 -4.519166e-06 3.196660e-06 	 1.050003e-05 4.965204e-06 -1.244789e-05 	 2.103214e-05 4.460379e-07 -9.251227e-06 	 918
7.750000 	 -1.336384e-06 -1.542518e-06 -1.222066e-06 	 -5.413028e-06 9.058956e-06 -1.648346e-06 	 -6.749411e-06 7.516437e-06 -2.870411e-06 	 946
8.250000 	 1.245860e-05 4.443646e-06 4.085566e-07 	 4.732757e-06 1.786173e-06 5.508858e-06 	 1.719136e-05 6.229819e-06 5.917414e-06 	 860
8.750000 	 1.546640e-05 2.962000e-06 -8.139292e-07 	 -2.199833e-05 -4.586566e-06 -3.247995e-06 	 -6.531927e-06 -1.624566e-06 -4.061924e-06 	 927
9.250000 	 2.137751e-07 1.728970e-06 -2.732123e-07 	 1.387596e-05 -7.848556e-06 5.011450e-06 	 1.408974e-05 -6.119586e-06 4.738238e-06 	 850
9.750000 	 1.838844e-05 -6.791280e-06 3.424307e-06 	 -1.046808e-05 5.352033e-06 -5.494965e-06 	 7.920367e-06 -1.439248e-06 -2.070658e-06 	 913
10.250000 	 2.692867e-04 -1.104495e-06 -2.380758e-06 	 8.327384e-06 -1.696597e-06 6.835099e-06 	 2.776141e-04 -2.801091e-06 4.454342e-06 	 865
10.750000 	 6.048257e-04 5.080070e-07 -7.781696e-07 	 -2.763181e-05 -6.021680e-06 3.396843e-06 	 5.771939e-04 -5.513673e-06 2.618673e-06 	 926
11.250000 	 7.245825e-04 6.023017e-06 -1.037664e-07 	 2.995780e-05 3.430801e-07 5.412710e-06 	 7.545403e-04 6.366097e-06 5.308943e-06 	 570
11.750000 	 7.094900e-04 6.231291e-06 -2.811187e-05 	 3.866241e-06 -1.600654e-05 9.440396e-06 	 7.133562e-04 -9.775252e-06 -1.867148e-05 	 33
12.250000 	 0.000000e+00 0.000000e+00 0.000000e+00 	 0.000000e+00 0.000000e+00 0.000000e+00 	 0.000000e+00 0.000000e+00 0.000000e+00 	 0
12.750000 	 0.000000e+00 0.000000e+00 0.000000e+00 	 0.000000e+00 0.000000e+00 0.000000e+00 	 0.000000e+00 0.000000e+00 0.000000e+00 	 0
13.250000 	 7.292079e-05 5.695565e-05 -5.761377e-05 	 2.315869e-04 1.509909e-05 4.243297e-05 	 3.045076e-04 7.205474e-05 -1.518081e-05 	 1
13.750000 	 0.000000e+00 0.000000e+00 0.000000e+00 	 0.000000e+00 0.000000e+00 0.000000e+00 	 0.000000e+00 0.000000e+00 0.000000e+00 	 0
14.250000 	 0.000000e+00 0.000000e+00 0.000000e+00 	 0.000000e+00 0.000000e+00 0.000000e+00 	 0.000000e+00 0.000000e+00 0.000000e+00 	 0
14.750000 	 0.000000e+00 0.000000e+00 0.000000e+00 	 0.000000e+00 0.000000e+00 0.000000e+00 	 0.000000e+00 0.000000e+00 0.000000e+00 	 0
