# 1  2-4    5-7    8-10   11     
# x  dirEF  recEF  sumEF  #Sample
0.250000 	 0.000000e+00 0.000000e+00 0.000000e+00 	 0.000000e+00 0.000000e+00 0.000000e+00 	 0.000000e+00 0.000000e+00 0.000000e+00 	 0
0.750000 	 0.000000e+00 0.000000e+00 0.000000e+00 	 0.000000e+00 0.000000e+00 0.000000e+00 	 0.000000e+00 0.000000e+00 0.000000e+00 	 0
1.250000 	 4.401904e-05 -2.076596e-05 -8.464049e-05 	 8.666386e-05 2.308782e-04 7.950465e-05 	 1.306829e-04 2.101122e-04 -5.135846e-06 	 1
1.750000 	 0.000000e+00 0.000000e+00 0.000000e+00 	 0.000000e+00 0.000000e+00 0.000000e+00 	 0.000000e+00 0.000000e+00 0.000000e+00 	 0
2.250000 	 -2.292844e-04 4.736192e-07 -7.625957e-05 	 1.888666e-05 -1.498427e-04 3.613918e-05 	 -2.103977e-04 -1.493691e-04 -4.012039e-05 	 2
2.750000 	 -3.758518e-04 2.661813e-05 -1.357419e-04 	 -1.229646e-04 -1.834575e-05 -1.079414e-04 	 -4.988163e-04 8.272380e-06 -2.436833e-04 	 1
3.250000 	 -6.923734e-04 2.598534e-05 -2.109478e-06 	 -1.810360e-05 5.357490e-06 -3.544432e-05 	 -7.104770e-04 3.134283e-05 -3.755380e-05 	 34
3.750000 	 -7.216690e-04 -3.938085e-06 3.730493e-06 	 -3.158168e-05 1.667967e-06 -4.843933e-06 	 -7.532507e-04 -2.270118e-06 -1.113440e-06 	 546
4.250000 	 -5.964980e-04 1.963381e-06 1.369638e-06 	 1.465157e-05 -3.987809e-06 -1.205681e-05 	 -5.818464e-04 -2.024428e-06 -1.068717e-05 	 881
4.750000 	 -2.951512e-04 1.239047e-06 -2.770240e-06 	 -7.644804e-06 3.049277e-06 -3.364916e-06 	 -3.027961e-04 4.288324e-06 -6.135156e-06 	 848
5.250000 	 -4.702032e-05 -1.565095e-06 -8.796086e-07 	 9.715344e-06 -1.646965e-06 3.081117e-06 	 -3.730498e-05 -3.212060e-06 2.201508e-06 	 938
5.750000 	 -1.830327e-05 -1.762087e-06 1.200856e-06 	 -4.622246e-06 -3.950844e-06 -5.443389e-06 	 -2.292551e-05 -5.712932e-06 -4.242532e-06 	 952
6.250000 	 8.642299e-06 4.633354e-06 2.873805e-06 	 -8.809392e-06 2.894193e-06 -4.796064e-07 	 -1.670924e-07 7.527546e-06 2.394198e-06 	 890
6.750000 	 1.785123e-05 -3.678888e-06 -2.677678e-06 	 6.331111e-07 9.951596e-06 -3.957493e-06 	 1.848434e-05 6.272708e-06 -6.635171e-06 	 931
7.250000 	 1.764167e-05 1.853948e-06 1.187555e-06 	 5.787402e-06 -7.122393e-06 -7.814811e-07 	 2.342907e-05 -5.268445e-06 4.060740e-07 	 861
7.750000 	 9.395387e-07 -5.131034e-07 -1.981544e-07 	 8.690644e-06 -6.113543e-06 -4.801299e-06 	 9.630183e-06 -6.626646e-06 -4.999453e-06 	 898
8.250000 	 -1.091190e-05 -2.058686e-08 1.023861e-06 	 5.055282e-07 1.087316e-06 -1.991634e-06 	 -1.040637e-05 1.066729e-06 -9.677732e-07 	 888
8.750000 	 -6.995774e-06 1.164058e-06 -1.580196e-06 	 -3.452595e-06 -2.025327e-06 -2.611333e-06 	 -1.044837e-05 -8.612688e-07 -4.191529e-06 	 890
9.250000 	 -6.169849e-06 -4.821228e-06 1.452974e-06 	 -6.132932e-06 -2.232413e-06 4.419728e-06 	 -1.230278e-05 -7.053641e-06 5.872701e-06 	 912
9.750000 	 2.270834e-05 -1.183266e-06 -1.310573e-06 	 9.143354e-06 2.090309e-06 1.406310e-06 	 3.185169e-05 9.070434e-07 9.573647e-08 	 917
10.250000 	 2.870334e-04 6.190046e-06 -1.200009e-06 	 -8.028707e-06 -4.574855e-06 -1.338552e-06 	 2.790046e-04 1.615192e-06 -2.538560e-06 	 891
10.750000 	 5.980235e-04 -2.257459e-06 2.530771e-07 	 -1.041036e-05 2.271748e-06 -7.282409e-07 	 5.876131e-04 1.428868e-08 -4.751639e-07 	 943
11.250000 	 7.268725e-04 -6.440181e-09 2.194515e-06 	 1.864903e-05 1.190956e-06 -5.289008e-06 	 7.455216e-04 1.184516e-06 -3.094493e-06 	 561
11.750000 	 7.332899e-04 -4.253093e-06 -1.966647e-05 	 3.886769e-05 -1.052920e-05 1.096707e-05 	 7.721576e-04 -1.478229e-05 -8.699403e-06 	 39
12.250000 	 0.000000e+00 0.000000e+00 0.000000e+00 	 0.000000e+00 0.000000e+00 0.000000e+00 	 0.000000e+00 0.000000e+00 0.000000e+00 	 0
12.750000 	 0.000000e+00 0.000000e+00 0.000000e+00 	 0.000000e+00 0.000000e+00 0.000000e+00 	 0.000000e+00 0.000000e+00 0.000000e+00 	 0
13.250000 	 0.000000e+00 0.000000e+00 0.000000e+00 	 0.000000e+00 0.000000e+00 0.000000e+00 	 0.000000e+00 0.000000e+00 0.000000e+00 	 0
13.750000 	 0.000000e+00 0.000000e+00 0.000000e+00 	 0.000000e+00 0.000000e+00 0.000000e+00 	 0.000000e+00 0.000000e+00 0.000000e+00 	 0
14.250000 	 0.000000e+00 0.000000e+00 0.000000e+00 	 0.000000e+00 0.000000e+00 0.000000e+00 	 0.000000e+00 0.000000e+00 0.000000e+00 	 0
14.750000 	 0.000000e+00 0.000000e+00 0.000000e+00 	 0.000000e+00 0.000000e+00 0.000000e+00 	 0.000000e+00 0.000000e+00 0.000000e+00 	 0
