# 1  2-4    5-7    8-10   11     
# x  dirEF  recEF  sumEF  #Sample
0.250000 	 0.000000e+00 0.000000e+00 0.000000e+00 	 0.000000e+00 0.000000e+00 0.000000e+00 	 0.000000e+00 0.000000e+00 0.000000e+00 	 0
0.750000 	 0.000000e+00 0.000000e+00 0.000000e+00 	 0.000000e+00 0.000000e+00 0.000000e+00 	 0.000000e+00 0.000000e+00 0.000000e+00 	 0
1.250000 	 -3.010051e-05 3.557909e-05 -1.660416e-05 	 1.347629e-04 -3.081444e-05 1.292042e-04 	 1.046624e-04 4.764652e-06 1.126001e-04 	 2
1.750000 	 0.000000e+00 0.000000e+00 0.000000e+00 	 0.000000e+00 0.000000e+00 0.000000e+00 	 0.000000e+00 0.000000e+00 0.000000e+00 	 0
2.250000 	 0.000000e+00 0.000000e+00 0.000000e+00 	 0.000000e+00 0.000000e+00 0.000000e+00 	 0.000000e+00 0.000000e+00 0.000000e+00 	 0
2.750000 	 0.000000e+00 0.000000e+00 0.000000e+00 	 0.000000e+00 0.000000e+00 0.000000e+00 	 0.000000e+00 0.000000e+00 0.000000e+00 	 0
3.250000 	 -7.112079e-04 1.158977e-05 6.907571e-06 	 -1.151170e-06 8.615577e-06 -2.619153e-06 	 -7.123591e-04 2.020535e-05 4.288418e-06 	 38
3.750000 	 -7.224320e-04 2.016234e-06 5.201791e-06 	 -1.358815e-05 -1.585031e-06 1.368701e-06 	 -7.360202e-04 4.312034e-07 6.570492e-06 	 523
4.250000 	 -6.169253e-04 -1.261646e-06 -7.547183e-07 	 2.049372e-05 -4.858685e-07 1.466219e-06 	 -5.964315e-04 -1.747514e-06 7.115002e-07 	 873
4.750000 	 -3.081018e-04 8.334958e-07 -2.420100e-06 	 -9.888817e-06 -3.903350e-06 6.586131e-06 	 -3.179906e-04 -3.069855e-06 4.166031e-06 	 938
5.250000 	 -4.299334e-05 4.336825e-06 3.569050e-06 	 4.482390e-06 -5.851674e-06 -5.901734e-06 	 -3.851095e-05 -1.514849e-06 -2.332684e-06 	 933
5.750000 	 1.782200e-06 -4.524472e-06 -7.599082e-07 	 -6.366936e-06 -5.039477e-06 -3.664426e-06 	 -4.584736e-06 -9.563948e-06 -4.424334e-06 	 965
6.250000 	 1.854495e-05 1.142954e-06 -3.609422e-06 	 4.373514e-06 2.709966e-06 5.582862e-06 	 2.291846e-05 3.852920e-06 1.973439e-06 	 915
6.750000 	 1.513577e-05 2.146027e-06 1.457184e-06 	 -9.479673e-06 -6.039623e-07 -1.585105e-06 	 5.656094e-06 1.542064e-06 -1.279209e-07 	 943
7.250000 	 2.610578e-05 6.893689e-07 -9.451972e-07 	 -2.437483e-06 -1.068860e-06 2.598722e-06 	 2.366830e-05 -3.794910e-07 1.653524e-06 	 879
7.750000 	 2.012110e-05 -1.053491e-06 1.076549e-06 	 2.760277e-06 2.916172e-06 -5.012439e-07 	 2.288138e-05 1.862681e-06 5.753049e-07 	 923
8.250000 	 -6.011588e-06 -3.330126e-06 3.262887e-06 	 6.331410e-06 2.024519e-06 -6.589454e-06 	 3.198220e-07 -1.305606e-06 -3.326567e-06 	 855
8.750000 	 -6.278856e-06 1.026925e-06 -3.819736e-06 	 -2.174648e-06 -9.574776e-07 -8.319744e-07 	 -8.453504e-06 6.944711e-08 -4.651710e-06 	 875
9.250000 	 -6.018913e-06 1.252708e-06 4.313927e-07 	 1.070162e-07 5.056737e-06 -6.104235e-06 	 -5.911897e-06 6.309445e-06 -5.672842e-06 	 896
9.750000 	 2.650734e-05 -4.745257e-07 5.609047e-07 	 5.207047e-06 -1.922629e-07 -2.089649e-06 	 3.171439e-05 -6.667885e-07 -1.528744e-06 	 921
10.250000 	 2.926605e-04 1.972988e-06 -2.367601e-07 	 -6.936474e-06 -2.421909e-06 1.086572e-06 	 2.857240e-04 -4.489206e-07 8.498117e-07 	 914
10.750000 	 6.082798e-04 -9.238491e-07 -1.780434e-06 	 -1.671675e-05 3.793144e-07 3.482238e-06 	 5.915630e-04 -5.445346e-07 1.701804e-06 	 861
11.250000 	 7.324179e-04 2.436588e-06 6.320662e-06 	 2.267680e-05 -9.103554e-06 2.691363e-06 	 7.550947e-04 -6.666967e-06 9.012026e-06 	 528
11.750000 	 7.107968e-04 -2.906791e-06 -3.766745e-06 	 5.805933e-06 2.248030e-05 -2.632870e-06 	 7.166028e-04 1.957351e-05 -6.399615e-06 	 42
12.250000 	 0.000000e+00 0.000000e+00 0.000000e+00 	 0.000000e+00 0.000000e+00 0.000000e+00 	 0.000000e+00 0.000000e+00 0.000000e+00 	 0
12.750000 	 0.000000e+00 0.000000e+00 0.000000e+00 	 0.000000e+00 0.000000e+00 0.000000e+00 	 0.000000e+00 0.000000e+00 0.000000e+00 	 0
13.250000 	 0.000000e+00 0.000000e+00 0.000000e+00 	 0.000000e+00 0.000000e+00 0.000000e+00 	 0.000000e+00 0.000000e+00 0.000000e+00 	 0
13.750000 	 0.000000e+00 0.000000e+00 0.000000e+00 	 0.000000e+00 0.000000e+00 0.000000e+00 	 0.000000e+00 0.000000e+00 0.000000e+00 	 0
14.250000 	 0.000000e+00 0.000000e+00 0.000000e+00 	 0.000000e+00 0.000000e+00 0.000000e+00 	 0.000000e+00 0.000000e+00 0.000000e+00 	 0
14.750000 	 0.000000e+00 0.000000e+00 0.000000e+00 	 0.000000e+00 0.000000e+00 0.000000e+00 	 0.000000e+00 0.000000e+00 0.000000e+00 	 0
