# 1  2-4    5-7    8-10   11     
# x  dirEF  recEF  sumEF  #Sample
0.250000 	 0.000000e+00 0.000000e+00 0.000000e+00 	 0.000000e+00 0.000000e+00 0.000000e+00 	 0.000000e+00 0.000000e+00 0.000000e+00 	 0
0.750000 	 0.000000e+00 0.000000e+00 0.000000e+00 	 0.000000e+00 0.000000e+00 0.000000e+00 	 0.000000e+00 0.000000e+00 0.000000e+00 	 0
1.250000 	 0.000000e+00 0.000000e+00 0.000000e+00 	 0.000000e+00 0.000000e+00 0.000000e+00 	 0.000000e+00 0.000000e+00 0.000000e+00 	 0
1.750000 	 0.000000e+00 0.000000e+00 0.000000e+00 	 0.000000e+00 0.000000e+00 0.000000e+00 	 0.000000e+00 0.000000e+00 0.000000e+00 	 0
2.250000 	 0.000000e+00 0.000000e+00 0.000000e+00 	 0.000000e+00 0.000000e+00 0.000000e+00 	 0.000000e+00 0.000000e+00 0.000000e+00 	 0
2.750000 	 0.000000e+00 0.000000e+00 0.000000e+00 	 0.000000e+00 0.000000e+00 0.000000e+00 	 0.000000e+00 0.000000e+00 0.000000e+00 	 0
3.250000 	 -7.058747e-04 8.491687e-06 -4.325491e-06 	 -3.303865e-05 3.191802e-07 3.431760e-06 	 -7.389134e-04 8.810867e-06 -8.937311e-07 	 41
3.750000 	 -7.190730e-04 -3.893908e-06 6.024505e-06 	 -2.550044e-05 -3.054964e-06 7.031501e-06 	 -7.445734e-04 -6.948872e-06 1.305601e-05 	 559
4.250000 	 -6.021679e-04 -3.251491e-06 -8.068538e-07 	 1.196878e-05 -5.025887e-06 -2.659792e-06 	 -5.901991e-04 -8.277378e-06 -3.466646e-06 	 859
4.750000 	 -2.985784e-04 4.557209e-06 7.226190e-07 	 -4.990072e-06 3.913673e-06 -1.236698e-05 	 -3.035685e-04 8.470882e-06 -1.164436e-05 	 897
5.250000 	 -5.601738e-05 6.637676e-07 -9.663550e-07 	 -7.413636e-06 4.225848e-06 2.949368e-07 	 -6.343102e-05 4.889616e-06 -6.714182e-07 	 942
5.750000 	 -4.379598e-06 -3.190187e-06 -1.745189e-06 	 -5.290467e-06 -6.332178e-06 4.960072e-06 	 -9.670065e-06 -9.522364e-06 3.214883e-06 	 918
6.250000 	 5.904901e-06 5.011902e-06 -1.509298e-06 	 3.692619e-07 4.495807e-06 -5.379822e-06 	 6.274163e-06 9.507710e-06 -6.889120e-06 	 938
6.750000 	 5.320850e-06 -1.483868e-06 8.779932e-07 	 -9.525164e-07 -1.180002e-05 -4.458493e-06 	 4.368334e-06 -1.328389e-05 -3.580500e-06 	 896
7.250000 	 1.665463e-05 -4.123195e-06 -1.790887e-06 	 1.354395e-06 -4.437078e-06 2.430324e-06 	 1.800903e-05 -8.560273e-06 6.394369e-07 	 916
7.750000 	 1.482033e-05 -5.288123e-08 -7.069057e-07 	 3.174153e-06 -1.144536e-07 -1.980901e-07 	 1.799449e-05 -1.673349e-07 -9.049958e-07 	 909
8.250000 	 7.187239e-06 4.179066e-08 7.388565e-06 	 -2.581655e-06 4.548359e-06 -4.326593e-06 	 4.605584e-06 4.590150e-06 3.061972e-06 	 863
8.750000 	 1.491507e-06 3.705343e-07 7.423025e-07 	 2.777092e-06 1.915800e-06 -9.709415e-07 	 4.268600e-06 2.286334e-06 -2.286390e-07 	 907
9.250000 	 -2.095395e-05 -1.152160e-06 -1.866803e-06 	 -1.186078e-05 -9.105700e-06 2.240232e-06 	 -3.281473e-05 -1.025786e-05 3.734291e-07 	 908
9.750000 	 3.013156e-05 -2.416057e-07 -3.684117e-06 	 -2.900971e-06 2.597967e-06 1.814392e-06 	 2.723058e-05 2.356361e-06 -1.869725e-06 	 872
10.250000 	 2.999126e-04 -3.999410e-07 -6.792492e-08 	 -4.211669e-06 -2.659272e-06 2.510641e-06 	 2.957010e-04 -3.059213e-06 2.442716e-06 	 954
10.750000 	 6.059647e-04 6.442190e-07 1.261424e-06 	 -1.136884e-05 -2.677759e-06 -2.571775e-08 	 5.945959e-04 -2.033540e-06 1.235707e-06 	 870
11.250000 	 7.364995e-04 2.168308e-06 -1.095017e-06 	 2.986380e-05 3.428171e-06 -3.049974e-06 	 7.663633e-04 5.596479e-06 -4.144991e-06 	 538
11.750000 	 7.360647e-04 1.822964e-05 1.171367e-05 	 -1.171749e-05 1.774168e-05 -1.617507e-05 	 7.243472e-04 3.597133e-05 -4.461400e-06 	 37
12.250000 	 0.000000e+00 0.000000e+00 0.000000e+00 	 0.000000e+00 0.000000e+00 0.000000e+00 	 0.000000e+00 0.000000e+00 0.000000e+00 	 0
12.750000 	 0.000000e+00 0.000000e+00 0.000000e+00 	 0.000000e+00 0.000000e+00 0.000000e+00 	 0.000000e+00 0.000000e+00 0.000000e+00 	 0
13.250000 	 0.000000e+00 0.000000e+00 0.000000e+00 	 0.000000e+00 0.000000e+00 0.000000e+00 	 0.000000e+00 0.000000e+00 0.000000e+00 	 0
13.750000 	 0.000000e+00 0.000000e+00 0.000000e+00 	 0.000000e+00 0.000000e+00 0.000000e+00 	 0.000000e+00 0.000000e+00 0.000000e+00 	 0
14.250000 	 0.000000e+00 0.000000e+00 0.000000e+00 	 0.000000e+00 0.000000e+00 0.000000e+00 	 0.000000e+00 0.000000e+00 0.000000e+00 	 0
14.750000 	 0.000000e+00 0.000000e+00 0.000000e+00 	 0.000000e+00 0.000000e+00 0.000000e+00 	 0.000000e+00 0.000000e+00 0.000000e+00 	 0
