# 1  2-4    5-7    8-10   11     
# x  dirEF  recEF  sumEF  #Sample
0.250000 	 5.367609e-06 3.093157e-05 3.167906e-05 	 1.634292e-05 4.517980e-07 4.049016e-05 	 2.171052e-05 3.138337e-05 7.216921e-05 	 1
0.750000 	 0.000000e+00 0.000000e+00 0.000000e+00 	 0.000000e+00 0.000000e+00 0.000000e+00 	 0.000000e+00 0.000000e+00 0.000000e+00 	 0
1.250000 	 0.000000e+00 0.000000e+00 0.000000e+00 	 0.000000e+00 0.000000e+00 0.000000e+00 	 0.000000e+00 0.000000e+00 0.000000e+00 	 0
1.750000 	 0.000000e+00 0.000000e+00 0.000000e+00 	 0.000000e+00 0.000000e+00 0.000000e+00 	 0.000000e+00 0.000000e+00 0.000000e+00 	 0
2.250000 	 0.000000e+00 0.000000e+00 0.000000e+00 	 0.000000e+00 0.000000e+00 0.000000e+00 	 0.000000e+00 0.000000e+00 0.000000e+00 	 0
2.750000 	 0.000000e+00 0.000000e+00 0.000000e+00 	 0.000000e+00 0.000000e+00 0.000000e+00 	 0.000000e+00 0.000000e+00 0.000000e+00 	 0
3.250000 	 -7.481791e-04 9.143465e-06 -4.914816e-06 	 9.987862e-06 -6.398941e-06 -6.151149e-06 	 -7.381912e-04 2.744524e-06 -1.106596e-05 	 38
3.750000 	 -7.381719e-04 -1.663405e-06 3.041239e-06 	 -2.071186e-05 -1.018726e-07 -6.100694e-07 	 -7.588837e-04 -1.765277e-06 2.431169e-06 	 549
4.250000 	 -6.039452e-04 5.101634e-07 3.993431e-07 	 1.536987e-05 -4.666947e-07 1.052300e-06 	 -5.885754e-04 4.346875e-08 1.451643e-06 	 918
4.750000 	 -2.844828e-04 5.091866e-07 -3.563639e-06 	 -2.527118e-06 5.381817e-07 -1.010291e-08 	 -2.870100e-04 1.047368e-06 -3.573742e-06 	 881
5.250000 	 -1.829508e-05 2.367062e-06 -1.114209e-06 	 -8.187798e-07 -6.094751e-07 -1.212202e-06 	 -1.911386e-05 1.757587e-06 -2.326411e-06 	 904
5.750000 	 1.248523e-06 4.212999e-07 6.123111e-06 	 -4.287820e-07 -7.056484e-07 1.498783e-06 	 8.197413e-07 -2.843485e-07 7.621893e-06 	 917
6.250000 	 -7.032035e-06 -2.941248e-06 -3.833858e-06 	 3.341695e-06 4.621561e-07 -1.197283e-06 	 -3.690340e-06 -2.479091e-06 -5.031141e-06 	 860
6.750000 	 -1.018174e-05 -6.507848e-07 1.824363e-06 	 -2.329530e-06 8.592768e-07 1.617771e-07 	 -1.251127e-05 2.084920e-07 1.986140e-06 	 903
7.250000 	 -1.889564e-05 9.183005e-08 -2.123793e-06 	 -1.964259e-06 -1.354007e-06 1.053448e-06 	 -2.085990e-05 -1.262177e-06 -1.070346e-06 	 908
7.750000 	 -1.040354e-05 1.230899e-06 -1.265721e-06 	 -2.506427e-07 1.105998e-06 -9.531743e-07 	 -1.065418e-05 2.336897e-06 -2.218895e-06 	 898
8.250000 	 1.106697e-05 -2.737891e-06 -7.566302e-08 	 1.215882e-06 -1.493084e-06 -1.519962e-07 	 1.228285e-05 -4.230975e-06 -2.276592e-07 	 952
8.750000 	 1.586497e-05 1.251533e-06 2.076338e-06 	 4.708474e-07 1.789130e-06 2.402578e-07 	 1.633582e-05 3.040664e-06 2.316596e-06 	 924
9.250000 	 9.695346e-06 1.785615e-06 -1.078651e-06 	 -1.671541e-06 -9.411168e-07 -5.630025e-07 	 8.023805e-06 8.444977e-07 -1.641654e-06 	 874
9.750000 	 2.965834e-05 2.824824e-06 -6.505244e-07 	 7.883857e-07 -1.249097e-07 -1.479431e-07 	 3.044672e-05 2.699914e-06 -7.984675e-07 	 850
10.250000 	 2.668231e-04 -4.710974e-07 4.493041e-06 	 9.062273e-06 7.767963e-07 -5.468130e-07 	 2.758854e-04 3.056989e-07 3.946228e-06 	 934
10.750000 	 5.853797e-04 -2.213408e-06 -2.099569e-06 	 -2.110057e-05 -6.042482e-07 2.807294e-06 	 5.642791e-04 -2.817656e-06 7.077248e-07 	 925
11.250000 	 7.239698e-04 -3.468811e-06 -1.485763e-06 	 2.158407e-05 2.115173e-07 -6.346172e-07 	 7.455539e-04 -3.257294e-06 -2.120380e-06 	 544
11.750000 	 7.213568e-04 -8.288341e-06 -6.802511e-06 	 1.155717e-05 2.472579e-06 3.548153e-06 	 7.329140e-04 -5.815762e-06 -3.254358e-06 	 44
12.250000 	 0.000000e+00 0.000000e+00 0.000000e+00 	 0.000000e+00 0.000000e+00 0.000000e+00 	 0.000000e+00 0.000000e+00 0.000000e+00 	 0
12.750000 	 0.000000e+00 0.000000e+00 0.000000e+00 	 0.000000e+00 0.000000e+00 0.000000e+00 	 0.000000e+00 0.000000e+00 0.000000e+00 	 0
13.250000 	 0.000000e+00 0.000000e+00 0.000000e+00 	 0.000000e+00 0.000000e+00 0.000000e+00 	 0.000000e+00 0.000000e+00 0.000000e+00 	 0
13.750000 	 0.000000e+00 0.000000e+00 0.000000e+00 	 0.000000e+00 0.000000e+00 0.000000e+00 	 0.000000e+00 0.000000e+00 0.000000e+00 	 0
14.250000 	 0.000000e+00 0.000000e+00 0.000000e+00 	 0.000000e+00 0.000000e+00 0.000000e+00 	 0.000000e+00 0.000000e+00 0.000000e+00 	 0
14.750000 	 0.000000e+00 0.000000e+00 0.000000e+00 	 0.000000e+00 0.000000e+00 0.000000e+00 	 0.000000e+00 0.000000e+00 0.000000e+00 	 0
