# 1  2-4    5-7    8-10   11     
# x  dirEF  recEF  sumEF  #Sample
0.250000 	 0.000000e+00 0.000000e+00 0.000000e+00 	 0.000000e+00 0.000000e+00 0.000000e+00 	 0.000000e+00 0.000000e+00 0.000000e+00 	 0
0.750000 	 0.000000e+00 0.000000e+00 0.000000e+00 	 0.000000e+00 0.000000e+00 0.000000e+00 	 0.000000e+00 0.000000e+00 0.000000e+00 	 0
1.250000 	 0.000000e+00 0.000000e+00 0.000000e+00 	 0.000000e+00 0.000000e+00 0.000000e+00 	 0.000000e+00 0.000000e+00 0.000000e+00 	 0
1.750000 	 0.000000e+00 0.000000e+00 0.000000e+00 	 0.000000e+00 0.000000e+00 0.000000e+00 	 0.000000e+00 0.000000e+00 0.000000e+00 	 0
2.250000 	 0.000000e+00 0.000000e+00 0.000000e+00 	 0.000000e+00 0.000000e+00 0.000000e+00 	 0.000000e+00 0.000000e+00 0.000000e+00 	 0
2.750000 	 -4.169841e-04 -5.272088e-05 -4.774383e-05 	 3.126372e-04 2.391150e-04 -4.946385e-05 	 -1.043469e-04 1.863941e-04 -9.720768e-05 	 1
3.250000 	 -7.287421e-04 -4.349922e-06 2.397258e-06 	 -4.827488e-05 5.569117e-06 4.517310e-05 	 -7.770170e-04 1.219195e-06 4.757035e-05 	 41
3.750000 	 -7.249179e-04 -8.788078e-06 -3.362521e-06 	 -2.104137e-05 -4.827295e-06 3.190539e-06 	 -7.459593e-04 -1.361537e-05 -1.719819e-07 	 577
4.250000 	 -5.989823e-04 2.902861e-06 2.863475e-06 	 1.403334e-05 -2.518819e-06 2.543326e-06 	 -5.849489e-04 3.840412e-07 5.406801e-06 	 923
4.750000 	 -2.756399e-04 -1.405273e-06 1.977137e-06 	 -4.350348e-06 1.798444e-07 -2.832118e-06 	 -2.799903e-04 -1.225429e-06 -8.549813e-07 	 902
5.250000 	 -2.561695e-05 8.973441e-07 -2.380991e-06 	 -8.086624e-07 -1.825516e-06 -7.049643e-06 	 -2.642561e-05 -9.281715e-07 -9.430634e-06 	 895
5.750000 	 -5.156255e-06 -3.139041e-07 1.184588e-06 	 -1.185673e-05 5.979154e-06 1.924705e-06 	 -1.701298e-05 5.665250e-06 3.109292e-06 	 886
6.250000 	 -6.674380e-06 1.295065e-06 -2.946816e-06 	 1.102394e-06 2.125704e-06 2.991425e-07 	 -5.571986e-06 3.420768e-06 -2.647673e-06 	 889
6.750000 	 3.215695e-06 -2.557752e-06 -2.261899e-06 	 -2.881081e-06 -7.394488e-06 -5.957081e-06 	 3.346140e-07 -9.952240e-06 -8.218980e-06 	 935
7.250000 	 8.609893e-06 3.297689e-07 4.924684e-06 	 -1.268632e-07 3.469837e-06 2.338184e-06 	 8.483030e-06 3.799606e-06 7.262869e-06 	 887
7.750000 	 3.613625e-06 -2.586149e-06 2.182299e-06 	 -1.198652e-06 8.244148e-06 3.156364e-06 	 2.414973e-06 5.657999e-06 5.338663e-06 	 875
8.250000 	 -3.034500e-06 5.130515e-07 -3.441812e-06 	 -9.870119e-06 -7.341487e-06 -6.541134e-06 	 -1.290462e-05 -6.828435e-06 -9.982946e-06 	 893
8.750000 	 -1.894201e-05 1.451610e-06 1.233613e-06 	 -5.359961e-06 -1.887402e-06 -2.298510e-08 	 -2.430197e-05 -4.357919e-07 1.210628e-06 	 912
9.250000 	 -1.543002e-05 1.718268e-06 -3.636176e-07 	 2.103717e-06 1.133409e-06 8.331576e-06 	 -1.332630e-05 2.851678e-06 7.967959e-06 	 904
9.750000 	 4.266797e-05 2.582455e-06 -2.091364e-06 	 -5.593997e-06 -2.835728e-07 -1.567866e-06 	 3.707397e-05 2.298882e-06 -3.659229e-06 	 914
10.250000 	 2.868549e-04 -5.078876e-06 6.035268e-06 	 1.074941e-05 -1.480180e-06 7.906819e-06 	 2.976043e-04 -6.559056e-06 1.394209e-05 	 928
10.750000 	 6.049748e-04 -9.337238e-08 3.494807e-07 	 -1.568899e-05 3.896694e-07 -1.929286e-06 	 5.892858e-04 2.962970e-07 -1.579805e-06 	 864
11.250000 	 7.369433e-04 -4.893034e-07 -2.321870e-06 	 5.174026e-06 1.356462e-05 2.652340e-06 	 7.421174e-04 1.307532e-05 3.304699e-07 	 556
11.750000 	 7.082673e-04 7.298798e-06 -2.261237e-05 	 3.726993e-05 1.887478e-05 -1.768530e-05 	 7.455372e-04 2.617358e-05 -4.029768e-05 	 42
12.250000 	 0.000000e+00 0.000000e+00 0.000000e+00 	 0.000000e+00 0.000000e+00 0.000000e+00 	 0.000000e+00 0.000000e+00 0.000000e+00 	 0
12.750000 	 0.000000e+00 0.000000e+00 0.000000e+00 	 0.000000e+00 0.000000e+00 0.000000e+00 	 0.000000e+00 0.000000e+00 0.000000e+00 	 0
13.250000 	 0.000000e+00 0.000000e+00 0.000000e+00 	 0.000000e+00 0.000000e+00 0.000000e+00 	 0.000000e+00 0.000000e+00 0.000000e+00 	 0
13.750000 	 0.000000e+00 0.000000e+00 0.000000e+00 	 0.000000e+00 0.000000e+00 0.000000e+00 	 0.000000e+00 0.000000e+00 0.000000e+00 	 0
14.250000 	 0.000000e+00 0.000000e+00 0.000000e+00 	 0.000000e+00 0.000000e+00 0.000000e+00 	 0.000000e+00 0.000000e+00 0.000000e+00 	 0
14.750000 	 0.000000e+00 0.000000e+00 0.000000e+00 	 0.000000e+00 0.000000e+00 0.000000e+00 	 0.000000e+00 0.000000e+00 0.000000e+00 	 0
