# 1  2-4    5-7    8-10   11     
# x  dirEF  recEF  sumEF  #Sample
0.250000 	 0.000000e+00 0.000000e+00 0.000000e+00 	 0.000000e+00 0.000000e+00 0.000000e+00 	 0.000000e+00 0.000000e+00 0.000000e+00 	 0
0.750000 	 0.000000e+00 0.000000e+00 0.000000e+00 	 0.000000e+00 0.000000e+00 0.000000e+00 	 0.000000e+00 0.000000e+00 0.000000e+00 	 0
1.250000 	 0.000000e+00 0.000000e+00 0.000000e+00 	 0.000000e+00 0.000000e+00 0.000000e+00 	 0.000000e+00 0.000000e+00 0.000000e+00 	 0
1.750000 	 2.325330e-05 2.631722e-05 3.838814e-05 	 1.869467e-05 -1.701567e-05 1.887964e-05 	 4.194797e-05 9.301545e-06 5.726778e-05 	 2
2.250000 	 0.000000e+00 0.000000e+00 0.000000e+00 	 0.000000e+00 0.000000e+00 0.000000e+00 	 0.000000e+00 0.000000e+00 0.000000e+00 	 0
2.750000 	 -2.709844e-04 4.683480e-08 5.259789e-05 	 -4.081581e-05 6.960998e-05 -1.780362e-05 	 -3.118002e-04 6.965681e-05 3.479427e-05 	 1
3.250000 	 -7.082790e-04 -1.895614e-05 -1.497889e-05 	 3.578147e-06 8.551279e-07 5.021162e-06 	 -7.047009e-04 -1.810101e-05 -9.957731e-06 	 39
3.750000 	 -7.273268e-04 1.455125e-06 1.784671e-06 	 -2.120345e-05 -2.534012e-07 1.219665e-06 	 -7.485303e-04 1.201724e-06 3.004335e-06 	 547
4.250000 	 -5.967579e-04 -2.706374e-06 2.547534e-06 	 1.559295e-05 7.380771e-07 -2.013232e-06 	 -5.811649e-04 -1.968297e-06 5.343021e-07 	 905
4.750000 	 -2.921456e-04 4.123994e-06 -4.696218e-06 	 -9.605852e-07 -1.125111e-07 7.144682e-07 	 -2.931062e-04 4.011483e-06 -3.981750e-06 	 904
5.250000 	 -2.703280e-05 -3.320583e-06 1.196870e-06 	 -1.624287e-06 2.718583e-07 -5.323728e-08 	 -2.865709e-05 -3.048724e-06 1.143633e-06 	 918
5.750000 	 -1.802123e-06 3.596163e-06 1.380514e-06 	 -2.052793e-06 -1.995599e-06 1.046474e-06 	 -3.854916e-06 1.600564e-06 2.426988e-06 	 930
6.250000 	 1.683494e-05 -1.391694e-06 1.550540e-06 	 3.239336e-06 8.473717e-07 -4.847576e-07 	 2.007427e-05 -5.443219e-07 1.065782e-06 	 914
6.750000 	 2.151610e-05 -2.515507e-06 -2.205089e-07 	 -4.550836e-06 2.382830e-07 -7.090396e-08 	 1.696527e-05 -2.277224e-06 -2.914129e-07 	 888
7.250000 	 1.624933e-05 -3.517772e-06 -4.028543e-07 	 6.777566e-06 -4.735131e-07 2.407331e-08 	 2.302690e-05 -3.991285e-06 -3.787810e-07 	 897
7.750000 	 -1.843067e-06 5.707252e-06 -1.448464e-06 	 -6.113194e-06 1.332790e-06 1.158035e-06 	 -7.956261e-06 7.040042e-06 -2.904287e-07 	 838
8.250000 	 -2.021244e-05 -3.220859e-06 -7.218139e-08 	 3.782628e-06 -4.702886e-08 -2.032537e-06 	 -1.642981e-05 -3.267888e-06 -2.104718e-06 	 856
8.750000 	 -3.085488e-05 2.750214e-06 -2.087476e-06 	 -1.933063e-06 2.571535e-07 7.945796e-07 	 -3.278794e-05 3.007367e-06 -1.292897e-06 	 911
9.250000 	 -1.542732e-05 -1.818871e-06 1.892641e-06 	 -4.066132e-06 -1.352850e-06 1.206088e-07 	 -1.949345e-05 -3.171720e-06 2.013249e-06 	 917
9.750000 	 2.348373e-05 -1.023482e-06 5.487747e-06 	 7.911238e-06 1.530072e-06 5.229685e-07 	 3.139497e-05 5.065903e-07 6.010716e-06 	 951
10.250000 	 3.010613e-04 -2.335098e-06 -6.891563e-06 	 -2.852341e-06 -1.109241e-06 -2.410131e-07 	 2.982090e-04 -3.444339e-06 -7.132576e-06 	 885
10.750000 	 6.186778e-04 3.612945e-06 -1.670453e-06 	 -1.223719e-05 1.817309e-07 -3.600324e-07 	 6.064406e-04 3.794676e-06 -2.030485e-06 	 927
11.250000 	 7.259539e-04 9.747954e-07 3.680512e-06 	 1.598139e-05 6.221084e-07 4.266362e-07 	 7.419352e-04 1.596904e-06 4.107148e-06 	 554
11.750000 	 7.223805e-04 -3.414755e-06 6.750014e-06 	 -7.836914e-06 5.989086e-06 1.802250e-07 	 7.145436e-04 2.574332e-06 6.930239e-06 	 39
12.250000 	 0.000000e+00 0.000000e+00 0.000000e+00 	 0.000000e+00 0.000000e+00 0.000000e+00 	 0.000000e+00 0.000000e+00 0.000000e+00 	 0
12.750000 	 8.043879e-05 -3.892916e-05 4.582037e-05 	 -6.317198e-06 -2.979667e-05 2.388559e-05 	 7.412160e-05 -6.872583e-05 6.970596e-05 	 1
13.250000 	 0.000000e+00 0.000000e+00 0.000000e+00 	 0.000000e+00 0.000000e+00 0.000000e+00 	 0.000000e+00 0.000000e+00 0.000000e+00 	 0
13.750000 	 0.000000e+00 0.000000e+00 0.000000e+00 	 0.000000e+00 0.000000e+00 0.000000e+00 	 0.000000e+00 0.000000e+00 0.000000e+00 	 0
14.250000 	 0.000000e+00 0.000000e+00 0.000000e+00 	 0.000000e+00 0.000000e+00 0.000000e+00 	 0.000000e+00 0.000000e+00 0.000000e+00 	 0
14.750000 	 0.000000e+00 0.000000e+00 0.000000e+00 	 0.000000e+00 0.000000e+00 0.000000e+00 	 0.000000e+00 0.000000e+00 0.000000e+00 	 0
