# 1  2-4    5-7    8-10   11     
# x  dirEF  recEF  sumEF  #Sample
0.250000 	 0.000000e+00 0.000000e+00 0.000000e+00 	 0.000000e+00 0.000000e+00 0.000000e+00 	 0.000000e+00 0.000000e+00 0.000000e+00 	 0
0.750000 	 0.000000e+00 0.000000e+00 0.000000e+00 	 0.000000e+00 0.000000e+00 0.000000e+00 	 0.000000e+00 0.000000e+00 0.000000e+00 	 0
1.250000 	 1.490698e-05 -3.437178e-05 -4.795933e-05 	 -4.078910e-06 9.173295e-06 -4.263010e-06 	 1.082807e-05 -2.519849e-05 -5.222234e-05 	 2
1.750000 	 0.000000e+00 0.000000e+00 0.000000e+00 	 0.000000e+00 0.000000e+00 0.000000e+00 	 0.000000e+00 0.000000e+00 0.000000e+00 	 0
2.250000 	 0.000000e+00 0.000000e+00 0.000000e+00 	 0.000000e+00 0.000000e+00 0.000000e+00 	 0.000000e+00 0.000000e+00 0.000000e+00 	 0
2.750000 	 0.000000e+00 0.000000e+00 0.000000e+00 	 0.000000e+00 0.000000e+00 0.000000e+00 	 0.000000e+00 0.000000e+00 0.000000e+00 	 0
3.250000 	 -7.364272e-04 2.035832e-05 3.420778e-06 	 -1.112834e-05 6.235284e-06 7.997371e-06 	 -7.475555e-04 2.659361e-05 1.141815e-05 	 40
3.750000 	 -7.336189e-04 1.050907e-06 9.359044e-07 	 -1.467731e-05 -3.304748e-07 -1.480664e-06 	 -7.482962e-04 7.204320e-07 -5.447591e-07 	 537
4.250000 	 -6.007701e-04 2.614395e-06 2.003169e-06 	 1.076065e-05 1.103644e-06 -9.877330e-07 	 -5.900094e-04 3.718039e-06 1.015436e-06 	 947
4.750000 	 -2.944302e-04 9.960174e-07 -3.393134e-06 	 -1.425249e-06 -3.674528e-07 1.055973e-06 	 -2.958555e-04 6.285646e-07 -2.337161e-06 	 902
5.250000 	 -3.445270e-05 2.048274e-06 3.276779e-07 	 9.701278e-07 -1.965486e-06 -2.482398e-07 	 -3.348257e-05 8.278804e-08 7.943806e-08 	 890
5.750000 	 1.085670e-06 -4.367464e-06 -6.393269e-08 	 4.912597e-07 6.432440e-07 -4.047875e-07 	 1.576929e-06 -3.724220e-06 -4.687201e-07 	 924
6.250000 	 1.294303e-06 2.132415e-06 1.012563e-06 	 -8.189121e-07 1.544268e-06 -6.338381e-09 	 4.753905e-07 3.676683e-06 1.006225e-06 	 945
6.750000 	 3.748722e-06 -2.059972e-06 -9.311899e-07 	 -2.996943e-06 1.444526e-07 -4.722636e-07 	 7.517790e-07 -1.915520e-06 -1.403453e-06 	 932
7.250000 	 9.953126e-06 6.556966e-07 2.523058e-08 	 2.460410e-06 -2.009741e-06 1.214803e-06 	 1.241354e-05 -1.354044e-06 1.240033e-06 	 859
7.750000 	 1.938389e-05 5.254325e-07 -9.710005e-07 	 -3.574416e-07 1.745240e-07 3.340414e-08 	 1.902645e-05 6.999565e-07 -9.375964e-07 	 932
8.250000 	 8.857158e-06 -2.062084e-06 2.707267e-06 	 2.591039e-07 8.736635e-07 -1.477447e-06 	 9.116262e-06 -1.188420e-06 1.229819e-06 	 882
8.750000 	 1.087585e-06 6.134847e-07 -2.510512e-06 	 1.270028e-06 -1.794911e-07 1.067807e-06 	 2.357613e-06 4.339936e-07 -1.442705e-06 	 858
9.250000 	 -2.800239e-07 2.494695e-07 2.289697e-07 	 -7.801156e-07 -1.446153e-07 -5.783271e-09 	 -1.060139e-06 1.048542e-07 2.231864e-07 	 874
9.750000 	 2.372346e-05 2.326945e-06 6.252874e-06 	 -7.193292e-07 3.125763e-07 -6.948230e-07 	 2.300413e-05 2.639521e-06 5.558051e-06 	 915
10.250000 	 2.674632e-04 -1.305472e-06 -2.335593e-06 	 5.114543e-06 8.407245e-08 6.453322e-07 	 2.725778e-04 -1.221399e-06 -1.690260e-06 	 901
10.750000 	 6.022664e-04 5.364380e-07 -1.177835e-06 	 -1.553046e-05 -3.844297e-08 1.010049e-06 	 5.867360e-04 4.979950e-07 -1.677863e-07 	 893
11.250000 	 7.153916e-04 -7.754257e-07 -2.001022e-06 	 1.598080e-05 -1.291453e-07 -1.088082e-07 	 7.313724e-04 -9.045710e-07 -2.109830e-06 	 542
11.750000 	 7.045834e-04 -5.778364e-07 -2.156282e-06 	 1.268530e-05 -9.292592e-06 -1.961129e-06 	 7.172687e-04 -9.870429e-06 -4.117411e-06 	 48
12.250000 	 0.000000e+00 0.000000e+00 0.000000e+00 	 0.000000e+00 0.000000e+00 0.000000e+00 	 0.000000e+00 0.000000e+00 0.000000e+00 	 0
12.750000 	 0.000000e+00 0.000000e+00 0.000000e+00 	 0.000000e+00 0.000000e+00 0.000000e+00 	 0.000000e+00 0.000000e+00 0.000000e+00 	 0
13.250000 	 0.000000e+00 0.000000e+00 0.000000e+00 	 0.000000e+00 0.000000e+00 0.000000e+00 	 0.000000e+00 0.000000e+00 0.000000e+00 	 0
13.750000 	 0.000000e+00 0.000000e+00 0.000000e+00 	 0.000000e+00 0.000000e+00 0.000000e+00 	 0.000000e+00 0.000000e+00 0.000000e+00 	 0
14.250000 	 0.000000e+00 0.000000e+00 0.000000e+00 	 0.000000e+00 0.000000e+00 0.000000e+00 	 0.000000e+00 0.000000e+00 0.000000e+00 	 0
14.750000 	 1.107313e-04 -6.550136e-06 -2.222010e-05 	 4.639946e-05 -5.594778e-05 4.018867e-05 	 1.571308e-04 -6.249792e-05 1.796858e-05 	 1
