# 1  2-4    5-7    8-10   11     
# x  dirEF  recEF  sumEF  #Sample
0.250000 	 0.000000e+00 0.000000e+00 0.000000e+00 	 0.000000e+00 0.000000e+00 0.000000e+00 	 0.000000e+00 0.000000e+00 0.000000e+00 	 0
0.750000 	 0.000000e+00 0.000000e+00 0.000000e+00 	 0.000000e+00 0.000000e+00 0.000000e+00 	 0.000000e+00 0.000000e+00 0.000000e+00 	 0
1.250000 	 6.097950e-05 -1.565439e-04 -2.783142e-05 	 2.927145e-05 1.004932e-05 5.158054e-05 	 9.025095e-05 -1.464946e-04 2.374912e-05 	 1
1.750000 	 0.000000e+00 0.000000e+00 0.000000e+00 	 0.000000e+00 0.000000e+00 0.000000e+00 	 0.000000e+00 0.000000e+00 0.000000e+00 	 0
2.250000 	 0.000000e+00 0.000000e+00 0.000000e+00 	 0.000000e+00 0.000000e+00 0.000000e+00 	 0.000000e+00 0.000000e+00 0.000000e+00 	 0
2.750000 	 0.000000e+00 0.000000e+00 0.000000e+00 	 0.000000e+00 0.000000e+00 0.000000e+00 	 0.000000e+00 0.000000e+00 0.000000e+00 	 0
3.250000 	 -6.896521e-04 -5.188297e-06 2.217326e-05 	 -1.576364e-05 -1.193782e-05 1.149649e-05 	 -7.054157e-04 -1.712612e-05 3.366974e-05 	 42
3.750000 	 -7.210816e-04 1.401288e-06 -3.259639e-06 	 -1.975975e-05 -4.740788e-06 -3.447132e-07 	 -7.408414e-04 -3.339500e-06 -3.604352e-06 	 570
4.250000 	 -5.850574e-04 1.928365e-06 -1.541667e-07 	 1.151642e-05 -5.447431e-06 2.282480e-06 	 -5.735410e-04 -3.519066e-06 2.128313e-06 	 879
4.750000 	 -2.823538e-04 -4.299036e-06 -2.710504e-06 	 -3.929343e-06 6.133349e-06 -1.175748e-06 	 -2.862832e-04 1.834313e-06 -3.886252e-06 	 864
5.250000 	 -4.113938e-05 1.462727e-06 6.883561e-06 	 -5.263039e-06 2.153016e-06 -2.598140e-06 	 -4.640241e-05 3.615743e-06 4.285421e-06 	 878
5.750000 	 -1.173855e-05 2.382080e-06 -4.231613e-06 	 5.478639e-06 1.790706e-06 1.492105e-06 	 -6.259908e-06 4.172787e-06 -2.739508e-06 	 921
6.250000 	 -1.883537e-05 -1.570880e-06 1.278210e-06 	 5.950493e-07 -2.581688e-06 -1.694640e-07 	 -1.824032e-05 -4.152567e-06 1.108746e-06 	 914
6.750000 	 -1.172669e-05 4.617492e-07 1.155323e-06 	 -3.233176e-08 -6.022931e-06 -4.235358e-06 	 -1.175902e-05 -5.561181e-06 -3.080035e-06 	 886
7.250000 	 1.548488e-06 2.101008e-06 -1.026147e-06 	 -3.256974e-06 1.593371e-06 -5.905668e-06 	 -1.708486e-06 3.694380e-06 -6.931815e-06 	 947
7.750000 	 1.948821e-06 -7.516205e-07 5.621930e-07 	 -7.026430e-07 -4.244559e-06 4.849755e-06 	 1.246178e-06 -4.996180e-06 5.411948e-06 	 929
8.250000 	 1.845457e-06 -2.245129e-06 -6.859651e-07 	 1.127458e-05 -3.264541e-06 5.227868e-07 	 1.312004e-05 -5.509669e-06 -1.631783e-07 	 893
8.750000 	 -5.656807e-06 -3.217958e-06 -5.380312e-07 	 -9.895748e-07 -1.489109e-06 -1.794255e-06 	 -6.646381e-06 -4.707067e-06 -2.332287e-06 	 941
9.250000 	 6.056599e-08 5.257465e-06 4.403499e-06 	 3.403197e-06 -5.240645e-06 1.053209e-06 	 3.463763e-06 1.681982e-08 5.456708e-06 	 921
9.750000 	 4.807967e-05 -5.083484e-06 -4.950651e-06 	 -3.052704e-06 -6.225179e-06 7.242909e-07 	 4.502697e-05 -1.130866e-05 -4.226360e-06 	 944
10.250000 	 3.050393e-04 1.933029e-06 -3.133758e-06 	 8.511528e-06 3.080210e-06 -7.263482e-06 	 3.135508e-04 5.013239e-06 -1.039724e-05 	 864
10.750000 	 6.067926e-04 2.859855e-06 1.747686e-06 	 -1.736780e-05 -6.067633e-06 -9.213559e-06 	 5.894248e-04 -3.207777e-06 -7.465873e-06 	 889
11.250000 	 7.321772e-04 2.330970e-06 4.772748e-06 	 1.894300e-05 9.692289e-07 -2.400325e-06 	 7.511202e-04 3.300199e-06 2.372423e-06 	 498
11.750000 	 6.907275e-04 -4.176048e-06 1.753101e-05 	 -1.804438e-05 1.248706e-06 3.649201e-05 	 6.726831e-04 -2.927342e-06 5.402303e-05 	 42
12.250000 	 0.000000e+00 0.000000e+00 0.000000e+00 	 0.000000e+00 0.000000e+00 0.000000e+00 	 0.000000e+00 0.000000e+00 0.000000e+00 	 0
12.750000 	 0.000000e+00 0.000000e+00 0.000000e+00 	 0.000000e+00 0.000000e+00 0.000000e+00 	 0.000000e+00 0.000000e+00 0.000000e+00 	 0
13.250000 	 0.000000e+00 0.000000e+00 0.000000e+00 	 0.000000e+00 0.000000e+00 0.000000e+00 	 0.000000e+00 0.000000e+00 0.000000e+00 	 0
13.750000 	 0.000000e+00 0.000000e+00 0.000000e+00 	 0.000000e+00 0.000000e+00 0.000000e+00 	 0.000000e+00 0.000000e+00 0.000000e+00 	 0
14.250000 	 0.000000e+00 0.000000e+00 0.000000e+00 	 0.000000e+00 0.000000e+00 0.000000e+00 	 0.000000e+00 0.000000e+00 0.000000e+00 	 0
14.750000 	 1.044564e-04 -5.969054e-05 -4.685870e-05 	 -1.053256e-04 -1.035441e-04 -1.287831e-04 	 -8.691918e-07 -1.632347e-04 -1.756418e-04 	 1
