0.496689 7.592926e-05
1.490066 7.578444e-05
2.483444 7.434274e-05
3.476821 7.691365e-05
4.470199 8.920228e-05
5.463576 7.789126e-05
6.456954 7.704132e-05
7.450331 8.084850e-05
8.443709 8.005593e-05
9.437086 7.875672e-05
10.430464 8.000023e-05
11.423841 7.279559e-05
12.417219 7.606225e-05
13.410596 7.824887e-05
14.403974 7.697149e-05
15.397351 7.706051e-05
16.390728 7.739769e-05
17.384106 7.892245e-05
18.377483 7.303478e-05
19.370861 7.987439e-05
20.364238 8.420977e-05
21.357616 7.037296e-05
22.350993 8.111072e-05
23.344371 7.658220e-05
24.337748 7.088609e-05
25.331126 7.588735e-05
26.324503 7.424791e-05
27.317881 7.756920e-05
28.311258 8.447488e-05
29.304636 8.324959e-05
30.298013 7.936878e-05
31.291391 8.086269e-05
32.284768 8.875637e-05
33.278146 1.040200e-04
34.271523 1.266722e-04
35.264901 9.262650e-05
36.258278 1.297526e-04
37.251656 1.410202e-04
38.245033 1.715867e-04
39.238411 1.909841e-04
40.231788 2.656038e-04
41.225166 3.765608e-04
42.218543 5.690360e-04
43.211921 8.681226e-04
44.205298 1.366500e-03
45.198675 1.915802e-03
46.192053 2.594887e-03
47.185430 3.154453e-03
48.178808 3.683326e-03
49.172185 3.998825e-03
50.165563 4.257161e-03
51.158940 4.425290e-03
52.152318 4.482472e-03
53.145695 4.429076e-03
54.139073 4.261573e-03
55.132450 4.000130e-03
56.125828 3.630960e-03
57.119205 3.161844e-03
58.112583 2.588314e-03
59.105960 1.935726e-03
60.099338 1.322797e-03
61.092715 9.089761e-04
62.086093 6.522768e-04
63.079470 5.238467e-04
64.072848 4.616650e-04
65.066225 4.220463e-04
66.059603 3.918051e-04
67.052980 3.716190e-04
68.046358 3.627579e-04
69.039735 3.585085e-04
70.033113 3.574743e-04
71.026490 3.563461e-04
72.019868 3.557656e-04
73.013245 3.566243e-04
74.006623 3.564692e-04
75.000000 3.585095e-04
75.993377 3.581875e-04
76.986755 3.578759e-04
77.980132 3.573794e-04
78.973510 3.576390e-04
79.966887 3.563820e-04
80.960265 3.584914e-04
81.953642 3.599474e-04
82.947020 3.677550e-04
83.940397 3.739942e-04
84.933775 3.991476e-04
85.927152 4.493686e-04
86.920530 5.339984e-04
87.913907 7.075959e-04
88.907285 1.035214e-03
89.900662 1.539712e-03
90.894040 2.179770e-03
91.887417 2.808555e-03
92.880795 3.353925e-03
93.874172 3.807702e-03
94.867550 4.144639e-03
95.860927 4.376706e-03
96.854305 4.481909e-03
97.847682 4.503052e-03
98.841060 4.451277e-03
99.834437 4.245300e-03
100.827815 4.008465e-03
101.821192 3.569518e-03
102.814570 3.048866e-03
103.807947 2.425774e-03
104.801325 1.767672e-03
105.794702 1.140226e-03
106.788079 6.780752e-04
107.781457 5.141210e-04
108.774834 3.424120e-04
109.768212 2.379972e-04
110.761589 1.866598e-04
111.754967 1.450475e-04
112.748344 1.228696e-04
113.741722 9.022741e-05
114.735099 9.566695e-05
115.728477 8.459570e-05
116.721854 7.105900e-05
117.715232 7.679220e-05
118.708609 8.094408e-05
119.701987 7.795785e-05
120.695364 7.559735e-05
121.688742 7.642328e-05
122.682119 7.517325e-05
123.675497 7.871333e-05
124.668874 6.933297e-05
125.662252 7.206133e-05
126.655629 6.599843e-05
127.649007 7.290693e-05
128.642384 7.909909e-05
129.635762 7.415299e-05
130.629139 8.567341e-05
131.622517 6.717431e-05
132.615894 6.950003e-05
133.609272 7.014913e-05
134.602649 6.856621e-05
135.596026 6.942059e-05
136.589404 -nan
137.582781 7.528732e-05
138.576159 6.953076e-05
139.569536 6.904189e-05
140.562914 7.436813e-05
141.556291 7.216361e-05
142.549669 6.229751e-05
143.543046 6.690678e-05
144.536424 7.121194e-05
145.529801 7.516656e-05
146.523179 6.969482e-05
147.516556 7.118856e-05
148.509934 6.706333e-05
149.503311 7.641537e-05
