# 1      2         3-4       5-6
# x  RMS-E  E_inhomo^2  E_homo^2
0.046262 2.375865e-12   2.689031e-26 2.929047e-50 5.617843e-24 -1.663370e-38
0.138787 2.376242e-12   2.418176e-26 7.701282e-51 5.622345e-24 -1.208893e-37
0.231312 2.380101e-12   4.544841e-26 4.174316e-51 5.619433e-24 8.835166e-38
0.323837 2.385731e-12   6.371966e-26 1.856677e-50 5.627992e-24 9.348504e-38
0.416361 2.382493e-12   2.397235e-26 2.520505e-50 5.652300e-24 -2.045785e-38
0.508886 2.380785e-12   1.162190e-26 9.505841e-51 5.656513e-24 -1.000874e-37
0.601411 2.385595e-12   3.540156e-26 4.142534e-51 5.655661e-24 -3.624827e-38
0.693935 2.389495e-12   4.857620e-26 1.223512e-50 5.661110e-24 -3.335116e-38
0.786460 2.387755e-12   3.273629e-26 2.616400e-50 5.668637e-24 -2.788906e-37
0.878985 2.382297e-12   5.994033e-27 1.126663e-50 5.669344e-24 -2.922752e-37
0.971510 2.386426e-12   2.447689e-26 3.405678e-51 5.670553e-24 -3.706461e-37
1.064034 2.393153e-12   4.616632e-26 1.667135e-50 5.681015e-24 9.060472e-38
1.156559 2.393579e-12   3.036761e-26 2.672961e-50 5.698853e-24 7.312841e-38
1.249084 2.390590e-12   1.117321e-26 1.977396e-50 5.703749e-24 -1.761965e-37
1.341608 2.390623e-12   8.839689e-27 2.178183e-51 5.706239e-24 -2.070834e-37
1.434133 2.398230e-12   2.709981e-26 1.326743e-50 5.724405e-24 1.686107e-37
1.526658 2.401412e-12   2.901605e-26 2.536844e-50 5.737762e-24 -6.604559e-38
1.619183 2.397935e-12   1.480404e-26 2.001773e-50 5.735289e-24 -3.033899e-37
1.711707 2.399947e-12   1.892720e-26 4.433276e-51 5.740820e-24 -7.976060e-38
1.804232 2.412795e-12   5.118731e-26 9.691170e-51 5.770391e-24 -3.443582e-37
1.896757 2.421361e-12   6.419122e-26 1.218988e-50 5.798799e-24 -1.623908e-37
1.989281 2.415364e-12   3.309545e-26 1.341337e-50 5.800890e-24 1.783881e-37
2.081806 2.417653e-12   3.162364e-26 4.516155e-51 5.813423e-24 -3.287136e-37
2.174331 2.426564e-12   3.790700e-26 8.673278e-52 5.850303e-24 -1.696841e-37
2.266856 2.431548e-12   2.453287e-26 5.890759e-51 5.887892e-24 -3.512718e-37
2.359380 2.429775e-12   1.263595e-26 1.372174e-50 5.891169e-24 5.419792e-38
2.451905 2.427858e-12   1.979198e-27 4.412986e-51 5.892513e-24 -7.077653e-39
2.544430 2.438590e-12   1.265841e-26 1.253019e-51 5.934064e-24 -4.873560e-37
2.636954 2.447499e-12   1.701060e-26 9.572495e-51 5.973240e-24 -3.040067e-37
2.729479 2.447072e-12   1.088041e-26 1.462756e-50 5.977279e-24 -7.630202e-38
2.822004 2.445604e-12   3.877993e-27 9.738240e-51 5.977103e-24 -2.787601e-38
2.914529 2.456633e-12   1.159427e-26 4.655392e-51 6.023452e-24 -3.774671e-37
3.007053 2.474455e-12   1.870286e-26 3.190022e-51 6.104224e-24 -4.378405e-37
3.099578 2.480175e-12   7.998214e-27 5.694157e-51 6.143272e-24 -4.241137e-37
3.192103 2.490546e-12   1.190660e-26 7.221290e-51 6.190915e-24 -2.852187e-37
3.284627 2.520156e-12   2.343206e-26 3.041306e-51 6.327752e-24 -6.827679e-38
3.377152 2.563606e-12   4.384576e-26 1.814925e-51 6.528229e-24 -3.256285e-37
3.469677 2.597677e-12   2.830238e-26 1.858900e-51 6.719621e-24 -3.428989e-37
3.562202 2.629931e-12   2.056747e-26 4.284387e-51 6.895969e-24 -3.437145e-37
3.654726 2.676731e-12   3.341064e-26 2.817425e-51 7.131477e-24 -5.657831e-38
3.747251 2.730990e-12   3.513224e-26 1.095980e-51 7.423172e-24 -4.090785e-37
3.839776 2.766833e-12   1.864690e-26 4.619491e-51 7.636716e-24 -2.392827e-37
3.932301 2.787813e-12   2.002176e-26 4.249523e-51 7.751881e-24 -5.089042e-37
4.024825 2.808223e-12   2.302366e-26 1.932155e-51 7.863092e-24 -2.474936e-37
4.117350 2.840809e-12   3.532276e-26 1.866504e-51 8.034875e-24 1.390356e-37
4.209875 2.856896e-12   2.953835e-26 5.740061e-51 8.132315e-24 -2.870105e-37
4.302399 2.854241e-12   4.125890e-27 3.545872e-51 8.142564e-24 -1.808391e-37
4.394924 2.858215e-12   2.068351e-26 4.675135e-51 8.148708e-24 -3.512902e-37
4.487449 2.877777e-12   3.389070e-26 4.531909e-51 8.247709e-24 -4.766820e-38
4.579974 2.890990e-12   1.770434e-26 6.014158e-51 8.340117e-24 -3.165581e-38
4.672498 2.882053e-12   1.231273e-27 6.647649e-51 8.304999e-24 -5.154428e-37
4.765023 2.873408e-12   1.467843e-26 6.312841e-51 8.241795e-24 -4.073145e-37
4.857548 2.883795e-12   4.042822e-26 3.161623e-51 8.275848e-24 3.203852e-38
4.950072 2.899235e-12   4.162446e-26 6.050793e-51 8.363941e-24 4.937701e-38
5.042597 2.896244e-12   4.415706e-26 2.728727e-51 8.344075e-24 -4.801507e-38
5.135122 2.885312e-12   5.238202e-26 8.457409e-51 8.272642e-24 -2.922685e-37
5.227647 2.898915e-12   8.670260e-26 3.284957e-51 8.317008e-24 -3.027248e-37
5.320171 2.921476e-12   1.021258e-25 7.942888e-52 8.432894e-24 -1.484911e-37
5.412696 2.922799e-12   6.785448e-26 1.918954e-51 8.474900e-24 -1.110727e-38
5.505221 2.915164e-12   8.091819e-26 4.852625e-51 8.417263e-24 -3.948761e-37
5.597745 2.921256e-12   1.054184e-25 7.512587e-51 8.428316e-24 -3.381488e-37
5.690270 2.942665e-12   1.231303e-25 2.729173e-51 8.536147e-24 -3.466818e-37
5.782795 2.952582e-12   1.246727e-25 6.047758e-51 8.593066e-24 -1.305231e-37
5.875320 2.933250e-12   8.648640e-26 5.308747e-51 8.517469e-24 -2.235524e-37
5.967844 2.929543e-12   1.223555e-25 8.956414e-51 8.459867e-24 -1.428084e-37
6.060369 2.939309e-12   1.109863e-25 2.447110e-51 8.528548e-24 -1.374043e-37
6.152894 2.943559e-12   6.870508e-26 1.685460e-51 8.595835e-24 -3.111504e-38
6.245418 2.931144e-12   5.345529e-26 1.370526e-50 8.538152e-24 1.003818e-37
6.337943 2.919835e-12   4.700828e-26 1.406205e-50 8.478428e-24 4.876951e-38
6.430468 2.930871e-12   6.591560e-26 8.947925e-51 8.524087e-24 -1.242491e-37
6.522993 2.951210e-12   8.386227e-26 1.207899e-51 8.625781e-24 -1.138537e-37
6.615517 2.939043e-12   2.836050e-26 1.309142e-50 8.609614e-24 -6.170384e-38
6.708042 2.926147e-12   2.503177e-26 1.574663e-50 8.537306e-24 -4.543126e-38
6.800567 2.937155e-12   5.688667e-26 1.183278e-50 8.569995e-24 -2.302434e-37
6.893091 2.947578e-12   2.531121e-26 8.316359e-52 8.662906e-24 -6.301191e-38
6.985616 2.949780e-12   3.543419e-26 5.012194e-51 8.665767e-24 3.770682e-39
7.078141 2.934113e-12   1.721046e-26 2.454041e-50 8.591809e-24 -6.804275e-38
7.170666 2.934892e-12   3.177934e-26 1.367106e-50 8.581814e-24 1.392246e-37
7.263190 2.952740e-12   5.743976e-26 2.211773e-51 8.661231e-24 -4.546110e-38
7.355715 2.947144e-12   1.956628e-26 4.150416e-51 8.666094e-24 2.660204e-38
7.448240 2.935623e-12   1.180845e-26 2.215836e-50 8.606071e-24 -5.070893e-38
7.540765 2.930011e-12   1.390232e-26 2.109142e-50 8.571059e-24 1.728868e-38
7.633289 2.944675e-12   3.942107e-26 1.043948e-50 8.631690e-24 -7.625560e-38
7.725814 2.951002e-12   1.650302e-26 2.626032e-51 8.691911e-24 -9.531687e-38
7.818339 2.946995e-12   3.239085e-26 1.826537e-50 8.652388e-24 -2.364432e-37
7.910863 2.941701e-12   4.789531e-26 2.629109e-50 8.605707e-24 -3.069583e-38
8.003388 2.947788e-12   4.281913e-26 7.517425e-51 8.646635e-24 1.210875e-37
8.095913 2.960478e-12   8.368196e-26 3.418135e-52 8.680747e-24 -6.940224e-38
8.188438 2.943938e-12   4.666843e-26 1.824901e-50 8.620104e-24 9.448493e-38
8.280962 2.935125e-12   5.700693e-26 3.032267e-50 8.557949e-24 6.015077e-38
8.373487 2.934105e-12   6.782366e-26 1.443213e-50 8.541148e-24 -1.979131e-37
8.466012 2.933249e-12   2.679978e-26 7.997794e-52 8.577147e-24 1.288700e-37
8.558536 2.925209e-12   2.216413e-26 1.090326e-50 8.534684e-24 3.895982e-38
8.651061 2.912115e-12   9.234229e-27 2.841773e-50 8.471181e-24 2.125642e-37
8.743586 2.913557e-12   1.724750e-26 1.999870e-50 8.471566e-24 -1.533856e-37
8.836111 2.920193e-12   1.090891e-26 2.432578e-51 8.516617e-24 -8.219280e-38
8.928635 2.922070e-12   1.393021e-26 7.384837e-51 8.524565e-24 1.584002e-37
9.021160 2.915310e-12   2.489574e-26 2.428008e-50 8.474139e-24 1.442640e-37
9.113685 2.920383e-12   3.383875e-26 2.579962e-50 8.494800e-24 4.501638e-38
9.206209 2.928446e-12   5.407660e-26 2.784557e-51 8.521720e-24 1.904384e-38
9.298734 2.925767e-12   5.576796e-26 5.352435e-51 8.504342e-24 2.474023e-37
9.391259 2.924225e-12   7.701386e-26 2.450773e-50 8.474080e-24 3.174962e-37
9.483784 2.924304e-12   1.119578e-25 2.408817e-50 8.439597e-24 4.860029e-37
9.576308 2.928793e-12   1.212378e-25 8.316351e-51 8.456591e-24 -6.863976e-39
9.668833 2.934859e-12   1.592460e-25 2.550978e-51 8.454153e-24 -1.255231e-38
9.761358 2.925397e-12   1.607841e-25 2.487127e-50 8.397165e-24 2.936223e-37
9.853882 2.924406e-12   1.701449e-25 2.901445e-50 8.382007e-24 2.332598e-37
9.946407 2.921797e-12   1.528599e-25 1.202051e-50 8.384041e-24 3.483236e-38
10.038932 2.910932e-12   1.092655e-25 2.615865e-51 8.364257e-24 5.998798e-38
10.131457 2.897505e-12   8.332995e-26 2.243189e-50 8.312208e-24 3.933610e-37
10.223981 2.885015e-12   5.807126e-26 3.956408e-50 8.265242e-24 2.497101e-37
10.316506 2.880252e-12   4.097983e-26 1.476992e-50 8.254873e-24 5.319633e-37
10.409031 2.871031e-12   3.042953e-26 2.885816e-51 8.212392e-24 2.151673e-37
10.501555 2.857971e-12   2.030527e-26 2.830329e-50 8.147691e-24 -1.603757e-37
10.594080 2.847691e-12   1.860271e-26 5.158344e-50 8.090741e-24 2.929658e-37
10.686605 2.841815e-12   2.549453e-26 2.563042e-50 8.050416e-24 1.858881e-37
10.779130 2.827963e-12   8.495321e-27 4.797284e-52 7.988879e-24 3.821640e-37
10.871654 2.804976e-12   4.979697e-27 2.942229e-50 7.862910e-24 2.585488e-38
10.964179 2.777818e-12   6.382415e-27 4.547570e-50 7.709893e-24 -5.205692e-38
11.056704 2.749949e-12   5.194846e-27 4.226055e-50 7.557025e-24 5.908984e-37
11.149229 2.714872e-12   3.996421e-27 4.322030e-51 7.366533e-24 4.466250e-37
11.241753 2.666866e-12   7.660564e-27 1.280526e-50 7.104512e-24 -7.273160e-39
11.334278 2.623844e-12   1.495440e-26 4.837485e-50 6.869603e-24 -2.669621e-38
11.426803 2.591575e-12   3.236614e-26 5.989656e-50 6.683896e-24 3.503733e-37
11.519327 2.560623e-12   4.422394e-26 1.658083e-50 6.512566e-24 3.370610e-37
11.611852 2.529260e-12   5.028868e-26 6.236919e-51 6.346866e-24 3.490262e-37
11.704377 2.504070e-12   5.519594e-26 5.539416e-50 6.215170e-24 2.141953e-37
11.796902 2.487239e-12   3.951581e-26 7.098505e-50 6.146843e-24 -1.211744e-38
11.889426 2.475422e-12   2.085783e-26 4.454614e-50 6.106858e-24 2.538443e-37
11.981951 2.461224e-12   1.734860e-26 6.524098e-51 6.040276e-24 3.187518e-37
12.074476 2.449114e-12   1.769261e-26 3.725510e-50 5.980466e-24 3.561707e-37
12.167000 2.446225e-12   1.506775e-26 6.374365e-50 5.968948e-24 -4.322229e-39
12.259525 2.453876e-12   4.790323e-26 3.709358e-50 5.973606e-24 2.795762e-37
12.352050 2.443881e-12   4.333076e-26 3.643586e-51 5.929222e-24 1.238347e-37
12.444575 2.435172e-12   5.408402e-26 1.597403e-50 5.875980e-24 3.330035e-37
12.537099 2.435313e-12   6.371806e-26 4.759185e-50 5.867032e-24 1.307878e-37
12.629624 2.430202e-12   3.265902e-26 3.945212e-50 5.873221e-24 -2.034669e-37
12.722149 2.429330e-12   5.415987e-26 7.519755e-51 5.847486e-24 1.535097e-37
12.814673 2.415623e-12   3.854848e-26 4.486910e-51 5.796684e-24 1.244082e-37
12.907198 2.409565e-12   1.638052e-26 3.375290e-50 5.789623e-24 2.369129e-37
12.999723 2.412182e-12   1.114254e-26 4.743133e-50 5.807480e-24 1.339569e-38
13.092248 2.407935e-12   1.012807e-26 1.146781e-50 5.788023e-24 3.876324e-38
13.184772 2.400356e-12   2.141123e-26 1.653533e-51 5.740298e-24 4.432812e-37
13.277297 2.393727e-12   1.359748e-26 2.530722e-50 5.716333e-24 2.000541e-37
13.369822 2.396958e-12   1.191603e-26 4.149583e-50 5.733493e-24 -5.017079e-38
13.462346 2.395821e-12   1.592887e-26 1.141440e-50 5.724030e-24 1.865634e-38
13.554871 2.388824e-12   3.530286e-26 7.868340e-52 5.671179e-24 -9.231571e-38
13.647396 2.386636e-12   4.651140e-26 2.120973e-50 5.649522e-24 2.599077e-37
13.739921 2.383039e-12   1.231112e-26 3.432940e-50 5.666565e-24 1.921532e-37
13.832445 2.385990e-12   2.205357e-26 2.627429e-50 5.670894e-24 8.015429e-38
13.924970 2.383847e-12   4.157098e-26 2.806996e-51 5.641157e-24 -5.045663e-38
14.017495 2.378730e-12   4.500479e-26 1.506620e-50 5.613351e-24 3.440990e-37
14.110020 2.378317e-12   2.555184e-26 3.663642e-50 5.630840e-24 3.395485e-37
14.202544 2.377996e-12   2.213506e-27 3.074805e-50 5.652653e-24 3.132315e-37
14.295069 2.380665e-12   3.536099e-26 1.047984e-50 5.632205e-24 1.567098e-37
14.387594 2.378459e-12   5.084630e-26 1.851550e-50 5.606222e-24 7.538152e-38
14.480118 2.376520e-12   3.334309e-26 3.346488e-50 5.614505e-24 9.309253e-38
14.572643 2.377069e-12   1.757351e-26 2.612727e-50 5.632884e-24 -7.532373e-38
14.665168 2.377355e-12   3.072555e-26 9.552688e-51 5.621092e-24 -1.144269e-37
14.757693 2.377433e-12   6.046328e-26 1.425125e-50 5.591723e-24 7.611320e-38
14.850217 2.377216e-12   5.303167e-26 3.135342e-50 5.598123e-24 -8.770188e-38
