# 1      2         3-4       5-6
# x  RMS-E  E_inhomo^2  E_homo^2
0.061556 7.800194e-05   2.662205e-11 6.925700e-34 6.057680e-09 -1.257315e-22
0.184667 7.817940e-05   3.311095e-11 3.237103e-34 6.078908e-09 -3.143286e-22
0.307779 7.838924e-05   5.214800e-11 1.679487e-34 6.092725e-09 -3.838118e-22
0.430890 7.874915e-05   6.548484e-11 7.210618e-34 6.135944e-09 -2.646978e-23
0.554001 7.868172e-05   5.822229e-11 1.990775e-34 6.132591e-09 2.382280e-22
0.677113 7.855679e-05   3.377899e-11 2.536495e-34 6.137390e-09 3.573420e-22
0.800224 7.867114e-05   2.668746e-11 8.068287e-34 6.162461e-09 1.654361e-22
0.923336 7.847393e-05   1.284184e-11 1.081248e-34 6.145316e-09 1.985233e-23
1.046447 7.889789e-05   1.549288e-11 5.104104e-34 6.209384e-09 3.441071e-22
1.169558 7.957949e-05   4.687873e-11 9.513029e-34 6.286016e-09 1.323489e-23
1.292670 7.944489e-05   1.826248e-11 1.785510e-35 6.293229e-09 3.705769e-22
1.415781 7.950962e-05   5.076429e-11 6.254276e-34 6.271015e-09 2.907933e-22
1.538893 7.913402e-05   5.655393e-11 4.226067e-34 6.205640e-09 4.742988e-22
1.662004 7.865475e-05   4.431632e-11 3.337579e-35 6.142254e-09 1.682166e-22
1.785115 7.819107e-05   3.908941e-11 3.730757e-34 6.074755e-09 6.813480e-22
1.908227 7.797523e-05   2.590494e-11 6.334645e-36 6.054232e-09 6.174192e-22
2.031338 7.835842e-05   1.840940e-11 2.855740e-34 6.121633e-09 1.187401e-21
2.154450 7.837131e-05   1.529411e-11 1.661173e-34 6.126768e-09 7.578961e-22
2.277561 7.828410e-05   1.968711e-11 1.319440e-34 6.108714e-09 6.333844e-22
2.400672 7.833558e-05   4.183657e-11 6.179390e-34 6.094626e-09 1.082308e-21
2.523784 7.803246e-05   4.811205e-11 5.798438e-35 6.040953e-09 -1.731441e-23
2.646895 7.784445e-05   6.340778e-11 2.345438e-34 5.996350e-09 4.599116e-22
2.770007 7.774195e-05   4.735770e-11 3.708251e-34 5.996453e-09 -2.750472e-22
2.893118 7.740060e-05   2.385576e-11 2.048028e-35 5.966997e-09 4.343323e-22
3.016229 8.018299e-05   3.633245e-10 1.341232e-34 6.065987e-09 1.148838e-22
3.139341 8.360451e-05   7.469098e-10 9.262211e-35 6.242804e-09 8.030001e-22
3.262452 8.437185e-05   4.496913e-10 8.128428e-36 6.668918e-09 1.636691e-23
3.385564 8.591840e-05   5.311734e-11 7.731452e-35 7.328854e-09 8.689870e-22
3.508675 9.206497e-05   5.127468e-10 1.056483e-35 7.963212e-09 7.897457e-22
3.631786 1.009129e-04   1.205760e-09 1.203389e-34 8.977661e-09 8.663892e-22
3.754898 1.030673e-04   7.669388e-10 4.553110e-35 9.855934e-09 1.371364e-21
3.878009 1.023313e-04   3.887510e-11 1.987111e-35 1.043281e-08 4.060250e-23
4.001121 1.062667e-04   1.950359e-10 1.227322e-34 1.109758e-08 5.909815e-22
4.124232 1.090439e-04   4.237228e-10 4.202847e-35 1.146685e-08 -1.873645e-22
4.247343 1.091628e-04   2.094904e-10 2.657555e-36 1.170702e-08 8.467115e-22
4.370455 1.098398e-04   7.474083e-11 2.344284e-35 1.199003e-08 3.714313e-22
4.493566 1.097906e-04   1.059102e-10 1.645667e-35 1.194807e-08 7.218432e-22
4.616678 1.095237e-04   4.472336e-11 2.067846e-36 1.195072e-08 -2.950829e-22
4.739789 1.090826e-04   3.948257e-11 1.234020e-36 1.185953e-08 4.197785e-22
4.862900 1.082528e-04   3.695078e-11 1.854612e-35 1.168172e-08 7.468783e-22
4.986012 1.072385e-04   7.291423e-11 2.294995e-35 1.142718e-08 3.375201e-22
5.109123 1.068642e-04   1.243837e-10 1.799740e-35 1.129557e-08 9.982235e-22
5.232235 1.070157e-04   1.272122e-10 7.095647e-35 1.132515e-08 -2.322862e-22
5.355346 1.068424e-04   1.010422e-10 3.103411e-36 1.131426e-08 6.185327e-22
5.478457 1.066623e-04   7.924319e-11 2.280127e-34 1.129761e-08 3.324399e-22
5.601569 1.066231e-04   7.610770e-11 1.619495e-34 1.129238e-08 9.902535e-22
5.724680 1.079646e-04   1.160105e-10 5.969406e-35 1.154034e-08 6.649566e-22
5.847792 1.094584e-04   1.497578e-10 2.850743e-34 1.183137e-08 6.631377e-22
5.970903 1.092624e-04   1.193406e-10 1.190521e-34 1.181892e-08 -7.764850e-23
6.094014 1.094245e-04   8.123256e-11 3.539500e-35 1.189248e-08 7.038429e-22
6.217126 1.088202e-04   2.262667e-11 1.208341e-34 1.181921e-08 6.363958e-22
6.340237 1.083317e-04   5.835789e-12 2.889502e-35 1.172993e-08 3.751316e-22
6.463349 1.079942e-04   2.107987e-11 1.684202e-35 1.164167e-08 2.471840e-22
6.586460 1.082575e-04   4.897996e-11 1.859407e-35 1.167070e-08 -3.530456e-22
6.709571 1.076034e-04   3.647418e-11 7.491064e-35 1.154201e-08 -2.579848e-22
6.832683 1.071412e-04   5.858648e-12 1.329155e-34 1.147337e-08 2.564446e-23
6.955794 1.074075e-04   1.794698e-11 1.210140e-35 1.151842e-08 2.280502e-22
7.078906 1.067607e-04   3.128998e-11 2.709308e-34 1.136656e-08 4.363666e-22
7.202017 1.064255e-04   3.353936e-11 4.192507e-34 1.129284e-08 -2.372528e-25
7.325128 1.067669e-04   5.586754e-11 3.741815e-35 1.134330e-08 -2.576255e-22
7.448240 1.058595e-04   8.028747e-11 3.909726e-34 1.112594e-08 -2.081139e-22
7.571351 1.061854e-04   8.344435e-11 8.554569e-34 1.119190e-08 -4.981902e-23
7.694463 1.071413e-04   1.022304e-10 6.170341e-35 1.137702e-08 1.868594e-22
7.817574 1.092090e-04   2.729342e-10 7.857275e-34 1.165368e-08 -1.641203e-22
7.940685 1.107706e-04   1.587611e-10 9.948989e-34 1.211137e-08 -2.321573e-22
8.063797 1.104500e-04   2.584440e-11 3.600225e-36 1.217335e-08 -7.351747e-23
8.186908 1.110809e-04   2.357617e-10 4.995767e-34 1.210321e-08 1.754867e-22
8.310020 1.088379e-04   9.041741e-11 3.845144e-34 1.175528e-08 3.456237e-22
8.433131 1.068334e-04   8.170787e-11 2.274487e-35 1.133168e-08 1.912473e-22
8.556242 1.063881e-04   1.497449e-10 2.443546e-34 1.116869e-08 -8.573303e-23
8.679354 1.060012e-04   1.082698e-10 5.250071e-35 1.112798e-08 -4.045286e-22
8.802465 1.067335e-04   7.107746e-11 1.263383e-34 1.132097e-08 -8.749558e-22
8.925577 1.076278e-04   2.835611e-11 2.398734e-34 1.155539e-08 -5.865057e-22
9.048688 1.086315e-04   7.728687e-11 5.116570e-35 1.172352e-08 -6.132536e-22
9.171799 1.090067e-04   3.656009e-11 6.399154e-34 1.184589e-08 -1.026743e-21
9.294911 1.091269e-04   1.389951e-10 2.803094e-34 1.176968e-08 -8.726687e-23
9.418022 1.080216e-04   1.890913e-10 1.872029e-34 1.147958e-08 -7.101720e-22
9.541134 1.070659e-04   1.364684e-11 8.695211e-34 1.144945e-08 -2.310420e-22
9.664245 1.081150e-04   1.426927e-10 1.868247e-34 1.154617e-08 -6.019765e-22
9.787356 1.082178e-04   1.274775e-10 1.388370e-34 1.158362e-08 -1.470152e-23
9.910468 1.087467e-04   3.220410e-11 5.036909e-34 1.179364e-08 -6.824014e-22
10.033579 1.080711e-04   1.121695e-10 3.525565e-35 1.156720e-08 -1.111200e-23
10.156691 1.075749e-04   1.143531e-10 1.711771e-34 1.145800e-08 -7.285902e-22
10.279802 1.066336e-04   1.014043e-10 9.722009e-35 1.126932e-08 -5.054975e-22
10.402913 1.057488e-04   1.431102e-10 2.519008e-35 1.103970e-08 -5.740364e-22
10.526025 1.062067e-04   1.957775e-10 1.977154e-34 1.108408e-08 -1.206677e-21
10.649136 1.065776e-04   4.081551e-10 2.759067e-35 1.095063e-08 -1.351238e-22
10.772248 1.073525e-04   6.447355e-10 1.180574e-34 1.087983e-08 -5.727837e-22
10.895359 1.048183e-04   3.289329e-10 1.484482e-34 1.065795e-08 1.712733e-22
11.018470 1.004081e-04   2.366651e-11 7.487847e-36 1.005811e-08 -8.990454e-22
11.141582 1.013148e-04   7.942244e-10 3.343913e-35 9.470471e-09 -3.017710e-22
11.264693 1.007839e-04   1.484943e-09 5.121714e-35 8.672451e-09 -8.074416e-22
11.387805 9.294508e-05   8.017613e-10 8.130890e-36 7.837026e-09 -1.016052e-22
11.510916 8.555360e-05   7.326373e-11 4.827907e-36 7.246154e-09 -7.895030e-22
11.634027 8.481854e-05   4.530738e-10 2.307678e-35 6.741111e-09 -9.198922e-22
11.757139 8.579966e-05   9.530224e-10 7.100320e-35 6.408559e-09 -6.697449e-22
11.880250 8.147481e-05   4.723893e-10 3.571676e-36 6.165756e-09 -1.150486e-21
12.003362 7.826406e-05   4.793330e-11 9.118803e-35 6.077331e-09 2.295747e-22
12.126473 7.880070e-05   1.379446e-10 3.511145e-35 6.071605e-09 -3.206732e-22
12.249584 7.775729e-05   1.865046e-11 2.797599e-35 6.027545e-09 8.419937e-23
12.372696 7.778736e-05   2.771352e-11 4.752955e-35 6.023160e-09 -8.019237e-22
12.495807 7.763667e-05   2.178509e-11 3.856540e-36 6.005667e-09 -5.711619e-22
12.618919 7.834011e-05   9.910906e-11 1.130476e-34 6.038064e-09 -8.676873e-22
12.742030 7.912106e-05   1.239316e-10 9.043588e-35 6.136210e-09 -1.925322e-24
12.865141 7.889089e-05   6.257217e-11 1.265378e-36 6.161200e-09 -6.848927e-22
12.988253 7.946778e-05   6.672287e-11 8.231416e-35 6.248406e-09 -8.325233e-22
13.111364 7.937192e-05   7.651494e-11 1.079780e-34 6.223387e-09 -3.247310e-22
13.234476 7.897111e-05   9.189336e-11 2.836917e-36 6.144542e-09 -6.895804e-22
13.357587 7.919175e-05   9.182085e-11 4.014618e-36 6.179512e-09 3.014440e-22
13.480698 7.842109e-05   8.455840e-11 1.271012e-36 6.065309e-09 -3.780540e-22
13.603810 7.781241e-05   5.495402e-11 1.002126e-35 5.999817e-09 -2.606519e-22
13.726921 7.811784e-05   2.632369e-11 3.587021e-36 6.076073e-09 -7.019956e-22
13.850033 7.830918e-05   4.169048e-11 1.028597e-34 6.090637e-09 -6.756559e-22
13.973144 7.863671e-05   5.283565e-11 1.334359e-34 6.130897e-09 -3.993586e-22
14.096255 7.899636e-05   5.190723e-11 6.604044e-36 6.188517e-09 2.775139e-22
14.219367 7.848310e-05   5.189644e-11 2.192149e-34 6.107700e-09 -2.512956e-22
14.342478 7.809888e-05   2.767338e-11 3.849199e-34 6.071762e-09 -2.021144e-22
14.465590 7.758025e-05   1.095422e-11 7.768642e-36 6.007740e-09 -2.373713e-22
14.588701 7.760886e-05   2.102718e-11 4.201641e-34 6.002108e-09 1.944200e-22
14.711813 7.782632e-05   2.839188e-11 4.500662e-34 6.028544e-09 4.723379e-22
14.834924 7.761559e-05   2.466550e-11 4.808160e-35 5.999514e-09 2.731825e-22
