# 1  2-4    5-7    8-10   11     
# x  dirEF  recEF  sumEF  #Sample
0.250000 	 0.000000e+00 0.000000e+00 0.000000e+00 	 0.000000e+00 0.000000e+00 0.000000e+00 	 0.000000e+00 0.000000e+00 0.000000e+00 	 0
0.750000 	 0.000000e+00 0.000000e+00 0.000000e+00 	 0.000000e+00 0.000000e+00 0.000000e+00 	 0.000000e+00 0.000000e+00 0.000000e+00 	 0
1.250000 	 8.732930e-05 -1.967749e-04 2.142457e-05 	 3.684730e-05 4.408548e-05 3.573921e-05 	 1.241766e-04 -1.526894e-04 5.716377e-05 	 1
1.750000 	 0.000000e+00 0.000000e+00 0.000000e+00 	 0.000000e+00 0.000000e+00 0.000000e+00 	 0.000000e+00 0.000000e+00 0.000000e+00 	 0
2.250000 	 0.000000e+00 0.000000e+00 0.000000e+00 	 0.000000e+00 0.000000e+00 0.000000e+00 	 0.000000e+00 0.000000e+00 0.000000e+00 	 0
2.750000 	 0.000000e+00 0.000000e+00 0.000000e+00 	 0.000000e+00 0.000000e+00 0.000000e+00 	 0.000000e+00 0.000000e+00 0.000000e+00 	 0
3.250000 	 -8.132162e-04 -7.911749e-06 2.774158e-05 	 -4.173894e-07 2.860801e-06 -7.887249e-06 	 -8.136336e-04 -5.050947e-06 1.985433e-05 	 42
3.750000 	 -8.483935e-04 -1.632814e-06 -2.079879e-06 	 -1.925972e-05 3.941943e-07 2.397425e-07 	 -8.676532e-04 -1.238619e-06 -1.840136e-06 	 570
4.250000 	 -6.883086e-04 3.069916e-06 1.268110e-06 	 1.627071e-05 -8.188434e-07 1.667630e-06 	 -6.720379e-04 2.251072e-06 2.935740e-06 	 879
4.750000 	 -3.265630e-04 -2.300607e-06 -5.125677e-06 	 -4.090823e-06 1.695185e-06 -6.547272e-07 	 -3.306538e-04 -6.054223e-07 -5.780405e-06 	 864
5.250000 	 -4.616355e-05 1.655336e-06 9.235740e-06 	 1.467542e-08 1.744018e-07 3.824017e-07 	 -4.614887e-05 1.829738e-06 9.618142e-06 	 878
5.750000 	 -1.482320e-05 1.463825e-06 -3.961977e-06 	 -9.197535e-07 3.032246e-07 -1.844619e-06 	 -1.574295e-05 1.767050e-06 -5.806596e-06 	 921
6.250000 	 -2.183430e-05 4.138026e-07 -1.802352e-06 	 -4.730358e-06 -8.851030e-07 1.870095e-06 	 -2.656465e-05 -4.713004e-07 6.774245e-08 	 914
6.750000 	 -1.254771e-05 -1.242673e-06 2.838260e-06 	 3.308291e-06 7.886620e-08 2.403002e-08 	 -9.239419e-06 -1.163807e-06 2.862290e-06 	 886
7.250000 	 9.942466e-08 5.260600e-08 -1.607407e-06 	 -1.010500e-06 -6.487905e-07 -1.331266e-06 	 -9.110756e-07 -5.961845e-07 -2.938673e-06 	 947
7.750000 	 1.815089e-06 -3.033258e-07 5.485345e-07 	 9.032483e-07 1.498494e-06 6.595771e-07 	 2.718338e-06 1.195168e-06 1.208112e-06 	 929
8.250000 	 2.814847e-06 -8.156040e-07 1.517978e-06 	 5.036212e-06 -8.056642e-07 -5.323813e-07 	 7.851059e-06 -1.621268e-06 9.855964e-07 	 893
8.750000 	 -5.037801e-06 -3.855170e-06 -2.105394e-06 	 -3.782059e-06 2.228188e-07 2.581757e-07 	 -8.819861e-06 -3.632352e-06 -1.847219e-06 	 941
9.250000 	 -4.000810e-07 5.510295e-06 5.123813e-06 	 1.380735e-06 6.647394e-07 4.186915e-08 	 9.806544e-07 6.175034e-06 5.165682e-06 	 921
9.750000 	 5.557163e-05 -6.752450e-06 -5.176070e-06 	 -3.431873e-06 -4.989566e-07 1.756200e-07 	 5.213975e-05 -7.251407e-06 -5.000450e-06 	 944
10.250000 	 3.565383e-04 4.050595e-06 -1.648574e-06 	 6.665479e-06 -1.529663e-08 5.215748e-07 	 3.632038e-04 4.035299e-06 -1.127000e-06 	 864
10.750000 	 7.109278e-04 2.203996e-06 7.633190e-07 	 -1.497708e-05 -5.529458e-07 -2.728328e-07 	 6.959508e-04 1.651050e-06 4.904861e-07 	 889
11.250000 	 8.627382e-04 4.224171e-06 4.329142e-06 	 1.634643e-05 2.059473e-06 9.318879e-07 	 8.790846e-04 6.283644e-06 5.261030e-06 	 498
11.750000 	 8.285315e-04 -1.762781e-05 1.613800e-05 	 -4.967345e-06 4.348683e-06 6.729561e-06 	 8.235642e-04 -1.327913e-05 2.286757e-05 	 42
12.250000 	 0.000000e+00 0.000000e+00 0.000000e+00 	 0.000000e+00 0.000000e+00 0.000000e+00 	 0.000000e+00 0.000000e+00 0.000000e+00 	 0
12.750000 	 0.000000e+00 0.000000e+00 0.000000e+00 	 0.000000e+00 0.000000e+00 0.000000e+00 	 0.000000e+00 0.000000e+00 0.000000e+00 	 0
13.250000 	 0.000000e+00 0.000000e+00 0.000000e+00 	 0.000000e+00 0.000000e+00 0.000000e+00 	 0.000000e+00 0.000000e+00 0.000000e+00 	 0
13.750000 	 0.000000e+00 0.000000e+00 0.000000e+00 	 0.000000e+00 0.000000e+00 0.000000e+00 	 0.000000e+00 0.000000e+00 0.000000e+00 	 0
14.250000 	 0.000000e+00 0.000000e+00 0.000000e+00 	 0.000000e+00 0.000000e+00 0.000000e+00 	 0.000000e+00 0.000000e+00 0.000000e+00 	 0
14.750000 	 6.734521e-05 -6.498004e-05 -6.449108e-05 	 -1.378896e-06 -2.002459e-05 -2.721360e-05 	 6.596631e-05 -8.500463e-05 -9.170468e-05 	 1
