# 1  2-4    5-7    8-10   11     
# x  dirEF  recEF  sumEF  #Sample
0.250000 	 0.000000e+00 0.000000e+00 0.000000e+00 	 0.000000e+00 0.000000e+00 0.000000e+00 	 0.000000e+00 0.000000e+00 0.000000e+00 	 0
0.750000 	 0.000000e+00 0.000000e+00 0.000000e+00 	 0.000000e+00 0.000000e+00 0.000000e+00 	 0.000000e+00 0.000000e+00 0.000000e+00 	 0
1.250000 	 0.000000e+00 0.000000e+00 0.000000e+00 	 0.000000e+00 0.000000e+00 0.000000e+00 	 0.000000e+00 0.000000e+00 0.000000e+00 	 0
1.750000 	 0.000000e+00 0.000000e+00 0.000000e+00 	 0.000000e+00 0.000000e+00 0.000000e+00 	 0.000000e+00 0.000000e+00 0.000000e+00 	 0
2.250000 	 0.000000e+00 0.000000e+00 0.000000e+00 	 0.000000e+00 0.000000e+00 0.000000e+00 	 0.000000e+00 0.000000e+00 0.000000e+00 	 0
2.750000 	 0.000000e+00 0.000000e+00 0.000000e+00 	 0.000000e+00 0.000000e+00 0.000000e+00 	 0.000000e+00 0.000000e+00 0.000000e+00 	 0
3.250000 	 -8.523141e-04 -1.193884e-05 -1.883256e-05 	 -2.200390e-13 4.185451e-13 5.598031e-14 	 -8.523141e-04 -1.193884e-05 -1.883256e-05 	 31
3.750000 	 -8.557174e-04 -6.132395e-07 -1.462638e-06 	 4.790948e-14 -3.131387e-15 4.856803e-14 	 -8.557174e-04 -6.132395e-07 -1.462638e-06 	 579
4.250000 	 -6.874252e-04 1.646589e-06 -2.303212e-07 	 -2.064876e-14 -3.723365e-15 -4.363852e-14 	 -6.874252e-04 1.646589e-06 -2.303212e-07 	 958
4.750000 	 -2.969031e-04 -1.739267e-08 3.231815e-06 	 5.567582e-14 -3.013331e-16 2.729104e-14 	 -2.969031e-04 -1.739267e-08 3.231815e-06 	 925
5.250000 	 4.187940e-06 -1.858809e-06 -2.035789e-06 	 -1.936789e-14 1.670136e-14 -3.440372e-14 	 4.187940e-06 -1.858809e-06 -2.035789e-06 	 857
5.750000 	 3.616490e-06 4.505368e-06 -1.472601e-06 	 3.179378e-14 -9.921864e-15 4.917191e-14 	 3.616490e-06 4.505368e-06 -1.472601e-06 	 885
6.250000 	 -1.446699e-05 -2.274891e-06 1.221886e-06 	 5.503355e-14 4.015850e-14 -3.164725e-14 	 -1.446699e-05 -2.274891e-06 1.221886e-06 	 848
6.750000 	 -1.950487e-05 4.341837e-06 5.574947e-06 	 -1.042440e-13 -2.353526e-14 1.598429e-16 	 -1.950487e-05 4.341837e-06 5.574947e-06 	 915
7.250000 	 -2.980625e-05 -5.596166e-06 -2.553594e-06 	 -4.270907e-14 6.521156e-14 -2.484818e-14 	 -2.980625e-05 -5.596166e-06 -2.553594e-06 	 907
7.750000 	 -9.999177e-06 5.259879e-06 1.456737e-08 	 2.338320e-14 -2.596556e-14 3.881129e-14 	 -9.999177e-06 5.259879e-06 1.456741e-08 	 914
8.250000 	 3.815480e-06 1.095219e-06 -6.039285e-06 	 -1.696586e-14 -4.214654e-14 -3.652728e-14 	 3.815480e-06 1.095219e-06 -6.039285e-06 	 913
8.750000 	 2.291436e-05 -7.173862e-07 2.867273e-06 	 -1.362605e-14 1.221677e-14 2.394627e-14 	 2.291436e-05 -7.173862e-07 2.867273e-06 	 972
9.250000 	 1.818181e-05 -2.380403e-06 4.711786e-06 	 8.816665e-14 6.846450e-15 1.655931e-14 	 1.818181e-05 -2.380403e-06 4.711786e-06 	 862
9.750000 	 4.366741e-05 -4.748877e-07 -4.855871e-06 	 2.152260e-14 2.847943e-14 -3.382324e-14 	 4.366741e-05 -4.748877e-07 -4.855871e-06 	 861
10.250000 	 3.188150e-04 -1.140471e-06 -4.481304e-07 	 -2.523598e-14 -5.579226e-14 9.613805e-15 	 3.188150e-04 -1.140471e-06 -4.481304e-07 	 910
10.750000 	 6.924302e-04 6.171296e-07 -4.109750e-07 	 3.731515e-15 1.290090e-14 3.107541e-15 	 6.924302e-04 6.171296e-07 -4.109750e-07 	 914
11.250000 	 8.518202e-04 7.217569e-07 -1.528572e-06 	 1.295004e-13 1.599950e-14 -4.611475e-14 	 8.518202e-04 7.217569e-07 -1.528572e-06 	 532
11.750000 	 8.099438e-04 1.111184e-05 7.085532e-06 	 -3.327420e-14 1.041159e-13 9.080812e-14 	 8.099438e-04 1.111184e-05 7.085532e-06 	 41
12.250000 	 0.000000e+00 0.000000e+00 0.000000e+00 	 0.000000e+00 0.000000e+00 0.000000e+00 	 0.000000e+00 0.000000e+00 0.000000e+00 	 0
12.750000 	 0.000000e+00 0.000000e+00 0.000000e+00 	 0.000000e+00 0.000000e+00 0.000000e+00 	 0.000000e+00 0.000000e+00 0.000000e+00 	 0
13.250000 	 0.000000e+00 0.000000e+00 0.000000e+00 	 0.000000e+00 0.000000e+00 0.000000e+00 	 0.000000e+00 0.000000e+00 0.000000e+00 	 0
13.750000 	 0.000000e+00 0.000000e+00 0.000000e+00 	 0.000000e+00 0.000000e+00 0.000000e+00 	 0.000000e+00 0.000000e+00 0.000000e+00 	 0
14.250000 	 0.000000e+00 0.000000e+00 0.000000e+00 	 0.000000e+00 0.000000e+00 0.000000e+00 	 0.000000e+00 0.000000e+00 0.000000e+00 	 0
14.750000 	 0.000000e+00 0.000000e+00 0.000000e+00 	 0.000000e+00 0.000000e+00 0.000000e+00 	 0.000000e+00 0.000000e+00 0.000000e+00 	 0
