# 1  2-4    5-7    8-10   11     
# x  dirEF  recEF  sumEF  #Sample
0.250000 	 0.000000e+00 0.000000e+00 0.000000e+00 	 0.000000e+00 0.000000e+00 0.000000e+00 	 0.000000e+00 0.000000e+00 0.000000e+00 	 0
0.750000 	 -2.999979e-07 2.772475e-05 6.884553e-05 	 -7.861194e-05 -4.126825e-07 7.690162e-06 	 -7.891193e-05 2.731207e-05 7.653570e-05 	 1
1.250000 	 0.000000e+00 0.000000e+00 0.000000e+00 	 0.000000e+00 0.000000e+00 0.000000e+00 	 0.000000e+00 0.000000e+00 0.000000e+00 	 0
1.750000 	 -3.270428e-05 -1.099371e-04 7.835688e-05 	 -1.794141e-05 3.576832e-05 2.162802e-05 	 -5.064569e-05 -7.416878e-05 9.998490e-05 	 1
2.250000 	 0.000000e+00 0.000000e+00 0.000000e+00 	 0.000000e+00 0.000000e+00 0.000000e+00 	 0.000000e+00 0.000000e+00 0.000000e+00 	 0
2.750000 	 0.000000e+00 0.000000e+00 0.000000e+00 	 0.000000e+00 0.000000e+00 0.000000e+00 	 0.000000e+00 0.000000e+00 0.000000e+00 	 0
3.250000 	 -8.975534e-04 -1.533418e-06 2.030750e-06 	 2.973223e-06 5.726463e-06 5.223193e-06 	 -8.945801e-04 4.193045e-06 7.253943e-06 	 36
3.750000 	 -8.753032e-04 -3.987069e-07 1.709567e-06 	 -2.103109e-05 1.991230e-06 -3.251051e-06 	 -8.963343e-04 1.592523e-06 -1.541484e-06 	 529
4.250000 	 -7.152590e-04 -1.522837e-06 2.011713e-06 	 1.615673e-05 2.891040e-07 1.605161e-06 	 -6.991022e-04 -1.233733e-06 3.616874e-06 	 945
4.750000 	 -3.457965e-04 3.286850e-06 4.407175e-06 	 -3.158302e-06 -4.561598e-07 -3.621617e-07 	 -3.489548e-04 2.830690e-06 4.045013e-06 	 917
5.250000 	 -2.297374e-05 -3.204942e-06 -6.167973e-06 	 1.114439e-06 -1.638061e-06 1.156133e-06 	 -2.185931e-05 -4.843003e-06 -5.011840e-06 	 959
5.750000 	 1.310556e-05 -3.370941e-06 1.807100e-06 	 -3.809141e-06 7.003252e-07 -9.268137e-07 	 9.296422e-06 -2.670616e-06 8.802859e-07 	 871
6.250000 	 3.260495e-06 5.391621e-06 -2.153119e-07 	 6.333739e-07 1.678484e-06 5.483651e-07 	 3.893869e-06 7.070106e-06 3.330532e-07 	 915
6.750000 	 1.324277e-05 1.615175e-06 -3.591142e-06 	 3.332932e-06 -9.489053e-07 -5.341748e-07 	 1.657570e-05 6.662698e-07 -4.125317e-06 	 900
7.250000 	 1.600085e-05 -3.874737e-06 -1.631217e-06 	 -1.716776e-06 -5.598656e-07 1.046799e-06 	 1.428408e-05 -4.434602e-06 -5.844175e-07 	 925
7.750000 	 3.573485e-06 1.464366e-06 8.169865e-07 	 7.047036e-07 6.109511e-07 1.485452e-06 	 4.278189e-06 2.075317e-06 2.302439e-06 	 844
8.250000 	 -7.602328e-08 1.621757e-06 3.591606e-06 	 1.087865e-06 3.297080e-07 -2.241872e-06 	 1.011842e-06 1.951465e-06 1.349734e-06 	 882
8.750000 	 -1.345630e-05 -1.796779e-06 1.363539e-06 	 2.134501e-07 5.588222e-07 6.773540e-07 	 -1.324285e-05 -1.237956e-06 2.040893e-06 	 893
9.250000 	 -1.455246e-05 4.500997e-06 1.429265e-06 	 -5.783918e-06 6.614947e-07 -1.163051e-06 	 -2.033637e-05 5.162491e-06 2.662140e-07 	 900
9.750000 	 2.241600e-05 -5.246963e-07 -2.735863e-06 	 4.152431e-06 -1.177358e-06 5.826918e-07 	 2.656843e-05 -1.702054e-06 -2.153172e-06 	 906
10.250000 	 3.155993e-04 9.265568e-07 4.547480e-06 	 2.132455e-06 3.007928e-07 8.702871e-07 	 3.177317e-04 1.227350e-06 5.417767e-06 	 895
10.750000 	 7.016570e-04 -6.084686e-06 -2.160319e-06 	 -1.031881e-05 -3.144455e-07 2.986508e-07 	 6.913382e-04 -6.399132e-06 -1.861668e-06 	 927
11.250000 	 8.478498e-04 5.791512e-07 2.727371e-07 	 7.971948e-06 1.244464e-06 1.955092e-07 	 8.558217e-04 1.823615e-06 4.682463e-07 	 549
11.750000 	 8.452110e-04 3.656618e-05 -1.629503e-05 	 1.386576e-05 4.050564e-06 -2.777553e-06 	 8.590768e-04 4.061674e-05 -1.907259e-05 	 28
12.250000 	 0.000000e+00 0.000000e+00 0.000000e+00 	 0.000000e+00 0.000000e+00 0.000000e+00 	 0.000000e+00 0.000000e+00 0.000000e+00 	 0
12.750000 	 0.000000e+00 0.000000e+00 0.000000e+00 	 0.000000e+00 0.000000e+00 0.000000e+00 	 0.000000e+00 0.000000e+00 0.000000e+00 	 0
13.250000 	 0.000000e+00 0.000000e+00 0.000000e+00 	 0.000000e+00 0.000000e+00 0.000000e+00 	 0.000000e+00 0.000000e+00 0.000000e+00 	 0
13.750000 	 0.000000e+00 0.000000e+00 0.000000e+00 	 0.000000e+00 0.000000e+00 0.000000e+00 	 0.000000e+00 0.000000e+00 0.000000e+00 	 0
14.250000 	 0.000000e+00 0.000000e+00 0.000000e+00 	 0.000000e+00 0.000000e+00 0.000000e+00 	 0.000000e+00 0.000000e+00 0.000000e+00 	 0
14.750000 	 -8.368637e-05 7.004597e-05 7.440220e-06 	 6.281674e-05 1.140888e-05 7.374867e-05 	 -2.086963e-05 8.145485e-05 8.118889e-05 	 1
