# 1  2-4    5-7    8-10   11     
# x  dirEF  recEF  sumEF  #Sample
0.250000 	 0.000000e+00 0.000000e+00 0.000000e+00 	 0.000000e+00 0.000000e+00 0.000000e+00 	 0.000000e+00 0.000000e+00 0.000000e+00 	 0
0.750000 	 0.000000e+00 0.000000e+00 0.000000e+00 	 0.000000e+00 0.000000e+00 0.000000e+00 	 0.000000e+00 0.000000e+00 0.000000e+00 	 0
1.250000 	 0.000000e+00 0.000000e+00 0.000000e+00 	 0.000000e+00 0.000000e+00 0.000000e+00 	 0.000000e+00 0.000000e+00 0.000000e+00 	 0
1.750000 	 0.000000e+00 0.000000e+00 0.000000e+00 	 0.000000e+00 0.000000e+00 0.000000e+00 	 0.000000e+00 0.000000e+00 0.000000e+00 	 0
2.250000 	 0.000000e+00 0.000000e+00 0.000000e+00 	 0.000000e+00 0.000000e+00 0.000000e+00 	 0.000000e+00 0.000000e+00 0.000000e+00 	 0
2.750000 	 0.000000e+00 0.000000e+00 0.000000e+00 	 0.000000e+00 0.000000e+00 0.000000e+00 	 0.000000e+00 0.000000e+00 0.000000e+00 	 0
3.250000 	 -8.322638e-04 1.160163e-05 -2.227047e-05 	 -9.916578e-06 3.058919e-06 5.778501e-06 	 -8.421804e-04 1.466054e-05 -1.649197e-05 	 52
3.750000 	 -8.665079e-04 -7.169449e-06 5.453747e-06 	 -1.086059e-05 4.468853e-07 -3.274217e-06 	 -8.773685e-04 -6.722564e-06 2.179530e-06 	 538
4.250000 	 -7.063867e-04 6.058385e-06 -7.995058e-07 	 1.092610e-05 -1.838909e-07 -1.019028e-06 	 -6.954606e-04 5.874494e-06 -1.818533e-06 	 874
4.750000 	 -3.381103e-04 -4.803933e-06 -1.376729e-06 	 -1.974613e-06 -4.461251e-07 2.104831e-06 	 -3.400849e-04 -5.250058e-06 7.281019e-07 	 973
5.250000 	 -3.561976e-05 2.298702e-07 1.732318e-06 	 -6.813162e-07 2.089356e-07 -5.555216e-07 	 -3.630108e-05 4.388058e-07 1.176796e-06 	 858
5.750000 	 8.828549e-06 2.867586e-06 -3.065696e-06 	 3.428588e-07 2.861451e-07 -5.554999e-07 	 9.171407e-06 3.153731e-06 -3.621196e-06 	 933
6.250000 	 -6.636485e-06 -1.876350e-06 1.113552e-06 	 2.983839e-06 4.201354e-07 3.889857e-07 	 -3.652646e-06 -1.456214e-06 1.502537e-06 	 883
6.750000 	 -4.775601e-06 1.637651e-06 -2.015608e-06 	 -6.992776e-06 -8.873362e-07 -8.489900e-07 	 -1.176838e-05 7.503153e-07 -2.864598e-06 	 904
7.250000 	 1.238835e-05 -3.618111e-06 9.718210e-07 	 3.030821e-06 7.026809e-07 1.006476e-06 	 1.541917e-05 -2.915430e-06 1.978297e-06 	 918
7.750000 	 -1.921190e-06 -1.469324e-06 -9.315350e-07 	 2.648005e-06 -3.964379e-09 -5.081974e-07 	 7.268147e-07 -1.473288e-06 -1.439732e-06 	 946
8.250000 	 1.629168e-05 7.136737e-06 2.116392e-06 	 -6.436334e-07 -1.485678e-07 -3.067263e-09 	 1.564804e-05 6.988170e-06 2.113325e-06 	 860
8.750000 	 1.534323e-05 7.080758e-07 1.908292e-06 	 -4.893222e-06 -5.291367e-07 1.223041e-07 	 1.045000e-05 1.789391e-07 2.030596e-06 	 927
9.250000 	 3.460077e-06 3.210071e-06 -1.423723e-06 	 3.865664e-06 -8.978119e-07 -4.017775e-07 	 7.325742e-06 2.312260e-06 -1.825501e-06 	 850
9.750000 	 1.982082e-05 -6.516621e-06 2.189992e-06 	 -1.792379e-06 9.042627e-07 7.243953e-08 	 1.802844e-05 -5.612358e-06 2.262431e-06 	 913
10.250000 	 3.119462e-04 -6.150672e-07 -2.453702e-06 	 9.000417e-06 6.784297e-07 -8.927094e-07 	 3.209466e-04 6.336249e-08 -3.346411e-06 	 865
10.750000 	 7.094307e-04 -1.268270e-06 1.276959e-07 	 -2.264154e-05 -1.573518e-06 1.039957e-06 	 6.867891e-04 -2.841787e-06 1.167653e-06 	 926
11.250000 	 8.525312e-04 5.676095e-06 -4.587168e-07 	 2.407018e-05 2.778122e-06 -1.255025e-07 	 8.766014e-04 8.454217e-06 -5.842192e-07 	 570
11.750000 	 8.341903e-04 5.389047e-06 -3.181334e-05 	 7.765079e-06 -7.105718e-06 -1.112091e-05 	 8.419554e-04 -1.716671e-06 -4.293425e-05 	 33
12.250000 	 0.000000e+00 0.000000e+00 0.000000e+00 	 0.000000e+00 0.000000e+00 0.000000e+00 	 0.000000e+00 0.000000e+00 0.000000e+00 	 0
12.750000 	 0.000000e+00 0.000000e+00 0.000000e+00 	 0.000000e+00 0.000000e+00 0.000000e+00 	 0.000000e+00 0.000000e+00 0.000000e+00 	 0
13.250000 	 1.817311e-04 8.868192e-05 -8.748248e-05 	 3.309540e-05 -1.423967e-06 1.937756e-05 	 2.148265e-04 8.725796e-05 -6.810492e-05 	 1
13.750000 	 0.000000e+00 0.000000e+00 0.000000e+00 	 0.000000e+00 0.000000e+00 0.000000e+00 	 0.000000e+00 0.000000e+00 0.000000e+00 	 0
14.250000 	 0.000000e+00 0.000000e+00 0.000000e+00 	 0.000000e+00 0.000000e+00 0.000000e+00 	 0.000000e+00 0.000000e+00 0.000000e+00 	 0
14.750000 	 0.000000e+00 0.000000e+00 0.000000e+00 	 0.000000e+00 0.000000e+00 0.000000e+00 	 0.000000e+00 0.000000e+00 0.000000e+00 	 0
