# 1  2-4    5-7    8-10   11     
# x  dirEF  recEF  sumEF  #Sample
0.250000 	 0.000000e+00 0.000000e+00 0.000000e+00 	 0.000000e+00 0.000000e+00 0.000000e+00 	 0.000000e+00 0.000000e+00 0.000000e+00 	 0
0.750000 	 0.000000e+00 0.000000e+00 0.000000e+00 	 0.000000e+00 0.000000e+00 0.000000e+00 	 0.000000e+00 0.000000e+00 0.000000e+00 	 0
1.250000 	 -3.098168e-05 4.059451e-05 3.216539e-06 	 -1.193712e-12 1.554312e-14 5.746514e-13 	 -3.098168e-05 4.059451e-05 3.216540e-06 	 2
1.750000 	 0.000000e+00 0.000000e+00 0.000000e+00 	 0.000000e+00 0.000000e+00 0.000000e+00 	 0.000000e+00 0.000000e+00 0.000000e+00 	 0
2.250000 	 0.000000e+00 0.000000e+00 0.000000e+00 	 0.000000e+00 0.000000e+00 0.000000e+00 	 0.000000e+00 0.000000e+00 0.000000e+00 	 0
2.750000 	 0.000000e+00 0.000000e+00 0.000000e+00 	 0.000000e+00 0.000000e+00 0.000000e+00 	 0.000000e+00 0.000000e+00 0.000000e+00 	 0
3.250000 	 -8.172621e-04 1.723701e-05 1.135139e-05 	 -4.756897e-13 -9.683774e-15 -7.864396e-14 	 -8.172621e-04 1.723701e-05 1.135139e-05 	 38
3.750000 	 -8.520301e-04 4.996522e-07 3.042661e-06 	 -2.478069e-14 1.000657e-14 -4.753033e-15 	 -8.520301e-04 4.996522e-07 3.042661e-06 	 523
4.250000 	 -7.232136e-04 -3.516255e-06 3.231318e-06 	 3.385862e-15 8.576747e-15 2.545305e-14 	 -7.232136e-04 -3.516255e-06 3.231318e-06 	 873
4.750000 	 -3.547692e-04 3.506371e-06 -6.061686e-06 	 -3.405757e-14 -6.172065e-16 4.551398e-15 	 -3.547692e-04 3.506371e-06 -6.061686e-06 	 938
5.250000 	 -4.772004e-05 2.516933e-06 3.168388e-06 	 -3.387453e-14 2.416239e-15 -1.245509e-14 	 -4.772004e-05 2.516933e-06 3.168388e-06 	 933
5.750000 	 1.439915e-06 -3.010390e-06 -1.308847e-06 	 2.697853e-14 -5.969430e-15 -7.691458e-16 	 1.439915e-06 -3.010390e-06 -1.308847e-06 	 965
6.250000 	 1.902150e-05 3.493524e-06 -2.556097e-06 	 8.750159e-14 7.168435e-15 -3.182548e-15 	 1.902150e-05 3.493524e-06 -2.556097e-06 	 915
6.750000 	 1.971056e-05 -1.821700e-06 9.059331e-07 	 1.403303e-13 1.403958e-14 8.661767e-15 	 1.971056e-05 -1.821700e-06 9.059331e-07 	 943
7.250000 	 3.322446e-05 4.778899e-06 1.022145e-06 	 5.543514e-14 -6.754713e-15 3.077683e-14 	 3.322446e-05 4.778899e-06 1.022145e-06 	 879
7.750000 	 2.206155e-05 -1.703719e-06 1.140620e-06 	 2.097723e-14 -1.505304e-14 -2.968170e-14 	 2.206155e-05 -1.703719e-06 1.140620e-06 	 923
8.250000 	 -5.039647e-06 -4.472238e-06 2.949394e-06 	 -9.075002e-15 -1.181819e-14 2.942746e-14 	 -5.039647e-06 -4.472238e-06 2.949394e-06 	 855
8.750000 	 -1.145890e-05 2.362698e-06 -3.574606e-06 	 -2.903887e-14 2.960112e-14 -7.682154e-16 	 -1.145890e-05 2.362698e-06 -3.574606e-06 	 875
9.250000 	 -8.920698e-06 7.383344e-07 -1.555904e-07 	 -9.598671e-14 5.541199e-15 -4.110267e-15 	 -8.920698e-06 7.383344e-07 -1.555904e-07 	 896
9.750000 	 2.839023e-05 -1.986519e-06 -4.454506e-07 	 -4.740038e-14 5.870130e-15 -4.554341e-14 	 2.839023e-05 -1.986519e-06 -4.454506e-07 	 921
10.250000 	 3.417298e-04 1.075341e-06 -3.224433e-07 	 -1.021191e-13 4.278346e-15 3.680193e-15 	 3.417298e-04 1.075341e-06 -3.224432e-07 	 914
10.750000 	 7.142808e-04 -1.001320e-07 -9.095883e-07 	 -1.848566e-15 -3.705841e-14 6.296004e-15 	 7.142808e-04 -1.001320e-07 -9.095883e-07 	 861
11.250000 	 8.617051e-04 4.950477e-06 7.146165e-06 	 -3.832624e-14 2.385652e-14 1.947451e-14 	 8.617051e-04 4.950477e-06 7.146165e-06 	 528
11.750000 	 8.421486e-04 1.292236e-05 -6.719227e-06 	 -5.955025e-14 -2.494037e-15 3.058232e-13 	 8.421486e-04 1.292236e-05 -6.719227e-06 	 42
12.250000 	 0.000000e+00 0.000000e+00 0.000000e+00 	 0.000000e+00 0.000000e+00 0.000000e+00 	 0.000000e+00 0.000000e+00 0.000000e+00 	 0
12.750000 	 0.000000e+00 0.000000e+00 0.000000e+00 	 0.000000e+00 0.000000e+00 0.000000e+00 	 0.000000e+00 0.000000e+00 0.000000e+00 	 0
13.250000 	 0.000000e+00 0.000000e+00 0.000000e+00 	 0.000000e+00 0.000000e+00 0.000000e+00 	 0.000000e+00 0.000000e+00 0.000000e+00 	 0
13.750000 	 0.000000e+00 0.000000e+00 0.000000e+00 	 0.000000e+00 0.000000e+00 0.000000e+00 	 0.000000e+00 0.000000e+00 0.000000e+00 	 0
14.250000 	 0.000000e+00 0.000000e+00 0.000000e+00 	 0.000000e+00 0.000000e+00 0.000000e+00 	 0.000000e+00 0.000000e+00 0.000000e+00 	 0
14.750000 	 0.000000e+00 0.000000e+00 0.000000e+00 	 0.000000e+00 0.000000e+00 0.000000e+00 	 0.000000e+00 0.000000e+00 0.000000e+00 	 0
