# 1  2-4    5-7    8-10   11     
# x  dirEF  recEF  sumEF  #Sample
0.250000 	 0.000000e+00 0.000000e+00 0.000000e+00 	 0.000000e+00 0.000000e+00 0.000000e+00 	 0.000000e+00 0.000000e+00 0.000000e+00 	 0
0.750000 	 0.000000e+00 0.000000e+00 0.000000e+00 	 0.000000e+00 0.000000e+00 0.000000e+00 	 0.000000e+00 0.000000e+00 0.000000e+00 	 0
1.250000 	 0.000000e+00 0.000000e+00 0.000000e+00 	 0.000000e+00 0.000000e+00 0.000000e+00 	 0.000000e+00 0.000000e+00 0.000000e+00 	 0
1.750000 	 0.000000e+00 0.000000e+00 0.000000e+00 	 0.000000e+00 0.000000e+00 0.000000e+00 	 0.000000e+00 0.000000e+00 0.000000e+00 	 0
2.250000 	 0.000000e+00 0.000000e+00 0.000000e+00 	 0.000000e+00 0.000000e+00 0.000000e+00 	 0.000000e+00 0.000000e+00 0.000000e+00 	 0
2.750000 	 0.000000e+00 0.000000e+00 0.000000e+00 	 0.000000e+00 0.000000e+00 0.000000e+00 	 0.000000e+00 0.000000e+00 0.000000e+00 	 0
3.250000 	 -8.202517e-04 -5.393840e-07 -7.276444e-06 	 -2.782336e-13 2.352449e-14 -1.444897e-14 	 -8.202517e-04 -5.393840e-07 -7.276444e-06 	 38
3.750000 	 -8.402768e-04 1.369573e-06 2.005042e-06 	 -6.654366e-14 8.093569e-14 -4.204799e-14 	 -8.402768e-04 1.369573e-06 2.005042e-06 	 586
4.250000 	 -7.125940e-04 -2.308841e-06 -1.723733e-07 	 -8.378282e-14 -5.912045e-14 3.648991e-14 	 -7.125940e-04 -2.308841e-06 -1.723733e-07 	 882
4.750000 	 -3.360751e-04 -2.154200e-06 1.753955e-06 	 2.430546e-14 1.052433e-14 -2.332846e-14 	 -3.360751e-04 -2.154200e-06 1.753955e-06 	 870
5.250000 	 -4.748269e-05 5.694034e-06 -6.175189e-06 	 -2.914737e-14 9.014088e-15 -2.480198e-14 	 -4.748269e-05 5.694034e-06 -6.175189e-06 	 940
5.750000 	 -4.855257e-06 -2.632434e-07 1.729606e-06 	 2.057708e-14 9.510608e-15 -3.183031e-15 	 -4.855257e-06 -2.632434e-07 1.729606e-06 	 942
6.250000 	 1.084899e-05 -2.350487e-06 -1.749655e-06 	 4.163180e-14 1.357075e-14 -8.465020e-15 	 1.084899e-05 -2.350487e-06 -1.749655e-06 	 923
6.750000 	 1.991716e-05 1.301232e-06 -3.521820e-07 	 -8.439211e-15 -2.510601e-14 1.674613e-14 	 1.991716e-05 1.301232e-06 -3.521819e-07 	 879
7.250000 	 1.567852e-05 1.403013e-06 -2.235215e-06 	 -7.623024e-15 2.544115e-14 2.273038e-14 	 1.567852e-05 1.403013e-06 -2.235215e-06 	 945
7.750000 	 1.936163e-05 5.612958e-07 1.243319e-06 	 1.449511e-13 -8.933607e-15 -1.625263e-14 	 1.936163e-05 5.612958e-07 1.243319e-06 	 889
8.250000 	 2.069469e-05 -8.818643e-07 1.926808e-07 	 9.101443e-14 1.190619e-14 3.094111e-14 	 2.069469e-05 -8.818642e-07 1.926809e-07 	 875
8.750000 	 -6.249952e-06 -1.467662e-07 1.989269e-07 	 -1.030005e-13 -1.548371e-14 -1.332009e-14 	 -6.249952e-06 -1.467662e-07 1.989269e-07 	 883
9.250000 	 -2.637457e-05 -1.818971e-06 4.415894e-07 	 1.104579e-13 -1.613118e-14 -2.548686e-14 	 -2.637457e-05 -1.818971e-06 4.415894e-07 	 845
9.750000 	 1.986213e-05 -2.272086e-06 -1.153338e-07 	 8.504626e-15 -2.779995e-14 1.350807e-14 	 1.986213e-05 -2.272087e-06 -1.153338e-07 	 909
10.250000 	 3.149547e-04 2.588686e-06 -6.512773e-07 	 -1.622329e-14 2.895858e-14 -3.900424e-15 	 3.149547e-04 2.588686e-06 -6.512773e-07 	 918
10.750000 	 7.063409e-04 2.556571e-06 1.605277e-06 	 -3.393076e-14 -2.163739e-14 2.330016e-15 	 7.063409e-04 2.556571e-06 1.605277e-06 	 908
11.250000 	 8.719546e-04 -1.874175e-09 2.992584e-06 	 -2.551320e-14 2.782275e-14 3.263625e-14 	 8.719546e-04 -1.874148e-09 2.992584e-06 	 557
11.750000 	 8.563478e-04 2.063731e-07 1.223541e-05 	 -6.419963e-13 2.216228e-13 -9.153789e-14 	 8.563478e-04 2.063734e-07 1.223541e-05 	 34
12.250000 	 0.000000e+00 0.000000e+00 0.000000e+00 	 0.000000e+00 0.000000e+00 0.000000e+00 	 0.000000e+00 0.000000e+00 0.000000e+00 	 0
12.750000 	 0.000000e+00 0.000000e+00 0.000000e+00 	 0.000000e+00 0.000000e+00 0.000000e+00 	 0.000000e+00 0.000000e+00 0.000000e+00 	 0
13.250000 	 -3.423498e-05 4.442868e-05 4.300956e-05 	 9.094947e-13 -1.816325e-12 8.551215e-13 	 -3.423498e-05 4.442867e-05 4.300956e-05 	 1
13.750000 	 0.000000e+00 0.000000e+00 0.000000e+00 	 0.000000e+00 0.000000e+00 0.000000e+00 	 0.000000e+00 0.000000e+00 0.000000e+00 	 0
14.250000 	 0.000000e+00 0.000000e+00 0.000000e+00 	 0.000000e+00 0.000000e+00 0.000000e+00 	 0.000000e+00 0.000000e+00 0.000000e+00 	 0
14.750000 	 0.000000e+00 0.000000e+00 0.000000e+00 	 0.000000e+00 0.000000e+00 0.000000e+00 	 0.000000e+00 0.000000e+00 0.000000e+00 	 0
