# 1  2-4    5-7    8-10   11     
# x  dirEF  recEF  sumEF  #Sample
0.250000 	 0.000000e+00 0.000000e+00 0.000000e+00 	 0.000000e+00 0.000000e+00 0.000000e+00 	 0.000000e+00 0.000000e+00 0.000000e+00 	 0
0.750000 	 1.008821e-04 9.056242e-05 6.613298e-05 	 9.301447e-05 9.328621e-05 9.909726e-06 	 1.938966e-04 1.838486e-04 7.604270e-05 	 1
1.250000 	 0.000000e+00 0.000000e+00 0.000000e+00 	 0.000000e+00 0.000000e+00 0.000000e+00 	 0.000000e+00 0.000000e+00 0.000000e+00 	 0
1.750000 	 4.011860e-05 -2.950362e-05 3.452472e-05 	 1.912244e-04 -3.441037e-05 -7.331881e-05 	 2.313430e-04 -6.391399e-05 -3.879409e-05 	 1
2.250000 	 0.000000e+00 0.000000e+00 0.000000e+00 	 0.000000e+00 0.000000e+00 0.000000e+00 	 0.000000e+00 0.000000e+00 0.000000e+00 	 0
2.750000 	 0.000000e+00 0.000000e+00 0.000000e+00 	 0.000000e+00 0.000000e+00 0.000000e+00 	 0.000000e+00 0.000000e+00 0.000000e+00 	 0
3.250000 	 -8.296813e-04 -1.087175e-05 -1.491426e-05 	 1.808977e-06 -1.603552e-05 -3.689060e-05 	 -8.278724e-04 -2.690727e-05 -5.180486e-05 	 29
3.750000 	 -8.716446e-04 4.812325e-06 2.913397e-06 	 -1.561721e-05 -9.527240e-06 -3.803429e-06 	 -8.872618e-04 -4.714914e-06 -8.900316e-07 	 572
4.250000 	 -6.973353e-04 -3.368691e-06 -5.606780e-06 	 1.653165e-05 -8.574244e-06 2.738278e-06 	 -6.808037e-04 -1.194293e-05 -2.868502e-06 	 937
4.750000 	 -3.201240e-04 3.639493e-06 3.205374e-06 	 1.035335e-05 1.103798e-05 -3.299767e-06 	 -3.097707e-04 1.467747e-05 -9.439292e-08 	 898
5.250000 	 -1.980712e-05 3.045044e-07 2.066074e-06 	 -5.257791e-06 -8.723239e-07 2.545484e-06 	 -2.506491e-05 -5.678195e-07 4.611557e-06 	 934
5.750000 	 -1.976080e-06 -4.506744e-06 1.969188e-06 	 -8.343746e-07 -6.296416e-06 1.308011e-06 	 -2.810455e-06 -1.080316e-05 3.277199e-06 	 894
6.250000 	 5.693618e-06 -3.253572e-06 -2.337172e-07 	 1.575389e-06 3.303616e-06 2.268385e-06 	 7.269007e-06 5.004349e-08 2.034668e-06 	 913
6.750000 	 1.494868e-05 5.238066e-06 -2.976656e-06 	 -1.690088e-05 4.199037e-06 -4.264498e-06 	 -1.952204e-06 9.437102e-06 -7.241153e-06 	 894
7.250000 	 3.961568e-06 -3.952697e-06 2.870877e-06 	 1.330445e-05 -7.361472e-06 -1.430095e-06 	 1.726602e-05 -1.131417e-05 1.440783e-06 	 921
7.750000 	 -1.267768e-06 3.793224e-06 -1.535524e-06 	 -7.984541e-06 1.241123e-06 -2.465558e-06 	 -9.252309e-06 5.034346e-06 -4.001082e-06 	 843
8.250000 	 9.185012e-06 -3.994749e-06 -3.846405e-06 	 -1.334954e-06 6.578430e-06 6.760010e-06 	 7.850058e-06 2.583680e-06 2.913604e-06 	 913
8.750000 	 -1.608167e-05 5.236704e-06 -9.496689e-07 	 -2.318991e-06 -5.602970e-06 -1.019559e-06 	 -1.840066e-05 -3.662663e-07 -1.969228e-06 	 898
9.250000 	 -1.389096e-06 -2.622598e-07 1.187335e-06 	 5.110971e-06 1.717137e-06 6.710234e-06 	 3.721876e-06 1.454878e-06 7.897570e-06 	 891
9.750000 	 3.309285e-05 -1.276414e-06 -2.572056e-07 	 -5.466550e-06 3.444257e-06 3.008687e-06 	 2.762630e-05 2.167843e-06 2.751481e-06 	 909
10.250000 	 3.283028e-04 -1.219108e-06 1.005298e-06 	 1.083588e-05 4.383651e-06 -2.617156e-06 	 3.391387e-04 3.164543e-06 -1.611858e-06 	 908
10.750000 	 7.043053e-04 1.492241e-06 2.571261e-07 	 -4.223965e-06 7.057311e-06 2.210435e-06 	 7.000814e-04 8.549552e-06 2.467561e-06 	 887
11.250000 	 8.636722e-04 -2.974674e-06 1.029097e-06 	 2.011947e-05 5.378654e-06 2.847368e-06 	 8.837916e-04 2.403981e-06 3.876466e-06 	 545
11.750000 	 8.386315e-04 2.267537e-05 1.812494e-05 	 6.837398e-05 -5.107161e-06 -1.357226e-05 	 9.070054e-04 1.756821e-05 4.552679e-06 	 34
12.250000 	 0.000000e+00 0.000000e+00 0.000000e+00 	 0.000000e+00 0.000000e+00 0.000000e+00 	 0.000000e+00 0.000000e+00 0.000000e+00 	 0
12.750000 	 -2.516315e-05 -6.527711e-05 -1.333345e-04 	 -2.754510e-05 -2.190230e-04 -3.233117e-05 	 -5.270825e-05 -2.843001e-04 -1.656657e-04 	 1
13.250000 	 -6.157411e-05 7.178132e-05 -1.975318e-05 	 -2.894877e-05 4.660944e-05 1.040258e-04 	 -9.052289e-05 1.183908e-04 8.427258e-05 	 1
13.750000 	 0.000000e+00 0.000000e+00 0.000000e+00 	 0.000000e+00 0.000000e+00 0.000000e+00 	 0.000000e+00 0.000000e+00 0.000000e+00 	 0
14.250000 	 0.000000e+00 0.000000e+00 0.000000e+00 	 0.000000e+00 0.000000e+00 0.000000e+00 	 0.000000e+00 0.000000e+00 0.000000e+00 	 0
14.750000 	 0.000000e+00 0.000000e+00 0.000000e+00 	 0.000000e+00 0.000000e+00 0.000000e+00 	 0.000000e+00 0.000000e+00 0.000000e+00 	 0
