# 1  2-4    5-7    8-10   11     
# x  dirEF  recEF  sumEF  #Sample
0.250000 	 0.000000e+00 0.000000e+00 0.000000e+00 	 0.000000e+00 0.000000e+00 0.000000e+00 	 0.000000e+00 0.000000e+00 0.000000e+00 	 0
0.750000 	 0.000000e+00 0.000000e+00 0.000000e+00 	 0.000000e+00 0.000000e+00 0.000000e+00 	 0.000000e+00 0.000000e+00 0.000000e+00 	 0
1.250000 	 0.000000e+00 0.000000e+00 0.000000e+00 	 0.000000e+00 0.000000e+00 0.000000e+00 	 0.000000e+00 0.000000e+00 0.000000e+00 	 0
1.750000 	 0.000000e+00 0.000000e+00 0.000000e+00 	 0.000000e+00 0.000000e+00 0.000000e+00 	 0.000000e+00 0.000000e+00 0.000000e+00 	 0
2.250000 	 0.000000e+00 0.000000e+00 0.000000e+00 	 0.000000e+00 0.000000e+00 0.000000e+00 	 0.000000e+00 0.000000e+00 0.000000e+00 	 0
2.750000 	 0.000000e+00 0.000000e+00 0.000000e+00 	 0.000000e+00 0.000000e+00 0.000000e+00 	 0.000000e+00 0.000000e+00 0.000000e+00 	 0
3.250000 	 -8.016292e-04 4.939512e-06 -9.049901e-06 	 7.706196e-06 -7.972761e-06 -5.392632e-06 	 -7.939230e-04 -3.033249e-06 -1.444253e-05 	 36
3.750000 	 -8.508826e-04 7.898296e-07 -2.460518e-06 	 -2.535279e-05 -1.739459e-06 1.533277e-06 	 -8.762354e-04 -9.496297e-07 -9.272414e-07 	 539
4.250000 	 -7.072224e-04 -4.967395e-07 -3.096547e-06 	 2.642643e-05 -6.237088e-08 5.007570e-07 	 -6.807959e-04 -5.591104e-07 -2.595790e-06 	 844
4.750000 	 -3.422903e-04 -1.690124e-06 1.476672e-06 	 -9.380344e-06 5.027994e-07 2.720453e-07 	 -3.516706e-04 -1.187325e-06 1.748717e-06 	 939
5.250000 	 -4.599654e-05 -3.058792e-08 1.955073e-06 	 2.223482e-07 4.064711e-07 7.463849e-07 	 -4.577419e-05 3.758832e-07 2.701458e-06 	 887
5.750000 	 -5.180830e-06 -1.927928e-07 -5.722310e-07 	 -1.124388e-07 -9.281336e-07 -3.336001e-07 	 -5.293269e-06 -1.120926e-06 -9.058311e-07 	 911
6.250000 	 -8.590049e-06 -9.147275e-07 -1.486662e-06 	 3.297228e-06 7.085839e-08 -5.631891e-07 	 -5.292821e-06 -8.438691e-07 -2.049851e-06 	 909
6.750000 	 5.667812e-06 -2.003167e-06 3.212655e-06 	 -4.783408e-06 3.271605e-07 -7.062215e-07 	 8.844043e-07 -1.676007e-06 2.506433e-06 	 887
7.250000 	 4.609648e-06 1.131770e-06 -3.689936e-07 	 -1.222761e-06 4.852893e-07 1.760374e-06 	 3.386886e-06 1.617059e-06 1.391381e-06 	 929
7.750000 	 -4.557369e-06 7.646354e-07 5.709372e-07 	 4.893643e-06 -2.620380e-06 -1.196130e-06 	 3.362744e-07 -1.855744e-06 -6.251931e-07 	 906
8.250000 	 1.188014e-05 -8.050457e-07 -2.063805e-06 	 -2.870466e-06 2.052285e-06 1.589850e-07 	 9.009669e-06 1.247239e-06 -1.904820e-06 	 868
8.750000 	 -5.747240e-06 -2.409705e-07 7.300534e-08 	 3.807408e-06 -2.558502e-07 4.442794e-08 	 -1.939833e-06 -4.968207e-07 1.174333e-07 	 926
9.250000 	 -1.631197e-05 -5.369266e-07 1.698898e-06 	 1.828169e-06 1.498750e-07 -3.458125e-07 	 -1.448380e-05 -3.870516e-07 1.353085e-06 	 924
9.750000 	 4.019784e-05 6.469304e-07 8.722894e-07 	 -3.571320e-06 1.391144e-06 -3.012439e-07 	 3.662652e-05 2.038074e-06 5.710455e-07 	 916
10.250000 	 3.343875e-04 2.945762e-07 -2.964202e-07 	 2.837252e-06 -1.853344e-06 9.843213e-07 	 3.372247e-04 -1.558768e-06 6.879011e-07 	 892
10.750000 	 7.030672e-04 2.216536e-06 1.484674e-08 	 -1.295078e-05 6.936170e-07 -1.185521e-06 	 6.901164e-04 2.910153e-06 -1.170674e-06 	 896
11.250000 	 8.577571e-04 -1.864834e-06 -2.903239e-07 	 1.309410e-05 -1.719363e-06 -9.786789e-07 	 8.708512e-04 -3.584197e-06 -1.269003e-06 	 575
11.750000 	 8.468802e-04 -1.014506e-05 1.374988e-05 	 1.377503e-05 1.889212e-05 7.688695e-06 	 8.606552e-04 8.747050e-06 2.143857e-05 	 40
12.250000 	 0.000000e+00 0.000000e+00 0.000000e+00 	 0.000000e+00 0.000000e+00 0.000000e+00 	 0.000000e+00 0.000000e+00 0.000000e+00 	 0
12.750000 	 0.000000e+00 0.000000e+00 0.000000e+00 	 0.000000e+00 0.000000e+00 0.000000e+00 	 0.000000e+00 0.000000e+00 0.000000e+00 	 0
13.250000 	 0.000000e+00 0.000000e+00 0.000000e+00 	 0.000000e+00 0.000000e+00 0.000000e+00 	 0.000000e+00 0.000000e+00 0.000000e+00 	 0
13.750000 	 0.000000e+00 0.000000e+00 0.000000e+00 	 0.000000e+00 0.000000e+00 0.000000e+00 	 0.000000e+00 0.000000e+00 0.000000e+00 	 0
14.250000 	 0.000000e+00 0.000000e+00 0.000000e+00 	 0.000000e+00 0.000000e+00 0.000000e+00 	 0.000000e+00 0.000000e+00 0.000000e+00 	 0
14.750000 	 0.000000e+00 0.000000e+00 0.000000e+00 	 0.000000e+00 0.000000e+00 0.000000e+00 	 0.000000e+00 0.000000e+00 0.000000e+00 	 0
