# 1  2-4    5-7    8-10   11     
# x  dirEF  recEF  sumEF  #Sample
0.250000 	 0.000000e+00 0.000000e+00 0.000000e+00 	 0.000000e+00 0.000000e+00 0.000000e+00 	 0.000000e+00 0.000000e+00 0.000000e+00 	 0
0.750000 	 0.000000e+00 0.000000e+00 0.000000e+00 	 0.000000e+00 0.000000e+00 0.000000e+00 	 0.000000e+00 0.000000e+00 0.000000e+00 	 0
1.250000 	 0.000000e+00 0.000000e+00 0.000000e+00 	 0.000000e+00 0.000000e+00 0.000000e+00 	 0.000000e+00 0.000000e+00 0.000000e+00 	 0
1.750000 	 0.000000e+00 0.000000e+00 0.000000e+00 	 0.000000e+00 0.000000e+00 0.000000e+00 	 0.000000e+00 0.000000e+00 0.000000e+00 	 0
2.250000 	 0.000000e+00 0.000000e+00 0.000000e+00 	 0.000000e+00 0.000000e+00 0.000000e+00 	 0.000000e+00 0.000000e+00 0.000000e+00 	 0
2.750000 	 -3.047654e-04 -3.866285e-05 -1.831251e-05 	 -6.549615e-05 5.960755e-05 -1.170335e-04 	 -3.702616e-04 2.094470e-05 -1.353461e-04 	 1
3.250000 	 -8.351095e-04 -1.908300e-05 3.562356e-07 	 -4.555669e-05 -3.744340e-06 3.401394e-05 	 -8.806662e-04 -2.282734e-05 3.437018e-05 	 40
3.750000 	 -8.385157e-04 -4.538253e-06 -2.587652e-06 	 -7.676949e-06 -1.607870e-06 8.872442e-06 	 -8.461926e-04 -6.146124e-06 6.284790e-06 	 558
4.250000 	 -6.999406e-04 -1.565041e-06 1.927579e-06 	 8.414062e-06 -5.645116e-06 -2.905527e-06 	 -6.915266e-04 -7.210157e-06 -9.779480e-07 	 888
4.750000 	 -3.453598e-04 8.228760e-06 -4.906464e-07 	 5.420739e-06 -1.084922e-07 7.911704e-06 	 -3.399390e-04 8.120268e-06 7.421058e-06 	 875
5.250000 	 -4.086343e-05 -5.157532e-07 1.513755e-06 	 1.588856e-06 4.091739e-07 -1.791586e-06 	 -3.927458e-05 -1.065792e-07 -2.778309e-07 	 939
5.750000 	 -9.700079e-06 -2.743838e-06 -1.853965e-06 	 6.541778e-06 -3.506915e-06 3.773507e-06 	 -3.158301e-06 -6.250753e-06 1.919542e-06 	 928
6.250000 	 -6.993847e-06 -5.754460e-06 -2.724222e-06 	 -5.953686e-06 1.614968e-06 5.377820e-06 	 -1.294753e-05 -4.139492e-06 2.653598e-06 	 874
6.750000 	 -9.584203e-07 2.901329e-06 -1.144233e-06 	 7.029296e-06 8.126522e-07 -6.213259e-07 	 6.070875e-06 3.713981e-06 -1.765559e-06 	 926
7.250000 	 1.494150e-06 6.288309e-06 4.683447e-08 	 -3.563730e-06 -7.095252e-06 -2.094527e-06 	 -2.069579e-06 -8.069424e-07 -2.047692e-06 	 917
7.750000 	 5.266480e-06 -4.008426e-06 4.461173e-06 	 -6.661151e-06 -6.442367e-06 3.687083e-06 	 -1.394672e-06 -1.045079e-05 8.148256e-06 	 914
8.250000 	 1.632436e-05 5.708995e-06 9.757110e-07 	 3.748682e-06 -4.572355e-06 -3.899099e-06 	 2.007304e-05 1.136640e-06 -2.923388e-06 	 916
8.750000 	 2.156940e-05 -3.635717e-06 -2.993726e-06 	 9.380866e-06 5.465971e-06 -4.133815e-06 	 3.095026e-05 1.830255e-06 -7.127540e-06 	 899
9.250000 	 8.606815e-06 -2.056035e-06 3.209544e-06 	 2.939596e-06 -3.442792e-06 -1.468612e-06 	 1.154641e-05 -5.498827e-06 1.740933e-06 	 896
9.750000 	 2.664140e-05 1.523847e-06 5.902078e-07 	 -9.751869e-06 5.165062e-06 5.258238e-06 	 1.688953e-05 6.688909e-06 5.848446e-06 	 867
10.250000 	 3.298987e-04 2.346557e-06 -1.964638e-06 	 1.032707e-05 -1.529233e-06 -5.361957e-07 	 3.402258e-04 8.173241e-07 -2.500834e-06 	 899
10.750000 	 6.975303e-04 -1.938580e-06 -2.061131e-06 	 -1.678922e-06 2.452259e-06 -2.126130e-07 	 6.958514e-04 5.136792e-07 -2.273745e-06 	 892
11.250000 	 8.507787e-04 -1.468688e-06 5.256237e-06 	 1.616724e-05 6.037740e-08 -8.554178e-07 	 8.669459e-04 -1.408311e-06 4.400819e-06 	 557
11.750000 	 8.275951e-04 -9.171620e-06 3.896978e-06 	 4.617765e-05 -4.260542e-05 -4.686862e-07 	 8.737727e-04 -5.177704e-05 3.428292e-06 	 37
12.250000 	 0.000000e+00 0.000000e+00 0.000000e+00 	 0.000000e+00 0.000000e+00 0.000000e+00 	 0.000000e+00 0.000000e+00 0.000000e+00 	 0
12.750000 	 0.000000e+00 0.000000e+00 0.000000e+00 	 0.000000e+00 0.000000e+00 0.000000e+00 	 0.000000e+00 0.000000e+00 0.000000e+00 	 0
13.250000 	 8.118747e-05 3.451025e-05 -1.953322e-05 	 -1.896747e-05 1.444125e-05 1.746274e-04 	 6.222000e-05 4.895150e-05 1.550941e-04 	 1
13.750000 	 0.000000e+00 0.000000e+00 0.000000e+00 	 0.000000e+00 0.000000e+00 0.000000e+00 	 0.000000e+00 0.000000e+00 0.000000e+00 	 0
14.250000 	 0.000000e+00 0.000000e+00 0.000000e+00 	 0.000000e+00 0.000000e+00 0.000000e+00 	 0.000000e+00 0.000000e+00 0.000000e+00 	 0
14.750000 	 0.000000e+00 0.000000e+00 0.000000e+00 	 0.000000e+00 0.000000e+00 0.000000e+00 	 0.000000e+00 0.000000e+00 0.000000e+00 	 0
