# 1  2-4    5-7    8-10   11     
# x  dirEF  recEF  sumEF  #Sample
0.250000 	 -1.029250e-05 6.268897e-05 1.001525e-04 	 -7.820454e-05 -5.052540e-05 -3.698281e-05 	 -8.849704e-05 1.216357e-05 6.316966e-05 	 1
0.750000 	 0.000000e+00 0.000000e+00 0.000000e+00 	 0.000000e+00 0.000000e+00 0.000000e+00 	 0.000000e+00 0.000000e+00 0.000000e+00 	 0
1.250000 	 0.000000e+00 0.000000e+00 0.000000e+00 	 0.000000e+00 0.000000e+00 0.000000e+00 	 0.000000e+00 0.000000e+00 0.000000e+00 	 0
1.750000 	 0.000000e+00 0.000000e+00 0.000000e+00 	 0.000000e+00 0.000000e+00 0.000000e+00 	 0.000000e+00 0.000000e+00 0.000000e+00 	 0
2.250000 	 0.000000e+00 0.000000e+00 0.000000e+00 	 0.000000e+00 0.000000e+00 0.000000e+00 	 0.000000e+00 0.000000e+00 0.000000e+00 	 0
2.750000 	 0.000000e+00 0.000000e+00 0.000000e+00 	 0.000000e+00 0.000000e+00 0.000000e+00 	 0.000000e+00 0.000000e+00 0.000000e+00 	 0
3.250000 	 -8.361410e-04 1.590050e-05 1.023276e-05 	 7.897069e-06 -1.034279e-05 -1.807962e-06 	 -8.282440e-04 5.557711e-06 8.424795e-06 	 33
3.750000 	 -8.456877e-04 1.477450e-07 1.311290e-06 	 -2.472977e-05 -3.021934e-06 1.065538e-06 	 -8.704175e-04 -2.874189e-06 2.376828e-06 	 562
4.250000 	 -6.885179e-04 1.913543e-06 -7.526007e-07 	 2.105678e-05 4.876067e-07 -2.964937e-07 	 -6.674611e-04 2.401149e-06 -1.049094e-06 	 896
4.750000 	 -3.095535e-04 4.013197e-06 5.687411e-07 	 -7.558124e-06 1.555571e-06 2.884779e-07 	 -3.171116e-04 5.568768e-06 8.572190e-07 	 881
5.250000 	 -2.235146e-05 -5.783340e-06 -9.490761e-07 	 2.502391e-06 -1.148235e-06 7.414331e-07 	 -1.984907e-05 -6.931574e-06 -2.076430e-07 	 872
5.750000 	 -1.031339e-05 1.061178e-06 -5.465360e-06 	 -1.392637e-06 8.990703e-07 -9.364341e-09 	 -1.170603e-05 1.960248e-06 -5.474724e-06 	 867
6.250000 	 -1.650196e-05 1.188305e-06 2.439682e-06 	 3.477759e-07 -1.242072e-06 2.694525e-07 	 -1.615418e-05 -5.376723e-08 2.709135e-06 	 883
6.750000 	 -2.595604e-05 -3.789915e-06 3.500709e-07 	 2.913696e-06 1.606437e-06 -1.667891e-06 	 -2.304234e-05 -2.183478e-06 -1.317820e-06 	 919
7.250000 	 -6.415947e-06 -1.900183e-06 2.224765e-06 	 -4.719924e-06 -1.718788e-07 -3.574881e-07 	 -1.113587e-05 -2.072062e-06 1.867277e-06 	 895
7.750000 	 -4.469383e-06 4.340410e-06 -7.702013e-07 	 1.297430e-06 -5.576439e-07 8.256590e-07 	 -3.171954e-06 3.782766e-06 5.545768e-08 	 934
8.250000 	 -1.423737e-05 2.228229e-06 -6.580602e-06 	 -1.106255e-06 1.053903e-06 9.330308e-07 	 -1.534363e-05 3.282132e-06 -5.647571e-06 	 893
8.750000 	 -7.084721e-06 2.285915e-08 1.294832e-06 	 4.626237e-06 -4.709269e-07 -9.056913e-07 	 -2.458484e-06 -4.480677e-07 3.891411e-07 	 930
9.250000 	 -3.301714e-06 -3.952992e-06 1.794485e-06 	 -4.252768e-06 4.211502e-07 7.627069e-08 	 -7.554481e-06 -3.531841e-06 1.870756e-06 	 931
9.750000 	 3.775918e-05 1.669580e-06 1.256005e-06 	 2.553911e-06 -7.568146e-07 4.795199e-07 	 4.031309e-05 9.127655e-07 1.735525e-06 	 930
10.250000 	 3.407514e-04 -3.433647e-07 -3.264093e-06 	 1.193140e-06 4.849527e-07 -3.105340e-07 	 3.419446e-04 1.415880e-07 -3.574627e-06 	 947
10.750000 	 7.222792e-04 -9.956488e-08 1.737224e-06 	 -1.505559e-05 -6.820716e-07 7.306356e-07 	 7.072236e-04 -7.816365e-07 2.467859e-06 	 883
11.250000 	 8.658974e-04 6.939644e-07 2.909347e-06 	 1.949502e-05 1.146076e-06 -1.102427e-06 	 8.853925e-04 1.840040e-06 1.806920e-06 	 521
11.750000 	 8.200404e-04 -2.175776e-05 7.277269e-06 	 8.420994e-06 -1.731950e-06 -1.044755e-05 	 8.284614e-04 -2.348971e-05 -3.170277e-06 	 45
12.250000 	 0.000000e+00 0.000000e+00 0.000000e+00 	 0.000000e+00 0.000000e+00 0.000000e+00 	 0.000000e+00 0.000000e+00 0.000000e+00 	 0
12.750000 	 0.000000e+00 0.000000e+00 0.000000e+00 	 0.000000e+00 0.000000e+00 0.000000e+00 	 0.000000e+00 0.000000e+00 0.000000e+00 	 0
13.250000 	 0.000000e+00 0.000000e+00 0.000000e+00 	 0.000000e+00 0.000000e+00 0.000000e+00 	 0.000000e+00 0.000000e+00 0.000000e+00 	 0
13.750000 	 0.000000e+00 0.000000e+00 0.000000e+00 	 0.000000e+00 0.000000e+00 0.000000e+00 	 0.000000e+00 0.000000e+00 0.000000e+00 	 0
14.250000 	 7.439487e-05 1.265038e-04 -1.032856e-04 	 -4.295368e-05 -1.001061e-05 4.890624e-05 	 3.144119e-05 1.164932e-04 -5.437933e-05 	 1
14.750000 	 0.000000e+00 0.000000e+00 0.000000e+00 	 0.000000e+00 0.000000e+00 0.000000e+00 	 0.000000e+00 0.000000e+00 0.000000e+00 	 0
