# 1  2-4    5-7    8-10   11     
# x  dirEF  recEF  sumEF  #Sample
0.250000 	 0.000000e+00 0.000000e+00 0.000000e+00 	 0.000000e+00 0.000000e+00 0.000000e+00 	 0.000000e+00 0.000000e+00 0.000000e+00 	 0
0.750000 	 0.000000e+00 0.000000e+00 0.000000e+00 	 0.000000e+00 0.000000e+00 0.000000e+00 	 0.000000e+00 0.000000e+00 0.000000e+00 	 0
1.250000 	 0.000000e+00 0.000000e+00 0.000000e+00 	 0.000000e+00 0.000000e+00 0.000000e+00 	 0.000000e+00 0.000000e+00 0.000000e+00 	 0
1.750000 	 0.000000e+00 0.000000e+00 0.000000e+00 	 0.000000e+00 0.000000e+00 0.000000e+00 	 0.000000e+00 0.000000e+00 0.000000e+00 	 0
2.250000 	 0.000000e+00 0.000000e+00 0.000000e+00 	 0.000000e+00 0.000000e+00 0.000000e+00 	 0.000000e+00 0.000000e+00 0.000000e+00 	 0
2.750000 	 0.000000e+00 0.000000e+00 0.000000e+00 	 0.000000e+00 0.000000e+00 0.000000e+00 	 0.000000e+00 0.000000e+00 0.000000e+00 	 0
3.250000 	 -8.523141e-04 -1.193884e-05 -1.883256e-05 	 8.177544e-06 2.965529e-06 -7.479099e-07 	 -8.441365e-04 -8.973309e-06 -1.958047e-05 	 31
3.750000 	 -8.557174e-04 -6.132394e-07 -1.462638e-06 	 -2.409931e-05 -2.701547e-07 8.000552e-07 	 -8.798167e-04 -8.833941e-07 -6.625826e-07 	 579
4.250000 	 -6.874252e-04 1.646589e-06 -2.303212e-07 	 2.331210e-05 -2.322907e-07 -1.563684e-06 	 -6.641131e-04 1.414298e-06 -1.794006e-06 	 958
4.750000 	 -2.969031e-04 -1.739267e-08 3.231815e-06 	 -6.201412e-06 2.227083e-07 -1.254493e-06 	 -3.031045e-04 2.053156e-07 1.977322e-06 	 925
5.250000 	 4.187940e-06 -1.858809e-06 -2.035789e-06 	 -3.145910e-06 -3.673364e-08 9.374824e-07 	 1.042030e-06 -1.895543e-06 -1.098307e-06 	 857
5.750000 	 3.616490e-06 4.505368e-06 -1.472601e-06 	 3.947029e-06 5.728815e-07 5.143857e-08 	 7.563519e-06 5.078249e-06 -1.421162e-06 	 885
6.250000 	 -1.446699e-05 -2.274891e-06 1.221886e-06 	 -3.683083e-06 6.561787e-07 1.426443e-06 	 -1.815008e-05 -1.618712e-06 2.648329e-06 	 848
6.750000 	 -1.950487e-05 4.341837e-06 5.574947e-06 	 -1.082276e-07 -1.172186e-06 -1.385127e-06 	 -1.961310e-05 3.169650e-06 4.189820e-06 	 915
7.250000 	 -2.980625e-05 -5.596166e-06 -2.553594e-06 	 1.633481e-06 4.642889e-07 1.094963e-06 	 -2.817277e-05 -5.131877e-06 -1.458630e-06 	 907
7.750000 	 -9.999177e-06 5.259879e-06 1.456737e-08 	 1.279540e-06 4.421983e-07 9.319538e-09 	 -8.719637e-06 5.702078e-06 2.388691e-08 	 914
8.250000 	 3.815480e-06 1.095219e-06 -6.039285e-06 	 -3.131465e-06 -6.148315e-08 -8.143417e-07 	 6.840151e-07 1.033736e-06 -6.853626e-06 	 913
8.750000 	 2.291436e-05 -7.173862e-07 2.867273e-06 	 4.278819e-06 -3.817963e-07 6.406151e-07 	 2.719318e-05 -1.099182e-06 3.507888e-06 	 972
9.250000 	 1.818181e-05 -2.380403e-06 4.711786e-06 	 -6.318127e-06 3.836897e-07 -1.135643e-07 	 1.186368e-05 -1.996713e-06 4.598222e-06 	 862
9.750000 	 4.366741e-05 -4.748877e-07 -4.855871e-06 	 5.025809e-06 1.373392e-06 -4.364268e-07 	 4.869321e-05 8.985044e-07 -5.292298e-06 	 861
10.250000 	 3.188150e-04 -1.140471e-06 -4.481304e-07 	 3.356716e-06 -6.706139e-07 7.596675e-07 	 3.221717e-04 -1.811085e-06 3.115371e-07 	 910
10.750000 	 6.924302e-04 6.171296e-07 -4.109750e-07 	 -1.687262e-05 6.453578e-07 2.420137e-07 	 6.755576e-04 1.262487e-06 -1.689613e-07 	 914
11.250000 	 8.518202e-04 7.217569e-07 -1.528572e-06 	 1.895665e-05 -2.413739e-06 -1.837222e-06 	 8.707768e-04 -1.691982e-06 -3.365795e-06 	 532
11.750000 	 8.099438e-04 1.111184e-05 7.085532e-06 	 -2.594760e-06 -1.497288e-05 -4.908167e-07 	 8.073490e-04 -3.861034e-06 6.594715e-06 	 41
12.250000 	 0.000000e+00 0.000000e+00 0.000000e+00 	 0.000000e+00 0.000000e+00 0.000000e+00 	 0.000000e+00 0.000000e+00 0.000000e+00 	 0
12.750000 	 0.000000e+00 0.000000e+00 0.000000e+00 	 0.000000e+00 0.000000e+00 0.000000e+00 	 0.000000e+00 0.000000e+00 0.000000e+00 	 0
13.250000 	 0.000000e+00 0.000000e+00 0.000000e+00 	 0.000000e+00 0.000000e+00 0.000000e+00 	 0.000000e+00 0.000000e+00 0.000000e+00 	 0
13.750000 	 0.000000e+00 0.000000e+00 0.000000e+00 	 0.000000e+00 0.000000e+00 0.000000e+00 	 0.000000e+00 0.000000e+00 0.000000e+00 	 0
14.250000 	 0.000000e+00 0.000000e+00 0.000000e+00 	 0.000000e+00 0.000000e+00 0.000000e+00 	 0.000000e+00 0.000000e+00 0.000000e+00 	 0
14.750000 	 0.000000e+00 0.000000e+00 0.000000e+00 	 0.000000e+00 0.000000e+00 0.000000e+00 	 0.000000e+00 0.000000e+00 0.000000e+00 	 0
