# 1  2-4    5-7    8-10   11     
# x  dirEF  recEF  sumEF  #Sample
0.250000 	 0.000000e+00 0.000000e+00 0.000000e+00 	 0.000000e+00 0.000000e+00 0.000000e+00 	 0.000000e+00 0.000000e+00 0.000000e+00 	 0
0.750000 	 6.946617e-05 -2.844012e-05 5.911641e-05 	 1.791450e-05 -9.142733e-06 2.033845e-05 	 8.738067e-05 -3.758286e-05 7.945486e-05 	 1
1.250000 	 0.000000e+00 0.000000e+00 0.000000e+00 	 0.000000e+00 0.000000e+00 0.000000e+00 	 0.000000e+00 0.000000e+00 0.000000e+00 	 0
1.750000 	 0.000000e+00 0.000000e+00 0.000000e+00 	 0.000000e+00 0.000000e+00 0.000000e+00 	 0.000000e+00 0.000000e+00 0.000000e+00 	 0
2.250000 	 0.000000e+00 0.000000e+00 0.000000e+00 	 0.000000e+00 0.000000e+00 0.000000e+00 	 0.000000e+00 0.000000e+00 0.000000e+00 	 0
2.750000 	 0.000000e+00 0.000000e+00 0.000000e+00 	 0.000000e+00 0.000000e+00 0.000000e+00 	 0.000000e+00 0.000000e+00 0.000000e+00 	 0
3.250000 	 -8.610530e-04 3.571696e-06 1.578514e-05 	 -1.628379e-05 6.815517e-09 4.657917e-06 	 -8.773368e-04 3.578512e-06 2.044305e-05 	 48
3.750000 	 -8.741745e-04 2.489504e-06 9.596349e-08 	 -1.603229e-05 2.480833e-07 3.526921e-07 	 -8.902068e-04 2.737587e-06 4.486556e-07 	 585
4.250000 	 -7.038147e-04 3.270954e-06 -1.206977e-06 	 1.627149e-05 2.493925e-07 1.193960e-06 	 -6.875432e-04 3.520347e-06 -1.301678e-08 	 940
4.750000 	 -3.106637e-04 -5.672967e-06 5.827492e-07 	 -6.353103e-06 -4.355566e-07 -1.039074e-06 	 -3.170168e-04 -6.108524e-06 -4.563253e-07 	 916
5.250000 	 3.348118e-07 -1.276857e-06 1.583675e-06 	 2.819544e-06 -4.126550e-07 -7.641540e-08 	 3.154356e-06 -1.689512e-06 1.507260e-06 	 878
5.750000 	 6.490695e-06 4.292379e-06 -3.439101e-06 	 -1.001633e-06 -6.426522e-07 7.403927e-07 	 5.489062e-06 3.649727e-06 -2.698708e-06 	 883
6.250000 	 -1.643512e-05 -4.620731e-06 1.487210e-06 	 -8.960026e-07 -1.073726e-07 -1.968477e-06 	 -1.733112e-05 -4.728103e-06 -4.812667e-07 	 847
6.750000 	 -2.075881e-05 5.892892e-06 -2.115216e-06 	 -2.489099e-06 -5.816678e-07 1.470209e-07 	 -2.324791e-05 5.311225e-06 -1.968195e-06 	 899
7.250000 	 -1.938009e-05 -5.850165e-06 4.841420e-06 	 6.008731e-06 1.946410e-06 9.321674e-07 	 -1.337135e-05 -3.903756e-06 5.773588e-06 	 925
7.750000 	 -3.575601e-06 3.920523e-06 4.080440e-06 	 -7.060374e-06 -3.443985e-06 1.008396e-06 	 -1.063597e-05 4.765381e-07 5.088837e-06 	 912
8.250000 	 1.363350e-05 3.152400e-08 -5.348804e-06 	 4.057704e-06 3.062150e-06 -2.052555e-06 	 1.769120e-05 3.093674e-06 -7.401359e-06 	 902
8.750000 	 1.435646e-05 -3.758050e-06 -2.039874e-06 	 -2.744802e-06 7.560854e-07 1.137721e-07 	 1.161166e-05 -3.001965e-06 -1.926102e-06 	 916
9.250000 	 9.899951e-06 2.449824e-06 7.745314e-07 	 5.632608e-06 -5.560813e-07 7.067447e-07 	 1.553256e-05 1.893743e-06 1.481276e-06 	 890
9.750000 	 3.345046e-05 -1.448325e-06 1.778111e-06 	 -2.078842e-06 -8.838455e-07 5.392370e-07 	 3.137162e-05 -2.332171e-06 2.317348e-06 	 878
10.250000 	 3.254051e-04 6.467583e-07 -2.253374e-06 	 4.123147e-06 -3.109774e-07 -2.262510e-07 	 3.295282e-04 3.357809e-07 -2.479625e-06 	 873
10.750000 	 6.800022e-04 -2.336306e-07 -1.463797e-06 	 -1.916401e-05 4.772037e-07 -2.832517e-07 	 6.608382e-04 2.435731e-07 -1.747048e-06 	 944
11.250000 	 8.466394e-04 4.127680e-06 5.630333e-06 	 2.265855e-05 -1.141473e-06 -5.155091e-07 	 8.692980e-04 2.986207e-06 5.114824e-06 	 541
11.750000 	 8.511949e-04 -6.677159e-06 -9.937032e-06 	 -7.508847e-06 4.345631e-06 -2.587989e-06 	 8.436860e-04 -2.331527e-06 -1.252502e-05 	 44
12.250000 	 0.000000e+00 0.000000e+00 0.000000e+00 	 0.000000e+00 0.000000e+00 0.000000e+00 	 0.000000e+00 0.000000e+00 0.000000e+00 	 0
12.750000 	 0.000000e+00 0.000000e+00 0.000000e+00 	 0.000000e+00 0.000000e+00 0.000000e+00 	 0.000000e+00 0.000000e+00 0.000000e+00 	 0
13.250000 	 -7.831703e-05 -1.873626e-05 -1.483419e-05 	 -3.665267e-05 6.252156e-05 -7.135901e-05 	 -1.149697e-04 4.378530e-05 -8.619320e-05 	 1
13.750000 	 0.000000e+00 0.000000e+00 0.000000e+00 	 0.000000e+00 0.000000e+00 0.000000e+00 	 0.000000e+00 0.000000e+00 0.000000e+00 	 0
14.250000 	 -9.899096e-05 -1.053951e-04 -3.676069e-06 	 6.980124e-05 1.061885e-05 9.940898e-06 	 -2.918971e-05 -9.477621e-05 6.264829e-06 	 1
14.750000 	 0.000000e+00 0.000000e+00 0.000000e+00 	 0.000000e+00 0.000000e+00 0.000000e+00 	 0.000000e+00 0.000000e+00 0.000000e+00 	 0
