# 1  2-4    5-7    8-10   11     
# x  dirEF  recEF  sumEF  #Sample
0.250000 	 -1.582455e-05 5.064154e-05 4.815972e-05 	 1.625438e-05 -3.710620e-06 4.052800e-05 	 4.298296e-07 4.693092e-05 8.868772e-05 	 1
0.750000 	 0.000000e+00 0.000000e+00 0.000000e+00 	 0.000000e+00 0.000000e+00 0.000000e+00 	 0.000000e+00 0.000000e+00 0.000000e+00 	 0
1.250000 	 0.000000e+00 0.000000e+00 0.000000e+00 	 0.000000e+00 0.000000e+00 0.000000e+00 	 0.000000e+00 0.000000e+00 0.000000e+00 	 0
1.750000 	 0.000000e+00 0.000000e+00 0.000000e+00 	 0.000000e+00 0.000000e+00 0.000000e+00 	 0.000000e+00 0.000000e+00 0.000000e+00 	 0
2.250000 	 0.000000e+00 0.000000e+00 0.000000e+00 	 0.000000e+00 0.000000e+00 0.000000e+00 	 0.000000e+00 0.000000e+00 0.000000e+00 	 0
2.750000 	 0.000000e+00 0.000000e+00 0.000000e+00 	 0.000000e+00 0.000000e+00 0.000000e+00 	 0.000000e+00 0.000000e+00 0.000000e+00 	 0
3.250000 	 -8.718742e-04 4.872387e-06 6.529835e-06 	 9.747847e-06 -6.691885e-06 -6.129288e-06 	 -8.621263e-04 -1.819498e-06 4.005470e-07 	 38
3.750000 	 -8.665760e-04 -6.754050e-08 3.072741e-06 	 -2.069117e-05 -4.067087e-08 -5.431101e-07 	 -8.872671e-04 -1.082114e-07 2.529631e-06 	 549
4.250000 	 -7.065168e-04 2.205777e-06 -4.039976e-07 	 1.573111e-05 -5.594339e-07 1.086234e-06 	 -6.907857e-04 1.646343e-06 6.822361e-07 	 918
4.750000 	 -3.295363e-04 4.596668e-07 -4.210723e-06 	 -2.620619e-06 4.995339e-07 1.416558e-08 	 -3.321570e-04 9.592007e-07 -4.196557e-06 	 881
5.250000 	 -1.919572e-05 3.838588e-06 -2.594435e-06 	 -5.879161e-07 -5.206720e-07 -1.362766e-06 	 -1.978364e-05 3.317916e-06 -3.957201e-06 	 904
5.750000 	 1.648724e-06 -5.976542e-07 7.452871e-06 	 -5.415724e-07 -6.946490e-07 1.490887e-06 	 1.107151e-06 -1.292303e-06 8.943758e-06 	 917
6.250000 	 -1.364300e-05 -2.450705e-06 -3.123249e-06 	 3.385226e-06 5.253151e-07 -1.199674e-06 	 -1.025778e-05 -1.925390e-06 -4.322923e-06 	 860
6.750000 	 -1.014898e-05 -3.646346e-06 3.506538e-06 	 -2.368208e-06 7.697207e-07 1.079353e-07 	 -1.251719e-05 -2.876626e-06 3.614474e-06 	 903
7.250000 	 -2.178605e-05 1.979916e-06 -2.278721e-06 	 -1.918418e-06 -1.318841e-06 1.068307e-06 	 -2.370447e-05 6.610754e-07 -1.210414e-06 	 908
7.750000 	 -1.260759e-05 1.925237e-06 -2.733733e-06 	 -3.134717e-07 1.033011e-06 -8.957741e-07 	 -1.292106e-05 2.958248e-06 -3.629507e-06 	 898
8.250000 	 1.517229e-05 -3.306512e-06 7.388749e-07 	 1.382236e-06 -1.561736e-06 -1.891073e-07 	 1.655453e-05 -4.868248e-06 5.497676e-07 	 952
8.750000 	 1.830771e-05 -1.369872e-06 1.746762e-06 	 3.834829e-07 1.641376e-06 1.740757e-07 	 1.869119e-05 2.715048e-07 1.920837e-06 	 924
9.250000 	 8.814120e-06 4.091304e-06 -1.652885e-06 	 -1.789159e-06 -1.062566e-06 -6.221130e-07 	 7.024961e-06 3.028738e-06 -2.274998e-06 	 874
9.750000 	 3.494543e-05 2.492971e-06 1.277285e-07 	 7.901195e-07 -2.177190e-07 -1.323029e-07 	 3.573555e-05 2.275252e-06 -4.574311e-09 	 850
10.250000 	 3.077937e-04 -2.258338e-07 3.247842e-06 	 9.032651e-06 8.151505e-07 -5.702836e-07 	 3.168263e-04 5.893167e-07 2.677558e-06 	 934
10.750000 	 6.859050e-04 -2.347667e-06 -4.093633e-07 	 -2.125885e-05 -6.890253e-07 2.707166e-06 	 6.646462e-04 -3.036692e-06 2.297802e-06 	 925
11.250000 	 8.507782e-04 -4.287926e-06 -8.537666e-07 	 2.156220e-05 1.981065e-07 -8.559888e-07 	 8.723404e-04 -4.089819e-06 -1.709755e-06 	 544
11.750000 	 8.318253e-04 -3.872813e-06 -1.204953e-05 	 1.155078e-05 1.967004e-06 3.529050e-06 	 8.433761e-04 -1.905809e-06 -8.520484e-06 	 44
12.250000 	 0.000000e+00 0.000000e+00 0.000000e+00 	 0.000000e+00 0.000000e+00 0.000000e+00 	 0.000000e+00 0.000000e+00 0.000000e+00 	 0
12.750000 	 0.000000e+00 0.000000e+00 0.000000e+00 	 0.000000e+00 0.000000e+00 0.000000e+00 	 0.000000e+00 0.000000e+00 0.000000e+00 	 0
13.250000 	 0.000000e+00 0.000000e+00 0.000000e+00 	 0.000000e+00 0.000000e+00 0.000000e+00 	 0.000000e+00 0.000000e+00 0.000000e+00 	 0
13.750000 	 0.000000e+00 0.000000e+00 0.000000e+00 	 0.000000e+00 0.000000e+00 0.000000e+00 	 0.000000e+00 0.000000e+00 0.000000e+00 	 0
14.250000 	 0.000000e+00 0.000000e+00 0.000000e+00 	 0.000000e+00 0.000000e+00 0.000000e+00 	 0.000000e+00 0.000000e+00 0.000000e+00 	 0
14.750000 	 0.000000e+00 0.000000e+00 0.000000e+00 	 0.000000e+00 0.000000e+00 0.000000e+00 	 0.000000e+00 0.000000e+00 0.000000e+00 	 0
