# 1  2-4    5-7    8-10   11     
# x  dirEF  recEF  sumEF  #Sample
0.250000 	 0.000000e+00 0.000000e+00 0.000000e+00 	 0.000000e+00 0.000000e+00 0.000000e+00 	 0.000000e+00 0.000000e+00 0.000000e+00 	 0
0.750000 	 0.000000e+00 0.000000e+00 0.000000e+00 	 0.000000e+00 0.000000e+00 0.000000e+00 	 0.000000e+00 0.000000e+00 0.000000e+00 	 0
1.250000 	 0.000000e+00 0.000000e+00 0.000000e+00 	 0.000000e+00 0.000000e+00 0.000000e+00 	 0.000000e+00 0.000000e+00 0.000000e+00 	 0
1.750000 	 0.000000e+00 0.000000e+00 0.000000e+00 	 0.000000e+00 0.000000e+00 0.000000e+00 	 0.000000e+00 0.000000e+00 0.000000e+00 	 0
2.250000 	 0.000000e+00 0.000000e+00 0.000000e+00 	 0.000000e+00 0.000000e+00 0.000000e+00 	 0.000000e+00 0.000000e+00 0.000000e+00 	 0
2.750000 	 0.000000e+00 0.000000e+00 0.000000e+00 	 0.000000e+00 0.000000e+00 0.000000e+00 	 0.000000e+00 0.000000e+00 0.000000e+00 	 0
3.250000 	 -7.988890e-04 -1.574890e-05 -7.299316e-06 	 -9.815679e-06 -2.087127e-05 -8.179381e-07 	 -8.087046e-04 -3.662017e-05 -8.117254e-06 	 29
3.750000 	 -8.633062e-04 1.668135e-07 -1.347360e-06 	 -1.763748e-05 1.951369e-06 8.808144e-06 	 -8.809437e-04 2.118182e-06 7.460784e-06 	 607
4.250000 	 -7.205122e-04 1.377218e-06 1.217156e-06 	 2.795094e-06 -5.791732e-06 6.357846e-06 	 -7.177171e-04 -4.414515e-06 7.575003e-06 	 868
4.750000 	 -3.338741e-04 -2.183049e-06 1.333554e-06 	 -1.362084e-05 9.001884e-06 -2.181828e-06 	 -3.474949e-04 6.818836e-06 -8.482737e-07 	 891
5.250000 	 -2.234662e-05 2.958458e-06 5.868991e-07 	 1.698393e-06 4.668816e-06 -2.927188e-06 	 -2.064822e-05 7.627275e-06 -2.340289e-06 	 961
5.750000 	 1.562794e-05 4.168851e-06 -6.101645e-07 	 -5.503426e-06 -1.159657e-06 1.777969e-06 	 1.012452e-05 3.009193e-06 1.167805e-06 	 913
6.250000 	 2.305019e-05 -2.861224e-06 -4.468889e-06 	 5.674205e-06 -2.908239e-06 4.224104e-06 	 2.872439e-05 -5.769462e-06 -2.447844e-07 	 845
6.750000 	 -7.172533e-06 -4.302905e-06 -3.489683e-06 	 -1.029198e-05 2.500272e-06 3.350376e-06 	 -1.746451e-05 -1.802633e-06 -1.393075e-07 	 878
7.250000 	 -1.702568e-05 5.602961e-06 -1.998391e-06 	 6.660042e-06 -5.002759e-06 -2.137430e-06 	 -1.036564e-05 6.002022e-07 -4.135821e-06 	 858
7.750000 	 -1.984524e-05 -6.626529e-06 5.257005e-06 	 3.626577e-06 -3.206297e-06 -5.692872e-06 	 -1.621867e-05 -9.832826e-06 -4.358670e-07 	 962
8.250000 	 3.018741e-06 -2.675972e-06 4.968197e-07 	 -3.983730e-06 -4.386561e-06 1.826009e-06 	 -9.649894e-07 -7.062533e-06 2.322829e-06 	 902
8.750000 	 1.559260e-05 3.282864e-06 5.914427e-06 	 5.386733e-06 -4.665193e-06 -5.802208e-06 	 2.097934e-05 -1.382329e-06 1.122189e-07 	 924
9.250000 	 -6.913033e-06 -2.654242e-06 -4.566096e-06 	 -1.084823e-05 -6.454998e-06 -1.897619e-06 	 -1.776127e-05 -9.109240e-06 -6.463715e-06 	 874
9.750000 	 3.014391e-05 2.213326e-06 -2.234586e-06 	 9.356784e-06 7.062250e-06 -5.183842e-06 	 3.950069e-05 9.275576e-06 -7.418428e-06 	 887
10.250000 	 3.149365e-04 3.559772e-06 2.570582e-06 	 2.108941e-06 6.127760e-07 3.056567e-06 	 3.170455e-04 4.172548e-06 5.627148e-06 	 902
10.750000 	 6.833576e-04 8.406120e-07 -4.261914e-06 	 -8.705702e-06 -1.198616e-06 6.007791e-06 	 6.746519e-04 -3.580043e-07 1.745877e-06 	 941
11.250000 	 8.599873e-04 -1.693272e-06 5.560736e-06 	 1.437558e-05 6.809076e-06 2.666429e-06 	 8.743629e-04 5.115804e-06 8.227165e-06 	 543
11.750000 	 8.695835e-04 3.956217e-07 1.623094e-05 	 -5.326460e-06 -1.115040e-05 5.730832e-06 	 8.642570e-04 -1.075478e-05 2.196177e-05 	 38
12.250000 	 0.000000e+00 0.000000e+00 0.000000e+00 	 0.000000e+00 0.000000e+00 0.000000e+00 	 0.000000e+00 0.000000e+00 0.000000e+00 	 0
12.750000 	 0.000000e+00 0.000000e+00 0.000000e+00 	 0.000000e+00 0.000000e+00 0.000000e+00 	 0.000000e+00 0.000000e+00 0.000000e+00 	 0
13.250000 	 0.000000e+00 0.000000e+00 0.000000e+00 	 0.000000e+00 0.000000e+00 0.000000e+00 	 0.000000e+00 0.000000e+00 0.000000e+00 	 0
13.750000 	 0.000000e+00 0.000000e+00 0.000000e+00 	 0.000000e+00 0.000000e+00 0.000000e+00 	 0.000000e+00 0.000000e+00 0.000000e+00 	 0
14.250000 	 0.000000e+00 0.000000e+00 0.000000e+00 	 0.000000e+00 0.000000e+00 0.000000e+00 	 0.000000e+00 0.000000e+00 0.000000e+00 	 0
14.750000 	 9.983711e-05 3.647830e-06 -4.431846e-05 	 4.412943e-05 -8.620575e-05 1.961533e-04 	 1.439665e-04 -8.255792e-05 1.518348e-04 	 1
