# 1  2-4    5-7    8-10   11     
# x  dirEF  recEF  sumEF  #Sample
0.250000 	 0.000000e+00 0.000000e+00 0.000000e+00 	 0.000000e+00 0.000000e+00 0.000000e+00 	 0.000000e+00 0.000000e+00 0.000000e+00 	 0
0.750000 	 0.000000e+00 0.000000e+00 0.000000e+00 	 0.000000e+00 0.000000e+00 0.000000e+00 	 0.000000e+00 0.000000e+00 0.000000e+00 	 0
1.250000 	 0.000000e+00 0.000000e+00 0.000000e+00 	 0.000000e+00 0.000000e+00 0.000000e+00 	 0.000000e+00 0.000000e+00 0.000000e+00 	 0
1.750000 	 0.000000e+00 0.000000e+00 0.000000e+00 	 0.000000e+00 0.000000e+00 0.000000e+00 	 0.000000e+00 0.000000e+00 0.000000e+00 	 0
2.250000 	 -2.459123e-04 -1.211756e-04 -9.527262e-05 	 1.992190e-04 3.423023e-05 -9.480222e-06 	 -4.669337e-05 -8.694541e-05 -1.047528e-04 	 1
2.750000 	 0.000000e+00 0.000000e+00 0.000000e+00 	 0.000000e+00 0.000000e+00 0.000000e+00 	 0.000000e+00 0.000000e+00 0.000000e+00 	 0
3.250000 	 -8.712315e-04 -4.665054e-06 -1.249045e-05 	 -5.254340e-05 6.870509e-07 -3.361458e-06 	 -9.237749e-04 -3.978003e-06 -1.585191e-05 	 38
3.750000 	 -8.731440e-04 -7.318366e-06 -4.019892e-06 	 -9.296295e-06 -1.471652e-06 -1.003292e-05 	 -8.824403e-04 -8.790018e-06 -1.405281e-05 	 587
4.250000 	 -7.099975e-04 3.988157e-06 6.668124e-07 	 8.201336e-06 -4.449525e-07 2.437860e-06 	 -7.017962e-04 3.543205e-06 3.104672e-06 	 881
4.750000 	 -3.143173e-04 1.136139e-06 5.322069e-07 	 -1.599701e-06 3.444767e-06 -2.181418e-06 	 -3.159170e-04 4.580906e-06 -1.649211e-06 	 939
5.250000 	 -1.180402e-05 1.160467e-06 3.684489e-06 	 -7.891090e-06 -1.840208e-06 7.723270e-06 	 -1.969511e-05 -6.797406e-07 1.140776e-05 	 922
5.750000 	 7.907272e-06 9.395408e-07 -2.540409e-06 	 2.617776e-06 -1.682357e-06 8.557791e-06 	 1.052505e-05 -7.428160e-07 6.017382e-06 	 874
6.250000 	 -5.312128e-07 -2.769451e-06 1.180399e-06 	 -8.517617e-06 -3.219711e-06 3.545670e-07 	 -9.048829e-06 -5.989162e-06 1.534966e-06 	 846
6.750000 	 -1.392996e-05 2.036435e-06 -8.210378e-08 	 4.998654e-06 2.040909e-06 -7.012910e-06 	 -8.931302e-06 4.077343e-06 -7.095014e-06 	 928
7.250000 	 -1.552754e-05 -1.187495e-06 -2.859306e-06 	 1.061075e-06 4.258998e-06 3.747884e-06 	 -1.446646e-05 3.071503e-06 8.885785e-07 	 927
7.750000 	 -6.067887e-07 -2.561753e-06 6.612136e-06 	 6.638514e-08 1.866976e-06 3.177445e-06 	 -5.404035e-07 -6.947770e-07 9.789581e-06 	 893
8.250000 	 -3.482419e-06 3.225869e-06 -5.582902e-06 	 5.804408e-06 -1.620465e-06 -1.943127e-06 	 2.321990e-06 1.605404e-06 -7.526029e-06 	 916
8.750000 	 6.083673e-06 -3.766637e-06 2.415800e-06 	 -3.557790e-06 2.856218e-06 -2.289354e-06 	 2.525882e-06 -9.104182e-07 1.264463e-07 	 898
9.250000 	 2.240939e-05 3.327691e-06 -2.605211e-06 	 5.810873e-06 9.067525e-08 2.878332e-06 	 2.822027e-05 3.418366e-06 2.731203e-07 	 929
9.750000 	 4.772486e-05 2.050069e-06 4.624745e-06 	 -8.078695e-06 -6.824172e-06 -7.456491e-07 	 3.964616e-05 -4.774103e-06 3.879095e-06 	 881
10.250000 	 3.356899e-04 -4.880259e-06 -2.381414e-06 	 8.682982e-06 -1.878387e-06 2.488710e-06 	 3.443729e-04 -6.758646e-06 1.072959e-07 	 875
10.750000 	 6.888025e-04 1.888486e-06 -2.510112e-06 	 -3.123245e-05 5.465853e-06 1.506044e-06 	 6.575701e-04 7.354339e-06 -1.004068e-06 	 871
11.250000 	 8.383894e-04 -2.764934e-06 3.065749e-06 	 2.363454e-05 2.145448e-06 4.381002e-06 	 8.620239e-04 -6.194858e-07 7.446751e-06 	 573
11.750000 	 8.359353e-04 -1.600400e-06 -1.201312e-05 	 -1.136616e-05 -1.515848e-05 -2.403672e-05 	 8.245691e-04 -1.675888e-05 -3.604984e-05 	 45
12.250000 	 0.000000e+00 0.000000e+00 0.000000e+00 	 0.000000e+00 0.000000e+00 0.000000e+00 	 0.000000e+00 0.000000e+00 0.000000e+00 	 0
12.750000 	 0.000000e+00 0.000000e+00 0.000000e+00 	 0.000000e+00 0.000000e+00 0.000000e+00 	 0.000000e+00 0.000000e+00 0.000000e+00 	 0
13.250000 	 0.000000e+00 0.000000e+00 0.000000e+00 	 0.000000e+00 0.000000e+00 0.000000e+00 	 0.000000e+00 0.000000e+00 0.000000e+00 	 0
13.750000 	 0.000000e+00 0.000000e+00 0.000000e+00 	 0.000000e+00 0.000000e+00 0.000000e+00 	 0.000000e+00 0.000000e+00 0.000000e+00 	 0
14.250000 	 0.000000e+00 0.000000e+00 0.000000e+00 	 0.000000e+00 0.000000e+00 0.000000e+00 	 0.000000e+00 0.000000e+00 0.000000e+00 	 0
14.750000 	 0.000000e+00 0.000000e+00 0.000000e+00 	 0.000000e+00 0.000000e+00 0.000000e+00 	 0.000000e+00 0.000000e+00 0.000000e+00 	 0
