# 1  2-4    5-7    8-10   11     
# x  dirEF  recEF  sumEF  #Sample
0.250000 	 0.000000e+00 0.000000e+00 0.000000e+00 	 0.000000e+00 0.000000e+00 0.000000e+00 	 0.000000e+00 0.000000e+00 0.000000e+00 	 0
0.750000 	 0.000000e+00 0.000000e+00 0.000000e+00 	 0.000000e+00 0.000000e+00 0.000000e+00 	 0.000000e+00 0.000000e+00 0.000000e+00 	 0
1.250000 	 0.000000e+00 0.000000e+00 0.000000e+00 	 0.000000e+00 0.000000e+00 0.000000e+00 	 0.000000e+00 0.000000e+00 0.000000e+00 	 0
1.750000 	 0.000000e+00 0.000000e+00 0.000000e+00 	 0.000000e+00 0.000000e+00 0.000000e+00 	 0.000000e+00 0.000000e+00 0.000000e+00 	 0
2.250000 	 0.000000e+00 0.000000e+00 0.000000e+00 	 0.000000e+00 0.000000e+00 0.000000e+00 	 0.000000e+00 0.000000e+00 0.000000e+00 	 0
2.750000 	 0.000000e+00 0.000000e+00 0.000000e+00 	 0.000000e+00 0.000000e+00 0.000000e+00 	 0.000000e+00 0.000000e+00 0.000000e+00 	 0
3.250000 	 -8.449698e-04 -4.546551e-06 -7.957935e-06 	 -4.197636e-06 -5.542359e-06 -1.115012e-05 	 -8.491675e-04 -1.008891e-05 -1.910806e-05 	 36
3.750000 	 -8.694564e-04 5.575592e-06 3.644443e-06 	 -1.879279e-05 -2.405727e-06 -2.232043e-07 	 -8.882492e-04 3.169865e-06 3.421239e-06 	 544
4.250000 	 -7.140012e-04 3.486718e-06 1.065641e-06 	 1.600534e-05 1.548369e-06 1.616182e-06 	 -6.979959e-04 5.035088e-06 2.681823e-06 	 886
4.750000 	 -3.380016e-04 -1.404797e-06 -3.321986e-06 	 -5.061546e-06 9.046563e-07 -8.888921e-07 	 -3.430632e-04 -5.001410e-07 -4.210879e-06 	 943
5.250000 	 -3.515344e-05 -1.059284e-06 -2.007605e-06 	 1.207105e-06 -2.030016e-06 -7.772494e-07 	 -3.394634e-05 -3.089300e-06 -2.784855e-06 	 878
5.750000 	 6.641546e-06 -4.683363e-06 -2.180284e-07 	 -1.032347e-07 1.452792e-06 4.068452e-07 	 6.538312e-06 -3.230571e-06 1.888168e-07 	 889
6.250000 	 1.759519e-05 3.935645e-07 -6.015532e-07 	 3.613154e-06 9.999998e-07 -5.956905e-08 	 2.120834e-05 1.393564e-06 -6.611222e-07 	 920
6.750000 	 2.291794e-05 1.955809e-06 2.267564e-06 	 -6.868576e-06 -1.635952e-06 -2.188255e-06 	 1.604937e-05 3.198570e-07 7.930914e-08 	 894
7.250000 	 9.437125e-06 1.459439e-06 -2.532796e-06 	 2.293644e-06 -1.489797e-07 2.192696e-06 	 1.173077e-05 1.310459e-06 -3.400999e-07 	 857
7.750000 	 -2.734029e-05 -9.137984e-07 9.212479e-07 	 1.241375e-06 1.170115e-06 1.177054e-06 	 -2.609892e-05 2.563162e-07 2.098302e-06 	 877
8.250000 	 -3.503174e-05 1.148254e-06 -2.876899e-06 	 1.494050e-06 -3.513650e-07 -8.972534e-07 	 -3.353769e-05 7.968890e-07 -3.774153e-06 	 861
8.750000 	 -2.209409e-05 3.512034e-07 2.865331e-06 	 -1.185747e-06 -6.275733e-07 9.228268e-07 	 -2.327984e-05 -2.763699e-07 3.788158e-06 	 937
9.250000 	 -1.553303e-05 2.959456e-06 2.339817e-06 	 1.015829e-06 9.114220e-07 -1.025228e-06 	 -1.451720e-05 3.870878e-06 1.314589e-06 	 942
9.750000 	 3.687701e-05 -2.370013e-06 -6.628516e-06 	 1.138515e-06 -4.142607e-07 -7.067265e-07 	 3.801553e-05 -2.784274e-06 -7.335242e-06 	 913
10.250000 	 3.403739e-04 -3.692672e-07 1.231666e-06 	 8.163483e-07 -2.118775e-06 -3.472569e-08 	 3.411902e-04 -2.488043e-06 1.196940e-06 	 929
10.750000 	 7.080901e-04 -2.574484e-06 3.554283e-06 	 -1.600597e-05 2.346698e-06 1.076163e-06 	 6.920841e-04 -2.277860e-07 4.630446e-06 	 919
11.250000 	 8.707126e-04 -9.974567e-07 -1.616615e-06 	 2.144352e-05 7.045248e-07 -1.528170e-06 	 8.921561e-04 -2.929319e-07 -3.144785e-06 	 564
11.750000 	 8.379830e-04 1.307059e-05 1.053821e-05 	 1.948667e-06 -1.499169e-05 9.449624e-08 	 8.399316e-04 -1.921096e-06 1.063270e-05 	 35
12.250000 	 0.000000e+00 0.000000e+00 0.000000e+00 	 0.000000e+00 0.000000e+00 0.000000e+00 	 0.000000e+00 0.000000e+00 0.000000e+00 	 0
12.750000 	 0.000000e+00 0.000000e+00 0.000000e+00 	 0.000000e+00 0.000000e+00 0.000000e+00 	 0.000000e+00 0.000000e+00 0.000000e+00 	 0
13.250000 	 0.000000e+00 0.000000e+00 0.000000e+00 	 0.000000e+00 0.000000e+00 0.000000e+00 	 0.000000e+00 0.000000e+00 0.000000e+00 	 0
13.750000 	 0.000000e+00 0.000000e+00 0.000000e+00 	 0.000000e+00 0.000000e+00 0.000000e+00 	 0.000000e+00 0.000000e+00 0.000000e+00 	 0
14.250000 	 0.000000e+00 0.000000e+00 0.000000e+00 	 0.000000e+00 0.000000e+00 0.000000e+00 	 0.000000e+00 0.000000e+00 0.000000e+00 	 0
14.750000 	 0.000000e+00 0.000000e+00 0.000000e+00 	 0.000000e+00 0.000000e+00 0.000000e+00 	 0.000000e+00 0.000000e+00 0.000000e+00 	 0
