# 1  2-4    5-7    8-10   11     
# x  dirEF  recEF  sumEF  #Sample
0.250000 	 0.000000e+00 0.000000e+00 0.000000e+00 	 0.000000e+00 0.000000e+00 0.000000e+00 	 0.000000e+00 0.000000e+00 0.000000e+00 	 0
0.750000 	 0.000000e+00 0.000000e+00 0.000000e+00 	 0.000000e+00 0.000000e+00 0.000000e+00 	 0.000000e+00 0.000000e+00 0.000000e+00 	 0
1.250000 	 5.574018e-05 8.509128e-06 -5.497989e-05 	 2.496701e-05 6.300773e-05 2.223384e-05 	 8.070719e-05 7.151686e-05 -3.274605e-05 	 1
1.750000 	 0.000000e+00 0.000000e+00 0.000000e+00 	 0.000000e+00 0.000000e+00 0.000000e+00 	 0.000000e+00 0.000000e+00 0.000000e+00 	 0
2.250000 	 -2.379239e-04 -1.874269e-05 -2.712010e-05 	 -5.324456e-06 -2.761359e-05 3.862012e-05 	 -2.432484e-04 -4.635628e-05 1.150002e-05 	 2
2.750000 	 -4.773042e-04 -1.686552e-06 -2.147993e-04 	 -1.478026e-05 -3.945355e-05 -4.194722e-05 	 -4.920845e-04 -4.114011e-05 -2.567466e-04 	 1
3.250000 	 -8.146014e-04 3.023639e-05 3.451745e-06 	 -1.531610e-05 -3.143051e-06 -6.762742e-06 	 -8.299175e-04 2.709334e-05 -3.310997e-06 	 34
3.750000 	 -8.518588e-04 -5.713952e-06 3.371887e-06 	 -1.810743e-05 -2.523050e-06 7.305516e-07 	 -8.699663e-04 -8.237002e-06 4.102439e-06 	 546
4.250000 	 -6.997791e-04 3.311540e-06 2.027633e-06 	 1.768692e-05 1.338485e-06 -1.396420e-06 	 -6.820922e-04 4.650025e-06 6.312125e-07 	 881
4.750000 	 -3.414225e-04 -6.653289e-07 -2.012070e-06 	 -7.688036e-06 -2.333110e-06 -4.402089e-07 	 -3.491105e-04 -2.998438e-06 -2.452278e-06 	 848
5.250000 	 -5.372714e-05 -2.024924e-06 -3.376944e-06 	 3.985150e-06 5.613526e-07 1.074839e-06 	 -4.974199e-05 -1.463572e-06 -2.302105e-06 	 938
5.750000 	 -2.158391e-05 -1.769968e-09 4.290025e-06 	 -5.532966e-08 1.294151e-06 1.662447e-07 	 -2.163924e-05 1.292381e-06 4.456270e-06 	 952
6.250000 	 7.057664e-06 4.284263e-06 1.607645e-06 	 -1.618654e-06 6.315915e-07 -4.714197e-07 	 5.439009e-06 4.915855e-06 1.136225e-06 	 890
6.750000 	 2.055436e-05 -3.993877e-06 -4.831891e-06 	 -1.577099e-06 -1.763481e-06 -4.829175e-07 	 1.897726e-05 -5.757358e-06 -5.314808e-06 	 931
7.250000 	 2.282342e-05 3.671382e-06 3.531135e-06 	 3.133290e-06 -9.420094e-08 -3.879513e-07 	 2.595671e-05 3.577181e-06 3.143184e-06 	 861
7.750000 	 3.206412e-06 -1.198621e-06 1.884217e-06 	 2.316612e-07 1.246683e-06 2.398839e-06 	 3.438073e-06 4.806193e-08 4.283056e-06 	 898
8.250000 	 -1.432618e-05 -1.739852e-06 2.068902e-07 	 -5.077108e-06 8.304649e-07 -1.406012e-06 	 -1.940329e-05 -9.093873e-07 -1.199122e-06 	 888
8.750000 	 -8.844585e-06 1.465284e-06 -2.530407e-06 	 9.562071e-07 -3.763642e-07 1.351224e-06 	 -7.888378e-06 1.088919e-06 -1.179183e-06 	 890
9.250000 	 -4.730239e-06 -5.472323e-06 7.832088e-07 	 2.164040e-06 -1.648366e-06 -2.267334e-06 	 -2.566199e-06 -7.120689e-06 -1.484125e-06 	 912
9.750000 	 2.350914e-05 -1.042304e-06 -3.831493e-07 	 1.031025e-06 5.366772e-07 1.353553e-06 	 2.454016e-05 -5.056268e-07 9.704037e-07 	 917
10.250000 	 3.316990e-04 6.782471e-06 -7.190711e-07 	 -1.706820e-06 1.414828e-06 -2.573534e-07 	 3.299921e-04 8.197299e-06 -9.764245e-07 	 891
10.750000 	 7.008886e-04 -1.409152e-06 -9.002557e-07 	 -1.097395e-05 -1.651122e-06 3.158810e-07 	 6.899146e-04 -3.060275e-06 -5.843747e-07 	 943
11.250000 	 8.576262e-04 -2.928583e-06 2.409205e-06 	 1.575974e-05 2.461269e-06 -2.152355e-06 	 8.733859e-04 -4.673143e-07 2.568496e-07 	 561
11.750000 	 8.444632e-04 -2.409746e-06 -1.859688e-05 	 7.963467e-06 2.210775e-06 -6.293083e-06 	 8.524267e-04 -1.989709e-07 -2.488996e-05 	 39
12.250000 	 0.000000e+00 0.000000e+00 0.000000e+00 	 0.000000e+00 0.000000e+00 0.000000e+00 	 0.000000e+00 0.000000e+00 0.000000e+00 	 0
12.750000 	 0.000000e+00 0.000000e+00 0.000000e+00 	 0.000000e+00 0.000000e+00 0.000000e+00 	 0.000000e+00 0.000000e+00 0.000000e+00 	 0
13.250000 	 0.000000e+00 0.000000e+00 0.000000e+00 	 0.000000e+00 0.000000e+00 0.000000e+00 	 0.000000e+00 0.000000e+00 0.000000e+00 	 0
13.750000 	 0.000000e+00 0.000000e+00 0.000000e+00 	 0.000000e+00 0.000000e+00 0.000000e+00 	 0.000000e+00 0.000000e+00 0.000000e+00 	 0
14.250000 	 0.000000e+00 0.000000e+00 0.000000e+00 	 0.000000e+00 0.000000e+00 0.000000e+00 	 0.000000e+00 0.000000e+00 0.000000e+00 	 0
14.750000 	 0.000000e+00 0.000000e+00 0.000000e+00 	 0.000000e+00 0.000000e+00 0.000000e+00 	 0.000000e+00 0.000000e+00 0.000000e+00 	 0
