# 1  2-4    5-7    8-10   11     
# x  dirEF  recEF  sumEF  #Sample
0.250000 	 0.000000e+00 0.000000e+00 0.000000e+00 	 0.000000e+00 0.000000e+00 0.000000e+00 	 0.000000e+00 0.000000e+00 0.000000e+00 	 0
0.750000 	 1.624518e-04 -3.892144e-05 1.490306e-04 	 4.692215e-06 -4.169468e-05 2.271471e-05 	 1.671440e-04 -8.061612e-05 1.717453e-04 	 1
1.250000 	 0.000000e+00 0.000000e+00 0.000000e+00 	 0.000000e+00 0.000000e+00 0.000000e+00 	 0.000000e+00 0.000000e+00 0.000000e+00 	 0
1.750000 	 0.000000e+00 0.000000e+00 0.000000e+00 	 0.000000e+00 0.000000e+00 0.000000e+00 	 0.000000e+00 0.000000e+00 0.000000e+00 	 0
2.250000 	 0.000000e+00 0.000000e+00 0.000000e+00 	 0.000000e+00 0.000000e+00 0.000000e+00 	 0.000000e+00 0.000000e+00 0.000000e+00 	 0
2.750000 	 0.000000e+00 0.000000e+00 0.000000e+00 	 0.000000e+00 0.000000e+00 0.000000e+00 	 0.000000e+00 0.000000e+00 0.000000e+00 	 0
3.250000 	 -8.693529e-04 1.457799e-05 4.161149e-06 	 -1.511955e-05 6.835456e-06 -1.300854e-06 	 -8.844725e-04 2.141344e-05 2.860295e-06 	 36
3.750000 	 -8.621741e-04 -1.722280e-06 -8.755196e-06 	 -1.790005e-05 -3.626848e-06 1.169959e-06 	 -8.800742e-04 -5.349129e-06 -7.585237e-06 	 590
4.250000 	 -6.949189e-04 1.074174e-06 -8.872754e-07 	 1.765165e-05 2.233165e-06 -8.093454e-07 	 -6.772673e-04 3.307339e-06 -1.696621e-06 	 899
4.750000 	 -3.129916e-04 5.416551e-07 5.080884e-07 	 -5.348144e-06 2.427522e-07 6.386851e-07 	 -3.183397e-04 7.844073e-07 1.146774e-06 	 951
5.250000 	 -1.664248e-05 -3.372631e-06 4.038976e-06 	 -1.214567e-06 -1.030556e-06 -1.416236e-06 	 -1.785705e-05 -4.403187e-06 2.622739e-06 	 881
5.750000 	 9.793396e-06 -1.102045e-06 -4.427772e-06 	 1.235232e-08 -5.114655e-07 6.452677e-07 	 9.805748e-06 -1.613510e-06 -3.782504e-06 	 908
6.250000 	 2.357427e-06 -4.650934e-07 -9.139929e-07 	 1.690181e-06 1.408879e-06 1.254162e-07 	 4.047608e-06 9.437853e-07 -7.885767e-07 	 872
6.750000 	 -1.218542e-05 4.234358e-06 -2.550458e-06 	 -1.128638e-07 -1.378047e-06 -1.963261e-07 	 -1.229828e-05 2.856311e-06 -2.746784e-06 	 897
7.250000 	 -9.023140e-06 1.931051e-06 5.007891e-06 	 2.645340e-06 3.299030e-07 1.269336e-09 	 -6.377800e-06 2.260954e-06 5.009160e-06 	 920
7.750000 	 -3.616119e-06 -1.827451e-06 2.017512e-07 	 -5.084450e-06 -6.726381e-08 -1.085490e-06 	 -8.700569e-06 -1.894715e-06 -8.837389e-07 	 868
8.250000 	 -5.738364e-06 -1.083347e-07 1.416301e-06 	 1.037689e-06 -6.366836e-07 2.484268e-06 	 -4.700675e-06 -7.450183e-07 3.900569e-06 	 944
8.750000 	 -1.196405e-05 -8.672570e-07 -2.164060e-06 	 9.924506e-07 3.498985e-07 -2.712961e-06 	 -1.097160e-05 -5.173586e-07 -4.877022e-06 	 897
9.250000 	 1.027816e-05 4.780656e-07 9.944593e-07 	 1.186029e-06 3.932732e-08 2.565679e-06 	 1.146419e-05 5.173929e-07 3.560138e-06 	 916
9.750000 	 5.786316e-05 1.815501e-06 -1.698476e-06 	 -2.360824e-06 1.159175e-06 -7.865160e-07 	 5.550234e-05 2.974677e-06 -2.484992e-06 	 928
10.250000 	 3.310135e-04 -2.678770e-06 2.620027e-07 	 3.141909e-06 -1.900391e-06 -2.598658e-07 	 3.341554e-04 -4.579161e-06 2.136918e-09 	 870
10.750000 	 7.118673e-04 1.465868e-07 1.368296e-06 	 -1.134048e-05 1.239599e-06 -1.039758e-06 	 7.005268e-04 1.386186e-06 3.285378e-07 	 885
11.250000 	 8.512602e-04 -6.381928e-07 -4.686829e-06 	 1.673894e-05 -2.100769e-06 5.720174e-07 	 8.679991e-04 -2.738962e-06 -4.114812e-06 	 528
11.750000 	 8.289908e-04 6.669099e-06 1.435960e-05 	 6.744122e-06 -1.660097e-05 -5.071095e-06 	 8.357349e-04 -9.931876e-06 9.288504e-06 	 33
12.250000 	 0.000000e+00 0.000000e+00 0.000000e+00 	 0.000000e+00 0.000000e+00 0.000000e+00 	 0.000000e+00 0.000000e+00 0.000000e+00 	 0
12.750000 	 0.000000e+00 0.000000e+00 0.000000e+00 	 0.000000e+00 0.000000e+00 0.000000e+00 	 0.000000e+00 0.000000e+00 0.000000e+00 	 0
13.250000 	 0.000000e+00 0.000000e+00 0.000000e+00 	 0.000000e+00 0.000000e+00 0.000000e+00 	 0.000000e+00 0.000000e+00 0.000000e+00 	 0
13.750000 	 0.000000e+00 0.000000e+00 0.000000e+00 	 0.000000e+00 0.000000e+00 0.000000e+00 	 0.000000e+00 0.000000e+00 0.000000e+00 	 0
14.250000 	 0.000000e+00 0.000000e+00 0.000000e+00 	 0.000000e+00 0.000000e+00 0.000000e+00 	 0.000000e+00 0.000000e+00 0.000000e+00 	 0
14.750000 	 0.000000e+00 0.000000e+00 0.000000e+00 	 0.000000e+00 0.000000e+00 0.000000e+00 	 0.000000e+00 0.000000e+00 0.000000e+00 	 0
