# 1  2-4    5-7    8-10   11     
# x  dirEF  recEF  sumEF  #Sample
0.250000 	 0.000000e+00 0.000000e+00 0.000000e+00 	 0.000000e+00 0.000000e+00 0.000000e+00 	 0.000000e+00 0.000000e+00 0.000000e+00 	 0
0.750000 	 0.000000e+00 0.000000e+00 0.000000e+00 	 0.000000e+00 0.000000e+00 0.000000e+00 	 0.000000e+00 0.000000e+00 0.000000e+00 	 0
1.250000 	 0.000000e+00 0.000000e+00 0.000000e+00 	 0.000000e+00 0.000000e+00 0.000000e+00 	 0.000000e+00 0.000000e+00 0.000000e+00 	 0
1.750000 	 0.000000e+00 0.000000e+00 0.000000e+00 	 0.000000e+00 0.000000e+00 0.000000e+00 	 0.000000e+00 0.000000e+00 0.000000e+00 	 0
2.250000 	 0.000000e+00 0.000000e+00 0.000000e+00 	 0.000000e+00 0.000000e+00 0.000000e+00 	 0.000000e+00 0.000000e+00 0.000000e+00 	 0
2.750000 	 0.000000e+00 0.000000e+00 0.000000e+00 	 0.000000e+00 0.000000e+00 0.000000e+00 	 0.000000e+00 0.000000e+00 0.000000e+00 	 0
3.250000 	 -8.254908e-04 2.227065e-05 1.330681e-05 	 -2.173859e-06 -6.994449e-06 -1.836529e-06 	 -8.276646e-04 1.527621e-05 1.147028e-05 	 51
3.750000 	 -8.469496e-04 3.918011e-06 -2.938600e-06 	 -1.871509e-05 6.138494e-08 1.721136e-06 	 -8.656647e-04 3.979396e-06 -1.217465e-06 	 538
4.250000 	 -6.934585e-04 -5.260534e-06 -2.303090e-06 	 1.757632e-05 -5.084825e-07 -5.385637e-07 	 -6.758822e-04 -5.769017e-06 -2.841654e-06 	 858
4.750000 	 -3.264108e-04 4.020067e-07 5.560853e-06 	 -5.099894e-06 1.840651e-06 7.259837e-07 	 -3.315107e-04 2.242657e-06 6.286837e-06 	 942
5.250000 	 -4.271892e-05 1.886013e-06 -4.541466e-06 	 -1.290385e-06 -1.804669e-06 -5.519190e-07 	 -4.400930e-05 8.134447e-08 -5.093385e-06 	 881
5.750000 	 9.275208e-06 2.352775e-06 8.089875e-08 	 2.088535e-06 5.585776e-07 -1.029611e-06 	 1.136374e-05 2.911353e-06 -9.487118e-07 	 910
6.250000 	 1.233245e-05 8.330829e-07 6.873384e-06 	 -1.283882e-06 -1.036459e-07 7.746644e-07 	 1.104857e-05 7.294370e-07 7.648048e-06 	 924
6.750000 	 4.360394e-06 -2.687155e-06 -4.540764e-06 	 2.388046e-07 -6.315224e-07 -1.548018e-06 	 4.599199e-06 -3.318677e-06 -6.088782e-06 	 869
7.250000 	 -3.545013e-06 -6.002682e-07 -3.424235e-06 	 -3.171484e-06 -3.952680e-08 3.973326e-07 	 -6.716496e-06 -6.397950e-07 -3.026903e-06 	 864
7.750000 	 -1.585010e-06 2.400847e-06 2.381423e-06 	 4.473972e-06 5.939309e-07 -8.286704e-09 	 2.888961e-06 2.994778e-06 2.373136e-06 	 899
8.250000 	 -1.695985e-05 2.819259e-06 -5.312036e-06 	 -3.137428e-06 5.827161e-07 1.650918e-07 	 -2.009728e-05 3.401975e-06 -5.146944e-06 	 946
8.750000 	 1.830118e-06 -4.188504e-06 2.710592e-06 	 2.298470e-08 -2.320653e-06 8.730090e-07 	 1.853103e-06 -6.509156e-06 3.583601e-06 	 853
9.250000 	 2.065896e-06 1.079327e-06 1.263710e-06 	 -5.089300e-07 8.450819e-07 -5.098821e-07 	 1.556966e-06 1.924409e-06 7.538277e-07 	 926
9.750000 	 2.045469e-05 3.262680e-06 -9.084397e-07 	 3.216275e-06 1.469638e-06 4.172416e-07 	 2.367097e-05 4.732318e-06 -4.911981e-07 	 894
10.250000 	 3.137449e-04 -8.055407e-07 1.700481e-06 	 -1.194397e-06 -1.089381e-06 2.398938e-07 	 3.125505e-04 -1.894922e-06 1.940374e-06 	 888
10.750000 	 6.862495e-04 -3.128232e-06 -1.456828e-06 	 -1.048433e-05 -4.951730e-07 -6.089414e-07 	 6.757652e-04 -3.623405e-06 -2.065770e-06 	 920
11.250000 	 8.529727e-04 -1.882421e-07 4.049540e-06 	 1.564161e-05 -2.281981e-07 3.779899e-07 	 8.686143e-04 -4.164403e-07 4.427530e-06 	 609
11.750000 	 8.700409e-04 -9.314527e-06 1.944250e-06 	 1.198567e-05 2.757766e-06 -6.759063e-06 	 8.820266e-04 -6.556761e-06 -4.814813e-06 	 50
12.250000 	 0.000000e+00 0.000000e+00 0.000000e+00 	 0.000000e+00 0.000000e+00 0.000000e+00 	 0.000000e+00 0.000000e+00 0.000000e+00 	 0
12.750000 	 0.000000e+00 0.000000e+00 0.000000e+00 	 0.000000e+00 0.000000e+00 0.000000e+00 	 0.000000e+00 0.000000e+00 0.000000e+00 	 0
13.250000 	 6.841223e-07 -9.176089e-05 5.180996e-05 	 -4.488424e-06 1.302273e-05 -9.346188e-06 	 -3.804302e-06 -7.873816e-05 4.246377e-05 	 2
13.750000 	 0.000000e+00 0.000000e+00 0.000000e+00 	 0.000000e+00 0.000000e+00 0.000000e+00 	 0.000000e+00 0.000000e+00 0.000000e+00 	 0
14.250000 	 0.000000e+00 0.000000e+00 0.000000e+00 	 0.000000e+00 0.000000e+00 0.000000e+00 	 0.000000e+00 0.000000e+00 0.000000e+00 	 0
14.750000 	 0.000000e+00 0.000000e+00 0.000000e+00 	 0.000000e+00 0.000000e+00 0.000000e+00 	 0.000000e+00 0.000000e+00 0.000000e+00 	 0
