# 1  2-4    5-7    8-10   11     
# x  dirEF  recEF  sumEF  #Sample
0.250000 	 -1.029250e-05 6.268897e-05 1.001525e-04 	 -1.885309e-04 -5.707952e-05 -4.734240e-06 	 -1.988234e-04 5.609449e-06 9.541823e-05 	 1
0.750000 	 0.000000e+00 0.000000e+00 0.000000e+00 	 0.000000e+00 0.000000e+00 0.000000e+00 	 0.000000e+00 0.000000e+00 0.000000e+00 	 0
1.250000 	 0.000000e+00 0.000000e+00 0.000000e+00 	 0.000000e+00 0.000000e+00 0.000000e+00 	 0.000000e+00 0.000000e+00 0.000000e+00 	 0
1.750000 	 0.000000e+00 0.000000e+00 0.000000e+00 	 0.000000e+00 0.000000e+00 0.000000e+00 	 0.000000e+00 0.000000e+00 0.000000e+00 	 0
2.250000 	 0.000000e+00 0.000000e+00 0.000000e+00 	 0.000000e+00 0.000000e+00 0.000000e+00 	 0.000000e+00 0.000000e+00 0.000000e+00 	 0
2.750000 	 0.000000e+00 0.000000e+00 0.000000e+00 	 0.000000e+00 0.000000e+00 0.000000e+00 	 0.000000e+00 0.000000e+00 0.000000e+00 	 0
3.250000 	 -8.361410e-04 1.590050e-05 1.023276e-05 	 9.448425e-06 -2.981573e-05 5.283267e-05 	 -8.266926e-04 -1.391523e-05 6.306543e-05 	 33
3.750000 	 -8.456877e-04 1.477450e-07 1.311290e-06 	 -3.750062e-05 -3.646914e-06 4.897289e-06 	 -8.831883e-04 -3.499169e-06 6.208578e-06 	 562
4.250000 	 -6.885179e-04 1.913543e-06 -7.526007e-07 	 3.628736e-05 4.664220e-06 -3.353758e-06 	 -6.522305e-04 6.577763e-06 -4.106359e-06 	 896
4.750000 	 -3.095535e-04 4.013197e-06 5.687411e-07 	 -9.992911e-06 5.831576e-06 -6.187801e-06 	 -3.195464e-04 9.844773e-06 -5.619059e-06 	 881
5.250000 	 -2.235146e-05 -5.783340e-06 -9.490761e-07 	 5.847368e-06 2.537743e-07 9.835072e-07 	 -1.650409e-05 -5.529565e-06 3.443104e-08 	 872
5.750000 	 -1.031339e-05 1.061178e-06 -5.465360e-06 	 -6.569088e-06 -7.007001e-06 -4.468231e-06 	 -1.688248e-05 -5.945824e-06 -9.933591e-06 	 867
6.250000 	 -1.650196e-05 1.188305e-06 2.439682e-06 	 3.347701e-07 4.455530e-06 4.378631e-06 	 -1.616718e-05 5.643835e-06 6.818313e-06 	 883
6.750000 	 -2.595604e-05 -3.789915e-06 3.500709e-07 	 7.744469e-06 7.051682e-07 -3.079281e-06 	 -1.821157e-05 -3.084747e-06 -2.729210e-06 	 919
7.250000 	 -6.415947e-06 -1.900183e-06 2.224765e-06 	 -8.595169e-06 -6.914373e-07 -9.873343e-07 	 -1.501112e-05 -2.591620e-06 1.237431e-06 	 895
7.750000 	 -4.469383e-06 4.340410e-06 -7.702013e-07 	 7.153173e-06 -1.905070e-06 -1.616263e-06 	 2.683790e-06 2.435340e-06 -2.386464e-06 	 934
8.250000 	 -1.423737e-05 2.228229e-06 -6.580602e-06 	 -6.154549e-06 8.481151e-07 4.060634e-07 	 -2.039192e-05 3.076344e-06 -6.174538e-06 	 893
8.750000 	 -7.084721e-06 2.285915e-08 1.294832e-06 	 3.159652e-06 1.110801e-06 -1.010502e-05 	 -3.925070e-06 1.133660e-06 -8.810187e-06 	 930
9.250000 	 -3.301714e-06 -3.952992e-06 1.794485e-06 	 -1.291418e-05 7.130662e-06 5.914723e-06 	 -1.621589e-05 3.177670e-06 7.709208e-06 	 931
9.750000 	 3.775918e-05 1.669580e-06 1.256005e-06 	 5.929850e-06 -7.593641e-06 2.303406e-07 	 4.368903e-05 -5.924061e-06 1.486346e-06 	 930
10.250000 	 3.407514e-04 -3.433647e-07 -3.264093e-06 	 5.902709e-06 2.080313e-07 4.583639e-06 	 3.466542e-04 -1.353334e-07 1.319546e-06 	 947
10.750000 	 7.222792e-04 -9.956488e-08 1.737224e-06 	 -1.555799e-05 -8.501019e-07 -6.236091e-07 	 7.067212e-04 -9.496667e-07 1.113614e-06 	 883
11.250000 	 8.658974e-04 6.939644e-07 2.909347e-06 	 2.718802e-05 6.961497e-06 1.470464e-06 	 8.930854e-04 7.655461e-06 4.379811e-06 	 521
11.750000 	 8.200404e-04 -2.175776e-05 7.277269e-06 	 1.388490e-05 5.014891e-06 -3.842599e-05 	 8.339253e-04 -1.674287e-05 -3.114872e-05 	 45
12.250000 	 0.000000e+00 0.000000e+00 0.000000e+00 	 0.000000e+00 0.000000e+00 0.000000e+00 	 0.000000e+00 0.000000e+00 0.000000e+00 	 0
12.750000 	 0.000000e+00 0.000000e+00 0.000000e+00 	 0.000000e+00 0.000000e+00 0.000000e+00 	 0.000000e+00 0.000000e+00 0.000000e+00 	 0
13.250000 	 0.000000e+00 0.000000e+00 0.000000e+00 	 0.000000e+00 0.000000e+00 0.000000e+00 	 0.000000e+00 0.000000e+00 0.000000e+00 	 0
13.750000 	 0.000000e+00 0.000000e+00 0.000000e+00 	 0.000000e+00 0.000000e+00 0.000000e+00 	 0.000000e+00 0.000000e+00 0.000000e+00 	 0
14.250000 	 7.439487e-05 1.265038e-04 -1.032856e-04 	 6.100225e-06 -9.790565e-06 1.246813e-04 	 8.049510e-05 1.167132e-04 2.139573e-05 	 1
14.750000 	 0.000000e+00 0.000000e+00 0.000000e+00 	 0.000000e+00 0.000000e+00 0.000000e+00 	 0.000000e+00 0.000000e+00 0.000000e+00 	 0
