# 1  2-4    5-7    8-10   11     
# x  dirEF  recEF  sumEF  #Sample
0.250000 	 -1.029250e-05 6.268897e-05 1.001525e-04 	 -1.123567e-04 1.859202e-05 -3.330718e-05 	 -1.226492e-04 8.128099e-05 6.684529e-05 	 1
0.750000 	 0.000000e+00 0.000000e+00 0.000000e+00 	 0.000000e+00 0.000000e+00 0.000000e+00 	 0.000000e+00 0.000000e+00 0.000000e+00 	 0
1.250000 	 0.000000e+00 0.000000e+00 0.000000e+00 	 0.000000e+00 0.000000e+00 0.000000e+00 	 0.000000e+00 0.000000e+00 0.000000e+00 	 0
1.750000 	 0.000000e+00 0.000000e+00 0.000000e+00 	 0.000000e+00 0.000000e+00 0.000000e+00 	 0.000000e+00 0.000000e+00 0.000000e+00 	 0
2.250000 	 0.000000e+00 0.000000e+00 0.000000e+00 	 0.000000e+00 0.000000e+00 0.000000e+00 	 0.000000e+00 0.000000e+00 0.000000e+00 	 0
2.750000 	 0.000000e+00 0.000000e+00 0.000000e+00 	 0.000000e+00 0.000000e+00 0.000000e+00 	 0.000000e+00 0.000000e+00 0.000000e+00 	 0
3.250000 	 -8.361410e-04 1.590050e-05 1.023276e-05 	 1.109614e-05 -1.310959e-05 4.465111e-05 	 -8.250449e-04 2.790904e-06 5.488386e-05 	 33
3.750000 	 -8.456877e-04 1.477450e-07 1.311290e-06 	 -3.433868e-05 -3.298192e-07 4.714205e-06 	 -8.800264e-04 -1.820742e-07 6.025494e-06 	 562
4.250000 	 -6.885179e-04 1.913543e-06 -7.526007e-07 	 3.604859e-05 1.235943e-06 -4.253721e-06 	 -6.524693e-04 3.149485e-06 -5.006321e-06 	 896
4.750000 	 -3.095535e-04 4.013197e-06 5.687411e-07 	 -7.708745e-06 5.361790e-06 -2.557779e-06 	 -3.172622e-04 9.374987e-06 -1.989038e-06 	 881
5.250000 	 -2.235146e-05 -5.783340e-06 -9.490761e-07 	 6.180212e-06 -8.461051e-07 6.701712e-07 	 -1.617125e-05 -6.629445e-06 -2.789049e-07 	 872
5.750000 	 -1.031339e-05 1.061178e-06 -5.465360e-06 	 -4.052326e-06 -8.781210e-06 -4.225320e-06 	 -1.436572e-05 -7.720032e-06 -9.690679e-06 	 867
6.250000 	 -1.650196e-05 1.188305e-06 2.439682e-06 	 1.218858e-06 3.172263e-06 7.173288e-07 	 -1.528310e-05 4.360568e-06 3.157011e-06 	 883
6.750000 	 -2.595604e-05 -3.789915e-06 3.500709e-07 	 7.141373e-06 2.856399e-06 -1.742316e-06 	 -1.881467e-05 -9.335160e-07 -1.392245e-06 	 919
7.250000 	 -6.415947e-06 -1.900183e-06 2.224765e-06 	 -7.745253e-06 -1.748948e-06 -3.698363e-06 	 -1.416120e-05 -3.649131e-06 -1.473598e-06 	 895
7.750000 	 -4.469383e-06 4.340410e-06 -7.702013e-07 	 5.053086e-06 8.896293e-07 -1.673922e-06 	 5.837025e-07 5.230039e-06 -2.444123e-06 	 934
8.250000 	 -1.423737e-05 2.228229e-06 -6.580602e-06 	 -5.565427e-06 1.203977e-06 1.461842e-06 	 -1.980280e-05 3.432206e-06 -5.118760e-06 	 893
8.750000 	 -7.084721e-06 2.285915e-08 1.294832e-06 	 -8.827930e-07 3.812964e-06 -1.092541e-05 	 -7.967515e-06 3.835823e-06 -9.630575e-06 	 930
9.250000 	 -3.301714e-06 -3.952992e-06 1.794485e-06 	 -1.239891e-05 5.419734e-06 5.255523e-06 	 -1.570062e-05 1.466742e-06 7.050008e-06 	 931
9.750000 	 3.775918e-05 1.669580e-06 1.256005e-06 	 6.294822e-06 -5.343280e-06 9.819440e-07 	 4.405400e-05 -3.673700e-06 2.237949e-06 	 930
10.250000 	 3.407514e-04 -3.433647e-07 -3.264093e-06 	 3.891802e-06 -6.355852e-07 5.824635e-06 	 3.446433e-04 -9.789499e-07 2.560542e-06 	 947
10.750000 	 7.222792e-04 -9.956488e-08 1.737224e-06 	 -1.610446e-05 -2.208933e-06 3.359842e-06 	 7.061748e-04 -2.308498e-06 5.097065e-06 	 883
11.250000 	 8.658974e-04 6.939644e-07 2.909347e-06 	 2.111390e-05 3.457148e-06 -1.292586e-07 	 8.870113e-04 4.151113e-06 2.780089e-06 	 521
11.750000 	 8.200404e-04 -2.175776e-05 7.277269e-06 	 2.237000e-06 3.181184e-06 -2.523797e-05 	 8.222774e-04 -1.857658e-05 -1.796070e-05 	 45
12.250000 	 0.000000e+00 0.000000e+00 0.000000e+00 	 0.000000e+00 0.000000e+00 0.000000e+00 	 0.000000e+00 0.000000e+00 0.000000e+00 	 0
12.750000 	 0.000000e+00 0.000000e+00 0.000000e+00 	 0.000000e+00 0.000000e+00 0.000000e+00 	 0.000000e+00 0.000000e+00 0.000000e+00 	 0
13.250000 	 0.000000e+00 0.000000e+00 0.000000e+00 	 0.000000e+00 0.000000e+00 0.000000e+00 	 0.000000e+00 0.000000e+00 0.000000e+00 	 0
13.750000 	 0.000000e+00 0.000000e+00 0.000000e+00 	 0.000000e+00 0.000000e+00 0.000000e+00 	 0.000000e+00 0.000000e+00 0.000000e+00 	 0
14.250000 	 7.439487e-05 1.265038e-04 -1.032856e-04 	 5.225139e-05 4.521411e-06 1.735263e-04 	 1.266463e-04 1.310252e-04 7.024072e-05 	 1
14.750000 	 0.000000e+00 0.000000e+00 0.000000e+00 	 0.000000e+00 0.000000e+00 0.000000e+00 	 0.000000e+00 0.000000e+00 0.000000e+00 	 0
