# 1  2-4    5-7    8-10   11     
# x  dirEF  recEF  sumEF  #Sample
0.250000 	 0.000000e+00 0.000000e+00 0.000000e+00 	 0.000000e+00 0.000000e+00 0.000000e+00 	 0.000000e+00 0.000000e+00 0.000000e+00 	 0
0.750000 	 0.000000e+00 0.000000e+00 0.000000e+00 	 0.000000e+00 0.000000e+00 0.000000e+00 	 0.000000e+00 0.000000e+00 0.000000e+00 	 0
1.250000 	 8.732930e-05 -1.967749e-04 2.142457e-05 	 5.684342e-14 -5.471179e-13 1.353584e-12 	 8.732930e-05 -1.967749e-04 2.142457e-05 	 1
1.750000 	 0.000000e+00 0.000000e+00 0.000000e+00 	 0.000000e+00 0.000000e+00 0.000000e+00 	 0.000000e+00 0.000000e+00 0.000000e+00 	 0
2.250000 	 0.000000e+00 0.000000e+00 0.000000e+00 	 0.000000e+00 0.000000e+00 0.000000e+00 	 0.000000e+00 0.000000e+00 0.000000e+00 	 0
2.750000 	 0.000000e+00 0.000000e+00 0.000000e+00 	 0.000000e+00 0.000000e+00 0.000000e+00 	 0.000000e+00 0.000000e+00 0.000000e+00 	 0
3.250000 	 -8.132162e-04 -7.911749e-06 2.774158e-05 	 1.380483e-13 -1.731789e-13 1.417623e-13 	 -8.132162e-04 -7.911749e-06 2.774158e-05 	 42
3.750000 	 -8.483935e-04 -1.632814e-06 -2.079879e-06 	 -3.251045e-14 -1.101063e-14 -7.797007e-15 	 -8.483935e-04 -1.632814e-06 -2.079879e-06 	 570
4.250000 	 -6.883086e-04 3.069916e-06 1.268110e-06 	 -5.212263e-14 1.125041e-14 -2.772591e-15 	 -6.883086e-04 3.069916e-06 1.268110e-06 	 879
4.750000 	 -3.265630e-04 -2.300607e-06 -5.125677e-06 	 4.039567e-14 7.193002e-15 6.113481e-14 	 -3.265630e-04 -2.300607e-06 -5.125677e-06 	 864
5.250000 	 -4.616355e-05 1.655336e-06 9.235740e-06 	 7.833774e-14 -3.589548e-15 -4.987343e-14 	 -4.616355e-05 1.655336e-06 9.235740e-06 	 878
5.750000 	 -1.482320e-05 1.463825e-06 -3.961977e-06 	 -2.030563e-14 -8.116887e-15 -1.321013e-14 	 -1.482320e-05 1.463825e-06 -3.961977e-06 	 921
6.250000 	 -2.183430e-05 4.138026e-07 -1.802352e-06 	 1.309140e-13 2.347676e-14 6.485770e-15 	 -2.183430e-05 4.138026e-07 -1.802352e-06 	 914
6.750000 	 -1.254771e-05 -1.242673e-06 2.838260e-06 	 -5.934556e-14 2.250994e-14 3.729726e-14 	 -1.254771e-05 -1.242673e-06 2.838260e-06 	 886
7.250000 	 9.942466e-08 5.260600e-08 -1.607407e-06 	 8.830866e-14 -5.521088e-15 -2.596830e-14 	 9.942475e-08 5.260600e-08 -1.607407e-06 	 947
7.750000 	 1.815089e-06 -3.033258e-07 5.485345e-07 	 -1.256043e-13 -3.111761e-14 -1.782571e-14 	 1.815089e-06 -3.033258e-07 5.485345e-07 	 929
8.250000 	 2.814847e-06 -8.156040e-07 1.517978e-06 	 6.499119e-14 2.316676e-14 5.377091e-14 	 2.814848e-06 -8.156040e-07 1.517978e-06 	 893
8.750000 	 -5.037801e-06 -3.855170e-06 -2.105394e-06 	 4.808434e-14 -1.508709e-14 -6.956382e-14 	 -5.037801e-06 -3.855170e-06 -2.105394e-06 	 941
9.250000 	 -4.000810e-07 5.510295e-06 5.123813e-06 	 5.468325e-14 2.836094e-16 2.961675e-14 	 -4.000810e-07 5.510295e-06 5.123813e-06 	 921
9.750000 	 5.557163e-05 -6.752450e-06 -5.176070e-06 	 -3.552714e-14 -1.866174e-14 1.418493e-14 	 5.557163e-05 -6.752450e-06 -5.176070e-06 	 944
10.250000 	 3.565383e-04 4.050595e-06 -1.648574e-06 	 -6.565941e-14 2.385089e-14 -3.442689e-14 	 3.565383e-04 4.050595e-06 -1.648574e-06 	 864
10.750000 	 7.109278e-04 2.203996e-06 7.633190e-07 	 -5.831406e-14 2.605954e-14 1.403580e-14 	 7.109278e-04 2.203996e-06 7.633190e-07 	 889
11.250000 	 8.627382e-04 4.224171e-06 4.329142e-06 	 5.090796e-14 -6.048773e-15 -1.829513e-14 	 8.627382e-04 4.224171e-06 4.329142e-06 	 498
11.750000 	 8.285315e-04 -1.762781e-05 1.613800e-05 	 -7.037757e-14 -1.909161e-13 -1.451484e-14 	 8.285315e-04 -1.762781e-05 1.613800e-05 	 42
12.250000 	 0.000000e+00 0.000000e+00 0.000000e+00 	 0.000000e+00 0.000000e+00 0.000000e+00 	 0.000000e+00 0.000000e+00 0.000000e+00 	 0
12.750000 	 0.000000e+00 0.000000e+00 0.000000e+00 	 0.000000e+00 0.000000e+00 0.000000e+00 	 0.000000e+00 0.000000e+00 0.000000e+00 	 0
13.250000 	 0.000000e+00 0.000000e+00 0.000000e+00 	 0.000000e+00 0.000000e+00 0.000000e+00 	 0.000000e+00 0.000000e+00 0.000000e+00 	 0
13.750000 	 0.000000e+00 0.000000e+00 0.000000e+00 	 0.000000e+00 0.000000e+00 0.000000e+00 	 0.000000e+00 0.000000e+00 0.000000e+00 	 0
14.250000 	 0.000000e+00 0.000000e+00 0.000000e+00 	 0.000000e+00 0.000000e+00 0.000000e+00 	 0.000000e+00 0.000000e+00 0.000000e+00 	 0
14.750000 	 6.734521e-05 -6.498004e-05 -6.449108e-05 	 2.827960e-12 -2.575717e-14 1.723066e-13 	 6.734521e-05 -6.498004e-05 -6.449108e-05 	 1
