# 1  2-4    5-7    8-10   11     
# x  dirEF  recEF  sumEF  #Sample
0.250000 	 0.000000e+00 0.000000e+00 0.000000e+00 	 0.000000e+00 0.000000e+00 0.000000e+00 	 0.000000e+00 0.000000e+00 0.000000e+00 	 0
0.750000 	 0.000000e+00 0.000000e+00 0.000000e+00 	 0.000000e+00 0.000000e+00 0.000000e+00 	 0.000000e+00 0.000000e+00 0.000000e+00 	 0
1.250000 	 0.000000e+00 0.000000e+00 0.000000e+00 	 0.000000e+00 0.000000e+00 0.000000e+00 	 0.000000e+00 0.000000e+00 0.000000e+00 	 0
1.750000 	 1.183468e-05 3.703440e-05 -1.106155e-05 	 -6.222647e-05 -3.605809e-05 2.423415e-04 	 -5.039180e-05 9.763043e-07 2.312799e-04 	 1
2.250000 	 0.000000e+00 0.000000e+00 0.000000e+00 	 0.000000e+00 0.000000e+00 0.000000e+00 	 0.000000e+00 0.000000e+00 0.000000e+00 	 0
2.750000 	 0.000000e+00 0.000000e+00 0.000000e+00 	 0.000000e+00 0.000000e+00 0.000000e+00 	 0.000000e+00 0.000000e+00 0.000000e+00 	 0
3.250000 	 -8.340506e-04 -6.580964e-06 1.661255e-05 	 -1.673202e-05 9.461221e-06 -2.326483e-05 	 -8.507826e-04 2.880256e-06 -6.652283e-06 	 39
3.750000 	 -8.649028e-04 -2.416141e-07 7.881242e-06 	 -2.831203e-05 -7.470983e-07 -5.245525e-07 	 -8.932148e-04 -9.887124e-07 7.356690e-06 	 570
4.250000 	 -7.122283e-04 3.722457e-06 -4.483260e-06 	 2.119818e-05 3.904058e-06 2.458007e-06 	 -6.910301e-04 7.626515e-06 -2.025253e-06 	 898
4.750000 	 -3.307425e-04 -3.498822e-06 -4.754835e-06 	 -5.879602e-06 1.802239e-06 7.046553e-07 	 -3.366221e-04 -1.696584e-06 -4.050180e-06 	 939
5.250000 	 -2.254047e-05 1.830994e-06 -5.107324e-06 	 -4.127582e-07 -3.397018e-06 3.458071e-06 	 -2.295323e-05 -1.566024e-06 -1.649253e-06 	 929
5.750000 	 2.483164e-05 1.637739e-06 3.836608e-06 	 6.758660e-06 3.325788e-06 -3.268855e-06 	 3.159030e-05 4.963527e-06 5.677527e-07 	 900
6.250000 	 7.814943e-06 -3.047689e-06 3.194903e-06 	 5.806758e-06 -6.490693e-06 2.055454e-06 	 1.362170e-05 -9.538382e-06 5.250357e-06 	 899
6.750000 	 -1.005325e-05 -3.727481e-06 -1.472262e-06 	 -1.065554e-06 -4.645358e-06 1.548876e-06 	 -1.111881e-05 -8.372839e-06 7.661377e-08 	 852
7.250000 	 -7.480131e-06 2.265646e-06 -2.951130e-06 	 -6.389412e-06 -4.033718e-06 4.642693e-06 	 -1.386954e-05 -1.768072e-06 1.691563e-06 	 917
7.750000 	 -6.350051e-06 -9.111612e-07 1.985311e-06 	 6.853027e-06 2.581280e-06 -2.578332e-06 	 5.029757e-07 1.670119e-06 -5.930215e-07 	 930
8.250000 	 1.128831e-05 3.379121e-06 1.262269e-08 	 7.754037e-06 3.831643e-06 -1.777776e-08 	 1.904234e-05 7.210764e-06 -5.155069e-09 	 888
8.750000 	 5.050234e-06 -5.080066e-06 2.349845e-06 	 -6.898739e-06 7.629941e-07 6.191226e-06 	 -1.848505e-06 -4.317072e-06 8.541071e-06 	 883
9.250000 	 -6.668284e-06 5.707276e-07 -7.025864e-07 	 2.809931e-06 -5.462251e-06 2.380530e-06 	 -3.858353e-06 -4.891523e-06 1.677944e-06 	 911
9.750000 	 3.935068e-05 -1.630406e-07 -8.898349e-07 	 -2.380099e-06 4.817799e-06 -4.230943e-07 	 3.697058e-05 4.654758e-06 -1.312929e-06 	 917
10.250000 	 3.434822e-04 -3.465386e-07 3.092318e-06 	 3.113348e-06 7.824682e-06 -2.410135e-06 	 3.465956e-04 7.478143e-06 6.821828e-07 	 895
10.750000 	 7.121470e-04 3.229420e-06 2.566129e-06 	 -1.189460e-05 -2.356717e-06 4.599936e-06 	 7.002524e-04 8.727031e-07 7.166066e-06 	 879
11.250000 	 8.613084e-04 -5.396677e-06 -8.799451e-06 	 1.137036e-05 -2.505694e-06 5.353100e-06 	 8.726788e-04 -7.902371e-06 -3.446350e-06 	 540
11.750000 	 8.383240e-04 -5.217868e-06 -1.170727e-06 	 5.898440e-05 5.349234e-06 -5.601920e-06 	 8.973083e-04 1.313655e-07 -6.772647e-06 	 35
12.250000 	 0.000000e+00 0.000000e+00 0.000000e+00 	 0.000000e+00 0.000000e+00 0.000000e+00 	 0.000000e+00 0.000000e+00 0.000000e+00 	 0
12.750000 	 4.438760e-04 -5.081954e-05 9.849456e-05 	 -6.704820e-05 -7.622752e-05 -1.484621e-04 	 3.768278e-04 -1.270471e-04 -4.996751e-05 	 1
13.250000 	 0.000000e+00 0.000000e+00 0.000000e+00 	 0.000000e+00 0.000000e+00 0.000000e+00 	 0.000000e+00 0.000000e+00 0.000000e+00 	 0
13.750000 	 0.000000e+00 0.000000e+00 0.000000e+00 	 0.000000e+00 0.000000e+00 0.000000e+00 	 0.000000e+00 0.000000e+00 0.000000e+00 	 0
14.250000 	 0.000000e+00 0.000000e+00 0.000000e+00 	 0.000000e+00 0.000000e+00 0.000000e+00 	 0.000000e+00 0.000000e+00 0.000000e+00 	 0
14.750000 	 -4.601945e-05 -1.211918e-04 8.607434e-06 	 -9.477467e-05 3.336298e-05 -3.137590e-04 	 -1.407941e-04 -8.782886e-05 -3.051515e-04 	 1
