# 1  2-4    5-7    8-10   11     
# x  dirEF  recEF  sumEF  #Sample
0.250000 	 0.000000e+00 0.000000e+00 0.000000e+00 	 0.000000e+00 0.000000e+00 0.000000e+00 	 0.000000e+00 0.000000e+00 0.000000e+00 	 0
0.750000 	 0.000000e+00 0.000000e+00 0.000000e+00 	 0.000000e+00 0.000000e+00 0.000000e+00 	 0.000000e+00 0.000000e+00 0.000000e+00 	 0
1.250000 	 0.000000e+00 0.000000e+00 0.000000e+00 	 0.000000e+00 0.000000e+00 0.000000e+00 	 0.000000e+00 0.000000e+00 0.000000e+00 	 0
1.750000 	 0.000000e+00 0.000000e+00 0.000000e+00 	 0.000000e+00 0.000000e+00 0.000000e+00 	 0.000000e+00 0.000000e+00 0.000000e+00 	 0
2.250000 	 0.000000e+00 0.000000e+00 0.000000e+00 	 0.000000e+00 0.000000e+00 0.000000e+00 	 0.000000e+00 0.000000e+00 0.000000e+00 	 0
2.750000 	 0.000000e+00 0.000000e+00 0.000000e+00 	 0.000000e+00 0.000000e+00 0.000000e+00 	 0.000000e+00 0.000000e+00 0.000000e+00 	 0
3.250000 	 -8.449698e-04 -4.546551e-06 -7.957935e-06 	 8.889313e-06 2.044786e-05 -1.750507e-05 	 -8.360805e-04 1.590131e-05 -2.546301e-05 	 36
3.750000 	 -8.694564e-04 5.575592e-06 3.644443e-06 	 -1.649467e-05 5.240376e-06 -6.035332e-06 	 -8.859510e-04 1.081597e-05 -2.390888e-06 	 544
4.250000 	 -7.140012e-04 3.486718e-06 1.065641e-06 	 4.175491e-06 -2.150711e-07 -6.604774e-06 	 -7.098257e-04 3.271647e-06 -5.539133e-06 	 886
4.750000 	 -3.380016e-04 -1.404797e-06 -3.321986e-06 	 2.069155e-06 -8.126172e-07 -4.588320e-06 	 -3.359325e-04 -2.217414e-06 -7.910307e-06 	 943
5.250000 	 -3.515344e-05 -1.059284e-06 -2.007605e-06 	 -5.077439e-06 -7.354606e-06 2.937918e-06 	 -4.023088e-05 -8.413890e-06 9.303125e-07 	 878
5.750000 	 6.641546e-06 -4.683363e-06 -2.180284e-07 	 -2.719626e-06 1.955616e-06 6.535528e-06 	 3.921921e-06 -2.727746e-06 6.317500e-06 	 889
6.250000 	 1.759519e-05 3.935645e-07 -6.015532e-07 	 1.240752e-05 -6.230306e-06 2.681451e-06 	 3.000271e-05 -5.836741e-06 2.079898e-06 	 920
6.750000 	 2.291794e-05 1.955809e-06 2.267564e-06 	 -8.464231e-06 -4.035968e-06 -4.469851e-07 	 1.445371e-05 -2.080159e-06 1.820579e-06 	 894
7.250000 	 9.437125e-06 1.459439e-06 -2.532796e-06 	 4.387023e-06 1.346488e-05 3.737625e-07 	 1.382415e-05 1.492432e-05 -2.159034e-06 	 857
7.750000 	 -2.734029e-05 -9.137984e-07 9.212479e-07 	 3.878428e-07 6.635687e-07 5.478571e-06 	 -2.695245e-05 -2.502297e-07 6.399819e-06 	 877
8.250000 	 -3.503174e-05 1.148254e-06 -2.876899e-06 	 -9.571142e-07 -3.593082e-06 -3.642211e-06 	 -3.598885e-05 -2.444828e-06 -6.519110e-06 	 861
8.750000 	 -2.209409e-05 3.512034e-07 2.865331e-06 	 3.731479e-06 -1.292811e-08 -5.719716e-07 	 -1.836262e-05 3.382753e-07 2.293360e-06 	 937
9.250000 	 -1.553303e-05 2.959456e-06 2.339817e-06 	 9.556786e-07 -2.047321e-06 -1.031599e-06 	 -1.457735e-05 9.121347e-07 1.308218e-06 	 942
9.750000 	 3.687701e-05 -2.370013e-06 -6.628516e-06 	 1.514781e-06 1.518434e-06 -1.505285e-06 	 3.839179e-05 -8.515792e-07 -8.133800e-06 	 913
10.250000 	 3.403739e-04 -3.692672e-07 1.231666e-06 	 7.946347e-06 -2.990406e-06 5.316651e-07 	 3.483202e-04 -3.359674e-06 1.763331e-06 	 929
10.750000 	 7.080901e-04 -2.574484e-06 3.554283e-06 	 -2.164354e-05 2.511530e-06 -2.494952e-07 	 6.864466e-04 -6.295424e-08 3.304788e-06 	 919
11.250000 	 8.707126e-04 -9.974567e-07 -1.616615e-06 	 1.573775e-05 5.262754e-06 -1.255627e-06 	 8.864503e-04 4.265297e-06 -2.872241e-06 	 564
11.750000 	 8.379830e-04 1.307059e-05 1.053821e-05 	 -1.279688e-05 -2.777011e-05 -3.096702e-05 	 8.251861e-04 -1.469952e-05 -2.042881e-05 	 35
12.250000 	 0.000000e+00 0.000000e+00 0.000000e+00 	 0.000000e+00 0.000000e+00 0.000000e+00 	 0.000000e+00 0.000000e+00 0.000000e+00 	 0
12.750000 	 0.000000e+00 0.000000e+00 0.000000e+00 	 0.000000e+00 0.000000e+00 0.000000e+00 	 0.000000e+00 0.000000e+00 0.000000e+00 	 0
13.250000 	 0.000000e+00 0.000000e+00 0.000000e+00 	 0.000000e+00 0.000000e+00 0.000000e+00 	 0.000000e+00 0.000000e+00 0.000000e+00 	 0
13.750000 	 0.000000e+00 0.000000e+00 0.000000e+00 	 0.000000e+00 0.000000e+00 0.000000e+00 	 0.000000e+00 0.000000e+00 0.000000e+00 	 0
14.250000 	 0.000000e+00 0.000000e+00 0.000000e+00 	 0.000000e+00 0.000000e+00 0.000000e+00 	 0.000000e+00 0.000000e+00 0.000000e+00 	 0
14.750000 	 0.000000e+00 0.000000e+00 0.000000e+00 	 0.000000e+00 0.000000e+00 0.000000e+00 	 0.000000e+00 0.000000e+00 0.000000e+00 	 0
