# 1  2-4    5-7    8-10   11     
# x  dirEF  recEF  sumEF  #Sample
0.250000 	 0.000000e+00 0.000000e+00 0.000000e+00 	 0.000000e+00 0.000000e+00 0.000000e+00 	 0.000000e+00 0.000000e+00 0.000000e+00 	 0
0.750000 	 0.000000e+00 0.000000e+00 0.000000e+00 	 0.000000e+00 0.000000e+00 0.000000e+00 	 0.000000e+00 0.000000e+00 0.000000e+00 	 0
1.250000 	 0.000000e+00 0.000000e+00 0.000000e+00 	 0.000000e+00 0.000000e+00 0.000000e+00 	 0.000000e+00 0.000000e+00 0.000000e+00 	 0
1.750000 	 0.000000e+00 0.000000e+00 0.000000e+00 	 0.000000e+00 0.000000e+00 0.000000e+00 	 0.000000e+00 0.000000e+00 0.000000e+00 	 0
2.250000 	 0.000000e+00 0.000000e+00 0.000000e+00 	 0.000000e+00 0.000000e+00 0.000000e+00 	 0.000000e+00 0.000000e+00 0.000000e+00 	 0
2.750000 	 0.000000e+00 0.000000e+00 0.000000e+00 	 0.000000e+00 0.000000e+00 0.000000e+00 	 0.000000e+00 0.000000e+00 0.000000e+00 	 0
3.250000 	 -8.515164e-04 -9.891156e-06 5.556009e-06 	 -7.061869e-06 -7.080198e-06 -9.400718e-07 	 -8.585783e-04 -1.697135e-05 4.615937e-06 	 40
3.750000 	 -8.640722e-04 -2.972136e-06 -3.409212e-06 	 -1.814688e-05 2.131365e-06 -2.293815e-06 	 -8.822191e-04 -8.407717e-07 -5.703028e-06 	 560
4.250000 	 -7.020274e-04 -1.836841e-06 -2.118693e-06 	 1.453474e-05 -1.673126e-06 9.747209e-07 	 -6.874927e-04 -3.509966e-06 -1.143972e-06 	 916
4.750000 	 -3.242322e-04 -3.462015e-06 3.039224e-06 	 -8.862126e-07 -2.773177e-09 7.539461e-07 	 -3.251185e-04 -3.464788e-06 3.793170e-06 	 901
5.250000 	 -4.827070e-05 2.888731e-06 -7.252960e-07 	 -3.299508e-06 -4.620467e-07 -5.298102e-07 	 -5.157020e-05 2.426685e-06 -1.255106e-06 	 894
5.750000 	 -1.966816e-05 -1.462575e-06 1.557712e-06 	 4.684740e-06 1.109718e-06 -5.717041e-08 	 -1.498342e-05 -3.528574e-07 1.500542e-06 	 906
6.250000 	 -6.050897e-06 3.898596e-06 1.969808e-06 	 -4.256486e-06 1.242933e-07 4.919649e-08 	 -1.030738e-05 4.022889e-06 2.019005e-06 	 954
6.750000 	 1.402847e-05 -1.756193e-06 -2.896372e-06 	 2.382059e-06 -6.771894e-08 -8.398131e-07 	 1.641053e-05 -1.823912e-06 -3.736185e-06 	 931
7.250000 	 2.001616e-05 -2.651851e-06 4.030994e-06 	 -1.546881e-06 -1.859275e-07 8.893105e-07 	 1.846928e-05 -2.837779e-06 4.920305e-06 	 901
7.750000 	 2.352359e-05 1.983945e-06 3.030036e-06 	 7.598489e-06 -8.567808e-07 -1.676089e-06 	 3.112208e-05 1.127164e-06 1.353947e-06 	 873
8.250000 	 1.902366e-05 1.736764e-06 -3.591893e-06 	 -7.900188e-06 9.782673e-08 8.748500e-07 	 1.112347e-05 1.834590e-06 -2.717043e-06 	 944
8.750000 	 5.224635e-06 -1.367971e-07 6.427260e-07 	 2.231104e-06 -5.237579e-07 -1.543952e-07 	 7.455739e-06 -6.605550e-07 4.883308e-07 	 861
9.250000 	 -2.088214e-06 5.025645e-06 5.499397e-08 	 -5.538677e-07 1.835662e-06 -4.307287e-07 	 -2.642082e-06 6.861307e-06 -3.757348e-07 	 841
9.750000 	 1.373064e-05 1.707143e-06 1.157089e-06 	 8.455048e-07 5.588357e-07 9.969985e-07 	 1.457614e-05 2.265979e-06 2.154087e-06 	 910
10.250000 	 3.108715e-04 -1.367639e-06 -7.070532e-06 	 3.392795e-07 -1.401949e-06 4.890624e-07 	 3.112108e-04 -2.769588e-06 -6.581470e-06 	 875
10.750000 	 7.007156e-04 -3.438720e-06 4.158341e-06 	 -1.172178e-05 1.115371e-06 -1.951803e-06 	 6.889939e-04 -2.323349e-06 2.206538e-06 	 900
11.250000 	 8.479053e-04 -1.225975e-07 -1.599461e-06 	 1.557939e-05 -1.218119e-06 1.937382e-06 	 8.634847e-04 -1.340716e-06 3.379204e-07 	 586
11.750000 	 8.588414e-04 -4.869729e-06 2.075957e-05 	 1.395027e-05 -4.554097e-06 1.108754e-05 	 8.727916e-04 -9.423826e-06 3.184711e-05 	 31
12.250000 	 0.000000e+00 0.000000e+00 0.000000e+00 	 0.000000e+00 0.000000e+00 0.000000e+00 	 0.000000e+00 0.000000e+00 0.000000e+00 	 0
12.750000 	 0.000000e+00 0.000000e+00 0.000000e+00 	 0.000000e+00 0.000000e+00 0.000000e+00 	 0.000000e+00 0.000000e+00 0.000000e+00 	 0
13.250000 	 0.000000e+00 0.000000e+00 0.000000e+00 	 0.000000e+00 0.000000e+00 0.000000e+00 	 0.000000e+00 0.000000e+00 0.000000e+00 	 0
13.750000 	 0.000000e+00 0.000000e+00 0.000000e+00 	 0.000000e+00 0.000000e+00 0.000000e+00 	 0.000000e+00 0.000000e+00 0.000000e+00 	 0
14.250000 	 0.000000e+00 0.000000e+00 0.000000e+00 	 0.000000e+00 0.000000e+00 0.000000e+00 	 0.000000e+00 0.000000e+00 0.000000e+00 	 0
14.750000 	 0.000000e+00 0.000000e+00 0.000000e+00 	 0.000000e+00 0.000000e+00 0.000000e+00 	 0.000000e+00 0.000000e+00 0.000000e+00 	 0
