# 1  2-4    5-7    8-10   11     
# x  dirEF  recEF  sumEF  #Sample
0.250000 	 0.000000e+00 0.000000e+00 0.000000e+00 	 0.000000e+00 0.000000e+00 0.000000e+00 	 0.000000e+00 0.000000e+00 0.000000e+00 	 0
0.750000 	 0.000000e+00 0.000000e+00 0.000000e+00 	 0.000000e+00 0.000000e+00 0.000000e+00 	 0.000000e+00 0.000000e+00 0.000000e+00 	 0
1.250000 	 0.000000e+00 0.000000e+00 0.000000e+00 	 0.000000e+00 0.000000e+00 0.000000e+00 	 0.000000e+00 0.000000e+00 0.000000e+00 	 0
1.750000 	 0.000000e+00 0.000000e+00 0.000000e+00 	 0.000000e+00 0.000000e+00 0.000000e+00 	 0.000000e+00 0.000000e+00 0.000000e+00 	 0
2.250000 	 -2.459123e-04 -1.211756e-04 -9.527262e-05 	 2.540657e-04 -3.340082e-05 -5.372980e-05 	 8.153372e-06 -1.545765e-04 -1.490024e-04 	 1
2.750000 	 0.000000e+00 0.000000e+00 0.000000e+00 	 0.000000e+00 0.000000e+00 0.000000e+00 	 0.000000e+00 0.000000e+00 0.000000e+00 	 0
3.250000 	 -8.712315e-04 -4.665054e-06 -1.249045e-05 	 -4.034565e-05 1.236098e-05 2.752224e-06 	 -9.115772e-04 7.695925e-06 -9.738224e-06 	 38
3.750000 	 -8.731440e-04 -7.318366e-06 -4.019892e-06 	 -8.964747e-06 -2.061058e-06 -6.131073e-06 	 -8.821087e-04 -9.379424e-06 -1.015096e-05 	 587
4.250000 	 -7.099975e-04 3.988157e-06 6.668124e-07 	 1.027159e-05 1.678420e-06 5.357393e-06 	 -6.997259e-04 5.666577e-06 6.024206e-06 	 881
4.750000 	 -3.143173e-04 1.136139e-06 5.322069e-07 	 -2.103718e-06 3.123183e-06 -3.062058e-06 	 -3.164211e-04 4.259322e-06 -2.529851e-06 	 939
5.250000 	 -1.180402e-05 1.160467e-06 3.684489e-06 	 -8.644498e-06 2.902943e-07 7.632329e-06 	 -2.044851e-05 1.450761e-06 1.131682e-05 	 922
5.750000 	 7.907272e-06 9.395408e-07 -2.540409e-06 	 1.449742e-06 -1.654767e-06 7.931098e-06 	 9.357013e-06 -7.152259e-07 5.390690e-06 	 874
6.250000 	 -5.312128e-07 -2.769451e-06 1.180399e-06 	 -8.869193e-06 -1.515259e-06 5.046088e-06 	 -9.400406e-06 -4.284710e-06 6.226487e-06 	 846
6.750000 	 -1.392996e-05 2.036435e-06 -8.210378e-08 	 5.003694e-06 2.993945e-06 -7.506774e-06 	 -8.926262e-06 5.030379e-06 -7.588878e-06 	 928
7.250000 	 -1.552754e-05 -1.187495e-06 -2.859306e-06 	 3.084161e-07 6.954073e-06 4.536080e-06 	 -1.521912e-05 5.766577e-06 1.676774e-06 	 927
7.750000 	 -6.067887e-07 -2.561753e-06 6.612136e-06 	 3.497260e-07 3.931414e-06 1.982655e-06 	 -2.570626e-07 1.369660e-06 8.594791e-06 	 893
8.250000 	 -3.482419e-06 3.225869e-06 -5.582902e-06 	 7.669326e-06 -4.492351e-07 -1.463402e-06 	 4.186907e-06 2.776634e-06 -7.046304e-06 	 916
8.750000 	 6.083673e-06 -3.766637e-06 2.415800e-06 	 -4.436094e-06 1.258380e-06 -3.238831e-06 	 1.647578e-06 -2.508256e-06 -8.230308e-07 	 898
9.250000 	 2.240939e-05 3.327691e-06 -2.605211e-06 	 4.548564e-06 2.388564e-06 2.697561e-06 	 2.695796e-05 5.716255e-06 9.234987e-08 	 929
9.750000 	 4.772486e-05 2.050069e-06 4.624745e-06 	 -8.420315e-06 -4.327956e-06 8.081562e-08 	 3.930454e-05 -2.277887e-06 4.705560e-06 	 881
10.250000 	 3.356899e-04 -4.880259e-06 -2.381414e-06 	 8.493809e-06 -1.883963e-06 3.792936e-07 	 3.441837e-04 -6.764222e-06 -2.002120e-06 	 875
10.750000 	 6.888025e-04 1.888486e-06 -2.510112e-06 	 -2.961447e-05 4.464760e-06 -7.492337e-07 	 6.591881e-04 6.353247e-06 -3.259346e-06 	 871
11.250000 	 8.383894e-04 -2.764934e-06 3.065749e-06 	 2.491632e-05 2.709550e-06 2.554241e-06 	 8.633057e-04 -5.538405e-08 5.619990e-06 	 573
11.750000 	 8.359353e-04 -1.600400e-06 -1.201312e-05 	 -8.872552e-06 -2.148256e-05 -2.803864e-05 	 8.270627e-04 -2.308296e-05 -4.005177e-05 	 45
12.250000 	 0.000000e+00 0.000000e+00 0.000000e+00 	 0.000000e+00 0.000000e+00 0.000000e+00 	 0.000000e+00 0.000000e+00 0.000000e+00 	 0
12.750000 	 0.000000e+00 0.000000e+00 0.000000e+00 	 0.000000e+00 0.000000e+00 0.000000e+00 	 0.000000e+00 0.000000e+00 0.000000e+00 	 0
13.250000 	 0.000000e+00 0.000000e+00 0.000000e+00 	 0.000000e+00 0.000000e+00 0.000000e+00 	 0.000000e+00 0.000000e+00 0.000000e+00 	 0
13.750000 	 0.000000e+00 0.000000e+00 0.000000e+00 	 0.000000e+00 0.000000e+00 0.000000e+00 	 0.000000e+00 0.000000e+00 0.000000e+00 	 0
14.250000 	 0.000000e+00 0.000000e+00 0.000000e+00 	 0.000000e+00 0.000000e+00 0.000000e+00 	 0.000000e+00 0.000000e+00 0.000000e+00 	 0
14.750000 	 0.000000e+00 0.000000e+00 0.000000e+00 	 0.000000e+00 0.000000e+00 0.000000e+00 	 0.000000e+00 0.000000e+00 0.000000e+00 	 0
