# 1  2-4    5-7    8-10   11     
# x  dirEF  recEF  sumEF  #Sample
0.250000 	 -5.105781e-05 5.238367e-05 -4.782256e-05 	 1.452714e-05 8.197507e-05 -1.048674e-04 	 -3.653067e-05 1.343587e-04 -1.526899e-04 	 1
0.750000 	 0.000000e+00 0.000000e+00 0.000000e+00 	 0.000000e+00 0.000000e+00 0.000000e+00 	 0.000000e+00 0.000000e+00 0.000000e+00 	 0
1.250000 	 0.000000e+00 0.000000e+00 0.000000e+00 	 0.000000e+00 0.000000e+00 0.000000e+00 	 0.000000e+00 0.000000e+00 0.000000e+00 	 0
1.750000 	 0.000000e+00 0.000000e+00 0.000000e+00 	 0.000000e+00 0.000000e+00 0.000000e+00 	 0.000000e+00 0.000000e+00 0.000000e+00 	 0
2.250000 	 0.000000e+00 0.000000e+00 0.000000e+00 	 0.000000e+00 0.000000e+00 0.000000e+00 	 0.000000e+00 0.000000e+00 0.000000e+00 	 0
2.750000 	 0.000000e+00 0.000000e+00 0.000000e+00 	 0.000000e+00 0.000000e+00 0.000000e+00 	 0.000000e+00 0.000000e+00 0.000000e+00 	 0
3.250000 	 -8.559820e-04 -1.197677e-05 -3.028127e-05 	 -6.338880e-06 -2.341336e-06 -8.788080e-06 	 -8.623209e-04 -1.431810e-05 -3.906935e-05 	 33
3.750000 	 -8.594817e-04 -4.071500e-06 3.482613e-06 	 -1.934901e-05 3.702569e-06 -1.391230e-06 	 -8.788308e-04 -3.689305e-07 2.091383e-06 	 520
4.250000 	 -6.923447e-04 3.877734e-06 -2.971151e-06 	 9.798553e-06 -1.750250e-06 1.113710e-06 	 -6.825462e-04 2.127484e-06 -1.857441e-06 	 917
4.750000 	 -3.349326e-04 9.851492e-07 3.979113e-06 	 -4.381811e-06 -1.334839e-06 -2.215739e-06 	 -3.393144e-04 -3.496899e-07 1.763375e-06 	 922
5.250000 	 -3.348228e-05 -1.369603e-06 -6.491611e-06 	 -3.343745e-06 -7.130997e-07 3.245161e-06 	 -3.682603e-05 -2.082703e-06 -3.246451e-06 	 853
5.750000 	 -4.299343e-06 -7.282677e-07 3.202198e-06 	 5.671157e-06 6.719869e-06 2.134562e-06 	 1.371814e-06 5.991602e-06 5.336760e-06 	 910
6.250000 	 -1.279635e-05 1.045845e-06 -9.356946e-07 	 -1.008884e-06 2.578454e-06 -1.949479e-07 	 -1.380523e-05 3.624299e-06 -1.130643e-06 	 897
6.750000 	 -1.157116e-05 1.530776e-06 -1.933609e-06 	 4.643878e-06 3.773573e-06 -4.820406e-06 	 -6.927285e-06 5.304349e-06 -6.754015e-06 	 933
7.250000 	 1.352018e-06 -3.610408e-06 -6.746770e-07 	 -5.541836e-06 -1.119352e-06 7.449448e-06 	 -4.189818e-06 -4.729760e-06 6.774771e-06 	 899
7.750000 	 1.762185e-05 -1.244644e-07 -2.098129e-06 	 -6.780052e-06 -4.046435e-07 6.071765e-06 	 1.084180e-05 -5.291079e-07 3.973636e-06 	 923
8.250000 	 3.743372e-06 6.435085e-06 1.200713e-06 	 1.331502e-05 8.958729e-06 3.362255e-06 	 1.705839e-05 1.539381e-05 4.562968e-06 	 897
8.750000 	 -7.595436e-06 -9.161962e-07 2.258884e-06 	 -6.573628e-06 -5.761895e-07 -1.486317e-06 	 -1.416906e-05 -1.492386e-06 7.725671e-07 	 868
9.250000 	 -1.004668e-05 -4.673761e-06 -6.110633e-07 	 5.228194e-07 -2.155463e-06 6.032338e-06 	 -9.523859e-06 -6.829224e-06 5.421274e-06 	 903
9.750000 	 2.381232e-05 -5.896733e-07 -6.907639e-07 	 6.055210e-06 3.359211e-06 1.147806e-07 	 2.986753e-05 2.769538e-06 -5.759833e-07 	 971
10.250000 	 3.349537e-04 4.235588e-06 -1.093965e-06 	 7.570027e-07 2.176519e-06 -1.125208e-06 	 3.357107e-04 6.412107e-06 -2.219173e-06 	 935
10.750000 	 7.244135e-04 -1.815028e-06 2.707631e-06 	 -1.019603e-05 1.349276e-06 -1.829895e-06 	 7.142174e-04 -4.657519e-07 8.777361e-07 	 874
11.250000 	 8.679143e-04 6.756547e-06 2.162093e-06 	 1.235641e-05 -1.044244e-06 1.095722e-06 	 8.802707e-04 5.712303e-06 3.257815e-06 	 524
11.750000 	 8.317923e-04 -2.345456e-05 -6.513773e-06 	 3.134900e-05 -5.247201e-06 -1.149619e-05 	 8.631413e-04 -2.870176e-05 -1.800997e-05 	 43
12.250000 	 0.000000e+00 0.000000e+00 0.000000e+00 	 0.000000e+00 0.000000e+00 0.000000e+00 	 0.000000e+00 0.000000e+00 0.000000e+00 	 0
12.750000 	 0.000000e+00 0.000000e+00 0.000000e+00 	 0.000000e+00 0.000000e+00 0.000000e+00 	 0.000000e+00 0.000000e+00 0.000000e+00 	 0
13.250000 	 0.000000e+00 0.000000e+00 0.000000e+00 	 0.000000e+00 0.000000e+00 0.000000e+00 	 0.000000e+00 0.000000e+00 0.000000e+00 	 0
13.750000 	 0.000000e+00 0.000000e+00 0.000000e+00 	 0.000000e+00 0.000000e+00 0.000000e+00 	 0.000000e+00 0.000000e+00 0.000000e+00 	 0
14.250000 	 -1.074889e-04 2.196279e-05 -4.480751e-05 	 2.256587e-04 -9.201616e-05 4.782191e-05 	 1.181698e-04 -7.005336e-05 3.014404e-06 	 1
14.750000 	 0.000000e+00 0.000000e+00 0.000000e+00 	 0.000000e+00 0.000000e+00 0.000000e+00 	 0.000000e+00 0.000000e+00 0.000000e+00 	 0
