# 1  2-4    5-7    8-10   11     
# x  dirEF  recEF  sumEF  #Sample
0.250000 	 0.000000e+00 0.000000e+00 0.000000e+00 	 0.000000e+00 0.000000e+00 0.000000e+00 	 0.000000e+00 0.000000e+00 0.000000e+00 	 0
0.750000 	 0.000000e+00 0.000000e+00 0.000000e+00 	 0.000000e+00 0.000000e+00 0.000000e+00 	 0.000000e+00 0.000000e+00 0.000000e+00 	 0
1.250000 	 0.000000e+00 0.000000e+00 0.000000e+00 	 0.000000e+00 0.000000e+00 0.000000e+00 	 0.000000e+00 0.000000e+00 0.000000e+00 	 0
1.750000 	 0.000000e+00 0.000000e+00 0.000000e+00 	 0.000000e+00 0.000000e+00 0.000000e+00 	 0.000000e+00 0.000000e+00 0.000000e+00 	 0
2.250000 	 0.000000e+00 0.000000e+00 0.000000e+00 	 0.000000e+00 0.000000e+00 0.000000e+00 	 0.000000e+00 0.000000e+00 0.000000e+00 	 0
2.750000 	 -3.047654e-04 -3.866285e-05 -1.831251e-05 	 -1.147991e-04 1.353585e-04 -1.687806e-04 	 -4.195646e-04 9.669570e-05 -1.870931e-04 	 1
3.250000 	 -8.351095e-04 -1.908300e-05 3.562356e-07 	 -5.277848e-05 -4.980376e-06 2.513114e-05 	 -8.878880e-04 -2.406337e-05 2.548738e-05 	 40
3.750000 	 -8.385157e-04 -4.538253e-06 -2.587652e-06 	 -7.090058e-06 -2.870812e-06 7.509599e-06 	 -8.456057e-04 -7.409065e-06 4.921947e-06 	 558
4.250000 	 -6.999406e-04 -1.565041e-06 1.927579e-06 	 8.022081e-06 -4.254258e-06 -3.408951e-06 	 -6.919186e-04 -5.819299e-06 -1.481372e-06 	 888
4.750000 	 -3.453598e-04 8.228760e-06 -4.906464e-07 	 6.357831e-06 -4.840041e-07 5.450466e-06 	 -3.390019e-04 7.744756e-06 4.959820e-06 	 875
5.250000 	 -4.086343e-05 -5.157532e-07 1.513755e-06 	 1.864510e-06 9.508320e-07 -8.520318e-07 	 -3.899892e-05 4.350788e-07 6.617229e-07 	 939
5.750000 	 -9.700079e-06 -2.743838e-06 -1.853965e-06 	 7.748303e-06 -3.282603e-06 4.798413e-06 	 -1.951776e-06 -6.026441e-06 2.944448e-06 	 928
6.250000 	 -6.993847e-06 -5.754460e-06 -2.724222e-06 	 -7.005734e-06 4.979494e-06 6.616042e-06 	 -1.399958e-05 -7.749656e-07 3.891819e-06 	 874
6.750000 	 -9.584203e-07 2.901329e-06 -1.144233e-06 	 5.518361e-06 3.934278e-06 -1.461167e-06 	 4.559940e-06 6.835607e-06 -2.605400e-06 	 926
7.250000 	 1.494150e-06 6.288309e-06 4.683447e-08 	 -3.965745e-06 -5.389544e-06 -2.761695e-06 	 -2.471595e-06 8.987655e-07 -2.714861e-06 	 917
7.750000 	 5.266480e-06 -4.008426e-06 4.461173e-06 	 -8.573631e-06 -7.676862e-06 3.560734e-06 	 -3.307151e-06 -1.168529e-05 8.021907e-06 	 914
8.250000 	 1.632436e-05 5.708995e-06 9.757110e-07 	 6.221544e-06 -2.908553e-06 -1.096129e-06 	 2.254590e-05 2.800442e-06 -1.204180e-07 	 916
8.750000 	 2.156940e-05 -3.635717e-06 -2.993726e-06 	 4.772214e-06 2.821850e-06 -4.541747e-06 	 2.634161e-05 -8.138663e-07 -7.535473e-06 	 899
9.250000 	 8.606815e-06 -2.056035e-06 3.209544e-06 	 1.446902e-06 -1.645035e-06 -1.263898e-06 	 1.005372e-05 -3.701069e-06 1.945646e-06 	 896
9.750000 	 2.664140e-05 1.523847e-06 5.902078e-07 	 -8.280876e-06 4.284942e-06 6.404898e-06 	 1.836053e-05 5.808790e-06 6.995106e-06 	 867
10.250000 	 3.298987e-04 2.346557e-06 -1.964638e-06 	 7.319863e-06 -1.431253e-06 -7.565917e-07 	 3.372186e-04 9.153043e-07 -2.721230e-06 	 899
10.750000 	 6.975303e-04 -1.938580e-06 -2.061131e-06 	 -2.277085e-06 1.821642e-06 2.501400e-06 	 6.952532e-04 -1.169376e-07 4.402681e-07 	 892
11.250000 	 8.507787e-04 -1.468688e-06 5.256237e-06 	 1.528360e-05 -1.803165e-06 -1.446914e-06 	 8.660623e-04 -3.271853e-06 3.809323e-06 	 557
11.750000 	 8.275951e-04 -9.171620e-06 3.896978e-06 	 5.552408e-05 -3.239132e-05 -3.245376e-06 	 8.831192e-04 -4.156293e-05 6.516021e-07 	 37
12.250000 	 0.000000e+00 0.000000e+00 0.000000e+00 	 0.000000e+00 0.000000e+00 0.000000e+00 	 0.000000e+00 0.000000e+00 0.000000e+00 	 0
12.750000 	 0.000000e+00 0.000000e+00 0.000000e+00 	 0.000000e+00 0.000000e+00 0.000000e+00 	 0.000000e+00 0.000000e+00 0.000000e+00 	 0
13.250000 	 8.118747e-05 3.451025e-05 -1.953322e-05 	 -1.796934e-05 -1.397069e-05 1.133372e-04 	 6.321812e-05 2.053957e-05 9.380401e-05 	 1
13.750000 	 0.000000e+00 0.000000e+00 0.000000e+00 	 0.000000e+00 0.000000e+00 0.000000e+00 	 0.000000e+00 0.000000e+00 0.000000e+00 	 0
14.250000 	 0.000000e+00 0.000000e+00 0.000000e+00 	 0.000000e+00 0.000000e+00 0.000000e+00 	 0.000000e+00 0.000000e+00 0.000000e+00 	 0
14.750000 	 0.000000e+00 0.000000e+00 0.000000e+00 	 0.000000e+00 0.000000e+00 0.000000e+00 	 0.000000e+00 0.000000e+00 0.000000e+00 	 0
