# 1  2-4    5-7    8-10   11     
# x  dirEF  recEF  sumEF  #Sample
0.250000 	 0.000000e+00 0.000000e+00 0.000000e+00 	 0.000000e+00 0.000000e+00 0.000000e+00 	 0.000000e+00 0.000000e+00 0.000000e+00 	 0
0.750000 	 6.946617e-05 -2.844012e-05 5.911641e-05 	 3.334244e-05 -1.654822e-05 -7.280836e-06 	 1.028086e-04 -4.498834e-05 5.183557e-05 	 1
1.250000 	 0.000000e+00 0.000000e+00 0.000000e+00 	 0.000000e+00 0.000000e+00 0.000000e+00 	 0.000000e+00 0.000000e+00 0.000000e+00 	 0
1.750000 	 0.000000e+00 0.000000e+00 0.000000e+00 	 0.000000e+00 0.000000e+00 0.000000e+00 	 0.000000e+00 0.000000e+00 0.000000e+00 	 0
2.250000 	 0.000000e+00 0.000000e+00 0.000000e+00 	 0.000000e+00 0.000000e+00 0.000000e+00 	 0.000000e+00 0.000000e+00 0.000000e+00 	 0
2.750000 	 0.000000e+00 0.000000e+00 0.000000e+00 	 0.000000e+00 0.000000e+00 0.000000e+00 	 0.000000e+00 0.000000e+00 0.000000e+00 	 0
3.250000 	 -8.610530e-04 3.571696e-06 1.578514e-05 	 -1.493346e-05 2.175825e-06 -1.801946e-06 	 -8.759865e-04 5.747521e-06 1.398319e-05 	 48
3.750000 	 -8.741745e-04 2.489504e-06 9.596349e-08 	 -1.683091e-05 4.642946e-07 -9.857581e-07 	 -8.910055e-04 2.953799e-06 -8.897946e-07 	 585
4.250000 	 -7.038147e-04 3.270954e-06 -1.206977e-06 	 1.755840e-05 1.575708e-07 2.050138e-06 	 -6.862563e-04 3.428525e-06 8.431609e-07 	 940
4.750000 	 -3.106637e-04 -5.672967e-06 5.827492e-07 	 -7.534884e-06 -4.953514e-07 -2.177847e-06 	 -3.181986e-04 -6.168319e-06 -1.595097e-06 	 916
5.250000 	 3.348118e-07 -1.276857e-06 1.583675e-06 	 2.082190e-06 -3.136880e-07 8.754230e-07 	 2.417001e-06 -1.590545e-06 2.459098e-06 	 878
5.750000 	 6.490695e-06 4.292379e-06 -3.439101e-06 	 -3.606618e-07 4.704095e-07 5.562652e-07 	 6.130034e-06 4.762789e-06 -2.882836e-06 	 883
6.250000 	 -1.643512e-05 -4.620731e-06 1.487210e-06 	 -1.171617e-06 -8.110285e-07 -2.299132e-06 	 -1.760673e-05 -5.431759e-06 -8.119218e-07 	 847
6.750000 	 -2.075881e-05 5.892892e-06 -2.115216e-06 	 -1.310664e-06 -2.905174e-07 -7.540449e-08 	 -2.206948e-05 5.602375e-06 -2.190620e-06 	 899
7.250000 	 -1.938009e-05 -5.850165e-06 4.841420e-06 	 5.593687e-06 1.284185e-06 1.309036e-06 	 -1.378640e-05 -4.565980e-06 6.150456e-06 	 925
7.750000 	 -3.575601e-06 3.920523e-06 4.080440e-06 	 -9.009147e-06 -2.379513e-06 5.794622e-07 	 -1.258475e-05 1.541011e-06 4.659903e-06 	 912
8.250000 	 1.363350e-05 3.152400e-08 -5.348804e-06 	 6.444151e-06 3.642876e-06 -2.398928e-06 	 2.007765e-05 3.674400e-06 -7.747732e-06 	 902
8.750000 	 1.435646e-05 -3.758050e-06 -2.039874e-06 	 -3.237730e-06 4.649785e-07 -1.311386e-07 	 1.111873e-05 -3.293072e-06 -2.171013e-06 	 916
9.250000 	 9.899951e-06 2.449824e-06 7.745314e-07 	 5.529365e-06 -9.062482e-07 1.358897e-06 	 1.542932e-05 1.543576e-06 2.133428e-06 	 890
9.750000 	 3.345046e-05 -1.448325e-06 1.778111e-06 	 -2.332926e-06 -1.870417e-06 6.679129e-07 	 3.111754e-05 -3.318743e-06 2.446024e-06 	 878
10.250000 	 3.254051e-04 6.467583e-07 -2.253374e-06 	 4.564304e-06 1.323594e-07 -1.337834e-07 	 3.299694e-04 7.791177e-07 -2.387157e-06 	 873
10.750000 	 6.800022e-04 -2.336306e-07 -1.463797e-06 	 -2.014468e-05 9.243616e-07 -1.052794e-06 	 6.598575e-04 6.907310e-07 -2.516591e-06 	 944
11.250000 	 8.466394e-04 4.127680e-06 5.630333e-06 	 2.278202e-05 -6.975775e-07 3.804471e-07 	 8.694214e-04 3.430103e-06 6.010780e-06 	 541
11.750000 	 8.511949e-04 -6.677159e-06 -9.937032e-06 	 -1.945502e-06 -2.253268e-06 -5.101960e-06 	 8.492494e-04 -8.930427e-06 -1.503899e-05 	 44
12.250000 	 0.000000e+00 0.000000e+00 0.000000e+00 	 0.000000e+00 0.000000e+00 0.000000e+00 	 0.000000e+00 0.000000e+00 0.000000e+00 	 0
12.750000 	 0.000000e+00 0.000000e+00 0.000000e+00 	 0.000000e+00 0.000000e+00 0.000000e+00 	 0.000000e+00 0.000000e+00 0.000000e+00 	 0
13.250000 	 -7.831703e-05 -1.873626e-05 -1.483419e-05 	 -2.048547e-05 6.360350e-05 -1.033140e-04 	 -9.880250e-05 4.486724e-05 -1.181482e-04 	 1
13.750000 	 0.000000e+00 0.000000e+00 0.000000e+00 	 0.000000e+00 0.000000e+00 0.000000e+00 	 0.000000e+00 0.000000e+00 0.000000e+00 	 0
14.250000 	 -9.899096e-05 -1.053951e-04 -3.676069e-06 	 -5.019738e-06 3.733603e-05 2.629310e-05 	 -1.040107e-04 -6.805904e-05 2.261703e-05 	 1
14.750000 	 0.000000e+00 0.000000e+00 0.000000e+00 	 0.000000e+00 0.000000e+00 0.000000e+00 	 0.000000e+00 0.000000e+00 0.000000e+00 	 0
