# 1  2-4    5-7    8-10   11     
# x  sumEF  dirEF  recEF  #Sample
0.250000 	 -3.294494e-05 5.466654e-05 1.353016e-05 	 -1.773237e-06 3.786972e-05 1.008657e-05 	 -3.117170e-05 1.679683e-05 3.443578e-06 	 6
0.750000 	 1.469457e-04 -7.514572e-06 7.026141e-05 	 6.404548e-05 3.326146e-06 8.059105e-05 	 8.290026e-05 -1.084071e-05 -1.032966e-05 	 5
1.250000 	 5.224272e-05 -8.536745e-06 6.063241e-06 	 3.123915e-05 -3.561731e-05 -3.473705e-05 	 2.100358e-05 2.708057e-05 4.080030e-05 	 9
1.750000 	 4.041823e-05 1.860275e-05 6.690433e-05 	 1.601312e-05 6.533145e-06 1.005854e-05 	 2.440510e-05 1.206959e-05 5.684579e-05 	 7
2.250000 	 -6.379749e-05 -6.649924e-05 -2.121530e-05 	 -1.375355e-04 -2.422522e-05 -1.662602e-05 	 7.373798e-05 -4.227403e-05 -4.589285e-06 	 9
2.750000 	 -4.026024e-04 7.244001e-05 -1.058461e-04 	 -4.468142e-04 -3.417095e-05 -2.617135e-05 	 4.421181e-05 1.066110e-04 -7.967478e-05 	 8
3.250000 	 -8.530334e-04 9.330723e-08 8.299732e-07 	 -8.418091e-04 -3.767618e-07 -1.446696e-06 	 -1.122427e-05 4.700695e-07 2.276670e-06 	 1901
3.750000 	 -8.760799e-04 -2.449039e-07 9.550394e-09 	 -8.575417e-04 -4.585480e-07 6.250736e-07 	 -1.853823e-05 2.136438e-07 -6.155233e-07 	 28145
4.250000 	 -6.860920e-04 8.140448e-07 2.206466e-07 	 -7.023955e-04 4.328951e-07 -1.672597e-08 	 1.630350e-05 3.811497e-07 2.373723e-07 	 45080
4.750000 	 -3.316411e-04 4.841187e-07 -8.278806e-07 	 -3.270658e-04 1.175764e-07 -9.872092e-07 	 -4.575350e-06 3.665425e-07 1.593286e-07 	 45459
5.250000 	 -3.023723e-05 -1.148762e-07 -1.041586e-06 	 -3.132523e-05 2.863961e-07 -1.147530e-07 	 1.088002e-06 -4.012724e-07 -9.268332e-07 	 44975
5.750000 	 4.565856e-07 -6.585550e-07 7.938786e-07 	 6.503309e-07 7.085632e-08 -1.601921e-07 	 -1.937455e-07 -7.294114e-07 9.540709e-07 	 45401
6.250000 	 2.877370e-07 -7.139029e-07 4.058641e-08 	 1.398024e-07 -2.918951e-07 4.822749e-08 	 1.479349e-07 -4.220075e-07 -7.641262e-09 	 44834
6.750000 	 -8.246707e-07 -8.058283e-08 -1.717920e-06 	 2.319621e-08 -6.508925e-07 -2.385674e-07 	 -8.478673e-07 5.703096e-07 -1.479353e-06 	 45189
7.250000 	 4.315089e-07 4.025604e-07 1.149559e-06 	 3.605845e-07 -1.364438e-07 9.200595e-07 	 7.092414e-08 5.390043e-07 2.294998e-07 	 45236
7.750000 	 1.001035e-06 -9.652200e-08 -5.156559e-08 	 6.391697e-07 5.380102e-07 -8.716103e-08 	 3.618646e-07 -6.345322e-07 3.559552e-08 	 45065
8.250000 	 3.662867e-07 -2.164097e-07 -5.776944e-07 	 5.290038e-07 1.383434e-07 -7.685292e-07 	 -1.627166e-07 -3.547530e-07 1.908347e-07 	 45108
8.750000 	 -4.302260e-07 -1.034886e-06 1.424283e-06 	 -1.140470e-07 -3.009564e-07 8.931093e-07 	 -3.161789e-07 -7.339300e-07 5.311738e-07 	 45064
9.250000 	 5.599190e-07 -8.086077e-07 8.471893e-07 	 -7.294009e-07 1.125372e-07 7.627627e-08 	 1.289319e-06 -9.211451e-07 7.709129e-07 	 45107
9.750000 	 3.331107e-05 1.857085e-07 3.734594e-08 	 3.418059e-05 5.191775e-07 -3.936406e-07 	 -8.695190e-07 -3.334691e-07 4.309866e-07 	 45110
10.250000 	 3.332007e-04 8.074037e-07 8.137897e-07 	 3.296317e-04 2.122643e-07 4.327687e-07 	 3.568911e-06 5.951393e-07 3.810209e-07 	 45057
10.750000 	 6.872831e-04 -2.210147e-07 4.675300e-07 	 7.018668e-04 -3.653918e-07 -8.794795e-08 	 -1.458363e-05 1.443772e-07 5.554780e-07 	 44934
11.250000 	 8.716186e-04 1.310289e-06 7.070063e-07 	 8.547626e-04 -2.825290e-07 3.036925e-09 	 1.685599e-05 1.592818e-06 7.039694e-07 	 27486
11.750000 	 8.512845e-04 5.384835e-07 -2.309779e-06 	 8.394984e-04 9.447042e-07 1.619593e-07 	 1.178615e-05 -4.062210e-07 -2.471738e-06 	 1966
12.250000 	 5.159074e-04 3.441394e-05 4.269419e-05 	 5.034226e-04 1.775732e-05 1.245845e-05 	 1.248483e-05 1.665664e-05 3.023574e-05 	 3
12.750000 	 1.789566e-04 -1.062326e-04 -1.464319e-05 	 1.954281e-04 -4.485509e-05 -3.160577e-05 	 -1.647152e-05 -6.137748e-05 1.696258e-05 	 5
13.250000 	 -1.845798e-05 2.639712e-05 -1.952366e-05 	 -1.236240e-05 1.175721e-05 -2.691455e-05 	 -6.095569e-06 1.463991e-05 7.390891e-06 	 12
13.750000 	 3.227267e-07 -2.121427e-05 -1.039930e-04 	 -1.584943e-06 1.485237e-06 -4.802365e-05 	 1.907660e-06 -2.269950e-05 -5.596931e-05 	 3
14.250000 	 1.283469e-04 7.900975e-05 4.689688e-05 	 -1.254741e-05 5.082034e-05 -6.122022e-06 	 1.408943e-04 2.818941e-05 5.301890e-05 	 8
14.750000 	 1.262290e-05 -7.970349e-05 -3.276287e-05 	 1.891116e-05 -4.022010e-05 1.318717e-06 	 -6.288261e-06 -3.948336e-05 -3.408159e-05 	 8
