# 1  2      3      4      5      
# x  dirEF  recEF  sumEF  #Sample
0.250000 0.000000e+00 0.000000e+00 0.000000e+00 0
0.750000 0.000000e+00 0.000000e+00 0.000000e+00 0
1.250000 0.000000e+00 0.000000e+00 0.000000e+00 0
1.750000 0.000000e+00 0.000000e+00 0.000000e+00 0
2.250000 3.151584e-04 1.018980e-04 3.544906e-04 1
2.750000 0.000000e+00 0.000000e+00 0.000000e+00 0
3.250000 7.243245e-04 1.766201e-04 7.381068e-04 48
3.750000 7.423866e-04 2.063361e-04 7.919463e-04 543
4.250000 6.283433e-04 2.262056e-04 6.509507e-04 906
4.750000 3.357857e-04 2.215485e-04 4.047143e-04 916
5.250000 1.592374e-04 2.131020e-04 2.635396e-04 912
5.750000 1.557075e-04 2.044839e-04 2.543723e-04 911
6.250000 1.546135e-04 2.065706e-04 2.550657e-04 898
6.750000 1.606463e-04 2.125705e-04 2.674587e-04 883
7.250000 1.571868e-04 2.145530e-04 2.659147e-04 866
7.750000 1.570871e-04 2.262330e-04 2.725404e-04 938
8.250000 1.593484e-04 2.291593e-04 2.822148e-04 942
8.750000 1.620725e-04 2.217617e-04 2.729345e-04 893
9.250000 1.578805e-04 2.274627e-04 2.797445e-04 921
9.750000 1.616698e-04 2.237401e-04 2.772968e-04 858
10.250000 3.423073e-04 2.157126e-04 4.051442e-04 952
10.750000 6.113976e-04 2.242080e-04 6.278866e-04 863
11.250000 7.460576e-04 2.076547e-04 7.940795e-04 518
11.750000 7.303093e-04 1.928283e-04 7.880205e-04 54
12.250000 0.000000e+00 0.000000e+00 0.000000e+00 0
12.750000 0.000000e+00 0.000000e+00 0.000000e+00 0
13.250000 0.000000e+00 0.000000e+00 0.000000e+00 0
13.750000 0.000000e+00 0.000000e+00 0.000000e+00 0
14.250000 7.790676e-05 2.242137e-04 2.566849e-04 1
14.750000 0.000000e+00 0.000000e+00 0.000000e+00 0
