# 1  2-4    5-7    8-10   11     
# x  dirEF  recEF  sumEF  #Sample
0.250000 	 0.000000e+00 0.000000e+00 0.000000e+00 	 0.000000e+00 0.000000e+00 0.000000e+00 	 0.000000e+00 0.000000e+00 0.000000e+00 	 0
0.750000 	 0.000000e+00 0.000000e+00 0.000000e+00 	 0.000000e+00 0.000000e+00 0.000000e+00 	 0.000000e+00 0.000000e+00 0.000000e+00 	 0
1.250000 	 -3.010051e-05 3.557909e-05 -1.660416e-05 	 1.317893e-05 5.194151e-06 3.210625e-05 	 -1.692158e-05 4.077324e-05 1.550209e-05 	 2
1.750000 	 0.000000e+00 0.000000e+00 0.000000e+00 	 0.000000e+00 0.000000e+00 0.000000e+00 	 0.000000e+00 0.000000e+00 0.000000e+00 	 0
2.250000 	 0.000000e+00 0.000000e+00 0.000000e+00 	 0.000000e+00 0.000000e+00 0.000000e+00 	 0.000000e+00 0.000000e+00 0.000000e+00 	 0
2.750000 	 0.000000e+00 0.000000e+00 0.000000e+00 	 0.000000e+00 0.000000e+00 0.000000e+00 	 0.000000e+00 0.000000e+00 0.000000e+00 	 0
3.250000 	 -7.112079e-04 1.158977e-05 6.907571e-06 	 5.324700e-06 8.894929e-06 4.259301e-06 	 -7.058832e-04 2.048470e-05 1.116687e-05 	 38
3.750000 	 -7.224320e-04 2.016234e-06 5.201791e-06 	 -1.645201e-05 -1.765623e-06 5.706431e-07 	 -7.388840e-04 2.506113e-07 5.772434e-06 	 523
4.250000 	 -6.169253e-04 -1.261646e-06 -7.547183e-07 	 1.863942e-05 7.766994e-07 4.139071e-07 	 -5.982858e-04 -4.849464e-07 -3.408112e-07 	 873
4.750000 	 -3.081018e-04 8.334958e-07 -2.420100e-06 	 -8.595344e-06 3.574822e-07 2.191409e-07 	 -3.166971e-04 1.190978e-06 -2.200959e-06 	 938
5.250000 	 -4.299334e-05 4.336825e-06 3.569050e-06 	 2.788654e-06 7.055026e-07 -1.249944e-06 	 -4.020469e-05 5.042327e-06 2.319107e-06 	 933
5.750000 	 1.782200e-06 -4.524472e-06 -7.599082e-07 	 -2.657297e-06 -3.142757e-08 -4.569031e-07 	 -8.750967e-07 -4.555899e-06 -1.216811e-06 	 965
6.250000 	 1.854495e-05 1.142954e-06 -3.609422e-06 	 2.890190e-06 -2.196370e-06 1.571080e-07 	 2.143514e-05 -1.053416e-06 -3.452314e-06 	 915
6.750000 	 1.513577e-05 2.146027e-06 1.457184e-06 	 -1.222835e-06 1.584521e-06 -4.056548e-07 	 1.391293e-05 3.730548e-06 1.051529e-06 	 943
7.250000 	 2.610578e-05 6.893689e-07 -9.451972e-07 	 -4.816472e-07 6.576946e-07 1.535455e-06 	 2.562414e-05 1.347063e-06 5.902583e-07 	 879
7.750000 	 2.012110e-05 -1.053491e-06 1.076549e-06 	 -1.024387e-06 1.242856e-06 -3.203512e-07 	 1.909672e-05 1.893650e-07 7.561976e-07 	 923
8.250000 	 -6.011588e-06 -3.330126e-06 3.262887e-06 	 5.106794e-06 -1.211585e-06 -6.263981e-07 	 -9.047943e-07 -4.541711e-06 2.636489e-06 	 855
8.750000 	 -6.278856e-06 1.026925e-06 -3.819736e-06 	 -4.841034e-06 -1.203368e-06 5.222446e-07 	 -1.111989e-05 -1.764437e-07 -3.297491e-06 	 875
9.250000 	 -6.018913e-06 1.252708e-06 4.313927e-07 	 -3.238670e-07 1.404699e-06 5.894273e-07 	 -6.342780e-06 2.657408e-06 1.020820e-06 	 896
9.750000 	 2.650734e-05 -4.745257e-07 5.609047e-07 	 1.469747e-06 -7.899764e-07 3.655583e-07 	 2.797709e-05 -1.264502e-06 9.264629e-07 	 921
10.250000 	 2.926605e-04 1.972988e-06 -2.367601e-07 	 4.383632e-06 -1.180351e-06 -2.250732e-06 	 2.970441e-04 7.926369e-07 -2.487492e-06 	 914
10.750000 	 6.082798e-04 -9.238491e-07 -1.780434e-06 	 -1.507375e-05 1.613195e-06 5.705620e-07 	 5.932060e-04 6.893463e-07 -1.209872e-06 	 861
11.250000 	 7.324179e-04 2.436588e-06 6.320662e-06 	 1.699883e-05 -2.469921e-07 1.866946e-06 	 7.494167e-04 2.189596e-06 8.187608e-06 	 528
11.750000 	 7.107968e-04 -2.906791e-06 -3.766745e-06 	 -2.585695e-07 1.184791e-06 5.961472e-06 	 7.105383e-04 -1.722000e-06 2.194727e-06 	 42
12.250000 	 0.000000e+00 0.000000e+00 0.000000e+00 	 0.000000e+00 0.000000e+00 0.000000e+00 	 0.000000e+00 0.000000e+00 0.000000e+00 	 0
12.750000 	 0.000000e+00 0.000000e+00 0.000000e+00 	 0.000000e+00 0.000000e+00 0.000000e+00 	 0.000000e+00 0.000000e+00 0.000000e+00 	 0
13.250000 	 0.000000e+00 0.000000e+00 0.000000e+00 	 0.000000e+00 0.000000e+00 0.000000e+00 	 0.000000e+00 0.000000e+00 0.000000e+00 	 0
13.750000 	 0.000000e+00 0.000000e+00 0.000000e+00 	 0.000000e+00 0.000000e+00 0.000000e+00 	 0.000000e+00 0.000000e+00 0.000000e+00 	 0
14.250000 	 0.000000e+00 0.000000e+00 0.000000e+00 	 0.000000e+00 0.000000e+00 0.000000e+00 	 0.000000e+00 0.000000e+00 0.000000e+00 	 0
14.750000 	 0.000000e+00 0.000000e+00 0.000000e+00 	 0.000000e+00 0.000000e+00 0.000000e+00 	 0.000000e+00 0.000000e+00 0.000000e+00 	 0
