# 1  2-4    5-7    8-10   11     
# x  dirEF  recEF  sumEF  #Sample
0.250000 	 2.418906e-05 -1.321677e-05 -3.079885e-05 	 -2.730494e-05 1.929433e-05 1.398123e-05 	 -3.115873e-06 6.077560e-06 -1.681762e-05 	 1
0.750000 	 0.000000e+00 0.000000e+00 0.000000e+00 	 0.000000e+00 0.000000e+00 0.000000e+00 	 0.000000e+00 0.000000e+00 0.000000e+00 	 0
1.250000 	 6.076501e-05 -4.142048e-05 -4.060560e-05 	 -3.457855e-05 5.531534e-05 -7.072985e-06 	 2.618646e-05 1.389485e-05 -4.767859e-05 	 1
1.750000 	 0.000000e+00 0.000000e+00 0.000000e+00 	 0.000000e+00 0.000000e+00 0.000000e+00 	 0.000000e+00 0.000000e+00 0.000000e+00 	 0
2.250000 	 -1.077367e-04 2.144215e-05 -4.452071e-05 	 3.906159e-05 4.668635e-05 -5.984201e-05 	 -6.867515e-05 6.812850e-05 -1.043627e-04 	 1
2.750000 	 0.000000e+00 0.000000e+00 0.000000e+00 	 0.000000e+00 0.000000e+00 0.000000e+00 	 0.000000e+00 0.000000e+00 0.000000e+00 	 0
3.250000 	 -7.279643e-04 -7.201431e-06 -1.730770e-05 	 -4.476280e-06 1.102049e-05 -5.461722e-07 	 -7.324406e-04 3.819060e-06 -1.785387e-05 	 39
3.750000 	 -7.325744e-04 -6.295919e-07 3.134822e-06 	 -1.970023e-05 4.348538e-07 -2.776730e-06 	 -7.522746e-04 -1.947382e-07 3.580925e-07 	 551
4.250000 	 -6.101454e-04 -3.675000e-06 4.025138e-07 	 1.689932e-05 3.659263e-07 1.281399e-06 	 -5.932461e-04 -3.309074e-06 1.683913e-06 	 917
4.750000 	 -3.006957e-04 2.995790e-06 -5.440580e-07 	 -4.108074e-06 7.764798e-07 9.223994e-08 	 -3.048038e-04 3.772269e-06 -4.518180e-07 	 933
5.250000 	 -3.185002e-05 -1.557335e-06 1.984774e-07 	 -4.035958e-06 -9.769250e-07 -1.612806e-07 	 -3.588598e-05 -2.534260e-06 3.719676e-08 	 878
5.750000 	 1.135312e-05 6.116089e-08 1.299705e-06 	 6.491596e-06 8.086675e-07 -3.599404e-07 	 1.784471e-05 8.698283e-07 9.397647e-07 	 948
6.250000 	 1.173852e-05 2.353967e-06 1.619283e-06 	 -3.550760e-06 -8.154504e-07 2.027689e-08 	 8.187765e-06 1.538517e-06 1.639560e-06 	 911
6.750000 	 -2.507674e-06 -2.997181e-08 -3.330842e-07 	 -6.435622e-07 -1.830483e-06 9.717660e-07 	 -3.151236e-06 -1.860455e-06 6.386817e-07 	 890
7.250000 	 -4.390217e-06 -1.288081e-06 1.418212e-06 	 9.952634e-07 2.684355e-06 -1.325458e-06 	 -3.394954e-06 1.396274e-06 9.275392e-08 	 908
7.750000 	 1.496367e-05 -1.611085e-06 -4.584969e-06 	 -2.126494e-06 -9.927828e-07 4.457416e-07 	 1.283718e-05 -2.603868e-06 -4.139228e-06 	 936
8.250000 	 1.149787e-05 5.524545e-07 -2.055079e-06 	 3.692390e-06 4.996218e-07 -3.239365e-08 	 1.519026e-05 1.052076e-06 -2.087472e-06 	 894
8.750000 	 1.856445e-06 2.751210e-06 1.686678e-06 	 5.844254e-07 5.525389e-08 8.205845e-07 	 2.440871e-06 2.806464e-06 2.507263e-06 	 826
9.250000 	 -3.949332e-06 -2.618731e-06 1.553155e-06 	 -1.089572e-06 7.192043e-07 -1.906443e-07 	 -5.038904e-06 -1.899526e-06 1.362510e-06 	 897
9.750000 	 1.710576e-05 3.664355e-06 -1.284126e-06 	 -2.650058e-06 2.814246e-07 -9.165529e-07 	 1.445570e-05 3.945780e-06 -2.200679e-06 	 929
10.250000 	 2.827697e-04 2.003325e-06 3.150133e-06 	 5.345168e-06 -5.100637e-07 -3.918996e-07 	 2.881149e-04 1.493262e-06 2.758234e-06 	 915
10.750000 	 6.146413e-04 -1.976636e-06 -2.779545e-07 	 -1.410256e-05 -3.787559e-07 1.147336e-06 	 6.005388e-04 -2.355392e-06 8.693820e-07 	 894
11.250000 	 7.388940e-04 -7.278553e-06 1.809258e-06 	 1.762338e-05 1.279026e-06 -4.385737e-07 	 7.565174e-04 -5.999527e-06 1.370684e-06 	 519
11.750000 	 7.296930e-04 2.421957e-05 7.726113e-06 	 4.655227e-06 -3.898860e-06 3.118034e-07 	 7.343482e-04 2.032071e-05 8.037917e-06 	 35
12.250000 	 0.000000e+00 0.000000e+00 0.000000e+00 	 0.000000e+00 0.000000e+00 0.000000e+00 	 0.000000e+00 0.000000e+00 0.000000e+00 	 0
12.750000 	 0.000000e+00 0.000000e+00 0.000000e+00 	 0.000000e+00 0.000000e+00 0.000000e+00 	 0.000000e+00 0.000000e+00 0.000000e+00 	 0
13.250000 	 0.000000e+00 0.000000e+00 0.000000e+00 	 0.000000e+00 0.000000e+00 0.000000e+00 	 0.000000e+00 0.000000e+00 0.000000e+00 	 0
13.750000 	 4.620599e-05 -3.158870e-05 -8.179139e-05 	 1.341596e-04 -3.407334e-05 1.237992e-05 	 1.803656e-04 -6.566204e-05 -6.941147e-05 	 1
14.250000 	 0.000000e+00 0.000000e+00 0.000000e+00 	 0.000000e+00 0.000000e+00 0.000000e+00 	 0.000000e+00 0.000000e+00 0.000000e+00 	 0
14.750000 	 0.000000e+00 0.000000e+00 0.000000e+00 	 0.000000e+00 0.000000e+00 0.000000e+00 	 0.000000e+00 0.000000e+00 0.000000e+00 	 0
