# 1  2-4    5-7    8-10   11     
# x  dirEF  recEF  sumEF  #Sample
0.250000 	 0.000000e+00 0.000000e+00 0.000000e+00 	 0.000000e+00 0.000000e+00 0.000000e+00 	 0.000000e+00 0.000000e+00 0.000000e+00 	 0
0.750000 	 0.000000e+00 0.000000e+00 0.000000e+00 	 0.000000e+00 0.000000e+00 0.000000e+00 	 0.000000e+00 0.000000e+00 0.000000e+00 	 0
1.250000 	 -3.010051e-05 3.557909e-05 -1.660416e-05 	 6.806524e-05 -1.246714e-05 7.223816e-05 	 3.796473e-05 2.311195e-05 5.563400e-05 	 2
1.750000 	 0.000000e+00 0.000000e+00 0.000000e+00 	 0.000000e+00 0.000000e+00 0.000000e+00 	 0.000000e+00 0.000000e+00 0.000000e+00 	 0
2.250000 	 0.000000e+00 0.000000e+00 0.000000e+00 	 0.000000e+00 0.000000e+00 0.000000e+00 	 0.000000e+00 0.000000e+00 0.000000e+00 	 0
2.750000 	 0.000000e+00 0.000000e+00 0.000000e+00 	 0.000000e+00 0.000000e+00 0.000000e+00 	 0.000000e+00 0.000000e+00 0.000000e+00 	 0
3.250000 	 -7.112079e-04 1.158977e-05 6.907571e-06 	 -7.678896e-07 7.482899e-06 7.442864e-06 	 -7.119758e-04 1.907267e-05 1.435044e-05 	 38
3.750000 	 -7.224320e-04 2.016234e-06 5.201791e-06 	 -1.349961e-05 2.863751e-06 -1.104317e-06 	 -7.359316e-04 4.879985e-06 4.097474e-06 	 523
4.250000 	 -6.169253e-04 -1.261646e-06 -7.547183e-07 	 2.609294e-05 6.465159e-07 2.880473e-07 	 -5.908323e-04 -6.151299e-07 -4.666710e-07 	 873
4.750000 	 -3.081018e-04 8.334958e-07 -2.420100e-06 	 -9.344478e-06 -2.022089e-07 4.903065e-06 	 -3.174463e-04 6.312869e-07 2.482965e-06 	 938
5.250000 	 -4.299334e-05 4.336825e-06 3.569050e-06 	 1.178962e-06 -6.502601e-06 -6.437505e-06 	 -4.181438e-05 -2.165777e-06 -2.868455e-06 	 933
5.750000 	 1.782200e-06 -4.524472e-06 -7.599082e-07 	 -3.818147e-06 -4.307169e-06 -3.584092e-06 	 -2.035947e-06 -8.831641e-06 -4.344000e-06 	 965
6.250000 	 1.854495e-05 1.142954e-06 -3.609422e-06 	 6.158611e-06 6.918191e-07 1.192181e-06 	 2.470356e-05 1.834773e-06 -2.417241e-06 	 915
6.750000 	 1.513577e-05 2.146027e-06 1.457184e-06 	 -9.894566e-06 9.789141e-07 1.509999e-07 	 5.241202e-06 3.124941e-06 1.608184e-06 	 943
7.250000 	 2.610578e-05 6.893689e-07 -9.451972e-07 	 -4.149626e-06 -1.514490e-08 3.595480e-06 	 2.195616e-05 6.742240e-07 2.650283e-06 	 879
7.750000 	 2.012110e-05 -1.053491e-06 1.076549e-06 	 1.586454e-06 1.422994e-06 1.164048e-07 	 2.170756e-05 3.695033e-07 1.192954e-06 	 923
8.250000 	 -6.011588e-06 -3.330126e-06 3.262887e-06 	 2.841539e-06 1.480424e-06 -5.822123e-06 	 -3.170049e-06 -1.849702e-06 -2.559236e-06 	 855
8.750000 	 -6.278856e-06 1.026925e-06 -3.819736e-06 	 -2.117228e-06 -3.423729e-08 -3.344764e-06 	 -8.396084e-06 9.926874e-07 -7.164500e-06 	 875
9.250000 	 -6.018913e-06 1.252708e-06 4.313927e-07 	 -9.952551e-07 1.742288e-06 -3.901046e-06 	 -7.014169e-06 2.994996e-06 -3.469653e-06 	 896
9.750000 	 2.650734e-05 -4.745257e-07 5.609047e-07 	 4.457905e-06 8.847785e-08 6.347105e-07 	 3.096525e-05 -3.860478e-07 1.195615e-06 	 921
10.250000 	 2.926605e-04 1.972988e-06 -2.367601e-07 	 -9.102185e-06 -5.089044e-07 1.779903e-06 	 2.835583e-04 1.464084e-06 1.543143e-06 	 914
10.750000 	 6.082798e-04 -9.238491e-07 -1.780434e-06 	 -1.883453e-05 -2.405102e-06 4.496993e-06 	 5.894452e-04 -3.328951e-06 2.716559e-06 	 861
11.250000 	 7.324179e-04 2.436588e-06 6.320662e-06 	 2.151184e-05 -9.240605e-06 5.913334e-06 	 7.539298e-04 -6.804017e-06 1.223400e-05 	 528
11.750000 	 7.107968e-04 -2.906791e-06 -3.766745e-06 	 -1.148923e-05 3.362833e-06 -1.579789e-06 	 6.993076e-04 4.560421e-07 -5.346534e-06 	 42
12.250000 	 0.000000e+00 0.000000e+00 0.000000e+00 	 0.000000e+00 0.000000e+00 0.000000e+00 	 0.000000e+00 0.000000e+00 0.000000e+00 	 0
12.750000 	 0.000000e+00 0.000000e+00 0.000000e+00 	 0.000000e+00 0.000000e+00 0.000000e+00 	 0.000000e+00 0.000000e+00 0.000000e+00 	 0
13.250000 	 0.000000e+00 0.000000e+00 0.000000e+00 	 0.000000e+00 0.000000e+00 0.000000e+00 	 0.000000e+00 0.000000e+00 0.000000e+00 	 0
13.750000 	 0.000000e+00 0.000000e+00 0.000000e+00 	 0.000000e+00 0.000000e+00 0.000000e+00 	 0.000000e+00 0.000000e+00 0.000000e+00 	 0
14.250000 	 0.000000e+00 0.000000e+00 0.000000e+00 	 0.000000e+00 0.000000e+00 0.000000e+00 	 0.000000e+00 0.000000e+00 0.000000e+00 	 0
14.750000 	 0.000000e+00 0.000000e+00 0.000000e+00 	 0.000000e+00 0.000000e+00 0.000000e+00 	 0.000000e+00 0.000000e+00 0.000000e+00 	 0
