# 1  2-4    5-7    8-10   11     
# x  dirEF  recEF  sumEF  #Sample
0.250000 	 0.000000e+00 0.000000e+00 0.000000e+00 	 0.000000e+00 0.000000e+00 0.000000e+00 	 0.000000e+00 0.000000e+00 0.000000e+00 	 0
0.750000 	 1.818848e-04 -4.989809e-05 1.275209e-04 	 9.055288e-05 4.934265e-05 -1.199202e-04 	 2.724376e-04 -5.554403e-07 7.600729e-06 	 1
1.250000 	 0.000000e+00 0.000000e+00 0.000000e+00 	 0.000000e+00 0.000000e+00 0.000000e+00 	 0.000000e+00 0.000000e+00 0.000000e+00 	 0
1.750000 	 0.000000e+00 0.000000e+00 0.000000e+00 	 0.000000e+00 0.000000e+00 0.000000e+00 	 0.000000e+00 0.000000e+00 0.000000e+00 	 0
2.250000 	 0.000000e+00 0.000000e+00 0.000000e+00 	 0.000000e+00 0.000000e+00 0.000000e+00 	 0.000000e+00 0.000000e+00 0.000000e+00 	 0
2.750000 	 0.000000e+00 0.000000e+00 0.000000e+00 	 0.000000e+00 0.000000e+00 0.000000e+00 	 0.000000e+00 0.000000e+00 0.000000e+00 	 0
3.250000 	 -7.367318e-04 1.298650e-05 1.496655e-05 	 -4.155567e-05 2.476739e-05 -9.985934e-07 	 -7.782875e-04 3.775389e-05 1.396796e-05 	 36
3.750000 	 -7.297554e-04 -2.017925e-06 -7.093756e-06 	 -1.889714e-05 -3.501098e-06 7.843003e-06 	 -7.486525e-04 -5.519023e-06 7.492476e-07 	 590
4.250000 	 -5.943102e-04 1.363528e-06 6.544033e-07 	 1.841264e-05 4.751290e-06 4.095436e-06 	 -5.758976e-04 6.114818e-06 4.749839e-06 	 899
4.750000 	 -2.686038e-04 -1.573163e-07 4.999922e-07 	 -1.188341e-05 5.680016e-06 3.237878e-06 	 -2.804872e-04 5.522700e-06 3.737870e-06 	 951
5.250000 	 -1.681399e-05 -3.791422e-06 3.136421e-06 	 -2.089287e-08 2.159030e-06 -6.838384e-07 	 -1.683488e-05 -1.632392e-06 2.452583e-06 	 881
5.750000 	 9.320819e-06 5.529690e-07 -4.006904e-06 	 -1.198774e-05 1.992293e-06 7.540025e-06 	 -2.666918e-06 2.545262e-06 3.533121e-06 	 908
6.250000 	 -2.303092e-06 1.626056e-06 -1.656773e-06 	 -3.758689e-06 -6.493924e-06 4.429299e-06 	 -6.061781e-06 -4.867868e-06 2.772526e-06 	 872
6.750000 	 -5.436961e-06 9.877320e-07 -6.741881e-07 	 -2.151990e-06 7.809545e-07 -9.255783e-06 	 -7.588951e-06 1.768687e-06 -9.929971e-06 	 897
7.250000 	 -9.813522e-06 1.125621e-06 4.757543e-06 	 7.969322e-06 -6.019104e-07 -6.014813e-06 	 -1.844200e-06 5.237106e-07 -1.257269e-06 	 920
7.750000 	 -4.373277e-06 -4.550112e-08 -3.708837e-06 	 -5.793233e-06 -2.424313e-06 -5.290795e-06 	 -1.016651e-05 -2.469814e-06 -8.999631e-06 	 868
8.250000 	 -1.937688e-06 3.159309e-07 2.899885e-06 	 4.438151e-06 -7.636409e-06 -1.642804e-06 	 2.500463e-06 -7.320478e-06 1.257081e-06 	 944
8.750000 	 -1.012064e-05 -3.217381e-07 -7.069955e-07 	 1.092815e-07 2.639431e-06 1.695370e-06 	 -1.001136e-05 2.317693e-06 9.883743e-07 	 897
9.250000 	 6.007189e-06 -5.865849e-07 2.384618e-07 	 9.684197e-07 -2.410742e-06 1.164739e-05 	 6.975609e-06 -2.997327e-06 1.188585e-05 	 916
9.750000 	 5.090635e-05 6.349247e-07 -1.966082e-06 	 -2.459532e-06 5.282660e-06 3.568826e-06 	 4.844681e-05 5.917584e-06 1.602744e-06 	 928
10.250000 	 2.879150e-04 -2.310788e-06 -6.026734e-07 	 1.984813e-05 1.992603e-06 5.049800e-07 	 3.077631e-04 -3.181844e-07 -9.769339e-08 	 870
10.750000 	 6.073505e-04 5.176159e-07 3.132627e-06 	 1.896958e-06 2.653622e-06 -5.439419e-06 	 6.092475e-04 3.171238e-06 -2.306792e-06 	 885
11.250000 	 7.202686e-04 7.295911e-07 -2.816349e-06 	 2.534004e-05 -4.471224e-06 7.825492e-06 	 7.456086e-04 -3.741633e-06 5.009143e-06 	 528
11.750000 	 7.006228e-04 -4.660491e-06 7.003053e-06 	 -3.977206e-07 -1.073862e-05 -2.658396e-05 	 7.002251e-04 -1.539911e-05 -1.958091e-05 	 33
12.250000 	 0.000000e+00 0.000000e+00 0.000000e+00 	 0.000000e+00 0.000000e+00 0.000000e+00 	 0.000000e+00 0.000000e+00 0.000000e+00 	 0
12.750000 	 0.000000e+00 0.000000e+00 0.000000e+00 	 0.000000e+00 0.000000e+00 0.000000e+00 	 0.000000e+00 0.000000e+00 0.000000e+00 	 0
13.250000 	 0.000000e+00 0.000000e+00 0.000000e+00 	 0.000000e+00 0.000000e+00 0.000000e+00 	 0.000000e+00 0.000000e+00 0.000000e+00 	 0
13.750000 	 0.000000e+00 0.000000e+00 0.000000e+00 	 0.000000e+00 0.000000e+00 0.000000e+00 	 0.000000e+00 0.000000e+00 0.000000e+00 	 0
14.250000 	 0.000000e+00 0.000000e+00 0.000000e+00 	 0.000000e+00 0.000000e+00 0.000000e+00 	 0.000000e+00 0.000000e+00 0.000000e+00 	 0
14.750000 	 0.000000e+00 0.000000e+00 0.000000e+00 	 0.000000e+00 0.000000e+00 0.000000e+00 	 0.000000e+00 0.000000e+00 0.000000e+00 	 0
