# 1  2-4    5-7    8-10   11     
# x  dirEF  recEF  sumEF  #Sample
0.250000 	 0.000000e+00 0.000000e+00 0.000000e+00 	 0.000000e+00 0.000000e+00 0.000000e+00 	 0.000000e+00 0.000000e+00 0.000000e+00 	 0
0.750000 	 0.000000e+00 0.000000e+00 0.000000e+00 	 0.000000e+00 0.000000e+00 0.000000e+00 	 0.000000e+00 0.000000e+00 0.000000e+00 	 0
1.250000 	 0.000000e+00 0.000000e+00 0.000000e+00 	 0.000000e+00 0.000000e+00 0.000000e+00 	 0.000000e+00 0.000000e+00 0.000000e+00 	 0
1.750000 	 2.325330e-05 2.631722e-05 3.838814e-05 	 8.260047e-06 -1.991344e-05 1.520016e-05 	 3.151335e-05 6.403778e-06 5.358830e-05 	 2
2.250000 	 0.000000e+00 0.000000e+00 0.000000e+00 	 0.000000e+00 0.000000e+00 0.000000e+00 	 0.000000e+00 0.000000e+00 0.000000e+00 	 0
2.750000 	 -2.709844e-04 4.683479e-08 5.259789e-05 	 -4.856304e-05 6.893444e-05 -5.031804e-05 	 -3.195474e-04 6.898127e-05 2.279850e-06 	 1
3.250000 	 -7.082790e-04 -1.895614e-05 -1.497889e-05 	 -3.016505e-06 9.828719e-07 1.449286e-06 	 -7.112955e-04 -1.797327e-05 -1.352961e-05 	 39
3.750000 	 -7.273268e-04 1.455125e-06 1.784671e-06 	 -1.929428e-05 8.413242e-07 1.993543e-06 	 -7.466211e-04 2.296449e-06 3.778213e-06 	 547
4.250000 	 -5.967579e-04 -2.706374e-06 2.547534e-06 	 1.489294e-05 3.198749e-08 -2.364388e-06 	 -5.818649e-04 -2.674387e-06 1.831458e-07 	 905
4.750000 	 -2.921456e-04 4.123994e-06 -4.696218e-06 	 -2.556388e-06 -1.081134e-07 9.181399e-07 	 -2.947020e-04 4.015880e-06 -3.778079e-06 	 904
5.250000 	 -2.703280e-05 -3.320583e-06 1.196870e-06 	 8.513580e-07 2.284980e-08 -2.530337e-07 	 -2.618144e-05 -3.297733e-06 9.438364e-07 	 918
5.750000 	 -1.802123e-06 3.596163e-06 1.380514e-06 	 -4.223726e-06 -1.305494e-06 6.300216e-07 	 -6.025849e-06 2.290669e-06 2.010535e-06 	 930
6.250000 	 1.683494e-05 -1.391694e-06 1.550540e-06 	 5.422211e-06 9.559004e-07 2.334804e-07 	 2.225715e-05 -4.357932e-07 1.784020e-06 	 914
6.750000 	 2.151610e-05 -2.515507e-06 -2.205089e-07 	 -6.635010e-06 2.854327e-07 4.864603e-07 	 1.488109e-05 -2.230075e-06 2.659514e-07 	 888
7.250000 	 1.624933e-05 -3.517772e-06 -4.028543e-07 	 7.145648e-06 7.525120e-07 -8.965745e-07 	 2.339498e-05 -2.765260e-06 -1.299429e-06 	 897
7.750000 	 -1.843067e-06 5.707252e-06 -1.448464e-06 	 -5.658340e-06 -1.667981e-06 1.011481e-06 	 -7.501407e-06 4.039270e-06 -4.369828e-07 	 838
8.250000 	 -2.021244e-05 -3.220859e-06 -7.218139e-08 	 4.849217e-06 5.730530e-07 -1.344314e-06 	 -1.536322e-05 -2.647806e-06 -1.416496e-06 	 856
8.750000 	 -3.085488e-05 2.750214e-06 -2.087476e-06 	 -3.679858e-06 2.537966e-07 8.481357e-07 	 -3.453474e-05 3.004011e-06 -1.239341e-06 	 911
9.250000 	 -1.542732e-05 -1.818871e-06 1.892641e-06 	 -1.874413e-06 -1.083481e-06 1.321064e-06 	 -1.730173e-05 -2.902352e-06 3.213704e-06 	 917
9.750000 	 2.348050e-05 -1.037558e-06 5.476872e-06 	 7.473459e-06 1.527587e-06 -1.116053e-06 	 3.095396e-05 4.900289e-07 4.360819e-06 	 951
10.250000 	 3.010648e-04 -2.319972e-06 -6.879877e-06 	 -3.837121e-06 -1.472769e-06 -3.359440e-07 	 2.972277e-04 -3.792741e-06 -7.215821e-06 	 885
10.750000 	 6.186778e-04 3.612945e-06 -1.670453e-06 	 -1.275514e-05 7.725030e-07 4.195758e-07 	 6.059226e-04 4.385448e-06 -1.250877e-06 	 927
11.250000 	 7.259539e-04 9.747954e-07 3.680512e-06 	 1.740692e-05 -1.116952e-08 1.135058e-07 	 7.433608e-04 9.636259e-07 3.794018e-06 	 554
11.750000 	 7.223805e-04 -3.414755e-06 6.750014e-06 	 -6.509246e-06 5.022511e-06 2.329189e-06 	 7.158713e-04 1.607756e-06 9.079202e-06 	 39
12.250000 	 0.000000e+00 0.000000e+00 0.000000e+00 	 0.000000e+00 0.000000e+00 0.000000e+00 	 0.000000e+00 0.000000e+00 0.000000e+00 	 0
12.750000 	 8.043879e-05 -3.892916e-05 4.582037e-05 	 -5.013932e-05 -2.390672e-06 5.704642e-05 	 3.029947e-05 -4.131984e-05 1.028668e-04 	 1
13.250000 	 0.000000e+00 0.000000e+00 0.000000e+00 	 0.000000e+00 0.000000e+00 0.000000e+00 	 0.000000e+00 0.000000e+00 0.000000e+00 	 0
13.750000 	 0.000000e+00 0.000000e+00 0.000000e+00 	 0.000000e+00 0.000000e+00 0.000000e+00 	 0.000000e+00 0.000000e+00 0.000000e+00 	 0
14.250000 	 0.000000e+00 0.000000e+00 0.000000e+00 	 0.000000e+00 0.000000e+00 0.000000e+00 	 0.000000e+00 0.000000e+00 0.000000e+00 	 0
14.750000 	 0.000000e+00 0.000000e+00 0.000000e+00 	 0.000000e+00 0.000000e+00 0.000000e+00 	 0.000000e+00 0.000000e+00 0.000000e+00 	 0
