# 1  2-4    5-7    8-10   11     
# x  dirEF  recEF  sumEF  #Sample
0.250000 	 0.000000e+00 0.000000e+00 0.000000e+00 	 0.000000e+00 0.000000e+00 0.000000e+00 	 0.000000e+00 0.000000e+00 0.000000e+00 	 0
0.750000 	 0.000000e+00 0.000000e+00 0.000000e+00 	 0.000000e+00 0.000000e+00 0.000000e+00 	 0.000000e+00 0.000000e+00 0.000000e+00 	 0
1.250000 	 0.000000e+00 0.000000e+00 0.000000e+00 	 0.000000e+00 0.000000e+00 0.000000e+00 	 0.000000e+00 0.000000e+00 0.000000e+00 	 0
1.750000 	 0.000000e+00 0.000000e+00 0.000000e+00 	 0.000000e+00 0.000000e+00 0.000000e+00 	 0.000000e+00 0.000000e+00 0.000000e+00 	 0
2.250000 	 -1.199340e-04 6.169759e-05 -6.632926e-05 	 -2.259972e-06 -3.975337e-05 3.374646e-05 	 -1.221940e-04 2.194422e-05 -3.258281e-05 	 1
2.750000 	 0.000000e+00 0.000000e+00 0.000000e+00 	 0.000000e+00 0.000000e+00 0.000000e+00 	 0.000000e+00 0.000000e+00 0.000000e+00 	 0
3.250000 	 -7.332248e-04 2.069154e-05 5.586363e-06 	 -7.209380e-06 -3.800049e-06 -7.934684e-07 	 -7.404342e-04 1.689150e-05 4.792894e-06 	 36
3.750000 	 -7.470260e-04 -4.812588e-06 -5.201708e-07 	 -1.818700e-05 2.573115e-06 -1.324317e-06 	 -7.652130e-04 -2.239472e-06 -1.844488e-06 	 600
4.250000 	 -6.013643e-04 1.819716e-06 2.481148e-08 	 1.908681e-05 -1.073680e-06 -4.149991e-07 	 -5.822775e-04 7.460355e-07 -3.901876e-07 	 931
4.750000 	 -2.586427e-04 -1.729679e-06 -1.491199e-06 	 -9.268102e-06 2.154991e-07 3.446776e-07 	 -2.679108e-04 -1.514179e-06 -1.146521e-06 	 968
5.250000 	 -3.772283e-06 6.056809e-06 1.616046e-06 	 7.497954e-06 -8.786583e-07 4.967439e-08 	 3.725671e-06 5.178151e-06 1.665721e-06 	 912
5.750000 	 2.128743e-05 -3.389451e-06 -1.311441e-06 	 -1.363409e-06 -4.049162e-07 3.196985e-07 	 1.992402e-05 -3.794368e-06 -9.917426e-07 	 934
6.250000 	 1.615219e-05 1.737861e-06 4.166829e-06 	 -6.912510e-06 4.227435e-07 4.032701e-07 	 9.239677e-06 2.160605e-06 4.570099e-06 	 852
6.750000 	 1.178584e-05 -2.640892e-07 1.452610e-06 	 4.046977e-06 -2.272851e-08 -1.735806e-06 	 1.583282e-05 -2.868177e-07 -2.831958e-07 	 885
7.250000 	 2.407204e-06 8.965133e-07 -3.999838e-06 	 1.879981e-06 2.299003e-07 7.645203e-07 	 4.287186e-06 1.126414e-06 -3.235318e-06 	 901
7.750000 	 3.509397e-06 -5.612302e-08 -2.588902e-06 	 -3.449191e-06 -7.322464e-07 2.458804e-06 	 6.020577e-08 -7.883694e-07 -1.300977e-07 	 866
8.250000 	 -3.910263e-07 -1.776902e-07 -2.744284e-06 	 3.114319e-06 1.068444e-06 -2.791616e-06 	 2.723292e-06 8.907541e-07 -5.535900e-06 	 846
8.750000 	 -7.235341e-06 -6.718183e-07 4.794366e-06 	 2.249858e-06 -4.715564e-07 7.575149e-07 	 -4.985483e-06 -1.143375e-06 5.551881e-06 	 899
9.250000 	 -1.413745e-05 9.663587e-07 -1.868260e-06 	 -3.195516e-06 1.264805e-06 -2.166283e-06 	 -1.733296e-05 2.231164e-06 -4.034543e-06 	 909
9.750000 	 1.810271e-05 -1.841921e-06 1.904197e-06 	 3.311783e-06 -2.043729e-07 3.102863e-06 	 2.141449e-05 -2.046294e-06 5.007061e-06 	 868
10.250000 	 2.798520e-04 7.511073e-07 2.838283e-06 	 -1.830515e-06 -9.563130e-07 -1.428019e-06 	 2.780214e-04 -2.052057e-07 1.410264e-06 	 906
10.750000 	 5.983078e-04 1.606412e-08 -3.364505e-06 	 -6.218338e-06 7.604042e-07 -9.185406e-07 	 5.920894e-04 7.764683e-07 -4.283046e-06 	 911
11.250000 	 7.316924e-04 -1.617395e-06 1.759601e-06 	 8.939527e-06 3.909061e-09 1.265647e-06 	 7.406319e-04 -1.613486e-06 3.025248e-06 	 560
11.750000 	 7.344428e-04 2.154969e-05 1.034172e-05 	 1.370646e-05 2.930926e-06 4.200340e-07 	 7.481492e-04 2.448062e-05 1.076175e-05 	 37
12.250000 	 0.000000e+00 0.000000e+00 0.000000e+00 	 0.000000e+00 0.000000e+00 0.000000e+00 	 0.000000e+00 0.000000e+00 0.000000e+00 	 0
12.750000 	 0.000000e+00 0.000000e+00 0.000000e+00 	 0.000000e+00 0.000000e+00 0.000000e+00 	 0.000000e+00 0.000000e+00 0.000000e+00 	 0
13.250000 	 0.000000e+00 0.000000e+00 0.000000e+00 	 0.000000e+00 0.000000e+00 0.000000e+00 	 0.000000e+00 0.000000e+00 0.000000e+00 	 0
13.750000 	 0.000000e+00 0.000000e+00 0.000000e+00 	 0.000000e+00 0.000000e+00 0.000000e+00 	 0.000000e+00 0.000000e+00 0.000000e+00 	 0
14.250000 	 -2.201237e-05 -2.390262e-07 1.245515e-04 	 4.237117e-05 2.000826e-05 5.583109e-05 	 2.035880e-05 1.976923e-05 1.803826e-04 	 1
14.750000 	 -3.077826e-05 -7.782964e-05 2.016321e-05 	 8.287536e-05 3.344127e-05 -2.384280e-05 	 5.209710e-05 -4.438837e-05 -3.679585e-06 	 1
