# 1  2-4    5-7    8-10   11     
# x  dirEF  recEF  sumEF  #Sample
0.250000 	 0.000000e+00 0.000000e+00 0.000000e+00 	 0.000000e+00 0.000000e+00 0.000000e+00 	 0.000000e+00 0.000000e+00 0.000000e+00 	 0
0.750000 	 0.000000e+00 0.000000e+00 0.000000e+00 	 0.000000e+00 0.000000e+00 0.000000e+00 	 0.000000e+00 0.000000e+00 0.000000e+00 	 0
1.250000 	 0.000000e+00 0.000000e+00 0.000000e+00 	 0.000000e+00 0.000000e+00 0.000000e+00 	 0.000000e+00 0.000000e+00 0.000000e+00 	 0
1.750000 	 0.000000e+00 0.000000e+00 0.000000e+00 	 0.000000e+00 0.000000e+00 0.000000e+00 	 0.000000e+00 0.000000e+00 0.000000e+00 	 0
2.250000 	 0.000000e+00 0.000000e+00 0.000000e+00 	 0.000000e+00 0.000000e+00 0.000000e+00 	 0.000000e+00 0.000000e+00 0.000000e+00 	 0
2.750000 	 -2.885615e-04 5.468631e-05 1.010783e-04 	 -1.382316e-05 -2.564917e-05 1.324249e-05 	 -3.023846e-04 2.903714e-05 1.143208e-04 	 1
3.250000 	 -7.059328e-04 -1.288278e-05 -9.551764e-06 	 -2.264891e-05 5.788591e-06 -6.285078e-06 	 -7.285817e-04 -7.094193e-06 -1.583684e-05 	 29
3.750000 	 -7.228669e-04 1.535757e-06 -3.080305e-06 	 -1.328274e-05 1.913168e-07 -1.648721e-06 	 -7.361497e-04 1.727074e-06 -4.729026e-06 	 568
4.250000 	 -6.062048e-04 4.261732e-06 2.825755e-06 	 1.154799e-05 9.375730e-07 1.103138e-06 	 -5.946568e-04 5.199305e-06 3.928893e-06 	 868
4.750000 	 -2.872150e-04 -3.741347e-06 -2.954544e-06 	 -1.455404e-06 2.419967e-07 -8.226316e-07 	 -2.886704e-04 -3.499351e-06 -3.777176e-06 	 899
5.250000 	 -2.743335e-05 -6.624519e-07 3.055600e-06 	 -4.361627e-06 -1.364711e-06 3.733321e-07 	 -3.179498e-05 -2.027163e-06 3.428932e-06 	 938
5.750000 	 8.920199e-06 8.970905e-07 1.097141e-06 	 3.491336e-06 4.433356e-07 1.629779e-06 	 1.241154e-05 1.340426e-06 2.726920e-06 	 866
6.250000 	 3.863482e-07 -1.042880e-06 -2.016485e-06 	 -2.001189e-06 2.558989e-07 -2.199106e-06 	 -1.614841e-06 -7.869813e-07 -4.215591e-06 	 903
6.750000 	 -4.168204e-06 5.415574e-07 3.482438e-07 	 9.262558e-07 7.877113e-07 9.066946e-07 	 -3.241949e-06 1.329269e-06 1.254938e-06 	 849
7.250000 	 -2.160899e-05 -3.832471e-06 -1.669146e-06 	 1.282559e-06 -7.448645e-07 -4.119753e-07 	 -2.032643e-05 -4.577336e-06 -2.081121e-06 	 949
7.750000 	 -1.412081e-05 4.973589e-06 3.713596e-06 	 -6.735774e-07 2.982329e-07 -1.705502e-06 	 -1.479439e-05 5.271822e-06 2.008094e-06 	 916
8.250000 	 1.279429e-06 -2.827079e-06 -1.829967e-06 	 -1.089186e-07 -2.312952e-07 1.391709e-06 	 1.170511e-06 -3.058374e-06 -4.382586e-07 	 919
8.750000 	 1.375891e-05 6.931606e-07 -1.316901e-06 	 -1.491333e-06 -7.863533e-07 7.534739e-07 	 1.226757e-05 -9.319272e-08 -5.634275e-07 	 946
9.250000 	 1.374347e-05 1.133521e-06 4.587638e-06 	 -3.512434e-06 -3.121559e-07 -1.773440e-06 	 1.023104e-05 8.213648e-07 2.814198e-06 	 870
9.750000 	 3.995496e-05 9.847335e-07 -1.535338e-07 	 7.935189e-06 9.148321e-07 1.871065e-06 	 4.789015e-05 1.899566e-06 1.717531e-06 	 902
10.250000 	 2.728988e-04 -3.991924e-06 -9.257924e-07 	 1.739103e-06 -1.963821e-07 -1.170315e-06 	 2.746379e-04 -4.188306e-06 -2.096107e-06 	 905
10.750000 	 5.895275e-04 2.613246e-06 2.191227e-07 	 -1.910367e-05 1.252916e-06 1.716163e-08 	 5.704239e-04 3.866162e-06 2.362843e-07 	 887
11.250000 	 7.169274e-04 7.745630e-07 -4.417331e-06 	 2.186693e-05 -6.869557e-07 1.909288e-06 	 7.387943e-04 8.760722e-08 -2.508043e-06 	 576
11.750000 	 7.052626e-04 -1.177657e-05 -1.000199e-05 	 -1.452987e-06 -1.069716e-05 -3.459633e-06 	 7.038096e-04 -2.247374e-05 -1.346162e-05 	 33
12.250000 	 0.000000e+00 0.000000e+00 0.000000e+00 	 0.000000e+00 0.000000e+00 0.000000e+00 	 0.000000e+00 0.000000e+00 0.000000e+00 	 0
12.750000 	 0.000000e+00 0.000000e+00 0.000000e+00 	 0.000000e+00 0.000000e+00 0.000000e+00 	 0.000000e+00 0.000000e+00 0.000000e+00 	 0
13.250000 	 0.000000e+00 0.000000e+00 0.000000e+00 	 0.000000e+00 0.000000e+00 0.000000e+00 	 0.000000e+00 0.000000e+00 0.000000e+00 	 0
13.750000 	 0.000000e+00 0.000000e+00 0.000000e+00 	 0.000000e+00 0.000000e+00 0.000000e+00 	 0.000000e+00 0.000000e+00 0.000000e+00 	 0
14.250000 	 0.000000e+00 0.000000e+00 0.000000e+00 	 0.000000e+00 0.000000e+00 0.000000e+00 	 0.000000e+00 0.000000e+00 0.000000e+00 	 0
14.750000 	 0.000000e+00 0.000000e+00 0.000000e+00 	 0.000000e+00 0.000000e+00 0.000000e+00 	 0.000000e+00 0.000000e+00 0.000000e+00 	 0
