# 1  2-4    5-7    8-10   11     
# x  dirEF  recEF  sumEF  #Sample
0.250000 	 5.367609e-06 3.093157e-05 3.167906e-05 	 2.250016e-06 -5.635942e-06 6.254754e-05 	 7.617624e-06 2.529563e-05 9.422660e-05 	 1
0.750000 	 0.000000e+00 0.000000e+00 0.000000e+00 	 0.000000e+00 0.000000e+00 0.000000e+00 	 0.000000e+00 0.000000e+00 0.000000e+00 	 0
1.250000 	 0.000000e+00 0.000000e+00 0.000000e+00 	 0.000000e+00 0.000000e+00 0.000000e+00 	 0.000000e+00 0.000000e+00 0.000000e+00 	 0
1.750000 	 0.000000e+00 0.000000e+00 0.000000e+00 	 0.000000e+00 0.000000e+00 0.000000e+00 	 0.000000e+00 0.000000e+00 0.000000e+00 	 0
2.250000 	 0.000000e+00 0.000000e+00 0.000000e+00 	 0.000000e+00 0.000000e+00 0.000000e+00 	 0.000000e+00 0.000000e+00 0.000000e+00 	 0
2.750000 	 0.000000e+00 0.000000e+00 0.000000e+00 	 0.000000e+00 0.000000e+00 0.000000e+00 	 0.000000e+00 0.000000e+00 0.000000e+00 	 0
3.250000 	 -7.481791e-04 9.143465e-06 -4.914816e-06 	 1.061469e-05 -5.743873e-06 -6.283520e-06 	 -7.375644e-04 3.399592e-06 -1.119834e-05 	 38
3.750000 	 -7.381719e-04 -1.663405e-06 3.041239e-06 	 -2.250953e-05 4.881524e-07 -1.775101e-06 	 -7.606814e-04 -1.175252e-06 1.266138e-06 	 549
4.250000 	 -6.039452e-04 5.101634e-07 3.993431e-07 	 1.626882e-05 -4.713799e-07 1.943175e-06 	 -5.876764e-04 3.878351e-08 2.342518e-06 	 918
4.750000 	 -2.844828e-04 5.091866e-07 -3.563639e-06 	 -2.832059e-06 5.992028e-07 -3.534079e-07 	 -2.873149e-04 1.108389e-06 -3.917047e-06 	 881
5.250000 	 -1.829508e-05 2.367062e-06 -1.114209e-06 	 -5.342101e-07 -4.037189e-07 -5.579168e-07 	 -1.882929e-05 1.963343e-06 -1.672126e-06 	 904
5.750000 	 1.248523e-06 4.212999e-07 6.123111e-06 	 -2.508860e-06 -1.056696e-06 4.500324e-07 	 -1.260336e-06 -6.353966e-07 6.573143e-06 	 917
6.250000 	 -7.032035e-06 -2.941248e-06 -3.833858e-06 	 4.356789e-06 1.046460e-07 -1.512802e-06 	 -2.675246e-06 -2.836602e-06 -5.346661e-06 	 860
6.750000 	 -1.018174e-05 -6.507848e-07 1.824363e-06 	 -1.659322e-06 1.232032e-06 1.284728e-06 	 -1.184106e-05 5.812472e-07 3.109092e-06 	 903
7.250000 	 -1.889564e-05 9.183005e-08 -2.123793e-06 	 -1.122541e-06 -1.385147e-06 5.647168e-07 	 -2.001818e-05 -1.293317e-06 -1.559077e-06 	 908
7.750000 	 -1.040354e-05 1.230899e-06 -1.265721e-06 	 -4.684671e-07 3.263755e-07 -1.115779e-06 	 -1.087200e-05 1.557275e-06 -2.381501e-06 	 898
8.250000 	 1.106697e-05 -2.737891e-06 -7.566302e-08 	 -3.892523e-07 -9.280539e-07 6.513502e-07 	 1.067771e-05 -3.665945e-06 5.756872e-07 	 952
8.750000 	 1.586497e-05 1.251533e-06 2.076338e-06 	 1.717683e-06 2.049174e-06 3.502985e-07 	 1.758266e-05 3.300707e-06 2.426637e-06 	 924
9.250000 	 9.695346e-06 1.785615e-06 -1.078651e-06 	 -1.538385e-06 -7.178392e-07 -7.958118e-07 	 8.156961e-06 1.067775e-06 -1.874463e-06 	 874
9.750000 	 2.965834e-05 2.824824e-06 -6.505244e-07 	 8.714248e-07 -4.172491e-09 5.710083e-08 	 3.052976e-05 2.820651e-06 -5.934235e-07 	 850
10.250000 	 2.668231e-04 -4.710974e-07 4.493041e-06 	 9.851043e-06 3.824505e-07 -1.997032e-06 	 2.766741e-04 -8.864686e-08 2.496009e-06 	 934
10.750000 	 5.853797e-04 -2.213408e-06 -2.099569e-06 	 -2.320430e-05 -7.047735e-07 3.633721e-06 	 5.621753e-04 -2.918182e-06 1.534152e-06 	 925
11.250000 	 7.239698e-04 -3.468811e-06 -1.485763e-06 	 2.304125e-05 1.525673e-07 2.489101e-08 	 7.470111e-04 -3.316244e-06 -1.460872e-06 	 544
11.750000 	 7.213568e-04 -8.288341e-06 -6.802511e-06 	 1.183226e-05 2.681560e-06 4.270533e-06 	 7.331891e-04 -5.606781e-06 -2.531978e-06 	 44
12.250000 	 0.000000e+00 0.000000e+00 0.000000e+00 	 0.000000e+00 0.000000e+00 0.000000e+00 	 0.000000e+00 0.000000e+00 0.000000e+00 	 0
12.750000 	 0.000000e+00 0.000000e+00 0.000000e+00 	 0.000000e+00 0.000000e+00 0.000000e+00 	 0.000000e+00 0.000000e+00 0.000000e+00 	 0
13.250000 	 0.000000e+00 0.000000e+00 0.000000e+00 	 0.000000e+00 0.000000e+00 0.000000e+00 	 0.000000e+00 0.000000e+00 0.000000e+00 	 0
13.750000 	 0.000000e+00 0.000000e+00 0.000000e+00 	 0.000000e+00 0.000000e+00 0.000000e+00 	 0.000000e+00 0.000000e+00 0.000000e+00 	 0
14.250000 	 0.000000e+00 0.000000e+00 0.000000e+00 	 0.000000e+00 0.000000e+00 0.000000e+00 	 0.000000e+00 0.000000e+00 0.000000e+00 	 0
14.750000 	 0.000000e+00 0.000000e+00 0.000000e+00 	 0.000000e+00 0.000000e+00 0.000000e+00 	 0.000000e+00 0.000000e+00 0.000000e+00 	 0
