# 1  2-4    5-7    8-10   11     
# x  dirEF  recEF  sumEF  #Sample
0.250000 	 0.000000e+00 0.000000e+00 0.000000e+00 	 0.000000e+00 0.000000e+00 0.000000e+00 	 0.000000e+00 0.000000e+00 0.000000e+00 	 0
0.750000 	 0.000000e+00 0.000000e+00 0.000000e+00 	 0.000000e+00 0.000000e+00 0.000000e+00 	 0.000000e+00 0.000000e+00 0.000000e+00 	 0
1.250000 	 0.000000e+00 0.000000e+00 0.000000e+00 	 0.000000e+00 0.000000e+00 0.000000e+00 	 0.000000e+00 0.000000e+00 0.000000e+00 	 0
1.750000 	 0.000000e+00 0.000000e+00 0.000000e+00 	 0.000000e+00 0.000000e+00 0.000000e+00 	 0.000000e+00 0.000000e+00 0.000000e+00 	 0
2.250000 	 -1.076118e-04 -1.210952e-04 -2.039238e-06 	 -1.847441e-05 5.866793e-05 1.846997e-05 	 -1.260862e-04 -6.242724e-05 1.643073e-05 	 1
2.750000 	 0.000000e+00 0.000000e+00 0.000000e+00 	 0.000000e+00 0.000000e+00 0.000000e+00 	 0.000000e+00 0.000000e+00 0.000000e+00 	 0
3.250000 	 -7.126020e-04 1.984393e-05 7.200236e-06 	 -3.041108e-06 -8.619943e-07 1.361154e-06 	 -7.156431e-04 1.898193e-05 8.561390e-06 	 28
3.750000 	 -7.253097e-04 1.087766e-06 4.136764e-08 	 -1.701152e-05 -1.028058e-06 -9.203588e-08 	 -7.423212e-04 5.970784e-08 -5.066823e-08 	 566
4.250000 	 -5.986771e-04 6.707049e-06 5.886239e-07 	 1.274913e-05 1.700818e-06 -3.819635e-07 	 -5.859280e-04 8.407868e-06 2.066604e-07 	 897
4.750000 	 -2.960047e-04 -1.913431e-06 -1.013934e-06 	 2.053084e-06 3.286034e-07 5.807986e-07 	 -2.939517e-04 -1.584828e-06 -4.331351e-07 	 914
5.250000 	 -3.101357e-05 -4.323642e-06 -6.907487e-07 	 -2.687736e-06 -7.658006e-07 -9.770240e-07 	 -3.370131e-05 -5.089442e-06 -1.667773e-06 	 905
5.750000 	 -2.265334e-06 5.395824e-07 9.632729e-07 	 1.826710e-06 5.978243e-07 1.567056e-06 	 -4.386239e-07 1.137407e-06 2.530329e-06 	 928
6.250000 	 2.846996e-06 1.761917e-06 -1.929464e-07 	 -2.599494e-06 -5.718518e-07 -1.067626e-07 	 2.475018e-07 1.190065e-06 -2.997090e-07 	 901
6.750000 	 3.899571e-06 3.987897e-06 4.597053e-06 	 8.259809e-07 -8.035373e-08 2.529992e-08 	 4.725551e-06 3.907543e-06 4.622353e-06 	 886
7.250000 	 -2.174833e-06 -9.500011e-07 1.139194e-06 	 4.443064e-06 1.562608e-06 7.877909e-07 	 2.268231e-06 6.126069e-07 1.926984e-06 	 924
7.750000 	 -6.912347e-06 -6.189319e-06 -5.728800e-06 	 -1.049834e-05 -4.401794e-07 -1.132711e-06 	 -1.741069e-05 -6.629499e-06 -6.861511e-06 	 886
8.250000 	 4.432843e-06 3.628202e-06 -7.485508e-08 	 7.467841e-06 -1.023246e-06 9.175060e-07 	 1.190068e-05 2.604956e-06 8.426509e-07 	 903
8.750000 	 1.105801e-05 -7.304342e-08 3.134398e-06 	 1.765629e-06 1.012729e-07 1.747457e-07 	 1.282364e-05 2.822948e-08 3.309143e-06 	 954
9.250000 	 1.846979e-05 -4.293725e-06 2.162564e-06 	 -2.489183e-06 8.378800e-07 -7.115053e-07 	 1.598061e-05 -3.455845e-06 1.451058e-06 	 886
9.750000 	 3.544720e-05 2.381526e-06 -4.155817e-06 	 -2.714809e-06 5.899584e-07 2.961932e-08 	 3.273240e-05 2.971484e-06 -4.126198e-06 	 876
10.250000 	 2.770036e-04 2.162003e-06 5.626341e-06 	 4.978093e-06 -5.951702e-07 -5.965008e-07 	 2.819817e-04 1.566833e-06 5.029841e-06 	 853
10.750000 	 5.939496e-04 1.970169e-06 -1.349290e-06 	 -1.450457e-05 -7.998189e-07 4.487815e-07 	 5.794450e-04 1.170351e-06 -9.005083e-07 	 913
11.250000 	 7.163049e-04 4.101732e-07 -1.342648e-06 	 1.798856e-05 -2.631615e-07 -1.188467e-06 	 7.342935e-04 1.470118e-07 -2.531115e-06 	 564
11.750000 	 6.905796e-04 2.099489e-06 -4.859399e-06 	 1.678219e-06 5.961417e-06 -2.350573e-06 	 6.922578e-04 8.060906e-06 -7.209972e-06 	 38
12.250000 	 0.000000e+00 0.000000e+00 0.000000e+00 	 0.000000e+00 0.000000e+00 0.000000e+00 	 0.000000e+00 0.000000e+00 0.000000e+00 	 0
12.750000 	 2.450879e-04 -2.190030e-05 -1.258803e-04 	 2.065062e-06 -1.139925e-05 6.664727e-06 	 2.471529e-04 -3.329955e-05 -1.192155e-04 	 1
13.250000 	 0.000000e+00 0.000000e+00 0.000000e+00 	 0.000000e+00 0.000000e+00 0.000000e+00 	 0.000000e+00 0.000000e+00 0.000000e+00 	 0
13.750000 	 0.000000e+00 0.000000e+00 0.000000e+00 	 0.000000e+00 0.000000e+00 0.000000e+00 	 0.000000e+00 0.000000e+00 0.000000e+00 	 0
14.250000 	 0.000000e+00 0.000000e+00 0.000000e+00 	 0.000000e+00 0.000000e+00 0.000000e+00 	 0.000000e+00 0.000000e+00 0.000000e+00 	 0
14.750000 	 0.000000e+00 0.000000e+00 0.000000e+00 	 0.000000e+00 0.000000e+00 0.000000e+00 	 0.000000e+00 0.000000e+00 0.000000e+00 	 0
