# 1  2-4    5-7    8-10   11     
# x  dirEF  recEF  sumEF  #Sample
0.250000 	 0.000000e+00 0.000000e+00 0.000000e+00 	 0.000000e+00 0.000000e+00 0.000000e+00 	 0.000000e+00 0.000000e+00 0.000000e+00 	 0
0.750000 	 0.000000e+00 0.000000e+00 0.000000e+00 	 0.000000e+00 0.000000e+00 0.000000e+00 	 0.000000e+00 0.000000e+00 0.000000e+00 	 0
1.250000 	 0.000000e+00 0.000000e+00 0.000000e+00 	 0.000000e+00 0.000000e+00 0.000000e+00 	 0.000000e+00 0.000000e+00 0.000000e+00 	 0
1.750000 	 2.325330e-05 2.631722e-05 3.838814e-05 	 -9.186534e-05 4.025375e-05 5.489595e-05 	 -6.861204e-05 6.657097e-05 9.328409e-05 	 2
2.250000 	 0.000000e+00 0.000000e+00 0.000000e+00 	 0.000000e+00 0.000000e+00 0.000000e+00 	 0.000000e+00 0.000000e+00 0.000000e+00 	 0
2.750000 	 -2.709844e-04 4.683480e-08 5.259789e-05 	 4.246321e-05 1.083416e-04 -1.300501e-04 	 -2.285211e-04 1.083885e-04 -7.745221e-05 	 1
3.250000 	 -7.082790e-04 -1.895614e-05 -1.497889e-05 	 -6.555274e-06 -4.013791e-06 -3.417041e-05 	 -7.148343e-04 -2.296993e-05 -4.914930e-05 	 39
3.750000 	 -7.273268e-04 1.455125e-06 1.784671e-06 	 -1.333517e-05 7.386210e-06 -5.339642e-06 	 -7.406620e-04 8.841334e-06 -3.554971e-06 	 547
4.250000 	 -5.967579e-04 -2.706374e-06 2.547534e-06 	 1.098345e-05 2.950802e-06 -5.888143e-06 	 -5.857744e-04 2.444283e-07 -3.340609e-06 	 905
4.750000 	 -2.921456e-04 4.123994e-06 -4.696218e-06 	 8.239880e-06 -7.927656e-07 7.477781e-06 	 -2.839058e-04 3.331228e-06 2.781563e-06 	 904
5.250000 	 -2.703280e-05 -3.320583e-06 1.196870e-06 	 -2.102343e-06 -6.967126e-06 -1.871768e-06 	 -2.913514e-05 -1.028771e-05 -6.748979e-07 	 918
5.750000 	 -1.802123e-06 3.596163e-06 1.380514e-06 	 -1.112225e-06 4.750043e-06 5.078997e-07 	 -2.914347e-06 8.346206e-06 1.888413e-06 	 930
6.250000 	 1.683494e-05 -1.391694e-06 1.550540e-06 	 4.115664e-06 2.740036e-06 -1.088833e-05 	 2.095060e-05 1.348342e-06 -9.337790e-06 	 914
6.750000 	 2.151610e-05 -2.515507e-06 -2.205089e-07 	 -1.255428e-05 6.537968e-06 6.416662e-06 	 8.961827e-06 4.022461e-06 6.196153e-06 	 888
7.250000 	 1.624933e-05 -3.517772e-06 -4.028543e-07 	 1.337072e-05 6.738332e-06 5.417550e-06 	 2.962005e-05 3.220560e-06 5.014695e-06 	 897
7.750000 	 -1.843067e-06 5.707252e-06 -1.448464e-06 	 -3.460452e-07 -7.067262e-06 1.516484e-06 	 -2.189112e-06 -1.360011e-06 6.802047e-08 	 838
8.250000 	 -2.021244e-05 -3.220859e-06 -7.218139e-08 	 1.220561e-05 4.293588e-06 4.108477e-06 	 -8.006831e-06 1.072730e-06 4.036296e-06 	 856
8.750000 	 -3.085488e-05 2.750214e-06 -2.087476e-06 	 -5.528864e-06 1.923783e-06 1.312961e-05 	 -3.638375e-05 4.673997e-06 1.104213e-05 	 911
9.250000 	 -1.542732e-05 -1.818871e-06 1.892641e-06 	 -1.561922e-06 -2.963400e-06 5.882884e-06 	 -1.698924e-05 -4.782271e-06 7.775524e-06 	 917
9.750000 	 2.348373e-05 -1.023482e-06 5.487747e-06 	 1.426549e-05 -4.760933e-06 -1.023828e-05 	 3.774922e-05 -5.784415e-06 -4.750530e-06 	 951
10.250000 	 3.010613e-04 -2.335098e-06 -6.891563e-06 	 -7.528807e-06 -5.634240e-06 2.353185e-06 	 2.935325e-04 -7.969337e-06 -4.538377e-06 	 885
10.750000 	 6.186778e-04 3.612945e-06 -1.670453e-06 	 -1.101698e-06 -3.760074e-06 4.004628e-06 	 6.175761e-04 -1.471292e-07 2.334175e-06 	 927
11.250000 	 7.259539e-04 9.747954e-07 3.680512e-06 	 1.619233e-05 5.309065e-06 5.260821e-07 	 7.421462e-04 6.283861e-06 4.206594e-06 	 554
11.750000 	 7.223805e-04 -3.414755e-06 6.750014e-06 	 -1.369957e-05 -1.292497e-05 2.410019e-05 	 7.086810e-04 -1.633973e-05 3.085020e-05 	 39
12.250000 	 0.000000e+00 0.000000e+00 0.000000e+00 	 0.000000e+00 0.000000e+00 0.000000e+00 	 0.000000e+00 0.000000e+00 0.000000e+00 	 0
12.750000 	 8.043879e-05 -3.892916e-05 4.582037e-05 	 -1.267536e-04 -1.061874e-05 2.038876e-04 	 -4.631476e-05 -4.954791e-05 2.497079e-04 	 1
13.250000 	 0.000000e+00 0.000000e+00 0.000000e+00 	 0.000000e+00 0.000000e+00 0.000000e+00 	 0.000000e+00 0.000000e+00 0.000000e+00 	 0
13.750000 	 0.000000e+00 0.000000e+00 0.000000e+00 	 0.000000e+00 0.000000e+00 0.000000e+00 	 0.000000e+00 0.000000e+00 0.000000e+00 	 0
14.250000 	 0.000000e+00 0.000000e+00 0.000000e+00 	 0.000000e+00 0.000000e+00 0.000000e+00 	 0.000000e+00 0.000000e+00 0.000000e+00 	 0
14.750000 	 0.000000e+00 0.000000e+00 0.000000e+00 	 0.000000e+00 0.000000e+00 0.000000e+00 	 0.000000e+00 0.000000e+00 0.000000e+00 	 0
