# 1  2-4    5-7    8-10   11     
# x  dirEF  recEF  sumEF  #Sample
0.250000 	 -3.533774e-05 -1.791622e-05 9.541971e-05 	 -1.839053e-06 1.708798e-05 2.895161e-05 	 -3.717680e-05 -8.282394e-07 1.243713e-04 	 1
0.750000 	 0.000000e+00 0.000000e+00 0.000000e+00 	 0.000000e+00 0.000000e+00 0.000000e+00 	 0.000000e+00 0.000000e+00 0.000000e+00 	 0
1.250000 	 5.698454e-05 -1.495026e-05 -2.297681e-05 	 -2.988347e-05 1.357928e-05 1.817952e-04 	 2.710107e-05 -1.370979e-06 1.588184e-04 	 1
1.750000 	 0.000000e+00 0.000000e+00 0.000000e+00 	 0.000000e+00 0.000000e+00 0.000000e+00 	 0.000000e+00 0.000000e+00 0.000000e+00 	 0
2.250000 	 0.000000e+00 0.000000e+00 0.000000e+00 	 0.000000e+00 0.000000e+00 0.000000e+00 	 0.000000e+00 0.000000e+00 0.000000e+00 	 0
2.750000 	 0.000000e+00 0.000000e+00 0.000000e+00 	 0.000000e+00 0.000000e+00 0.000000e+00 	 0.000000e+00 0.000000e+00 0.000000e+00 	 0
3.250000 	 -7.211299e-04 -7.193766e-06 1.697782e-05 	 2.512092e-05 6.527726e-06 1.631089e-05 	 -6.960090e-04 -6.660401e-07 3.328871e-05 	 40
3.750000 	 -7.568592e-04 1.706569e-06 -1.304649e-06 	 -1.019479e-05 4.735924e-07 4.148383e-06 	 -7.670539e-04 2.180161e-06 2.843734e-06 	 571
4.250000 	 -6.090265e-04 -2.186996e-06 -2.852828e-07 	 1.392357e-05 -1.080987e-05 -2.152525e-06 	 -5.951030e-04 -1.299687e-05 -2.437808e-06 	 924
4.750000 	 -2.663411e-04 -2.710082e-06 -2.351546e-07 	 -1.732968e-06 -4.229773e-06 -4.303052e-07 	 -2.680740e-04 -6.939856e-06 -6.654598e-07 	 943
5.250000 	 -5.766317e-06 6.955149e-06 -1.470311e-06 	 -2.638650e-06 5.676049e-06 -4.914347e-06 	 -8.404967e-06 1.263120e-05 -6.384658e-06 	 912
5.750000 	 2.140133e-05 -2.146561e-06 7.949825e-07 	 -1.512948e-05 -4.118869e-06 -7.000142e-06 	 6.271844e-06 -6.265430e-06 -6.205159e-06 	 884
6.250000 	 8.223254e-06 -1.322037e-06 -1.040486e-06 	 -1.452036e-05 3.441674e-06 -3.287435e-06 	 -6.297102e-06 2.119637e-06 -4.327921e-06 	 840
6.750000 	 -1.188721e-05 -4.037641e-07 -6.228428e-07 	 1.186089e-05 -2.519828e-06 -1.432891e-06 	 -2.632623e-08 -2.923592e-06 -2.055734e-06 	 921
7.250000 	 -1.216548e-05 -9.128058e-07 1.179086e-06 	 -9.639973e-06 1.040388e-05 1.310981e-06 	 -2.180545e-05 9.491069e-06 2.490067e-06 	 891
7.750000 	 -3.516975e-06 3.113598e-06 -1.157410e-06 	 5.428958e-06 -9.932504e-06 -5.351718e-06 	 1.911983e-06 -6.818906e-06 -6.509128e-06 	 885
8.250000 	 -2.038894e-06 9.078620e-07 2.704318e-06 	 2.734978e-06 -4.346536e-06 4.122707e-06 	 6.960840e-07 -3.438674e-06 6.827025e-06 	 905
8.750000 	 3.763915e-06 -2.333281e-06 -3.608215e-07 	 -7.433691e-06 6.936348e-06 6.204718e-06 	 -3.669776e-06 4.603067e-06 5.843896e-06 	 900
9.250000 	 -8.220248e-07 -9.762663e-08 -6.791400e-07 	 7.787339e-06 -1.975260e-06 6.553780e-06 	 6.965315e-06 -2.072887e-06 5.874640e-06 	 894
9.750000 	 2.632490e-05 -5.579745e-07 1.992725e-08 	 -1.002410e-05 2.550372e-07 2.131712e-06 	 1.630080e-05 -3.029373e-07 2.151639e-06 	 888
10.250000 	 2.713846e-04 -2.928937e-06 -1.686725e-06 	 3.788914e-06 9.273674e-06 3.344385e-06 	 2.751735e-04 6.344738e-06 1.657660e-06 	 891
10.750000 	 5.900461e-04 5.789951e-07 2.061350e-06 	 -1.271469e-05 -5.232627e-06 -1.820667e-06 	 5.773314e-04 -4.653632e-06 2.406825e-07 	 914
11.250000 	 7.261420e-04 5.761933e-06 -7.870864e-07 	 1.663593e-05 5.801696e-06 4.324762e-06 	 7.427779e-04 1.156363e-05 3.537676e-06 	 576
11.750000 	 7.084942e-04 2.708949e-06 8.573283e-06 	 1.119854e-05 3.022752e-05 -7.325681e-06 	 7.196927e-04 3.293647e-05 1.247602e-06 	 43
12.250000 	 0.000000e+00 0.000000e+00 0.000000e+00 	 0.000000e+00 0.000000e+00 0.000000e+00 	 0.000000e+00 0.000000e+00 0.000000e+00 	 0
12.750000 	 0.000000e+00 0.000000e+00 0.000000e+00 	 0.000000e+00 0.000000e+00 0.000000e+00 	 0.000000e+00 0.000000e+00 0.000000e+00 	 0
13.250000 	 0.000000e+00 0.000000e+00 0.000000e+00 	 0.000000e+00 0.000000e+00 0.000000e+00 	 0.000000e+00 0.000000e+00 0.000000e+00 	 0
13.750000 	 0.000000e+00 0.000000e+00 0.000000e+00 	 0.000000e+00 0.000000e+00 0.000000e+00 	 0.000000e+00 0.000000e+00 0.000000e+00 	 0
14.250000 	 0.000000e+00 0.000000e+00 0.000000e+00 	 0.000000e+00 0.000000e+00 0.000000e+00 	 0.000000e+00 0.000000e+00 0.000000e+00 	 0
14.750000 	 0.000000e+00 0.000000e+00 0.000000e+00 	 0.000000e+00 0.000000e+00 0.000000e+00 	 0.000000e+00 0.000000e+00 0.000000e+00 	 0
