# 1  2-4    5-7    8-10   11     
# x  dirEF  recEF  sumEF  #Sample
0.250000 	 0.000000e+00 0.000000e+00 0.000000e+00 	 0.000000e+00 0.000000e+00 0.000000e+00 	 0.000000e+00 0.000000e+00 0.000000e+00 	 0
0.750000 	 2.360149e-05 -4.074461e-05 4.736315e-05 	 3.334244e-05 -1.654822e-05 -7.280836e-06 	 5.694392e-05 -5.729283e-05 4.008232e-05 	 1
1.250000 	 0.000000e+00 0.000000e+00 0.000000e+00 	 0.000000e+00 0.000000e+00 0.000000e+00 	 0.000000e+00 0.000000e+00 0.000000e+00 	 0
1.750000 	 0.000000e+00 0.000000e+00 0.000000e+00 	 0.000000e+00 0.000000e+00 0.000000e+00 	 0.000000e+00 0.000000e+00 0.000000e+00 	 0
2.250000 	 0.000000e+00 0.000000e+00 0.000000e+00 	 0.000000e+00 0.000000e+00 0.000000e+00 	 0.000000e+00 0.000000e+00 0.000000e+00 	 0
2.750000 	 0.000000e+00 0.000000e+00 0.000000e+00 	 0.000000e+00 0.000000e+00 0.000000e+00 	 0.000000e+00 0.000000e+00 0.000000e+00 	 0
3.250000 	 -7.306366e-04 3.976626e-07 2.743165e-06 	 -1.493346e-05 2.175825e-06 -1.801946e-06 	 -7.455701e-04 2.573488e-06 9.412185e-07 	 48
3.750000 	 -7.427174e-04 9.430853e-07 1.747433e-06 	 -1.683091e-05 4.642946e-07 -9.857581e-07 	 -7.595483e-04 1.407380e-06 7.616752e-07 	 585
4.250000 	 -5.982676e-04 4.634277e-06 -4.603985e-07 	 1.755840e-05 1.575708e-07 2.050138e-06 	 -5.807092e-04 4.791848e-06 1.589739e-06 	 940
4.750000 	 -2.693115e-04 -3.631202e-06 -1.566473e-07 	 -7.534884e-06 -4.953514e-07 -2.177847e-06 	 -2.768464e-04 -4.126553e-06 -2.334494e-06 	 916
5.250000 	 -2.363681e-06 -1.572399e-06 5.678906e-07 	 2.082190e-06 -3.136880e-07 8.754230e-07 	 -2.814918e-07 -1.886087e-06 1.443314e-06 	 878
5.750000 	 4.428950e-06 4.316777e-06 -2.753251e-06 	 -3.606618e-07 4.704095e-07 5.562652e-07 	 4.068288e-06 4.787186e-06 -2.196986e-06 	 883
6.250000 	 -1.152276e-05 -5.930101e-06 1.332947e-06 	 -1.171617e-06 -8.110285e-07 -2.299132e-06 	 -1.269437e-05 -6.741129e-06 -9.661848e-07 	 847
6.750000 	 -1.842597e-05 4.081611e-06 -3.993081e-06 	 -1.310664e-06 -2.905174e-07 -7.540449e-08 	 -1.973663e-05 3.791094e-06 -4.068486e-06 	 899
7.250000 	 -1.593670e-05 -2.656998e-06 6.421347e-06 	 5.593687e-06 1.284185e-06 1.309036e-06 	 -1.034301e-05 -1.372814e-06 7.730383e-06 	 925
7.750000 	 -3.201780e-06 1.790462e-06 5.839520e-06 	 -9.009147e-06 -2.379513e-06 5.794622e-07 	 -1.221093e-05 -5.890508e-07 6.418983e-06 	 912
8.250000 	 1.486182e-05 -2.574897e-06 -7.264870e-06 	 6.444151e-06 3.642876e-06 -2.398928e-06 	 2.130597e-05 1.067979e-06 -9.663798e-06 	 902
8.750000 	 1.079180e-05 -1.857754e-06 -2.462403e-06 	 -3.237730e-06 4.649785e-07 -1.311386e-07 	 7.554066e-06 -1.392775e-06 -2.593542e-06 	 916
9.250000 	 7.209440e-06 2.934184e-06 4.233160e-06 	 5.529365e-06 -9.062482e-07 1.358897e-06 	 1.273880e-05 2.027936e-06 5.592057e-06 	 890
9.750000 	 3.039773e-05 -7.863039e-07 5.734076e-07 	 -2.332926e-06 -1.870417e-06 6.679129e-07 	 2.806481e-05 -2.656721e-06 1.241321e-06 	 878
10.250000 	 2.815066e-04 9.752676e-07 -2.598633e-06 	 4.564304e-06 1.323594e-07 -1.337834e-07 	 2.860709e-04 1.107627e-06 -2.732416e-06 	 873
10.750000 	 5.796164e-04 -1.428415e-06 -1.539871e-06 	 -2.014468e-05 9.243616e-07 -1.052794e-06 	 5.594717e-04 -5.040530e-07 -2.592666e-06 	 944
11.250000 	 7.182041e-04 5.019933e-06 7.190850e-06 	 2.278202e-05 -6.975775e-07 3.804471e-07 	 7.409862e-04 4.322356e-06 7.571298e-06 	 541
11.750000 	 7.260000e-04 -1.536060e-05 -8.697315e-06 	 -1.945502e-06 -2.253268e-06 -5.101960e-06 	 7.240545e-04 -1.761387e-05 -1.379927e-05 	 44
12.250000 	 0.000000e+00 0.000000e+00 0.000000e+00 	 0.000000e+00 0.000000e+00 0.000000e+00 	 0.000000e+00 0.000000e+00 0.000000e+00 	 0
12.750000 	 0.000000e+00 0.000000e+00 0.000000e+00 	 0.000000e+00 0.000000e+00 0.000000e+00 	 0.000000e+00 0.000000e+00 0.000000e+00 	 0
13.250000 	 -8.579489e-05 -6.372271e-06 2.652024e-05 	 -2.048547e-05 6.360350e-05 -1.033140e-04 	 -1.062804e-04 5.723123e-05 -7.679374e-05 	 1
13.750000 	 0.000000e+00 0.000000e+00 0.000000e+00 	 0.000000e+00 0.000000e+00 0.000000e+00 	 0.000000e+00 0.000000e+00 0.000000e+00 	 0
14.250000 	 -9.994362e-05 -1.125684e-04 1.841560e-05 	 -5.019738e-06 3.733603e-05 2.629310e-05 	 -1.049634e-04 -7.523235e-05 4.470870e-05 	 1
14.750000 	 0.000000e+00 0.000000e+00 0.000000e+00 	 0.000000e+00 0.000000e+00 0.000000e+00 	 0.000000e+00 0.000000e+00 0.000000e+00 	 0
