# 1  2-4    5-7    8-10   11     
# x  dirEF  recEF  sumEF  #Sample
0.250000 	 0.000000e+00 0.000000e+00 0.000000e+00 	 0.000000e+00 0.000000e+00 0.000000e+00 	 0.000000e+00 0.000000e+00 0.000000e+00 	 0
0.750000 	 0.000000e+00 0.000000e+00 0.000000e+00 	 0.000000e+00 0.000000e+00 0.000000e+00 	 0.000000e+00 0.000000e+00 0.000000e+00 	 0
1.250000 	 1.490698e-05 -3.437178e-05 -4.795933e-05 	 -9.809478e-06 2.771837e-06 -7.699123e-05 	 5.097506e-06 -3.159995e-05 -1.249506e-04 	 2
1.750000 	 0.000000e+00 0.000000e+00 0.000000e+00 	 0.000000e+00 0.000000e+00 0.000000e+00 	 0.000000e+00 0.000000e+00 0.000000e+00 	 0
2.250000 	 0.000000e+00 0.000000e+00 0.000000e+00 	 0.000000e+00 0.000000e+00 0.000000e+00 	 0.000000e+00 0.000000e+00 0.000000e+00 	 0
2.750000 	 0.000000e+00 0.000000e+00 0.000000e+00 	 0.000000e+00 0.000000e+00 0.000000e+00 	 0.000000e+00 0.000000e+00 0.000000e+00 	 0
3.250000 	 -7.364272e-04 2.035832e-05 3.420778e-06 	 -2.995382e-05 1.643586e-05 1.547608e-05 	 -7.663810e-04 3.679419e-05 1.889685e-05 	 40
3.750000 	 -7.336189e-04 1.050907e-06 9.359044e-07 	 -8.252526e-06 -8.618438e-06 1.595574e-06 	 -7.418714e-04 -7.567531e-06 2.531479e-06 	 537
4.250000 	 -6.007701e-04 2.614395e-06 2.003169e-06 	 1.566595e-05 -1.405705e-06 -1.977887e-06 	 -5.851041e-04 1.208690e-06 2.528220e-08 	 947
4.750000 	 -2.944302e-04 9.960174e-07 -3.393134e-06 	 -2.378109e-06 2.490371e-06 2.256665e-06 	 -2.968083e-04 3.486389e-06 -1.136470e-06 	 902
5.250000 	 -3.445270e-05 2.048274e-06 3.276779e-07 	 1.736095e-06 5.267981e-06 1.510052e-06 	 -3.271661e-05 7.316255e-06 1.837730e-06 	 890
5.750000 	 1.085670e-06 -4.367464e-06 -6.393269e-08 	 6.595966e-06 7.714846e-06 -1.016855e-06 	 7.681635e-06 3.347382e-06 -1.080788e-06 	 924
6.250000 	 1.294303e-06 2.132415e-06 1.012563e-06 	 -2.008457e-06 4.828021e-06 1.030262e-06 	 -7.141543e-07 6.960436e-06 2.042825e-06 	 945
6.750000 	 3.748722e-06 -2.059972e-06 -9.311899e-07 	 1.572020e-06 -3.093818e-07 -2.169195e-06 	 5.320742e-06 -2.369354e-06 -3.100385e-06 	 932
7.250000 	 9.953126e-06 6.556966e-07 2.523057e-08 	 9.060014e-06 7.050691e-07 7.711005e-06 	 1.901314e-05 1.360766e-06 7.736236e-06 	 859
7.750000 	 1.938389e-05 5.254325e-07 -9.710005e-07 	 3.323925e-06 -4.502082e-06 2.696242e-07 	 2.270782e-05 -3.976649e-06 -7.013763e-07 	 932
8.250000 	 8.857158e-06 -2.062084e-06 2.707267e-06 	 7.164797e-06 1.014637e-06 4.734973e-08 	 1.602195e-05 -1.047447e-06 2.754616e-06 	 882
8.750000 	 1.087585e-06 6.134847e-07 -2.510512e-06 	 -7.256419e-06 -4.757873e-07 -2.067862e-06 	 -6.168833e-06 1.376974e-07 -4.578374e-06 	 858
9.250000 	 -2.800239e-07 2.494695e-07 2.289697e-07 	 -7.158320e-06 6.839712e-06 -6.176970e-06 	 -7.438343e-06 7.089181e-06 -5.948000e-06 	 874
9.750000 	 2.372346e-05 2.326945e-06 6.252874e-06 	 1.914666e-06 1.628855e-06 -2.237762e-06 	 2.563812e-05 3.955800e-06 4.015113e-06 	 915
10.250000 	 2.674632e-04 -1.305472e-06 -2.335593e-06 	 1.842448e-06 1.471664e-06 4.612230e-06 	 2.693057e-04 1.661923e-07 2.276638e-06 	 901
10.750000 	 6.022664e-04 5.364380e-07 -1.177835e-06 	 -1.566426e-05 3.117401e-06 6.273434e-06 	 5.866022e-04 3.653839e-06 5.095599e-06 	 893
11.250000 	 7.153916e-04 -7.754257e-07 -2.001022e-06 	 2.230995e-05 6.694769e-06 8.090338e-06 	 7.377015e-04 5.919343e-06 6.089316e-06 	 542
11.750000 	 7.045834e-04 -5.778364e-07 -2.156282e-06 	 1.203461e-05 -7.919001e-06 9.811246e-07 	 7.166180e-04 -8.496837e-06 -1.175157e-06 	 48
12.250000 	 0.000000e+00 0.000000e+00 0.000000e+00 	 0.000000e+00 0.000000e+00 0.000000e+00 	 0.000000e+00 0.000000e+00 0.000000e+00 	 0
12.750000 	 0.000000e+00 0.000000e+00 0.000000e+00 	 0.000000e+00 0.000000e+00 0.000000e+00 	 0.000000e+00 0.000000e+00 0.000000e+00 	 0
13.250000 	 0.000000e+00 0.000000e+00 0.000000e+00 	 0.000000e+00 0.000000e+00 0.000000e+00 	 0.000000e+00 0.000000e+00 0.000000e+00 	 0
13.750000 	 0.000000e+00 0.000000e+00 0.000000e+00 	 0.000000e+00 0.000000e+00 0.000000e+00 	 0.000000e+00 0.000000e+00 0.000000e+00 	 0
14.250000 	 0.000000e+00 0.000000e+00 0.000000e+00 	 0.000000e+00 0.000000e+00 0.000000e+00 	 0.000000e+00 0.000000e+00 0.000000e+00 	 0
14.750000 	 1.107313e-04 -6.550136e-06 -2.222010e-05 	 -1.476047e-05 -2.153886e-04 1.515809e-05 	 9.597084e-05 -2.219388e-04 -7.062002e-06 	 1
