# 1  2-4    5-7    8-10   11     
# x  dirEF  recEF  sumEF  #Sample
0.250000 	 0.000000e+00 0.000000e+00 0.000000e+00 	 0.000000e+00 0.000000e+00 0.000000e+00 	 0.000000e+00 0.000000e+00 0.000000e+00 	 0
0.750000 	 0.000000e+00 0.000000e+00 0.000000e+00 	 0.000000e+00 0.000000e+00 0.000000e+00 	 0.000000e+00 0.000000e+00 0.000000e+00 	 0
1.250000 	 0.000000e+00 0.000000e+00 0.000000e+00 	 0.000000e+00 0.000000e+00 0.000000e+00 	 0.000000e+00 0.000000e+00 0.000000e+00 	 0
1.750000 	 0.000000e+00 0.000000e+00 0.000000e+00 	 0.000000e+00 0.000000e+00 0.000000e+00 	 0.000000e+00 0.000000e+00 0.000000e+00 	 0
2.250000 	 0.000000e+00 0.000000e+00 0.000000e+00 	 0.000000e+00 0.000000e+00 0.000000e+00 	 0.000000e+00 0.000000e+00 0.000000e+00 	 0
2.750000 	 0.000000e+00 0.000000e+00 0.000000e+00 	 0.000000e+00 0.000000e+00 0.000000e+00 	 0.000000e+00 0.000000e+00 0.000000e+00 	 0
3.250000 	 -7.188740e-04 6.125805e-06 -3.828445e-06 	 -1.358292e-05 -1.442000e-05 5.829315e-06 	 -7.324570e-04 -8.294190e-06 2.000869e-06 	 36
3.750000 	 -7.304819e-04 8.193834e-07 2.664317e-06 	 -1.430059e-05 1.400570e-05 -3.317182e-06 	 -7.447825e-04 1.482508e-05 -6.528645e-07 	 584
4.250000 	 -5.956937e-04 -1.336649e-06 1.470335e-06 	 1.604302e-05 -5.993934e-06 -5.459497e-06 	 -5.796507e-04 -7.330583e-06 -3.989162e-06 	 893
4.750000 	 -2.697268e-04 2.156451e-06 -5.142515e-06 	 -5.777153e-06 7.709527e-06 1.150634e-05 	 -2.755039e-04 9.865978e-06 6.363823e-06 	 929
5.250000 	 -1.475451e-05 3.410892e-06 -1.476231e-06 	 1.885410e-06 4.800654e-06 1.770822e-06 	 -1.286910e-05 8.211546e-06 2.945905e-07 	 878
5.750000 	 8.197587e-06 -3.033406e-06 1.275361e-06 	 -1.229174e-06 2.527945e-06 -1.346552e-06 	 6.968413e-06 -5.054617e-07 -7.119134e-08 	 890
6.250000 	 -9.017879e-06 1.381849e-06 1.681569e-06 	 9.098882e-06 -4.108149e-06 4.131886e-06 	 8.100276e-08 -2.726300e-06 5.813456e-06 	 865
6.750000 	 -1.905954e-05 -1.551789e-06 4.249244e-07 	 -1.619070e-06 -3.604581e-06 1.399122e-06 	 -2.067861e-05 -5.156370e-06 1.824046e-06 	 898
7.250000 	 -1.534224e-05 -5.835886e-07 -6.933159e-07 	 1.486610e-06 6.736074e-06 -4.920935e-06 	 -1.385563e-05 6.152486e-06 -5.614251e-06 	 918
7.750000 	 4.889590e-06 1.102671e-06 1.931046e-06 	 2.267015e-06 1.028260e-05 2.416054e-06 	 7.156605e-06 1.138527e-05 4.347100e-06 	 923
8.250000 	 4.670270e-06 1.895177e-07 -1.832810e-06 	 5.108928e-06 -1.367626e-06 -1.049021e-05 	 9.779198e-06 -1.178108e-06 -1.232302e-05 	 931
8.750000 	 8.283585e-06 -8.639099e-07 -2.560755e-06 	 1.082713e-05 -1.266115e-06 -3.737207e-06 	 1.911071e-05 -2.130025e-06 -6.297961e-06 	 888
9.250000 	 5.487885e-06 4.120810e-06 3.127115e-06 	 -9.287979e-06 -8.303249e-07 3.554716e-06 	 -3.800093e-06 3.290485e-06 6.681831e-06 	 921
9.750000 	 3.627895e-05 -3.012070e-06 -1.521992e-07 	 -3.719706e-07 -2.150110e-06 -2.682984e-06 	 3.590698e-05 -5.162180e-06 -2.835183e-06 	 890
10.250000 	 2.825559e-04 2.062659e-06 -7.494679e-07 	 1.532963e-05 3.369562e-06 4.690569e-06 	 2.978855e-04 5.432221e-06 3.941101e-06 	 894
10.750000 	 5.952864e-04 -2.093517e-06 -1.382065e-07 	 -2.242900e-05 2.538057e-06 4.192643e-06 	 5.728574e-04 4.445397e-07 4.054436e-06 	 874
11.250000 	 7.238443e-04 1.173815e-06 -2.083810e-06 	 1.241871e-05 -2.637554e-06 6.743699e-06 	 7.362630e-04 -1.463739e-06 4.659889e-06 	 573
11.750000 	 7.255523e-04 -1.683731e-05 -8.770010e-06 	 1.443798e-05 8.305231e-06 4.961194e-06 	 7.399902e-04 -8.532077e-06 -3.808816e-06 	 38
12.250000 	 0.000000e+00 0.000000e+00 0.000000e+00 	 0.000000e+00 0.000000e+00 0.000000e+00 	 0.000000e+00 0.000000e+00 0.000000e+00 	 0
12.750000 	 7.846518e-05 -3.314573e-05 -9.202349e-05 	 1.636004e-04 2.217161e-07 1.438952e-04 	 2.420656e-04 -3.292402e-05 5.187172e-05 	 1
13.250000 	 0.000000e+00 0.000000e+00 0.000000e+00 	 0.000000e+00 0.000000e+00 0.000000e+00 	 0.000000e+00 0.000000e+00 0.000000e+00 	 0
13.750000 	 0.000000e+00 0.000000e+00 0.000000e+00 	 0.000000e+00 0.000000e+00 0.000000e+00 	 0.000000e+00 0.000000e+00 0.000000e+00 	 0
14.250000 	 0.000000e+00 0.000000e+00 0.000000e+00 	 0.000000e+00 0.000000e+00 0.000000e+00 	 0.000000e+00 0.000000e+00 0.000000e+00 	 0
14.750000 	 0.000000e+00 0.000000e+00 0.000000e+00 	 0.000000e+00 0.000000e+00 0.000000e+00 	 0.000000e+00 0.000000e+00 0.000000e+00 	 0
