# 1  2-4    5-7    8-10   11     
# x  dirEF  recEF  sumEF  #Sample
0.250000 	 -3.533774e-05 -1.791622e-05 9.541971e-05 	 -7.157133e-05 4.345194e-05 8.944972e-05 	 -1.069091e-04 2.553572e-05 1.848694e-04 	 1
0.750000 	 0.000000e+00 0.000000e+00 0.000000e+00 	 0.000000e+00 0.000000e+00 0.000000e+00 	 0.000000e+00 0.000000e+00 0.000000e+00 	 0
1.250000 	 5.698454e-05 -1.495026e-05 -2.297681e-05 	 -6.605236e-05 7.659741e-05 1.073490e-04 	 -9.067813e-06 6.164715e-05 8.437224e-05 	 1
1.750000 	 0.000000e+00 0.000000e+00 0.000000e+00 	 0.000000e+00 0.000000e+00 0.000000e+00 	 0.000000e+00 0.000000e+00 0.000000e+00 	 0
2.250000 	 0.000000e+00 0.000000e+00 0.000000e+00 	 0.000000e+00 0.000000e+00 0.000000e+00 	 0.000000e+00 0.000000e+00 0.000000e+00 	 0
2.750000 	 0.000000e+00 0.000000e+00 0.000000e+00 	 0.000000e+00 0.000000e+00 0.000000e+00 	 0.000000e+00 0.000000e+00 0.000000e+00 	 0
3.250000 	 -7.211299e-04 -7.193766e-06 1.697782e-05 	 1.715614e-05 -6.625226e-06 2.049389e-05 	 -7.039738e-04 -1.381899e-05 3.747171e-05 	 40
3.750000 	 -7.568592e-04 1.706569e-06 -1.304649e-06 	 -5.294901e-06 -2.825301e-06 8.456199e-06 	 -7.621541e-04 -1.118732e-06 7.151550e-06 	 571
4.250000 	 -6.090265e-04 -2.186996e-06 -2.852828e-07 	 1.152667e-05 -9.419999e-06 -2.993064e-06 	 -5.974999e-04 -1.160700e-05 -3.278347e-06 	 924
4.750000 	 -2.663411e-04 -2.710082e-06 -2.351546e-07 	 -2.938694e-06 -5.281400e-06 -1.361073e-06 	 -2.692798e-04 -7.991482e-06 -1.596228e-06 	 943
5.250000 	 -5.766317e-06 6.955149e-06 -1.470311e-06 	 -4.498405e-06 7.998647e-06 -5.684002e-06 	 -1.026472e-05 1.495380e-05 -7.154313e-06 	 912
5.750000 	 2.140133e-05 -2.146561e-06 7.949825e-07 	 -1.254813e-05 -4.623313e-06 -7.584761e-06 	 8.853192e-06 -6.769874e-06 -6.789778e-06 	 884
6.250000 	 8.223254e-06 -1.322037e-06 -1.040486e-06 	 -1.278220e-05 3.500237e-06 -3.397899e-06 	 -4.558950e-06 2.178200e-06 -4.438385e-06 	 840
6.750000 	 -1.188721e-05 -4.037641e-07 -6.228428e-07 	 1.402915e-05 -1.281076e-06 -9.849839e-07 	 2.141932e-06 -1.684840e-06 -1.607827e-06 	 921
7.250000 	 -1.216548e-05 -9.128058e-07 1.179086e-06 	 -1.332782e-05 1.016344e-05 6.215759e-07 	 -2.549331e-05 9.250633e-06 1.800662e-06 	 891
7.750000 	 -3.516975e-06 3.113598e-06 -1.157410e-06 	 4.191493e-06 -6.542527e-06 -7.240288e-06 	 6.745177e-07 -3.428930e-06 -8.397698e-06 	 885
8.250000 	 -2.038894e-06 9.078620e-07 2.704318e-06 	 1.531781e-06 -6.033135e-06 5.202842e-06 	 -5.071127e-07 -5.125273e-06 7.907160e-06 	 905
8.750000 	 3.763915e-06 -2.333281e-06 -3.608215e-07 	 -3.761493e-06 6.805730e-06 5.286429e-06 	 2.422422e-09 4.472449e-06 4.925607e-06 	 900
9.250000 	 -8.220248e-07 -9.762663e-08 -6.791400e-07 	 9.088788e-06 -1.774865e-06 7.012668e-06 	 8.266764e-06 -1.872492e-06 6.333528e-06 	 894
9.750000 	 2.632490e-05 -5.579745e-07 1.992725e-08 	 -7.317475e-06 -2.240371e-06 1.097263e-06 	 1.900742e-05 -2.798345e-06 1.117191e-06 	 888
10.250000 	 2.713846e-04 -2.928937e-06 -1.686725e-06 	 7.287765e-06 1.253729e-05 5.396997e-06 	 2.786724e-04 9.608352e-06 3.710272e-06 	 891
10.750000 	 5.900461e-04 5.789951e-07 2.061350e-06 	 -1.159537e-05 -4.905182e-06 -3.434536e-06 	 5.784507e-04 -4.326187e-06 -1.373186e-06 	 914
11.250000 	 7.261420e-04 5.761933e-06 -7.870864e-07 	 1.596364e-05 7.718801e-06 8.348641e-06 	 7.421056e-04 1.348073e-05 7.561554e-06 	 576
11.750000 	 7.084942e-04 2.708949e-06 8.573283e-06 	 1.812319e-07 2.509000e-05 -1.680282e-05 	 7.086754e-04 2.779895e-05 -8.229541e-06 	 43
12.250000 	 0.000000e+00 0.000000e+00 0.000000e+00 	 0.000000e+00 0.000000e+00 0.000000e+00 	 0.000000e+00 0.000000e+00 0.000000e+00 	 0
12.750000 	 0.000000e+00 0.000000e+00 0.000000e+00 	 0.000000e+00 0.000000e+00 0.000000e+00 	 0.000000e+00 0.000000e+00 0.000000e+00 	 0
13.250000 	 0.000000e+00 0.000000e+00 0.000000e+00 	 0.000000e+00 0.000000e+00 0.000000e+00 	 0.000000e+00 0.000000e+00 0.000000e+00 	 0
13.750000 	 0.000000e+00 0.000000e+00 0.000000e+00 	 0.000000e+00 0.000000e+00 0.000000e+00 	 0.000000e+00 0.000000e+00 0.000000e+00 	 0
14.250000 	 0.000000e+00 0.000000e+00 0.000000e+00 	 0.000000e+00 0.000000e+00 0.000000e+00 	 0.000000e+00 0.000000e+00 0.000000e+00 	 0
14.750000 	 0.000000e+00 0.000000e+00 0.000000e+00 	 0.000000e+00 0.000000e+00 0.000000e+00 	 0.000000e+00 0.000000e+00 0.000000e+00 	 0
