# 1  2-4    5-7    8-10   11     
# x  dirEF  recEF  sumEF  #Sample
0.250000 	 -5.714275e-05 9.637533e-05 1.369381e-04 	 -7.399141e-05 -4.884568e-05 -3.631898e-05 	 -1.311342e-04 4.752966e-05 1.006191e-04 	 1
0.750000 	 0.000000e+00 0.000000e+00 0.000000e+00 	 0.000000e+00 0.000000e+00 0.000000e+00 	 0.000000e+00 0.000000e+00 0.000000e+00 	 0
1.250000 	 0.000000e+00 0.000000e+00 0.000000e+00 	 0.000000e+00 0.000000e+00 0.000000e+00 	 0.000000e+00 0.000000e+00 0.000000e+00 	 0
1.750000 	 0.000000e+00 0.000000e+00 0.000000e+00 	 0.000000e+00 0.000000e+00 0.000000e+00 	 0.000000e+00 0.000000e+00 0.000000e+00 	 0
2.250000 	 0.000000e+00 0.000000e+00 0.000000e+00 	 0.000000e+00 0.000000e+00 0.000000e+00 	 0.000000e+00 0.000000e+00 0.000000e+00 	 0
2.750000 	 0.000000e+00 0.000000e+00 0.000000e+00 	 0.000000e+00 0.000000e+00 0.000000e+00 	 0.000000e+00 0.000000e+00 0.000000e+00 	 0
3.250000 	 -7.139141e-04 1.693191e-05 1.389104e-06 	 7.758715e-06 -9.887111e-06 -1.255470e-06 	 -7.061554e-04 7.044801e-06 1.336347e-07 	 33
3.750000 	 -7.210523e-04 6.491727e-07 1.535075e-06 	 -2.495666e-05 -3.099821e-06 9.567674e-07 	 -7.460089e-04 -2.450648e-06 2.491843e-06 	 562
4.250000 	 -5.858912e-04 9.093333e-07 -5.038907e-07 	 2.131078e-05 5.156779e-07 -2.396910e-07 	 -5.645804e-04 1.425011e-06 -7.435817e-07 	 896
4.750000 	 -2.681904e-04 1.985256e-06 -6.296144e-08 	 -7.420771e-06 1.540244e-06 3.693119e-07 	 -2.756112e-04 3.525500e-06 3.063505e-07 	 881
5.250000 	 -1.968701e-05 -2.762171e-06 -1.401474e-06 	 2.589923e-06 -1.208967e-06 6.087913e-07 	 -1.709709e-05 -3.971138e-06 -7.926828e-07 	 872
5.750000 	 -8.671445e-06 -1.709916e-06 -3.249058e-06 	 -1.554115e-06 9.666356e-07 -9.948791e-08 	 -1.022556e-05 -7.432803e-07 -3.348546e-06 	 867
6.250000 	 -1.627718e-05 1.146160e-06 3.530275e-06 	 2.940932e-07 -1.312519e-06 2.419288e-07 	 -1.598309e-05 -1.663587e-07 3.772204e-06 	 883
6.750000 	 -2.209202e-05 -2.471684e-06 -2.117942e-06 	 2.780463e-06 1.545212e-06 -1.379902e-06 	 -1.931155e-05 -9.264721e-07 -3.497844e-06 	 919
7.250000 	 -4.854833e-06 1.430204e-06 1.405482e-06 	 -4.603366e-06 -5.677484e-08 -5.005000e-07 	 -9.458199e-06 1.373429e-06 9.049819e-07 	 895
7.750000 	 -3.885526e-06 1.820210e-06 -9.233111e-07 	 1.267213e-06 -5.859787e-07 8.252331e-07 	 -2.618313e-06 1.234231e-06 -9.807800e-08 	 934
8.250000 	 -1.255335e-05 1.488893e-06 -3.096370e-06 	 -1.317528e-06 9.866052e-07 8.278586e-07 	 -1.387088e-05 2.475498e-06 -2.268511e-06 	 893
8.750000 	 -3.010677e-06 5.033921e-07 5.450817e-07 	 4.585940e-06 -4.252802e-07 -9.114516e-07 	 1.575263e-06 7.811187e-08 -3.663699e-07 	 930
9.250000 	 -5.422558e-06 -3.511431e-06 1.415100e-06 	 -4.292261e-06 3.988789e-07 2.131416e-07 	 -9.714819e-06 -3.112553e-06 1.628241e-06 	 931
9.750000 	 3.384097e-05 1.637992e-07 1.094291e-07 	 2.547312e-06 -7.171460e-07 5.115852e-07 	 3.638828e-05 -5.533468e-07 6.210143e-07 	 930
10.250000 	 2.939906e-04 3.465373e-06 -1.825780e-06 	 1.165806e-06 4.630764e-07 -4.501416e-07 	 2.951564e-04 3.928450e-06 -2.275922e-06 	 947
10.750000 	 6.164735e-04 -1.885576e-06 1.946603e-06 	 -1.507288e-05 -6.403616e-07 9.054290e-07 	 6.014006e-04 -2.525938e-06 2.852032e-06 	 883
11.250000 	 7.354428e-04 -1.226999e-06 -9.297191e-07 	 1.971763e-05 1.458644e-06 -1.114273e-06 	 7.551604e-04 2.316455e-07 -2.043992e-06 	 521
11.750000 	 7.008123e-04 -1.696129e-05 7.789160e-06 	 7.968232e-06 -1.636701e-06 -1.071198e-05 	 7.087805e-04 -1.859799e-05 -2.922818e-06 	 45
12.250000 	 0.000000e+00 0.000000e+00 0.000000e+00 	 0.000000e+00 0.000000e+00 0.000000e+00 	 0.000000e+00 0.000000e+00 0.000000e+00 	 0
12.750000 	 0.000000e+00 0.000000e+00 0.000000e+00 	 0.000000e+00 0.000000e+00 0.000000e+00 	 0.000000e+00 0.000000e+00 0.000000e+00 	 0
13.250000 	 0.000000e+00 0.000000e+00 0.000000e+00 	 0.000000e+00 0.000000e+00 0.000000e+00 	 0.000000e+00 0.000000e+00 0.000000e+00 	 0
13.750000 	 0.000000e+00 0.000000e+00 0.000000e+00 	 0.000000e+00 0.000000e+00 0.000000e+00 	 0.000000e+00 0.000000e+00 0.000000e+00 	 0
14.250000 	 2.331554e-05 9.999103e-05 -8.273322e-05 	 -4.199511e-05 -9.434702e-06 5.047491e-05 	 -1.867957e-05 9.055633e-05 -3.225831e-05 	 1
14.750000 	 0.000000e+00 0.000000e+00 0.000000e+00 	 0.000000e+00 0.000000e+00 0.000000e+00 	 0.000000e+00 0.000000e+00 0.000000e+00 	 0
