# 1  2-4    5-7    8-10   11     
# x  dirEF  recEF  sumEF  #Sample
0.250000 	 0.000000e+00 0.000000e+00 0.000000e+00 	 0.000000e+00 0.000000e+00 0.000000e+00 	 0.000000e+00 0.000000e+00 0.000000e+00 	 0
0.750000 	 0.000000e+00 0.000000e+00 0.000000e+00 	 0.000000e+00 0.000000e+00 0.000000e+00 	 0.000000e+00 0.000000e+00 0.000000e+00 	 0
1.250000 	 1.490698e-05 -3.437178e-05 -4.795933e-05 	 -3.112656e-05 2.706953e-05 -6.027252e-06 	 -1.621958e-05 -7.302250e-06 -5.398659e-05 	 2
1.750000 	 0.000000e+00 0.000000e+00 0.000000e+00 	 0.000000e+00 0.000000e+00 0.000000e+00 	 0.000000e+00 0.000000e+00 0.000000e+00 	 0
2.250000 	 0.000000e+00 0.000000e+00 0.000000e+00 	 0.000000e+00 0.000000e+00 0.000000e+00 	 0.000000e+00 0.000000e+00 0.000000e+00 	 0
2.750000 	 0.000000e+00 0.000000e+00 0.000000e+00 	 0.000000e+00 0.000000e+00 0.000000e+00 	 0.000000e+00 0.000000e+00 0.000000e+00 	 0
3.250000 	 -7.364272e-04 2.035832e-05 3.420778e-06 	 -9.530994e-06 7.941215e-08 9.709614e-06 	 -7.459582e-04 2.043774e-05 1.313039e-05 	 40
3.750000 	 -7.336189e-04 1.050907e-06 9.359044e-07 	 -1.689020e-05 6.336331e-08 -2.305110e-06 	 -7.505091e-04 1.114270e-06 -1.369206e-06 	 537
4.250000 	 -6.007701e-04 2.614395e-06 2.003169e-06 	 8.066446e-06 1.648408e-06 -7.222966e-07 	 -5.927036e-04 4.262803e-06 1.280872e-06 	 947
4.750000 	 -2.944302e-04 9.960174e-07 -3.393134e-06 	 1.949451e-06 -4.301564e-07 7.271129e-07 	 -2.924808e-04 5.658610e-07 -2.666022e-06 	 902
5.250000 	 -3.445270e-05 2.048274e-06 3.276779e-07 	 -1.355131e-06 -3.079086e-06 -3.419421e-08 	 -3.580783e-05 -1.030812e-06 2.934837e-07 	 890
5.750000 	 1.085670e-06 -4.367464e-06 -6.393269e-08 	 1.434217e-06 1.046097e-06 -7.891211e-07 	 2.519887e-06 -3.321368e-06 -8.530538e-07 	 924
6.250000 	 1.294303e-06 2.132415e-06 1.012563e-06 	 -2.724272e-06 1.721117e-06 4.244687e-08 	 -1.429970e-06 3.853532e-06 1.055010e-06 	 945
6.750000 	 3.748722e-06 -2.059972e-06 -9.311899e-07 	 -5.467263e-07 6.056109e-07 3.986624e-08 	 3.201995e-06 -1.454361e-06 -8.913236e-07 	 932
7.250000 	 9.953126e-06 6.556966e-07 2.523057e-08 	 3.901990e-06 -1.939934e-06 8.470595e-07 	 1.385512e-05 -1.284237e-06 8.722901e-07 	 859
7.750000 	 1.938389e-05 5.254325e-07 -9.710005e-07 	 -3.354252e-06 1.083167e-07 6.125067e-08 	 1.602964e-05 6.337491e-07 -9.097499e-07 	 932
8.250000 	 8.857158e-06 -2.062084e-06 2.707267e-06 	 2.296218e-06 4.238615e-07 -1.772267e-06 	 1.115338e-05 -1.638222e-06 9.349995e-07 	 882
8.750000 	 1.087585e-06 6.134847e-07 -2.510512e-06 	 3.853438e-07 -3.687158e-08 1.832135e-06 	 1.472929e-06 5.766131e-07 -6.783769e-07 	 858
9.250000 	 -2.800239e-07 2.494695e-07 2.289697e-07 	 -1.678198e-07 1.083765e-07 -2.462724e-07 	 -4.478437e-07 3.578460e-07 -1.730273e-08 	 874
9.750000 	 2.372346e-05 2.326945e-06 6.252874e-06 	 -2.393088e-06 -9.857400e-09 -1.102264e-06 	 2.133037e-05 2.317087e-06 5.150610e-06 	 915
10.250000 	 2.674632e-04 -1.305472e-06 -2.335593e-06 	 6.810319e-06 3.115413e-07 6.641090e-07 	 2.742736e-04 -9.939307e-07 -1.671484e-06 	 901
10.750000 	 6.022664e-04 5.364380e-07 -1.177835e-06 	 -1.697242e-05 3.616956e-07 1.313799e-06 	 5.852940e-04 8.981336e-07 1.359643e-07 	 893
11.250000 	 7.153916e-04 -7.754257e-07 -2.001022e-06 	 1.808115e-05 -1.935787e-06 -1.424277e-06 	 7.334727e-04 -2.711212e-06 -3.425299e-06 	 542
11.750000 	 7.045834e-04 -5.778364e-07 -2.156282e-06 	 1.316080e-05 -8.873332e-06 -4.429040e-06 	 7.177442e-04 -9.451168e-06 -6.585322e-06 	 48
12.250000 	 0.000000e+00 0.000000e+00 0.000000e+00 	 0.000000e+00 0.000000e+00 0.000000e+00 	 0.000000e+00 0.000000e+00 0.000000e+00 	 0
12.750000 	 0.000000e+00 0.000000e+00 0.000000e+00 	 0.000000e+00 0.000000e+00 0.000000e+00 	 0.000000e+00 0.000000e+00 0.000000e+00 	 0
13.250000 	 0.000000e+00 0.000000e+00 0.000000e+00 	 0.000000e+00 0.000000e+00 0.000000e+00 	 0.000000e+00 0.000000e+00 0.000000e+00 	 0
13.750000 	 0.000000e+00 0.000000e+00 0.000000e+00 	 0.000000e+00 0.000000e+00 0.000000e+00 	 0.000000e+00 0.000000e+00 0.000000e+00 	 0
14.250000 	 0.000000e+00 0.000000e+00 0.000000e+00 	 0.000000e+00 0.000000e+00 0.000000e+00 	 0.000000e+00 0.000000e+00 0.000000e+00 	 0
14.750000 	 1.107313e-04 -6.550136e-06 -2.222010e-05 	 6.966647e-05 -3.702581e-05 5.890118e-05 	 1.803978e-04 -4.357595e-05 3.668108e-05 	 1
