# 1  2-4    5-7    8-10   11     
# x  dirEF  recEF  sumEF  #Sample
0.250000 	 0.000000e+00 0.000000e+00 0.000000e+00 	 0.000000e+00 0.000000e+00 0.000000e+00 	 0.000000e+00 0.000000e+00 0.000000e+00 	 0
0.750000 	 9.179183e-05 7.279886e-05 8.444962e-05 	 -1.671126e-05 1.184317e-05 -1.144128e-05 	 7.508057e-05 8.464203e-05 7.300834e-05 	 1
1.250000 	 0.000000e+00 0.000000e+00 0.000000e+00 	 0.000000e+00 0.000000e+00 0.000000e+00 	 0.000000e+00 0.000000e+00 0.000000e+00 	 0
1.750000 	 6.685551e-05 1.230496e-05 -1.043677e-05 	 8.448131e-06 -1.398327e-05 -7.009904e-05 	 7.530364e-05 -1.678309e-06 -8.053581e-05 	 1
2.250000 	 0.000000e+00 0.000000e+00 0.000000e+00 	 0.000000e+00 0.000000e+00 0.000000e+00 	 0.000000e+00 0.000000e+00 0.000000e+00 	 0
2.750000 	 0.000000e+00 0.000000e+00 0.000000e+00 	 0.000000e+00 0.000000e+00 0.000000e+00 	 0.000000e+00 0.000000e+00 0.000000e+00 	 0
3.250000 	 -7.084136e-04 -1.300077e-05 -1.006945e-05 	 1.138324e-05 1.148184e-05 1.032721e-05 	 -6.970304e-04 -1.518935e-06 2.577580e-07 	 29
3.750000 	 -7.366494e-04 4.746510e-06 3.270863e-07 	 -2.133109e-05 -8.567008e-07 -2.142277e-06 	 -7.579805e-04 3.889809e-06 -1.815191e-06 	 572
4.250000 	 -5.951326e-04 -1.794630e-06 -3.609043e-06 	 1.584575e-05 -6.036597e-07 9.060100e-07 	 -5.792869e-04 -2.398290e-06 -2.703033e-06 	 937
4.750000 	 -2.784178e-04 5.526811e-07 3.593723e-06 	 1.905415e-06 2.593010e-07 -3.467585e-07 	 -2.765124e-04 8.119821e-07 3.246965e-06 	 898
5.250000 	 -1.864558e-05 -1.258936e-06 -5.934832e-07 	 -6.639833e-06 1.295261e-07 6.735399e-07 	 -2.528541e-05 -1.129410e-06 8.005674e-08 	 934
5.750000 	 -2.858452e-06 -1.004977e-06 3.664625e-06 	 6.505125e-07 4.491998e-07 4.941125e-07 	 -2.207939e-06 -5.557776e-07 4.158737e-06 	 894
6.250000 	 5.609117e-06 -7.710216e-07 -1.040723e-07 	 4.954230e-06 3.436016e-07 -1.355688e-06 	 1.056335e-05 -4.274199e-07 -1.459760e-06 	 913
6.750000 	 1.184592e-05 4.458016e-06 -2.602046e-06 	 -8.887545e-06 1.257898e-06 1.064388e-06 	 2.958375e-06 5.715914e-06 -1.537658e-06 	 894
7.250000 	 4.257053e-06 -4.816238e-06 1.032278e-06 	 6.418531e-06 -1.964826e-06 -1.127590e-06 	 1.067558e-05 -6.781064e-06 -9.531193e-08 	 921
7.750000 	 -1.169350e-06 1.679389e-06 8.200320e-08 	 -3.518506e-06 1.127076e-06 1.908365e-06 	 -4.687856e-06 2.806465e-06 1.990369e-06 	 843
8.250000 	 6.632767e-06 -4.125841e-06 -4.123645e-06 	 3.495850e-06 -9.444292e-08 6.322220e-07 	 1.012862e-05 -4.220284e-06 -3.491423e-06 	 913
8.750000 	 -1.318989e-05 5.477124e-06 5.035912e-08 	 -9.033356e-07 5.038751e-07 -1.540764e-06 	 -1.409322e-05 5.980999e-06 -1.490405e-06 	 898
9.250000 	 -7.241651e-07 2.310655e-06 -4.688446e-07 	 1.817555e-07 -8.287237e-07 -3.496823e-07 	 -5.424097e-07 1.481931e-06 -8.185268e-07 	 891
9.750000 	 3.205682e-05 -3.803311e-06 1.713510e-06 	 -6.385559e-06 -1.088661e-06 2.212094e-07 	 2.567127e-05 -4.891972e-06 1.934719e-06 	 909
10.250000 	 2.827337e-04 -1.168318e-06 4.313297e-07 	 8.752952e-06 1.144700e-06 -1.217306e-06 	 2.914867e-04 -2.361780e-08 -7.859765e-07 	 908
10.750000 	 6.000768e-04 3.243337e-06 1.055447e-07 	 -1.217867e-05 -1.541988e-06 2.200653e-06 	 5.878981e-04 1.701349e-06 2.306198e-06 	 887
11.250000 	 7.320361e-04 -3.624371e-06 1.171266e-06 	 1.481228e-05 9.104688e-07 -1.233277e-06 	 7.468484e-04 -2.713902e-06 -6.201071e-08 	 545
11.750000 	 7.108327e-04 4.952916e-06 1.166681e-05 	 1.046431e-05 -9.576335e-06 1.294121e-05 	 7.212970e-04 -4.623419e-06 2.460803e-05 	 34
12.250000 	 0.000000e+00 0.000000e+00 0.000000e+00 	 0.000000e+00 0.000000e+00 0.000000e+00 	 0.000000e+00 0.000000e+00 0.000000e+00 	 0
12.750000 	 -9.089141e-06 -6.074399e-05 -1.045099e-04 	 1.520091e-05 -3.029838e-05 3.871479e-05 	 6.111767e-06 -9.104237e-05 -6.579512e-05 	 1
13.250000 	 1.465410e-05 4.455698e-05 -2.734808e-06 	 -3.611502e-05 5.190910e-05 6.519552e-05 	 -2.146091e-05 9.646608e-05 6.246071e-05 	 1
13.750000 	 0.000000e+00 0.000000e+00 0.000000e+00 	 0.000000e+00 0.000000e+00 0.000000e+00 	 0.000000e+00 0.000000e+00 0.000000e+00 	 0
14.250000 	 0.000000e+00 0.000000e+00 0.000000e+00 	 0.000000e+00 0.000000e+00 0.000000e+00 	 0.000000e+00 0.000000e+00 0.000000e+00 	 0
14.750000 	 0.000000e+00 0.000000e+00 0.000000e+00 	 0.000000e+00 0.000000e+00 0.000000e+00 	 0.000000e+00 0.000000e+00 0.000000e+00 	 0
