# 1  2-4    5-7    8-10   11     
# x  dirEF  recEF  sumEF  #Sample
0.250000 	 0.000000e+00 0.000000e+00 0.000000e+00 	 0.000000e+00 0.000000e+00 0.000000e+00 	 0.000000e+00 0.000000e+00 0.000000e+00 	 0
0.750000 	 0.000000e+00 0.000000e+00 0.000000e+00 	 0.000000e+00 0.000000e+00 0.000000e+00 	 0.000000e+00 0.000000e+00 0.000000e+00 	 0
1.250000 	 0.000000e+00 0.000000e+00 0.000000e+00 	 0.000000e+00 0.000000e+00 0.000000e+00 	 0.000000e+00 0.000000e+00 0.000000e+00 	 0
1.750000 	 0.000000e+00 0.000000e+00 0.000000e+00 	 0.000000e+00 0.000000e+00 0.000000e+00 	 0.000000e+00 0.000000e+00 0.000000e+00 	 0
2.250000 	 0.000000e+00 0.000000e+00 0.000000e+00 	 0.000000e+00 0.000000e+00 0.000000e+00 	 0.000000e+00 0.000000e+00 0.000000e+00 	 0
2.750000 	 0.000000e+00 0.000000e+00 0.000000e+00 	 0.000000e+00 0.000000e+00 0.000000e+00 	 0.000000e+00 0.000000e+00 0.000000e+00 	 0
3.250000 	 -7.018720e-04 2.302131e-05 1.439353e-05 	 5.681527e-06 -8.607387e-06 -8.195868e-06 	 -6.961905e-04 1.441393e-05 6.197659e-06 	 51
3.750000 	 -7.163929e-04 5.763128e-06 -2.131098e-06 	 -2.095616e-05 -6.440661e-07 1.476575e-06 	 -7.373491e-04 5.119062e-06 -6.545230e-07 	 538
4.250000 	 -5.901621e-04 -6.550466e-06 -2.567440e-06 	 1.932287e-05 -2.491510e-07 -1.133008e-07 	 -5.708393e-04 -6.799617e-06 -2.680741e-06 	 858
4.750000 	 -2.828565e-04 -9.313709e-07 4.431262e-06 	 -5.110092e-06 1.695999e-06 3.202552e-07 	 -2.879666e-04 7.646277e-07 4.751517e-06 	 942
5.250000 	 -3.827973e-05 2.909213e-06 -2.637581e-06 	 -3.621088e-06 -1.756096e-06 -1.479901e-06 	 -4.190082e-05 1.153117e-06 -4.117482e-06 	 881
5.750000 	 8.507717e-06 1.973337e-06 1.535370e-07 	 4.220791e-06 4.964175e-07 -1.043634e-06 	 1.272851e-05 2.469754e-06 -8.900970e-07 	 910
6.250000 	 9.980140e-06 6.617312e-08 5.164073e-06 	 -1.061642e-06 7.361091e-07 1.264585e-06 	 8.918498e-06 8.022822e-07 6.428658e-06 	 924
6.750000 	 5.351905e-06 -1.880704e-06 -1.952663e-06 	 -1.044838e-06 -1.771591e-06 -1.037860e-06 	 4.307067e-06 -3.652295e-06 -2.990523e-06 	 869
7.250000 	 -3.078217e-06 -8.614278e-07 -2.481434e-06 	 -2.019947e-06 7.261312e-08 1.327486e-07 	 -5.098164e-06 -7.888147e-07 -2.348685e-06 	 864
7.750000 	 -2.986611e-06 2.303152e-06 4.632647e-07 	 3.517613e-06 2.055904e-07 -5.138646e-07 	 5.310028e-07 2.508742e-06 -5.059990e-08 	 899
8.250000 	 -1.552273e-05 1.869946e-07 -2.842395e-06 	 -2.199029e-06 1.873579e-06 9.728493e-07 	 -1.772176e-05 2.060574e-06 -1.869545e-06 	 946
8.750000 	 5.800347e-06 -3.656345e-06 1.440414e-06 	 2.969088e-07 -3.632622e-06 -2.447264e-08 	 6.097256e-06 -7.288967e-06 1.415941e-06 	 853
9.250000 	 -1.847111e-07 3.587316e-06 1.691317e-06 	 -1.689726e-06 8.864868e-07 7.033148e-08 	 -1.874437e-06 4.473803e-06 1.761648e-06 	 926
9.750000 	 1.823275e-05 1.519068e-06 -5.487988e-07 	 3.504297e-06 2.196840e-06 -1.763607e-07 	 2.173704e-05 3.715908e-06 -7.251595e-07 	 894
10.250000 	 2.731756e-04 -1.494505e-06 6.403031e-07 	 -8.135187e-07 -1.654232e-06 7.204704e-07 	 2.723621e-04 -3.148737e-06 1.360773e-06 	 888
10.750000 	 5.848653e-04 -2.846383e-07 -2.031782e-06 	 -1.218118e-05 -1.534914e-07 -7.753564e-07 	 5.726841e-04 -4.381298e-07 -2.807138e-06 	 920
11.250000 	 7.247049e-04 1.017872e-07 2.572637e-06 	 1.794940e-05 -4.473804e-07 5.971298e-07 	 7.426543e-04 -3.455931e-07 3.169767e-06 	 609
11.750000 	 7.422925e-04 -1.869634e-06 7.214289e-06 	 8.845453e-06 2.958779e-06 -1.070717e-06 	 7.511379e-04 1.089146e-06 6.143573e-06 	 50
12.250000 	 0.000000e+00 0.000000e+00 0.000000e+00 	 0.000000e+00 0.000000e+00 0.000000e+00 	 0.000000e+00 0.000000e+00 0.000000e+00 	 0
12.750000 	 0.000000e+00 0.000000e+00 0.000000e+00 	 0.000000e+00 0.000000e+00 0.000000e+00 	 0.000000e+00 0.000000e+00 0.000000e+00 	 0
13.250000 	 -6.426920e-05 -4.004704e-05 7.529680e-05 	 5.750137e-06 2.518207e-05 -3.457632e-05 	 -5.851906e-05 -1.486497e-05 4.072048e-05 	 2
13.750000 	 0.000000e+00 0.000000e+00 0.000000e+00 	 0.000000e+00 0.000000e+00 0.000000e+00 	 0.000000e+00 0.000000e+00 0.000000e+00 	 0
14.250000 	 0.000000e+00 0.000000e+00 0.000000e+00 	 0.000000e+00 0.000000e+00 0.000000e+00 	 0.000000e+00 0.000000e+00 0.000000e+00 	 0
14.750000 	 0.000000e+00 0.000000e+00 0.000000e+00 	 0.000000e+00 0.000000e+00 0.000000e+00 	 0.000000e+00 0.000000e+00 0.000000e+00 	 0
