# 1  2-4    5-7    8-10   11     
# x  dirEF  recEF  sumEF  #Sample
0.250000 	 0.000000e+00 0.000000e+00 0.000000e+00 	 0.000000e+00 0.000000e+00 0.000000e+00 	 0.000000e+00 0.000000e+00 0.000000e+00 	 0
0.750000 	 -7.294576e-05 -3.142370e-05 3.551349e-05 	 -3.947929e-05 -1.699673e-05 -4.788558e-05 	 -1.124251e-04 -4.842043e-05 -1.237210e-05 	 1
1.250000 	 0.000000e+00 0.000000e+00 0.000000e+00 	 0.000000e+00 0.000000e+00 0.000000e+00 	 0.000000e+00 0.000000e+00 0.000000e+00 	 0
1.750000 	 0.000000e+00 0.000000e+00 0.000000e+00 	 0.000000e+00 0.000000e+00 0.000000e+00 	 0.000000e+00 0.000000e+00 0.000000e+00 	 0
2.250000 	 0.000000e+00 0.000000e+00 0.000000e+00 	 0.000000e+00 0.000000e+00 0.000000e+00 	 0.000000e+00 0.000000e+00 0.000000e+00 	 0
2.750000 	 0.000000e+00 0.000000e+00 0.000000e+00 	 0.000000e+00 0.000000e+00 0.000000e+00 	 0.000000e+00 0.000000e+00 0.000000e+00 	 0
3.250000 	 -7.168092e-04 -2.090740e-05 1.376095e-05 	 -2.552442e-05 -6.973681e-06 4.195747e-06 	 -7.423336e-04 -2.788108e-05 1.795669e-05 	 37
3.750000 	 -7.387313e-04 3.131990e-06 2.968003e-06 	 -1.512600e-05 6.618164e-07 -6.111717e-07 	 -7.538573e-04 3.793806e-06 2.356831e-06 	 530
4.250000 	 -6.128413e-04 -6.679881e-07 1.368012e-06 	 1.707484e-05 -1.064899e-06 -4.861632e-07 	 -5.957665e-04 -1.732887e-06 8.818491e-07 	 918
4.750000 	 -2.845533e-04 -2.331234e-06 -3.221084e-06 	 -5.859967e-06 -3.296229e-07 1.106795e-07 	 -2.904132e-04 -2.660857e-06 -3.110404e-06 	 953
5.250000 	 -1.434559e-05 1.057681e-06 -4.053471e-06 	 1.101423e-06 1.618816e-06 1.328538e-07 	 -1.324416e-05 2.676496e-06 -3.920617e-06 	 867
5.750000 	 5.301684e-06 9.859569e-07 4.611311e-06 	 7.384507e-07 -1.646136e-06 -1.423200e-07 	 6.040134e-06 -6.601789e-07 4.468991e-06 	 930
6.250000 	 -4.984419e-06 2.238139e-06 -2.081964e-06 	 -3.600469e-06 1.112161e-06 -7.603951e-08 	 -8.584888e-06 3.350300e-06 -2.158003e-06 	 824
6.750000 	 5.134049e-06 -3.018453e-06 -1.843109e-06 	 -1.966180e-06 6.081739e-07 1.455305e-06 	 3.167869e-06 -2.410279e-06 -3.878041e-07 	 910
7.250000 	 -1.524878e-05 -3.106527e-07 3.185674e-06 	 4.330347e-06 -1.936939e-06 -1.662726e-06 	 -1.091844e-05 -2.247592e-06 1.522948e-06 	 912
7.750000 	 -2.626151e-06 -1.997122e-06 -1.858432e-06 	 -1.649974e-06 2.157647e-06 6.060753e-07 	 -4.276125e-06 1.605253e-07 -1.252357e-06 	 880
8.250000 	 8.196719e-06 3.028250e-06 7.910326e-07 	 -2.841659e-06 5.361367e-07 1.498371e-07 	 5.355060e-06 3.564386e-06 9.408698e-07 	 949
8.750000 	 1.213626e-07 -9.597138e-08 5.532744e-06 	 5.515596e-06 -1.743060e-06 5.640230e-07 	 5.636959e-06 -1.839032e-06 6.096767e-06 	 905
9.250000 	 -8.358588e-07 2.068462e-06 -2.136256e-06 	 -2.417494e-09 -1.907498e-07 -1.740843e-07 	 -8.382763e-07 1.877712e-06 -2.310340e-06 	 888
9.750000 	 3.041580e-05 -2.219687e-07 5.548362e-08 	 -3.924332e-06 5.234111e-07 2.262736e-07 	 2.649147e-05 3.014424e-07 2.817572e-07 	 890
10.250000 	 2.611999e-04 -7.227943e-07 -1.419461e-06 	 4.230284e-06 -8.505480e-08 2.228142e-08 	 2.654302e-04 -8.078491e-07 -1.397180e-06 	 892
10.750000 	 5.852835e-04 -7.783112e-07 1.320881e-06 	 -1.384601e-05 1.010185e-06 -1.175737e-06 	 5.714375e-04 2.318740e-07 1.451442e-07 	 883
11.250000 	 7.209790e-04 -3.851975e-06 -1.122167e-06 	 1.915534e-05 -2.558240e-06 9.511264e-07 	 7.401343e-04 -6.410215e-06 -1.710401e-07 	 611
11.750000 	 6.869650e-04 -2.314738e-06 -3.755039e-06 	 -1.950499e-06 1.000710e-05 3.586667e-06 	 6.850145e-04 7.692358e-06 -1.683716e-07 	 44
12.250000 	 0.000000e+00 0.000000e+00 0.000000e+00 	 0.000000e+00 0.000000e+00 0.000000e+00 	 0.000000e+00 0.000000e+00 0.000000e+00 	 0
12.750000 	 0.000000e+00 0.000000e+00 0.000000e+00 	 0.000000e+00 0.000000e+00 0.000000e+00 	 0.000000e+00 0.000000e+00 0.000000e+00 	 0
13.250000 	 0.000000e+00 0.000000e+00 0.000000e+00 	 0.000000e+00 0.000000e+00 0.000000e+00 	 0.000000e+00 0.000000e+00 0.000000e+00 	 0
13.750000 	 0.000000e+00 0.000000e+00 0.000000e+00 	 0.000000e+00 0.000000e+00 0.000000e+00 	 0.000000e+00 0.000000e+00 0.000000e+00 	 0
14.250000 	 0.000000e+00 0.000000e+00 0.000000e+00 	 0.000000e+00 0.000000e+00 0.000000e+00 	 0.000000e+00 0.000000e+00 0.000000e+00 	 0
14.750000 	 0.000000e+00 0.000000e+00 0.000000e+00 	 0.000000e+00 0.000000e+00 0.000000e+00 	 0.000000e+00 0.000000e+00 0.000000e+00 	 0
