# 1  2-4    5-7    8-10   11     
# x  dirEF  recEF  sumEF  #Sample
0.250000 	 0.000000e+00 0.000000e+00 0.000000e+00 	 0.000000e+00 0.000000e+00 0.000000e+00 	 0.000000e+00 0.000000e+00 0.000000e+00 	 0
0.750000 	 0.000000e+00 0.000000e+00 0.000000e+00 	 0.000000e+00 0.000000e+00 0.000000e+00 	 0.000000e+00 0.000000e+00 0.000000e+00 	 0
1.250000 	 0.000000e+00 0.000000e+00 0.000000e+00 	 0.000000e+00 0.000000e+00 0.000000e+00 	 0.000000e+00 0.000000e+00 0.000000e+00 	 0
1.750000 	 0.000000e+00 0.000000e+00 0.000000e+00 	 0.000000e+00 0.000000e+00 0.000000e+00 	 0.000000e+00 0.000000e+00 0.000000e+00 	 0
2.250000 	 0.000000e+00 0.000000e+00 0.000000e+00 	 0.000000e+00 0.000000e+00 0.000000e+00 	 0.000000e+00 0.000000e+00 0.000000e+00 	 0
2.750000 	 0.000000e+00 0.000000e+00 0.000000e+00 	 0.000000e+00 0.000000e+00 0.000000e+00 	 0.000000e+00 0.000000e+00 0.000000e+00 	 0
3.250000 	 -7.106742e-04 -1.336323e-06 -4.250372e-06 	 -2.545765e-05 4.233276e-07 8.365632e-06 	 -7.361318e-04 -9.129950e-07 4.115261e-06 	 40
3.750000 	 -7.323183e-04 -6.166287e-06 -2.020099e-06 	 -1.694512e-05 3.359335e-06 -1.915579e-06 	 -7.492634e-04 -2.806952e-06 -3.935678e-06 	 560
4.250000 	 -6.005978e-04 -2.809808e-06 -9.094192e-07 	 1.128263e-05 -4.051373e-06 3.176106e-06 	 -5.893151e-04 -6.861180e-06 2.266686e-06 	 916
4.750000 	 -2.809418e-04 -2.519839e-06 2.416003e-06 	 3.902004e-06 2.856282e-06 6.597411e-06 	 -2.770398e-04 3.364429e-07 9.013414e-06 	 901
5.250000 	 -4.337578e-05 1.494746e-06 -3.542362e-07 	 -2.639909e-06 2.932334e-06 9.417810e-07 	 -4.601569e-05 4.427080e-06 5.875448e-07 	 894
5.750000 	 -1.587537e-05 -6.744966e-07 2.613151e-06 	 6.134707e-06 -3.113136e-06 -9.722926e-07 	 -9.740662e-06 -3.787632e-06 1.640858e-06 	 906
6.250000 	 -7.489321e-06 4.148057e-06 -5.640123e-07 	 -3.401266e-06 3.296895e-06 -2.727729e-06 	 -1.089059e-05 7.444952e-06 -3.291741e-06 	 954
6.750000 	 1.327664e-05 3.013739e-07 -1.373944e-06 	 4.545921e-06 1.958231e-06 -7.349466e-07 	 1.782256e-05 2.259605e-06 -2.108890e-06 	 931
7.250000 	 1.942652e-05 -1.329192e-07 3.729944e-06 	 -3.228535e-06 2.415474e-06 -2.533709e-06 	 1.619798e-05 2.282555e-06 1.196235e-06 	 901
7.750000 	 1.919675e-05 -5.424889e-07 3.278120e-06 	 5.264358e-06 -3.961409e-06 -1.318022e-06 	 2.446111e-05 -4.503898e-06 1.960098e-06 	 873
8.250000 	 1.487295e-05 1.716607e-06 -3.372486e-06 	 -1.534132e-05 -2.783758e-06 1.167645e-07 	 -4.683691e-07 -1.067151e-06 -3.255722e-06 	 944
8.750000 	 4.631625e-06 -1.176452e-06 7.148506e-07 	 -1.030434e-06 2.182539e-06 1.185611e-05 	 3.601190e-06 1.006087e-06 1.257096e-05 	 861
9.250000 	 -2.026309e-06 3.071217e-06 1.301384e-06 	 8.580737e-06 5.751039e-06 -2.635871e-06 	 6.554428e-06 8.822256e-06 -1.334487e-06 	 841
9.750000 	 1.597783e-05 3.005462e-06 6.486519e-07 	 3.633019e-06 5.015767e-06 2.906691e-06 	 1.961085e-05 8.021229e-06 3.555343e-06 	 910
10.250000 	 2.704214e-04 -3.518014e-06 -6.496794e-06 	 4.807707e-06 9.438603e-07 -3.945812e-06 	 2.752291e-04 -2.574154e-06 -1.044261e-05 	 875
10.750000 	 5.963671e-04 -6.663659e-07 8.583097e-07 	 -9.418670e-06 -4.918505e-06 1.622812e-06 	 5.869484e-04 -5.584871e-06 2.481121e-06 	 900
11.250000 	 7.181246e-04 3.010356e-07 1.196689e-07 	 9.773944e-06 -2.155482e-07 6.015686e-06 	 7.278986e-04 8.548739e-08 6.135355e-06 	 586
11.750000 	 7.132211e-04 5.735758e-06 2.081159e-05 	 5.422110e-05 7.325221e-06 2.096233e-05 	 7.674422e-04 1.306098e-05 4.177392e-05 	 31
12.250000 	 0.000000e+00 0.000000e+00 0.000000e+00 	 0.000000e+00 0.000000e+00 0.000000e+00 	 0.000000e+00 0.000000e+00 0.000000e+00 	 0
12.750000 	 0.000000e+00 0.000000e+00 0.000000e+00 	 0.000000e+00 0.000000e+00 0.000000e+00 	 0.000000e+00 0.000000e+00 0.000000e+00 	 0
13.250000 	 0.000000e+00 0.000000e+00 0.000000e+00 	 0.000000e+00 0.000000e+00 0.000000e+00 	 0.000000e+00 0.000000e+00 0.000000e+00 	 0
13.750000 	 0.000000e+00 0.000000e+00 0.000000e+00 	 0.000000e+00 0.000000e+00 0.000000e+00 	 0.000000e+00 0.000000e+00 0.000000e+00 	 0
14.250000 	 0.000000e+00 0.000000e+00 0.000000e+00 	 0.000000e+00 0.000000e+00 0.000000e+00 	 0.000000e+00 0.000000e+00 0.000000e+00 	 0
14.750000 	 0.000000e+00 0.000000e+00 0.000000e+00 	 0.000000e+00 0.000000e+00 0.000000e+00 	 0.000000e+00 0.000000e+00 0.000000e+00 	 0
