# 1  2-4    5-7    8-10   11     
# x  dirEF  recEF  sumEF  #Sample
0.250000 	 0.000000e+00 0.000000e+00 0.000000e+00 	 0.000000e+00 0.000000e+00 0.000000e+00 	 0.000000e+00 0.000000e+00 0.000000e+00 	 0
0.750000 	 0.000000e+00 0.000000e+00 0.000000e+00 	 0.000000e+00 0.000000e+00 0.000000e+00 	 0.000000e+00 0.000000e+00 0.000000e+00 	 0
1.250000 	 0.000000e+00 0.000000e+00 0.000000e+00 	 0.000000e+00 0.000000e+00 0.000000e+00 	 0.000000e+00 0.000000e+00 0.000000e+00 	 0
1.750000 	 0.000000e+00 0.000000e+00 0.000000e+00 	 0.000000e+00 0.000000e+00 0.000000e+00 	 0.000000e+00 0.000000e+00 0.000000e+00 	 0
2.250000 	 0.000000e+00 0.000000e+00 0.000000e+00 	 0.000000e+00 0.000000e+00 0.000000e+00 	 0.000000e+00 0.000000e+00 0.000000e+00 	 0
2.750000 	 -2.885615e-04 5.468631e-05 1.010783e-04 	 2.367200e-05 -1.869593e-05 1.547579e-05 	 -2.648895e-04 3.599038e-05 1.165541e-04 	 1
3.250000 	 -7.059328e-04 -1.288278e-05 -9.551764e-06 	 -2.737100e-05 -1.425080e-06 -6.525545e-06 	 -7.333038e-04 -1.430786e-05 -1.607731e-05 	 29
3.750000 	 -7.228669e-04 1.535757e-06 -3.080305e-06 	 -1.598485e-05 1.777753e-06 -8.182484e-07 	 -7.388518e-04 3.313510e-06 -3.898554e-06 	 568
4.250000 	 -6.062048e-04 4.261732e-06 2.825755e-06 	 1.279778e-05 9.519857e-07 2.342371e-07 	 -5.934070e-04 5.213717e-06 3.059992e-06 	 868
4.750000 	 -2.872150e-04 -3.741347e-06 -2.954544e-06 	 -7.999892e-08 -1.769750e-07 -2.191964e-07 	 -2.872950e-04 -3.918322e-06 -3.173741e-06 	 899
5.250000 	 -2.743335e-05 -6.624519e-07 3.055600e-06 	 -5.054369e-06 -1.173131e-06 -9.232931e-08 	 -3.248772e-05 -1.835583e-06 2.963271e-06 	 938
5.750000 	 8.920199e-06 8.970905e-07 1.097141e-06 	 4.308899e-06 6.572005e-07 1.644959e-06 	 1.322910e-05 1.554291e-06 2.742100e-06 	 866
6.250000 	 3.863482e-07 -1.042880e-06 -2.016485e-06 	 -2.157989e-06 7.381508e-08 -1.252916e-06 	 -1.771641e-06 -9.690652e-07 -3.269401e-06 	 903
6.750000 	 -4.168204e-06 5.415574e-07 3.482438e-07 	 1.717571e-06 5.623532e-07 6.044557e-07 	 -2.450634e-06 1.103911e-06 9.526995e-07 	 849
7.250000 	 -2.160899e-05 -3.832471e-06 -1.669146e-06 	 -5.229278e-07 -6.520022e-07 -5.285162e-07 	 -2.213192e-05 -4.484473e-06 -2.197662e-06 	 949
7.750000 	 -1.412081e-05 4.973589e-06 3.713596e-06 	 3.515993e-07 1.615530e-06 -1.356518e-06 	 -1.376921e-05 6.589119e-06 2.357077e-06 	 916
8.250000 	 1.279429e-06 -2.827079e-06 -1.829967e-06 	 -5.591092e-07 -9.148462e-07 1.269665e-06 	 7.203202e-07 -3.741925e-06 -5.603020e-07 	 919
8.750000 	 1.375891e-05 6.931606e-07 -1.316901e-06 	 -2.777123e-07 -1.208336e-06 4.210226e-07 	 1.348119e-05 -5.151759e-07 -8.958788e-07 	 946
9.250000 	 1.374347e-05 1.133521e-06 4.587638e-06 	 -4.855447e-06 -1.050815e-06 -9.852086e-07 	 8.888022e-06 8.270522e-08 3.602429e-06 	 870
9.750000 	 3.995496e-05 9.847335e-07 -1.535338e-07 	 8.394369e-06 1.054715e-06 1.028612e-06 	 4.834933e-05 2.039448e-06 8.750787e-07 	 902
10.250000 	 2.728988e-04 -3.991924e-06 -9.257924e-07 	 1.075086e-06 5.550814e-07 -5.197962e-07 	 2.739739e-04 -3.436843e-06 -1.445589e-06 	 905
10.750000 	 5.895275e-04 2.613246e-06 2.191227e-07 	 -1.969389e-05 1.097717e-06 7.309666e-08 	 5.698337e-04 3.710963e-06 2.922194e-07 	 887
11.250000 	 7.169274e-04 7.745630e-07 -4.417331e-06 	 2.290921e-05 -1.100287e-06 1.224243e-06 	 7.398366e-04 -3.257241e-07 -3.193087e-06 	 576
11.750000 	 7.052626e-04 -1.177657e-05 -1.000199e-05 	 -1.134655e-05 -1.162232e-05 4.620269e-06 	 6.939160e-04 -2.339889e-05 -5.381721e-06 	 33
12.250000 	 0.000000e+00 0.000000e+00 0.000000e+00 	 0.000000e+00 0.000000e+00 0.000000e+00 	 0.000000e+00 0.000000e+00 0.000000e+00 	 0
12.750000 	 0.000000e+00 0.000000e+00 0.000000e+00 	 0.000000e+00 0.000000e+00 0.000000e+00 	 0.000000e+00 0.000000e+00 0.000000e+00 	 0
13.250000 	 0.000000e+00 0.000000e+00 0.000000e+00 	 0.000000e+00 0.000000e+00 0.000000e+00 	 0.000000e+00 0.000000e+00 0.000000e+00 	 0
13.750000 	 0.000000e+00 0.000000e+00 0.000000e+00 	 0.000000e+00 0.000000e+00 0.000000e+00 	 0.000000e+00 0.000000e+00 0.000000e+00 	 0
14.250000 	 0.000000e+00 0.000000e+00 0.000000e+00 	 0.000000e+00 0.000000e+00 0.000000e+00 	 0.000000e+00 0.000000e+00 0.000000e+00 	 0
14.750000 	 0.000000e+00 0.000000e+00 0.000000e+00 	 0.000000e+00 0.000000e+00 0.000000e+00 	 0.000000e+00 0.000000e+00 0.000000e+00 	 0
