# 1  2-4    5-7    8-10   11     
# x  dirEF  recEF  sumEF  #Sample
0.250000 	 0.000000e+00 0.000000e+00 0.000000e+00 	 0.000000e+00 0.000000e+00 0.000000e+00 	 0.000000e+00 0.000000e+00 0.000000e+00 	 0
0.750000 	 0.000000e+00 0.000000e+00 0.000000e+00 	 0.000000e+00 0.000000e+00 0.000000e+00 	 0.000000e+00 0.000000e+00 0.000000e+00 	 0
1.250000 	 0.000000e+00 0.000000e+00 0.000000e+00 	 0.000000e+00 0.000000e+00 0.000000e+00 	 0.000000e+00 0.000000e+00 0.000000e+00 	 0
1.750000 	 0.000000e+00 0.000000e+00 0.000000e+00 	 0.000000e+00 0.000000e+00 0.000000e+00 	 0.000000e+00 0.000000e+00 0.000000e+00 	 0
2.250000 	 9.939872e-05 4.492781e-05 5.374250e-05 	 -6.984470e-05 -2.260074e-05 1.769896e-05 	 2.955402e-05 2.232708e-05 7.144146e-05 	 1
2.750000 	 0.000000e+00 0.000000e+00 0.000000e+00 	 0.000000e+00 0.000000e+00 0.000000e+00 	 0.000000e+00 0.000000e+00 0.000000e+00 	 0
3.250000 	 -7.117934e-04 1.676812e-05 -4.005393e-07 	 -1.538581e-05 5.117886e-06 2.243528e-06 	 -7.271792e-04 2.188600e-05 1.842988e-06 	 38
3.750000 	 -7.313183e-04 -1.127980e-06 5.113882e-07 	 -1.388349e-05 -7.752405e-07 -2.043444e-07 	 -7.452018e-04 -1.903221e-06 3.070437e-07 	 560
4.250000 	 -6.017731e-04 2.292831e-06 -1.027436e-06 	 1.146915e-05 6.520860e-07 2.152912e-06 	 -5.903039e-04 2.944917e-06 1.125476e-06 	 917
4.750000 	 -2.916114e-04 -2.619653e-07 2.638891e-06 	 -4.365025e-06 -5.707089e-07 -1.944264e-06 	 -2.959764e-04 -8.326742e-07 6.946267e-07 	 890
5.250000 	 -2.476380e-05 -3.335772e-06 1.536752e-06 	 -6.629703e-07 -8.451402e-07 -6.585707e-07 	 -2.542677e-05 -4.180912e-06 8.781817e-07 	 898
5.750000 	 7.166949e-06 1.785969e-06 -2.749936e-06 	 1.702918e-06 7.409103e-07 8.446010e-07 	 8.869867e-06 2.526879e-06 -1.905335e-06 	 965
6.250000 	 1.125322e-05 3.905796e-06 -4.863236e-06 	 1.351888e-06 3.244802e-07 3.651794e-07 	 1.260511e-05 4.230276e-06 -4.498057e-06 	 874
6.750000 	 3.822799e-06 -4.573159e-06 3.148339e-06 	 -1.589986e-06 7.036350e-07 -2.916532e-07 	 2.232813e-06 -3.869524e-06 2.856686e-06 	 857
7.250000 	 -1.020317e-05 -1.404449e-07 1.052291e-06 	 -5.955816e-07 -9.343043e-07 1.201504e-07 	 -1.079876e-05 -1.074749e-06 1.172441e-06 	 936
7.750000 	 -1.564275e-05 2.590116e-06 3.063143e-06 	 8.982666e-07 -1.196755e-06 2.832779e-08 	 -1.474448e-05 1.393362e-06 3.091471e-06 	 880
8.250000 	 3.794407e-06 7.539066e-07 -4.994796e-07 	 -2.610574e-06 1.565990e-06 1.287282e-06 	 1.183834e-06 2.319896e-06 7.878026e-07 	 921
8.750000 	 9.271856e-06 -4.241282e-06 -2.516864e-06 	 3.790969e-06 -1.402087e-06 -1.998162e-06 	 1.306282e-05 -5.643369e-06 -4.515026e-06 	 898
9.250000 	 9.009922e-06 2.044783e-06 -7.615537e-08 	 1.479989e-06 3.583663e-07 -5.173363e-07 	 1.048991e-05 2.403149e-06 -5.934917e-07 	 905
9.750000 	 2.786404e-05 -2.637636e-07 1.865568e-06 	 -4.961535e-06 1.123598e-06 1.468165e-06 	 2.290250e-05 8.598346e-07 3.333732e-06 	 887
10.250000 	 2.794323e-04 -3.616651e-06 9.973424e-07 	 6.455125e-06 -5.651737e-07 3.375282e-07 	 2.858874e-04 -4.181825e-06 1.334871e-06 	 897
10.750000 	 5.917284e-04 3.457295e-07 2.063623e-06 	 -1.426541e-05 6.499847e-08 -2.891502e-07 	 5.774630e-04 4.107280e-07 1.774472e-06 	 886
11.250000 	 7.255224e-04 9.739207e-07 -6.844380e-06 	 1.621318e-05 3.368134e-07 2.120229e-07 	 7.417356e-04 1.310734e-06 -6.632357e-06 	 580
11.750000 	 7.117116e-04 -9.635083e-07 -5.688387e-06 	 -6.243714e-06 2.501051e-06 3.454691e-06 	 7.054679e-04 1.537543e-06 -2.233696e-06 	 34
12.250000 	 0.000000e+00 0.000000e+00 0.000000e+00 	 0.000000e+00 0.000000e+00 0.000000e+00 	 0.000000e+00 0.000000e+00 0.000000e+00 	 0
12.750000 	 0.000000e+00 0.000000e+00 0.000000e+00 	 0.000000e+00 0.000000e+00 0.000000e+00 	 0.000000e+00 0.000000e+00 0.000000e+00 	 0
13.250000 	 0.000000e+00 0.000000e+00 0.000000e+00 	 0.000000e+00 0.000000e+00 0.000000e+00 	 0.000000e+00 0.000000e+00 0.000000e+00 	 0
13.750000 	 0.000000e+00 0.000000e+00 0.000000e+00 	 0.000000e+00 0.000000e+00 0.000000e+00 	 0.000000e+00 0.000000e+00 0.000000e+00 	 0
14.250000 	 0.000000e+00 0.000000e+00 0.000000e+00 	 0.000000e+00 0.000000e+00 0.000000e+00 	 0.000000e+00 0.000000e+00 0.000000e+00 	 0
14.750000 	 0.000000e+00 0.000000e+00 0.000000e+00 	 0.000000e+00 0.000000e+00 0.000000e+00 	 0.000000e+00 0.000000e+00 0.000000e+00 	 0
