# 1  2-4    5-7    8-10   11     
# x  dirEF  recEF  sumEF  #Sample
0.250000 	 0.000000e+00 0.000000e+00 0.000000e+00 	 0.000000e+00 0.000000e+00 0.000000e+00 	 0.000000e+00 0.000000e+00 0.000000e+00 	 0
0.750000 	 0.000000e+00 0.000000e+00 0.000000e+00 	 0.000000e+00 0.000000e+00 0.000000e+00 	 0.000000e+00 0.000000e+00 0.000000e+00 	 0
1.250000 	 3.003464e-06 -9.760063e-05 -4.395965e-05 	 1.962389e-05 -3.990893e-05 9.832124e-06 	 2.262735e-05 -1.375096e-04 -3.412753e-05 	 1
1.750000 	 0.000000e+00 0.000000e+00 0.000000e+00 	 0.000000e+00 0.000000e+00 0.000000e+00 	 0.000000e+00 0.000000e+00 0.000000e+00 	 0
2.250000 	 0.000000e+00 0.000000e+00 0.000000e+00 	 0.000000e+00 0.000000e+00 0.000000e+00 	 0.000000e+00 0.000000e+00 0.000000e+00 	 0
2.750000 	 0.000000e+00 0.000000e+00 0.000000e+00 	 0.000000e+00 0.000000e+00 0.000000e+00 	 0.000000e+00 0.000000e+00 0.000000e+00 	 0
3.250000 	 -8.561289e-04 -1.815461e-05 -1.371794e-05 	 2.721022e-06 2.497890e-06 -7.644051e-06 	 -8.534078e-04 -1.565672e-05 -2.136199e-05 	 46
3.750000 	 -8.414404e-04 -4.538260e-06 1.476860e-06 	 -1.066423e-05 -1.114642e-06 1.483880e-06 	 -8.521046e-04 -5.652902e-06 2.960740e-06 	 571
4.250000 	 -6.825561e-04 -8.478187e-07 3.039664e-07 	 9.697005e-06 1.448786e-06 2.410775e-06 	 -6.728591e-04 6.009677e-07 2.714742e-06 	 916
4.750000 	 -3.214154e-04 2.125358e-06 -3.927550e-06 	 -2.156989e-06 -6.270750e-07 -1.226814e-06 	 -3.235724e-04 1.498283e-06 -5.154364e-06 	 876
5.250000 	 -2.891441e-05 -3.157542e-06 -1.846354e-06 	 1.996219e-07 -6.175378e-07 5.529667e-08 	 -2.871478e-05 -3.775080e-06 -1.791058e-06 	 887
5.750000 	 -5.764350e-06 1.102459e-06 -1.679995e-06 	 -8.966133e-07 -6.839123e-07 1.474686e-07 	 -6.660963e-06 4.185462e-07 -1.532526e-06 	 895
6.250000 	 -2.251034e-05 2.911554e-06 1.027842e-06 	 3.254774e-06 -5.711999e-07 3.185761e-07 	 -1.925556e-05 2.340354e-06 1.346418e-06 	 927
6.750000 	 -9.811092e-06 -3.599851e-06 2.840522e-06 	 6.075636e-07 1.547423e-06 -5.621836e-07 	 -9.203528e-06 -2.052427e-06 2.278339e-06 	 889
7.250000 	 1.517384e-05 -7.516331e-07 -7.167788e-07 	 -6.648829e-06 1.295388e-06 -6.278623e-07 	 8.525007e-06 5.437547e-07 -1.344641e-06 	 940
7.750000 	 2.454982e-05 3.185971e-06 2.814334e-06 	 7.425066e-06 -1.159914e-08 2.168092e-06 	 3.197489e-05 3.174372e-06 4.982427e-06 	 906
8.250000 	 2.059524e-05 -5.882963e-06 -3.031701e-06 	 -9.670201e-07 -2.293373e-07 -1.637314e-06 	 1.962822e-05 -6.112300e-06 -4.669015e-06 	 877
8.750000 	 -6.176850e-06 8.925623e-06 3.832389e-06 	 -2.422707e-06 -6.573665e-07 -6.632777e-07 	 -8.599557e-06 8.268256e-06 3.169112e-06 	 859
9.250000 	 -1.165063e-05 -5.388838e-06 -2.013607e-06 	 3.850004e-06 4.790381e-07 7.713501e-07 	 -7.800623e-06 -4.909800e-06 -1.242257e-06 	 893
9.750000 	 1.100555e-05 6.897642e-06 5.025015e-06 	 -6.311467e-06 -1.024767e-06 -8.881087e-07 	 4.694078e-06 5.872875e-06 4.136907e-06 	 907
10.250000 	 3.179728e-04 -4.384655e-06 -2.583466e-06 	 9.653861e-06 -2.416378e-08 7.954898e-07 	 3.276266e-04 -4.408819e-06 -1.787976e-06 	 929
10.750000 	 7.143882e-04 -1.229705e-06 -5.383571e-06 	 -1.934072e-05 -6.640126e-07 -9.874171e-07 	 6.950475e-04 -1.893718e-06 -6.370988e-06 	 920
11.250000 	 8.682935e-04 -3.101203e-06 8.856580e-07 	 1.860854e-05 4.549966e-06 1.432256e-06 	 8.869020e-04 1.448764e-06 2.317914e-06 	 545
11.750000 	 8.531038e-04 5.104523e-06 2.080494e-06 	 6.325736e-06 -3.410676e-06 -4.692258e-06 	 8.594296e-04 1.693848e-06 -2.611765e-06 	 40
12.250000 	 0.000000e+00 0.000000e+00 0.000000e+00 	 0.000000e+00 0.000000e+00 0.000000e+00 	 0.000000e+00 0.000000e+00 0.000000e+00 	 0
12.750000 	 0.000000e+00 0.000000e+00 0.000000e+00 	 0.000000e+00 0.000000e+00 0.000000e+00 	 0.000000e+00 0.000000e+00 0.000000e+00 	 0
13.250000 	 0.000000e+00 0.000000e+00 0.000000e+00 	 0.000000e+00 0.000000e+00 0.000000e+00 	 0.000000e+00 0.000000e+00 0.000000e+00 	 0
13.750000 	 0.000000e+00 0.000000e+00 0.000000e+00 	 0.000000e+00 0.000000e+00 0.000000e+00 	 0.000000e+00 0.000000e+00 0.000000e+00 	 0
14.250000 	 0.000000e+00 0.000000e+00 0.000000e+00 	 0.000000e+00 0.000000e+00 0.000000e+00 	 0.000000e+00 0.000000e+00 0.000000e+00 	 0
14.750000 	 0.000000e+00 0.000000e+00 0.000000e+00 	 0.000000e+00 0.000000e+00 0.000000e+00 	 0.000000e+00 0.000000e+00 0.000000e+00 	 0
