# 1  2-4    5-7    8-10   11     
# x  dirEF  recEF  sumEF  #Sample
0.250000 	 -2.195802e-05 3.402486e-05 -3.668349e-05 	 -2.730494e-05 1.929433e-05 1.398123e-05 	 -4.926296e-05 5.331919e-05 -2.270226e-05 	 1
0.750000 	 0.000000e+00 0.000000e+00 0.000000e+00 	 0.000000e+00 0.000000e+00 0.000000e+00 	 0.000000e+00 0.000000e+00 0.000000e+00 	 0
1.250000 	 4.279677e-05 -3.619842e-05 -4.531531e-05 	 -3.457855e-05 5.531534e-05 -7.072985e-06 	 8.218214e-06 1.911692e-05 -5.238830e-05 	 1
1.750000 	 0.000000e+00 0.000000e+00 0.000000e+00 	 0.000000e+00 0.000000e+00 0.000000e+00 	 0.000000e+00 0.000000e+00 0.000000e+00 	 0
2.250000 	 -1.082069e-04 1.520762e-06 -8.136140e-05 	 3.906159e-05 4.668635e-05 -5.984201e-05 	 -6.914529e-05 4.820711e-05 -1.412034e-04 	 1
2.750000 	 0.000000e+00 0.000000e+00 0.000000e+00 	 0.000000e+00 0.000000e+00 0.000000e+00 	 0.000000e+00 0.000000e+00 0.000000e+00 	 0
3.250000 	 -8.673344e-04 -6.939633e-06 -1.551994e-05 	 -4.476280e-06 1.102049e-05 -5.461722e-07 	 -8.718107e-04 4.080857e-06 -1.606611e-05 	 39
3.750000 	 -8.646552e-04 -1.555929e-06 1.380744e-06 	 -1.970023e-05 4.348538e-07 -2.776730e-06 	 -8.843554e-04 -1.121075e-06 -1.395986e-06 	 551
4.250000 	 -7.160695e-04 -2.333829e-06 8.494015e-07 	 1.689932e-05 3.659263e-07 1.281399e-06 	 -6.991701e-04 -1.967903e-06 2.130801e-06 	 917
4.750000 	 -3.435195e-04 2.919326e-06 1.079466e-06 	 -4.108074e-06 7.764798e-07 9.223994e-08 	 -3.476276e-04 3.695806e-06 1.171706e-06 	 933
5.250000 	 -3.744184e-05 -3.239745e-06 1.822830e-06 	 -4.035958e-06 -9.769250e-07 -1.612806e-07 	 -4.147780e-05 -4.216670e-06 1.661550e-06 	 878
5.750000 	 1.486210e-05 1.625666e-06 -7.517494e-07 	 6.491596e-06 8.086675e-07 -3.599404e-07 	 2.135370e-05 2.434333e-06 -1.111690e-06 	 948
6.250000 	 1.273905e-05 3.701655e-06 1.721332e-06 	 -3.550760e-06 -8.154504e-07 2.027689e-08 	 9.188294e-06 2.886205e-06 1.741609e-06 	 911
6.750000 	 -3.162959e-06 -2.935201e-06 -2.489141e-06 	 -6.435622e-07 -1.830483e-06 9.717660e-07 	 -3.806521e-06 -4.765684e-06 -1.517375e-06 	 890
7.250000 	 -5.135152e-06 -4.771775e-07 4.326928e-06 	 9.952634e-07 2.684355e-06 -1.325458e-06 	 -4.139888e-06 2.207177e-06 3.001470e-06 	 908
7.750000 	 1.541399e-05 -4.323082e-06 -4.846254e-06 	 -2.126494e-06 -9.927828e-07 4.457416e-07 	 1.328750e-05 -5.315865e-06 -4.400513e-06 	 936
8.250000 	 1.294672e-05 3.930529e-06 -1.242256e-06 	 3.692390e-06 4.996218e-07 -3.239365e-08 	 1.663911e-05 4.430151e-06 -1.274649e-06 	 894
8.750000 	 3.003064e-06 2.384308e-06 2.758436e-06 	 5.844254e-07 5.525389e-08 8.205845e-07 	 3.587489e-06 2.439562e-06 3.579021e-06 	 826
9.250000 	 -5.690828e-06 -3.187116e-06 -7.830659e-07 	 -1.089572e-06 7.192043e-07 -1.906443e-07 	 -6.780400e-06 -2.467912e-06 -9.737101e-07 	 897
9.750000 	 1.827223e-05 6.049460e-06 -1.347258e-06 	 -2.650058e-06 2.814246e-07 -9.165529e-07 	 1.562218e-05 6.330885e-06 -2.263811e-06 	 929
10.250000 	 3.289940e-04 1.031148e-06 3.898609e-06 	 5.345168e-06 -5.100637e-07 -3.918996e-07 	 3.343392e-04 5.210843e-07 3.506709e-06 	 915
10.750000 	 7.205947e-04 -3.597313e-06 -1.174087e-06 	 -1.410256e-05 -3.787559e-07 1.147336e-06 	 7.064922e-04 -3.976069e-06 -2.675033e-08 	 894
11.250000 	 8.684310e-04 -7.459015e-06 3.953471e-06 	 1.762338e-05 1.279026e-06 -4.385737e-07 	 8.860544e-04 -6.179989e-06 3.514897e-06 	 519
11.750000 	 8.356427e-04 2.598495e-05 5.590853e-06 	 4.655227e-06 -3.898860e-06 3.118034e-07 	 8.402979e-04 2.208609e-05 5.902656e-06 	 35
12.250000 	 0.000000e+00 0.000000e+00 0.000000e+00 	 0.000000e+00 0.000000e+00 0.000000e+00 	 0.000000e+00 0.000000e+00 0.000000e+00 	 0
12.750000 	 0.000000e+00 0.000000e+00 0.000000e+00 	 0.000000e+00 0.000000e+00 0.000000e+00 	 0.000000e+00 0.000000e+00 0.000000e+00 	 0
13.250000 	 0.000000e+00 0.000000e+00 0.000000e+00 	 0.000000e+00 0.000000e+00 0.000000e+00 	 0.000000e+00 0.000000e+00 0.000000e+00 	 0
13.750000 	 7.505299e-05 -3.311621e-05 -9.626411e-05 	 1.341596e-04 -3.407334e-05 1.237992e-05 	 2.092126e-04 -6.718955e-05 -8.388419e-05 	 1
14.250000 	 0.000000e+00 0.000000e+00 0.000000e+00 	 0.000000e+00 0.000000e+00 0.000000e+00 	 0.000000e+00 0.000000e+00 0.000000e+00 	 0
14.750000 	 0.000000e+00 0.000000e+00 0.000000e+00 	 0.000000e+00 0.000000e+00 0.000000e+00 	 0.000000e+00 0.000000e+00 0.000000e+00 	 0
