# 1  2-4    5-7    8-10   11     
# x  dirEF  recEF  sumEF  #Sample
0.250000 	 0.000000e+00 0.000000e+00 0.000000e+00 	 0.000000e+00 0.000000e+00 0.000000e+00 	 0.000000e+00 0.000000e+00 0.000000e+00 	 0
0.750000 	 0.000000e+00 0.000000e+00 0.000000e+00 	 0.000000e+00 0.000000e+00 0.000000e+00 	 0.000000e+00 0.000000e+00 0.000000e+00 	 0
1.250000 	 0.000000e+00 0.000000e+00 0.000000e+00 	 0.000000e+00 0.000000e+00 0.000000e+00 	 0.000000e+00 0.000000e+00 0.000000e+00 	 0
1.750000 	 0.000000e+00 0.000000e+00 0.000000e+00 	 0.000000e+00 0.000000e+00 0.000000e+00 	 0.000000e+00 0.000000e+00 0.000000e+00 	 0
2.250000 	 0.000000e+00 0.000000e+00 0.000000e+00 	 0.000000e+00 0.000000e+00 0.000000e+00 	 0.000000e+00 0.000000e+00 0.000000e+00 	 0
2.750000 	 0.000000e+00 0.000000e+00 0.000000e+00 	 0.000000e+00 0.000000e+00 0.000000e+00 	 0.000000e+00 0.000000e+00 0.000000e+00 	 0
3.250000 	 -8.462880e-04 -2.105779e-05 -2.190226e-06 	 -4.372654e-05 -2.460991e-05 1.006909e-05 	 -8.900145e-04 -4.566770e-05 7.878863e-06 	 40
3.750000 	 -8.444577e-04 2.474846e-06 -6.848698e-07 	 -1.648994e-05 -7.334347e-06 -3.619747e-06 	 -8.609477e-04 -4.859501e-06 -4.304617e-06 	 577
4.250000 	 -6.908565e-04 1.047299e-06 1.305183e-06 	 9.213006e-06 8.504490e-07 -1.132308e-06 	 -6.816435e-04 1.897748e-06 1.728743e-07 	 881
4.750000 	 -3.199493e-04 3.326721e-06 -3.294829e-06 	 -1.433633e-05 -1.118003e-06 7.024696e-06 	 -3.342856e-04 2.208718e-06 3.729866e-06 	 927
5.250000 	 -3.906228e-05 -6.166936e-06 -2.104075e-07 	 6.070064e-06 -9.076678e-06 -3.819605e-07 	 -3.299221e-05 -1.524361e-05 -5.923680e-07 	 877
5.750000 	 8.485236e-06 4.449946e-06 4.262966e-06 	 2.222270e-06 -3.566004e-07 -1.765897e-06 	 1.070751e-05 4.093345e-06 2.497070e-06 	 919
6.250000 	 1.403318e-05 1.139906e-07 3.195109e-06 	 -8.974046e-07 3.613181e-06 3.423693e-06 	 1.313578e-05 3.727171e-06 6.618802e-06 	 890
6.750000 	 6.970879e-06 -1.432199e-06 -6.527170e-06 	 5.731555e-06 2.648455e-06 2.275793e-06 	 1.270243e-05 1.216256e-06 -4.251377e-06 	 912
7.250000 	 -1.697957e-05 1.197558e-06 1.493894e-06 	 -1.085605e-05 -7.253204e-07 -1.063566e-06 	 -2.783561e-05 4.722371e-07 4.303277e-07 	 883
7.750000 	 -6.036112e-06 3.032882e-06 -8.105255e-07 	 4.721664e-06 6.609187e-07 7.001469e-07 	 -1.314449e-06 3.693801e-06 -1.103786e-07 	 877
8.250000 	 -6.663944e-06 -1.375143e-06 -5.005186e-08 	 -3.044546e-06 -2.640911e-06 6.098584e-06 	 -9.708490e-06 -4.016054e-06 6.048532e-06 	 975
8.750000 	 2.537606e-06 -3.713151e-06 4.448526e-06 	 3.360091e-06 -4.358883e-06 -1.847608e-06 	 5.897697e-06 -8.072034e-06 2.600918e-06 	 859
9.250000 	 5.465778e-06 1.306438e-06 -3.976072e-06 	 6.492790e-06 3.895669e-07 -8.530707e-06 	 1.195857e-05 1.696005e-06 -1.250678e-05 	 889
9.750000 	 3.481885e-05 1.209883e-06 4.657442e-06 	 3.270909e-06 -6.725513e-06 -4.148037e-07 	 3.808976e-05 -5.515630e-06 4.242638e-06 	 930
10.250000 	 3.416527e-04 2.258213e-06 -1.820648e-06 	 -6.366804e-06 7.496702e-07 -1.790994e-06 	 3.352859e-04 3.007883e-06 -3.611643e-06 	 905
10.750000 	 7.107331e-04 -8.386009e-07 -5.224194e-06 	 -8.102778e-06 -7.699335e-06 -4.497203e-06 	 7.026303e-04 -8.537936e-06 -9.721397e-06 	 889
11.250000 	 8.610214e-04 -3.345146e-06 3.692902e-06 	 1.142822e-05 4.519017e-06 -6.601579e-06 	 8.724496e-04 1.173871e-06 -2.908677e-06 	 558
11.750000 	 8.419291e-04 -6.979076e-07 9.398725e-06 	 -1.105383e-05 1.022568e-05 1.829941e-05 	 8.308753e-04 9.527773e-06 2.769814e-05 	 36
12.250000 	 0.000000e+00 0.000000e+00 0.000000e+00 	 0.000000e+00 0.000000e+00 0.000000e+00 	 0.000000e+00 0.000000e+00 0.000000e+00 	 0
12.750000 	 0.000000e+00 0.000000e+00 0.000000e+00 	 0.000000e+00 0.000000e+00 0.000000e+00 	 0.000000e+00 0.000000e+00 0.000000e+00 	 0
13.250000 	 0.000000e+00 0.000000e+00 0.000000e+00 	 0.000000e+00 0.000000e+00 0.000000e+00 	 0.000000e+00 0.000000e+00 0.000000e+00 	 0
13.750000 	 0.000000e+00 0.000000e+00 0.000000e+00 	 0.000000e+00 0.000000e+00 0.000000e+00 	 0.000000e+00 0.000000e+00 0.000000e+00 	 0
14.250000 	 0.000000e+00 0.000000e+00 0.000000e+00 	 0.000000e+00 0.000000e+00 0.000000e+00 	 0.000000e+00 0.000000e+00 0.000000e+00 	 0
14.750000 	 0.000000e+00 0.000000e+00 0.000000e+00 	 0.000000e+00 0.000000e+00 0.000000e+00 	 0.000000e+00 0.000000e+00 0.000000e+00 	 0
