# 1  2-4    5-7    8-10   11     
# x  dirEF  recEF  sumEF  #Sample
0.250000 	 0.000000e+00 0.000000e+00 0.000000e+00 	 0.000000e+00 0.000000e+00 0.000000e+00 	 0.000000e+00 0.000000e+00 0.000000e+00 	 0
0.750000 	 1.624518e-04 -3.892144e-05 1.490306e-04 	 -3.889478e-06 -4.177187e-05 4.452935e-05 	 1.585623e-04 -8.069331e-05 1.935599e-04 	 1
1.250000 	 0.000000e+00 0.000000e+00 0.000000e+00 	 0.000000e+00 0.000000e+00 0.000000e+00 	 0.000000e+00 0.000000e+00 0.000000e+00 	 0
1.750000 	 0.000000e+00 0.000000e+00 0.000000e+00 	 0.000000e+00 0.000000e+00 0.000000e+00 	 0.000000e+00 0.000000e+00 0.000000e+00 	 0
2.250000 	 0.000000e+00 0.000000e+00 0.000000e+00 	 0.000000e+00 0.000000e+00 0.000000e+00 	 0.000000e+00 0.000000e+00 0.000000e+00 	 0
2.750000 	 0.000000e+00 0.000000e+00 0.000000e+00 	 0.000000e+00 0.000000e+00 0.000000e+00 	 0.000000e+00 0.000000e+00 0.000000e+00 	 0
3.250000 	 -8.693529e-04 1.457799e-05 4.161149e-06 	 -6.660572e-06 6.873886e-06 -3.390869e-06 	 -8.760135e-04 2.145187e-05 7.702800e-07 	 36
3.750000 	 -8.621741e-04 -1.722280e-06 -8.755196e-06 	 -1.815873e-05 -3.225030e-06 2.171013e-06 	 -8.803328e-04 -4.947310e-06 -6.584182e-06 	 590
4.250000 	 -6.949189e-04 1.074174e-06 -8.872754e-07 	 1.572299e-05 2.738060e-06 -1.177690e-06 	 -6.791959e-04 3.812233e-06 -2.064965e-06 	 899
4.750000 	 -3.129916e-04 5.416551e-07 5.080884e-07 	 -5.633143e-06 -9.537783e-07 7.532646e-07 	 -3.186247e-04 -4.121232e-07 1.261353e-06 	 951
5.250000 	 -1.664248e-05 -3.372631e-06 4.038976e-06 	 8.036578e-07 -3.657100e-07 -1.257716e-06 	 -1.583883e-05 -3.738341e-06 2.781260e-06 	 881
5.750000 	 9.793396e-06 -1.102045e-06 -4.427772e-06 	 -1.569762e-06 -3.077578e-07 2.982921e-07 	 8.223634e-06 -1.409803e-06 -4.129479e-06 	 908
6.250000 	 2.357427e-06 -4.650934e-07 -9.139929e-07 	 2.288866e-06 1.539984e-06 4.213644e-07 	 4.646294e-06 1.074890e-06 -4.926285e-07 	 872
6.750000 	 -1.218542e-05 4.234358e-06 -2.550458e-06 	 1.228740e-06 -2.180345e-06 -2.972826e-07 	 -1.095668e-05 2.054013e-06 -2.847740e-06 	 897
7.250000 	 -9.023140e-06 1.931051e-06 5.007891e-06 	 3.432411e-06 1.339846e-06 5.144169e-07 	 -5.590730e-06 3.270898e-06 5.522308e-06 	 920
7.750000 	 -3.616119e-06 -1.827451e-06 2.017512e-07 	 -8.254487e-06 -7.999160e-07 -2.005358e-06 	 -1.187061e-05 -2.627367e-06 -1.803607e-06 	 868
8.250000 	 -5.738364e-06 -1.083347e-07 1.416301e-06 	 3.509067e-06 2.445256e-07 3.338438e-06 	 -2.229296e-06 1.361910e-07 4.754739e-06 	 944
8.750000 	 -1.196405e-05 -8.672570e-07 -2.164060e-06 	 -2.154595e-07 -3.358873e-08 -3.754824e-06 	 -1.217951e-05 -9.008458e-07 -5.918884e-06 	 897
9.250000 	 1.027816e-05 4.780656e-07 9.944593e-07 	 2.310977e-06 1.267081e-07 2.534184e-06 	 1.258914e-05 6.047737e-07 3.528644e-06 	 916
9.750000 	 5.786316e-05 1.815501e-06 -1.698476e-06 	 -1.892043e-06 1.131017e-06 7.405748e-07 	 5.597112e-05 2.946518e-06 -9.579007e-07 	 928
10.250000 	 3.310135e-04 -2.678770e-06 2.620027e-07 	 1.932841e-06 -1.963230e-06 -1.355114e-06 	 3.329463e-04 -4.642000e-06 -1.093111e-06 	 870
10.750000 	 7.118673e-04 1.465868e-07 1.368296e-06 	 -1.170385e-05 1.379196e-06 -2.641096e-07 	 7.001634e-04 1.525783e-06 1.104186e-06 	 885
11.250000 	 8.512602e-04 -6.381928e-07 -4.686829e-06 	 1.857371e-05 -1.446460e-06 7.234574e-08 	 8.698339e-04 -2.084652e-06 -4.614484e-06 	 528
11.750000 	 8.289908e-04 6.669098e-06 1.435960e-05 	 -1.664771e-06 -2.121858e-05 -8.314812e-07 	 8.273260e-04 -1.454948e-05 1.352812e-05 	 33
12.250000 	 0.000000e+00 0.000000e+00 0.000000e+00 	 0.000000e+00 0.000000e+00 0.000000e+00 	 0.000000e+00 0.000000e+00 0.000000e+00 	 0
12.750000 	 0.000000e+00 0.000000e+00 0.000000e+00 	 0.000000e+00 0.000000e+00 0.000000e+00 	 0.000000e+00 0.000000e+00 0.000000e+00 	 0
13.250000 	 0.000000e+00 0.000000e+00 0.000000e+00 	 0.000000e+00 0.000000e+00 0.000000e+00 	 0.000000e+00 0.000000e+00 0.000000e+00 	 0
13.750000 	 0.000000e+00 0.000000e+00 0.000000e+00 	 0.000000e+00 0.000000e+00 0.000000e+00 	 0.000000e+00 0.000000e+00 0.000000e+00 	 0
14.250000 	 0.000000e+00 0.000000e+00 0.000000e+00 	 0.000000e+00 0.000000e+00 0.000000e+00 	 0.000000e+00 0.000000e+00 0.000000e+00 	 0
14.750000 	 0.000000e+00 0.000000e+00 0.000000e+00 	 0.000000e+00 0.000000e+00 0.000000e+00 	 0.000000e+00 0.000000e+00 0.000000e+00 	 0
