# 1  2-4    5-7    8-10   11     
# x  dirEF  recEF  sumEF  #Sample
0.250000 	 0.000000e+00 0.000000e+00 0.000000e+00 	 0.000000e+00 0.000000e+00 0.000000e+00 	 0.000000e+00 0.000000e+00 0.000000e+00 	 0
0.750000 	 0.000000e+00 0.000000e+00 0.000000e+00 	 0.000000e+00 0.000000e+00 0.000000e+00 	 0.000000e+00 0.000000e+00 0.000000e+00 	 0
1.250000 	 -3.098168e-05 4.059451e-05 3.216539e-06 	 1.302263e-05 3.772266e-06 3.476845e-05 	 -1.795905e-05 4.436677e-05 3.798499e-05 	 2
1.750000 	 0.000000e+00 0.000000e+00 0.000000e+00 	 0.000000e+00 0.000000e+00 0.000000e+00 	 0.000000e+00 0.000000e+00 0.000000e+00 	 0
2.250000 	 0.000000e+00 0.000000e+00 0.000000e+00 	 0.000000e+00 0.000000e+00 0.000000e+00 	 0.000000e+00 0.000000e+00 0.000000e+00 	 0
2.750000 	 0.000000e+00 0.000000e+00 0.000000e+00 	 0.000000e+00 0.000000e+00 0.000000e+00 	 0.000000e+00 0.000000e+00 0.000000e+00 	 0
3.250000 	 -8.172621e-04 1.723701e-05 1.135139e-05 	 5.220675e-06 8.944812e-06 4.016459e-06 	 -8.120414e-04 2.618182e-05 1.536785e-05 	 38
3.750000 	 -8.520301e-04 4.996522e-07 3.042661e-06 	 -1.692858e-05 -1.807902e-06 5.238207e-07 	 -8.689587e-04 -1.308250e-06 3.566482e-06 	 523
4.250000 	 -7.232136e-04 -3.516255e-06 3.231318e-06 	 1.894236e-05 6.195440e-07 4.311908e-07 	 -7.042712e-04 -2.896711e-06 3.662509e-06 	 873
4.750000 	 -3.547692e-04 3.506371e-06 -6.061686e-06 	 -8.419857e-06 2.722422e-07 2.003664e-07 	 -3.631891e-04 3.778613e-06 -5.861320e-06 	 938
5.250000 	 -4.772004e-05 2.516933e-06 3.168388e-06 	 2.925366e-06 6.822718e-07 -1.307991e-06 	 -4.479467e-05 3.199205e-06 1.860397e-06 	 933
5.750000 	 1.439915e-06 -3.010390e-06 -1.308847e-06 	 -2.667697e-06 3.697582e-08 -5.228348e-07 	 -1.227783e-06 -2.973414e-06 -1.831682e-06 	 965
6.250000 	 1.902150e-05 3.493524e-06 -2.556097e-06 	 2.879010e-06 -2.219014e-06 1.139560e-07 	 2.190051e-05 1.274510e-06 -2.442141e-06 	 915
6.750000 	 1.971056e-05 -1.821700e-06 9.059331e-07 	 -1.159311e-06 1.618853e-06 -4.112018e-07 	 1.855125e-05 -2.028463e-07 4.947313e-07 	 943
7.250000 	 3.322446e-05 4.778899e-06 1.022145e-06 	 -3.624933e-07 7.126013e-07 1.617449e-06 	 3.286197e-05 5.491500e-06 2.639593e-06 	 879
7.750000 	 2.206155e-05 -1.703719e-06 1.140620e-06 	 -1.032299e-06 1.072852e-06 -1.978754e-07 	 2.102925e-05 -6.308671e-07 9.427445e-07 	 923
8.250000 	 -5.039647e-06 -4.472238e-06 2.949394e-06 	 5.244672e-06 -1.181043e-06 -7.107222e-07 	 2.050244e-07 -5.653282e-06 2.238672e-06 	 855
8.750000 	 -1.145890e-05 2.362698e-06 -3.574606e-06 	 -4.892988e-06 -1.256196e-06 4.788428e-07 	 -1.635189e-05 1.106502e-06 -3.095764e-06 	 875
9.250000 	 -8.920698e-06 7.383344e-07 -1.555904e-07 	 -4.983444e-07 1.384198e-06 3.621860e-07 	 -9.419042e-06 2.122532e-06 2.065957e-07 	 896
9.750000 	 2.839023e-05 -1.986519e-06 -4.454506e-07 	 1.304759e-06 -6.390421e-07 1.896364e-07 	 2.969499e-05 -2.625561e-06 -2.558141e-07 	 921
10.250000 	 3.417298e-04 1.075341e-06 -3.224432e-07 	 4.425690e-06 -1.196279e-06 -2.245361e-06 	 3.461555e-04 -1.209376e-07 -2.567804e-06 	 914
10.750000 	 7.142808e-04 -1.001320e-07 -9.095883e-07 	 -1.511556e-05 1.600139e-06 4.108331e-07 	 6.991652e-04 1.500007e-06 -4.987551e-07 	 861
11.250000 	 8.617051e-04 4.950477e-06 7.146165e-06 	 1.729826e-05 -3.239502e-07 1.805770e-06 	 8.790034e-04 4.626526e-06 8.951935e-06 	 528
11.750000 	 8.421486e-04 1.292236e-05 -6.719227e-06 	 1.020137e-08 9.892292e-07 6.690469e-06 	 8.421588e-04 1.391159e-05 -2.875809e-08 	 42
12.250000 	 0.000000e+00 0.000000e+00 0.000000e+00 	 0.000000e+00 0.000000e+00 0.000000e+00 	 0.000000e+00 0.000000e+00 0.000000e+00 	 0
12.750000 	 0.000000e+00 0.000000e+00 0.000000e+00 	 0.000000e+00 0.000000e+00 0.000000e+00 	 0.000000e+00 0.000000e+00 0.000000e+00 	 0
13.250000 	 0.000000e+00 0.000000e+00 0.000000e+00 	 0.000000e+00 0.000000e+00 0.000000e+00 	 0.000000e+00 0.000000e+00 0.000000e+00 	 0
13.750000 	 0.000000e+00 0.000000e+00 0.000000e+00 	 0.000000e+00 0.000000e+00 0.000000e+00 	 0.000000e+00 0.000000e+00 0.000000e+00 	 0
14.250000 	 0.000000e+00 0.000000e+00 0.000000e+00 	 0.000000e+00 0.000000e+00 0.000000e+00 	 0.000000e+00 0.000000e+00 0.000000e+00 	 0
14.750000 	 0.000000e+00 0.000000e+00 0.000000e+00 	 0.000000e+00 0.000000e+00 0.000000e+00 	 0.000000e+00 0.000000e+00 0.000000e+00 	 0
