# 1  2-4    5-7    8-10   11     
# x  dirEF  recEF  sumEF  #Sample
0.250000 	 0.000000e+00 0.000000e+00 0.000000e+00 	 0.000000e+00 0.000000e+00 0.000000e+00 	 0.000000e+00 0.000000e+00 0.000000e+00 	 0
0.750000 	 0.000000e+00 0.000000e+00 0.000000e+00 	 0.000000e+00 0.000000e+00 0.000000e+00 	 0.000000e+00 0.000000e+00 0.000000e+00 	 0
1.250000 	 0.000000e+00 0.000000e+00 0.000000e+00 	 0.000000e+00 0.000000e+00 0.000000e+00 	 0.000000e+00 0.000000e+00 0.000000e+00 	 0
1.750000 	 0.000000e+00 0.000000e+00 0.000000e+00 	 0.000000e+00 0.000000e+00 0.000000e+00 	 0.000000e+00 0.000000e+00 0.000000e+00 	 0
2.250000 	 0.000000e+00 0.000000e+00 0.000000e+00 	 0.000000e+00 0.000000e+00 0.000000e+00 	 0.000000e+00 0.000000e+00 0.000000e+00 	 0
2.750000 	 0.000000e+00 0.000000e+00 0.000000e+00 	 0.000000e+00 0.000000e+00 0.000000e+00 	 0.000000e+00 0.000000e+00 0.000000e+00 	 0
3.250000 	 -8.449698e-04 -4.546551e-06 -7.957935e-06 	 4.926430e-13 -4.142958e-14 -2.188681e-14 	 -8.449698e-04 -4.546551e-06 -7.957935e-06 	 36
3.750000 	 -8.694564e-04 5.575592e-06 3.644443e-06 	 -9.278852e-14 1.707293e-14 1.929455e-14 	 -8.694564e-04 5.575592e-06 3.644443e-06 	 544
4.250000 	 -7.140012e-04 3.486718e-06 1.065641e-06 	 -8.674075e-14 1.474415e-14 8.188604e-15 	 -7.140012e-04 3.486718e-06 1.065641e-06 	 886
4.750000 	 -3.380016e-04 -1.404797e-06 -3.321986e-06 	 9.524136e-15 3.705837e-15 -1.876372e-14 	 -3.380016e-04 -1.404797e-06 -3.321986e-06 	 943
5.250000 	 -3.515344e-05 -1.059284e-06 -2.007605e-06 	 -1.243045e-14 -2.176407e-14 -2.107797e-14 	 -3.515344e-05 -1.059284e-06 -2.007605e-06 	 878
5.750000 	 6.641546e-06 -4.683363e-06 -2.180284e-07 	 -6.649849e-15 -6.214875e-15 1.088173e-14 	 6.641546e-06 -4.683363e-06 -2.180284e-07 	 889
6.250000 	 1.759519e-05 3.935645e-07 -6.015532e-07 	 -8.594478e-14 5.199878e-15 3.994540e-14 	 1.759518e-05 3.935645e-07 -6.015531e-07 	 920
6.750000 	 2.291794e-05 1.955809e-06 2.267564e-06 	 8.532871e-14 -3.093203e-14 -3.504414e-14 	 2.291794e-05 1.955809e-06 2.267564e-06 	 894
7.250000 	 9.437125e-06 1.459439e-06 -2.532796e-06 	 1.160155e-13 -4.029847e-14 -6.943463e-15 	 9.437125e-06 1.459439e-06 -2.532796e-06 	 857
7.750000 	 -2.734029e-05 -9.137984e-07 9.212479e-07 	 -1.091457e-13 5.682106e-14 2.075775e-14 	 -2.734029e-05 -9.137983e-07 9.212480e-07 	 877
8.250000 	 -3.503174e-05 1.148254e-06 -2.876899e-06 	 2.248979e-13 -4.167759e-14 -3.035876e-14 	 -3.503174e-05 1.148254e-06 -2.876899e-06 	 861
8.750000 	 -2.209409e-05 3.512034e-07 2.865331e-06 	 5.417414e-14 7.200201e-14 2.724704e-14 	 -2.209409e-05 3.512035e-07 2.865331e-06 	 937
9.250000 	 -1.553303e-05 2.959456e-06 2.339817e-06 	 6.704144e-14 -5.345853e-14 -8.549012e-15 	 -1.553303e-05 2.959456e-06 2.339817e-06 	 942
9.750000 	 3.687701e-05 -2.370013e-06 -6.628516e-06 	 -8.093806e-14 -2.376636e-14 4.044666e-15 	 3.687701e-05 -2.370013e-06 -6.628516e-06 	 913
10.250000 	 3.403739e-04 -3.692672e-07 1.231666e-06 	 -5.751648e-15 2.681999e-15 -4.926909e-14 	 3.403739e-04 -3.692672e-07 1.231666e-06 	 929
10.750000 	 7.080901e-04 -2.574484e-06 3.554283e-06 	 2.016426e-14 -6.457084e-15 1.798621e-14 	 7.080901e-04 -2.574484e-06 3.554283e-06 	 919
11.250000 	 8.707126e-04 -9.974567e-07 -1.616615e-06 	 -1.132837e-13 2.757291e-14 5.437002e-14 	 8.707126e-04 -9.974567e-07 -1.616615e-06 	 564
11.750000 	 8.379830e-04 1.307059e-05 1.053821e-05 	 2.858412e-13 1.449372e-13 6.792424e-14 	 8.379830e-04 1.307059e-05 1.053821e-05 	 35
12.250000 	 0.000000e+00 0.000000e+00 0.000000e+00 	 0.000000e+00 0.000000e+00 0.000000e+00 	 0.000000e+00 0.000000e+00 0.000000e+00 	 0
12.750000 	 0.000000e+00 0.000000e+00 0.000000e+00 	 0.000000e+00 0.000000e+00 0.000000e+00 	 0.000000e+00 0.000000e+00 0.000000e+00 	 0
13.250000 	 0.000000e+00 0.000000e+00 0.000000e+00 	 0.000000e+00 0.000000e+00 0.000000e+00 	 0.000000e+00 0.000000e+00 0.000000e+00 	 0
13.750000 	 0.000000e+00 0.000000e+00 0.000000e+00 	 0.000000e+00 0.000000e+00 0.000000e+00 	 0.000000e+00 0.000000e+00 0.000000e+00 	 0
14.250000 	 0.000000e+00 0.000000e+00 0.000000e+00 	 0.000000e+00 0.000000e+00 0.000000e+00 	 0.000000e+00 0.000000e+00 0.000000e+00 	 0
14.750000 	 0.000000e+00 0.000000e+00 0.000000e+00 	 0.000000e+00 0.000000e+00 0.000000e+00 	 0.000000e+00 0.000000e+00 0.000000e+00 	 0
