# 1  2-4    5-7    8-10   11     
# x  dirEF  recEF  sumEF  #Sample
0.250000 	 0.000000e+00 0.000000e+00 0.000000e+00 	 0.000000e+00 0.000000e+00 0.000000e+00 	 0.000000e+00 0.000000e+00 0.000000e+00 	 0
0.750000 	 0.000000e+00 0.000000e+00 0.000000e+00 	 0.000000e+00 0.000000e+00 0.000000e+00 	 0.000000e+00 0.000000e+00 0.000000e+00 	 0
1.250000 	 0.000000e+00 0.000000e+00 0.000000e+00 	 0.000000e+00 0.000000e+00 0.000000e+00 	 0.000000e+00 0.000000e+00 0.000000e+00 	 0
1.750000 	 0.000000e+00 0.000000e+00 0.000000e+00 	 0.000000e+00 0.000000e+00 0.000000e+00 	 0.000000e+00 0.000000e+00 0.000000e+00 	 0
2.250000 	 1.171487e-04 1.602822e-06 1.166665e-04 	 -4.180025e-05 -3.020972e-05 3.086386e-05 	 7.534846e-05 -2.860690e-05 1.475303e-04 	 1
2.750000 	 0.000000e+00 0.000000e+00 0.000000e+00 	 0.000000e+00 0.000000e+00 0.000000e+00 	 0.000000e+00 0.000000e+00 0.000000e+00 	 0
3.250000 	 -8.505098e-04 1.299907e-05 3.955556e-06 	 -1.923664e-05 6.815413e-06 9.168507e-07 	 -8.697464e-04 1.981448e-05 4.872407e-06 	 38
3.750000 	 -8.601614e-04 6.759874e-07 -3.665381e-06 	 -1.724088e-05 -7.325576e-07 -1.303157e-06 	 -8.774023e-04 -5.657016e-08 -4.968538e-06 	 560
4.250000 	 -7.043162e-04 2.240913e-06 1.159169e-06 	 1.548503e-05 5.611673e-08 1.868300e-06 	 -6.888312e-04 2.297030e-06 3.027468e-06 	 917
4.750000 	 -3.386859e-04 -8.016366e-07 1.508345e-06 	 -6.474239e-06 5.767735e-07 -1.142429e-06 	 -3.451602e-04 -2.248632e-07 3.659165e-07 	 890
5.250000 	 -2.675523e-05 -3.826812e-06 2.641646e-06 	 -4.954302e-08 -1.520653e-06 -2.373497e-07 	 -2.680477e-05 -5.347465e-06 2.404296e-06 	 898
5.750000 	 8.651637e-06 -3.555154e-07 -2.552495e-06 	 1.933378e-06 9.333869e-07 3.049349e-07 	 1.058501e-05 5.778715e-07 -2.247560e-06 	 965
6.250000 	 1.509227e-05 8.979115e-06 -8.540019e-06 	 1.459839e-06 5.881858e-07 -2.745567e-07 	 1.655210e-05 9.567301e-06 -8.814576e-06 	 874
6.750000 	 1.391726e-06 -7.939235e-06 3.708457e-06 	 -2.257756e-06 -2.263448e-07 9.559848e-07 	 -8.660297e-07 -8.165580e-06 4.664441e-06 	 857
7.250000 	 -1.417860e-05 -8.720471e-07 4.065320e-06 	 -7.957511e-07 -9.892734e-07 -5.786480e-08 	 -1.497435e-05 -1.861321e-06 4.007455e-06 	 936
7.750000 	 -1.695976e-05 4.709462e-06 4.749439e-06 	 -3.844214e-07 4.313516e-07 5.820557e-08 	 -1.734419e-05 5.140814e-06 4.807645e-06 	 880
8.250000 	 4.666624e-06 1.379230e-06 -2.998445e-06 	 3.228515e-08 8.046981e-07 1.029974e-06 	 4.698909e-06 2.183928e-06 -1.968471e-06 	 921
8.750000 	 1.045069e-05 -4.110618e-06 -1.595451e-06 	 6.330473e-07 -1.599135e-06 -1.640274e-06 	 1.108373e-05 -5.709753e-06 -3.235725e-06 	 898
9.250000 	 1.172799e-05 7.769230e-07 -2.077863e-06 	 3.075160e-06 1.158426e-06 -1.112019e-06 	 1.480315e-05 1.935349e-06 -3.189882e-06 	 905
9.750000 	 3.002444e-05 2.163076e-06 6.038405e-06 	 -3.675920e-06 -1.002949e-07 8.183837e-07 	 2.634852e-05 2.062781e-06 6.856789e-06 	 887
10.250000 	 3.203368e-04 -4.576226e-06 -9.285354e-07 	 5.515970e-06 -3.343232e-07 1.274570e-06 	 3.258528e-04 -4.910549e-06 3.460343e-07 	 897
10.750000 	 6.960759e-04 6.811187e-07 2.112928e-06 	 -1.600402e-05 6.435899e-07 -2.507088e-07 	 6.800719e-04 1.324709e-06 1.862220e-06 	 886
11.250000 	 8.552611e-04 -4.163660e-07 -8.312349e-06 	 1.861822e-05 -2.212333e-07 1.704923e-07 	 8.738793e-04 -6.375993e-07 -8.141857e-06 	 580
11.750000 	 8.338025e-04 -4.357726e-07 -6.625845e-06 	 -6.729670e-07 -2.566000e-06 1.525616e-06 	 8.331295e-04 -3.001772e-06 -5.100229e-06 	 34
12.250000 	 0.000000e+00 0.000000e+00 0.000000e+00 	 0.000000e+00 0.000000e+00 0.000000e+00 	 0.000000e+00 0.000000e+00 0.000000e+00 	 0
12.750000 	 0.000000e+00 0.000000e+00 0.000000e+00 	 0.000000e+00 0.000000e+00 0.000000e+00 	 0.000000e+00 0.000000e+00 0.000000e+00 	 0
13.250000 	 0.000000e+00 0.000000e+00 0.000000e+00 	 0.000000e+00 0.000000e+00 0.000000e+00 	 0.000000e+00 0.000000e+00 0.000000e+00 	 0
13.750000 	 0.000000e+00 0.000000e+00 0.000000e+00 	 0.000000e+00 0.000000e+00 0.000000e+00 	 0.000000e+00 0.000000e+00 0.000000e+00 	 0
14.250000 	 0.000000e+00 0.000000e+00 0.000000e+00 	 0.000000e+00 0.000000e+00 0.000000e+00 	 0.000000e+00 0.000000e+00 0.000000e+00 	 0
14.750000 	 0.000000e+00 0.000000e+00 0.000000e+00 	 0.000000e+00 0.000000e+00 0.000000e+00 	 0.000000e+00 0.000000e+00 0.000000e+00 	 0
