# 1  2-4    5-7    8-10   11     
# x  dirEF  recEF  sumEF  #Sample
0.250000 	 0.000000e+00 0.000000e+00 0.000000e+00 	 0.000000e+00 0.000000e+00 0.000000e+00 	 0.000000e+00 0.000000e+00 0.000000e+00 	 0
0.750000 	 0.000000e+00 0.000000e+00 0.000000e+00 	 0.000000e+00 0.000000e+00 0.000000e+00 	 0.000000e+00 0.000000e+00 0.000000e+00 	 0
1.250000 	 0.000000e+00 0.000000e+00 0.000000e+00 	 0.000000e+00 0.000000e+00 0.000000e+00 	 0.000000e+00 0.000000e+00 0.000000e+00 	 0
1.750000 	 0.000000e+00 0.000000e+00 0.000000e+00 	 0.000000e+00 0.000000e+00 0.000000e+00 	 0.000000e+00 0.000000e+00 0.000000e+00 	 0
2.250000 	 1.171487e-04 1.602822e-06 1.166665e-04 	 2.955858e-12 2.664535e-14 5.773160e-15 	 1.171487e-04 1.602823e-06 1.166665e-04 	 1
2.750000 	 0.000000e+00 0.000000e+00 0.000000e+00 	 0.000000e+00 0.000000e+00 0.000000e+00 	 0.000000e+00 0.000000e+00 0.000000e+00 	 0
3.250000 	 -8.505098e-04 1.299907e-05 3.955556e-06 	 -2.363490e-13 -1.533233e-13 2.866354e-13 	 -8.505098e-04 1.299907e-05 3.955556e-06 	 38
3.750000 	 -8.601614e-04 6.759874e-07 -3.665381e-06 	 1.102356e-13 2.887705e-14 -9.115909e-15 	 -8.601614e-04 6.759874e-07 -3.665381e-06 	 560
4.250000 	 -7.043162e-04 2.240913e-06 1.159169e-06 	 1.032728e-13 -1.710122e-14 2.364754e-14 	 -7.043162e-04 2.240913e-06 1.159169e-06 	 917
4.750000 	 -3.386859e-04 -8.016366e-07 1.508345e-06 	 -1.813880e-14 3.709133e-14 -1.139210e-14 	 -3.386859e-04 -8.016366e-07 1.508345e-06 	 890
5.250000 	 -2.675523e-05 -3.826812e-06 2.641646e-06 	 9.241803e-15 -5.440311e-14 1.496983e-14 	 -2.675523e-05 -3.826812e-06 2.641646e-06 	 898
5.750000 	 8.651637e-06 -3.555154e-07 -2.552495e-06 	 1.749481e-14 3.450796e-14 -4.379022e-14 	 8.651637e-06 -3.555154e-07 -2.552495e-06 	 965
6.250000 	 1.509227e-05 8.979115e-06 -8.540019e-06 	 -9.697201e-14 -3.989337e-14 6.341280e-14 	 1.509227e-05 8.979115e-06 -8.540019e-06 	 874
6.750000 	 1.391726e-06 -7.939235e-06 3.708457e-06 	 1.136205e-13 1.555260e-14 -6.260655e-15 	 1.391726e-06 -7.939235e-06 3.708457e-06 	 857
7.250000 	 -1.417860e-05 -8.720471e-07 4.065320e-06 	 1.393545e-13 7.422700e-15 -8.490042e-15 	 -1.417860e-05 -8.720471e-07 4.065320e-06 	 936
7.750000 	 -1.695976e-05 4.709462e-06 4.749439e-06 	 -5.196998e-14 4.366055e-15 4.170226e-15 	 -1.695976e-05 4.709462e-06 4.749439e-06 	 880
8.250000 	 4.666624e-06 1.379230e-06 -2.998445e-06 	 -6.193526e-14 -5.526185e-15 -1.506321e-14 	 4.666624e-06 1.379230e-06 -2.998445e-06 	 921
8.750000 	 1.045069e-05 -4.110618e-06 -1.595451e-06 	 -2.354761e-14 4.156428e-14 2.330314e-14 	 1.045069e-05 -4.110618e-06 -1.595451e-06 	 898
9.250000 	 1.172799e-05 7.769230e-07 -2.077863e-06 	 -2.619194e-14 -2.201819e-14 -8.371466e-15 	 1.172799e-05 7.769229e-07 -2.077863e-06 	 905
9.750000 	 3.002444e-05 2.163076e-06 6.038405e-06 	 -8.472041e-14 2.366050e-14 1.140327e-14 	 3.002444e-05 2.163076e-06 6.038405e-06 	 887
10.250000 	 3.203368e-04 -4.576226e-06 -9.285354e-07 	 -7.921324e-14 -4.421941e-14 -2.430097e-14 	 3.203368e-04 -4.576226e-06 -9.285354e-07 	 897
10.750000 	 6.960759e-04 6.811187e-07 2.112928e-06 	 -1.937552e-14 4.386354e-15 -9.451687e-15 	 6.960759e-04 6.811187e-07 2.112928e-06 	 886
11.250000 	 8.552611e-04 -4.163660e-07 -8.312349e-06 	 3.096986e-14 3.720254e-14 2.155640e-14 	 8.552611e-04 -4.163659e-07 -8.312349e-06 	 580
11.750000 	 8.338025e-04 -4.357726e-07 -6.625845e-06 	 -7.523394e-13 -3.433365e-14 -5.101801e-14 	 8.338025e-04 -4.357727e-07 -6.625845e-06 	 34
12.250000 	 0.000000e+00 0.000000e+00 0.000000e+00 	 0.000000e+00 0.000000e+00 0.000000e+00 	 0.000000e+00 0.000000e+00 0.000000e+00 	 0
12.750000 	 0.000000e+00 0.000000e+00 0.000000e+00 	 0.000000e+00 0.000000e+00 0.000000e+00 	 0.000000e+00 0.000000e+00 0.000000e+00 	 0
13.250000 	 0.000000e+00 0.000000e+00 0.000000e+00 	 0.000000e+00 0.000000e+00 0.000000e+00 	 0.000000e+00 0.000000e+00 0.000000e+00 	 0
13.750000 	 0.000000e+00 0.000000e+00 0.000000e+00 	 0.000000e+00 0.000000e+00 0.000000e+00 	 0.000000e+00 0.000000e+00 0.000000e+00 	 0
14.250000 	 0.000000e+00 0.000000e+00 0.000000e+00 	 0.000000e+00 0.000000e+00 0.000000e+00 	 0.000000e+00 0.000000e+00 0.000000e+00 	 0
14.750000 	 0.000000e+00 0.000000e+00 0.000000e+00 	 0.000000e+00 0.000000e+00 0.000000e+00 	 0.000000e+00 0.000000e+00 0.000000e+00 	 0
