# 1  2-4    5-7    8-10   11     
# x  dirEF  recEF  sumEF  #Sample
0.250000 	 -3.437054e-05 -5.027856e-06 7.065201e-05 	 -2.269293e-05 -2.898534e-05 -2.113782e-05 	 -5.706347e-05 -3.401319e-05 4.951419e-05 	 1
0.750000 	 0.000000e+00 0.000000e+00 0.000000e+00 	 0.000000e+00 0.000000e+00 0.000000e+00 	 0.000000e+00 0.000000e+00 0.000000e+00 	 0
1.250000 	 7.182773e-05 -2.192915e-05 -6.262258e-05 	 -2.275982e-05 2.924912e-05 6.052237e-05 	 4.906792e-05 7.319968e-06 -2.100214e-06 	 1
1.750000 	 0.000000e+00 0.000000e+00 0.000000e+00 	 0.000000e+00 0.000000e+00 0.000000e+00 	 0.000000e+00 0.000000e+00 0.000000e+00 	 0
2.250000 	 0.000000e+00 0.000000e+00 0.000000e+00 	 0.000000e+00 0.000000e+00 0.000000e+00 	 0.000000e+00 0.000000e+00 0.000000e+00 	 0
2.750000 	 0.000000e+00 0.000000e+00 0.000000e+00 	 0.000000e+00 0.000000e+00 0.000000e+00 	 0.000000e+00 0.000000e+00 0.000000e+00 	 0
3.250000 	 -8.557658e-04 -1.270842e-05 1.365501e-05 	 -3.252882e-06 -5.835246e-07 1.218917e-05 	 -8.590187e-04 -1.329194e-05 2.584418e-05 	 40
3.750000 	 -8.917670e-04 5.423294e-07 -1.157180e-06 	 -1.742093e-05 -1.116339e-06 -1.143806e-06 	 -9.091879e-04 -5.740093e-07 -2.300986e-06 	 571
4.250000 	 -7.134441e-04 -4.134763e-07 3.836856e-07 	 1.305164e-05 -5.637518e-07 1.830961e-06 	 -7.003924e-04 -9.772281e-07 2.214646e-06 	 924
4.750000 	 -3.074980e-04 -3.026467e-06 8.432566e-07 	 -1.442395e-06 1.158091e-06 7.124133e-07 	 -3.089404e-04 -1.868376e-06 1.555670e-06 	 943
5.250000 	 -6.424759e-06 6.465464e-06 -1.118723e-06 	 -3.392737e-07 6.960649e-07 -1.379050e-06 	 -6.764033e-06 7.161529e-06 -2.497773e-06 	 912
5.750000 	 2.182272e-05 9.219050e-07 -3.303479e-06 	 1.470457e-07 -1.220971e-06 -5.463312e-07 	 2.196977e-05 -2.990665e-07 -3.849811e-06 	 884
6.250000 	 1.062419e-05 -5.300341e-06 3.235610e-07 	 -5.388479e-06 3.189912e-07 9.073446e-07 	 5.235708e-06 -4.981349e-06 1.230906e-06 	 840
6.750000 	 -1.401060e-05 -7.188452e-07 -1.622661e-07 	 1.015215e-05 3.358750e-08 -9.905485e-07 	 -3.858451e-06 -6.852577e-07 -1.152815e-06 	 921
7.250000 	 -1.265513e-05 -1.676675e-06 1.325231e-06 	 -7.970414e-06 4.715396e-07 1.824883e-06 	 -2.062554e-05 -1.205135e-06 3.150114e-06 	 891
7.750000 	 -2.620477e-06 4.300793e-06 -3.728314e-07 	 1.002408e-06 3.942666e-07 -2.473229e-07 	 -1.618069e-06 4.695059e-06 -6.201543e-07 	 885
8.250000 	 -4.630623e-06 4.586558e-07 1.090828e-06 	 1.227791e-06 -1.375871e-06 -6.154693e-07 	 -3.402832e-06 -9.172153e-07 4.753586e-07 	 905
8.750000 	 8.769921e-06 -2.812041e-06 6.917115e-07 	 -1.931733e-06 1.534007e-06 4.209051e-07 	 6.838187e-06 -1.278034e-06 1.112617e-06 	 900
9.250000 	 -1.937467e-06 1.950145e-06 2.055075e-07 	 5.349145e-06 -1.530236e-06 -8.241566e-07 	 3.411678e-06 4.199092e-07 -6.186491e-07 	 894
9.750000 	 2.836778e-05 -2.741806e-06 3.964301e-07 	 -3.362536e-06 9.311683e-07 4.567504e-07 	 2.500525e-05 -1.810638e-06 8.531805e-07 	 888
10.250000 	 3.149373e-04 -3.027316e-06 -3.656628e-06 	 3.893433e-06 1.451223e-06 -8.396055e-07 	 3.188307e-04 -1.576092e-06 -4.496234e-06 	 891
10.750000 	 6.918253e-04 2.859668e-06 2.820725e-06 	 -1.546447e-05 -2.919151e-06 1.587047e-06 	 6.763608e-04 -5.948286e-08 4.407773e-06 	 914
11.250000 	 8.530780e-04 4.533489e-06 -5.485554e-07 	 1.921180e-05 1.544708e-06 -1.771391e-06 	 8.722898e-04 6.078197e-06 -2.319946e-06 	 576
11.750000 	 8.477780e-04 -3.712259e-06 1.433340e-05 	 -5.805308e-06 6.977548e-06 7.585560e-06 	 8.419727e-04 3.265289e-06 2.191896e-05 	 43
12.250000 	 0.000000e+00 0.000000e+00 0.000000e+00 	 0.000000e+00 0.000000e+00 0.000000e+00 	 0.000000e+00 0.000000e+00 0.000000e+00 	 0
12.750000 	 0.000000e+00 0.000000e+00 0.000000e+00 	 0.000000e+00 0.000000e+00 0.000000e+00 	 0.000000e+00 0.000000e+00 0.000000e+00 	 0
13.250000 	 0.000000e+00 0.000000e+00 0.000000e+00 	 0.000000e+00 0.000000e+00 0.000000e+00 	 0.000000e+00 0.000000e+00 0.000000e+00 	 0
13.750000 	 0.000000e+00 0.000000e+00 0.000000e+00 	 0.000000e+00 0.000000e+00 0.000000e+00 	 0.000000e+00 0.000000e+00 0.000000e+00 	 0
14.250000 	 0.000000e+00 0.000000e+00 0.000000e+00 	 0.000000e+00 0.000000e+00 0.000000e+00 	 0.000000e+00 0.000000e+00 0.000000e+00 	 0
14.750000 	 0.000000e+00 0.000000e+00 0.000000e+00 	 0.000000e+00 0.000000e+00 0.000000e+00 	 0.000000e+00 0.000000e+00 0.000000e+00 	 0
