# 1  2-4    5-7    8-10   11     
# x  dirEF  recEF  sumEF  #Sample
0.250000 	 0.000000e+00 0.000000e+00 0.000000e+00 	 0.000000e+00 0.000000e+00 0.000000e+00 	 0.000000e+00 0.000000e+00 0.000000e+00 	 0
0.750000 	 0.000000e+00 0.000000e+00 0.000000e+00 	 0.000000e+00 0.000000e+00 0.000000e+00 	 0.000000e+00 0.000000e+00 0.000000e+00 	 0
1.250000 	 0.000000e+00 0.000000e+00 0.000000e+00 	 0.000000e+00 0.000000e+00 0.000000e+00 	 0.000000e+00 0.000000e+00 0.000000e+00 	 0
1.750000 	 0.000000e+00 0.000000e+00 0.000000e+00 	 0.000000e+00 0.000000e+00 0.000000e+00 	 0.000000e+00 0.000000e+00 0.000000e+00 	 0
2.250000 	 0.000000e+00 0.000000e+00 0.000000e+00 	 0.000000e+00 0.000000e+00 0.000000e+00 	 0.000000e+00 0.000000e+00 0.000000e+00 	 0
2.750000 	 0.000000e+00 0.000000e+00 0.000000e+00 	 0.000000e+00 0.000000e+00 0.000000e+00 	 0.000000e+00 0.000000e+00 0.000000e+00 	 0
3.250000 	 -8.234951e-04 9.110838e-06 5.468414e-06 	 1.329029e-05 -3.416583e-05 3.456943e-05 	 -8.102048e-04 -2.505500e-05 4.003784e-05 	 37
3.750000 	 -8.579573e-04 -3.706959e-06 -6.724666e-07 	 -2.127406e-05 5.290228e-07 -2.277299e-06 	 -8.792314e-04 -3.177936e-06 -2.949765e-06 	 559
4.250000 	 -6.997639e-04 4.130440e-06 -4.519244e-06 	 2.325777e-05 8.926405e-06 5.156978e-06 	 -6.765061e-04 1.305685e-05 6.377342e-07 	 933
4.750000 	 -3.139801e-04 -1.844281e-06 2.487217e-06 	 -3.337527e-06 2.267151e-06 4.167284e-07 	 -3.173177e-04 4.228696e-07 2.903945e-06 	 889
5.250000 	 -2.102958e-05 4.009935e-07 2.763462e-06 	 1.099031e-05 -8.096313e-08 -2.710275e-06 	 -1.003927e-05 3.200304e-07 5.318718e-08 	 906
5.750000 	 -1.076315e-05 -3.956466e-07 -2.831963e-06 	 1.329394e-06 -9.634635e-07 4.781831e-06 	 -9.433759e-06 -1.359110e-06 1.949868e-06 	 883
6.250000 	 -2.177354e-06 -1.270016e-06 -2.693823e-06 	 -1.794011e-05 -8.542632e-06 -2.799519e-06 	 -2.011746e-05 -9.812649e-06 -5.493342e-06 	 864
6.750000 	 -1.342641e-05 -3.978545e-06 -1.503979e-06 	 4.161749e-06 9.034982e-06 -6.017373e-07 	 -9.264659e-06 5.056437e-06 -2.105716e-06 	 953
7.250000 	 -1.689856e-06 3.248916e-06 3.918121e-06 	 -2.785749e-06 2.864385e-06 -2.435546e-06 	 -4.475605e-06 6.113300e-06 1.482574e-06 	 898
7.750000 	 1.198741e-06 1.211721e-06 -3.697549e-07 	 -1.772381e-05 9.228872e-06 -1.775259e-06 	 -1.652507e-05 1.044059e-05 -2.145014e-06 	 897
8.250000 	 -1.106575e-05 2.300643e-06 -3.901331e-06 	 4.136364e-06 4.120603e-06 -5.331492e-06 	 -6.929388e-06 6.421246e-06 -9.232823e-06 	 887
8.750000 	 -5.379717e-06 1.286044e-06 1.684276e-06 	 1.259129e-05 2.404636e-06 2.842428e-06 	 7.211576e-06 3.690680e-06 4.526704e-06 	 950
9.250000 	 1.077181e-05 -2.613513e-06 1.430199e-06 	 -5.106805e-06 2.732824e-06 6.680409e-06 	 5.665005e-06 1.193112e-07 8.110609e-06 	 943
9.750000 	 5.464624e-05 -1.324391e-06 -2.140580e-06 	 -1.354702e-06 -5.076139e-06 -4.657914e-06 	 5.329153e-05 -6.400530e-06 -6.798495e-06 	 889
10.250000 	 3.464972e-04 -8.376621e-07 3.204853e-06 	 9.659777e-06 5.691875e-07 1.449476e-06 	 3.561570e-04 -2.684746e-07 4.654329e-06 	 857
10.750000 	 7.010140e-04 -1.137752e-07 -2.955878e-06 	 -2.279815e-05 8.638770e-06 8.416046e-07 	 6.782159e-04 8.524995e-06 -2.114273e-06 	 918
11.250000 	 8.503210e-04 5.721487e-06 -2.525791e-06 	 1.041368e-05 -1.562628e-06 -4.129204e-06 	 8.607347e-04 4.158860e-06 -6.654995e-06 	 522
11.750000 	 8.201856e-04 -5.020651e-06 9.934819e-06 	 3.177196e-05 -1.518209e-05 -2.992552e-06 	 8.519576e-04 -2.020274e-05 6.942267e-06 	 39
12.250000 	 0.000000e+00 0.000000e+00 0.000000e+00 	 0.000000e+00 0.000000e+00 0.000000e+00 	 0.000000e+00 0.000000e+00 0.000000e+00 	 0
12.750000 	 0.000000e+00 0.000000e+00 0.000000e+00 	 0.000000e+00 0.000000e+00 0.000000e+00 	 0.000000e+00 0.000000e+00 0.000000e+00 	 0
13.250000 	 0.000000e+00 0.000000e+00 0.000000e+00 	 0.000000e+00 0.000000e+00 0.000000e+00 	 0.000000e+00 0.000000e+00 0.000000e+00 	 0
13.750000 	 0.000000e+00 0.000000e+00 0.000000e+00 	 0.000000e+00 0.000000e+00 0.000000e+00 	 0.000000e+00 0.000000e+00 0.000000e+00 	 0
14.250000 	 0.000000e+00 0.000000e+00 0.000000e+00 	 0.000000e+00 0.000000e+00 0.000000e+00 	 0.000000e+00 0.000000e+00 0.000000e+00 	 0
14.750000 	 0.000000e+00 0.000000e+00 0.000000e+00 	 0.000000e+00 0.000000e+00 0.000000e+00 	 0.000000e+00 0.000000e+00 0.000000e+00 	 0
