# 1  2-4    5-7    8-10   11     
# x  dirEF  recEF  sumEF  #Sample
0.250000 	 -1.029250e-05 6.268897e-05 1.001525e-04 	 -2.232881e-12 -5.564993e-13 -1.152856e-12 	 -1.029250e-05 6.268897e-05 1.001525e-04 	 1
0.750000 	 0.000000e+00 0.000000e+00 0.000000e+00 	 0.000000e+00 0.000000e+00 0.000000e+00 	 0.000000e+00 0.000000e+00 0.000000e+00 	 0
1.250000 	 0.000000e+00 0.000000e+00 0.000000e+00 	 0.000000e+00 0.000000e+00 0.000000e+00 	 0.000000e+00 0.000000e+00 0.000000e+00 	 0
1.750000 	 0.000000e+00 0.000000e+00 0.000000e+00 	 0.000000e+00 0.000000e+00 0.000000e+00 	 0.000000e+00 0.000000e+00 0.000000e+00 	 0
2.250000 	 0.000000e+00 0.000000e+00 0.000000e+00 	 0.000000e+00 0.000000e+00 0.000000e+00 	 0.000000e+00 0.000000e+00 0.000000e+00 	 0
2.750000 	 0.000000e+00 0.000000e+00 0.000000e+00 	 0.000000e+00 0.000000e+00 0.000000e+00 	 0.000000e+00 0.000000e+00 0.000000e+00 	 0
3.250000 	 -8.361410e-04 1.590050e-05 1.023276e-05 	 -3.066100e-13 -9.056224e-14 1.303814e-13 	 -8.361410e-04 1.590050e-05 1.023276e-05 	 33
3.750000 	 -8.456877e-04 1.477450e-07 1.311290e-06 	 5.360678e-14 3.352964e-15 -4.815781e-14 	 -8.456877e-04 1.477450e-07 1.311290e-06 	 562
4.250000 	 -6.885179e-04 1.913543e-06 -7.526007e-07 	 -1.244719e-13 -5.644649e-15 -3.257719e-14 	 -6.885179e-04 1.913543e-06 -7.526007e-07 	 896
4.750000 	 -3.095535e-04 4.013197e-06 5.687411e-07 	 4.193896e-14 3.454576e-15 1.522209e-15 	 -3.095535e-04 4.013197e-06 5.687411e-07 	 881
5.250000 	 -2.235146e-05 -5.783340e-06 -9.490761e-07 	 -1.890435e-14 8.938245e-15 1.017417e-14 	 -2.235146e-05 -5.783340e-06 -9.490761e-07 	 872
5.750000 	 -1.031339e-05 1.061178e-06 -5.465360e-06 	 4.130491e-14 2.793094e-14 1.973553e-14 	 -1.031339e-05 1.061178e-06 -5.465360e-06 	 867
6.250000 	 -1.650196e-05 1.188305e-06 2.439682e-06 	 -3.244517e-14 5.827416e-15 4.529983e-14 	 -1.650196e-05 1.188305e-06 2.439682e-06 	 883
6.750000 	 -2.595604e-05 -3.789915e-06 3.500709e-07 	 1.960758e-14 -7.155429e-15 -3.513472e-14 	 -2.595604e-05 -3.789915e-06 3.500709e-07 	 919
7.250000 	 -6.415947e-06 -1.900183e-06 2.224765e-06 	 -2.565129e-13 -1.918018e-14 7.616766e-15 	 -6.415947e-06 -1.900183e-06 2.224765e-06 	 895
7.750000 	 -4.469383e-06 4.340410e-06 -7.702013e-07 	 3.741612e-14 3.007012e-15 -1.055546e-15 	 -4.469383e-06 4.340410e-06 -7.702013e-07 	 934
8.250000 	 -1.423737e-05 2.228229e-06 -6.580602e-06 	 -1.023245e-13 2.331264e-14 1.114213e-14 	 -1.423737e-05 2.228229e-06 -6.580602e-06 	 893
8.750000 	 -7.084721e-06 2.285915e-08 1.294832e-06 	 -1.604451e-14 -8.489492e-15 -9.885544e-15 	 -7.084721e-06 2.285914e-08 1.294832e-06 	 930
9.250000 	 -3.301714e-06 -3.952992e-06 1.794485e-06 	 -5.666025e-14 -2.286310e-14 2.158521e-14 	 -3.301714e-06 -3.952992e-06 1.794485e-06 	 931
9.750000 	 3.775918e-05 1.669580e-06 1.256005e-06 	 -9.192742e-14 -8.791663e-15 -3.789463e-14 	 3.775918e-05 1.669580e-06 1.256005e-06 	 930
10.250000 	 3.407514e-04 -3.433647e-07 -3.264093e-06 	 -3.037251e-14 3.907586e-14 1.327004e-14 	 3.407514e-04 -3.433647e-07 -3.264093e-06 	 947
10.750000 	 7.222792e-04 -9.956488e-08 1.737224e-06 	 9.540424e-14 -6.411824e-15 3.848831e-15 	 7.222792e-04 -9.956488e-08 1.737224e-06 	 883
11.250000 	 8.658974e-04 6.939644e-07 2.909347e-06 	 -3.491342e-15 -5.961709e-14 -3.028883e-14 	 8.658974e-04 6.939644e-07 2.909347e-06 	 521
11.750000 	 8.200404e-04 -2.175776e-05 7.277269e-06 	 4.901166e-13 9.185584e-14 2.795295e-15 	 8.200404e-04 -2.175776e-05 7.277269e-06 	 45
12.250000 	 0.000000e+00 0.000000e+00 0.000000e+00 	 0.000000e+00 0.000000e+00 0.000000e+00 	 0.000000e+00 0.000000e+00 0.000000e+00 	 0
12.750000 	 0.000000e+00 0.000000e+00 0.000000e+00 	 0.000000e+00 0.000000e+00 0.000000e+00 	 0.000000e+00 0.000000e+00 0.000000e+00 	 0
13.250000 	 0.000000e+00 0.000000e+00 0.000000e+00 	 0.000000e+00 0.000000e+00 0.000000e+00 	 0.000000e+00 0.000000e+00 0.000000e+00 	 0
13.750000 	 0.000000e+00 0.000000e+00 0.000000e+00 	 0.000000e+00 0.000000e+00 0.000000e+00 	 0.000000e+00 0.000000e+00 0.000000e+00 	 0
14.250000 	 7.439487e-05 1.265038e-04 -1.032856e-04 	 8.810730e-13 -1.171063e-12 -2.651213e-13 	 7.439488e-05 1.265038e-04 -1.032856e-04 	 1
14.750000 	 0.000000e+00 0.000000e+00 0.000000e+00 	 0.000000e+00 0.000000e+00 0.000000e+00 	 0.000000e+00 0.000000e+00 0.000000e+00 	 0
