# 1  2-4    5-7    8-10   11     
# x  dirEF  recEF  sumEF  #Sample
0.250000 	 0.000000e+00 0.000000e+00 0.000000e+00 	 0.000000e+00 0.000000e+00 0.000000e+00 	 0.000000e+00 0.000000e+00 0.000000e+00 	 0
0.750000 	 0.000000e+00 0.000000e+00 0.000000e+00 	 0.000000e+00 0.000000e+00 0.000000e+00 	 0.000000e+00 0.000000e+00 0.000000e+00 	 0
1.250000 	 0.000000e+00 0.000000e+00 0.000000e+00 	 0.000000e+00 0.000000e+00 0.000000e+00 	 0.000000e+00 0.000000e+00 0.000000e+00 	 0
1.750000 	 0.000000e+00 0.000000e+00 0.000000e+00 	 0.000000e+00 0.000000e+00 0.000000e+00 	 0.000000e+00 0.000000e+00 0.000000e+00 	 0
2.250000 	 0.000000e+00 0.000000e+00 0.000000e+00 	 0.000000e+00 0.000000e+00 0.000000e+00 	 0.000000e+00 0.000000e+00 0.000000e+00 	 0
2.750000 	 -4.063402e-04 8.071350e-05 7.499310e-05 	 3.243205e-05 -1.771822e-05 1.719868e-05 	 -3.739081e-04 6.299528e-05 9.219178e-05 	 1
3.250000 	 -8.301690e-04 -6.643530e-06 -6.231137e-06 	 -2.713598e-05 -1.235870e-06 -6.429964e-06 	 -8.573050e-04 -7.879400e-06 -1.266110e-05 	 29
3.750000 	 -8.493118e-04 2.401162e-06 -4.013366e-06 	 -1.668812e-05 1.664990e-06 -7.250526e-07 	 -8.659999e-04 4.066152e-06 -4.738418e-06 	 568
4.250000 	 -7.122055e-04 5.011878e-06 1.747856e-06 	 1.318429e-05 9.348291e-07 2.635053e-07 	 -6.990212e-04 5.946707e-06 2.011361e-06 	 868
4.750000 	 -3.304922e-04 -2.529596e-06 -1.773623e-06 	 -1.505282e-08 -1.961961e-07 -1.513941e-07 	 -3.305073e-04 -2.725792e-06 -1.925017e-06 	 899
5.250000 	 -2.881090e-05 -8.112603e-07 1.614192e-06 	 -4.966366e-06 -1.338582e-06 -1.210627e-07 	 -3.377727e-05 -2.149842e-06 1.493129e-06 	 938
5.750000 	 8.273318e-06 7.162028e-07 3.032625e-06 	 4.413212e-06 7.014653e-07 1.672149e-06 	 1.268653e-05 1.417668e-06 4.704773e-06 	 866
6.250000 	 -1.663546e-07 -1.384788e-06 -4.729581e-07 	 -2.242324e-06 1.617588e-07 -1.298184e-06 	 -2.408678e-06 -1.223029e-06 -1.771142e-06 	 903
6.750000 	 -5.462954e-06 3.733236e-07 1.692999e-06 	 1.775360e-06 4.010145e-07 5.766910e-07 	 -3.687594e-06 7.743381e-07 2.269690e-06 	 849
7.250000 	 -2.474321e-05 -6.910652e-06 -3.160805e-06 	 -5.809718e-07 -8.002642e-07 -5.248254e-07 	 -2.532418e-05 -7.710916e-06 -3.685631e-06 	 949
7.750000 	 -1.575217e-05 8.080896e-06 3.228512e-06 	 4.465714e-07 1.553479e-06 -1.346197e-06 	 -1.530560e-05 9.634375e-06 1.882315e-06 	 916
8.250000 	 4.332012e-07 -3.565985e-06 -2.950044e-06 	 -5.786432e-07 -9.920627e-07 1.240187e-06 	 -1.454420e-07 -4.558048e-06 -1.709857e-06 	 919
8.750000 	 1.682401e-05 -4.573574e-07 -1.345242e-06 	 -2.256456e-07 -1.132430e-06 6.071621e-07 	 1.659837e-05 -1.589787e-06 -7.380800e-07 	 946
9.250000 	 1.768771e-05 1.190970e-06 3.777035e-06 	 -4.887571e-06 -9.939376e-07 -1.020451e-06 	 1.280014e-05 1.970324e-07 2.756584e-06 	 870
9.750000 	 4.383809e-05 3.017137e-07 -2.135304e-06 	 8.359105e-06 1.030657e-06 9.961665e-07 	 5.219719e-05 1.332371e-06 -1.139137e-06 	 902
10.250000 	 3.146885e-04 -2.337978e-06 2.424005e-06 	 1.081186e-06 5.991118e-07 -4.823933e-07 	 3.157697e-04 -1.738867e-06 1.941611e-06 	 905
10.750000 	 6.934106e-04 3.248821e-06 4.681719e-07 	 -1.988079e-05 1.154546e-06 2.273894e-08 	 6.735298e-04 4.403367e-06 4.909108e-07 	 887
11.250000 	 8.417309e-04 3.118760e-06 -4.749801e-06 	 2.333400e-05 -1.176787e-06 1.368053e-06 	 8.650649e-04 1.941973e-06 -3.381748e-06 	 576
11.750000 	 8.345323e-04 -1.308406e-05 -8.924497e-06 	 -1.222752e-05 -1.122522e-05 4.979328e-06 	 8.223048e-04 -2.430928e-05 -3.945169e-06 	 33
12.250000 	 0.000000e+00 0.000000e+00 0.000000e+00 	 0.000000e+00 0.000000e+00 0.000000e+00 	 0.000000e+00 0.000000e+00 0.000000e+00 	 0
12.750000 	 0.000000e+00 0.000000e+00 0.000000e+00 	 0.000000e+00 0.000000e+00 0.000000e+00 	 0.000000e+00 0.000000e+00 0.000000e+00 	 0
13.250000 	 0.000000e+00 0.000000e+00 0.000000e+00 	 0.000000e+00 0.000000e+00 0.000000e+00 	 0.000000e+00 0.000000e+00 0.000000e+00 	 0
13.750000 	 0.000000e+00 0.000000e+00 0.000000e+00 	 0.000000e+00 0.000000e+00 0.000000e+00 	 0.000000e+00 0.000000e+00 0.000000e+00 	 0
14.250000 	 0.000000e+00 0.000000e+00 0.000000e+00 	 0.000000e+00 0.000000e+00 0.000000e+00 	 0.000000e+00 0.000000e+00 0.000000e+00 	 0
14.750000 	 0.000000e+00 0.000000e+00 0.000000e+00 	 0.000000e+00 0.000000e+00 0.000000e+00 	 0.000000e+00 0.000000e+00 0.000000e+00 	 0
