# 1  2-4    5-7    8-10   11     
# x  dirEF  recEF  sumEF  #Sample
0.250000 	 0.000000e+00 0.000000e+00 0.000000e+00 	 0.000000e+00 0.000000e+00 0.000000e+00 	 0.000000e+00 0.000000e+00 0.000000e+00 	 0
0.750000 	 0.000000e+00 0.000000e+00 0.000000e+00 	 0.000000e+00 0.000000e+00 0.000000e+00 	 0.000000e+00 0.000000e+00 0.000000e+00 	 0
1.250000 	 3.003464e-06 -9.760063e-05 -4.395965e-05 	 -5.221020e-05 3.285204e-05 1.207262e-04 	 -4.920674e-05 -6.474859e-05 7.676658e-05 	 1
1.750000 	 0.000000e+00 0.000000e+00 0.000000e+00 	 0.000000e+00 0.000000e+00 0.000000e+00 	 0.000000e+00 0.000000e+00 0.000000e+00 	 0
2.250000 	 0.000000e+00 0.000000e+00 0.000000e+00 	 0.000000e+00 0.000000e+00 0.000000e+00 	 0.000000e+00 0.000000e+00 0.000000e+00 	 0
2.750000 	 0.000000e+00 0.000000e+00 0.000000e+00 	 0.000000e+00 0.000000e+00 0.000000e+00 	 0.000000e+00 0.000000e+00 0.000000e+00 	 0
3.250000 	 -8.561289e-04 -1.815461e-05 -1.371794e-05 	 -3.382395e-05 5.164428e-07 -1.219057e-05 	 -8.899528e-04 -1.763817e-05 -2.590852e-05 	 46
3.750000 	 -8.414404e-04 -4.538260e-06 1.476860e-06 	 -4.612053e-06 4.464675e-06 -1.036838e-06 	 -8.460525e-04 -7.358476e-08 4.400217e-07 	 571
4.250000 	 -6.825561e-04 -8.478187e-07 3.039664e-07 	 1.631905e-05 -1.670855e-06 -8.949520e-07 	 -6.662371e-04 -2.518674e-06 -5.909856e-07 	 916
4.750000 	 -3.214154e-04 2.125358e-06 -3.927550e-06 	 -2.827284e-06 -3.129750e-06 -7.884657e-06 	 -3.242427e-04 -1.004392e-06 -1.181221e-05 	 876
5.250000 	 -2.891441e-05 -3.157542e-06 -1.846354e-06 	 1.093065e-06 -1.833545e-06 2.144517e-06 	 -2.782134e-05 -4.991087e-06 2.981625e-07 	 887
5.750000 	 -5.764350e-06 1.102459e-06 -1.679995e-06 	 5.447817e-06 -5.378530e-07 8.173300e-06 	 -3.165324e-07 5.646055e-07 6.493306e-06 	 895
6.250000 	 -2.251034e-05 2.911554e-06 1.027842e-06 	 6.579919e-06 -3.740871e-06 -2.276197e-06 	 -1.593042e-05 -8.293168e-07 -1.248355e-06 	 927
6.750000 	 -9.811092e-06 -3.599851e-06 2.840522e-06 	 -5.046750e-07 8.863067e-06 -6.898380e-06 	 -1.031577e-05 5.263216e-06 -4.057858e-06 	 889
7.250000 	 1.517384e-05 -7.516331e-07 -7.167788e-07 	 -4.869695e-06 -3.723814e-07 -1.100481e-06 	 1.030414e-05 -1.124015e-06 -1.817260e-06 	 940
7.750000 	 2.454982e-05 3.185971e-06 2.814334e-06 	 1.682014e-05 -2.354344e-06 5.435969e-06 	 4.136997e-05 8.316272e-07 8.250303e-06 	 906
8.250000 	 2.059524e-05 -5.882963e-06 -3.031701e-06 	 -8.071419e-06 -6.626944e-07 9.736587e-07 	 1.252382e-05 -6.545658e-06 -2.058042e-06 	 877
8.750000 	 -6.176850e-06 8.925623e-06 3.832389e-06 	 -2.559583e-06 1.950943e-06 -2.875143e-06 	 -8.736432e-06 1.087657e-05 9.572459e-07 	 859
9.250000 	 -1.165063e-05 -5.388838e-06 -2.013607e-06 	 9.878118e-06 -4.346555e-07 -5.752821e-06 	 -1.772509e-06 -5.823494e-06 -7.766428e-06 	 893
9.750000 	 1.100555e-05 6.897642e-06 5.025015e-06 	 -1.111090e-05 -1.806017e-06 1.573077e-06 	 -1.053510e-07 5.091625e-06 6.598093e-06 	 907
10.250000 	 3.179728e-04 -4.384655e-06 -2.583466e-06 	 1.018055e-05 -3.906574e-06 8.365976e-06 	 3.281533e-04 -8.291229e-06 5.782509e-06 	 929
10.750000 	 7.143882e-04 -1.229705e-06 -5.383571e-06 	 -1.476741e-05 1.733341e-06 2.344511e-06 	 6.996208e-04 5.036355e-07 -3.039060e-06 	 920
11.250000 	 8.682935e-04 -3.101203e-06 8.856580e-07 	 1.826286e-05 3.240196e-06 -3.277417e-06 	 8.865564e-04 1.389934e-07 -2.391759e-06 	 545
11.750000 	 8.531038e-04 5.104523e-06 2.080494e-06 	 2.318527e-05 4.963629e-06 -6.171139e-06 	 8.762891e-04 1.006815e-05 -4.090645e-06 	 40
12.250000 	 0.000000e+00 0.000000e+00 0.000000e+00 	 0.000000e+00 0.000000e+00 0.000000e+00 	 0.000000e+00 0.000000e+00 0.000000e+00 	 0
12.750000 	 0.000000e+00 0.000000e+00 0.000000e+00 	 0.000000e+00 0.000000e+00 0.000000e+00 	 0.000000e+00 0.000000e+00 0.000000e+00 	 0
13.250000 	 0.000000e+00 0.000000e+00 0.000000e+00 	 0.000000e+00 0.000000e+00 0.000000e+00 	 0.000000e+00 0.000000e+00 0.000000e+00 	 0
13.750000 	 0.000000e+00 0.000000e+00 0.000000e+00 	 0.000000e+00 0.000000e+00 0.000000e+00 	 0.000000e+00 0.000000e+00 0.000000e+00 	 0
14.250000 	 0.000000e+00 0.000000e+00 0.000000e+00 	 0.000000e+00 0.000000e+00 0.000000e+00 	 0.000000e+00 0.000000e+00 0.000000e+00 	 0
14.750000 	 0.000000e+00 0.000000e+00 0.000000e+00 	 0.000000e+00 0.000000e+00 0.000000e+00 	 0.000000e+00 0.000000e+00 0.000000e+00 	 0
