# 1  2-4    5-7    8-10   11     
# x  dirEF  recEF  sumEF  #Sample
0.250000 	 -2.195802e-05 3.402486e-05 -3.668349e-05 	 -1.815464e-05 4.499038e-05 5.576160e-06 	 -4.011266e-05 7.901524e-05 -3.110733e-05 	 1
0.750000 	 0.000000e+00 0.000000e+00 0.000000e+00 	 0.000000e+00 0.000000e+00 0.000000e+00 	 0.000000e+00 0.000000e+00 0.000000e+00 	 0
1.250000 	 4.279677e-05 -3.619842e-05 -4.531531e-05 	 4.261832e-06 5.194109e-05 6.078025e-05 	 4.705860e-05 1.574267e-05 1.546494e-05 	 1
1.750000 	 0.000000e+00 0.000000e+00 0.000000e+00 	 0.000000e+00 0.000000e+00 0.000000e+00 	 0.000000e+00 0.000000e+00 0.000000e+00 	 0
2.250000 	 -1.082069e-04 1.520762e-06 -8.136140e-05 	 1.310887e-04 1.795328e-04 -2.464968e-04 	 2.288179e-05 1.810536e-04 -3.278582e-04 	 1
2.750000 	 0.000000e+00 0.000000e+00 0.000000e+00 	 0.000000e+00 0.000000e+00 0.000000e+00 	 0.000000e+00 0.000000e+00 0.000000e+00 	 0
3.250000 	 -8.673344e-04 -6.939633e-06 -1.551994e-05 	 3.188057e-06 1.625170e-05 -2.158124e-05 	 -8.641464e-04 9.312062e-06 -3.710118e-05 	 39
3.750000 	 -8.646552e-04 -1.555929e-06 1.380744e-06 	 -2.907606e-05 1.650472e-06 -8.049494e-06 	 -8.937313e-04 9.454332e-08 -6.668749e-06 	 551
4.250000 	 -7.160695e-04 -2.333829e-06 8.494015e-07 	 1.452356e-05 4.883716e-06 -1.223736e-06 	 -7.015459e-04 2.549886e-06 -3.743349e-07 	 917
4.750000 	 -3.435195e-04 2.919326e-06 1.079466e-06 	 -6.629602e-06 -5.194875e-06 7.706764e-07 	 -3.501491e-04 -2.275550e-06 1.850142e-06 	 933
5.250000 	 -3.744184e-05 -3.239745e-06 1.822830e-06 	 -1.117780e-05 5.599252e-06 -7.313583e-06 	 -4.861964e-05 2.359507e-06 -5.490752e-06 	 878
5.750000 	 1.486210e-05 1.625666e-06 -7.517494e-07 	 6.750916e-06 -4.500768e-06 -4.619811e-06 	 2.161302e-05 -2.875102e-06 -5.371560e-06 	 948
6.250000 	 1.273905e-05 3.701655e-06 1.721332e-06 	 -9.417451e-06 2.250661e-06 -9.540241e-06 	 3.321602e-06 5.952316e-06 -7.818909e-06 	 911
6.750000 	 -3.162959e-06 -2.935201e-06 -2.489141e-06 	 -6.819771e-06 3.387160e-07 1.662032e-06 	 -9.982730e-06 -2.596485e-06 -8.271089e-07 	 890
7.250000 	 -5.135152e-06 -4.771775e-07 4.326928e-06 	 3.982614e-06 6.542103e-06 2.221979e-06 	 -1.152538e-06 6.064926e-06 6.548907e-06 	 908
7.750000 	 1.541399e-05 -4.323082e-06 -4.846254e-06 	 4.706349e-07 -2.715177e-06 2.840776e-06 	 1.588463e-05 -7.038259e-06 -2.005478e-06 	 936
8.250000 	 1.294672e-05 3.930529e-06 -1.242256e-06 	 5.091330e-06 2.165306e-06 4.485214e-06 	 1.803805e-05 6.095836e-06 3.242958e-06 	 894
8.750000 	 3.003064e-06 2.384308e-06 2.758436e-06 	 1.006231e-05 -4.735812e-06 4.398404e-06 	 1.306537e-05 -2.351504e-06 7.156840e-06 	 826
9.250000 	 -5.690828e-06 -3.187116e-06 -7.830659e-07 	 9.245394e-06 1.683484e-06 5.033146e-06 	 3.554566e-06 -1.503632e-06 4.250081e-06 	 897
9.750000 	 1.827223e-05 6.049460e-06 -1.347258e-06 	 -2.778249e-06 -3.100438e-06 8.109167e-06 	 1.549399e-05 2.949022e-06 6.761909e-06 	 929
10.250000 	 3.289940e-04 1.031148e-06 3.898609e-06 	 -1.990791e-06 -1.303555e-06 -1.387132e-06 	 3.270033e-04 -2.724066e-07 2.511476e-06 	 915
10.750000 	 7.205947e-04 -3.597313e-06 -1.174087e-06 	 -1.947631e-05 2.570889e-06 -1.935614e-06 	 7.011184e-04 -1.026424e-06 -3.109701e-06 	 894
11.250000 	 8.684310e-04 -7.459015e-06 3.953471e-06 	 1.383315e-05 1.428243e-06 -3.566686e-06 	 8.822642e-04 -6.030771e-06 3.867845e-07 	 519
11.750000 	 8.356427e-04 2.598495e-05 5.590853e-06 	 7.498801e-06 -6.137919e-06 -2.487747e-06 	 8.431415e-04 1.984703e-05 3.103106e-06 	 35
12.250000 	 0.000000e+00 0.000000e+00 0.000000e+00 	 0.000000e+00 0.000000e+00 0.000000e+00 	 0.000000e+00 0.000000e+00 0.000000e+00 	 0
12.750000 	 0.000000e+00 0.000000e+00 0.000000e+00 	 0.000000e+00 0.000000e+00 0.000000e+00 	 0.000000e+00 0.000000e+00 0.000000e+00 	 0
13.250000 	 0.000000e+00 0.000000e+00 0.000000e+00 	 0.000000e+00 0.000000e+00 0.000000e+00 	 0.000000e+00 0.000000e+00 0.000000e+00 	 0
13.750000 	 7.505299e-05 -3.311621e-05 -9.626411e-05 	 1.024555e-04 -7.945509e-05 1.205823e-05 	 1.775085e-04 -1.125713e-04 -8.420587e-05 	 1
14.250000 	 0.000000e+00 0.000000e+00 0.000000e+00 	 0.000000e+00 0.000000e+00 0.000000e+00 	 0.000000e+00 0.000000e+00 0.000000e+00 	 0
14.750000 	 0.000000e+00 0.000000e+00 0.000000e+00 	 0.000000e+00 0.000000e+00 0.000000e+00 	 0.000000e+00 0.000000e+00 0.000000e+00 	 0
