# 1  2-4    5-7    8-10   11     
# x  dirEF  recEF  sumEF  #Sample
0.250000 	 0.000000e+00 0.000000e+00 0.000000e+00 	 0.000000e+00 0.000000e+00 0.000000e+00 	 0.000000e+00 0.000000e+00 0.000000e+00 	 0
0.750000 	 0.000000e+00 0.000000e+00 0.000000e+00 	 0.000000e+00 0.000000e+00 0.000000e+00 	 0.000000e+00 0.000000e+00 0.000000e+00 	 0
1.250000 	 0.000000e+00 0.000000e+00 0.000000e+00 	 0.000000e+00 0.000000e+00 0.000000e+00 	 0.000000e+00 0.000000e+00 0.000000e+00 	 0
1.750000 	 0.000000e+00 0.000000e+00 0.000000e+00 	 0.000000e+00 0.000000e+00 0.000000e+00 	 0.000000e+00 0.000000e+00 0.000000e+00 	 0
2.250000 	 -7.755723e-05 -1.214079e-04 1.661317e-05 	 -1.847441e-05 5.866793e-05 1.846997e-05 	 -9.603164e-05 -6.273997e-05 3.508313e-05 	 1
2.750000 	 0.000000e+00 0.000000e+00 0.000000e+00 	 0.000000e+00 0.000000e+00 0.000000e+00 	 0.000000e+00 0.000000e+00 0.000000e+00 	 0
3.250000 	 -8.348850e-04 2.445057e-05 2.076257e-05 	 -3.041108e-06 -8.619943e-07 1.361154e-06 	 -8.379261e-04 2.358858e-05 2.212372e-05 	 28
3.750000 	 -8.501799e-04 9.248968e-07 1.147547e-06 	 -1.701152e-05 -1.028058e-06 -9.203588e-08 	 -8.671914e-04 -1.031616e-07 1.055511e-06 	 566
4.250000 	 -7.051180e-04 6.110773e-06 1.117329e-06 	 1.274913e-05 1.700818e-06 -3.819635e-07 	 -6.923689e-04 7.811591e-06 7.353657e-07 	 897
4.750000 	 -3.421213e-04 -4.846519e-07 -1.202324e-06 	 2.053084e-06 3.286034e-07 5.807986e-07 	 -3.400682e-04 -1.560485e-07 -6.215251e-07 	 914
5.250000 	 -3.329447e-05 -5.030573e-06 -1.463260e-06 	 -2.687736e-06 -7.658006e-07 -9.770240e-07 	 -3.598220e-05 -5.796373e-06 -2.440284e-06 	 905
5.750000 	 -1.124732e-06 -3.032855e-06 2.484257e-06 	 1.826710e-06 5.978243e-07 1.567056e-06 	 7.019778e-07 -2.435030e-06 4.051313e-06 	 928
6.250000 	 1.940770e-06 3.379747e-06 -2.379366e-06 	 -2.599494e-06 -5.718518e-07 -1.067626e-07 	 -6.587247e-07 2.807896e-06 -2.486128e-06 	 901
6.750000 	 5.647132e-06 5.267622e-06 4.717220e-06 	 8.259809e-07 -8.035373e-08 2.529992e-08 	 6.473113e-06 5.187269e-06 4.742519e-06 	 886
7.250000 	 -2.336540e-06 -2.059738e-06 1.739993e-06 	 4.443064e-06 1.562608e-06 7.877909e-07 	 2.106524e-06 -4.971299e-07 2.527784e-06 	 924
7.750000 	 -1.022712e-05 -3.426671e-06 -7.624295e-06 	 -1.049834e-05 -4.401794e-07 -1.132711e-06 	 -2.072546e-05 -3.866851e-06 -8.757006e-06 	 886
8.250000 	 5.035875e-06 3.478029e-06 -1.433958e-07 	 7.467841e-06 -1.023246e-06 9.175060e-07 	 1.250372e-05 2.454783e-06 7.741102e-07 	 903
8.750000 	 1.037362e-05 -1.278544e-06 6.446551e-06 	 1.765629e-06 1.012729e-07 1.747457e-07 	 1.213925e-05 -1.177271e-06 6.621297e-06 	 954
9.250000 	 2.142570e-05 -4.732128e-06 2.458146e-06 	 -2.489183e-06 8.378800e-07 -7.115053e-07 	 1.893652e-05 -3.894248e-06 1.746641e-06 	 886
9.750000 	 4.196179e-05 2.383373e-06 -7.594928e-06 	 -2.714809e-06 5.899584e-07 2.961932e-08 	 3.924698e-05 2.973332e-06 -7.565309e-06 	 876
10.250000 	 3.209407e-04 6.638288e-07 6.262287e-06 	 4.978093e-06 -5.951702e-07 -5.965008e-07 	 3.259188e-04 6.865869e-08 5.665787e-06 	 853
10.750000 	 7.002164e-04 1.568320e-06 -1.002628e-06 	 -1.450457e-05 -7.998189e-07 4.487815e-07 	 6.857118e-04 7.685014e-07 -5.538462e-07 	 913
11.250000 	 8.432742e-04 3.065331e-06 -2.448905e-06 	 1.798856e-05 -2.631615e-07 -1.188467e-06 	 8.612628e-04 2.802169e-06 -3.637372e-06 	 564
11.750000 	 8.155515e-04 8.144821e-06 -1.131102e-05 	 1.678219e-06 5.961417e-06 -2.350573e-06 	 8.172297e-04 1.410624e-05 -1.366160e-05 	 38
12.250000 	 0.000000e+00 0.000000e+00 0.000000e+00 	 0.000000e+00 0.000000e+00 0.000000e+00 	 0.000000e+00 0.000000e+00 0.000000e+00 	 0
12.750000 	 2.941321e-04 -4.650864e-05 -1.050069e-04 	 2.065062e-06 -1.139925e-05 6.664727e-06 	 2.961971e-04 -5.790789e-05 -9.834216e-05 	 1
13.250000 	 0.000000e+00 0.000000e+00 0.000000e+00 	 0.000000e+00 0.000000e+00 0.000000e+00 	 0.000000e+00 0.000000e+00 0.000000e+00 	 0
13.750000 	 0.000000e+00 0.000000e+00 0.000000e+00 	 0.000000e+00 0.000000e+00 0.000000e+00 	 0.000000e+00 0.000000e+00 0.000000e+00 	 0
14.250000 	 0.000000e+00 0.000000e+00 0.000000e+00 	 0.000000e+00 0.000000e+00 0.000000e+00 	 0.000000e+00 0.000000e+00 0.000000e+00 	 0
14.750000 	 0.000000e+00 0.000000e+00 0.000000e+00 	 0.000000e+00 0.000000e+00 0.000000e+00 	 0.000000e+00 0.000000e+00 0.000000e+00 	 0
