# 1  2-4    5-7    8-10   11     
# x  dirEF  recEF  sumEF  #Sample
0.250000 	 0.000000e+00 0.000000e+00 0.000000e+00 	 0.000000e+00 0.000000e+00 0.000000e+00 	 0.000000e+00 0.000000e+00 0.000000e+00 	 0
0.750000 	 0.000000e+00 0.000000e+00 0.000000e+00 	 0.000000e+00 0.000000e+00 0.000000e+00 	 0.000000e+00 0.000000e+00 0.000000e+00 	 0
1.250000 	 0.000000e+00 0.000000e+00 0.000000e+00 	 0.000000e+00 0.000000e+00 0.000000e+00 	 0.000000e+00 0.000000e+00 0.000000e+00 	 0
1.750000 	 -5.831992e-06 8.000637e-06 -6.267255e-05 	 -5.992520e-05 -8.515970e-05 4.065099e-05 	 -6.575719e-05 -7.715906e-05 -2.202156e-05 	 1
2.250000 	 0.000000e+00 0.000000e+00 0.000000e+00 	 0.000000e+00 0.000000e+00 0.000000e+00 	 0.000000e+00 0.000000e+00 0.000000e+00 	 0
2.750000 	 0.000000e+00 0.000000e+00 0.000000e+00 	 0.000000e+00 0.000000e+00 0.000000e+00 	 0.000000e+00 0.000000e+00 0.000000e+00 	 0
3.250000 	 -8.315943e-04 2.170627e-05 -7.211055e-06 	 -1.306014e-05 -3.452382e-05 -1.390843e-05 	 -8.446544e-04 -1.281755e-05 -2.111949e-05 	 32
3.750000 	 -8.477452e-04 -4.449655e-06 -2.967154e-07 	 -2.825298e-05 -8.185337e-06 7.605361e-06 	 -8.759981e-04 -1.263499e-05 7.308646e-06 	 538
4.250000 	 -7.015435e-04 3.841899e-06 1.576843e-06 	 1.944515e-05 4.687860e-06 1.034600e-05 	 -6.820984e-04 8.529759e-06 1.192285e-05 	 895
4.750000 	 -3.532384e-04 -4.226116e-06 -2.382951e-06 	 -6.144643e-06 4.581946e-06 -2.338489e-07 	 -3.593830e-04 3.558299e-07 -2.616800e-06 	 869
5.250000 	 -5.877234e-05 4.155784e-06 3.769780e-06 	 1.455539e-05 -4.906057e-06 2.070472e-06 	 -4.421695e-05 -7.502736e-07 5.840252e-06 	 915
5.750000 	 -1.183914e-05 -2.440775e-06 -4.678925e-06 	 -7.908076e-06 4.846506e-06 -8.295861e-06 	 -1.974721e-05 2.405731e-06 -1.297479e-05 	 862
6.250000 	 7.442009e-06 -2.865289e-06 1.280194e-07 	 7.007704e-06 -5.228157e-06 2.378164e-06 	 1.444971e-05 -8.093446e-06 2.506184e-06 	 1008
6.750000 	 8.248065e-07 -6.844808e-07 -2.184286e-06 	 -6.004455e-06 3.361331e-06 3.417069e-06 	 -5.179648e-06 2.676850e-06 1.232783e-06 	 898
7.250000 	 1.591197e-05 2.781921e-06 -1.623783e-06 	 3.305759e-06 2.437055e-06 -1.277659e-06 	 1.921773e-05 5.218976e-06 -2.901442e-06 	 872
7.750000 	 -1.076294e-05 3.053028e-06 6.051368e-07 	 3.649685e-06 -2.453494e-06 -5.661689e-06 	 -7.113250e-06 5.995336e-07 -5.056552e-06 	 903
8.250000 	 -1.436252e-05 -4.524691e-06 1.838288e-06 	 1.293806e-05 1.004680e-06 3.180716e-06 	 -1.424459e-06 -3.520011e-06 5.019005e-06 	 930
8.750000 	 4.558678e-06 -3.686428e-07 2.481010e-06 	 -6.051236e-06 -2.146652e-06 -6.641997e-06 	 -1.492558e-06 -2.515295e-06 -4.160986e-06 	 929
9.250000 	 1.473416e-05 -3.886221e-08 1.249026e-06 	 7.961620e-06 -3.392631e-06 4.638682e-06 	 2.269578e-05 -3.431493e-06 5.887708e-06 	 919
9.750000 	 4.534424e-05 1.894405e-07 1.856787e-06 	 8.359801e-06 -2.936031e-06 -2.806976e-06 	 5.370405e-05 -2.746590e-06 -9.501892e-07 	 876
10.250000 	 3.469888e-04 2.627729e-06 1.532920e-06 	 3.035835e-06 -1.205091e-06 -3.940673e-06 	 3.500247e-04 1.422638e-06 -2.407753e-06 	 913
10.750000 	 6.946508e-04 -4.896694e-07 -1.575646e-06 	 -1.259338e-05 2.627461e-06 3.124193e-06 	 6.820575e-04 2.137792e-06 1.548548e-06 	 886
11.250000 	 8.460503e-04 -9.658477e-07 -2.942766e-06 	 3.159793e-05 4.044754e-06 3.308352e-06 	 8.776482e-04 3.078906e-06 3.655856e-07 	 533
11.750000 	 8.384727e-04 3.248650e-05 -1.460400e-05 	 -1.442793e-05 7.985550e-06 -2.397275e-06 	 8.240448e-04 4.047205e-05 -1.700127e-05 	 44
12.250000 	 1.863627e-04 -3.658424e-06 -7.715975e-05 	 1.203037e-05 -1.048822e-04 3.049403e-05 	 1.983930e-04 -1.085406e-04 -4.666572e-05 	 1
12.750000 	 0.000000e+00 0.000000e+00 0.000000e+00 	 0.000000e+00 0.000000e+00 0.000000e+00 	 0.000000e+00 0.000000e+00 0.000000e+00 	 0
13.250000 	 0.000000e+00 0.000000e+00 0.000000e+00 	 0.000000e+00 0.000000e+00 0.000000e+00 	 0.000000e+00 0.000000e+00 0.000000e+00 	 0
13.750000 	 0.000000e+00 0.000000e+00 0.000000e+00 	 0.000000e+00 0.000000e+00 0.000000e+00 	 0.000000e+00 0.000000e+00 0.000000e+00 	 0
14.250000 	 0.000000e+00 0.000000e+00 0.000000e+00 	 0.000000e+00 0.000000e+00 0.000000e+00 	 0.000000e+00 0.000000e+00 0.000000e+00 	 0
14.750000 	 0.000000e+00 0.000000e+00 0.000000e+00 	 0.000000e+00 0.000000e+00 0.000000e+00 	 0.000000e+00 0.000000e+00 0.000000e+00 	 0
