# 1  2-4    5-7    8-10   11     
# x  dirEF  recEF  sumEF  #Sample
0.250000 	 0.000000e+00 0.000000e+00 0.000000e+00 	 0.000000e+00 0.000000e+00 0.000000e+00 	 0.000000e+00 0.000000e+00 0.000000e+00 	 0
0.750000 	 0.000000e+00 0.000000e+00 0.000000e+00 	 0.000000e+00 0.000000e+00 0.000000e+00 	 0.000000e+00 0.000000e+00 0.000000e+00 	 0
1.250000 	 0.000000e+00 0.000000e+00 0.000000e+00 	 0.000000e+00 0.000000e+00 0.000000e+00 	 0.000000e+00 0.000000e+00 0.000000e+00 	 0
1.750000 	 0.000000e+00 0.000000e+00 0.000000e+00 	 0.000000e+00 0.000000e+00 0.000000e+00 	 0.000000e+00 0.000000e+00 0.000000e+00 	 0
2.250000 	 0.000000e+00 0.000000e+00 0.000000e+00 	 0.000000e+00 0.000000e+00 0.000000e+00 	 0.000000e+00 0.000000e+00 0.000000e+00 	 0
2.750000 	 0.000000e+00 0.000000e+00 0.000000e+00 	 0.000000e+00 0.000000e+00 0.000000e+00 	 0.000000e+00 0.000000e+00 0.000000e+00 	 0
3.250000 	 -8.016292e-04 4.939512e-06 -9.049901e-06 	 8.093754e-06 -8.003395e-06 -5.735711e-06 	 -7.935355e-04 -3.063884e-06 -1.478561e-05 	 36
3.750000 	 -8.508826e-04 7.898296e-07 -2.460518e-06 	 -2.583262e-05 -1.714089e-06 1.551390e-06 	 -8.767152e-04 -9.242590e-07 -9.091285e-07 	 539
4.250000 	 -7.072224e-04 -4.967395e-07 -3.096547e-06 	 2.664289e-05 -1.326052e-07 3.019449e-07 	 -6.805795e-04 -6.293447e-07 -2.794602e-06 	 844
4.750000 	 -3.422903e-04 -1.690124e-06 1.476672e-06 	 -9.342883e-06 5.833256e-07 1.872049e-07 	 -3.516331e-04 -1.106799e-06 1.663877e-06 	 939
5.250000 	 -4.599654e-05 -3.058792e-08 1.955073e-06 	 3.004470e-07 2.821043e-07 7.697477e-07 	 -4.569609e-05 2.515164e-07 2.724821e-06 	 887
5.750000 	 -5.180830e-06 -1.927928e-07 -5.722310e-07 	 -2.928884e-07 -9.384426e-07 -2.604464e-07 	 -5.473718e-06 -1.131235e-06 -8.326775e-07 	 911
6.250000 	 -8.590049e-06 -9.147275e-07 -1.486662e-06 	 3.215156e-06 1.456772e-08 -5.855288e-07 	 -5.374893e-06 -9.001598e-07 -2.072191e-06 	 909
6.750000 	 5.667812e-06 -2.003167e-06 3.212655e-06 	 -4.698053e-06 2.920250e-07 -7.249138e-07 	 9.697594e-07 -1.711142e-06 2.487741e-06 	 887
7.250000 	 4.609648e-06 1.131770e-06 -3.689936e-07 	 -1.269888e-06 5.662055e-07 1.669433e-06 	 3.339760e-06 1.697975e-06 1.300439e-06 	 929
7.750000 	 -4.557369e-06 7.646354e-07 5.709372e-07 	 4.681496e-06 -2.822174e-06 -1.253802e-06 	 1.241269e-07 -2.057539e-06 -6.828647e-07 	 906
8.250000 	 1.188014e-05 -8.050457e-07 -2.063805e-06 	 -2.993244e-06 2.144726e-06 2.696384e-07 	 8.886891e-06 1.339681e-06 -1.794167e-06 	 868
8.750000 	 -5.747240e-06 -2.409705e-07 7.300534e-08 	 3.663386e-06 -2.531159e-07 1.722499e-07 	 -2.083854e-06 -4.940863e-07 2.452552e-07 	 926
9.250000 	 -1.631197e-05 -5.369266e-07 1.698898e-06 	 1.781849e-06 1.298286e-07 -4.162779e-07 	 -1.453012e-05 -4.070980e-07 1.282620e-06 	 924
9.750000 	 4.019784e-05 6.469304e-07 8.722894e-07 	 -3.644054e-06 1.429575e-06 -4.208472e-07 	 3.655378e-05 2.076505e-06 4.514422e-07 	 916
10.250000 	 3.343875e-04 2.945762e-07 -2.964202e-07 	 2.683595e-06 -1.821323e-06 9.490411e-07 	 3.370711e-04 -1.526746e-06 6.526209e-07 	 892
10.750000 	 7.030672e-04 2.216536e-06 1.484674e-08 	 -1.314209e-05 7.058336e-07 -1.089251e-06 	 6.899251e-04 2.922369e-06 -1.074404e-06 	 896
11.250000 	 8.577571e-04 -1.864834e-06 -2.903239e-07 	 1.342284e-05 -1.720282e-06 -1.011741e-06 	 8.711799e-04 -3.585116e-06 -1.302065e-06 	 575
11.750000 	 8.468802e-04 -1.014506e-05 1.374988e-05 	 1.379447e-05 1.835198e-05 7.783621e-06 	 8.606747e-04 8.206916e-06 2.153350e-05 	 40
12.250000 	 0.000000e+00 0.000000e+00 0.000000e+00 	 0.000000e+00 0.000000e+00 0.000000e+00 	 0.000000e+00 0.000000e+00 0.000000e+00 	 0
12.750000 	 0.000000e+00 0.000000e+00 0.000000e+00 	 0.000000e+00 0.000000e+00 0.000000e+00 	 0.000000e+00 0.000000e+00 0.000000e+00 	 0
13.250000 	 0.000000e+00 0.000000e+00 0.000000e+00 	 0.000000e+00 0.000000e+00 0.000000e+00 	 0.000000e+00 0.000000e+00 0.000000e+00 	 0
13.750000 	 0.000000e+00 0.000000e+00 0.000000e+00 	 0.000000e+00 0.000000e+00 0.000000e+00 	 0.000000e+00 0.000000e+00 0.000000e+00 	 0
14.250000 	 0.000000e+00 0.000000e+00 0.000000e+00 	 0.000000e+00 0.000000e+00 0.000000e+00 	 0.000000e+00 0.000000e+00 0.000000e+00 	 0
14.750000 	 0.000000e+00 0.000000e+00 0.000000e+00 	 0.000000e+00 0.000000e+00 0.000000e+00 	 0.000000e+00 0.000000e+00 0.000000e+00 	 0
