# 1  2-4    5-7    8-10   11     
# x  dirEF  recEF  sumEF  #Sample
0.250000 	 0.000000e+00 0.000000e+00 0.000000e+00 	 0.000000e+00 0.000000e+00 0.000000e+00 	 0.000000e+00 0.000000e+00 0.000000e+00 	 0
0.750000 	 0.000000e+00 0.000000e+00 0.000000e+00 	 0.000000e+00 0.000000e+00 0.000000e+00 	 0.000000e+00 0.000000e+00 0.000000e+00 	 0
1.250000 	 0.000000e+00 0.000000e+00 0.000000e+00 	 0.000000e+00 0.000000e+00 0.000000e+00 	 0.000000e+00 0.000000e+00 0.000000e+00 	 0
1.750000 	 0.000000e+00 0.000000e+00 0.000000e+00 	 0.000000e+00 0.000000e+00 0.000000e+00 	 0.000000e+00 0.000000e+00 0.000000e+00 	 0
2.250000 	 0.000000e+00 0.000000e+00 0.000000e+00 	 0.000000e+00 0.000000e+00 0.000000e+00 	 0.000000e+00 0.000000e+00 0.000000e+00 	 0
2.750000 	 0.000000e+00 0.000000e+00 0.000000e+00 	 0.000000e+00 0.000000e+00 0.000000e+00 	 0.000000e+00 0.000000e+00 0.000000e+00 	 0
3.250000 	 -8.349725e-04 1.839244e-05 -4.487317e-06 	 1.629832e-05 6.397491e-06 -4.980876e-06 	 -8.186741e-04 2.478993e-05 -9.468193e-06 	 41
3.750000 	 -8.457773e-04 -5.112355e-06 4.027250e-06 	 -2.196508e-05 -3.158401e-06 1.120118e-06 	 -8.677424e-04 -8.270756e-06 5.147368e-06 	 559
4.250000 	 -7.075321e-04 -3.601905e-06 6.279296e-07 	 2.041736e-05 5.293983e-07 -1.862202e-06 	 -6.871147e-04 -3.072507e-06 -1.234273e-06 	 859
4.750000 	 -3.468458e-04 4.030316e-06 -1.198715e-06 	 -2.312899e-06 5.359281e-07 7.485666e-07 	 -3.491587e-04 4.566245e-06 -4.501486e-07 	 897
5.250000 	 -6.233135e-05 1.463662e-06 -1.063714e-07 	 -1.308123e-06 -1.436448e-06 3.626130e-07 	 -6.363948e-05 2.721388e-08 2.562416e-07 	 942
5.750000 	 -5.859621e-06 -2.410850e-06 -1.846540e-06 	 1.114079e-06 2.113668e-06 5.102880e-07 	 -4.745542e-06 -2.971819e-07 -1.336252e-06 	 918
6.250000 	 6.171746e-06 7.052025e-06 -1.675911e-07 	 -3.248847e-06 -1.921905e-06 2.853539e-07 	 2.922900e-06 5.130120e-06 1.177628e-07 	 938
6.750000 	 7.275936e-06 -3.934823e-06 2.275401e-07 	 -1.559222e-06 -5.087762e-08 -1.429150e-06 	 5.716714e-06 -3.985700e-06 -1.201610e-06 	 896
7.250000 	 2.317695e-05 -2.746673e-06 -5.341032e-07 	 5.620908e-07 1.023388e-07 4.089670e-07 	 2.373904e-05 -2.644334e-06 -1.251361e-07 	 916
7.750000 	 1.562752e-05 1.314690e-06 -1.671917e-06 	 4.212318e-06 -6.583296e-07 -4.973291e-07 	 1.983984e-05 6.563602e-07 -2.169246e-06 	 909
8.250000 	 5.699120e-06 -1.003619e-06 7.983081e-06 	 -2.242898e-06 1.804934e-06 -6.002435e-07 	 3.456221e-06 8.013155e-07 7.382838e-06 	 863
8.750000 	 9.233525e-07 -3.666235e-07 -1.079362e-06 	 2.940354e-06 -2.138603e-07 1.350461e-06 	 3.863706e-06 -5.804838e-07 2.710992e-07 	 907
9.250000 	 -2.373746e-05 -2.086841e-06 4.698165e-07 	 -1.547769e-06 3.804355e-07 -1.082627e-06 	 -2.528523e-05 -1.706406e-06 -6.128109e-07 	 908
9.750000 	 3.410632e-05 1.881605e-06 -3.255546e-06 	 -1.126689e-07 -2.120495e-07 6.136116e-08 	 3.399365e-05 1.669556e-06 -3.194185e-06 	 872
10.250000 	 3.446545e-04 -2.659212e-06 -2.426792e-06 	 7.157185e-07 -7.609717e-07 1.003904e-06 	 3.453702e-04 -3.420183e-06 -1.422888e-06 	 954
10.750000 	 7.125789e-04 2.139313e-07 2.243627e-06 	 -1.431441e-05 5.437961e-08 -8.661935e-07 	 6.982645e-04 2.683109e-07 1.377434e-06 	 870
11.250000 	 8.655326e-04 4.283652e-06 -2.296666e-07 	 2.106059e-05 2.066568e-06 1.777523e-06 	 8.865932e-04 6.350221e-06 1.547857e-06 	 538
11.750000 	 8.744690e-04 1.155959e-05 1.766306e-05 	 1.053373e-05 1.701843e-05 5.509831e-06 	 8.850028e-04 2.857802e-05 2.317289e-05 	 37
12.250000 	 0.000000e+00 0.000000e+00 0.000000e+00 	 0.000000e+00 0.000000e+00 0.000000e+00 	 0.000000e+00 0.000000e+00 0.000000e+00 	 0
12.750000 	 0.000000e+00 0.000000e+00 0.000000e+00 	 0.000000e+00 0.000000e+00 0.000000e+00 	 0.000000e+00 0.000000e+00 0.000000e+00 	 0
13.250000 	 0.000000e+00 0.000000e+00 0.000000e+00 	 0.000000e+00 0.000000e+00 0.000000e+00 	 0.000000e+00 0.000000e+00 0.000000e+00 	 0
13.750000 	 0.000000e+00 0.000000e+00 0.000000e+00 	 0.000000e+00 0.000000e+00 0.000000e+00 	 0.000000e+00 0.000000e+00 0.000000e+00 	 0
14.250000 	 0.000000e+00 0.000000e+00 0.000000e+00 	 0.000000e+00 0.000000e+00 0.000000e+00 	 0.000000e+00 0.000000e+00 0.000000e+00 	 0
14.750000 	 0.000000e+00 0.000000e+00 0.000000e+00 	 0.000000e+00 0.000000e+00 0.000000e+00 	 0.000000e+00 0.000000e+00 0.000000e+00 	 0
