# 1  2-4    5-7    8-10   11     
# x  dirEF  recEF  sumEF  #Sample
0.250000 	 0.000000e+00 0.000000e+00 0.000000e+00 	 0.000000e+00 0.000000e+00 0.000000e+00 	 0.000000e+00 0.000000e+00 0.000000e+00 	 0
0.750000 	 0.000000e+00 0.000000e+00 0.000000e+00 	 0.000000e+00 0.000000e+00 0.000000e+00 	 0.000000e+00 0.000000e+00 0.000000e+00 	 0
1.250000 	 0.000000e+00 0.000000e+00 0.000000e+00 	 0.000000e+00 0.000000e+00 0.000000e+00 	 0.000000e+00 0.000000e+00 0.000000e+00 	 0
1.750000 	 0.000000e+00 0.000000e+00 0.000000e+00 	 0.000000e+00 0.000000e+00 0.000000e+00 	 0.000000e+00 0.000000e+00 0.000000e+00 	 0
2.250000 	 0.000000e+00 0.000000e+00 0.000000e+00 	 0.000000e+00 0.000000e+00 0.000000e+00 	 0.000000e+00 0.000000e+00 0.000000e+00 	 0
2.750000 	 0.000000e+00 0.000000e+00 0.000000e+00 	 0.000000e+00 0.000000e+00 0.000000e+00 	 0.000000e+00 0.000000e+00 0.000000e+00 	 0
3.250000 	 -8.462880e-04 -2.105779e-05 -2.190226e-06 	 -6.763555e-06 -2.084095e-06 4.748642e-06 	 -8.530515e-04 -2.314188e-05 2.558416e-06 	 40
3.750000 	 -8.444577e-04 2.474846e-06 -6.848698e-07 	 -1.464182e-05 -1.279457e-06 -1.318835e-06 	 -8.590995e-04 1.195389e-06 -2.003705e-06 	 577
4.250000 	 -6.908565e-04 1.047299e-06 1.305183e-06 	 1.369957e-05 1.367285e-06 -7.369126e-07 	 -6.771569e-04 2.414583e-06 5.682701e-07 	 881
4.750000 	 -3.199493e-04 3.326721e-06 -3.294829e-06 	 -6.624318e-06 -1.284859e-06 1.807994e-06 	 -3.265736e-04 2.041862e-06 -1.486835e-06 	 927
5.250000 	 -3.906228e-05 -6.166936e-06 -2.104075e-07 	 5.826764e-06 -9.540642e-07 1.999118e-07 	 -3.323551e-05 -7.121000e-06 -1.049571e-08 	 877
5.750000 	 8.485236e-06 4.449946e-06 4.262966e-06 	 -2.162279e-06 -1.295067e-07 -1.456853e-07 	 6.322957e-06 4.320439e-06 4.117281e-06 	 919
6.250000 	 1.403318e-05 1.139906e-07 3.195109e-06 	 -1.871163e-06 1.451226e-06 -1.714720e-06 	 1.216202e-05 1.565217e-06 1.480390e-06 	 890
6.750000 	 6.970879e-06 -1.432199e-06 -6.527170e-06 	 5.112204e-06 -4.261147e-08 6.780976e-07 	 1.208308e-05 -1.474810e-06 -5.849073e-06 	 912
7.250000 	 -1.697957e-05 1.197558e-06 1.493894e-06 	 -6.374990e-06 8.127049e-08 -5.331651e-07 	 -2.335456e-05 1.278828e-06 9.607285e-07 	 883
7.750000 	 -6.036112e-06 3.032882e-06 -8.105255e-07 	 5.768389e-06 -6.871824e-07 4.562898e-07 	 -2.677236e-07 2.345700e-06 -3.542357e-07 	 877
8.250000 	 -6.663944e-06 -1.375143e-06 -5.005186e-08 	 -2.206381e-06 -3.893922e-07 4.387822e-07 	 -8.870325e-06 -1.764535e-06 3.887303e-07 	 975
8.750000 	 2.537606e-06 -3.713151e-06 4.448526e-06 	 -1.068153e-06 -3.555924e-09 1.018289e-06 	 1.469453e-06 -3.716707e-06 5.466814e-06 	 859
9.250000 	 5.465778e-06 1.306438e-06 -3.976072e-06 	 1.517658e-06 -2.748778e-07 -2.384753e-06 	 6.983436e-06 1.031560e-06 -6.360825e-06 	 889
9.750000 	 3.481885e-05 1.209883e-06 4.657442e-06 	 1.272137e-06 -1.068311e-07 9.365674e-07 	 3.609099e-05 1.103052e-06 5.594009e-06 	 930
10.250000 	 3.416527e-04 2.258213e-06 -1.820648e-06 	 -5.663341e-07 7.318985e-07 -8.966487e-07 	 3.410864e-04 2.990111e-06 -2.717297e-06 	 905
10.750000 	 7.107331e-04 -8.386009e-07 -5.224194e-06 	 -9.453286e-06 -5.454665e-07 8.894243e-07 	 7.012798e-04 -1.384067e-06 -4.334770e-06 	 889
11.250000 	 8.610214e-04 -3.345146e-06 3.692902e-06 	 1.226338e-05 -8.327273e-07 9.905012e-07 	 8.732847e-04 -4.177873e-06 4.683403e-06 	 558
11.750000 	 8.419291e-04 -6.979076e-07 9.398725e-06 	 5.333728e-06 4.032526e-06 4.414056e-08 	 8.472629e-04 3.334618e-06 9.442866e-06 	 36
12.250000 	 0.000000e+00 0.000000e+00 0.000000e+00 	 0.000000e+00 0.000000e+00 0.000000e+00 	 0.000000e+00 0.000000e+00 0.000000e+00 	 0
12.750000 	 0.000000e+00 0.000000e+00 0.000000e+00 	 0.000000e+00 0.000000e+00 0.000000e+00 	 0.000000e+00 0.000000e+00 0.000000e+00 	 0
13.250000 	 0.000000e+00 0.000000e+00 0.000000e+00 	 0.000000e+00 0.000000e+00 0.000000e+00 	 0.000000e+00 0.000000e+00 0.000000e+00 	 0
13.750000 	 0.000000e+00 0.000000e+00 0.000000e+00 	 0.000000e+00 0.000000e+00 0.000000e+00 	 0.000000e+00 0.000000e+00 0.000000e+00 	 0
14.250000 	 0.000000e+00 0.000000e+00 0.000000e+00 	 0.000000e+00 0.000000e+00 0.000000e+00 	 0.000000e+00 0.000000e+00 0.000000e+00 	 0
14.750000 	 0.000000e+00 0.000000e+00 0.000000e+00 	 0.000000e+00 0.000000e+00 0.000000e+00 	 0.000000e+00 0.000000e+00 0.000000e+00 	 0
