# 1  2-4    5-7    8-10   11     
# x  dirEF  recEF  sumEF  #Sample
0.250000 	 0.000000e+00 0.000000e+00 0.000000e+00 	 0.000000e+00 0.000000e+00 0.000000e+00 	 0.000000e+00 0.000000e+00 0.000000e+00 	 0
0.750000 	 0.000000e+00 0.000000e+00 0.000000e+00 	 0.000000e+00 0.000000e+00 0.000000e+00 	 0.000000e+00 0.000000e+00 0.000000e+00 	 0
1.250000 	 8.732930e-05 -1.967749e-04 2.142457e-05 	 3.969744e-05 4.647151e-05 3.756355e-05 	 1.270267e-04 -1.503034e-04 5.898812e-05 	 1
1.750000 	 0.000000e+00 0.000000e+00 0.000000e+00 	 0.000000e+00 0.000000e+00 0.000000e+00 	 0.000000e+00 0.000000e+00 0.000000e+00 	 0
2.250000 	 0.000000e+00 0.000000e+00 0.000000e+00 	 0.000000e+00 0.000000e+00 0.000000e+00 	 0.000000e+00 0.000000e+00 0.000000e+00 	 0
2.750000 	 0.000000e+00 0.000000e+00 0.000000e+00 	 0.000000e+00 0.000000e+00 0.000000e+00 	 0.000000e+00 0.000000e+00 0.000000e+00 	 0
3.250000 	 -8.132162e-04 -7.911749e-06 2.774158e-05 	 1.647544e-07 3.249890e-06 -7.645556e-06 	 -8.130514e-04 -4.661859e-06 2.009603e-05 	 42
3.750000 	 -8.483935e-04 -1.632814e-06 -2.079879e-06 	 -1.895893e-05 2.372856e-07 4.081855e-07 	 -8.673524e-04 -1.395528e-06 -1.671693e-06 	 570
4.250000 	 -6.883086e-04 3.069916e-06 1.268110e-06 	 1.628952e-05 -7.009050e-07 1.542361e-06 	 -6.720191e-04 2.369011e-06 2.810471e-06 	 879
4.750000 	 -3.265630e-04 -2.300607e-06 -5.125677e-06 	 -4.087440e-06 1.725465e-06 -7.994452e-07 	 -3.306505e-04 -5.751416e-07 -5.925123e-06 	 864
5.250000 	 -4.616355e-05 1.655336e-06 9.235740e-06 	 -1.343227e-07 1.475222e-07 3.591890e-07 	 -4.629787e-05 1.802858e-06 9.594929e-06 	 878
5.750000 	 -1.482320e-05 1.463825e-06 -3.961977e-06 	 -7.038447e-07 4.549095e-07 -1.895068e-06 	 -1.552704e-05 1.918734e-06 -5.857045e-06 	 921
6.250000 	 -2.183430e-05 4.138026e-07 -1.802352e-06 	 -4.744364e-06 -9.221394e-07 1.872173e-06 	 -2.657866e-05 -5.083367e-07 6.982108e-08 	 914
6.750000 	 -1.254771e-05 -1.242673e-06 2.838260e-06 	 3.385938e-06 4.776772e-08 -1.065472e-09 	 -9.161772e-06 -1.194905e-06 2.837194e-06 	 886
7.250000 	 9.942466e-08 5.260600e-08 -1.607407e-06 	 -8.558872e-07 -6.082890e-07 -1.488046e-06 	 -7.564625e-07 -5.556830e-07 -3.095453e-06 	 947
7.750000 	 1.815089e-06 -3.033258e-07 5.485345e-07 	 7.832911e-07 1.638318e-06 6.583832e-07 	 2.598380e-06 1.334992e-06 1.206918e-06 	 929
8.250000 	 2.814847e-06 -8.156040e-07 1.517978e-06 	 5.129426e-06 -8.777893e-07 -3.711790e-07 	 7.944273e-06 -1.693393e-06 1.146799e-06 	 893
8.750000 	 -5.037801e-06 -3.855170e-06 -2.105394e-06 	 -3.771865e-06 1.949795e-07 3.948694e-07 	 -8.809667e-06 -3.660191e-06 -1.710525e-06 	 941
9.250000 	 -4.000810e-07 5.510295e-06 5.123813e-06 	 1.382854e-06 6.327264e-07 -7.880160e-08 	 9.827727e-07 6.143021e-06 5.045011e-06 	 921
9.750000 	 5.557163e-05 -6.752450e-06 -5.176070e-06 	 -3.437651e-06 -4.297998e-07 2.690410e-07 	 5.213398e-05 -7.182250e-06 -4.907029e-06 	 944
10.250000 	 3.565383e-04 4.050595e-06 -1.648574e-06 	 6.620081e-06 -3.418595e-08 4.439587e-07 	 3.631584e-04 4.016409e-06 -1.204616e-06 	 864
10.750000 	 7.109278e-04 2.203996e-06 7.633190e-07 	 -1.469822e-05 -6.823400e-07 -3.369504e-07 	 6.962296e-04 1.521656e-06 4.263686e-07 	 889
11.250000 	 8.627382e-04 4.224171e-06 4.329142e-06 	 1.629348e-05 2.089582e-06 9.503081e-07 	 8.790317e-04 6.313753e-06 5.279450e-06 	 498
11.750000 	 8.285315e-04 -1.762781e-05 1.613800e-05 	 -4.973554e-06 4.562381e-06 7.450234e-06 	 8.235580e-04 -1.306543e-05 2.358824e-05 	 42
12.250000 	 0.000000e+00 0.000000e+00 0.000000e+00 	 0.000000e+00 0.000000e+00 0.000000e+00 	 0.000000e+00 0.000000e+00 0.000000e+00 	 0
12.750000 	 0.000000e+00 0.000000e+00 0.000000e+00 	 0.000000e+00 0.000000e+00 0.000000e+00 	 0.000000e+00 0.000000e+00 0.000000e+00 	 0
13.250000 	 0.000000e+00 0.000000e+00 0.000000e+00 	 0.000000e+00 0.000000e+00 0.000000e+00 	 0.000000e+00 0.000000e+00 0.000000e+00 	 0
13.750000 	 0.000000e+00 0.000000e+00 0.000000e+00 	 0.000000e+00 0.000000e+00 0.000000e+00 	 0.000000e+00 0.000000e+00 0.000000e+00 	 0
14.250000 	 0.000000e+00 0.000000e+00 0.000000e+00 	 0.000000e+00 0.000000e+00 0.000000e+00 	 0.000000e+00 0.000000e+00 0.000000e+00 	 0
14.750000 	 6.734521e-05 -6.498004e-05 -6.449108e-05 	 -4.576039e-06 -2.254575e-05 -2.901629e-05 	 6.276917e-05 -8.752578e-05 -9.350738e-05 	 1
