# 1  2-4    5-7    8-10   11     
# x  dirEF  recEF  sumEF  #Sample
0.250000 	 0.000000e+00 0.000000e+00 0.000000e+00 	 0.000000e+00 0.000000e+00 0.000000e+00 	 0.000000e+00 0.000000e+00 0.000000e+00 	 0
0.750000 	 0.000000e+00 0.000000e+00 0.000000e+00 	 0.000000e+00 0.000000e+00 0.000000e+00 	 0.000000e+00 0.000000e+00 0.000000e+00 	 0
1.250000 	 0.000000e+00 0.000000e+00 0.000000e+00 	 0.000000e+00 0.000000e+00 0.000000e+00 	 0.000000e+00 0.000000e+00 0.000000e+00 	 0
1.750000 	 0.000000e+00 0.000000e+00 0.000000e+00 	 0.000000e+00 0.000000e+00 0.000000e+00 	 0.000000e+00 0.000000e+00 0.000000e+00 	 0
2.250000 	 0.000000e+00 0.000000e+00 0.000000e+00 	 0.000000e+00 0.000000e+00 0.000000e+00 	 0.000000e+00 0.000000e+00 0.000000e+00 	 0
2.750000 	 0.000000e+00 0.000000e+00 0.000000e+00 	 0.000000e+00 0.000000e+00 0.000000e+00 	 0.000000e+00 0.000000e+00 0.000000e+00 	 0
3.250000 	 -8.334548e-04 1.059171e-05 -1.254875e-05 	 7.828094e-06 1.215082e-05 -2.203519e-05 	 -8.256267e-04 2.274252e-05 -3.458394e-05 	 39
3.750000 	 -8.579457e-04 2.078411e-06 -4.414648e-06 	 -2.292024e-05 -1.960376e-06 -5.544362e-07 	 -8.808659e-04 1.180354e-07 -4.969084e-06 	 534
4.250000 	 -6.991331e-04 -1.999641e-06 7.007925e-07 	 3.011813e-05 3.891294e-06 -1.024571e-05 	 -6.690149e-04 1.891653e-06 -9.544913e-06 	 916
4.750000 	 -3.247884e-04 9.844693e-08 1.587643e-07 	 6.524243e-06 -2.577811e-06 -4.676520e-06 	 -3.182642e-04 -2.479364e-06 -4.517756e-06 	 955
5.250000 	 -2.666654e-05 -4.794980e-07 6.197335e-07 	 5.483696e-06 -1.787001e-06 -9.703122e-07 	 -2.118284e-05 -2.266499e-06 -3.505787e-07 	 855
5.750000 	 -2.282784e-06 4.619855e-06 -3.069502e-06 	 -3.594442e-06 -2.293993e-07 1.110076e-06 	 -5.877225e-06 4.390456e-06 -1.959425e-06 	 900
6.250000 	 -7.013486e-06 -4.909261e-06 2.749790e-06 	 1.225420e-05 1.169134e-06 -1.001355e-06 	 5.240716e-06 -3.740127e-06 1.748435e-06 	 895
6.750000 	 1.726397e-06 1.234444e-06 2.921295e-06 	 -6.872010e-06 2.210271e-08 -3.423713e-06 	 -5.145613e-06 1.256547e-06 -5.024182e-07 	 948
7.250000 	 1.180192e-05 -3.686340e-06 -3.714007e-06 	 9.877135e-07 -6.253006e-08 7.479515e-06 	 1.278963e-05 -3.748870e-06 3.765508e-06 	 889
7.750000 	 6.737714e-07 -7.557298e-07 -2.466429e-06 	 -7.224039e-07 2.922374e-06 7.572719e-07 	 -4.863253e-08 2.166644e-06 -1.709157e-06 	 866
8.250000 	 -4.062966e-06 1.169884e-07 -4.918110e-07 	 6.952385e-06 3.136365e-06 -1.075018e-06 	 2.889418e-06 3.253354e-06 -1.566829e-06 	 888
8.750000 	 -2.094523e-05 -1.637774e-07 2.674524e-06 	 -1.031194e-05 -2.078223e-06 5.044667e-06 	 -3.125717e-05 -2.242000e-06 7.719191e-06 	 936
9.250000 	 -3.828445e-06 2.195401e-06 4.151980e-06 	 8.817416e-06 1.751704e-06 1.905549e-06 	 4.988971e-06 3.947105e-06 6.057529e-06 	 878
9.750000 	 3.863792e-05 -4.915200e-07 -4.329696e-06 	 -4.840879e-06 2.836043e-07 -2.563499e-06 	 3.379704e-05 -2.079158e-07 -6.893195e-06 	 942
10.250000 	 3.295657e-04 1.617757e-06 2.199176e-07 	 7.815440e-06 2.447348e-06 3.681829e-06 	 3.373812e-04 4.065106e-06 3.901746e-06 	 929
10.750000 	 7.104712e-04 -7.848317e-07 5.949573e-06 	 -2.800062e-05 -2.124128e-06 1.094417e-06 	 6.824706e-04 -2.908960e-06 7.043991e-06 	 878
11.250000 	 8.497784e-04 -6.159209e-07 -3.313153e-06 	 2.036369e-05 1.226654e-05 -2.092618e-06 	 8.701421e-04 1.165062e-05 -5.405771e-06 	 545
11.750000 	 8.501421e-04 1.469034e-06 3.644297e-06 	 -4.138909e-05 -7.068712e-06 -1.241257e-05 	 8.087530e-04 -5.599678e-06 -8.768276e-06 	 30
12.250000 	 0.000000e+00 0.000000e+00 0.000000e+00 	 0.000000e+00 0.000000e+00 0.000000e+00 	 0.000000e+00 0.000000e+00 0.000000e+00 	 0
12.750000 	 0.000000e+00 0.000000e+00 0.000000e+00 	 0.000000e+00 0.000000e+00 0.000000e+00 	 0.000000e+00 0.000000e+00 0.000000e+00 	 0
13.250000 	 6.971551e-05 -5.076354e-05 -1.617875e-04 	 9.005487e-05 -1.724199e-05 -7.473421e-05 	 1.597704e-04 -6.800553e-05 -2.365217e-04 	 1
13.750000 	 0.000000e+00 0.000000e+00 0.000000e+00 	 0.000000e+00 0.000000e+00 0.000000e+00 	 0.000000e+00 0.000000e+00 0.000000e+00 	 0
14.250000 	 0.000000e+00 0.000000e+00 0.000000e+00 	 0.000000e+00 0.000000e+00 0.000000e+00 	 0.000000e+00 0.000000e+00 0.000000e+00 	 0
14.750000 	 0.000000e+00 0.000000e+00 0.000000e+00 	 0.000000e+00 0.000000e+00 0.000000e+00 	 0.000000e+00 0.000000e+00 0.000000e+00 	 0
