# 1  2-4    5-7    8-10   11     
# x  dirEF  recEF  sumEF  #Sample
0.250000 	 0.000000e+00 0.000000e+00 0.000000e+00 	 0.000000e+00 0.000000e+00 0.000000e+00 	 0.000000e+00 0.000000e+00 0.000000e+00 	 0
0.750000 	 0.000000e+00 0.000000e+00 0.000000e+00 	 0.000000e+00 0.000000e+00 0.000000e+00 	 0.000000e+00 0.000000e+00 0.000000e+00 	 0
1.250000 	 0.000000e+00 0.000000e+00 0.000000e+00 	 0.000000e+00 0.000000e+00 0.000000e+00 	 0.000000e+00 0.000000e+00 0.000000e+00 	 0
1.750000 	 0.000000e+00 0.000000e+00 0.000000e+00 	 0.000000e+00 0.000000e+00 0.000000e+00 	 0.000000e+00 0.000000e+00 0.000000e+00 	 0
2.250000 	 0.000000e+00 0.000000e+00 0.000000e+00 	 0.000000e+00 0.000000e+00 0.000000e+00 	 0.000000e+00 0.000000e+00 0.000000e+00 	 0
2.750000 	 0.000000e+00 0.000000e+00 0.000000e+00 	 0.000000e+00 0.000000e+00 0.000000e+00 	 0.000000e+00 0.000000e+00 0.000000e+00 	 0
3.250000 	 -8.359996e-04 -1.374934e-07 5.456929e-07 	 -3.354985e-06 2.289303e-06 -4.021971e-06 	 -8.393546e-04 2.151809e-06 -3.476278e-06 	 38
3.750000 	 -8.504578e-04 -3.854887e-06 4.000092e-06 	 -1.695996e-05 1.113867e-06 -2.245514e-06 	 -8.674178e-04 -2.741020e-06 1.754579e-06 	 548
4.250000 	 -6.956663e-04 -4.236992e-06 5.925409e-07 	 1.734064e-05 1.408715e-06 1.162237e-06 	 -6.783257e-04 -2.828277e-06 1.754778e-06 	 912
4.750000 	 -3.142208e-04 1.939052e-06 -4.931899e-06 	 -1.052098e-05 -1.728534e-06 1.881249e-07 	 -3.247418e-04 2.105182e-07 -4.743774e-06 	 907
5.250000 	 -3.160509e-05 5.165907e-06 1.536613e-06 	 5.199866e-06 8.577597e-07 -1.641192e-07 	 -2.640523e-05 6.023667e-06 1.372494e-06 	 883
5.750000 	 -3.411923e-06 -4.494140e-06 -1.174219e-06 	 -3.684101e-06 -4.034298e-07 -8.648560e-07 	 -7.096024e-06 -4.897570e-06 -2.039075e-06 	 870
6.250000 	 -8.955999e-06 -4.564187e-06 -1.660631e-06 	 4.381360e-06 -6.612511e-08 4.497928e-07 	 -4.574639e-06 -4.630313e-06 -1.210838e-06 	 917
6.750000 	 -2.422323e-05 4.853366e-07 3.753481e-06 	 -3.904139e-06 -9.364613e-07 8.392973e-07 	 -2.812737e-05 -4.511247e-07 4.592778e-06 	 917
7.250000 	 -3.773256e-06 3.038677e-06 -3.568756e-07 	 1.865829e-06 1.244347e-06 -9.433330e-07 	 -1.907426e-06 4.283024e-06 -1.300209e-06 	 909
7.750000 	 1.747660e-06 -2.832096e-06 3.215043e-06 	 -2.104492e-07 -1.193117e-06 1.185473e-06 	 1.537210e-06 -4.025213e-06 4.400516e-06 	 944
8.250000 	 3.744257e-06 7.319218e-06 -3.812820e-06 	 1.980699e-06 7.418681e-07 -3.346122e-07 	 5.724956e-06 8.061086e-06 -4.147432e-06 	 911
8.750000 	 9.244807e-06 -9.764056e-07 -1.054933e-06 	 6.318934e-07 -9.018118e-07 -5.364373e-07 	 9.876701e-06 -1.878217e-06 -1.591370e-06 	 888
9.250000 	 8.654732e-06 -2.002515e-06 -1.166850e-06 	 -6.014286e-06 -6.101443e-08 -8.967234e-07 	 2.640446e-06 -2.063529e-06 -2.063574e-06 	 934
9.750000 	 3.842597e-05 -2.617721e-06 -6.040769e-08 	 7.104707e-06 7.351643e-07 6.868465e-07 	 4.553068e-05 -1.882556e-06 6.264388e-07 	 911
10.250000 	 3.520390e-04 4.178047e-06 1.785469e-06 	 2.498799e-07 1.423117e-06 1.032962e-06 	 3.522889e-04 5.601164e-06 2.818431e-06 	 902
10.750000 	 7.155166e-04 -3.010669e-06 5.591385e-08 	 -1.608528e-05 -1.491706e-06 2.659181e-07 	 6.994313e-04 -4.502374e-06 3.218320e-07 	 878
11.250000 	 8.482660e-04 -3.182610e-06 7.642759e-07 	 2.334124e-05 -2.251788e-07 -7.852478e-07 	 8.716073e-04 -3.407789e-06 -2.097195e-08 	 518
11.750000 	 8.170949e-04 5.990983e-06 -1.121422e-05 	 9.302887e-06 7.532294e-06 -5.675397e-06 	 8.263978e-04 1.352328e-05 -1.688961e-05 	 36
12.250000 	 0.000000e+00 0.000000e+00 0.000000e+00 	 0.000000e+00 0.000000e+00 0.000000e+00 	 0.000000e+00 0.000000e+00 0.000000e+00 	 0
12.750000 	 0.000000e+00 0.000000e+00 0.000000e+00 	 0.000000e+00 0.000000e+00 0.000000e+00 	 0.000000e+00 0.000000e+00 0.000000e+00 	 0
13.250000 	 0.000000e+00 0.000000e+00 0.000000e+00 	 0.000000e+00 0.000000e+00 0.000000e+00 	 0.000000e+00 0.000000e+00 0.000000e+00 	 0
13.750000 	 -1.171288e-04 -5.846301e-05 -3.285696e-05 	 -2.573597e-05 1.584919e-06 2.137007e-05 	 -1.428648e-04 -5.687809e-05 -1.148689e-05 	 1
14.250000 	 0.000000e+00 0.000000e+00 0.000000e+00 	 0.000000e+00 0.000000e+00 0.000000e+00 	 0.000000e+00 0.000000e+00 0.000000e+00 	 0
14.750000 	 0.000000e+00 0.000000e+00 0.000000e+00 	 0.000000e+00 0.000000e+00 0.000000e+00 	 0.000000e+00 0.000000e+00 0.000000e+00 	 0
