# 1  2-4    5-7    8-10   11     
# x  dirEF  recEF  sumEF  #Sample
0.250000 	 0.000000e+00 0.000000e+00 0.000000e+00 	 0.000000e+00 0.000000e+00 0.000000e+00 	 0.000000e+00 0.000000e+00 0.000000e+00 	 0
0.750000 	 0.000000e+00 0.000000e+00 0.000000e+00 	 0.000000e+00 0.000000e+00 0.000000e+00 	 0.000000e+00 0.000000e+00 0.000000e+00 	 0
1.250000 	 0.000000e+00 0.000000e+00 0.000000e+00 	 0.000000e+00 0.000000e+00 0.000000e+00 	 0.000000e+00 0.000000e+00 0.000000e+00 	 0
1.750000 	 0.000000e+00 0.000000e+00 0.000000e+00 	 0.000000e+00 0.000000e+00 0.000000e+00 	 0.000000e+00 0.000000e+00 0.000000e+00 	 0
2.250000 	 0.000000e+00 0.000000e+00 0.000000e+00 	 0.000000e+00 0.000000e+00 0.000000e+00 	 0.000000e+00 0.000000e+00 0.000000e+00 	 0
2.750000 	 0.000000e+00 0.000000e+00 0.000000e+00 	 0.000000e+00 0.000000e+00 0.000000e+00 	 0.000000e+00 0.000000e+00 0.000000e+00 	 0
3.250000 	 -8.438780e-04 1.297379e-05 1.279466e-06 	 6.949087e-06 -2.681413e-06 -7.195758e-06 	 -8.369289e-04 1.029238e-05 -5.916292e-06 	 33
3.750000 	 -8.602134e-04 1.803626e-06 6.043434e-07 	 -1.571987e-05 -4.981712e-07 -5.524484e-07 	 -8.759332e-04 1.305454e-06 5.189500e-08 	 601
4.250000 	 -7.049683e-04 -1.611326e-06 -8.236681e-07 	 1.254653e-05 -3.454978e-07 -1.130365e-07 	 -6.924218e-04 -1.956823e-06 -9.367046e-07 	 891
4.750000 	 -3.175011e-04 -2.715980e-06 -1.892383e-08 	 -1.610634e-06 -3.856861e-07 -1.180618e-06 	 -3.191118e-04 -3.101666e-06 -1.199542e-06 	 911
5.250000 	 -2.382325e-05 -1.604124e-06 1.589442e-06 	 -2.292787e-06 8.851423e-07 2.572587e-06 	 -2.611603e-05 -7.189815e-07 4.162029e-06 	 899
5.750000 	 -1.176070e-05 -9.806303e-08 -3.780130e-06 	 3.077198e-06 -9.095625e-07 -1.403145e-06 	 -8.683502e-06 -1.007626e-06 -5.183274e-06 	 910
6.250000 	 -1.649404e-05 7.265270e-07 3.671028e-06 	 -1.962901e-07 -4.415429e-07 6.651943e-08 	 -1.669033e-05 2.849841e-07 3.737548e-06 	 875
6.750000 	 -6.177741e-06 -3.779827e-08 -4.117537e-06 	 -9.994730e-07 1.339523e-06 2.257364e-07 	 -7.177214e-06 1.301725e-06 -3.891800e-06 	 942
7.250000 	 9.109799e-06 2.931681e-06 -1.721425e-06 	 -8.348840e-08 -8.228716e-07 5.311519e-09 	 9.026311e-06 2.108809e-06 -1.716114e-06 	 924
7.750000 	 1.585345e-05 1.056824e-06 -1.345853e-06 	 1.843962e-06 9.972329e-07 5.340695e-07 	 1.769741e-05 2.054057e-06 -8.117834e-07 	 935
8.250000 	 1.119873e-05 -3.026020e-06 8.767779e-06 	 -2.536552e-06 -6.228887e-07 -2.618861e-07 	 8.662178e-06 -3.648908e-06 8.505893e-06 	 872
8.750000 	 1.394915e-05 -3.804754e-06 -2.877843e-06 	 1.627432e-06 1.349586e-06 1.435034e-07 	 1.557658e-05 -2.455168e-06 -2.734340e-06 	 894
9.250000 	 7.100097e-06 2.804092e-06 1.411518e-06 	 -8.394721e-07 -2.197587e-07 7.222405e-07 	 6.260625e-06 2.584334e-06 2.133759e-06 	 912
9.750000 	 4.127591e-05 2.183072e-06 -6.317953e-06 	 -2.277730e-06 -7.418812e-07 -2.220968e-06 	 3.899818e-05 1.441191e-06 -8.538920e-06 	 881
10.250000 	 3.263951e-04 1.346795e-06 6.582091e-06 	 9.354107e-06 -6.654035e-07 8.823492e-07 	 3.357492e-04 6.813918e-07 7.464440e-06 	 881
10.750000 	 6.946499e-04 2.814071e-06 -7.627582e-07 	 -2.129310e-05 1.760804e-06 -1.261886e-07 	 6.733568e-04 4.574876e-06 -8.889468e-07 	 866
11.250000 	 8.379813e-04 -1.057640e-05 1.931085e-06 	 2.067384e-05 -1.183843e-06 1.288642e-06 	 8.586552e-04 -1.176024e-05 3.219727e-06 	 549
11.750000 	 8.085623e-04 6.903858e-06 2.524557e-05 	 -1.006796e-05 -1.294783e-06 1.033592e-05 	 7.984944e-04 5.609075e-06 3.558149e-05 	 45
12.250000 	 0.000000e+00 0.000000e+00 0.000000e+00 	 0.000000e+00 0.000000e+00 0.000000e+00 	 0.000000e+00 0.000000e+00 0.000000e+00 	 0
12.750000 	 0.000000e+00 0.000000e+00 0.000000e+00 	 0.000000e+00 0.000000e+00 0.000000e+00 	 0.000000e+00 0.000000e+00 0.000000e+00 	 0
13.250000 	 -1.338029e-04 9.338874e-06 -3.620619e-05 	 -2.108833e-05 -3.138302e-05 2.961331e-05 	 -1.548912e-04 -2.204415e-05 -6.592877e-06 	 1
13.750000 	 3.732098e-05 9.603493e-05 -1.494989e-05 	 3.163599e-07 3.333924e-06 -1.295958e-05 	 3.763734e-05 9.936885e-05 -2.790947e-05 	 1
14.250000 	 -5.035847e-05 1.698758e-04 2.474596e-05 	 2.084934e-05 -5.744339e-06 -1.563017e-05 	 -2.950913e-05 1.641315e-04 9.115793e-06 	 1
14.750000 	 0.000000e+00 0.000000e+00 0.000000e+00 	 0.000000e+00 0.000000e+00 0.000000e+00 	 0.000000e+00 0.000000e+00 0.000000e+00 	 0
