# 1  2-4    5-7    8-10   11     
# x  dirEF  recEF  sumEF  #Sample
0.250000 	 0.000000e+00 0.000000e+00 0.000000e+00 	 0.000000e+00 0.000000e+00 0.000000e+00 	 0.000000e+00 0.000000e+00 0.000000e+00 	 0
0.750000 	 0.000000e+00 0.000000e+00 0.000000e+00 	 0.000000e+00 0.000000e+00 0.000000e+00 	 0.000000e+00 0.000000e+00 0.000000e+00 	 0
1.250000 	 0.000000e+00 0.000000e+00 0.000000e+00 	 0.000000e+00 0.000000e+00 0.000000e+00 	 0.000000e+00 0.000000e+00 0.000000e+00 	 0
1.750000 	 0.000000e+00 0.000000e+00 0.000000e+00 	 0.000000e+00 0.000000e+00 0.000000e+00 	 0.000000e+00 0.000000e+00 0.000000e+00 	 0
2.250000 	 0.000000e+00 0.000000e+00 0.000000e+00 	 0.000000e+00 0.000000e+00 0.000000e+00 	 0.000000e+00 0.000000e+00 0.000000e+00 	 0
2.750000 	 0.000000e+00 0.000000e+00 0.000000e+00 	 0.000000e+00 0.000000e+00 0.000000e+00 	 0.000000e+00 0.000000e+00 0.000000e+00 	 0
3.250000 	 -8.202517e-04 -5.393840e-07 -7.276444e-06 	 -5.011150e-06 -2.765787e-06 -4.303425e-06 	 -8.252629e-04 -3.305171e-06 -1.157987e-05 	 38
3.750000 	 -8.402768e-04 1.369573e-06 2.005042e-06 	 -2.055398e-05 -7.963131e-07 1.224294e-06 	 -8.608308e-04 5.732603e-07 3.229336e-06 	 586
4.250000 	 -7.125940e-04 -2.308841e-06 -1.723733e-07 	 1.902244e-05 8.402136e-07 -1.056361e-06 	 -6.935716e-04 -1.468627e-06 -1.228734e-06 	 882
4.750000 	 -3.360751e-04 -2.154200e-06 1.753955e-06 	 -4.048258e-06 8.055343e-07 -7.839440e-07 	 -3.401234e-04 -1.348666e-06 9.700109e-07 	 870
5.250000 	 -4.748269e-05 5.694034e-06 -6.175189e-06 	 -3.324587e-06 -5.721793e-07 9.592701e-07 	 -5.080728e-05 5.121855e-06 -5.215919e-06 	 940
5.750000 	 -4.855257e-06 -2.632434e-07 1.729606e-06 	 8.952533e-07 -3.942583e-09 -7.327452e-07 	 -3.960003e-06 -2.671860e-07 9.968611e-07 	 942
6.250000 	 1.084899e-05 -2.350487e-06 -1.749655e-06 	 -1.504104e-06 1.122240e-06 5.168445e-07 	 9.344887e-06 -1.228247e-06 -1.232810e-06 	 923
6.750000 	 1.991716e-05 1.301232e-06 -3.521820e-07 	 3.990719e-06 -1.358580e-06 -8.407889e-07 	 2.390787e-05 -5.734811e-08 -1.192971e-06 	 879
7.250000 	 1.567852e-05 1.403013e-06 -2.235215e-06 	 -6.376072e-08 4.880547e-07 1.712806e-06 	 1.561476e-05 1.891067e-06 -5.224094e-07 	 945
7.750000 	 1.936163e-05 5.612958e-07 1.243319e-06 	 1.325053e-06 -1.698278e-06 -7.942513e-08 	 2.068668e-05 -1.136982e-06 1.163894e-06 	 889
8.250000 	 2.069469e-05 -8.818643e-07 1.926808e-07 	 -3.002163e-06 1.064127e-07 -2.313229e-06 	 1.769252e-05 -7.754515e-07 -2.120548e-06 	 875
8.750000 	 -6.249952e-06 -1.467662e-07 1.989269e-07 	 -5.430533e-07 8.532917e-07 1.760364e-06 	 -6.793006e-06 7.065255e-07 1.959291e-06 	 883
9.250000 	 -2.637457e-05 -1.818971e-06 4.415894e-07 	 4.303373e-06 -1.005889e-06 -2.219259e-07 	 -2.207120e-05 -2.824860e-06 2.196635e-07 	 845
9.750000 	 1.986213e-05 -2.272086e-06 -1.153338e-07 	 -4.261338e-06 8.219752e-07 -7.644245e-08 	 1.560079e-05 -1.450111e-06 -1.917763e-07 	 909
10.250000 	 3.149547e-04 2.588686e-06 -6.512773e-07 	 3.396090e-06 -9.046643e-08 -2.771056e-08 	 3.183508e-04 2.498220e-06 -6.789879e-07 	 918
10.750000 	 7.063409e-04 2.556571e-06 1.605277e-06 	 -1.470135e-05 -3.792858e-07 1.348026e-08 	 6.916395e-04 2.177285e-06 1.618757e-06 	 908
11.250000 	 8.719546e-04 -1.874175e-09 2.992584e-06 	 2.084674e-05 -5.370846e-08 1.875499e-06 	 8.928014e-04 -5.558263e-08 4.868083e-06 	 557
11.750000 	 8.563478e-04 2.063731e-07 1.223541e-05 	 -5.066078e-07 -4.181919e-06 6.358891e-06 	 8.558412e-04 -3.975546e-06 1.859430e-05 	 34
12.250000 	 0.000000e+00 0.000000e+00 0.000000e+00 	 0.000000e+00 0.000000e+00 0.000000e+00 	 0.000000e+00 0.000000e+00 0.000000e+00 	 0
12.750000 	 0.000000e+00 0.000000e+00 0.000000e+00 	 0.000000e+00 0.000000e+00 0.000000e+00 	 0.000000e+00 0.000000e+00 0.000000e+00 	 0
13.250000 	 -3.423498e-05 4.442868e-05 4.300956e-05 	 -3.677337e-05 1.659868e-06 -1.356736e-05 	 -7.100835e-05 4.608854e-05 2.944220e-05 	 1
13.750000 	 0.000000e+00 0.000000e+00 0.000000e+00 	 0.000000e+00 0.000000e+00 0.000000e+00 	 0.000000e+00 0.000000e+00 0.000000e+00 	 0
14.250000 	 0.000000e+00 0.000000e+00 0.000000e+00 	 0.000000e+00 0.000000e+00 0.000000e+00 	 0.000000e+00 0.000000e+00 0.000000e+00 	 0
14.750000 	 0.000000e+00 0.000000e+00 0.000000e+00 	 0.000000e+00 0.000000e+00 0.000000e+00 	 0.000000e+00 0.000000e+00 0.000000e+00 	 0
