# 1  2-4    5-7    8-10   11     
# x  dirEF  recEF  sumEF  #Sample
0.250000 	 0.000000e+00 0.000000e+00 0.000000e+00 	 0.000000e+00 0.000000e+00 0.000000e+00 	 0.000000e+00 0.000000e+00 0.000000e+00 	 0
0.750000 	 0.000000e+00 0.000000e+00 0.000000e+00 	 0.000000e+00 0.000000e+00 0.000000e+00 	 0.000000e+00 0.000000e+00 0.000000e+00 	 0
1.250000 	 0.000000e+00 0.000000e+00 0.000000e+00 	 0.000000e+00 0.000000e+00 0.000000e+00 	 0.000000e+00 0.000000e+00 0.000000e+00 	 0
1.750000 	 0.000000e+00 0.000000e+00 0.000000e+00 	 0.000000e+00 0.000000e+00 0.000000e+00 	 0.000000e+00 0.000000e+00 0.000000e+00 	 0
2.250000 	 1.171487e-04 1.602822e-06 1.166665e-04 	 -6.984470e-05 -2.260074e-05 1.769896e-05 	 4.730401e-05 -2.099792e-05 1.343654e-04 	 1
2.750000 	 0.000000e+00 0.000000e+00 0.000000e+00 	 0.000000e+00 0.000000e+00 0.000000e+00 	 0.000000e+00 0.000000e+00 0.000000e+00 	 0
3.250000 	 -8.505098e-04 1.299907e-05 3.955556e-06 	 -1.538581e-05 5.117886e-06 2.243528e-06 	 -8.658956e-04 1.811695e-05 6.199083e-06 	 38
3.750000 	 -8.601614e-04 6.759874e-07 -3.665381e-06 	 -1.388349e-05 -7.752405e-07 -2.043444e-07 	 -8.740449e-04 -9.925311e-08 -3.869725e-06 	 560
4.250000 	 -7.043162e-04 2.240913e-06 1.159169e-06 	 1.146915e-05 6.520860e-07 2.152912e-06 	 -6.928471e-04 2.892999e-06 3.312081e-06 	 917
4.750000 	 -3.386859e-04 -8.016366e-07 1.508345e-06 	 -4.365025e-06 -5.707089e-07 -1.944264e-06 	 -3.430510e-04 -1.372345e-06 -4.359188e-07 	 890
5.250000 	 -2.675523e-05 -3.826812e-06 2.641646e-06 	 -6.629703e-07 -8.451402e-07 -6.585707e-07 	 -2.741820e-05 -4.671952e-06 1.983075e-06 	 898
5.750000 	 8.651637e-06 -3.555154e-07 -2.552495e-06 	 1.702918e-06 7.409103e-07 8.446010e-07 	 1.035456e-05 3.853949e-07 -1.707894e-06 	 965
6.250000 	 1.509227e-05 8.979115e-06 -8.540019e-06 	 1.351888e-06 3.244802e-07 3.651794e-07 	 1.644415e-05 9.303595e-06 -8.174840e-06 	 874
6.750000 	 1.391726e-06 -7.939235e-06 3.708457e-06 	 -1.589986e-06 7.036350e-07 -2.916532e-07 	 -1.982598e-07 -7.235600e-06 3.416803e-06 	 857
7.250000 	 -1.417860e-05 -8.720471e-07 4.065320e-06 	 -5.955816e-07 -9.343043e-07 1.201504e-07 	 -1.477418e-05 -1.806351e-06 4.185470e-06 	 936
7.750000 	 -1.695976e-05 4.709462e-06 4.749439e-06 	 8.982666e-07 -1.196755e-06 2.832779e-08 	 -1.606150e-05 3.512707e-06 4.777767e-06 	 880
8.250000 	 4.666624e-06 1.379230e-06 -2.998445e-06 	 -2.610574e-06 1.565990e-06 1.287282e-06 	 2.056050e-06 2.945220e-06 -1.711163e-06 	 921
8.750000 	 1.045069e-05 -4.110618e-06 -1.595451e-06 	 3.790969e-06 -1.402087e-06 -1.998162e-06 	 1.424165e-05 -5.512705e-06 -3.593613e-06 	 898
9.250000 	 1.172799e-05 7.769230e-07 -2.077863e-06 	 1.479989e-06 3.583663e-07 -5.173363e-07 	 1.320798e-05 1.135289e-06 -2.595199e-06 	 905
9.750000 	 3.002444e-05 2.163076e-06 6.038405e-06 	 -4.961535e-06 1.123598e-06 1.468165e-06 	 2.506291e-05 3.286674e-06 7.506570e-06 	 887
10.250000 	 3.203368e-04 -4.576226e-06 -9.285354e-07 	 6.455125e-06 -5.651737e-07 3.375282e-07 	 3.267919e-04 -5.141399e-06 -5.910071e-07 	 897
10.750000 	 6.960759e-04 6.811187e-07 2.112928e-06 	 -1.426541e-05 6.499847e-08 -2.891502e-07 	 6.818105e-04 7.461171e-07 1.823778e-06 	 886
11.250000 	 8.552611e-04 -4.163660e-07 -8.312349e-06 	 1.621318e-05 3.368134e-07 2.120229e-07 	 8.714742e-04 -7.955261e-08 -8.100326e-06 	 580
11.750000 	 8.338025e-04 -4.357726e-07 -6.625845e-06 	 -6.243714e-06 2.501051e-06 3.454691e-06 	 8.275588e-04 2.065279e-06 -3.171154e-06 	 34
12.250000 	 0.000000e+00 0.000000e+00 0.000000e+00 	 0.000000e+00 0.000000e+00 0.000000e+00 	 0.000000e+00 0.000000e+00 0.000000e+00 	 0
12.750000 	 0.000000e+00 0.000000e+00 0.000000e+00 	 0.000000e+00 0.000000e+00 0.000000e+00 	 0.000000e+00 0.000000e+00 0.000000e+00 	 0
13.250000 	 0.000000e+00 0.000000e+00 0.000000e+00 	 0.000000e+00 0.000000e+00 0.000000e+00 	 0.000000e+00 0.000000e+00 0.000000e+00 	 0
13.750000 	 0.000000e+00 0.000000e+00 0.000000e+00 	 0.000000e+00 0.000000e+00 0.000000e+00 	 0.000000e+00 0.000000e+00 0.000000e+00 	 0
14.250000 	 0.000000e+00 0.000000e+00 0.000000e+00 	 0.000000e+00 0.000000e+00 0.000000e+00 	 0.000000e+00 0.000000e+00 0.000000e+00 	 0
14.750000 	 0.000000e+00 0.000000e+00 0.000000e+00 	 0.000000e+00 0.000000e+00 0.000000e+00 	 0.000000e+00 0.000000e+00 0.000000e+00 	 0
