0.500000 -8.204836e-08 -9.206815e-08 1.899298e-07
1.500000 1.126323e-07 8.712323e-08 -1.854387e-07
2.500000 -1.462259e-07 -9.145788e-08 1.862927e-07
3.500000 1.718283e-07 8.762618e-08 -1.890530e-07
4.500000 -2.062015e-07 -9.032010e-08 1.869375e-07
5.500000 2.360437e-07 8.395818e-08 -1.882236e-07
6.500000 -2.688944e-07 -8.675397e-08 1.897070e-07
7.500000 2.934889e-07 8.217648e-08 -1.919871e-07
8.500000 -3.310033e-07 -8.445932e-08 1.940334e-07
9.500000 3.593750e-07 7.699600e-08 -1.930894e-07
10.500000 -3.888558e-07 -7.675044e-08 1.958306e-07
11.500000 4.188287e-07 7.076869e-08 -1.976687e-07
12.500000 -4.495878e-07 -7.250583e-08 1.968619e-07
13.500000 4.845278e-07 6.422579e-08 -2.033248e-07
14.500000 -5.100646e-07 -6.372466e-08 2.006364e-07
15.500000 5.476013e-07 5.162656e-08 -2.093357e-07
16.500000 -5.720294e-07 -4.950016e-08 2.067927e-07
17.500000 6.044593e-07 3.841888e-08 -2.136167e-07
18.500000 -6.340852e-07 -2.815614e-08 2.157994e-07
19.500000 6.611153e-07 2.204797e-08 -2.182114e-07
20.500000 -6.861228e-07 -1.004810e-08 2.248125e-07
21.500000 7.103881e-07 -7.500603e-09 -2.308534e-07
22.500000 -7.307899e-07 3.137939e-08 2.448742e-07
23.500000 7.499730e-07 -5.385482e-08 -2.495599e-07
24.500000 -7.536219e-07 8.558254e-08 2.681345e-07
25.500000 7.544404e-07 -1.293465e-07 -2.833822e-07
26.500000 -7.341496e-07 1.834478e-07 3.145788e-07
27.500000 6.903138e-07 -2.642046e-07 -3.340410e-07
28.500000 -5.997972e-07 3.803889e-07 3.934838e-07
29.500000 4.495341e-07 -5.660413e-07 -4.700514e-07
30.500000 -1.532389e-07 8.873312e-07 6.164400e-07
31.500000 -4.510184e-07 -1.535503e-06 -9.060559e-07
32.500000 2.320310e-06 3.484579e-06 1.828816e-06
33.500000 -1.023118e-05 -1.327965e-05 -4.208667e-06
34.500000 1.130895e-06 7.103699e-06 -1.920514e-05
35.500000 3.613764e-06 5.505852e-05 -2.131128e-06
36.500000 -8.425875e-06 7.082137e-06 -1.921923e-05
37.500000 1.755406e-05 -1.316315e-05 -4.188189e-06
38.500000 -9.673255e-06 2.537793e-06 1.461245e-06
39.500000 1.066542e-05 1.838453e-06 8.339775e-07
40.500000 4.024423e-07 7.703900e-06 5.666741e-06
41.500000 1.274433e-05 -7.144961e-06 3.962996e-06
42.500000 -2.292433e-05 -2.064509e-06 1.554436e-07
43.500000 -3.998124e-06 1.303706e-06 -4.507368e-06
44.500000 1.059950e-05 6.539412e-06 -6.428018e-07
45.500000 -2.640591e-06 9.737734e-06 5.004695e-06
46.500000 -1.827435e-05 1.915693e-05 5.388516e-06
47.500000 1.232506e-05 1.231662e-05 2.050656e-06
48.500000 -1.016736e-05 1.144700e-05 2.885616e-06
49.500000 -6.479473e-06 1.801527e-08 -8.253075e-06
50.500000 4.354556e-05 9.910233e-06 5.426293e-06
51.500000 2.086836e-05 1.099199e-05 8.990653e-06
52.500000 -3.330054e-05 3.580659e-06 -3.800029e-06
53.500000 -1.156090e-05 7.565308e-06 -9.494626e-06
54.500000 4.795525e-06 2.639095e-05 1.143548e-06
55.500000 -2.123415e-05 2.568730e-05 -1.225132e-05
56.500000 2.208864e-05 -1.057570e-05 -1.770561e-06
57.500000 2.282410e-05 -1.003538e-05 6.976014e-06
58.500000 -2.432527e-05 4.270187e-06 -1.726061e-06
59.500000 -2.057859e-05 -4.148475e-06 -7.868435e-06
60.500000 2.340181e-05 -1.572052e-05 4.238100e-06
61.500000 -4.420013e-06 -1.607236e-05 5.586597e-06
62.500000 -1.827136e-05 -3.447261e-06 -9.792711e-07
63.500000 8.573785e-06 1.199229e-05 -3.736131e-06
64.500000 2.501498e-05 -7.241382e-06 -3.226305e-06
65.500000 -9.824405e-06 -1.231700e-05 4.522793e-06
66.500000 -1.335051e-05 3.161931e-06 1.068530e-05
67.500000 -4.421978e-06 -5.020236e-06 3.710185e-06
68.500000 1.705752e-05 -1.545844e-05 -1.230574e-05
69.500000 1.480021e-05 -1.178021e-05 -2.301240e-06
70.500000 -1.022467e-05 -7.401497e-06 6.075599e-06
71.500000 -1.923894e-05 6.619608e-06 9.147843e-07
72.500000 -3.060821e-06 6.591785e-06 -5.916692e-06
73.500000 -1.294131e-06 3.216439e-06 -1.349440e-05
74.500000 -1.306413e-06 -9.883195e-06 -1.126705e-05
75.500000 1.001789e-05 -2.026238e-05 9.269803e-06
76.500000 1.294084e-05 -7.793773e-06 3.303270e-06
77.500000 -2.909591e-05 8.178758e-07 -1.683569e-06
78.500000 -8.838251e-06 -4.733680e-06 1.051271e-05
79.500000 4.149809e-05 -1.087552e-05 1.841291e-05
80.500000 2.178169e-05 -1.741003e-05 -1.630371e-06
81.500000 -7.691604e-06 -8.828309e-06 -9.781448e-06
82.500000 -2.280798e-05 7.215305e-06 -2.233195e-06
83.500000 -2.448484e-05 8.872794e-07 7.578841e-06
84.500000 2.287698e-05 -1.169910e-05 -1.524415e-06
85.500000 1.699515e-05 -9.883923e-06 -7.227252e-06
86.500000 -1.028112e-05 2.339657e-06 -3.497233e-06
87.500000 -8.450195e-06 1.017591e-05 -5.461334e-07
88.500000 2.567132e-06 -2.560555e-07 -2.745692e-07
89.500000 -1.905952e-06 1.418549e-06 -1.469420e-06
90.500000 1.079985e-06 -4.064786e-07 4.262583e-07
91.500000 -1.793960e-06 2.704028e-07 -2.254164e-07
92.500000 1.737935e-06 -2.380875e-07 2.059569e-07
93.500000 -1.556677e-06 1.973740e-07 -1.907756e-07
94.500000 1.411798e-06 -1.736234e-07 1.812514e-07
95.500000 -1.293272e-06 1.519784e-07 -1.733351e-07
96.500000 1.190019e-06 -1.360886e-07 1.752232e-07
97.500000 -1.102628e-06 1.229100e-07 -1.660428e-07
98.500000 1.021770e-06 -1.104263e-07 1.648896e-07
99.500000 -9.496107e-07 9.398173e-08 -1.635999e-07
100.500000 8.791067e-07 -6.631944e-08 1.563103e-07
101.500000 -8.180104e-07 3.426612e-08 -1.468898e-07
102.500000 7.424424e-07 2.754132e-08 1.231256e-07
103.500000 -6.965893e-07 -2.197448e-07 -6.063146e-08
104.500000 9.735340e-07 1.224286e-06 -2.207216e-07
105.500000 -1.930561e-06 -3.205488e-06 3.278474e-07
106.500000 6.104292e-07 -7.285271e-06 2.212329e-06
107.500000 6.986593e-07 -3.213503e-06 3.269643e-07
108.500000 2.658217e-07 1.230970e-06 -2.160805e-07
109.500000 -5.484471e-07 -2.366933e-07 -5.691527e-08
110.500000 5.070015e-07 4.599133e-08 1.338421e-07
111.500000 -4.608082e-07 1.620992e-08 -1.448916e-07
112.500000 4.108097e-07 -3.962850e-08 1.716026e-07
113.500000 -3.672976e-07 4.931462e-08 -1.656745e-07
114.500000 3.195164e-07 -5.032598e-08 1.882199e-07
115.500000 -2.590568e-07 2.381148e-08 -1.914577e-07
116.500000 1.241870e-07 1.515136e-07 2.442512e-07
117.500000 -4.285994e-08 -5.451193e-07 -7.443214e-08
118.500000 2.161260e-07 -1.495968e-06 -1.151830e-07
119.500000 -3.867917e-07 -5.371057e-07 -7.485323e-08
120.500000 3.119048e-07 1.427943e-07 2.492025e-07
121.500000 -1.806056e-07 3.643072e-08 -1.991220e-07
122.500000 1.261324e-07 -7.024119e-08 1.993030e-07
123.500000 -8.210918e-08 8.071584e-08 -1.855760e-07
124.500000 4.812955e-08 -8.645384e-08 1.916123e-07
125.500000 -1.217268e-08 8.518418e-08 -1.828048e-07
126.500000 -1.657190e-08 -9.043652e-08 1.932976e-07
127.500000 5.241600e-08 9.102587e-08 -1.808894e-07
