# 1  2-4    5-7    8-10   11     
# x  dirEF  recEF  sumEF  #Sample
0.250000 	 0.000000e+00 0.000000e+00 0.000000e+00 	 0.000000e+00 0.000000e+00 0.000000e+00 	 0.000000e+00 0.000000e+00 0.000000e+00 	 0
0.750000 	 0.000000e+00 0.000000e+00 0.000000e+00 	 0.000000e+00 0.000000e+00 0.000000e+00 	 0.000000e+00 0.000000e+00 0.000000e+00 	 0
1.250000 	 0.000000e+00 0.000000e+00 0.000000e+00 	 0.000000e+00 0.000000e+00 0.000000e+00 	 0.000000e+00 0.000000e+00 0.000000e+00 	 0
1.750000 	 0.000000e+00 0.000000e+00 0.000000e+00 	 0.000000e+00 0.000000e+00 0.000000e+00 	 0.000000e+00 0.000000e+00 0.000000e+00 	 0
2.250000 	 0.000000e+00 0.000000e+00 0.000000e+00 	 0.000000e+00 0.000000e+00 0.000000e+00 	 0.000000e+00 0.000000e+00 0.000000e+00 	 0
2.750000 	 0.000000e+00 0.000000e+00 0.000000e+00 	 0.000000e+00 0.000000e+00 0.000000e+00 	 0.000000e+00 0.000000e+00 0.000000e+00 	 0
3.250000 	 -7.100931e-07 2.732202e-07 -6.517750e-07 	 -9.155613e-07 -9.293967e-07 -4.119013e-06 	 -1.625654e-06 -6.561766e-07 -4.770788e-06 	 18
3.750000 	 1.156198e-06 4.873974e-08 -1.538850e-07 	 4.476500e-07 1.205006e-06 -8.000588e-07 	 1.603848e-06 1.253746e-06 -9.539438e-07 	 582
4.250000 	 8.943687e-08 -1.859290e-07 8.324404e-07 	 2.295279e-08 3.136989e-07 -6.394638e-08 	 1.123897e-07 1.277698e-07 7.684940e-07 	 898
4.750000 	 8.459704e-07 -1.624853e-06 -2.168626e-07 	 3.481393e-08 -6.356547e-07 -9.488014e-07 	 8.807844e-07 -2.260508e-06 -1.165664e-06 	 894
5.250000 	 -1.106474e-07 -1.263381e-06 -1.421535e-07 	 3.615785e-07 -2.619126e-07 -5.075948e-07 	 2.509311e-07 -1.525294e-06 -6.497483e-07 	 878
5.750000 	 -8.574764e-07 1.201636e-06 -4.441683e-07 	 -7.608103e-07 -6.549207e-07 -1.004939e-06 	 -1.618287e-06 5.467150e-07 -1.449107e-06 	 909
6.250000 	 2.269060e-06 5.010420e-07 2.460110e-07 	 1.794241e-08 5.588572e-07 -7.616348e-07 	 2.287002e-06 1.059899e-06 -5.156238e-07 	 905
6.750000 	 4.056438e-08 5.384549e-07 2.974981e-07 	 4.229610e-07 6.544194e-07 6.930023e-07 	 4.635254e-07 1.192874e-06 9.905004e-07 	 934
7.250000 	 -1.318424e-06 3.398117e-07 -2.796960e-07 	 -4.339332e-07 -7.491048e-09 -1.313820e-06 	 -1.752358e-06 3.323207e-07 -1.593516e-06 	 908
7.750000 	 -1.078087e-06 -3.507370e-07 -3.321600e-07 	 6.496057e-07 8.941282e-07 -1.208815e-07 	 -4.284808e-07 5.433912e-07 -4.530415e-07 	 917
8.250000 	 5.943318e-07 -6.851949e-07 -3.164884e-07 	 -5.957087e-08 3.410974e-07 1.952401e-07 	 5.347609e-07 -3.440975e-07 -1.212483e-07 	 900
8.750000 	 7.825679e-07 -9.726094e-07 -1.107583e-06 	 -9.403380e-08 6.196107e-07 -5.809780e-07 	 6.885340e-07 -3.529987e-07 -1.688561e-06 	 903
9.250000 	 2.378634e-06 -2.985744e-07 7.928050e-07 	 2.678354e-07 3.814275e-07 2.750054e-07 	 2.646470e-06 8.285313e-08 1.067810e-06 	 925
9.750000 	 -2.424139e-06 6.402818e-07 -1.635184e-06 	 8.833021e-08 8.456764e-07 -3.075490e-07 	 -2.335809e-06 1.485958e-06 -1.942733e-06 	 902
10.250000 	 -7.623315e-07 -6.353185e-07 -5.351540e-08 	 -3.161204e-08 1.429627e-07 1.428687e-07 	 -7.939436e-07 -4.923558e-07 8.935331e-08 	 923
10.750000 	 -6.555481e-07 -1.052058e-06 2.023703e-06 	 1.868209e-07 -2.147262e-08 4.049669e-07 	 -4.687272e-07 -1.073531e-06 2.428670e-06 	 871
11.250000 	 1.901792e-07 1.282386e-06 -1.186246e-07 	 -7.558912e-07 -1.530725e-06 -1.182560e-07 	 -5.657120e-07 -2.483386e-07 -2.368806e-07 	 536
11.750000 	 1.666847e-06 3.757908e-06 7.934152e-06 	 4.136859e-06 -2.350959e-06 5.759092e-07 	 5.803706e-06 1.406949e-06 8.510061e-06 	 21
12.250000 	 0.000000e+00 0.000000e+00 0.000000e+00 	 0.000000e+00 0.000000e+00 0.000000e+00 	 0.000000e+00 0.000000e+00 0.000000e+00 	 0
12.750000 	 0.000000e+00 0.000000e+00 0.000000e+00 	 0.000000e+00 0.000000e+00 0.000000e+00 	 0.000000e+00 0.000000e+00 0.000000e+00 	 0
13.250000 	 0.000000e+00 0.000000e+00 0.000000e+00 	 0.000000e+00 0.000000e+00 0.000000e+00 	 0.000000e+00 0.000000e+00 0.000000e+00 	 0
13.750000 	 0.000000e+00 0.000000e+00 0.000000e+00 	 0.000000e+00 0.000000e+00 0.000000e+00 	 0.000000e+00 0.000000e+00 0.000000e+00 	 0
14.250000 	 0.000000e+00 0.000000e+00 0.000000e+00 	 0.000000e+00 0.000000e+00 0.000000e+00 	 0.000000e+00 0.000000e+00 0.000000e+00 	 0
14.750000 	 0.000000e+00 0.000000e+00 0.000000e+00 	 0.000000e+00 0.000000e+00 0.000000e+00 	 0.000000e+00 0.000000e+00 0.000000e+00 	 0
