# 1  2-4    5-7    8-10   11     
# x  dirEF  recEF  sumEF  #Sample
0.250000 	 0.000000e+00 0.000000e+00 0.000000e+00 	 0.000000e+00 0.000000e+00 0.000000e+00 	 0.000000e+00 0.000000e+00 0.000000e+00 	 0
0.750000 	 0.000000e+00 0.000000e+00 0.000000e+00 	 0.000000e+00 0.000000e+00 0.000000e+00 	 0.000000e+00 0.000000e+00 0.000000e+00 	 0
1.250000 	 0.000000e+00 0.000000e+00 0.000000e+00 	 0.000000e+00 0.000000e+00 0.000000e+00 	 0.000000e+00 0.000000e+00 0.000000e+00 	 0
1.750000 	 0.000000e+00 0.000000e+00 0.000000e+00 	 0.000000e+00 0.000000e+00 0.000000e+00 	 0.000000e+00 0.000000e+00 0.000000e+00 	 0
2.250000 	 0.000000e+00 0.000000e+00 0.000000e+00 	 0.000000e+00 0.000000e+00 0.000000e+00 	 0.000000e+00 0.000000e+00 0.000000e+00 	 0
2.750000 	 0.000000e+00 0.000000e+00 0.000000e+00 	 0.000000e+00 0.000000e+00 0.000000e+00 	 0.000000e+00 0.000000e+00 0.000000e+00 	 0
3.250000 	 -9.596010e-06 3.402247e-06 -5.025007e-06 	 -3.449692e-06 -1.143826e-06 3.460498e-06 	 -1.304570e-05 2.258420e-06 -1.564509e-06 	 20
3.750000 	 -9.571263e-07 1.137931e-06 -1.151632e-06 	 1.489859e-06 3.584352e-08 -1.215827e-07 	 5.327325e-07 1.173774e-06 -1.273214e-06 	 600
4.250000 	 -4.889419e-07 7.086688e-08 9.476495e-08 	 -4.611233e-07 -4.436006e-08 1.364791e-07 	 -9.500652e-07 2.650682e-08 2.312440e-07 	 912
4.750000 	 -2.063209e-06 -1.082540e-06 -2.171707e-07 	 6.867722e-08 3.144847e-08 6.055134e-08 	 -1.994531e-06 -1.051091e-06 -1.566194e-07 	 894
5.250000 	 1.622330e-06 7.049119e-07 5.740540e-07 	 -1.676085e-08 -4.448376e-08 1.210410e-07 	 1.605569e-06 6.604281e-07 6.950950e-07 	 887
5.750000 	 1.272923e-06 -3.937159e-07 9.206604e-07 	 -3.210980e-07 -2.526669e-08 -2.008674e-08 	 9.518246e-07 -4.189826e-07 9.005736e-07 	 920
6.250000 	 -9.091219e-08 1.528546e-06 -4.733065e-07 	 6.828908e-07 5.007911e-08 4.989086e-08 	 5.919786e-07 1.578625e-06 -4.234157e-07 	 888
6.750000 	 -8.876710e-07 -1.770154e-06 -9.345669e-07 	 -5.614579e-07 -1.485961e-08 2.637076e-09 	 -1.449129e-06 -1.785013e-06 -9.319298e-07 	 922
7.250000 	 -1.970295e-08 -1.522562e-06 1.144860e-06 	 3.697186e-07 -1.023720e-07 -2.074084e-07 	 3.500157e-07 -1.624934e-06 9.374512e-07 	 883
7.750000 	 4.647949e-07 2.247607e-07 3.733850e-07 	 9.019917e-08 1.360848e-07 2.416873e-07 	 5.549941e-07 3.608454e-07 6.150723e-07 	 907
8.250000 	 -1.819391e-06 8.061725e-07 -1.068975e-06 	 -2.917499e-08 -4.604172e-09 -1.590008e-07 	 -1.848566e-06 8.015683e-07 -1.227976e-06 	 891
8.750000 	 -2.734855e-07 7.631965e-07 -2.580985e-07 	 -5.351218e-08 -1.881132e-07 4.904905e-08 	 -3.269977e-07 5.750833e-07 -2.090494e-07 	 918
9.250000 	 9.189166e-07 -1.367695e-06 1.679551e-07 	 1.542907e-07 2.846905e-08 5.775877e-08 	 1.073207e-06 -1.339226e-06 2.257139e-07 	 885
9.750000 	 2.499205e-07 -2.717087e-06 -1.282383e-07 	 -9.510177e-08 6.146098e-08 6.447224e-08 	 1.548188e-07 -2.655626e-06 -6.376608e-08 	 921
10.250000 	 -2.233794e-06 5.234554e-07 2.686136e-06 	 1.855383e-07 3.137282e-08 3.315517e-08 	 -2.048256e-06 5.548283e-07 2.719291e-06 	 890
10.750000 	 8.378389e-07 1.451755e-06 -1.819554e-06 	 -3.003773e-08 -5.011659e-08 -1.463838e-08 	 8.078012e-07 1.401639e-06 -1.834193e-06 	 884
11.250000 	 -6.491817e-08 -4.505366e-07 2.113345e-06 	 -1.072504e-06 -1.559189e-08 -1.295872e-07 	 -1.137423e-06 -4.661285e-07 1.983758e-06 	 567
11.750000 	 6.592654e-06 -3.532624e-06 2.104950e-06 	 2.904967e-06 -1.382396e-06 -3.882276e-07 	 9.497622e-06 -4.915020e-06 1.716723e-06 	 35
12.250000 	 0.000000e+00 0.000000e+00 0.000000e+00 	 0.000000e+00 0.000000e+00 0.000000e+00 	 0.000000e+00 0.000000e+00 0.000000e+00 	 0
12.750000 	 0.000000e+00 0.000000e+00 0.000000e+00 	 0.000000e+00 0.000000e+00 0.000000e+00 	 0.000000e+00 0.000000e+00 0.000000e+00 	 0
13.250000 	 0.000000e+00 0.000000e+00 0.000000e+00 	 0.000000e+00 0.000000e+00 0.000000e+00 	 0.000000e+00 0.000000e+00 0.000000e+00 	 0
13.750000 	 0.000000e+00 0.000000e+00 0.000000e+00 	 0.000000e+00 0.000000e+00 0.000000e+00 	 0.000000e+00 0.000000e+00 0.000000e+00 	 0
14.250000 	 0.000000e+00 0.000000e+00 0.000000e+00 	 0.000000e+00 0.000000e+00 0.000000e+00 	 0.000000e+00 0.000000e+00 0.000000e+00 	 0
14.750000 	 0.000000e+00 0.000000e+00 0.000000e+00 	 0.000000e+00 0.000000e+00 0.000000e+00 	 0.000000e+00 0.000000e+00 0.000000e+00 	 0
