# 1  2-4    5-7    8-10   11     
# x  dirEF  recEF  sumEF  #Sample
0.250000 	 0.000000e+00 0.000000e+00 0.000000e+00 	 0.000000e+00 0.000000e+00 0.000000e+00 	 0.000000e+00 0.000000e+00 0.000000e+00 	 0
0.750000 	 0.000000e+00 0.000000e+00 0.000000e+00 	 0.000000e+00 0.000000e+00 0.000000e+00 	 0.000000e+00 0.000000e+00 0.000000e+00 	 0
1.250000 	 0.000000e+00 0.000000e+00 0.000000e+00 	 0.000000e+00 0.000000e+00 0.000000e+00 	 0.000000e+00 0.000000e+00 0.000000e+00 	 0
1.750000 	 0.000000e+00 0.000000e+00 0.000000e+00 	 0.000000e+00 0.000000e+00 0.000000e+00 	 0.000000e+00 0.000000e+00 0.000000e+00 	 0
2.250000 	 0.000000e+00 0.000000e+00 0.000000e+00 	 0.000000e+00 0.000000e+00 0.000000e+00 	 0.000000e+00 0.000000e+00 0.000000e+00 	 0
2.750000 	 0.000000e+00 0.000000e+00 0.000000e+00 	 0.000000e+00 0.000000e+00 0.000000e+00 	 0.000000e+00 0.000000e+00 0.000000e+00 	 0
3.250000 	 -6.763349e-06 7.184355e-06 -2.882620e-06 	 -1.422649e-05 3.237509e-07 -2.639822e-06 	 -2.098984e-05 7.508105e-06 -5.522442e-06 	 26
3.750000 	 -2.181548e-07 9.461271e-07 -1.258123e-06 	 3.890729e-06 -1.099329e-06 -1.318748e-07 	 3.672574e-06 -1.532020e-07 -1.389997e-06 	 559
4.250000 	 3.581051e-07 2.008383e-07 -9.737505e-07 	 7.144670e-07 3.392474e-07 -4.840692e-07 	 1.072572e-06 5.400857e-07 -1.457820e-06 	 899
4.750000 	 1.341829e-06 1.531831e-06 4.348617e-07 	 -2.324667e-06 2.905225e-07 2.531891e-07 	 -9.828383e-07 1.822353e-06 6.880507e-07 	 927
5.250000 	 -1.891036e-06 -6.844625e-08 2.047936e-06 	 1.118796e-06 1.010401e-06 -1.839187e-07 	 -7.722392e-07 9.419545e-07 1.864017e-06 	 901
5.750000 	 -1.200816e-06 -3.328799e-07 5.124051e-07 	 -1.768555e-06 4.608065e-07 7.589530e-07 	 -2.969371e-06 1.279266e-07 1.271358e-06 	 902
6.250000 	 -1.389327e-08 -2.713339e-07 -2.519838e-06 	 2.765850e-06 6.683721e-07 -9.690496e-07 	 2.751956e-06 3.970383e-07 -3.488888e-06 	 905
6.750000 	 6.678738e-07 3.026846e-07 2.652408e-07 	 -4.694014e-06 4.152323e-07 -1.388508e-06 	 -4.026140e-06 7.179169e-07 -1.123267e-06 	 915
7.250000 	 1.802919e-06 -1.098731e-06 2.017272e-07 	 4.001207e-06 4.298486e-07 -4.297599e-08 	 5.804126e-06 -6.688819e-07 1.587512e-07 	 898
7.750000 	 -7.909216e-08 1.686055e-06 -1.151910e-06 	 -2.918804e-06 -1.327028e-06 -6.497149e-08 	 -2.997896e-06 3.590274e-07 -1.216881e-06 	 883
8.250000 	 9.105833e-07 -1.010718e-06 1.091869e-06 	 -9.710896e-07 1.766100e-07 -2.534514e-07 	 -6.050628e-08 -8.341081e-07 8.384177e-07 	 912
8.750000 	 1.915214e-06 -1.243795e-07 -8.543025e-07 	 2.720161e-06 2.906533e-07 -1.453326e-06 	 4.635375e-06 1.662738e-07 -2.307629e-06 	 910
9.250000 	 1.082755e-06 1.586991e-06 -4.052742e-07 	 -1.604649e-07 1.465965e-07 -6.050913e-07 	 9.222903e-07 1.733588e-06 -1.010365e-06 	 925
9.750000 	 -4.699253e-07 -1.123541e-06 1.281522e-06 	 -1.415335e-06 4.812411e-07 1.108524e-06 	 -1.885261e-06 -6.423004e-07 2.390046e-06 	 899
10.250000 	 -2.624119e-06 -4.611978e-07 -6.895564e-08 	 1.024107e-06 -5.497427e-07 -4.932400e-07 	 -1.600011e-06 -1.010940e-06 -5.621956e-07 	 907
10.750000 	 1.313491e-06 2.159195e-08 -1.514174e-06 	 1.136591e-06 -4.918660e-07 9.197451e-08 	 2.450082e-06 -4.702740e-07 -1.422200e-06 	 886
11.250000 	 1.846492e-06 -3.311421e-07 -3.659719e-07 	 -2.054269e-06 -6.072843e-07 4.536075e-07 	 -2.077778e-07 -9.384264e-07 8.763561e-08 	 551
11.750000 	 2.642334e-06 -2.054031e-06 2.210146e-06 	 -2.755228e-06 -3.655428e-06 -3.297037e-06 	 -1.128948e-07 -5.709458e-06 -1.086890e-06 	 19
12.250000 	 0.000000e+00 0.000000e+00 0.000000e+00 	 0.000000e+00 0.000000e+00 0.000000e+00 	 0.000000e+00 0.000000e+00 0.000000e+00 	 0
12.750000 	 0.000000e+00 0.000000e+00 0.000000e+00 	 0.000000e+00 0.000000e+00 0.000000e+00 	 0.000000e+00 0.000000e+00 0.000000e+00 	 0
13.250000 	 0.000000e+00 0.000000e+00 0.000000e+00 	 0.000000e+00 0.000000e+00 0.000000e+00 	 0.000000e+00 0.000000e+00 0.000000e+00 	 0
13.750000 	 0.000000e+00 0.000000e+00 0.000000e+00 	 0.000000e+00 0.000000e+00 0.000000e+00 	 0.000000e+00 0.000000e+00 0.000000e+00 	 0
14.250000 	 0.000000e+00 0.000000e+00 0.000000e+00 	 0.000000e+00 0.000000e+00 0.000000e+00 	 0.000000e+00 0.000000e+00 0.000000e+00 	 0
14.750000 	 0.000000e+00 0.000000e+00 0.000000e+00 	 0.000000e+00 0.000000e+00 0.000000e+00 	 0.000000e+00 0.000000e+00 0.000000e+00 	 0
