# 1  2-4    5-7    8-10   11     
# x  dirEF  recEF  sumEF  #Sample
0.250000 	 0.000000e+00 0.000000e+00 0.000000e+00 	 0.000000e+00 0.000000e+00 0.000000e+00 	 0.000000e+00 0.000000e+00 0.000000e+00 	 0
0.750000 	 0.000000e+00 0.000000e+00 0.000000e+00 	 0.000000e+00 0.000000e+00 0.000000e+00 	 0.000000e+00 0.000000e+00 0.000000e+00 	 0
1.250000 	 0.000000e+00 0.000000e+00 0.000000e+00 	 0.000000e+00 0.000000e+00 0.000000e+00 	 0.000000e+00 0.000000e+00 0.000000e+00 	 0
1.750000 	 0.000000e+00 0.000000e+00 0.000000e+00 	 0.000000e+00 0.000000e+00 0.000000e+00 	 0.000000e+00 0.000000e+00 0.000000e+00 	 0
2.250000 	 0.000000e+00 0.000000e+00 0.000000e+00 	 0.000000e+00 0.000000e+00 0.000000e+00 	 0.000000e+00 0.000000e+00 0.000000e+00 	 0
2.750000 	 0.000000e+00 0.000000e+00 0.000000e+00 	 0.000000e+00 0.000000e+00 0.000000e+00 	 0.000000e+00 0.000000e+00 0.000000e+00 	 0
3.250000 	 3.774286e-07 2.785850e-06 -2.521276e-06 	 -3.947148e-06 4.761626e-07 -6.136078e-06 	 -3.569719e-06 3.262012e-06 -8.657354e-06 	 44
3.750000 	 -8.511894e-07 3.952264e-07 9.541718e-07 	 4.493039e-06 6.513967e-07 1.683545e-06 	 3.641850e-06 1.046623e-06 2.637716e-06 	 579
4.250000 	 -1.536559e-07 4.573025e-07 -1.063636e-06 	 -2.988229e-06 -1.481254e-07 -8.437776e-07 	 -3.141885e-06 3.091771e-07 -1.907414e-06 	 882
4.750000 	 1.499381e-07 -2.394315e-06 2.900521e-07 	 7.836533e-07 2.512082e-07 -5.520986e-07 	 9.335914e-07 -2.143107e-06 -2.620465e-07 	 903
5.250000 	 3.014034e-06 1.463278e-06 -1.363106e-07 	 -9.956607e-07 4.259724e-07 3.905508e-07 	 2.018374e-06 1.889251e-06 2.542402e-07 	 910
5.750000 	 -3.919439e-07 8.547968e-07 7.918238e-07 	 -2.967080e-07 -4.673262e-07 4.599431e-07 	 -6.886519e-07 3.874706e-07 1.251767e-06 	 906
6.250000 	 1.410424e-07 -1.712696e-06 -1.363432e-06 	 1.750541e-06 -1.565607e-06 -4.053849e-08 	 1.891584e-06 -3.278303e-06 -1.403971e-06 	 924
6.750000 	 1.444439e-06 2.871455e-07 6.541686e-07 	 -1.443478e-08 -3.377599e-07 -3.995378e-07 	 1.430004e-06 -5.061442e-08 2.546308e-07 	 899
7.250000 	 -9.286157e-07 5.072244e-07 7.949677e-07 	 -2.077797e-06 -8.933280e-07 1.345132e-06 	 -3.006412e-06 -3.861036e-07 2.140099e-06 	 909
7.750000 	 -2.072001e-08 -4.236271e-07 -3.370838e-07 	 1.279687e-06 1.253733e-06 -8.999214e-08 	 1.258967e-06 8.301057e-07 -4.270760e-07 	 904
8.250000 	 -2.117971e-06 1.281649e-06 -3.288159e-07 	 4.738731e-07 4.079859e-07 -2.686692e-07 	 -1.644097e-06 1.689634e-06 -5.974851e-07 	 881
8.750000 	 5.221453e-07 -3.596234e-07 -1.819665e-06 	 1.114666e-07 7.958799e-07 -2.248432e-07 	 6.336119e-07 4.362565e-07 -2.044508e-06 	 892
9.250000 	 -2.583265e-07 -1.697144e-06 9.562773e-08 	 2.672097e-06 -4.837947e-07 2.138009e-06 	 2.413771e-06 -2.180939e-06 2.233637e-06 	 896
9.750000 	 -7.205163e-07 -1.209094e-07 -1.503368e-06 	 -1.205757e-06 -1.528576e-06 4.769872e-08 	 -1.926274e-06 -1.649485e-06 -1.455669e-06 	 896
10.250000 	 1.662623e-06 8.777234e-07 1.549186e-06 	 -9.818257e-07 -1.128083e-06 9.942514e-07 	 6.807972e-07 -2.503599e-07 2.543438e-06 	 895
10.750000 	 1.186474e-07 -2.640874e-07 -1.656490e-06 	 2.585470e-06 -1.220256e-06 -1.440600e-06 	 2.704117e-06 -1.484344e-06 -3.097090e-06 	 907
11.250000 	 1.331570e-06 -1.252455e-06 -6.696434e-07 	 -3.234013e-06 -6.023770e-09 4.695537e-08 	 -1.902443e-06 -1.258479e-06 -6.226880e-07 	 523
11.750000 	 -6.165497e-07 -1.812966e-06 7.799121e-07 	 -4.368138e-06 -3.555994e-06 2.812400e-06 	 -4.984687e-06 -5.368960e-06 3.592312e-06 	 73
12.250000 	 -2.377745e-05 4.000662e-06 6.036849e-05 	 4.346802e-06 3.156623e-05 -6.195160e-06 	 -1.943065e-05 3.556690e-05 5.417333e-05 	 1
12.750000 	 0.000000e+00 0.000000e+00 0.000000e+00 	 0.000000e+00 0.000000e+00 0.000000e+00 	 0.000000e+00 0.000000e+00 0.000000e+00 	 0
13.250000 	 0.000000e+00 0.000000e+00 0.000000e+00 	 0.000000e+00 0.000000e+00 0.000000e+00 	 0.000000e+00 0.000000e+00 0.000000e+00 	 0
13.750000 	 0.000000e+00 0.000000e+00 0.000000e+00 	 0.000000e+00 0.000000e+00 0.000000e+00 	 0.000000e+00 0.000000e+00 0.000000e+00 	 0
14.250000 	 0.000000e+00 0.000000e+00 0.000000e+00 	 0.000000e+00 0.000000e+00 0.000000e+00 	 0.000000e+00 0.000000e+00 0.000000e+00 	 0
14.750000 	 0.000000e+00 0.000000e+00 0.000000e+00 	 0.000000e+00 0.000000e+00 0.000000e+00 	 0.000000e+00 0.000000e+00 0.000000e+00 	 0
