# 1  2-4    5-7    8-10   11     
# x  dirEF  recEF  sumEF  #Sample
0.250000 	 0.000000e+00 0.000000e+00 0.000000e+00 	 0.000000e+00 0.000000e+00 0.000000e+00 	 0.000000e+00 0.000000e+00 0.000000e+00 	 0
0.750000 	 0.000000e+00 0.000000e+00 0.000000e+00 	 0.000000e+00 0.000000e+00 0.000000e+00 	 0.000000e+00 0.000000e+00 0.000000e+00 	 0
1.250000 	 0.000000e+00 0.000000e+00 0.000000e+00 	 0.000000e+00 0.000000e+00 0.000000e+00 	 0.000000e+00 0.000000e+00 0.000000e+00 	 0
1.750000 	 0.000000e+00 0.000000e+00 0.000000e+00 	 0.000000e+00 0.000000e+00 0.000000e+00 	 0.000000e+00 0.000000e+00 0.000000e+00 	 0
2.250000 	 0.000000e+00 0.000000e+00 0.000000e+00 	 0.000000e+00 0.000000e+00 0.000000e+00 	 0.000000e+00 0.000000e+00 0.000000e+00 	 0
2.750000 	 0.000000e+00 0.000000e+00 0.000000e+00 	 0.000000e+00 0.000000e+00 0.000000e+00 	 0.000000e+00 0.000000e+00 0.000000e+00 	 0
3.250000 	 -1.900192e-06 -6.805564e-06 -5.071812e-06 	 -3.463454e-06 -5.819075e-07 -6.861695e-06 	 -5.363646e-06 -7.387472e-06 -1.193351e-05 	 21
3.750000 	 -4.795942e-07 -4.918660e-07 5.368158e-07 	 -7.961472e-07 -1.005855e-06 -1.041971e-06 	 -1.275741e-06 -1.497721e-06 -5.051547e-07 	 569
4.250000 	 1.032245e-06 -3.315324e-07 3.381458e-07 	 -1.817027e-06 3.132893e-06 -3.816753e-07 	 -7.847822e-07 2.801361e-06 -4.352953e-08 	 899
4.750000 	 -1.887405e-07 5.647259e-07 -1.661729e-06 	 -2.256618e-06 3.025994e-06 -5.760604e-07 	 -2.445359e-06 3.590720e-06 -2.237789e-06 	 904
5.250000 	 -2.073955e-06 -1.750427e-07 -8.388913e-07 	 -6.759383e-07 3.364314e-07 1.485514e-06 	 -2.749894e-06 1.613887e-07 6.466226e-07 	 906
5.750000 	 -1.216221e-06 7.917622e-07 1.012156e-06 	 4.569169e-06 -1.107006e-06 1.169692e-06 	 3.352948e-06 -3.152434e-07 2.181848e-06 	 906
6.250000 	 2.510558e-06 1.136500e-06 2.691352e-06 	 -1.122687e-06 -3.706920e-06 -2.931539e-06 	 1.387871e-06 -2.570419e-06 -2.401874e-07 	 905
6.750000 	 1.141265e-06 9.802842e-07 -2.578863e-06 	 -3.720991e-06 -2.106674e-06 1.445269e-06 	 -2.579725e-06 -1.126389e-06 -1.133594e-06 	 913
7.250000 	 1.334704e-06 2.043284e-07 8.037067e-07 	 -4.048624e-07 -2.363753e-06 2.388906e-07 	 9.298419e-07 -2.159425e-06 1.042597e-06 	 911
7.750000 	 -1.319926e-06 -9.227394e-07 1.602362e-06 	 -3.614343e-07 -2.548492e-06 1.496583e-07 	 -1.681361e-06 -3.471231e-06 1.752020e-06 	 907
8.250000 	 2.255628e-06 -3.606714e-07 -3.492973e-07 	 -8.936527e-08 1.705436e-06 -1.097104e-06 	 2.166263e-06 1.344765e-06 -1.446401e-06 	 901
8.750000 	 -6.086128e-07 1.069687e-06 -8.331158e-07 	 8.591784e-07 -5.779626e-07 -7.987603e-07 	 2.505656e-07 4.917248e-07 -1.631876e-06 	 909
9.250000 	 -9.324450e-08 1.606861e-06 9.006868e-07 	 -6.289926e-07 3.623046e-07 1.260586e-06 	 -7.222371e-07 1.969166e-06 2.161273e-06 	 905
9.750000 	 -2.015852e-06 -2.484569e-07 -1.992707e-06 	 1.647279e-06 2.819307e-06 -2.319001e-06 	 -3.685733e-07 2.570850e-06 -4.311708e-06 	 900
10.250000 	 -2.603726e-06 -9.247936e-07 1.746620e-07 	 -5.044821e-07 -2.491580e-06 -1.537823e-06 	 -3.108208e-06 -3.416373e-06 -1.363161e-06 	 913
10.750000 	 5.155433e-07 4.515701e-07 -1.036164e-06 	 -1.867742e-06 2.169127e-06 1.334097e-06 	 -1.352199e-06 2.620697e-06 2.979333e-07 	 872
11.250000 	 -4.998111e-07 -2.907394e-08 6.702385e-07 	 -3.919470e-06 3.845898e-07 -8.524856e-07 	 -4.419281e-06 3.555158e-07 -1.822471e-07 	 559
11.750000 	 5.272011e-06 1.663813e-06 -4.324527e-07 	 1.020186e-05 4.672648e-06 1.059125e-05 	 1.547387e-05 6.336461e-06 1.015880e-05 	 24
12.250000 	 0.000000e+00 0.000000e+00 0.000000e+00 	 0.000000e+00 0.000000e+00 0.000000e+00 	 0.000000e+00 0.000000e+00 0.000000e+00 	 0
12.750000 	 0.000000e+00 0.000000e+00 0.000000e+00 	 0.000000e+00 0.000000e+00 0.000000e+00 	 0.000000e+00 0.000000e+00 0.000000e+00 	 0
13.250000 	 0.000000e+00 0.000000e+00 0.000000e+00 	 0.000000e+00 0.000000e+00 0.000000e+00 	 0.000000e+00 0.000000e+00 0.000000e+00 	 0
13.750000 	 0.000000e+00 0.000000e+00 0.000000e+00 	 0.000000e+00 0.000000e+00 0.000000e+00 	 0.000000e+00 0.000000e+00 0.000000e+00 	 0
14.250000 	 0.000000e+00 0.000000e+00 0.000000e+00 	 0.000000e+00 0.000000e+00 0.000000e+00 	 0.000000e+00 0.000000e+00 0.000000e+00 	 0
14.750000 	 0.000000e+00 0.000000e+00 0.000000e+00 	 0.000000e+00 0.000000e+00 0.000000e+00 	 0.000000e+00 0.000000e+00 0.000000e+00 	 0
