# 1  2-4    5-7    8-10   11     
# x  dirEF  recEF  sumEF  #Sample
0.250000 	 0.000000e+00 0.000000e+00 0.000000e+00 	 0.000000e+00 0.000000e+00 0.000000e+00 	 0.000000e+00 0.000000e+00 0.000000e+00 	 0
0.750000 	 0.000000e+00 0.000000e+00 0.000000e+00 	 0.000000e+00 0.000000e+00 0.000000e+00 	 0.000000e+00 0.000000e+00 0.000000e+00 	 0
1.250000 	 0.000000e+00 0.000000e+00 0.000000e+00 	 0.000000e+00 0.000000e+00 0.000000e+00 	 0.000000e+00 0.000000e+00 0.000000e+00 	 0
1.750000 	 0.000000e+00 0.000000e+00 0.000000e+00 	 0.000000e+00 0.000000e+00 0.000000e+00 	 0.000000e+00 0.000000e+00 0.000000e+00 	 0
2.250000 	 0.000000e+00 0.000000e+00 0.000000e+00 	 0.000000e+00 0.000000e+00 0.000000e+00 	 0.000000e+00 0.000000e+00 0.000000e+00 	 0
2.750000 	 0.000000e+00 0.000000e+00 0.000000e+00 	 0.000000e+00 0.000000e+00 0.000000e+00 	 0.000000e+00 0.000000e+00 0.000000e+00 	 0
3.250000 	 6.952002e-07 -2.514341e-06 6.752384e-06 	 6.455146e-14 -2.297001e-14 -1.646786e-13 	 6.952002e-07 -2.514341e-06 6.752384e-06 	 26
3.750000 	 -8.918534e-07 2.124821e-07 8.706508e-07 	 1.805731e-13 -8.623269e-14 -2.224567e-14 	 -8.918532e-07 2.124821e-07 8.706508e-07 	 565
4.250000 	 1.130873e-06 1.904676e-07 1.107900e-06 	 9.635545e-14 -2.534457e-15 -5.554350e-14 	 1.130873e-06 1.904676e-07 1.107900e-06 	 888
4.750000 	 -1.253033e-06 1.330971e-06 -1.177479e-06 	 1.081556e-14 3.673495e-14 8.619567e-14 	 -1.253033e-06 1.330971e-06 -1.177478e-06 	 906
5.250000 	 1.501090e-06 -1.043317e-07 -1.396642e-06 	 -7.144249e-14 3.953431e-14 3.598438e-14 	 1.501089e-06 -1.043317e-07 -1.396642e-06 	 921
5.750000 	 -1.001723e-06 -9.404938e-07 1.127498e-06 	 -1.031094e-14 5.020163e-14 -3.510411e-14 	 -1.001723e-06 -9.404938e-07 1.127498e-06 	 924
6.250000 	 -6.267027e-07 3.661530e-07 2.067592e-07 	 8.690294e-15 -3.439918e-14 -4.781389e-15 	 -6.267027e-07 3.661529e-07 2.067592e-07 	 902
6.750000 	 7.037945e-07 -1.110821e-07 2.430972e-07 	 -1.095466e-13 1.453799e-14 6.656185e-14 	 7.037944e-07 -1.110821e-07 2.430973e-07 	 893
7.250000 	 1.450667e-06 -4.516590e-07 -1.695953e-07 	 7.816719e-14 4.471823e-17 -3.541083e-14 	 1.450667e-06 -4.516590e-07 -1.695953e-07 	 892
7.750000 	 1.274424e-06 5.100214e-07 -1.427156e-06 	 2.265190e-14 5.813633e-16 -1.116579e-14 	 1.274424e-06 5.100214e-07 -1.427156e-06 	 905
8.250000 	 -2.026424e-07 1.592310e-07 1.381077e-06 	 2.062997e-14 2.179063e-14 1.069748e-14 	 -2.026424e-07 1.592310e-07 1.381077e-06 	 892
8.750000 	 -1.667840e-06 -3.890378e-07 -6.436116e-07 	 -6.151649e-15 -2.930463e-14 1.706584e-15 	 -1.667840e-06 -3.890378e-07 -6.436116e-07 	 933
9.250000 	 1.352890e-06 -1.529314e-07 5.482970e-07 	 -3.829891e-14 -1.450634e-14 2.297034e-14 	 1.352889e-06 -1.529314e-07 5.482970e-07 	 915
9.750000 	 -6.542739e-07 1.488650e-06 -1.710741e-06 	 7.856774e-15 -6.618568e-16 3.924365e-14 	 -6.542739e-07 1.488650e-06 -1.710741e-06 	 893
10.250000 	 -5.045183e-07 -4.591742e-07 -3.371072e-07 	 -1.892694e-14 -7.119354e-15 -1.661852e-14 	 -5.045183e-07 -4.591742e-07 -3.371072e-07 	 919
10.750000 	 -2.527635e-07 -8.276213e-07 -9.260268e-07 	 -5.992128e-14 -4.192766e-14 -3.793283e-14 	 -2.527635e-07 -8.276214e-07 -9.260268e-07 	 888
11.250000 	 -1.288280e-07 -1.159230e-07 1.885250e-06 	 -3.799633e-16 -3.780883e-14 5.845113e-14 	 -1.288280e-07 -1.159230e-07 1.885250e-06 	 540
11.750000 	 6.102159e-08 -8.424825e-06 3.332999e-06 	 1.004364e-12 8.972408e-14 1.982981e-13 	 6.102260e-08 -8.424825e-06 3.333000e-06 	 22
12.250000 	 0.000000e+00 0.000000e+00 0.000000e+00 	 0.000000e+00 0.000000e+00 0.000000e+00 	 0.000000e+00 0.000000e+00 0.000000e+00 	 0
12.750000 	 0.000000e+00 0.000000e+00 0.000000e+00 	 0.000000e+00 0.000000e+00 0.000000e+00 	 0.000000e+00 0.000000e+00 0.000000e+00 	 0
13.250000 	 0.000000e+00 0.000000e+00 0.000000e+00 	 0.000000e+00 0.000000e+00 0.000000e+00 	 0.000000e+00 0.000000e+00 0.000000e+00 	 0
13.750000 	 0.000000e+00 0.000000e+00 0.000000e+00 	 0.000000e+00 0.000000e+00 0.000000e+00 	 0.000000e+00 0.000000e+00 0.000000e+00 	 0
14.250000 	 0.000000e+00 0.000000e+00 0.000000e+00 	 0.000000e+00 0.000000e+00 0.000000e+00 	 0.000000e+00 0.000000e+00 0.000000e+00 	 0
14.750000 	 0.000000e+00 0.000000e+00 0.000000e+00 	 0.000000e+00 0.000000e+00 0.000000e+00 	 0.000000e+00 0.000000e+00 0.000000e+00 	 0
