# 1  2-4    5-7    8-10   11     
# x  dirEF  recEF  sumEF  #Sample
0.250000 	 0.000000e+00 0.000000e+00 0.000000e+00 	 0.000000e+00 0.000000e+00 0.000000e+00 	 0.000000e+00 0.000000e+00 0.000000e+00 	 0
0.750000 	 0.000000e+00 0.000000e+00 0.000000e+00 	 0.000000e+00 0.000000e+00 0.000000e+00 	 0.000000e+00 0.000000e+00 0.000000e+00 	 0
1.250000 	 0.000000e+00 0.000000e+00 0.000000e+00 	 0.000000e+00 0.000000e+00 0.000000e+00 	 0.000000e+00 0.000000e+00 0.000000e+00 	 0
1.750000 	 0.000000e+00 0.000000e+00 0.000000e+00 	 0.000000e+00 0.000000e+00 0.000000e+00 	 0.000000e+00 0.000000e+00 0.000000e+00 	 0
2.250000 	 0.000000e+00 0.000000e+00 0.000000e+00 	 0.000000e+00 0.000000e+00 0.000000e+00 	 0.000000e+00 0.000000e+00 0.000000e+00 	 0
2.750000 	 0.000000e+00 0.000000e+00 0.000000e+00 	 0.000000e+00 0.000000e+00 0.000000e+00 	 0.000000e+00 0.000000e+00 0.000000e+00 	 0
3.250000 	 -8.837464e-07 -2.861255e-07 1.170739e-05 	 -1.044666e-06 6.857716e-06 1.589112e-05 	 -1.928412e-06 6.571591e-06 2.759851e-05 	 38
3.750000 	 -1.687498e-06 3.738138e-07 4.782291e-07 	 2.849169e-06 -2.487141e-06 -1.884400e-06 	 1.161671e-06 -2.113327e-06 -1.406171e-06 	 555
4.250000 	 -2.962933e-08 1.635157e-06 1.020665e-06 	 8.296355e-07 -1.551375e-06 2.251943e-06 	 8.000062e-07 8.378130e-08 3.272608e-06 	 914
4.750000 	 1.057628e-06 -1.640431e-06 -8.078609e-07 	 1.496751e-06 2.923507e-07 2.644559e-06 	 2.554379e-06 -1.348080e-06 1.836699e-06 	 901
5.250000 	 -1.343067e-06 -8.498516e-07 -1.105373e-06 	 -9.096761e-07 -1.238396e-06 -4.244792e-07 	 -2.252743e-06 -2.088247e-06 -1.529853e-06 	 909
5.750000 	 5.498383e-07 3.789045e-07 -2.961574e-06 	 -1.966550e-06 1.207940e-06 1.863074e-07 	 -1.416712e-06 1.586844e-06 -2.775266e-06 	 929
6.250000 	 -1.058355e-07 -1.022116e-06 9.625255e-07 	 1.304951e-06 4.651153e-06 1.142144e-06 	 1.199116e-06 3.629038e-06 2.104670e-06 	 875
6.750000 	 -8.433256e-07 3.686847e-07 -7.601073e-07 	 -1.473162e-06 1.090386e-07 -2.379299e-06 	 -2.316488e-06 4.777233e-07 -3.139407e-06 	 900
7.250000 	 -2.024750e-06 -8.412948e-08 1.478215e-07 	 -2.044711e-06 -1.551803e-06 -3.994984e-07 	 -4.069461e-06 -1.635932e-06 -2.516769e-07 	 900
7.750000 	 1.419698e-07 -1.757111e-06 8.049259e-07 	 -5.669787e-06 1.835155e-06 2.192566e-06 	 -5.527817e-06 7.804455e-08 2.997492e-06 	 917
8.250000 	 -8.367558e-07 -1.009059e-06 -1.663322e-06 	 1.949123e-06 6.997805e-07 -9.804099e-07 	 1.112367e-06 -3.092788e-07 -2.643731e-06 	 899
8.750000 	 1.412039e-06 1.224899e-06 2.675002e-06 	 1.832562e-06 9.350834e-07 1.207459e-06 	 3.244600e-06 2.159982e-06 3.882460e-06 	 898
9.250000 	 7.612210e-07 9.027292e-07 -1.062851e-06 	 1.628485e-06 1.162825e-06 -6.806297e-07 	 2.389706e-06 2.065554e-06 -1.743481e-06 	 903
9.750000 	 -3.863388e-08 -8.379472e-07 -8.490696e-09 	 1.775107e-06 3.026261e-07 -1.277110e-07 	 1.736473e-06 -5.353211e-07 -1.362017e-07 	 901
10.250000 	 -3.381114e-07 3.319938e-07 1.887157e-06 	 6.910787e-07 -5.356041e-07 3.335762e-06 	 3.529673e-07 -2.036103e-07 5.222919e-06 	 913
10.750000 	 -6.299040e-07 -6.128008e-07 -8.877534e-07 	 3.686813e-07 2.808162e-06 -1.149114e-06 	 -2.612226e-07 2.195361e-06 -2.036868e-06 	 894
11.250000 	 -5.717233e-07 -1.517296e-07 5.961320e-08 	 -1.635960e-06 6.927010e-07 -1.864512e-06 	 -2.207683e-06 5.409713e-07 -1.804899e-06 	 546
11.750000 	 3.080845e-06 6.355459e-06 -1.068038e-06 	 1.205873e-05 -6.221717e-06 1.268534e-05 	 1.513957e-05 1.337416e-07 1.161730e-05 	 32
12.250000 	 0.000000e+00 0.000000e+00 0.000000e+00 	 0.000000e+00 0.000000e+00 0.000000e+00 	 0.000000e+00 0.000000e+00 0.000000e+00 	 0
12.750000 	 0.000000e+00 0.000000e+00 0.000000e+00 	 0.000000e+00 0.000000e+00 0.000000e+00 	 0.000000e+00 0.000000e+00 0.000000e+00 	 0
13.250000 	 0.000000e+00 0.000000e+00 0.000000e+00 	 0.000000e+00 0.000000e+00 0.000000e+00 	 0.000000e+00 0.000000e+00 0.000000e+00 	 0
13.750000 	 0.000000e+00 0.000000e+00 0.000000e+00 	 0.000000e+00 0.000000e+00 0.000000e+00 	 0.000000e+00 0.000000e+00 0.000000e+00 	 0
14.250000 	 0.000000e+00 0.000000e+00 0.000000e+00 	 0.000000e+00 0.000000e+00 0.000000e+00 	 0.000000e+00 0.000000e+00 0.000000e+00 	 0
14.750000 	 0.000000e+00 0.000000e+00 0.000000e+00 	 0.000000e+00 0.000000e+00 0.000000e+00 	 0.000000e+00 0.000000e+00 0.000000e+00 	 0
