# 1  2-4    5-7    8-10   11     
# x  dirEF  recEF  sumEF  #Sample
0.250000 	 0.000000e+00 0.000000e+00 0.000000e+00 	 0.000000e+00 0.000000e+00 0.000000e+00 	 0.000000e+00 0.000000e+00 0.000000e+00 	 0
0.750000 	 0.000000e+00 0.000000e+00 0.000000e+00 	 0.000000e+00 0.000000e+00 0.000000e+00 	 0.000000e+00 0.000000e+00 0.000000e+00 	 0
1.250000 	 0.000000e+00 0.000000e+00 0.000000e+00 	 0.000000e+00 0.000000e+00 0.000000e+00 	 0.000000e+00 0.000000e+00 0.000000e+00 	 0
1.750000 	 0.000000e+00 0.000000e+00 0.000000e+00 	 0.000000e+00 0.000000e+00 0.000000e+00 	 0.000000e+00 0.000000e+00 0.000000e+00 	 0
2.250000 	 0.000000e+00 0.000000e+00 0.000000e+00 	 0.000000e+00 0.000000e+00 0.000000e+00 	 0.000000e+00 0.000000e+00 0.000000e+00 	 0
2.750000 	 0.000000e+00 0.000000e+00 0.000000e+00 	 0.000000e+00 0.000000e+00 0.000000e+00 	 0.000000e+00 0.000000e+00 0.000000e+00 	 0
3.250000 	 -6.699503e-06 1.379993e-05 -1.259110e-06 	 -1.540874e-06 1.550704e-06 -5.989795e-07 	 -8.240376e-06 1.535064e-05 -1.858089e-06 	 19
3.750000 	 3.352497e-08 -3.086904e-06 -4.884880e-07 	 2.136614e-07 -1.894800e-07 1.559843e-07 	 2.471864e-07 -3.276384e-06 -3.325037e-07 	 578
4.250000 	 7.227659e-07 1.227728e-06 1.905696e-06 	 -7.260761e-08 -3.082048e-09 4.610291e-08 	 6.501583e-07 1.224646e-06 1.951799e-06 	 879
4.750000 	 -1.339130e-06 1.333586e-06 -1.048159e-06 	 7.879827e-08 1.040523e-07 -8.197322e-08 	 -1.260332e-06 1.437638e-06 -1.130132e-06 	 913
5.250000 	 1.161342e-06 -3.610833e-07 -1.464178e-06 	 1.017883e-07 -3.637187e-08 1.231130e-07 	 1.263130e-06 -3.974552e-07 -1.341065e-06 	 912
5.750000 	 2.009383e-06 -5.553387e-07 -9.301752e-07 	 2.665811e-07 1.633271e-07 -2.280168e-08 	 2.275964e-06 -3.920115e-07 -9.529769e-07 	 888
6.250000 	 -7.751850e-07 2.035065e-06 -6.257444e-07 	 -1.753216e-07 5.847148e-08 1.022510e-07 	 -9.505066e-07 2.093536e-06 -5.234935e-07 	 913
6.750000 	 -9.238897e-09 -1.590071e-06 1.071064e-06 	 -1.393240e-07 -8.091836e-08 -1.471517e-07 	 -1.485629e-07 -1.670989e-06 9.239124e-07 	 914
7.250000 	 -6.657805e-07 -2.757528e-06 1.364841e-06 	 1.285181e-07 4.894728e-08 -2.330300e-08 	 -5.372625e-07 -2.708580e-06 1.341538e-06 	 920
7.750000 	 -1.014180e-06 -1.660779e-06 -7.614441e-07 	 -2.066585e-07 -3.256492e-08 5.905054e-08 	 -1.220839e-06 -1.693344e-06 -7.023936e-07 	 913
8.250000 	 -2.637290e-07 -8.181113e-07 2.719923e-07 	 3.188051e-07 -4.865767e-08 1.062840e-07 	 5.507616e-08 -8.667690e-07 3.782763e-07 	 900
8.750000 	 1.918013e-06 2.697926e-06 5.824534e-07 	 -4.305829e-07 -2.878611e-09 -3.534894e-08 	 1.487431e-06 2.695048e-06 5.471044e-07 	 899
9.250000 	 -6.951208e-07 -1.261628e-06 2.383613e-06 	 2.822681e-07 1.745043e-07 5.938907e-08 	 -4.128527e-07 -1.087124e-06 2.443003e-06 	 891
9.750000 	 7.728510e-07 -6.881825e-07 -5.022852e-08 	 4.453714e-07 1.809345e-08 -8.146406e-08 	 1.218222e-06 -6.700891e-07 -1.316926e-07 	 911
10.250000 	 -3.322271e-07 -1.073728e-06 1.785138e-07 	 -7.119596e-07 -4.339139e-08 2.670535e-08 	 -1.044187e-06 -1.117119e-06 2.052192e-07 	 916
10.750000 	 5.920676e-07 5.313055e-07 -1.896641e-07 	 -2.625160e-07 -1.935471e-08 1.469464e-07 	 3.295517e-07 5.119508e-07 -4.271770e-08 	 906
11.250000 	 7.413408e-07 2.765526e-06 -2.835824e-06 	 6.476711e-08 -2.046482e-07 -2.397270e-07 	 8.061079e-07 2.560878e-06 -3.075551e-06 	 541
11.750000 	 4.431082e-06 -3.843274e-06 -2.518802e-08 	 5.320170e-06 4.773608e-07 3.106801e-06 	 9.751253e-06 -3.365913e-06 3.081613e-06 	 11
12.250000 	 0.000000e+00 0.000000e+00 0.000000e+00 	 0.000000e+00 0.000000e+00 0.000000e+00 	 0.000000e+00 0.000000e+00 0.000000e+00 	 0
12.750000 	 0.000000e+00 0.000000e+00 0.000000e+00 	 0.000000e+00 0.000000e+00 0.000000e+00 	 0.000000e+00 0.000000e+00 0.000000e+00 	 0
13.250000 	 0.000000e+00 0.000000e+00 0.000000e+00 	 0.000000e+00 0.000000e+00 0.000000e+00 	 0.000000e+00 0.000000e+00 0.000000e+00 	 0
13.750000 	 0.000000e+00 0.000000e+00 0.000000e+00 	 0.000000e+00 0.000000e+00 0.000000e+00 	 0.000000e+00 0.000000e+00 0.000000e+00 	 0
14.250000 	 0.000000e+00 0.000000e+00 0.000000e+00 	 0.000000e+00 0.000000e+00 0.000000e+00 	 0.000000e+00 0.000000e+00 0.000000e+00 	 0
14.750000 	 0.000000e+00 0.000000e+00 0.000000e+00 	 0.000000e+00 0.000000e+00 0.000000e+00 	 0.000000e+00 0.000000e+00 0.000000e+00 	 0
