# 1  2-4    5-7    8-10   11     
# x  dirEF  recEF  sumEF  #Sample
0.250000 	 0.000000e+00 0.000000e+00 0.000000e+00 	 0.000000e+00 0.000000e+00 0.000000e+00 	 0.000000e+00 0.000000e+00 0.000000e+00 	 0
0.750000 	 0.000000e+00 0.000000e+00 0.000000e+00 	 0.000000e+00 0.000000e+00 0.000000e+00 	 0.000000e+00 0.000000e+00 0.000000e+00 	 0
1.250000 	 0.000000e+00 0.000000e+00 0.000000e+00 	 0.000000e+00 0.000000e+00 0.000000e+00 	 0.000000e+00 0.000000e+00 0.000000e+00 	 0
1.750000 	 0.000000e+00 0.000000e+00 0.000000e+00 	 0.000000e+00 0.000000e+00 0.000000e+00 	 0.000000e+00 0.000000e+00 0.000000e+00 	 0
2.250000 	 0.000000e+00 0.000000e+00 0.000000e+00 	 0.000000e+00 0.000000e+00 0.000000e+00 	 0.000000e+00 0.000000e+00 0.000000e+00 	 0
2.750000 	 0.000000e+00 0.000000e+00 0.000000e+00 	 0.000000e+00 0.000000e+00 0.000000e+00 	 0.000000e+00 0.000000e+00 0.000000e+00 	 0
3.250000 	 2.358973e-06 -1.184319e-06 -2.562349e-07 	 -3.309205e-06 3.475249e-07 3.086831e-07 	 -9.502318e-07 -8.367942e-07 5.244817e-08 	 33
3.750000 	 3.471496e-07 5.402958e-07 1.558863e-07 	 1.093537e-06 -1.401433e-07 7.054261e-07 	 1.440686e-06 4.001525e-07 8.613124e-07 	 569
4.250000 	 1.477110e-06 -9.080455e-07 -3.160154e-07 	 -2.216858e-07 2.012587e-07 3.382149e-07 	 1.255424e-06 -7.067869e-07 2.219954e-08 	 895
4.750000 	 -1.281741e-07 -1.403785e-06 -4.115415e-08 	 1.013013e-07 -3.767292e-07 4.838295e-07 	 -2.687285e-08 -1.780514e-06 4.426754e-07 	 896
5.250000 	 7.514385e-07 2.848172e-06 -9.588524e-08 	 8.686212e-09 8.164387e-07 -7.725113e-07 	 7.601247e-07 3.664610e-06 -8.683966e-07 	 930
5.750000 	 1.366931e-06 -6.204115e-07 -1.487748e-06 	 2.417840e-07 -2.780484e-07 3.846511e-07 	 1.608715e-06 -8.984599e-07 -1.103097e-06 	 898
6.250000 	 -1.888464e-06 -1.503077e-07 1.805266e-06 	 -2.459065e-07 -5.700809e-07 4.946995e-07 	 -2.134370e-06 -7.203886e-07 2.299965e-06 	 907
6.750000 	 2.611194e-06 1.430536e-06 -1.416445e-06 	 -8.265042e-08 -1.992510e-07 6.735859e-07 	 2.528544e-06 1.231285e-06 -7.428591e-07 	 885
7.250000 	 -5.679606e-07 -1.486310e-07 7.931720e-08 	 1.900612e-07 -4.596161e-07 6.167330e-07 	 -3.778994e-07 -6.082471e-07 6.960502e-07 	 907
7.750000 	 -5.963203e-07 1.230156e-06 -4.981902e-07 	 1.861202e-07 5.652349e-07 -4.212578e-09 	 -4.102001e-07 1.795391e-06 -5.024028e-07 	 906
8.250000 	 5.049414e-07 -4.023380e-08 5.229321e-07 	 2.166722e-07 -6.015606e-08 -3.784778e-08 	 7.216136e-07 -1.003899e-07 4.850843e-07 	 920
8.750000 	 -7.283583e-07 -5.221817e-07 6.312424e-07 	 -3.781848e-07 -3.391924e-08 -2.475648e-07 	 -1.106543e-06 -5.561009e-07 3.836776e-07 	 884
9.250000 	 1.849685e-06 -1.033861e-07 -4.504976e-07 	 -1.019029e-07 -4.963079e-07 6.440448e-07 	 1.747782e-06 -5.996940e-07 1.935472e-07 	 899
9.750000 	 -1.118968e-06 -2.448030e-06 2.121679e-06 	 4.803097e-07 -3.693808e-07 6.420118e-07 	 -6.386583e-07 -2.817411e-06 2.763690e-06 	 909
10.250000 	 -1.114864e-08 3.052923e-06 -9.319638e-07 	 -2.726403e-07 -4.134715e-07 1.914536e-07 	 -2.837889e-07 2.639451e-06 -7.405102e-07 	 923
10.750000 	 1.517103e-06 -7.813363e-07 1.388155e-06 	 1.168279e-07 -1.686893e-07 -3.341776e-07 	 1.633931e-06 -9.500256e-07 1.053978e-06 	 902
11.250000 	 1.535512e-07 1.620245e-06 -2.743099e-07 	 -3.149255e-07 4.850705e-07 1.584338e-07 	 -1.613743e-07 2.105315e-06 -1.158761e-07 	 519
11.750000 	 6.239450e-07 -4.263434e-06 8.492628e-07 	 5.424441e-07 5.037796e-07 -2.866380e-07 	 1.166389e-06 -3.759654e-06 5.626248e-07 	 40
12.250000 	 -1.006508e-05 -2.225276e-05 6.350621e-07 	 9.337399e-06 -9.491639e-06 -1.217935e-06 	 -7.276798e-07 -3.174440e-05 -5.828729e-07 	 2
12.750000 	 0.000000e+00 0.000000e+00 0.000000e+00 	 0.000000e+00 0.000000e+00 0.000000e+00 	 0.000000e+00 0.000000e+00 0.000000e+00 	 0
13.250000 	 0.000000e+00 0.000000e+00 0.000000e+00 	 0.000000e+00 0.000000e+00 0.000000e+00 	 0.000000e+00 0.000000e+00 0.000000e+00 	 0
13.750000 	 0.000000e+00 0.000000e+00 0.000000e+00 	 0.000000e+00 0.000000e+00 0.000000e+00 	 0.000000e+00 0.000000e+00 0.000000e+00 	 0
14.250000 	 0.000000e+00 0.000000e+00 0.000000e+00 	 0.000000e+00 0.000000e+00 0.000000e+00 	 0.000000e+00 0.000000e+00 0.000000e+00 	 0
14.750000 	 0.000000e+00 0.000000e+00 0.000000e+00 	 0.000000e+00 0.000000e+00 0.000000e+00 	 0.000000e+00 0.000000e+00 0.000000e+00 	 0
