# 1  2-4    5-7    8-10   11     
# x  dirEF  recEF  sumEF  #Sample
0.250000 	 0.000000e+00 0.000000e+00 0.000000e+00 	 0.000000e+00 0.000000e+00 0.000000e+00 	 0.000000e+00 0.000000e+00 0.000000e+00 	 0
0.750000 	 0.000000e+00 0.000000e+00 0.000000e+00 	 0.000000e+00 0.000000e+00 0.000000e+00 	 0.000000e+00 0.000000e+00 0.000000e+00 	 0
1.250000 	 0.000000e+00 0.000000e+00 0.000000e+00 	 0.000000e+00 0.000000e+00 0.000000e+00 	 0.000000e+00 0.000000e+00 0.000000e+00 	 0
1.750000 	 0.000000e+00 0.000000e+00 0.000000e+00 	 0.000000e+00 0.000000e+00 0.000000e+00 	 0.000000e+00 0.000000e+00 0.000000e+00 	 0
2.250000 	 0.000000e+00 0.000000e+00 0.000000e+00 	 0.000000e+00 0.000000e+00 0.000000e+00 	 0.000000e+00 0.000000e+00 0.000000e+00 	 0
2.750000 	 0.000000e+00 0.000000e+00 0.000000e+00 	 0.000000e+00 0.000000e+00 0.000000e+00 	 0.000000e+00 0.000000e+00 0.000000e+00 	 0
3.250000 	 -7.790149e-06 6.532808e-07 3.918214e-06 	 -1.817703e-05 -1.189939e-06 7.160318e-06 	 -2.596718e-05 -5.366585e-07 1.107853e-05 	 14
3.750000 	 4.303049e-07 -1.270003e-07 -5.315482e-07 	 -5.436142e-07 -3.165742e-06 9.268973e-07 	 -1.133092e-07 -3.292743e-06 3.953491e-07 	 583
4.250000 	 -1.114332e-06 1.320097e-06 -1.218678e-06 	 4.374003e-06 1.435641e-08 -8.371056e-07 	 3.259671e-06 1.334454e-06 -2.055783e-06 	 918
4.750000 	 8.264396e-08 -3.624086e-07 -7.146187e-07 	 -9.017096e-07 2.943516e-06 3.298026e-07 	 -8.190657e-07 2.581107e-06 -3.848161e-07 	 885
5.250000 	 4.832554e-07 -1.235388e-06 5.754649e-07 	 -1.551593e-06 -4.309569e-07 -2.781947e-06 	 -1.068337e-06 -1.666345e-06 -2.206482e-06 	 915
5.750000 	 8.798048e-07 1.114275e-06 -7.115352e-07 	 3.477219e-07 9.787379e-07 2.016884e-06 	 1.227527e-06 2.093013e-06 1.305349e-06 	 886
6.250000 	 1.866613e-06 4.410541e-07 1.046504e-06 	 -2.862611e-06 2.270409e-06 -1.624421e-06 	 -9.959979e-07 2.711463e-06 -5.779170e-07 	 913
6.750000 	 -3.877447e-06 -7.133270e-07 1.396148e-06 	 -4.517993e-07 -2.733780e-07 7.791520e-07 	 -4.329247e-06 -9.867051e-07 2.175300e-06 	 914
7.250000 	 -1.502303e-06 1.523645e-06 3.669767e-07 	 8.683933e-07 5.010045e-07 1.589237e-06 	 -6.339100e-07 2.024649e-06 1.956214e-06 	 888
7.750000 	 1.863347e-06 2.503382e-07 -2.367083e-07 	 5.459155e-07 -1.975685e-06 -1.018299e-06 	 2.409263e-06 -1.725347e-06 -1.255007e-06 	 917
8.250000 	 -2.133157e-06 -3.581446e-06 4.109313e-07 	 1.634645e-06 -1.071379e-06 2.707842e-06 	 -4.985122e-07 -4.652825e-06 3.118773e-06 	 904
8.750000 	 5.724512e-07 6.361653e-07 1.698183e-07 	 1.563037e-06 9.047872e-07 5.303244e-07 	 2.135489e-06 1.540953e-06 7.001427e-07 	 906
9.250000 	 1.681884e-06 4.093200e-07 2.788874e-06 	 -6.124359e-07 -3.966621e-06 -5.091179e-08 	 1.069448e-06 -3.557300e-06 2.737962e-06 	 915
9.750000 	 -1.725208e-06 -6.763364e-07 -3.043228e-07 	 -3.242766e-06 -2.237295e-06 3.537179e-08 	 -4.967974e-06 -2.913631e-06 -2.689510e-07 	 898
10.250000 	 -1.043351e-07 4.037087e-07 -9.366759e-07 	 5.169368e-06 1.567113e-06 -3.581244e-07 	 5.065033e-06 1.970822e-06 -1.294800e-06 	 911
10.750000 	 1.931456e-08 2.045605e-07 -5.283683e-07 	 -2.809713e-06 -1.114533e-06 1.259907e-06 	 -2.790399e-06 -9.099728e-07 7.315389e-07 	 884
11.250000 	 -9.087543e-07 -5.739459e-07 1.514752e-07 	 -1.519819e-06 -1.117116e-07 1.211678e-06 	 -2.428573e-06 -6.856576e-07 1.363154e-06 	 538
11.750000 	 1.137341e-06 4.782678e-06 2.284753e-06 	 -2.751877e-06 1.867321e-05 -1.547345e-06 	 -1.614536e-06 2.345589e-05 7.374086e-07 	 35
12.250000 	 0.000000e+00 0.000000e+00 0.000000e+00 	 0.000000e+00 0.000000e+00 0.000000e+00 	 0.000000e+00 0.000000e+00 0.000000e+00 	 0
12.750000 	 0.000000e+00 0.000000e+00 0.000000e+00 	 0.000000e+00 0.000000e+00 0.000000e+00 	 0.000000e+00 0.000000e+00 0.000000e+00 	 0
13.250000 	 0.000000e+00 0.000000e+00 0.000000e+00 	 0.000000e+00 0.000000e+00 0.000000e+00 	 0.000000e+00 0.000000e+00 0.000000e+00 	 0
13.750000 	 0.000000e+00 0.000000e+00 0.000000e+00 	 0.000000e+00 0.000000e+00 0.000000e+00 	 0.000000e+00 0.000000e+00 0.000000e+00 	 0
14.250000 	 0.000000e+00 0.000000e+00 0.000000e+00 	 0.000000e+00 0.000000e+00 0.000000e+00 	 0.000000e+00 0.000000e+00 0.000000e+00 	 0
14.750000 	 0.000000e+00 0.000000e+00 0.000000e+00 	 0.000000e+00 0.000000e+00 0.000000e+00 	 0.000000e+00 0.000000e+00 0.000000e+00 	 0
