# 1  2-4    5-7    8-10   11     
# x  dirEF  recEF  sumEF  #Sample
0.250000 	 0.000000e+00 0.000000e+00 0.000000e+00 	 0.000000e+00 0.000000e+00 0.000000e+00 	 0.000000e+00 0.000000e+00 0.000000e+00 	 0
0.750000 	 0.000000e+00 0.000000e+00 0.000000e+00 	 0.000000e+00 0.000000e+00 0.000000e+00 	 0.000000e+00 0.000000e+00 0.000000e+00 	 0
1.250000 	 0.000000e+00 0.000000e+00 0.000000e+00 	 0.000000e+00 0.000000e+00 0.000000e+00 	 0.000000e+00 0.000000e+00 0.000000e+00 	 0
1.750000 	 0.000000e+00 0.000000e+00 0.000000e+00 	 0.000000e+00 0.000000e+00 0.000000e+00 	 0.000000e+00 0.000000e+00 0.000000e+00 	 0
2.250000 	 0.000000e+00 0.000000e+00 0.000000e+00 	 0.000000e+00 0.000000e+00 0.000000e+00 	 0.000000e+00 0.000000e+00 0.000000e+00 	 0
2.750000 	 0.000000e+00 0.000000e+00 0.000000e+00 	 0.000000e+00 0.000000e+00 0.000000e+00 	 0.000000e+00 0.000000e+00 0.000000e+00 	 0
3.250000 	 -9.596010e-06 3.402247e-06 -5.025007e-06 	 1.660585e-06 8.421961e-06 -3.127399e-06 	 -7.935425e-06 1.182421e-05 -8.152406e-06 	 20
3.750000 	 -9.571263e-07 1.137931e-06 -1.151632e-06 	 1.307182e-06 -2.278663e-06 -3.114743e-06 	 3.500558e-07 -1.140733e-06 -4.266375e-06 	 600
4.250000 	 -4.889419e-07 7.086688e-08 9.476495e-08 	 -8.169951e-07 1.531327e-06 1.041032e-06 	 -1.305937e-06 1.602194e-06 1.135797e-06 	 912
4.750000 	 -2.063209e-06 -1.082540e-06 -2.171707e-07 	 -3.381767e-07 -1.116071e-06 2.106335e-06 	 -2.401385e-06 -2.198611e-06 1.889164e-06 	 894
5.250000 	 1.622330e-06 7.049119e-07 5.740540e-07 	 1.080496e-06 2.045853e-07 -3.761011e-06 	 2.702826e-06 9.094972e-07 -3.186957e-06 	 887
5.750000 	 1.272923e-06 -3.937159e-07 9.206604e-07 	 1.927087e-06 -4.924234e-07 7.716511e-07 	 3.200009e-06 -8.861393e-07 1.692311e-06 	 920
6.250000 	 -9.091219e-08 1.528546e-06 -4.733065e-07 	 -5.518493e-07 8.795840e-07 1.138642e-06 	 -6.427615e-07 2.408130e-06 6.653356e-07 	 888
6.750000 	 -8.876710e-07 -1.770154e-06 -9.345669e-07 	 -2.463876e-06 3.639192e-06 2.714221e-06 	 -3.351547e-06 1.869038e-06 1.779654e-06 	 922
7.250000 	 -1.970295e-08 -1.522562e-06 1.144860e-06 	 1.371359e-06 4.828168e-08 4.867512e-07 	 1.351656e-06 -1.474280e-06 1.631611e-06 	 883
7.750000 	 4.647949e-07 2.247607e-07 3.733850e-07 	 3.800596e-06 4.497735e-07 1.869080e-06 	 4.265391e-06 6.745342e-07 2.242465e-06 	 907
8.250000 	 -1.819391e-06 8.061725e-07 -1.068975e-06 	 -4.138564e-07 1.266030e-06 4.580739e-07 	 -2.233247e-06 2.072202e-06 -6.109011e-07 	 891
8.750000 	 -2.734855e-07 7.631965e-07 -2.580985e-07 	 -1.821630e-06 1.641266e-08 3.491224e-07 	 -2.095115e-06 7.796091e-07 9.102391e-08 	 918
9.250000 	 9.189166e-07 -1.367695e-06 1.679551e-07 	 3.471964e-06 -4.800572e-08 1.790372e-06 	 4.390881e-06 -1.415701e-06 1.958327e-06 	 885
9.750000 	 2.499205e-07 -2.717087e-06 -1.282383e-07 	 -4.759834e-06 -2.089633e-06 2.371335e-06 	 -4.509914e-06 -4.806720e-06 2.243096e-06 	 921
10.250000 	 -2.233794e-06 5.234554e-07 2.686136e-06 	 3.988482e-07 2.821483e-06 -2.963047e-07 	 -1.834946e-06 3.344938e-06 2.389831e-06 	 890
10.750000 	 8.378389e-07 1.451755e-06 -1.819554e-06 	 -1.767246e-06 -3.316568e-07 -2.107434e-07 	 -9.294076e-07 1.120099e-06 -2.030298e-06 	 884
11.250000 	 -6.491817e-08 -4.505366e-07 2.113345e-06 	 -3.177630e-06 -3.418861e-06 -2.491128e-06 	 -3.242548e-06 -3.869397e-06 -3.777829e-07 	 567
11.750000 	 6.592654e-06 -3.532624e-06 2.104950e-06 	 7.314241e-06 -3.625588e-06 -1.169680e-05 	 1.390689e-05 -7.158212e-06 -9.591849e-06 	 35
12.250000 	 0.000000e+00 0.000000e+00 0.000000e+00 	 0.000000e+00 0.000000e+00 0.000000e+00 	 0.000000e+00 0.000000e+00 0.000000e+00 	 0
12.750000 	 0.000000e+00 0.000000e+00 0.000000e+00 	 0.000000e+00 0.000000e+00 0.000000e+00 	 0.000000e+00 0.000000e+00 0.000000e+00 	 0
13.250000 	 0.000000e+00 0.000000e+00 0.000000e+00 	 0.000000e+00 0.000000e+00 0.000000e+00 	 0.000000e+00 0.000000e+00 0.000000e+00 	 0
13.750000 	 0.000000e+00 0.000000e+00 0.000000e+00 	 0.000000e+00 0.000000e+00 0.000000e+00 	 0.000000e+00 0.000000e+00 0.000000e+00 	 0
14.250000 	 0.000000e+00 0.000000e+00 0.000000e+00 	 0.000000e+00 0.000000e+00 0.000000e+00 	 0.000000e+00 0.000000e+00 0.000000e+00 	 0
14.750000 	 0.000000e+00 0.000000e+00 0.000000e+00 	 0.000000e+00 0.000000e+00 0.000000e+00 	 0.000000e+00 0.000000e+00 0.000000e+00 	 0
