# 1  2-4    5-7    8-10   11     
# x  dirEF  recEF  sumEF  #Sample
0.250000 	 0.000000e+00 0.000000e+00 0.000000e+00 	 0.000000e+00 0.000000e+00 0.000000e+00 	 0.000000e+00 0.000000e+00 0.000000e+00 	 0
0.750000 	 0.000000e+00 0.000000e+00 0.000000e+00 	 0.000000e+00 0.000000e+00 0.000000e+00 	 0.000000e+00 0.000000e+00 0.000000e+00 	 0
1.250000 	 0.000000e+00 0.000000e+00 0.000000e+00 	 0.000000e+00 0.000000e+00 0.000000e+00 	 0.000000e+00 0.000000e+00 0.000000e+00 	 0
1.750000 	 0.000000e+00 0.000000e+00 0.000000e+00 	 0.000000e+00 0.000000e+00 0.000000e+00 	 0.000000e+00 0.000000e+00 0.000000e+00 	 0
2.250000 	 0.000000e+00 0.000000e+00 0.000000e+00 	 0.000000e+00 0.000000e+00 0.000000e+00 	 0.000000e+00 0.000000e+00 0.000000e+00 	 0
2.750000 	 0.000000e+00 0.000000e+00 0.000000e+00 	 0.000000e+00 0.000000e+00 0.000000e+00 	 0.000000e+00 0.000000e+00 0.000000e+00 	 0
3.250000 	 -3.488694e-06 2.230297e-06 -5.422822e-06 	 -7.687882e-13 6.762961e-14 6.324786e-14 	 -3.488695e-06 2.230297e-06 -5.422822e-06 	 33
3.750000 	 -5.298978e-08 -1.014557e-07 1.385167e-07 	 4.119192e-14 -7.167227e-14 -3.185509e-14 	 -5.298974e-08 -1.014557e-07 1.385167e-07 	 553
4.250000 	 -7.117122e-07 6.848413e-08 -1.200077e-06 	 1.469413e-13 -3.477952e-14 4.801479e-15 	 -7.117121e-07 6.848409e-08 -1.200077e-06 	 897
4.750000 	 -7.735470e-07 3.181816e-07 2.080345e-07 	 -6.929864e-14 -7.234206e-15 2.451471e-14 	 -7.735470e-07 3.181815e-07 2.080345e-07 	 897
5.250000 	 5.341152e-07 4.775073e-07 -7.308198e-08 	 6.470320e-14 4.425360e-14 3.105504e-14 	 5.341152e-07 4.775073e-07 -7.308195e-08 	 906
5.750000 	 -4.133614e-07 -7.088777e-07 1.627671e-06 	 -1.700008e-13 9.776322e-15 3.911329e-15 	 -4.133616e-07 -7.088777e-07 1.627671e-06 	 915
6.250000 	 7.055034e-07 3.031854e-07 -1.678154e-07 	 1.746474e-14 1.470182e-14 6.654168e-14 	 7.055034e-07 3.031854e-07 -1.678153e-07 	 933
6.750000 	 -9.219740e-07 1.724760e-07 1.821981e-07 	 -6.869271e-14 3.004850e-14 -7.669493e-14 	 -9.219740e-07 1.724760e-07 1.821980e-07 	 868
7.250000 	 1.275796e-06 5.272009e-07 2.395020e-07 	 8.101508e-14 -3.607480e-14 4.959719e-15 	 1.275796e-06 5.272008e-07 2.395020e-07 	 907
7.750000 	 -9.857089e-07 -6.001049e-08 -4.825608e-07 	 6.127956e-14 8.283541e-14 -6.840084e-14 	 -9.857089e-07 -6.001041e-08 -4.825609e-07 	 913
8.250000 	 -1.912114e-06 -2.720997e-07 -1.586099e-06 	 6.029921e-14 -2.116599e-14 5.498782e-14 	 -1.912114e-06 -2.720998e-07 -1.586099e-06 	 917
8.750000 	 3.220327e-06 7.057725e-07 -2.057835e-07 	 -8.227615e-14 -5.331274e-14 -1.685057e-14 	 3.220327e-06 7.057725e-07 -2.057835e-07 	 898
9.250000 	 -2.433000e-06 1.365858e-06 9.274532e-07 	 4.390638e-14 2.232073e-14 -2.830437e-14 	 -2.433000e-06 1.365859e-06 9.274532e-07 	 934
9.750000 	 -5.694558e-07 -2.076103e-06 1.313524e-06 	 4.412416e-14 7.329028e-14 4.723671e-14 	 -5.694557e-07 -2.076103e-06 1.313524e-06 	 901
10.250000 	 9.197651e-08 2.271124e-06 1.269172e-06 	 -9.796423e-14 -8.429851e-15 -9.195642e-15 	 9.197642e-08 2.271124e-06 1.269172e-06 	 912
10.750000 	 3.552380e-07 -1.097954e-06 6.198066e-08 	 5.910172e-14 -1.401840e-14 2.915018e-14 	 3.552380e-07 -1.097954e-06 6.198069e-08 	 904
11.250000 	 2.447236e-07 7.181466e-07 -1.037770e-06 	 9.231897e-14 -8.183697e-14 -4.969087e-14 	 2.447237e-07 7.181465e-07 -1.037770e-06 	 527
11.750000 	 -6.620327e-06 -6.922954e-06 -1.702211e-05 	 -9.536322e-13 3.572306e-13 -1.567635e-13 	 -6.620328e-06 -6.922954e-06 -1.702211e-05 	 9
12.250000 	 0.000000e+00 0.000000e+00 0.000000e+00 	 0.000000e+00 0.000000e+00 0.000000e+00 	 0.000000e+00 0.000000e+00 0.000000e+00 	 0
12.750000 	 0.000000e+00 0.000000e+00 0.000000e+00 	 0.000000e+00 0.000000e+00 0.000000e+00 	 0.000000e+00 0.000000e+00 0.000000e+00 	 0
13.250000 	 0.000000e+00 0.000000e+00 0.000000e+00 	 0.000000e+00 0.000000e+00 0.000000e+00 	 0.000000e+00 0.000000e+00 0.000000e+00 	 0
13.750000 	 0.000000e+00 0.000000e+00 0.000000e+00 	 0.000000e+00 0.000000e+00 0.000000e+00 	 0.000000e+00 0.000000e+00 0.000000e+00 	 0
14.250000 	 0.000000e+00 0.000000e+00 0.000000e+00 	 0.000000e+00 0.000000e+00 0.000000e+00 	 0.000000e+00 0.000000e+00 0.000000e+00 	 0
14.750000 	 0.000000e+00 0.000000e+00 0.000000e+00 	 0.000000e+00 0.000000e+00 0.000000e+00 	 0.000000e+00 0.000000e+00 0.000000e+00 	 0
