# 1  2-4    5-7    8-10   11     
# x  dirEF  recEF  sumEF  #Sample
0.250000 	 0.000000e+00 0.000000e+00 0.000000e+00 	 0.000000e+00 0.000000e+00 0.000000e+00 	 0.000000e+00 0.000000e+00 0.000000e+00 	 0
0.750000 	 0.000000e+00 0.000000e+00 0.000000e+00 	 0.000000e+00 0.000000e+00 0.000000e+00 	 0.000000e+00 0.000000e+00 0.000000e+00 	 0
1.250000 	 0.000000e+00 0.000000e+00 0.000000e+00 	 0.000000e+00 0.000000e+00 0.000000e+00 	 0.000000e+00 0.000000e+00 0.000000e+00 	 0
1.750000 	 0.000000e+00 0.000000e+00 0.000000e+00 	 0.000000e+00 0.000000e+00 0.000000e+00 	 0.000000e+00 0.000000e+00 0.000000e+00 	 0
2.250000 	 0.000000e+00 0.000000e+00 0.000000e+00 	 0.000000e+00 0.000000e+00 0.000000e+00 	 0.000000e+00 0.000000e+00 0.000000e+00 	 0
2.750000 	 0.000000e+00 0.000000e+00 0.000000e+00 	 0.000000e+00 0.000000e+00 0.000000e+00 	 0.000000e+00 0.000000e+00 0.000000e+00 	 0
3.250000 	 -1.362092e-07 2.023735e-07 4.016120e-06 	 -2.384964e-06 1.518044e-07 2.544192e-07 	 -2.521173e-06 3.541779e-07 4.270539e-06 	 43
3.750000 	 2.563661e-07 -2.856143e-07 2.556027e-06 	 5.200780e-07 -9.681204e-08 -3.049360e-07 	 7.764441e-07 -3.824263e-07 2.251091e-06 	 561
4.250000 	 -3.211415e-07 -1.298491e-06 -1.121849e-06 	 3.394002e-07 -8.529025e-09 9.370855e-08 	 1.825871e-08 -1.307020e-06 -1.028140e-06 	 884
4.750000 	 -5.360493e-07 -2.296498e-07 -1.201409e-06 	 -8.070210e-08 -2.637897e-08 6.699496e-08 	 -6.167514e-07 -2.560287e-07 -1.134414e-06 	 893
5.250000 	 -7.474375e-07 2.215534e-07 1.062423e-06 	 -2.109962e-07 -1.048193e-08 3.416462e-08 	 -9.584336e-07 2.110715e-07 1.096588e-06 	 908
5.750000 	 -3.310017e-07 -1.738252e-07 6.907568e-07 	 5.867657e-08 2.990282e-08 2.414118e-08 	 -2.723251e-07 -1.439224e-07 7.148980e-07 	 913
6.250000 	 2.459445e-07 1.564622e-06 8.981768e-07 	 -1.269094e-09 -4.134324e-08 -8.340714e-08 	 2.446755e-07 1.523279e-06 8.147697e-07 	 897
6.750000 	 6.655518e-07 4.051769e-07 3.698897e-07 	 1.894682e-07 -1.148073e-07 -9.827167e-08 	 8.550200e-07 2.903696e-07 2.716180e-07 	 919
7.250000 	 1.986965e-06 3.038958e-07 -4.044753e-07 	 6.763687e-08 2.172658e-08 1.434721e-07 	 2.054601e-06 3.256223e-07 -2.610032e-07 	 905
7.750000 	 1.743661e-06 -1.418522e-06 9.946819e-07 	 -4.078040e-07 -1.114629e-08 -8.281318e-08 	 1.335857e-06 -1.429669e-06 9.118687e-07 	 911
8.250000 	 -1.064204e-06 -1.261276e-07 -1.753661e-07 	 1.605103e-07 -8.593315e-10 3.812601e-08 	 -9.036937e-07 -1.269869e-07 -1.372401e-07 	 894
8.750000 	 -7.442859e-07 -2.395161e-06 -4.888358e-07 	 7.364754e-09 1.390417e-08 -1.891943e-07 	 -7.369211e-07 -2.381257e-06 -6.780301e-07 	 916
9.250000 	 -1.956382e-06 8.403096e-07 4.660346e-07 	 -1.320593e-07 -3.218780e-08 1.106872e-07 	 -2.088441e-06 8.081219e-07 5.767218e-07 	 931
9.750000 	 -6.874697e-07 4.759209e-07 1.932967e-08 	 1.968856e-07 1.075772e-07 -1.456250e-07 	 -4.905840e-07 5.834981e-07 -1.262954e-07 	 896
10.250000 	 1.793038e-07 -8.652906e-07 -2.250982e-06 	 5.529158e-08 3.681264e-08 6.834779e-08 	 2.345953e-07 -8.284780e-07 -2.182634e-06 	 901
10.750000 	 -8.456959e-07 1.231878e-07 2.798554e-07 	 -4.215581e-07 1.320149e-07 3.796682e-08 	 -1.267254e-06 2.552027e-07 3.178222e-07 	 900
11.250000 	 8.089457e-07 1.249401e-07 1.341812e-06 	 -3.404690e-07 -1.647426e-07 1.330011e-07 	 4.684767e-07 -3.980243e-08 1.474813e-06 	 536
11.750000 	 8.923828e-06 -2.089764e-06 -9.486223e-07 	 4.785079e-06 9.968454e-07 1.161027e-06 	 1.370891e-05 -1.092919e-06 2.124049e-07 	 16
12.250000 	 0.000000e+00 0.000000e+00 0.000000e+00 	 0.000000e+00 0.000000e+00 0.000000e+00 	 0.000000e+00 0.000000e+00 0.000000e+00 	 0
12.750000 	 0.000000e+00 0.000000e+00 0.000000e+00 	 0.000000e+00 0.000000e+00 0.000000e+00 	 0.000000e+00 0.000000e+00 0.000000e+00 	 0
13.250000 	 0.000000e+00 0.000000e+00 0.000000e+00 	 0.000000e+00 0.000000e+00 0.000000e+00 	 0.000000e+00 0.000000e+00 0.000000e+00 	 0
13.750000 	 0.000000e+00 0.000000e+00 0.000000e+00 	 0.000000e+00 0.000000e+00 0.000000e+00 	 0.000000e+00 0.000000e+00 0.000000e+00 	 0
14.250000 	 0.000000e+00 0.000000e+00 0.000000e+00 	 0.000000e+00 0.000000e+00 0.000000e+00 	 0.000000e+00 0.000000e+00 0.000000e+00 	 0
14.750000 	 0.000000e+00 0.000000e+00 0.000000e+00 	 0.000000e+00 0.000000e+00 0.000000e+00 	 0.000000e+00 0.000000e+00 0.000000e+00 	 0
