# 1  2-4    5-7    8-10   11     
# x  dirEF  recEF  sumEF  #Sample
0.250000 	 0.000000e+00 0.000000e+00 0.000000e+00 	 0.000000e+00 0.000000e+00 0.000000e+00 	 0.000000e+00 0.000000e+00 0.000000e+00 	 0
0.750000 	 0.000000e+00 0.000000e+00 0.000000e+00 	 0.000000e+00 0.000000e+00 0.000000e+00 	 0.000000e+00 0.000000e+00 0.000000e+00 	 0
1.250000 	 0.000000e+00 0.000000e+00 0.000000e+00 	 0.000000e+00 0.000000e+00 0.000000e+00 	 0.000000e+00 0.000000e+00 0.000000e+00 	 0
1.750000 	 0.000000e+00 0.000000e+00 0.000000e+00 	 0.000000e+00 0.000000e+00 0.000000e+00 	 0.000000e+00 0.000000e+00 0.000000e+00 	 0
2.250000 	 0.000000e+00 0.000000e+00 0.000000e+00 	 0.000000e+00 0.000000e+00 0.000000e+00 	 0.000000e+00 0.000000e+00 0.000000e+00 	 0
2.750000 	 0.000000e+00 0.000000e+00 0.000000e+00 	 0.000000e+00 0.000000e+00 0.000000e+00 	 0.000000e+00 0.000000e+00 0.000000e+00 	 0
3.250000 	 3.048747e-06 -5.605027e-06 7.203324e-06 	 -1.246919e-06 7.664391e-06 2.940683e-06 	 1.801827e-06 2.059363e-06 1.014401e-05 	 23
3.750000 	 -3.333471e-07 4.502833e-07 -1.895483e-07 	 -1.501034e-07 8.698872e-07 -4.969805e-07 	 -4.834505e-07 1.320171e-06 -6.865288e-07 	 592
4.250000 	 2.205524e-07 2.361556e-07 1.395487e-06 	 3.789170e-07 3.871502e-07 -1.279198e-07 	 5.994693e-07 6.233058e-07 1.267567e-06 	 886
4.750000 	 -8.375156e-07 5.509408e-08 -1.683918e-06 	 -1.910335e-06 1.087999e-06 -3.661891e-08 	 -2.747851e-06 1.143094e-06 -1.720537e-06 	 892
5.250000 	 -1.216782e-06 -4.431348e-07 2.453689e-07 	 2.441464e-06 1.062550e-06 -3.222050e-07 	 1.224682e-06 6.194156e-07 -7.683608e-08 	 897
5.750000 	 -5.299274e-07 3.146806e-07 1.502056e-07 	 -7.571216e-08 2.840823e-07 -9.421045e-07 	 -6.056396e-07 5.987629e-07 -7.918989e-07 	 914
6.250000 	 1.320777e-07 7.605988e-07 8.808733e-07 	 -9.425542e-07 -8.624819e-07 -1.614405e-07 	 -8.104765e-07 -1.018831e-07 7.194328e-07 	 901
6.750000 	 -9.777361e-07 3.300595e-07 1.790975e-06 	 3.194796e-06 -1.437209e-06 8.758295e-08 	 2.217060e-06 -1.107149e-06 1.878558e-06 	 921
7.250000 	 4.050828e-07 -9.999222e-07 -1.929386e-06 	 -1.883387e-06 -2.651693e-07 8.265455e-07 	 -1.478304e-06 -1.265092e-06 -1.102840e-06 	 902
7.750000 	 -1.158223e-06 2.430696e-06 1.866925e-06 	 1.809450e-06 -4.582107e-07 -5.322453e-07 	 6.512272e-07 1.972485e-06 1.334679e-06 	 903
8.250000 	 -1.086271e-06 -3.160732e-07 1.583495e-06 	 -3.771212e-06 -8.499649e-08 -6.367841e-07 	 -4.857482e-06 -4.010697e-07 9.467107e-07 	 934
8.750000 	 1.476291e-06 5.706882e-07 -3.049726e-07 	 5.533062e-06 -1.176084e-06 3.297546e-08 	 7.009353e-06 -6.053956e-07 -2.719972e-07 	 891
9.250000 	 -5.103060e-07 3.215961e-07 -5.527669e-07 	 -4.418938e-06 9.342368e-08 -8.156389e-08 	 -4.929244e-06 4.150198e-07 -6.343308e-07 	 905
9.750000 	 -9.190561e-07 -2.035801e-06 -1.237413e-06 	 2.365461e-06 6.481045e-07 2.049276e-06 	 1.446405e-06 -1.387696e-06 8.118633e-07 	 897
10.250000 	 5.189824e-07 1.247920e-06 8.003493e-07 	 -3.515777e-07 -1.054565e-06 -7.406695e-08 	 1.674048e-07 1.933551e-07 7.262824e-07 	 920
10.750000 	 -1.809460e-07 -4.620181e-07 1.689812e-06 	 -6.103284e-07 -8.264337e-08 -5.393020e-07 	 -7.912744e-07 -5.446615e-07 1.150510e-06 	 862
11.250000 	 -1.831323e-08 2.911710e-07 -9.814214e-07 	 -9.812448e-07 6.282290e-07 7.374631e-07 	 -9.995580e-07 9.194000e-07 -2.439583e-07 	 553
11.750000 	 -6.670285e-06 3.626052e-06 -5.223015e-06 	 1.604432e-06 -5.917837e-06 3.117495e-07 	 -5.065853e-06 -2.291785e-06 -4.911265e-06 	 31
12.250000 	 0.000000e+00 0.000000e+00 0.000000e+00 	 0.000000e+00 0.000000e+00 0.000000e+00 	 0.000000e+00 0.000000e+00 0.000000e+00 	 0
12.750000 	 0.000000e+00 0.000000e+00 0.000000e+00 	 0.000000e+00 0.000000e+00 0.000000e+00 	 0.000000e+00 0.000000e+00 0.000000e+00 	 0
13.250000 	 0.000000e+00 0.000000e+00 0.000000e+00 	 0.000000e+00 0.000000e+00 0.000000e+00 	 0.000000e+00 0.000000e+00 0.000000e+00 	 0
13.750000 	 0.000000e+00 0.000000e+00 0.000000e+00 	 0.000000e+00 0.000000e+00 0.000000e+00 	 0.000000e+00 0.000000e+00 0.000000e+00 	 0
14.250000 	 0.000000e+00 0.000000e+00 0.000000e+00 	 0.000000e+00 0.000000e+00 0.000000e+00 	 0.000000e+00 0.000000e+00 0.000000e+00 	 0
14.750000 	 0.000000e+00 0.000000e+00 0.000000e+00 	 0.000000e+00 0.000000e+00 0.000000e+00 	 0.000000e+00 0.000000e+00 0.000000e+00 	 0
