# 1  2-4    5-7    8-10   11     
# x  dirEF  recEF  sumEF  #Sample
0.250000 	 0.000000e+00 0.000000e+00 0.000000e+00 	 0.000000e+00 0.000000e+00 0.000000e+00 	 0.000000e+00 0.000000e+00 0.000000e+00 	 0
0.750000 	 0.000000e+00 0.000000e+00 0.000000e+00 	 0.000000e+00 0.000000e+00 0.000000e+00 	 0.000000e+00 0.000000e+00 0.000000e+00 	 0
1.250000 	 0.000000e+00 0.000000e+00 0.000000e+00 	 0.000000e+00 0.000000e+00 0.000000e+00 	 0.000000e+00 0.000000e+00 0.000000e+00 	 0
1.750000 	 0.000000e+00 0.000000e+00 0.000000e+00 	 0.000000e+00 0.000000e+00 0.000000e+00 	 0.000000e+00 0.000000e+00 0.000000e+00 	 0
2.250000 	 0.000000e+00 0.000000e+00 0.000000e+00 	 0.000000e+00 0.000000e+00 0.000000e+00 	 0.000000e+00 0.000000e+00 0.000000e+00 	 0
2.750000 	 0.000000e+00 0.000000e+00 0.000000e+00 	 0.000000e+00 0.000000e+00 0.000000e+00 	 0.000000e+00 0.000000e+00 0.000000e+00 	 0
3.250000 	 -3.488694e-06 2.230297e-06 -5.422822e-06 	 -4.690094e-07 3.047758e-07 -3.509162e-07 	 -3.957704e-06 2.535072e-06 -5.773738e-06 	 33
3.750000 	 -5.298978e-08 -1.014557e-07 1.385167e-07 	 1.509462e-07 9.039107e-09 1.335935e-07 	 9.795646e-08 -9.241654e-08 2.721102e-07 	 553
4.250000 	 -7.117122e-07 6.848413e-08 -1.200077e-06 	 4.880911e-07 5.657199e-08 1.475491e-08 	 -2.236211e-07 1.250561e-07 -1.185322e-06 	 897
4.750000 	 -7.735470e-07 3.181816e-07 2.080345e-07 	 -8.691910e-08 -9.391632e-08 1.012596e-07 	 -8.604661e-07 2.242652e-07 3.092941e-07 	 897
5.250000 	 5.341152e-07 4.775073e-07 -7.308199e-08 	 -1.119883e-07 5.596389e-08 8.958059e-09 	 4.221269e-07 5.334711e-07 -6.412393e-08 	 906
5.750000 	 -4.133614e-07 -7.088777e-07 1.627671e-06 	 3.179117e-09 7.140103e-08 -2.763102e-09 	 -4.101823e-07 -6.374767e-07 1.624908e-06 	 915
6.250000 	 7.055034e-07 3.031854e-07 -1.678154e-07 	 -2.874732e-07 -2.439081e-08 -4.218301e-08 	 4.180301e-07 2.787946e-07 -2.099984e-07 	 933
6.750000 	 -9.219740e-07 1.724760e-07 1.821981e-07 	 2.764691e-07 5.519029e-08 4.226590e-08 	 -6.455049e-07 2.276662e-07 2.244640e-07 	 868
7.250000 	 1.275796e-06 5.272009e-07 2.395020e-07 	 -5.880956e-08 -3.362730e-08 -2.838403e-08 	 1.216987e-06 4.935736e-07 2.111179e-07 	 907
7.750000 	 -9.857089e-07 -6.001049e-08 -4.825608e-07 	 -1.266127e-07 -3.456772e-08 -7.093477e-09 	 -1.112322e-06 -9.457821e-08 -4.896543e-07 	 913
8.250000 	 -1.912114e-06 -2.720997e-07 -1.586099e-06 	 1.215542e-07 4.400299e-08 5.353197e-08 	 -1.790560e-06 -2.280968e-07 -1.532567e-06 	 917
8.750000 	 3.220327e-06 7.057725e-07 -2.057835e-07 	 -1.799939e-07 -4.010078e-08 6.060057e-08 	 3.040333e-06 6.656718e-07 -1.451829e-07 	 898
9.250000 	 -2.433000e-06 1.365858e-06 9.274532e-07 	 4.445684e-08 1.575158e-07 8.853335e-08 	 -2.388543e-06 1.523374e-06 1.015987e-06 	 934
9.750000 	 -5.694558e-07 -2.076103e-06 1.313524e-06 	 1.278059e-07 -3.669877e-09 3.340156e-08 	 -4.416498e-07 -2.079773e-06 1.346926e-06 	 901
10.250000 	 9.197651e-08 2.271124e-06 1.269172e-06 	 -1.526331e-07 1.351017e-07 -9.945396e-08 	 -6.065662e-08 2.406226e-06 1.169718e-06 	 912
10.750000 	 3.552380e-07 -1.097954e-06 6.198066e-08 	 -4.598996e-07 -1.867152e-08 -5.408950e-08 	 -1.046616e-07 -1.116626e-06 7.891164e-09 	 904
11.250000 	 2.447236e-07 7.181466e-07 -1.037770e-06 	 1.140142e-08 -3.911096e-08 -2.668677e-07 	 2.561250e-07 6.790357e-07 -1.304638e-06 	 527
11.750000 	 -6.620327e-06 -6.922954e-06 -1.702211e-05 	 4.271463e-06 3.459848e-06 1.263075e-06 	 -2.348864e-06 -3.463106e-06 -1.575903e-05 	 9
12.250000 	 0.000000e+00 0.000000e+00 0.000000e+00 	 0.000000e+00 0.000000e+00 0.000000e+00 	 0.000000e+00 0.000000e+00 0.000000e+00 	 0
12.750000 	 0.000000e+00 0.000000e+00 0.000000e+00 	 0.000000e+00 0.000000e+00 0.000000e+00 	 0.000000e+00 0.000000e+00 0.000000e+00 	 0
13.250000 	 0.000000e+00 0.000000e+00 0.000000e+00 	 0.000000e+00 0.000000e+00 0.000000e+00 	 0.000000e+00 0.000000e+00 0.000000e+00 	 0
13.750000 	 0.000000e+00 0.000000e+00 0.000000e+00 	 0.000000e+00 0.000000e+00 0.000000e+00 	 0.000000e+00 0.000000e+00 0.000000e+00 	 0
14.250000 	 0.000000e+00 0.000000e+00 0.000000e+00 	 0.000000e+00 0.000000e+00 0.000000e+00 	 0.000000e+00 0.000000e+00 0.000000e+00 	 0
14.750000 	 0.000000e+00 0.000000e+00 0.000000e+00 	 0.000000e+00 0.000000e+00 0.000000e+00 	 0.000000e+00 0.000000e+00 0.000000e+00 	 0
