# 1  2-4    5-7    8-10   11     
# x  dirEF  recEF  sumEF  #Sample
0.250000 	 0.000000e+00 0.000000e+00 0.000000e+00 	 0.000000e+00 0.000000e+00 0.000000e+00 	 0.000000e+00 0.000000e+00 0.000000e+00 	 0
0.750000 	 0.000000e+00 0.000000e+00 0.000000e+00 	 0.000000e+00 0.000000e+00 0.000000e+00 	 0.000000e+00 0.000000e+00 0.000000e+00 	 0
1.250000 	 0.000000e+00 0.000000e+00 0.000000e+00 	 0.000000e+00 0.000000e+00 0.000000e+00 	 0.000000e+00 0.000000e+00 0.000000e+00 	 0
1.750000 	 0.000000e+00 0.000000e+00 0.000000e+00 	 0.000000e+00 0.000000e+00 0.000000e+00 	 0.000000e+00 0.000000e+00 0.000000e+00 	 0
2.250000 	 0.000000e+00 0.000000e+00 0.000000e+00 	 0.000000e+00 0.000000e+00 0.000000e+00 	 0.000000e+00 0.000000e+00 0.000000e+00 	 0
2.750000 	 0.000000e+00 0.000000e+00 0.000000e+00 	 0.000000e+00 0.000000e+00 0.000000e+00 	 0.000000e+00 0.000000e+00 0.000000e+00 	 0
3.250000 	 -6.988366e-07 3.592431e-06 -3.604594e-07 	 -1.672560e-06 -9.833043e-08 -1.100455e-07 	 -2.371396e-06 3.494100e-06 -4.705049e-07 	 33
3.750000 	 -1.434088e-06 -7.204396e-07 -1.044739e-07 	 4.974917e-08 -5.615215e-08 -2.222231e-07 	 -1.384339e-06 -7.765918e-07 -3.266970e-07 	 568
4.250000 	 8.366724e-07 -3.687448e-07 4.606221e-07 	 8.922986e-07 -6.365391e-08 -3.625378e-08 	 1.728971e-06 -4.323987e-07 4.243684e-07 	 905
4.750000 	 8.788843e-07 1.060550e-07 1.671881e-06 	 -4.027321e-07 1.403775e-07 -2.754979e-08 	 4.761522e-07 2.464325e-07 1.644331e-06 	 888
5.250000 	 2.047586e-06 1.022308e-06 -2.665284e-06 	 -3.599978e-08 3.162937e-08 1.003310e-07 	 2.011586e-06 1.053937e-06 -2.564953e-06 	 925
5.750000 	 6.280338e-07 2.014171e-07 -1.313582e-06 	 -3.502720e-07 -1.329726e-07 -9.230861e-08 	 2.777619e-07 6.844449e-08 -1.405890e-06 	 894
6.250000 	 -8.718528e-07 -5.383174e-08 -1.243705e-07 	 -1.113874e-07 -9.608278e-08 5.225544e-08 	 -9.832402e-07 -1.499145e-07 -7.211508e-08 	 882
6.750000 	 6.703921e-07 1.156663e-06 -5.849382e-07 	 3.013547e-07 1.381128e-07 -3.662349e-09 	 9.717468e-07 1.294776e-06 -5.886005e-07 	 916
7.250000 	 3.024126e-08 -6.758296e-07 -1.511591e-07 	 -8.893322e-08 -1.558294e-07 9.068354e-08 	 -5.869196e-08 -8.316590e-07 -6.047560e-08 	 929
7.750000 	 -1.083804e-06 -1.200526e-06 1.539378e-06 	 -1.714508e-07 -2.294281e-08 -1.335557e-07 	 -1.255254e-06 -1.223469e-06 1.405822e-06 	 900
8.250000 	 9.600229e-07 -4.852157e-07 -1.529948e-06 	 3.551078e-07 4.582157e-09 6.765456e-08 	 1.315131e-06 -4.806335e-07 -1.462294e-06 	 911
8.750000 	 1.286826e-06 4.207763e-07 1.173588e-06 	 -3.175307e-07 -2.465286e-07 8.834184e-08 	 9.692951e-07 1.742477e-07 1.261930e-06 	 902
9.250000 	 6.621978e-07 -1.480184e-07 3.030732e-07 	 3.938466e-08 2.124905e-08 -1.772134e-07 	 7.015825e-07 -1.267694e-07 1.258598e-07 	 903
9.750000 	 3.513198e-07 1.013018e-06 -1.025991e-06 	 2.050903e-07 -2.138558e-07 1.413495e-07 	 5.564101e-07 7.991626e-07 -8.846412e-07 	 908
10.250000 	 -6.000173e-07 -1.393959e-06 3.722297e-09 	 -3.444582e-07 -7.668946e-08 -5.444529e-08 	 -9.444754e-07 -1.470649e-06 -5.072299e-08 	 871
10.750000 	 -5.658471e-07 1.594262e-06 -3.662538e-07 	 -1.742166e-07 -4.994919e-09 -9.169109e-08 	 -7.400637e-07 1.589267e-06 -4.579449e-07 	 898
11.250000 	 -3.548922e-07 -1.052026e-06 9.583116e-07 	 -1.488217e-07 1.672227e-07 9.833671e-09 	 -5.037138e-07 -8.848028e-07 9.681453e-07 	 559
11.750000 	 -6.054476e-06 -3.253257e-06 4.590022e-06 	 1.954039e-06 1.133527e-06 -8.004398e-07 	 -4.100437e-06 -2.119730e-06 3.789582e-06 	 32
12.250000 	 0.000000e+00 0.000000e+00 0.000000e+00 	 0.000000e+00 0.000000e+00 0.000000e+00 	 0.000000e+00 0.000000e+00 0.000000e+00 	 0
12.750000 	 0.000000e+00 0.000000e+00 0.000000e+00 	 0.000000e+00 0.000000e+00 0.000000e+00 	 0.000000e+00 0.000000e+00 0.000000e+00 	 0
13.250000 	 0.000000e+00 0.000000e+00 0.000000e+00 	 0.000000e+00 0.000000e+00 0.000000e+00 	 0.000000e+00 0.000000e+00 0.000000e+00 	 0
13.750000 	 0.000000e+00 0.000000e+00 0.000000e+00 	 0.000000e+00 0.000000e+00 0.000000e+00 	 0.000000e+00 0.000000e+00 0.000000e+00 	 0
14.250000 	 0.000000e+00 0.000000e+00 0.000000e+00 	 0.000000e+00 0.000000e+00 0.000000e+00 	 0.000000e+00 0.000000e+00 0.000000e+00 	 0
14.750000 	 0.000000e+00 0.000000e+00 0.000000e+00 	 0.000000e+00 0.000000e+00 0.000000e+00 	 0.000000e+00 0.000000e+00 0.000000e+00 	 0
