# 1  2-4    5-7    8-10   11     
# x  dirEF  recEF  sumEF  #Sample
0.250000 	 0.000000e+00 0.000000e+00 0.000000e+00 	 0.000000e+00 0.000000e+00 0.000000e+00 	 0.000000e+00 0.000000e+00 0.000000e+00 	 0
0.750000 	 0.000000e+00 0.000000e+00 0.000000e+00 	 0.000000e+00 0.000000e+00 0.000000e+00 	 0.000000e+00 0.000000e+00 0.000000e+00 	 0
1.250000 	 0.000000e+00 0.000000e+00 0.000000e+00 	 0.000000e+00 0.000000e+00 0.000000e+00 	 0.000000e+00 0.000000e+00 0.000000e+00 	 0
1.750000 	 0.000000e+00 0.000000e+00 0.000000e+00 	 0.000000e+00 0.000000e+00 0.000000e+00 	 0.000000e+00 0.000000e+00 0.000000e+00 	 0
2.250000 	 0.000000e+00 0.000000e+00 0.000000e+00 	 0.000000e+00 0.000000e+00 0.000000e+00 	 0.000000e+00 0.000000e+00 0.000000e+00 	 0
2.750000 	 0.000000e+00 0.000000e+00 0.000000e+00 	 0.000000e+00 0.000000e+00 0.000000e+00 	 0.000000e+00 0.000000e+00 0.000000e+00 	 0
3.250000 	 4.600014e-06 1.312325e-06 -1.673986e-06 	 4.132232e-06 1.302295e-06 6.111100e-06 	 8.732246e-06 2.614619e-06 4.437115e-06 	 31
3.750000 	 1.459786e-06 1.354700e-06 -4.616584e-07 	 -2.685273e-06 5.910175e-07 7.281528e-07 	 -1.225487e-06 1.945718e-06 2.664944e-07 	 562
4.250000 	 -3.128488e-07 -4.146312e-07 9.637644e-07 	 8.608532e-07 1.992736e-07 3.578371e-07 	 5.480045e-07 -2.153576e-07 1.321601e-06 	 907
4.750000 	 -9.687926e-07 -1.189615e-06 5.117735e-07 	 -3.714174e-08 3.162286e-07 2.329573e-07 	 -1.005934e-06 -8.733864e-07 7.447308e-07 	 878
5.250000 	 -6.423431e-08 -3.644308e-07 -1.533210e-06 	 -5.598550e-07 -2.991450e-07 3.333603e-09 	 -6.240893e-07 -6.635758e-07 -1.529877e-06 	 897
5.750000 	 1.248280e-06 -5.541660e-07 -1.688015e-06 	 6.267716e-07 -8.705909e-07 4.282996e-08 	 1.875052e-06 -1.424757e-06 -1.645185e-06 	 918
6.250000 	 1.962137e-06 1.204312e-06 7.777506e-07 	 5.602046e-07 -1.455706e-07 5.547183e-07 	 2.522342e-06 1.058742e-06 1.332469e-06 	 916
6.750000 	 1.917701e-07 -8.717662e-07 -6.090015e-07 	 -9.107172e-07 5.867992e-07 -1.170994e-06 	 -7.189471e-07 -2.849670e-07 -1.779996e-06 	 892
7.250000 	 -4.316480e-07 -1.855735e-07 -4.378204e-08 	 -1.471865e-06 -4.590977e-07 -3.095248e-08 	 -1.903513e-06 -6.446712e-07 -7.473452e-08 	 940
7.750000 	 2.650442e-07 1.850813e-06 -7.154602e-07 	 2.132221e-06 9.061967e-09 -1.612251e-08 	 2.397265e-06 1.859875e-06 -7.315827e-07 	 920
8.250000 	 1.499878e-06 -7.575601e-07 -1.830487e-06 	 6.847961e-07 6.124154e-09 -6.196264e-07 	 2.184674e-06 -7.514360e-07 -2.450114e-06 	 887
8.750000 	 -8.817635e-07 -4.397104e-08 2.334626e-06 	 -1.016012e-06 -4.317072e-07 1.867443e-07 	 -1.897775e-06 -4.756782e-07 2.521370e-06 	 911
9.250000 	 -1.631791e-07 1.192223e-06 -2.086780e-06 	 -6.489036e-07 1.812231e-07 2.307951e-07 	 -8.120827e-07 1.373447e-06 -1.855985e-06 	 902
9.750000 	 -5.975307e-07 -1.464023e-06 2.444521e-06 	 1.473109e-07 -6.020985e-07 -2.405032e-08 	 -4.502198e-07 -2.066122e-06 2.420470e-06 	 916
10.250000 	 5.654112e-08 5.483370e-07 -1.375797e-06 	 9.108827e-07 4.612020e-07 1.977871e-08 	 9.674238e-07 1.009539e-06 -1.356019e-06 	 879
10.750000 	 7.600913e-07 4.145488e-07 3.992633e-07 	 -2.338086e-06 6.816848e-07 2.206822e-07 	 -1.577995e-06 1.096234e-06 6.199456e-07 	 902
11.250000 	 1.600461e-06 -2.948941e-06 -8.775346e-07 	 -8.001103e-07 2.460170e-07 1.040785e-07 	 8.003504e-07 -2.702924e-06 -7.734561e-07 	 546
11.750000 	 2.503639e-06 1.109163e-06 7.077340e-07 	 4.494923e-06 -6.047251e-06 -8.291731e-06 	 6.998562e-06 -4.938088e-06 -7.583997e-06 	 20
12.250000 	 0.000000e+00 0.000000e+00 0.000000e+00 	 0.000000e+00 0.000000e+00 0.000000e+00 	 0.000000e+00 0.000000e+00 0.000000e+00 	 0
12.750000 	 0.000000e+00 0.000000e+00 0.000000e+00 	 0.000000e+00 0.000000e+00 0.000000e+00 	 0.000000e+00 0.000000e+00 0.000000e+00 	 0
13.250000 	 0.000000e+00 0.000000e+00 0.000000e+00 	 0.000000e+00 0.000000e+00 0.000000e+00 	 0.000000e+00 0.000000e+00 0.000000e+00 	 0
13.750000 	 0.000000e+00 0.000000e+00 0.000000e+00 	 0.000000e+00 0.000000e+00 0.000000e+00 	 0.000000e+00 0.000000e+00 0.000000e+00 	 0
14.250000 	 0.000000e+00 0.000000e+00 0.000000e+00 	 0.000000e+00 0.000000e+00 0.000000e+00 	 0.000000e+00 0.000000e+00 0.000000e+00 	 0
14.750000 	 0.000000e+00 0.000000e+00 0.000000e+00 	 0.000000e+00 0.000000e+00 0.000000e+00 	 0.000000e+00 0.000000e+00 0.000000e+00 	 0
