# 1  2-4    5-7    8-10   11     
# x  dirEF  recEF  sumEF  #Sample
0.250000 	 0.000000e+00 0.000000e+00 0.000000e+00 	 0.000000e+00 0.000000e+00 0.000000e+00 	 0.000000e+00 0.000000e+00 0.000000e+00 	 0
0.750000 	 0.000000e+00 0.000000e+00 0.000000e+00 	 0.000000e+00 0.000000e+00 0.000000e+00 	 0.000000e+00 0.000000e+00 0.000000e+00 	 0
1.250000 	 0.000000e+00 0.000000e+00 0.000000e+00 	 0.000000e+00 0.000000e+00 0.000000e+00 	 0.000000e+00 0.000000e+00 0.000000e+00 	 0
1.750000 	 0.000000e+00 0.000000e+00 0.000000e+00 	 0.000000e+00 0.000000e+00 0.000000e+00 	 0.000000e+00 0.000000e+00 0.000000e+00 	 0
2.250000 	 0.000000e+00 0.000000e+00 0.000000e+00 	 0.000000e+00 0.000000e+00 0.000000e+00 	 0.000000e+00 0.000000e+00 0.000000e+00 	 0
2.750000 	 0.000000e+00 0.000000e+00 0.000000e+00 	 0.000000e+00 0.000000e+00 0.000000e+00 	 0.000000e+00 0.000000e+00 0.000000e+00 	 0
3.250000 	 6.952002e-07 -2.514341e-06 6.752384e-06 	 -1.827644e-06 2.371443e-06 -1.765498e-07 	 -1.132444e-06 -1.428980e-07 6.575834e-06 	 26
3.750000 	 -8.918534e-07 2.124821e-07 8.706508e-07 	 4.878046e-07 -6.539814e-07 6.693134e-07 	 -4.040488e-07 -4.414993e-07 1.539964e-06 	 565
4.250000 	 1.130873e-06 1.904676e-07 1.107900e-06 	 -6.582812e-08 -1.475037e-06 6.295629e-07 	 1.065045e-06 -1.284569e-06 1.737463e-06 	 888
4.750000 	 -1.253033e-06 1.330971e-06 -1.177479e-06 	 -1.535998e-07 3.099904e-07 -5.296683e-08 	 -1.406633e-06 1.640961e-06 -1.230445e-06 	 906
5.250000 	 1.501090e-06 -1.043317e-07 -1.396642e-06 	 4.759850e-08 -4.348230e-08 -2.380263e-07 	 1.548688e-06 -1.478140e-07 -1.634669e-06 	 921
5.750000 	 -1.001723e-06 -9.404938e-07 1.127498e-06 	 -2.541067e-07 -5.439100e-07 5.551325e-08 	 -1.255830e-06 -1.484404e-06 1.183011e-06 	 924
6.250000 	 -6.267027e-07 3.661530e-07 2.067592e-07 	 2.375818e-07 5.680503e-07 6.313108e-08 	 -3.891209e-07 9.342032e-07 2.698903e-07 	 902
6.750000 	 7.037945e-07 -1.110821e-07 2.430972e-07 	 -7.081072e-08 -7.723973e-08 2.046699e-07 	 6.329838e-07 -1.883218e-07 4.477671e-07 	 893
7.250000 	 1.450667e-06 -4.516590e-07 -1.695953e-07 	 -3.345725e-07 7.194474e-07 6.011762e-07 	 1.116094e-06 2.677884e-07 4.315809e-07 	 892
7.750000 	 1.274424e-06 5.100214e-07 -1.427156e-06 	 4.283438e-07 -2.873337e-07 -4.295262e-07 	 1.702767e-06 2.226877e-07 -1.856682e-06 	 905
8.250000 	 -2.026424e-07 1.592310e-07 1.381077e-06 	 -3.546225e-07 -7.273364e-07 -3.285901e-07 	 -5.572649e-07 -5.681054e-07 1.052487e-06 	 892
8.750000 	 -1.667840e-06 -3.890378e-07 -6.436116e-07 	 3.371036e-07 4.466579e-07 -4.055263e-07 	 -1.330736e-06 5.762012e-08 -1.049138e-06 	 933
9.250000 	 1.352890e-06 -1.529314e-07 5.482970e-07 	 -1.002245e-07 2.901596e-07 1.186310e-07 	 1.252665e-06 1.372282e-07 6.669279e-07 	 915
9.750000 	 -6.542739e-07 1.488650e-06 -1.710741e-06 	 -1.877639e-07 -6.260297e-08 -8.403655e-07 	 -8.420378e-07 1.426047e-06 -2.551107e-06 	 893
10.250000 	 -5.045183e-07 -4.591742e-07 -3.371072e-07 	 -2.139579e-07 -7.225898e-07 2.018298e-07 	 -7.184762e-07 -1.181764e-06 -1.352774e-07 	 919
10.750000 	 -2.527635e-07 -8.276213e-07 -9.260268e-07 	 3.499408e-07 -4.139642e-07 -4.835181e-07 	 9.717738e-08 -1.241586e-06 -1.409545e-06 	 888
11.250000 	 -1.288280e-07 -1.159230e-07 1.885250e-06 	 -5.475251e-07 8.068697e-07 -5.698631e-07 	 -6.763531e-07 6.909467e-07 1.315387e-06 	 540
11.750000 	 6.102159e-08 -8.424825e-06 3.332999e-06 	 1.443207e-06 -1.783910e-06 -1.493951e-06 	 1.504229e-06 -1.020874e-05 1.839048e-06 	 22
12.250000 	 0.000000e+00 0.000000e+00 0.000000e+00 	 0.000000e+00 0.000000e+00 0.000000e+00 	 0.000000e+00 0.000000e+00 0.000000e+00 	 0
12.750000 	 0.000000e+00 0.000000e+00 0.000000e+00 	 0.000000e+00 0.000000e+00 0.000000e+00 	 0.000000e+00 0.000000e+00 0.000000e+00 	 0
13.250000 	 0.000000e+00 0.000000e+00 0.000000e+00 	 0.000000e+00 0.000000e+00 0.000000e+00 	 0.000000e+00 0.000000e+00 0.000000e+00 	 0
13.750000 	 0.000000e+00 0.000000e+00 0.000000e+00 	 0.000000e+00 0.000000e+00 0.000000e+00 	 0.000000e+00 0.000000e+00 0.000000e+00 	 0
14.250000 	 0.000000e+00 0.000000e+00 0.000000e+00 	 0.000000e+00 0.000000e+00 0.000000e+00 	 0.000000e+00 0.000000e+00 0.000000e+00 	 0
14.750000 	 0.000000e+00 0.000000e+00 0.000000e+00 	 0.000000e+00 0.000000e+00 0.000000e+00 	 0.000000e+00 0.000000e+00 0.000000e+00 	 0
