# 1  2-4    5-7    8-10   11     
# x  dirEF  recEF  sumEF  #Sample
0.250000 	 0.000000e+00 0.000000e+00 0.000000e+00 	 0.000000e+00 0.000000e+00 0.000000e+00 	 0.000000e+00 0.000000e+00 0.000000e+00 	 0
0.750000 	 0.000000e+00 0.000000e+00 0.000000e+00 	 0.000000e+00 0.000000e+00 0.000000e+00 	 0.000000e+00 0.000000e+00 0.000000e+00 	 0
1.250000 	 0.000000e+00 0.000000e+00 0.000000e+00 	 0.000000e+00 0.000000e+00 0.000000e+00 	 0.000000e+00 0.000000e+00 0.000000e+00 	 0
1.750000 	 0.000000e+00 0.000000e+00 0.000000e+00 	 0.000000e+00 0.000000e+00 0.000000e+00 	 0.000000e+00 0.000000e+00 0.000000e+00 	 0
2.250000 	 0.000000e+00 0.000000e+00 0.000000e+00 	 0.000000e+00 0.000000e+00 0.000000e+00 	 0.000000e+00 0.000000e+00 0.000000e+00 	 0
2.750000 	 0.000000e+00 0.000000e+00 0.000000e+00 	 0.000000e+00 0.000000e+00 0.000000e+00 	 0.000000e+00 0.000000e+00 0.000000e+00 	 0
3.250000 	 -9.596010e-06 3.402247e-06 -5.025007e-06 	 -3.466471e-06 -1.186249e-06 3.436102e-06 	 -1.306248e-05 2.215997e-06 -1.588905e-06 	 20
3.750000 	 -9.571263e-07 1.137931e-06 -1.151632e-06 	 1.493225e-06 3.133819e-08 -1.235521e-07 	 5.360991e-07 1.169269e-06 -1.275184e-06 	 600
4.250000 	 -4.889419e-07 7.086688e-08 9.476495e-08 	 -4.418771e-07 -5.532759e-08 1.300408e-07 	 -9.308190e-07 1.553928e-08 2.248057e-07 	 912
4.750000 	 -2.063209e-06 -1.082540e-06 -2.171707e-07 	 7.326077e-08 2.918786e-08 5.980303e-08 	 -1.989948e-06 -1.053352e-06 -1.573677e-07 	 894
5.250000 	 1.622330e-06 7.049119e-07 5.740540e-07 	 -2.878549e-08 -4.190223e-08 1.265563e-07 	 1.593544e-06 6.630097e-07 7.006104e-07 	 887
5.750000 	 1.272923e-06 -3.937159e-07 9.206604e-07 	 -3.221662e-07 -1.113517e-08 -2.080910e-08 	 9.507565e-07 -4.048510e-07 8.998513e-07 	 920
6.250000 	 -9.091219e-08 1.528546e-06 -4.733065e-07 	 6.815096e-07 4.667506e-08 5.043166e-08 	 5.905974e-07 1.575221e-06 -4.228749e-07 	 888
6.750000 	 -8.876710e-07 -1.770154e-06 -9.345669e-07 	 -5.585992e-07 -1.341585e-08 3.417124e-09 	 -1.446270e-06 -1.783570e-06 -9.311498e-07 	 922
7.250000 	 -1.970295e-08 -1.522562e-06 1.144860e-06 	 3.735443e-07 -1.078417e-07 -2.055581e-07 	 3.538413e-07 -1.630403e-06 9.393014e-07 	 883
7.750000 	 4.647949e-07 2.247607e-07 3.733850e-07 	 9.289323e-08 1.327214e-07 2.403208e-07 	 5.576881e-07 3.574820e-07 6.137058e-07 	 907
8.250000 	 -1.819391e-06 8.061725e-07 -1.068975e-06 	 -2.664731e-08 7.469359e-09 -1.514826e-07 	 -1.846038e-06 8.136419e-07 -1.220458e-06 	 891
8.750000 	 -2.734855e-07 7.631965e-07 -2.580985e-07 	 -5.086304e-08 -1.924807e-07 5.211360e-08 	 -3.243485e-07 5.707158e-07 -2.059849e-07 	 918
9.250000 	 9.189166e-07 -1.367695e-06 1.679551e-07 	 1.570171e-07 2.283881e-08 5.965938e-08 	 1.075934e-06 -1.344857e-06 2.276145e-07 	 885
9.750000 	 2.499205e-07 -2.717087e-06 -1.282383e-07 	 -9.784346e-08 6.375053e-08 5.748635e-08 	 1.520771e-07 -2.653336e-06 -7.075198e-08 	 921
10.250000 	 -2.233794e-06 5.234554e-07 2.686136e-06 	 1.840350e-07 2.196615e-08 4.117921e-08 	 -2.049759e-06 5.454216e-07 2.727315e-06 	 890
10.750000 	 8.378389e-07 1.451755e-06 -1.819554e-06 	 -3.110394e-08 -4.913432e-08 -8.369999e-09 	 8.067350e-07 1.402621e-06 -1.827924e-06 	 884
11.250000 	 -6.491817e-08 -4.505366e-07 2.113345e-06 	 -1.052327e-06 -2.101587e-08 -1.399859e-07 	 -1.117245e-06 -4.715525e-07 1.973359e-06 	 567
11.750000 	 6.592654e-06 -3.532624e-06 2.104950e-06 	 2.892671e-06 -1.437586e-06 -4.144464e-07 	 9.485326e-06 -4.970210e-06 1.690504e-06 	 35
12.250000 	 0.000000e+00 0.000000e+00 0.000000e+00 	 0.000000e+00 0.000000e+00 0.000000e+00 	 0.000000e+00 0.000000e+00 0.000000e+00 	 0
12.750000 	 0.000000e+00 0.000000e+00 0.000000e+00 	 0.000000e+00 0.000000e+00 0.000000e+00 	 0.000000e+00 0.000000e+00 0.000000e+00 	 0
13.250000 	 0.000000e+00 0.000000e+00 0.000000e+00 	 0.000000e+00 0.000000e+00 0.000000e+00 	 0.000000e+00 0.000000e+00 0.000000e+00 	 0
13.750000 	 0.000000e+00 0.000000e+00 0.000000e+00 	 0.000000e+00 0.000000e+00 0.000000e+00 	 0.000000e+00 0.000000e+00 0.000000e+00 	 0
14.250000 	 0.000000e+00 0.000000e+00 0.000000e+00 	 0.000000e+00 0.000000e+00 0.000000e+00 	 0.000000e+00 0.000000e+00 0.000000e+00 	 0
14.750000 	 0.000000e+00 0.000000e+00 0.000000e+00 	 0.000000e+00 0.000000e+00 0.000000e+00 	 0.000000e+00 0.000000e+00 0.000000e+00 	 0
