# 1  2-4    5-7    8-10   11     
# x  dirEF  recEF  sumEF  #Sample
0.250000 	 0.000000e+00 0.000000e+00 0.000000e+00 	 0.000000e+00 0.000000e+00 0.000000e+00 	 0.000000e+00 0.000000e+00 0.000000e+00 	 0
0.750000 	 0.000000e+00 0.000000e+00 0.000000e+00 	 0.000000e+00 0.000000e+00 0.000000e+00 	 0.000000e+00 0.000000e+00 0.000000e+00 	 0
1.250000 	 0.000000e+00 0.000000e+00 0.000000e+00 	 0.000000e+00 0.000000e+00 0.000000e+00 	 0.000000e+00 0.000000e+00 0.000000e+00 	 0
1.750000 	 0.000000e+00 0.000000e+00 0.000000e+00 	 0.000000e+00 0.000000e+00 0.000000e+00 	 0.000000e+00 0.000000e+00 0.000000e+00 	 0
2.250000 	 0.000000e+00 0.000000e+00 0.000000e+00 	 0.000000e+00 0.000000e+00 0.000000e+00 	 0.000000e+00 0.000000e+00 0.000000e+00 	 0
2.750000 	 0.000000e+00 0.000000e+00 0.000000e+00 	 0.000000e+00 0.000000e+00 0.000000e+00 	 0.000000e+00 0.000000e+00 0.000000e+00 	 0
3.250000 	 -9.765374e-07 4.096206e-06 -9.685654e-07 	 -2.189354e-06 -5.591890e-07 -2.838179e-07 	 -3.165891e-06 3.537017e-06 -1.252383e-06 	 43
3.750000 	 -1.093639e-06 3.820739e-07 5.465605e-07 	 8.510937e-07 -9.164141e-08 -1.252106e-08 	 -2.425457e-07 2.904325e-07 5.340394e-07 	 575
4.250000 	 4.176357e-08 -1.938804e-06 1.048910e-06 	 -2.302593e-08 -1.321091e-07 -5.609568e-08 	 1.873764e-08 -2.070913e-06 9.928142e-07 	 903
4.750000 	 -4.380024e-07 1.196095e-06 5.982880e-07 	 4.657614e-08 -1.666028e-07 -3.877899e-08 	 -3.914262e-07 1.029493e-06 5.595090e-07 	 899
5.250000 	 4.147042e-07 7.689162e-08 9.854946e-07 	 -3.630180e-08 3.432914e-08 -3.830300e-08 	 3.784024e-07 1.112208e-07 9.471916e-07 	 903
5.750000 	 5.503696e-08 -7.217460e-07 3.150897e-07 	 -1.269056e-07 -1.787776e-07 4.511613e-08 	 -7.186864e-08 -9.005236e-07 3.602058e-07 	 898
6.250000 	 -1.298416e-06 2.454336e-07 -2.159405e-06 	 -6.654624e-08 4.227315e-08 -1.341311e-07 	 -1.364962e-06 2.877067e-07 -2.293537e-06 	 883
6.750000 	 -3.292104e-08 2.313323e-07 5.636562e-07 	 -5.473020e-09 -7.114548e-08 1.835874e-07 	 -3.839406e-08 1.601869e-07 7.472436e-07 	 904
7.250000 	 -5.732056e-07 -1.594342e-06 3.626372e-07 	 -3.316486e-07 5.052107e-08 -1.578141e-07 	 -9.048542e-07 -1.543821e-06 2.048231e-07 	 924
7.750000 	 1.161656e-06 -1.388646e-06 2.519643e-07 	 2.258473e-07 5.716604e-08 -4.134309e-08 	 1.387504e-06 -1.331480e-06 2.106212e-07 	 893
8.250000 	 1.030484e-06 6.332632e-07 -4.509102e-07 	 7.159260e-08 -1.244682e-07 1.001820e-07 	 1.102076e-06 5.087950e-07 -3.507282e-07 	 900
8.750000 	 -1.221369e-06 1.912163e-06 -4.554715e-07 	 -3.773590e-08 -2.870464e-08 1.591411e-08 	 -1.259105e-06 1.883458e-06 -4.395574e-07 	 918
9.250000 	 7.458478e-07 -1.020492e-06 1.902191e-06 	 -1.392666e-07 1.407466e-07 -5.681889e-08 	 6.065812e-07 -8.797450e-07 1.845372e-06 	 893
9.750000 	 6.598104e-07 -6.446164e-07 8.816683e-07 	 -3.330234e-07 -1.214861e-07 4.575952e-08 	 3.267870e-07 -7.661025e-07 9.274278e-07 	 906
10.250000 	 -1.069119e-06 1.939509e-06 -8.055589e-08 	 2.945302e-07 5.873204e-09 -1.025292e-07 	 -7.745889e-07 1.945382e-06 -1.830851e-07 	 916
10.750000 	 4.883734e-07 -8.766957e-07 -1.638758e-06 	 -3.591227e-07 -7.242534e-08 -1.072875e-07 	 1.292506e-07 -9.491211e-07 -1.746046e-06 	 876
11.250000 	 3.526054e-07 -8.038324e-07 8.671073e-07 	 -3.986518e-07 1.355278e-07 -4.181827e-08 	 -4.604645e-08 -6.683046e-07 8.252890e-07 	 559
11.750000 	 2.910462e-06 -1.571494e-06 -1.230107e-07 	 2.106995e-06 7.989438e-08 7.031698e-07 	 5.017457e-06 -1.491600e-06 5.801591e-07 	 31
12.250000 	 0.000000e+00 0.000000e+00 0.000000e+00 	 0.000000e+00 0.000000e+00 0.000000e+00 	 0.000000e+00 0.000000e+00 0.000000e+00 	 0
12.750000 	 0.000000e+00 0.000000e+00 0.000000e+00 	 0.000000e+00 0.000000e+00 0.000000e+00 	 0.000000e+00 0.000000e+00 0.000000e+00 	 0
13.250000 	 0.000000e+00 0.000000e+00 0.000000e+00 	 0.000000e+00 0.000000e+00 0.000000e+00 	 0.000000e+00 0.000000e+00 0.000000e+00 	 0
13.750000 	 0.000000e+00 0.000000e+00 0.000000e+00 	 0.000000e+00 0.000000e+00 0.000000e+00 	 0.000000e+00 0.000000e+00 0.000000e+00 	 0
14.250000 	 0.000000e+00 0.000000e+00 0.000000e+00 	 0.000000e+00 0.000000e+00 0.000000e+00 	 0.000000e+00 0.000000e+00 0.000000e+00 	 0
14.750000 	 0.000000e+00 0.000000e+00 0.000000e+00 	 0.000000e+00 0.000000e+00 0.000000e+00 	 0.000000e+00 0.000000e+00 0.000000e+00 	 0
