# 1  2-4    5-7    8-10   11     
# x  dirEF  recEF  sumEF  #Sample
0.250000 	 0.000000e+00 0.000000e+00 0.000000e+00 	 0.000000e+00 0.000000e+00 0.000000e+00 	 0.000000e+00 0.000000e+00 0.000000e+00 	 0
0.750000 	 0.000000e+00 0.000000e+00 0.000000e+00 	 0.000000e+00 0.000000e+00 0.000000e+00 	 0.000000e+00 0.000000e+00 0.000000e+00 	 0
1.250000 	 0.000000e+00 0.000000e+00 0.000000e+00 	 0.000000e+00 0.000000e+00 0.000000e+00 	 0.000000e+00 0.000000e+00 0.000000e+00 	 0
1.750000 	 0.000000e+00 0.000000e+00 0.000000e+00 	 0.000000e+00 0.000000e+00 0.000000e+00 	 0.000000e+00 0.000000e+00 0.000000e+00 	 0
2.250000 	 0.000000e+00 0.000000e+00 0.000000e+00 	 0.000000e+00 0.000000e+00 0.000000e+00 	 0.000000e+00 0.000000e+00 0.000000e+00 	 0
2.750000 	 0.000000e+00 0.000000e+00 0.000000e+00 	 0.000000e+00 0.000000e+00 0.000000e+00 	 0.000000e+00 0.000000e+00 0.000000e+00 	 0
3.250000 	 -1.850354e-06 6.234310e-06 -2.580080e-06 	 -2.595706e-06 2.187945e-07 -1.229399e-06 	 -4.446059e-06 6.453105e-06 -3.809479e-06 	 33
3.750000 	 -5.072827e-07 8.055417e-08 2.887653e-06 	 6.421391e-07 -1.100766e-07 3.401872e-08 	 1.348564e-07 -2.952245e-08 2.921671e-06 	 564
4.250000 	 -1.469058e-06 1.208240e-06 -3.926556e-07 	 2.177408e-07 1.083493e-07 5.521230e-08 	 -1.251318e-06 1.316589e-06 -3.374433e-07 	 897
4.750000 	 -7.563651e-07 -8.027203e-07 -9.937757e-08 	 -2.507758e-08 1.183907e-07 -1.450612e-07 	 -7.814427e-07 -6.843296e-07 -2.444388e-07 	 915
5.250000 	 2.525163e-06 -3.370086e-07 7.483527e-07 	 2.914637e-10 1.332359e-08 1.727820e-08 	 2.525455e-06 -3.236850e-07 7.656310e-07 	 899
5.750000 	 -4.659275e-07 9.324525e-07 -2.261484e-06 	 9.761782e-09 3.684863e-08 2.332096e-08 	 -4.561657e-07 9.693011e-07 -2.238163e-06 	 927
6.250000 	 -7.489223e-07 -9.843460e-07 2.324559e-07 	 4.009852e-07 7.149521e-08 4.358275e-08 	 -3.479371e-07 -9.128508e-07 2.760387e-07 	 902
6.750000 	 -1.041112e-06 3.606875e-07 -7.779397e-07 	 -5.879540e-07 -1.463003e-08 2.657044e-08 	 -1.629066e-06 3.460574e-07 -7.513693e-07 	 904
7.250000 	 2.826486e-07 -1.480619e-06 -9.910936e-07 	 1.267862e-07 -9.556013e-08 -3.736706e-08 	 4.094348e-07 -1.576179e-06 -1.028461e-06 	 906
7.750000 	 -9.906370e-07 1.035129e-06 4.116745e-08 	 -4.716813e-08 1.017736e-07 2.417911e-08 	 -1.037805e-06 1.136903e-06 6.534655e-08 	 890
8.250000 	 -1.024199e-06 2.749793e-06 4.358312e-07 	 5.021573e-08 -3.133286e-09 1.033266e-09 	 -9.739837e-07 2.746659e-06 4.368645e-07 	 909
8.750000 	 2.251753e-08 2.280268e-07 -9.829368e-07 	 8.136243e-08 -1.582145e-08 3.339954e-08 	 1.038800e-07 2.122053e-07 -9.495373e-07 	 891
9.250000 	 3.119464e-06 1.194024e-06 -2.066284e-07 	 8.952564e-08 6.051934e-08 -1.699408e-07 	 3.208990e-06 1.254544e-06 -3.765691e-07 	 911
9.750000 	 -1.717955e-06 7.196860e-07 1.020471e-07 	 -3.587217e-07 -1.039827e-07 9.438153e-08 	 -2.076676e-06 6.157033e-07 1.964286e-07 	 897
10.250000 	 -4.567706e-07 -4.096532e-07 -1.884423e-07 	 1.385112e-07 -1.069886e-07 -5.938651e-08 	 -3.182594e-07 -5.166417e-07 -2.478288e-07 	 882
10.750000 	 -3.911310e-07 -1.294298e-06 1.300071e-06 	 -3.114648e-08 -6.808648e-08 -6.092371e-08 	 -4.222775e-07 -1.362385e-06 1.239147e-06 	 914
11.250000 	 1.094467e-06 2.523080e-06 5.095682e-07 	 -9.578116e-07 -2.367831e-07 3.037927e-07 	 1.366554e-07 2.286297e-06 8.133609e-07 	 559
11.750000 	 -9.054110e-06 4.863728e-06 -3.312029e-06 	 7.231576e-07 -2.351789e-08 2.090065e-06 	 -8.330952e-06 4.840210e-06 -1.221964e-06 	 24
12.250000 	 0.000000e+00 0.000000e+00 0.000000e+00 	 0.000000e+00 0.000000e+00 0.000000e+00 	 0.000000e+00 0.000000e+00 0.000000e+00 	 0
12.750000 	 0.000000e+00 0.000000e+00 0.000000e+00 	 0.000000e+00 0.000000e+00 0.000000e+00 	 0.000000e+00 0.000000e+00 0.000000e+00 	 0
13.250000 	 0.000000e+00 0.000000e+00 0.000000e+00 	 0.000000e+00 0.000000e+00 0.000000e+00 	 0.000000e+00 0.000000e+00 0.000000e+00 	 0
13.750000 	 0.000000e+00 0.000000e+00 0.000000e+00 	 0.000000e+00 0.000000e+00 0.000000e+00 	 0.000000e+00 0.000000e+00 0.000000e+00 	 0
14.250000 	 0.000000e+00 0.000000e+00 0.000000e+00 	 0.000000e+00 0.000000e+00 0.000000e+00 	 0.000000e+00 0.000000e+00 0.000000e+00 	 0
14.750000 	 0.000000e+00 0.000000e+00 0.000000e+00 	 0.000000e+00 0.000000e+00 0.000000e+00 	 0.000000e+00 0.000000e+00 0.000000e+00 	 0
