# 1  2-4    5-7    8-10   11     
# x  dirEF  recEF  sumEF  #Sample
0.250000 	 0.000000e+00 0.000000e+00 0.000000e+00 	 0.000000e+00 0.000000e+00 0.000000e+00 	 0.000000e+00 0.000000e+00 0.000000e+00 	 0
0.750000 	 0.000000e+00 0.000000e+00 0.000000e+00 	 0.000000e+00 0.000000e+00 0.000000e+00 	 0.000000e+00 0.000000e+00 0.000000e+00 	 0
1.250000 	 0.000000e+00 0.000000e+00 0.000000e+00 	 0.000000e+00 0.000000e+00 0.000000e+00 	 0.000000e+00 0.000000e+00 0.000000e+00 	 0
1.750000 	 0.000000e+00 0.000000e+00 0.000000e+00 	 0.000000e+00 0.000000e+00 0.000000e+00 	 0.000000e+00 0.000000e+00 0.000000e+00 	 0
2.250000 	 0.000000e+00 0.000000e+00 0.000000e+00 	 0.000000e+00 0.000000e+00 0.000000e+00 	 0.000000e+00 0.000000e+00 0.000000e+00 	 0
2.750000 	 0.000000e+00 0.000000e+00 0.000000e+00 	 0.000000e+00 0.000000e+00 0.000000e+00 	 0.000000e+00 0.000000e+00 0.000000e+00 	 0
3.250000 	 -8.837464e-07 -2.861255e-07 1.170739e-05 	 -2.669362e-06 -2.061101e-06 1.481629e-07 	 -3.553108e-06 -2.347226e-06 1.185555e-05 	 38
3.750000 	 -1.687498e-06 3.738138e-07 4.782291e-07 	 6.891727e-07 4.294330e-07 3.807799e-08 	 -9.983253e-07 8.032468e-07 5.163071e-07 	 555
4.250000 	 -2.962933e-08 1.635157e-06 1.020665e-06 	 -6.723481e-08 -1.120043e-06 1.310822e-07 	 -9.686414e-08 5.151141e-07 1.151748e-06 	 914
4.750000 	 1.057628e-06 -1.640431e-06 -8.078609e-07 	 -1.629311e-07 3.116915e-07 5.608447e-07 	 8.946967e-07 -1.328739e-06 -2.470162e-07 	 901
5.250000 	 -1.339789e-06 -8.502562e-07 -1.108728e-06 	 -1.568876e-07 -3.885146e-07 -1.928963e-07 	 -1.496676e-06 -1.238771e-06 -1.301625e-06 	 909
5.750000 	 5.498383e-07 3.789045e-07 -2.961574e-06 	 -2.212030e-07 -2.237288e-07 6.173923e-07 	 3.286353e-07 1.551757e-07 -2.344181e-06 	 929
6.250000 	 -1.079512e-07 -1.026782e-06 9.541930e-07 	 2.293276e-07 -2.445850e-07 -5.926060e-07 	 1.213763e-07 -1.271367e-06 3.615871e-07 	 875
6.750000 	 -8.403247e-07 3.777156e-07 -7.532391e-07 	 -2.065220e-09 1.930827e-07 2.020612e-07 	 -8.423899e-07 5.707983e-07 -5.511779e-07 	 900
7.250000 	 -2.024750e-06 -8.412949e-08 1.478215e-07 	 -3.726391e-07 4.733449e-10 6.508556e-07 	 -2.397389e-06 -8.365614e-08 7.986771e-07 	 900
7.750000 	 1.419698e-07 -1.757111e-06 8.049259e-07 	 4.280051e-08 -1.800487e-07 4.366941e-07 	 1.847703e-07 -1.937160e-06 1.241620e-06 	 917
8.250000 	 -8.367558e-07 -1.009059e-06 -1.663322e-06 	 1.502165e-07 3.459623e-07 -1.526492e-07 	 -6.865393e-07 -6.630970e-07 -1.815971e-06 	 899
8.750000 	 1.412039e-06 1.224899e-06 2.675002e-06 	 -2.747650e-07 -1.088863e-07 4.079485e-07 	 1.137274e-06 1.116013e-06 3.082950e-06 	 898
9.250000 	 7.612210e-07 9.027292e-07 -1.062851e-06 	 -3.133731e-07 -6.702227e-07 3.572601e-07 	 4.478479e-07 2.325065e-07 -7.055913e-07 	 903
9.750000 	 -3.863388e-08 -8.379472e-07 -8.490696e-09 	 1.968369e-07 -7.146843e-08 7.754858e-08 	 1.582031e-07 -9.094157e-07 6.905789e-08 	 901
10.250000 	 -3.381114e-07 3.319938e-07 1.887157e-06 	 5.621496e-09 1.073282e-07 -3.476449e-07 	 -3.324899e-07 4.393220e-07 1.539512e-06 	 913
10.750000 	 -6.299040e-07 -6.128008e-07 -8.877534e-07 	 7.309196e-08 -2.276425e-07 -5.102806e-07 	 -5.568120e-07 -8.404433e-07 -1.398034e-06 	 894
11.250000 	 -5.717233e-07 -1.517296e-07 5.961320e-08 	 -1.056538e-06 -1.218150e-06 8.770006e-07 	 -1.628261e-06 -1.369880e-06 9.366138e-07 	 546
11.750000 	 3.080845e-06 6.355459e-06 -1.068038e-06 	 1.216961e-06 -6.183462e-06 -5.123285e-06 	 4.297806e-06 1.719966e-07 -6.191323e-06 	 32
12.250000 	 0.000000e+00 0.000000e+00 0.000000e+00 	 0.000000e+00 0.000000e+00 0.000000e+00 	 0.000000e+00 0.000000e+00 0.000000e+00 	 0
12.750000 	 0.000000e+00 0.000000e+00 0.000000e+00 	 0.000000e+00 0.000000e+00 0.000000e+00 	 0.000000e+00 0.000000e+00 0.000000e+00 	 0
13.250000 	 0.000000e+00 0.000000e+00 0.000000e+00 	 0.000000e+00 0.000000e+00 0.000000e+00 	 0.000000e+00 0.000000e+00 0.000000e+00 	 0
13.750000 	 0.000000e+00 0.000000e+00 0.000000e+00 	 0.000000e+00 0.000000e+00 0.000000e+00 	 0.000000e+00 0.000000e+00 0.000000e+00 	 0
14.250000 	 0.000000e+00 0.000000e+00 0.000000e+00 	 0.000000e+00 0.000000e+00 0.000000e+00 	 0.000000e+00 0.000000e+00 0.000000e+00 	 0
14.750000 	 0.000000e+00 0.000000e+00 0.000000e+00 	 0.000000e+00 0.000000e+00 0.000000e+00 	 0.000000e+00 0.000000e+00 0.000000e+00 	 0
