# 1  2-4    5-7    8-10   11     
# x  dirEF  recEF  sumEF  #Sample
0.250000 	 0.000000e+00 0.000000e+00 0.000000e+00 	 0.000000e+00 0.000000e+00 0.000000e+00 	 0.000000e+00 0.000000e+00 0.000000e+00 	 0
0.750000 	 0.000000e+00 0.000000e+00 0.000000e+00 	 0.000000e+00 0.000000e+00 0.000000e+00 	 0.000000e+00 0.000000e+00 0.000000e+00 	 0
1.250000 	 0.000000e+00 0.000000e+00 0.000000e+00 	 0.000000e+00 0.000000e+00 0.000000e+00 	 0.000000e+00 0.000000e+00 0.000000e+00 	 0
1.750000 	 0.000000e+00 0.000000e+00 0.000000e+00 	 0.000000e+00 0.000000e+00 0.000000e+00 	 0.000000e+00 0.000000e+00 0.000000e+00 	 0
2.250000 	 0.000000e+00 0.000000e+00 0.000000e+00 	 0.000000e+00 0.000000e+00 0.000000e+00 	 0.000000e+00 0.000000e+00 0.000000e+00 	 0
2.750000 	 0.000000e+00 0.000000e+00 0.000000e+00 	 0.000000e+00 0.000000e+00 0.000000e+00 	 0.000000e+00 0.000000e+00 0.000000e+00 	 0
3.250000 	 -1.593224e-07 9.584802e-07 9.651534e-06 	 8.076436e-06 1.326400e-07 -2.035020e-06 	 7.917114e-06 1.091120e-06 7.616514e-06 	 18
3.750000 	 1.022943e-06 8.391827e-07 -4.790595e-08 	 3.800071e-06 -7.941090e-07 1.137982e-07 	 4.823014e-06 4.507365e-08 6.589230e-08 	 581
4.250000 	 -3.378063e-06 -3.815701e-07 3.133273e-07 	 -3.175259e-06 1.834071e-07 -5.061894e-07 	 -6.553323e-06 -1.981631e-07 -1.928621e-07 	 891
4.750000 	 1.946297e-06 5.334894e-07 -4.219456e-07 	 1.867930e-06 8.498623e-07 1.196096e-06 	 3.814226e-06 1.383352e-06 7.741505e-07 	 906
5.250000 	 2.330161e-06 8.910913e-08 2.200498e-06 	 -5.115129e-07 4.629400e-09 -1.252611e-06 	 1.818648e-06 9.373853e-08 9.478866e-07 	 912
5.750000 	 -1.692208e-06 -2.641545e-07 1.675457e-07 	 1.230579e-07 -1.109776e-06 8.029208e-07 	 -1.569150e-06 -1.373931e-06 9.704665e-07 	 902
6.250000 	 -1.659237e-06 6.560904e-07 -1.362750e-06 	 -3.380069e-06 -5.937350e-07 -2.429385e-07 	 -5.039306e-06 6.235544e-08 -1.605688e-06 	 894
6.750000 	 7.730571e-07 3.039125e-07 -1.634340e-06 	 3.060361e-06 -1.592131e-07 -3.274267e-07 	 3.833418e-06 1.446994e-07 -1.961767e-06 	 922
7.250000 	 3.768056e-07 2.133079e-06 6.015843e-07 	 -9.649954e-07 -1.857328e-07 1.492485e-07 	 -5.881899e-07 1.947346e-06 7.508328e-07 	 899
7.750000 	 -8.301987e-08 3.756413e-07 9.722703e-07 	 -6.369693e-07 -2.805525e-08 2.171135e-07 	 -7.199891e-07 3.475860e-07 1.189384e-06 	 907
8.250000 	 -7.004753e-07 -9.836563e-07 -1.294298e-06 	 -7.824528e-07 -5.741100e-07 7.464712e-07 	 -1.482928e-06 -1.557766e-06 -5.478268e-07 	 894
8.750000 	 1.961965e-06 -1.217463e-06 1.496806e-07 	 7.592474e-07 -1.175118e-07 1.701204e-07 	 2.721212e-06 -1.334975e-06 3.198010e-07 	 923
9.250000 	 -1.385745e-06 5.121359e-07 1.399776e-07 	 -7.832442e-07 -5.786814e-07 2.203772e-07 	 -2.168990e-06 -6.654547e-08 3.603548e-07 	 898
9.750000 	 5.182569e-08 1.352448e-06 5.473214e-07 	 1.219613e-06 -4.714067e-07 -4.643468e-08 	 1.271438e-06 8.810411e-07 5.008867e-07 	 885
10.250000 	 1.230311e-06 3.597123e-07 -1.680495e-06 	 -1.103041e-06 1.630857e-07 5.011745e-08 	 1.272706e-07 5.227980e-07 -1.630378e-06 	 931
10.750000 	 1.315356e-06 3.280376e-07 2.340156e-06 	 7.707755e-07 1.750035e-07 2.610455e-07 	 2.086131e-06 5.030411e-07 2.601201e-06 	 903
11.250000 	 9.271559e-07 -8.676172e-07 -6.667556e-07 	 -2.138536e-07 6.674923e-07 -5.861551e-07 	 7.133024e-07 -2.001249e-07 -1.252911e-06 	 538
11.750000 	 -1.341634e-05 2.067627e-07 1.954738e-06 	 4.842325e-06 -3.407133e-06 2.419514e-06 	 -8.574014e-06 -3.200370e-06 4.374252e-06 	 20
12.250000 	 0.000000e+00 0.000000e+00 0.000000e+00 	 0.000000e+00 0.000000e+00 0.000000e+00 	 0.000000e+00 0.000000e+00 0.000000e+00 	 0
12.750000 	 0.000000e+00 0.000000e+00 0.000000e+00 	 0.000000e+00 0.000000e+00 0.000000e+00 	 0.000000e+00 0.000000e+00 0.000000e+00 	 0
13.250000 	 0.000000e+00 0.000000e+00 0.000000e+00 	 0.000000e+00 0.000000e+00 0.000000e+00 	 0.000000e+00 0.000000e+00 0.000000e+00 	 0
13.750000 	 0.000000e+00 0.000000e+00 0.000000e+00 	 0.000000e+00 0.000000e+00 0.000000e+00 	 0.000000e+00 0.000000e+00 0.000000e+00 	 0
14.250000 	 0.000000e+00 0.000000e+00 0.000000e+00 	 0.000000e+00 0.000000e+00 0.000000e+00 	 0.000000e+00 0.000000e+00 0.000000e+00 	 0
14.750000 	 0.000000e+00 0.000000e+00 0.000000e+00 	 0.000000e+00 0.000000e+00 0.000000e+00 	 0.000000e+00 0.000000e+00 0.000000e+00 	 0
