# 1  2-4    5-7    8-10   11     
# x  dirEF  recEF  sumEF  #Sample
0.250000 	 0.000000e+00 0.000000e+00 0.000000e+00 	 0.000000e+00 0.000000e+00 0.000000e+00 	 0.000000e+00 0.000000e+00 0.000000e+00 	 0
0.750000 	 0.000000e+00 0.000000e+00 0.000000e+00 	 0.000000e+00 0.000000e+00 0.000000e+00 	 0.000000e+00 0.000000e+00 0.000000e+00 	 0
1.250000 	 0.000000e+00 0.000000e+00 0.000000e+00 	 0.000000e+00 0.000000e+00 0.000000e+00 	 0.000000e+00 0.000000e+00 0.000000e+00 	 0
1.750000 	 0.000000e+00 0.000000e+00 0.000000e+00 	 0.000000e+00 0.000000e+00 0.000000e+00 	 0.000000e+00 0.000000e+00 0.000000e+00 	 0
2.250000 	 0.000000e+00 0.000000e+00 0.000000e+00 	 0.000000e+00 0.000000e+00 0.000000e+00 	 0.000000e+00 0.000000e+00 0.000000e+00 	 0
2.750000 	 0.000000e+00 0.000000e+00 0.000000e+00 	 0.000000e+00 0.000000e+00 0.000000e+00 	 0.000000e+00 0.000000e+00 0.000000e+00 	 0
3.250000 	 -1.196966e-05 7.195898e-06 4.080595e-07 	 5.373562e-06 6.068344e-06 -1.157703e-05 	 -6.596101e-06 1.326424e-05 -1.116897e-05 	 17
3.750000 	 -9.555178e-07 1.889799e-07 5.896317e-07 	 1.938734e-06 2.433875e-06 6.982877e-07 	 9.832164e-07 2.622855e-06 1.287919e-06 	 590
4.250000 	 6.223410e-07 -8.405411e-07 -1.257350e-06 	 -2.091293e-06 -2.723891e-06 -1.114815e-06 	 -1.468952e-06 -3.564432e-06 -2.372165e-06 	 888
4.750000 	 1.483265e-06 2.196126e-06 1.081994e-07 	 2.163888e-06 -2.601497e-06 3.004728e-06 	 3.647153e-06 -4.053715e-07 3.112928e-06 	 905
5.250000 	 1.479085e-06 -1.788703e-06 -2.053771e-07 	 5.507630e-07 3.496320e-06 1.886351e-06 	 2.029848e-06 1.707617e-06 1.680974e-06 	 909
5.750000 	 -3.802801e-07 -3.769533e-07 -1.261682e-06 	 7.200404e-07 -3.271560e-06 3.921007e-07 	 3.397603e-07 -3.648513e-06 -8.695813e-07 	 905
6.250000 	 -3.458732e-07 -2.997006e-06 8.022218e-07 	 -3.240876e-06 1.830940e-06 -5.701979e-07 	 -3.586750e-06 -1.166066e-06 2.320239e-07 	 914
6.750000 	 -5.410041e-07 2.112861e-06 -5.085594e-07 	 -9.143188e-07 -9.834563e-07 7.132379e-07 	 -1.455323e-06 1.129405e-06 2.046785e-07 	 903
7.250000 	 -5.496669e-07 1.264726e-07 -9.219672e-07 	 -2.495678e-06 7.225897e-07 -1.191934e-06 	 -3.045345e-06 8.490623e-07 -2.113901e-06 	 894
7.750000 	 -3.004889e-07 -3.260703e-07 4.832230e-07 	 -2.491532e-06 1.877505e-06 7.549412e-08 	 -2.792021e-06 1.551435e-06 5.587172e-07 	 910
8.250000 	 -8.169000e-07 1.091856e-06 -9.237625e-07 	 3.461237e-07 -1.202150e-06 -4.696855e-06 	 -4.707763e-07 -1.102942e-07 -5.620617e-06 	 918
8.750000 	 -8.195911e-07 -1.251882e-06 -1.138010e-07 	 1.601011e-06 -1.311397e-06 -2.270211e-06 	 7.814201e-07 -2.563279e-06 -2.384012e-06 	 904
9.250000 	 -4.617741e-07 -2.288009e-06 2.083817e-06 	 -4.263710e-06 -1.294567e-07 1.381474e-07 	 -4.725484e-06 -2.417466e-06 2.221965e-06 	 888
9.750000 	 3.880787e-07 1.034396e-06 2.960726e-07 	 -1.804644e-06 -2.485943e-06 -2.458486e-06 	 -1.416566e-06 -1.451547e-06 -2.162413e-06 	 893
10.250000 	 1.747426e-07 -1.632595e-07 -1.836261e-06 	 3.063906e-07 3.663157e-07 4.327978e-06 	 4.811332e-07 2.030562e-07 2.491717e-06 	 904
10.750000 	 1.746827e-06 -2.953757e-08 2.844603e-07 	 5.023018e-07 2.098990e-06 6.698261e-07 	 2.249128e-06 2.069452e-06 9.542864e-07 	 891
11.250000 	 -7.025218e-07 2.219286e-07 -1.519197e-06 	 2.120770e-06 -7.047977e-07 -1.964067e-07 	 1.418249e-06 -4.828691e-07 -1.715604e-06 	 573
11.750000 	 3.964649e-06 -3.672152e-06 6.162784e-06 	 -2.241424e-05 -3.166994e-06 1.198755e-05 	 -1.844959e-05 -6.839146e-06 1.815033e-05 	 18
12.250000 	 0.000000e+00 0.000000e+00 0.000000e+00 	 0.000000e+00 0.000000e+00 0.000000e+00 	 0.000000e+00 0.000000e+00 0.000000e+00 	 0
12.750000 	 0.000000e+00 0.000000e+00 0.000000e+00 	 0.000000e+00 0.000000e+00 0.000000e+00 	 0.000000e+00 0.000000e+00 0.000000e+00 	 0
13.250000 	 0.000000e+00 0.000000e+00 0.000000e+00 	 0.000000e+00 0.000000e+00 0.000000e+00 	 0.000000e+00 0.000000e+00 0.000000e+00 	 0
13.750000 	 0.000000e+00 0.000000e+00 0.000000e+00 	 0.000000e+00 0.000000e+00 0.000000e+00 	 0.000000e+00 0.000000e+00 0.000000e+00 	 0
14.250000 	 0.000000e+00 0.000000e+00 0.000000e+00 	 0.000000e+00 0.000000e+00 0.000000e+00 	 0.000000e+00 0.000000e+00 0.000000e+00 	 0
14.750000 	 0.000000e+00 0.000000e+00 0.000000e+00 	 0.000000e+00 0.000000e+00 0.000000e+00 	 0.000000e+00 0.000000e+00 0.000000e+00 	 0
