# 1  2-4    5-7    8-10   11     
# x  dirEF  recEF  sumEF  #Sample
0.250000 	 0.000000e+00 0.000000e+00 0.000000e+00 	 0.000000e+00 0.000000e+00 0.000000e+00 	 0.000000e+00 0.000000e+00 0.000000e+00 	 0
0.750000 	 0.000000e+00 0.000000e+00 0.000000e+00 	 0.000000e+00 0.000000e+00 0.000000e+00 	 0.000000e+00 0.000000e+00 0.000000e+00 	 0
1.250000 	 0.000000e+00 0.000000e+00 0.000000e+00 	 0.000000e+00 0.000000e+00 0.000000e+00 	 0.000000e+00 0.000000e+00 0.000000e+00 	 0
1.750000 	 0.000000e+00 0.000000e+00 0.000000e+00 	 0.000000e+00 0.000000e+00 0.000000e+00 	 0.000000e+00 0.000000e+00 0.000000e+00 	 0
2.250000 	 0.000000e+00 0.000000e+00 0.000000e+00 	 0.000000e+00 0.000000e+00 0.000000e+00 	 0.000000e+00 0.000000e+00 0.000000e+00 	 0
2.750000 	 0.000000e+00 0.000000e+00 0.000000e+00 	 0.000000e+00 0.000000e+00 0.000000e+00 	 0.000000e+00 0.000000e+00 0.000000e+00 	 0
3.250000 	 8.467965e-06 -2.791949e-06 9.273578e-08 	 -1.504516e-06 5.012386e-07 -1.522280e-06 	 6.963449e-06 -2.290710e-06 -1.429544e-06 	 16
3.750000 	 -1.400636e-06 -1.633529e-06 -1.127085e-06 	 7.722716e-07 -1.366779e-07 2.518460e-08 	 -6.283643e-07 -1.770207e-06 -1.101900e-06 	 573
4.250000 	 -2.056603e-07 -1.488506e-06 -3.419975e-08 	 2.315358e-07 -1.354569e-08 -4.603425e-08 	 2.587552e-08 -1.502051e-06 -8.023400e-08 	 899
4.750000 	 5.570514e-07 1.695034e-06 4.081600e-07 	 6.661273e-08 1.456835e-07 7.970799e-08 	 6.236641e-07 1.840718e-06 4.878680e-07 	 923
5.250000 	 1.800577e-06 1.322865e-06 -1.149388e-06 	 -1.861181e-07 -2.511288e-08 -1.260895e-07 	 1.614459e-06 1.297752e-06 -1.275478e-06 	 901
5.750000 	 2.258229e-07 -7.562908e-07 -1.827175e-06 	 2.673969e-07 7.221497e-08 1.057433e-07 	 4.932198e-07 -6.840759e-07 -1.721432e-06 	 902
6.250000 	 -1.485815e-07 -9.273257e-07 -8.123589e-07 	 -2.268454e-07 -7.256527e-08 1.043476e-08 	 -3.754269e-07 -9.998910e-07 -8.019242e-07 	 906
6.750000 	 7.259898e-07 -2.720058e-07 1.289055e-06 	 -5.327526e-08 -6.590020e-09 3.485341e-08 	 6.727146e-07 -2.785958e-07 1.323909e-06 	 911
7.250000 	 -1.825972e-06 -4.220228e-07 -2.065170e-07 	 1.398157e-07 -3.089851e-09 -1.898989e-07 	 -1.686156e-06 -4.251127e-07 -3.964160e-07 	 883
7.750000 	 1.869910e-06 1.634331e-06 -3.803349e-07 	 -1.115243e-08 3.620228e-08 -2.363895e-08 	 1.858758e-06 1.670534e-06 -4.039738e-07 	 922
8.250000 	 1.045291e-06 -6.768323e-07 1.917398e-06 	 -3.500054e-07 5.911756e-08 -2.941676e-08 	 6.952855e-07 -6.177148e-07 1.887982e-06 	 909
8.750000 	 1.451596e-06 -3.375385e-07 -2.924248e-06 	 1.970667e-07 8.314262e-08 1.832607e-09 	 1.648663e-06 -2.543959e-07 -2.922416e-06 	 891
9.250000 	 -6.357372e-08 -2.251105e-07 5.593066e-07 	 6.029194e-08 -9.149560e-08 3.482454e-09 	 -3.281784e-09 -3.166061e-07 5.627890e-07 	 912
9.750000 	 -2.644022e-06 4.382551e-07 -1.114701e-06 	 -2.366696e-07 -1.061989e-07 -6.022384e-08 	 -2.880692e-06 3.320562e-07 -1.174925e-06 	 905
10.250000 	 1.113306e-07 3.056665e-07 -6.249449e-07 	 1.418739e-08 -7.735943e-08 7.648271e-08 	 1.255180e-07 2.283071e-07 -5.484622e-07 	 918
10.750000 	 -2.714509e-07 -4.005180e-07 7.052172e-07 	 -4.028016e-08 -8.359840e-08 1.244587e-08 	 -3.117310e-07 -4.841164e-07 7.176631e-07 	 893
11.250000 	 9.529371e-07 9.714767e-07 -2.349646e-06 	 -6.005138e-07 1.694231e-07 -1.931990e-07 	 3.524233e-07 1.140900e-06 -2.542845e-06 	 539
11.750000 	 4.641012e-06 -1.430850e-05 3.441336e-06 	 4.177649e-06 -1.048787e-07 -1.751566e-06 	 8.818662e-06 -1.441338e-05 1.689770e-06 	 21
12.250000 	 0.000000e+00 0.000000e+00 0.000000e+00 	 0.000000e+00 0.000000e+00 0.000000e+00 	 0.000000e+00 0.000000e+00 0.000000e+00 	 0
12.750000 	 0.000000e+00 0.000000e+00 0.000000e+00 	 0.000000e+00 0.000000e+00 0.000000e+00 	 0.000000e+00 0.000000e+00 0.000000e+00 	 0
13.250000 	 0.000000e+00 0.000000e+00 0.000000e+00 	 0.000000e+00 0.000000e+00 0.000000e+00 	 0.000000e+00 0.000000e+00 0.000000e+00 	 0
13.750000 	 0.000000e+00 0.000000e+00 0.000000e+00 	 0.000000e+00 0.000000e+00 0.000000e+00 	 0.000000e+00 0.000000e+00 0.000000e+00 	 0
14.250000 	 0.000000e+00 0.000000e+00 0.000000e+00 	 0.000000e+00 0.000000e+00 0.000000e+00 	 0.000000e+00 0.000000e+00 0.000000e+00 	 0
14.750000 	 0.000000e+00 0.000000e+00 0.000000e+00 	 0.000000e+00 0.000000e+00 0.000000e+00 	 0.000000e+00 0.000000e+00 0.000000e+00 	 0
