# 1  2-4    5-7    8-10   11     
# x  dirEF  recEF  sumEF  #Sample
0.250000 	 0.000000e+00 0.000000e+00 0.000000e+00 	 0.000000e+00 0.000000e+00 0.000000e+00 	 0.000000e+00 0.000000e+00 0.000000e+00 	 0
0.750000 	 0.000000e+00 0.000000e+00 0.000000e+00 	 0.000000e+00 0.000000e+00 0.000000e+00 	 0.000000e+00 0.000000e+00 0.000000e+00 	 0
1.250000 	 0.000000e+00 0.000000e+00 0.000000e+00 	 0.000000e+00 0.000000e+00 0.000000e+00 	 0.000000e+00 0.000000e+00 0.000000e+00 	 0
1.750000 	 0.000000e+00 0.000000e+00 0.000000e+00 	 0.000000e+00 0.000000e+00 0.000000e+00 	 0.000000e+00 0.000000e+00 0.000000e+00 	 0
2.250000 	 0.000000e+00 0.000000e+00 0.000000e+00 	 0.000000e+00 0.000000e+00 0.000000e+00 	 0.000000e+00 0.000000e+00 0.000000e+00 	 0
2.750000 	 0.000000e+00 0.000000e+00 0.000000e+00 	 0.000000e+00 0.000000e+00 0.000000e+00 	 0.000000e+00 0.000000e+00 0.000000e+00 	 0
3.250000 	 -6.699503e-06 1.379993e-05 -1.259110e-06 	 2.164638e-06 -6.676310e-06 -6.076465e-06 	 -4.534865e-06 7.123622e-06 -7.335575e-06 	 19
3.750000 	 3.352497e-08 -3.086904e-06 -4.884880e-07 	 -1.104707e-06 7.852267e-07 1.109939e-06 	 -1.071182e-06 -2.301677e-06 6.214509e-07 	 578
4.250000 	 7.227659e-07 1.227728e-06 1.905696e-06 	 6.098740e-07 -1.720484e-06 -4.093104e-07 	 1.332640e-06 -4.927563e-07 1.496386e-06 	 879
4.750000 	 -1.339130e-06 1.333586e-06 -1.048159e-06 	 -1.069880e-06 1.192259e-06 6.893394e-08 	 -2.409010e-06 2.525845e-06 -9.792247e-07 	 913
5.250000 	 1.161342e-06 -3.610833e-07 -1.464178e-06 	 3.205302e-07 3.348450e-08 3.306291e-07 	 1.481872e-06 -3.275988e-07 -1.133549e-06 	 912
5.750000 	 2.009383e-06 -5.553387e-07 -9.301752e-07 	 -1.643001e-06 -7.201541e-08 2.028187e-07 	 3.663826e-07 -6.273541e-07 -7.273564e-07 	 888
6.250000 	 -7.751850e-07 2.035065e-06 -6.257444e-07 	 7.686653e-08 4.190794e-07 -3.727245e-07 	 -6.983185e-07 2.454144e-06 -9.984689e-07 	 913
6.750000 	 -9.238896e-09 -1.590071e-06 1.071064e-06 	 1.257255e-06 -1.096279e-06 7.789977e-07 	 1.248016e-06 -2.686350e-06 1.850062e-06 	 914
7.250000 	 -6.657805e-07 -2.757528e-06 1.364841e-06 	 -1.042262e-06 1.443720e-07 -2.676776e-07 	 -1.708042e-06 -2.613156e-06 1.097163e-06 	 920
7.750000 	 -1.014180e-06 -1.660779e-06 -7.614441e-07 	 -1.281788e-06 -6.538767e-08 -4.960898e-08 	 -2.295968e-06 -1.726167e-06 -8.110531e-07 	 913
8.250000 	 -2.637290e-07 -8.181113e-07 2.719923e-07 	 4.148473e-06 -2.418420e-07 -3.801001e-07 	 3.884744e-06 -1.059953e-06 -1.081078e-07 	 900
8.750000 	 1.918013e-06 2.697926e-06 5.824534e-07 	 -1.819937e-06 -9.233458e-09 6.523387e-07 	 9.807691e-08 2.688693e-06 1.234792e-06 	 899
9.250000 	 -6.951208e-07 -1.261628e-06 2.383613e-06 	 2.620424e-06 9.107965e-07 1.408692e-07 	 1.925303e-06 -3.508315e-07 2.524483e-06 	 891
9.750000 	 7.728510e-07 -6.881825e-07 -5.022852e-08 	 -1.159496e-06 5.483838e-07 3.319994e-07 	 -3.866455e-07 -1.397987e-07 2.817709e-07 	 911
10.250000 	 -3.322271e-07 -1.073728e-06 1.785138e-07 	 -5.433163e-07 9.262425e-07 2.203545e-07 	 -8.755435e-07 -1.474855e-07 3.988683e-07 	 916
10.750000 	 5.920676e-07 5.313055e-07 -1.896641e-07 	 3.558429e-07 6.551089e-07 -4.067728e-07 	 9.479105e-07 1.186414e-06 -5.964369e-07 	 906
11.250000 	 7.413408e-07 2.765526e-06 -2.835824e-06 	 -2.747418e-07 -5.005955e-07 4.188398e-07 	 4.665990e-07 2.264931e-06 -2.416984e-06 	 541
11.750000 	 4.431082e-06 -3.843274e-06 -2.518803e-08 	 -1.334697e-06 2.603306e-05 -8.383161e-06 	 3.096385e-06 2.218979e-05 -8.408349e-06 	 11
12.250000 	 0.000000e+00 0.000000e+00 0.000000e+00 	 0.000000e+00 0.000000e+00 0.000000e+00 	 0.000000e+00 0.000000e+00 0.000000e+00 	 0
12.750000 	 0.000000e+00 0.000000e+00 0.000000e+00 	 0.000000e+00 0.000000e+00 0.000000e+00 	 0.000000e+00 0.000000e+00 0.000000e+00 	 0
13.250000 	 0.000000e+00 0.000000e+00 0.000000e+00 	 0.000000e+00 0.000000e+00 0.000000e+00 	 0.000000e+00 0.000000e+00 0.000000e+00 	 0
13.750000 	 0.000000e+00 0.000000e+00 0.000000e+00 	 0.000000e+00 0.000000e+00 0.000000e+00 	 0.000000e+00 0.000000e+00 0.000000e+00 	 0
14.250000 	 0.000000e+00 0.000000e+00 0.000000e+00 	 0.000000e+00 0.000000e+00 0.000000e+00 	 0.000000e+00 0.000000e+00 0.000000e+00 	 0
14.750000 	 0.000000e+00 0.000000e+00 0.000000e+00 	 0.000000e+00 0.000000e+00 0.000000e+00 	 0.000000e+00 0.000000e+00 0.000000e+00 	 0
