# 1  2-4    5-7    8-10   11     
# x  dirEF  recEF  sumEF  #Sample
0.250000 	 0.000000e+00 0.000000e+00 0.000000e+00 	 0.000000e+00 0.000000e+00 0.000000e+00 	 0.000000e+00 0.000000e+00 0.000000e+00 	 0
0.750000 	 0.000000e+00 0.000000e+00 0.000000e+00 	 0.000000e+00 0.000000e+00 0.000000e+00 	 0.000000e+00 0.000000e+00 0.000000e+00 	 0
1.250000 	 0.000000e+00 0.000000e+00 0.000000e+00 	 0.000000e+00 0.000000e+00 0.000000e+00 	 0.000000e+00 0.000000e+00 0.000000e+00 	 0
1.750000 	 0.000000e+00 0.000000e+00 0.000000e+00 	 0.000000e+00 0.000000e+00 0.000000e+00 	 0.000000e+00 0.000000e+00 0.000000e+00 	 0
2.250000 	 0.000000e+00 0.000000e+00 0.000000e+00 	 0.000000e+00 0.000000e+00 0.000000e+00 	 0.000000e+00 0.000000e+00 0.000000e+00 	 0
2.750000 	 0.000000e+00 0.000000e+00 0.000000e+00 	 0.000000e+00 0.000000e+00 0.000000e+00 	 0.000000e+00 0.000000e+00 0.000000e+00 	 0
3.250000 	 8.467965e-06 -2.791949e-06 9.273578e-08 	 -1.207380e-05 9.690453e-06 8.059767e-06 	 -3.605830e-06 6.898504e-06 8.152503e-06 	 16
3.750000 	 -1.400636e-06 -1.633529e-06 -1.127085e-06 	 1.686382e-06 -1.052173e-06 1.922426e-06 	 2.857463e-07 -2.685702e-06 7.953409e-07 	 573
4.250000 	 -2.056603e-07 -1.488506e-06 -3.419975e-08 	 -3.056522e-06 -5.985753e-07 2.477872e-07 	 -3.262182e-06 -2.087081e-06 2.135874e-07 	 899
4.750000 	 5.570514e-07 1.695034e-06 4.081600e-07 	 2.174007e-06 2.040712e-07 -1.307207e-06 	 2.731059e-06 1.899106e-06 -8.990474e-07 	 923
5.250000 	 1.800577e-06 1.322865e-06 -1.149388e-06 	 1.655022e-06 8.135514e-07 -5.787223e-08 	 3.455599e-06 2.136416e-06 -1.207261e-06 	 901
5.750000 	 2.258229e-07 -7.562908e-07 -1.827175e-06 	 -7.882523e-08 -5.392774e-07 -9.873349e-07 	 1.469977e-07 -1.295568e-06 -2.814510e-06 	 902
6.250000 	 -1.485815e-07 -9.273257e-07 -8.123589e-07 	 -6.918044e-07 4.876492e-07 9.786400e-07 	 -8.403859e-07 -4.396765e-07 1.662811e-07 	 906
6.750000 	 7.259898e-07 -2.720058e-07 1.289055e-06 	 1.209535e-06 8.817659e-07 9.916434e-07 	 1.935525e-06 6.097601e-07 2.280699e-06 	 911
7.250000 	 -1.825972e-06 -4.220228e-07 -2.065170e-07 	 -2.315896e-06 8.851238e-07 5.803181e-07 	 -4.141868e-06 4.631010e-07 3.738011e-07 	 883
7.750000 	 1.869910e-06 1.634331e-06 -3.803349e-07 	 4.907231e-07 -1.570933e-07 4.871216e-07 	 2.360634e-06 1.477238e-06 1.067868e-07 	 922
8.250000 	 1.045291e-06 -6.768323e-07 1.917398e-06 	 -1.608460e-06 -4.536259e-07 -6.996984e-07 	 -5.631691e-07 -1.130458e-06 1.217700e-06 	 909
8.750000 	 1.451596e-06 -3.375385e-07 -2.924248e-06 	 2.939984e-06 -1.668710e-06 1.410910e-07 	 4.391581e-06 -2.006249e-06 -2.783157e-06 	 891
9.250000 	 -6.357372e-08 -2.251105e-07 5.593066e-07 	 -2.219008e-06 -4.821876e-07 -9.450434e-07 	 -2.282581e-06 -7.072981e-07 -3.857369e-07 	 912
9.750000 	 -2.644022e-06 4.382551e-07 -1.114701e-06 	 1.837167e-06 -9.937164e-08 1.957639e-07 	 -8.068544e-07 3.388835e-07 -9.189367e-07 	 905
10.250000 	 1.113306e-07 3.056665e-07 -6.249449e-07 	 -3.878310e-06 1.045192e-06 4.519686e-07 	 -3.766979e-06 1.350859e-06 -1.729763e-07 	 918
10.750000 	 -2.714509e-07 -4.005180e-07 7.052172e-07 	 3.984697e-06 1.597370e-07 2.974321e-07 	 3.713246e-06 -2.407810e-07 1.002649e-06 	 893
11.250000 	 9.529371e-07 9.714767e-07 -2.349646e-06 	 -3.447957e-06 1.256563e-06 9.169589e-07 	 -2.495020e-06 2.228040e-06 -1.432687e-06 	 539
11.750000 	 4.641012e-06 -1.430850e-05 3.441336e-06 	 -1.861590e-06 -1.513385e-06 -1.229959e-06 	 2.779423e-06 -1.582189e-05 2.211377e-06 	 21
12.250000 	 0.000000e+00 0.000000e+00 0.000000e+00 	 0.000000e+00 0.000000e+00 0.000000e+00 	 0.000000e+00 0.000000e+00 0.000000e+00 	 0
12.750000 	 0.000000e+00 0.000000e+00 0.000000e+00 	 0.000000e+00 0.000000e+00 0.000000e+00 	 0.000000e+00 0.000000e+00 0.000000e+00 	 0
13.250000 	 0.000000e+00 0.000000e+00 0.000000e+00 	 0.000000e+00 0.000000e+00 0.000000e+00 	 0.000000e+00 0.000000e+00 0.000000e+00 	 0
13.750000 	 0.000000e+00 0.000000e+00 0.000000e+00 	 0.000000e+00 0.000000e+00 0.000000e+00 	 0.000000e+00 0.000000e+00 0.000000e+00 	 0
14.250000 	 0.000000e+00 0.000000e+00 0.000000e+00 	 0.000000e+00 0.000000e+00 0.000000e+00 	 0.000000e+00 0.000000e+00 0.000000e+00 	 0
14.750000 	 0.000000e+00 0.000000e+00 0.000000e+00 	 0.000000e+00 0.000000e+00 0.000000e+00 	 0.000000e+00 0.000000e+00 0.000000e+00 	 0
