# 1  2-4    5-7    8-10   11     
# x  dirEF  recEF  sumEF  #Sample
0.250000 	 0.000000e+00 0.000000e+00 0.000000e+00 	 0.000000e+00 0.000000e+00 0.000000e+00 	 0.000000e+00 0.000000e+00 0.000000e+00 	 0
0.750000 	 0.000000e+00 0.000000e+00 0.000000e+00 	 0.000000e+00 0.000000e+00 0.000000e+00 	 0.000000e+00 0.000000e+00 0.000000e+00 	 0
1.250000 	 0.000000e+00 0.000000e+00 0.000000e+00 	 0.000000e+00 0.000000e+00 0.000000e+00 	 0.000000e+00 0.000000e+00 0.000000e+00 	 0
1.750000 	 0.000000e+00 0.000000e+00 0.000000e+00 	 0.000000e+00 0.000000e+00 0.000000e+00 	 0.000000e+00 0.000000e+00 0.000000e+00 	 0
2.250000 	 0.000000e+00 0.000000e+00 0.000000e+00 	 0.000000e+00 0.000000e+00 0.000000e+00 	 0.000000e+00 0.000000e+00 0.000000e+00 	 0
2.750000 	 0.000000e+00 0.000000e+00 0.000000e+00 	 0.000000e+00 0.000000e+00 0.000000e+00 	 0.000000e+00 0.000000e+00 0.000000e+00 	 0
3.250000 	 -7.790149e-06 6.532808e-07 3.918214e-06 	 -8.846867e-07 2.917765e-06 3.602060e-06 	 -8.674836e-06 3.571046e-06 7.520274e-06 	 14
3.750000 	 4.303049e-07 -1.270003e-07 -5.315482e-07 	 8.445489e-07 5.904448e-07 1.185512e-07 	 1.274854e-06 4.634446e-07 -4.129970e-07 	 583
4.250000 	 -1.114332e-06 1.320097e-06 -1.218678e-06 	 -3.332657e-08 2.373208e-07 -2.616937e-07 	 -1.147659e-06 1.557418e-06 -1.480371e-06 	 918
4.750000 	 8.264396e-08 -3.624086e-07 -7.146187e-07 	 1.426958e-07 -1.871942e-07 -1.718131e-07 	 2.253397e-07 -5.496028e-07 -8.864318e-07 	 885
5.250000 	 4.832554e-07 -1.235388e-06 5.754649e-07 	 -3.752349e-07 1.999577e-07 -1.764826e-07 	 1.080205e-07 -1.035430e-06 3.989823e-07 	 915
5.750000 	 8.798048e-07 1.114275e-06 -7.115352e-07 	 1.700124e-07 -7.926249e-07 2.017911e-07 	 1.049817e-06 3.216505e-07 -5.097441e-07 	 886
6.250000 	 1.866613e-06 4.410541e-07 1.046504e-06 	 1.100307e-07 -7.456750e-09 -5.674221e-07 	 1.976643e-06 4.335974e-07 4.790819e-07 	 913
6.750000 	 -3.877447e-06 -7.133270e-07 1.396148e-06 	 2.252779e-07 4.749080e-07 -4.186861e-07 	 -3.652169e-06 -2.384190e-07 9.774614e-07 	 914
7.250000 	 -1.502303e-06 1.523645e-06 3.669767e-07 	 -1.310495e-07 4.138401e-07 -5.735171e-07 	 -1.633353e-06 1.937485e-06 -2.065404e-07 	 888
7.750000 	 1.863347e-06 2.503382e-07 -2.367083e-07 	 1.495746e-07 6.059531e-07 -1.001403e-06 	 2.012922e-06 8.562913e-07 -1.238112e-06 	 917
8.250000 	 -2.133157e-06 -3.581446e-06 4.109313e-07 	 9.929487e-08 3.006783e-07 1.129375e-07 	 -2.033862e-06 -3.280768e-06 5.238688e-07 	 904
8.750000 	 5.724512e-07 6.361653e-07 1.698183e-07 	 -2.839050e-07 3.503284e-07 -2.357621e-07 	 2.885461e-07 9.864937e-07 -6.594374e-08 	 906
9.250000 	 1.681884e-06 4.093200e-07 2.788874e-06 	 1.232743e-07 6.045442e-07 -9.446660e-08 	 1.805158e-06 1.013864e-06 2.694407e-06 	 915
9.750000 	 -1.725208e-06 -6.763364e-07 -3.043228e-07 	 1.704333e-07 8.478808e-07 -5.252562e-07 	 -1.554774e-06 1.715444e-07 -8.295790e-07 	 898
10.250000 	 -1.043351e-07 4.037087e-07 -9.366758e-07 	 -5.126152e-08 -1.688748e-07 2.391001e-08 	 -1.555966e-07 2.348339e-07 -9.127658e-07 	 911
10.750000 	 1.931456e-08 2.045605e-07 -5.283683e-07 	 4.090015e-07 2.499098e-07 -7.065512e-08 	 4.283161e-07 4.544703e-07 -5.990234e-07 	 884
11.250000 	 -9.087543e-07 -5.739459e-07 1.514752e-07 	 -1.012908e-06 -1.184695e-06 6.285627e-07 	 -1.921662e-06 -1.758641e-06 7.800379e-07 	 538
11.750000 	 1.137341e-06 4.782678e-06 2.284753e-06 	 4.451443e-06 2.284557e-08 -7.667181e-07 	 5.588784e-06 4.805523e-06 1.518035e-06 	 35
12.250000 	 0.000000e+00 0.000000e+00 0.000000e+00 	 0.000000e+00 0.000000e+00 0.000000e+00 	 0.000000e+00 0.000000e+00 0.000000e+00 	 0
12.750000 	 0.000000e+00 0.000000e+00 0.000000e+00 	 0.000000e+00 0.000000e+00 0.000000e+00 	 0.000000e+00 0.000000e+00 0.000000e+00 	 0
13.250000 	 0.000000e+00 0.000000e+00 0.000000e+00 	 0.000000e+00 0.000000e+00 0.000000e+00 	 0.000000e+00 0.000000e+00 0.000000e+00 	 0
13.750000 	 0.000000e+00 0.000000e+00 0.000000e+00 	 0.000000e+00 0.000000e+00 0.000000e+00 	 0.000000e+00 0.000000e+00 0.000000e+00 	 0
14.250000 	 0.000000e+00 0.000000e+00 0.000000e+00 	 0.000000e+00 0.000000e+00 0.000000e+00 	 0.000000e+00 0.000000e+00 0.000000e+00 	 0
14.750000 	 0.000000e+00 0.000000e+00 0.000000e+00 	 0.000000e+00 0.000000e+00 0.000000e+00 	 0.000000e+00 0.000000e+00 0.000000e+00 	 0
