# 1  2-4    5-7    8-10   11     
# x  dirEF  recEF  sumEF  #Sample
0.250000 	 0.000000e+00 0.000000e+00 0.000000e+00 	 0.000000e+00 0.000000e+00 0.000000e+00 	 0.000000e+00 0.000000e+00 0.000000e+00 	 0
0.750000 	 0.000000e+00 0.000000e+00 0.000000e+00 	 0.000000e+00 0.000000e+00 0.000000e+00 	 0.000000e+00 0.000000e+00 0.000000e+00 	 0
1.250000 	 0.000000e+00 0.000000e+00 0.000000e+00 	 0.000000e+00 0.000000e+00 0.000000e+00 	 0.000000e+00 0.000000e+00 0.000000e+00 	 0
1.750000 	 0.000000e+00 0.000000e+00 0.000000e+00 	 0.000000e+00 0.000000e+00 0.000000e+00 	 0.000000e+00 0.000000e+00 0.000000e+00 	 0
2.250000 	 0.000000e+00 0.000000e+00 0.000000e+00 	 0.000000e+00 0.000000e+00 0.000000e+00 	 0.000000e+00 0.000000e+00 0.000000e+00 	 0
2.750000 	 0.000000e+00 0.000000e+00 0.000000e+00 	 0.000000e+00 0.000000e+00 0.000000e+00 	 0.000000e+00 0.000000e+00 0.000000e+00 	 0
3.250000 	 -1.572278e-06 2.316833e-06 3.090730e-07 	 -1.498028e-13 -1.354027e-13 -9.062815e-15 	 -1.572278e-06 2.316833e-06 3.090730e-07 	 28
3.750000 	 -9.184901e-07 1.605070e-07 1.356065e-06 	 -5.312189e-14 7.897835e-15 3.992267e-15 	 -9.184902e-07 1.605070e-07 1.356065e-06 	 549
4.250000 	 1.363309e-06 -2.965390e-06 9.725679e-07 	 4.036408e-14 4.092219e-14 2.954562e-14 	 1.363309e-06 -2.965390e-06 9.725680e-07 	 905
4.750000 	 -7.815844e-07 1.969953e-06 6.007183e-08 	 -8.953671e-15 1.702303e-14 -2.837622e-16 	 -7.815844e-07 1.969953e-06 6.007183e-08 	 927
5.250000 	 5.127553e-07 9.633635e-07 -1.196940e-06 	 -5.686452e-14 -2.271228e-14 -3.392812e-14 	 5.127552e-07 9.633635e-07 -1.196940e-06 	 890
5.750000 	 -7.855808e-07 -1.639862e-06 4.933323e-07 	 2.764976e-14 -5.332392e-14 -2.103140e-14 	 -7.855808e-07 -1.639862e-06 4.933323e-07 	 915
6.250000 	 -2.062837e-06 1.755218e-07 9.311959e-07 	 -2.799493e-14 2.502283e-14 -9.517842e-14 	 -2.062837e-06 1.755218e-07 9.311958e-07 	 916
6.750000 	 1.816009e-07 4.634172e-07 -1.972588e-06 	 1.854053e-13 6.620486e-15 1.180588e-13 	 1.816011e-07 4.634173e-07 -1.972588e-06 	 911
7.250000 	 -2.137163e-07 -1.069201e-06 -1.478243e-06 	 2.604537e-14 -1.750963e-14 -3.013836e-14 	 -2.137163e-07 -1.069201e-06 -1.478243e-06 	 911
7.750000 	 1.550452e-07 -4.220067e-07 6.180705e-07 	 3.922280e-14 -4.008823e-14 -6.002731e-15 	 1.550452e-07 -4.220068e-07 6.180705e-07 	 902
8.250000 	 -4.585843e-07 3.518773e-07 2.759648e-06 	 -8.525609e-15 1.562691e-14 -2.133629e-14 	 -4.585843e-07 3.518773e-07 2.759647e-06 	 889
8.750000 	 1.306434e-07 -1.907705e-06 -1.976673e-06 	 -1.314483e-13 1.206548e-14 -3.530897e-14 	 1.306433e-07 -1.907705e-06 -1.976673e-06 	 914
9.250000 	 1.575136e-06 1.291637e-06 8.058801e-07 	 -8.041185e-14 -4.943888e-15 -4.057294e-16 	 1.575136e-06 1.291637e-06 8.058801e-07 	 887
9.750000 	 2.686801e-06 3.217764e-07 1.521656e-06 	 5.396641e-14 -2.427360e-14 1.094542e-14 	 2.686801e-06 3.217764e-07 1.521656e-06 	 906
10.250000 	 -9.567082e-07 -4.788574e-07 2.075537e-07 	 -7.907575e-14 2.731819e-14 -2.417877e-14 	 -9.567083e-07 -4.788574e-07 2.075536e-07 	 904
10.750000 	 -9.081723e-07 -1.211706e-06 -7.076920e-07 	 1.594848e-14 -6.563522e-15 -1.490548e-14 	 -9.081722e-07 -1.211707e-06 -7.076920e-07 	 896
11.250000 	 9.775519e-08 -5.287399e-07 -2.175259e-07 	 5.490963e-14 2.095117e-14 5.229725e-14 	 9.775525e-08 -5.287399e-07 -2.175258e-07 	 551
11.750000 	 -5.324663e-06 -1.254418e-06 -6.769627e-07 	 2.755284e-13 1.554096e-13 -1.887047e-13 	 -5.324663e-06 -1.254417e-06 -6.769628e-07 	 23
12.250000 	 0.000000e+00 0.000000e+00 0.000000e+00 	 0.000000e+00 0.000000e+00 0.000000e+00 	 0.000000e+00 0.000000e+00 0.000000e+00 	 0
12.750000 	 0.000000e+00 0.000000e+00 0.000000e+00 	 0.000000e+00 0.000000e+00 0.000000e+00 	 0.000000e+00 0.000000e+00 0.000000e+00 	 0
13.250000 	 0.000000e+00 0.000000e+00 0.000000e+00 	 0.000000e+00 0.000000e+00 0.000000e+00 	 0.000000e+00 0.000000e+00 0.000000e+00 	 0
13.750000 	 0.000000e+00 0.000000e+00 0.000000e+00 	 0.000000e+00 0.000000e+00 0.000000e+00 	 0.000000e+00 0.000000e+00 0.000000e+00 	 0
14.250000 	 0.000000e+00 0.000000e+00 0.000000e+00 	 0.000000e+00 0.000000e+00 0.000000e+00 	 0.000000e+00 0.000000e+00 0.000000e+00 	 0
14.750000 	 0.000000e+00 0.000000e+00 0.000000e+00 	 0.000000e+00 0.000000e+00 0.000000e+00 	 0.000000e+00 0.000000e+00 0.000000e+00 	 0
