# 1  2-4    5-7    8-10   11     
# x  dirEF  recEF  sumEF  #Sample
0.250000 	 0.000000e+00 0.000000e+00 0.000000e+00 	 0.000000e+00 0.000000e+00 0.000000e+00 	 0.000000e+00 0.000000e+00 0.000000e+00 	 0
0.750000 	 0.000000e+00 0.000000e+00 0.000000e+00 	 0.000000e+00 0.000000e+00 0.000000e+00 	 0.000000e+00 0.000000e+00 0.000000e+00 	 0
1.250000 	 0.000000e+00 0.000000e+00 0.000000e+00 	 0.000000e+00 0.000000e+00 0.000000e+00 	 0.000000e+00 0.000000e+00 0.000000e+00 	 0
1.750000 	 9.577406e-11 1.051603e-11 1.948308e-11 	 -1.361866e-05 7.637364e-06 4.077843e-06 	 -1.361856e-05 7.637375e-06 4.077863e-06 	 1
2.250000 	 0.000000e+00 0.000000e+00 0.000000e+00 	 0.000000e+00 0.000000e+00 0.000000e+00 	 0.000000e+00 0.000000e+00 0.000000e+00 	 0
2.750000 	 0.000000e+00 0.000000e+00 0.000000e+00 	 0.000000e+00 0.000000e+00 0.000000e+00 	 0.000000e+00 0.000000e+00 0.000000e+00 	 0
3.250000 	 1.447490e-06 -3.277806e-06 6.967614e-06 	 -6.329500e-07 8.822586e-07 5.378009e-09 	 8.145398e-07 -2.395547e-06 6.972992e-06 	 34
3.750000 	 4.617283e-07 2.736528e-07 -3.499912e-07 	 6.958852e-07 2.095834e-07 9.602218e-09 	 1.157613e-06 4.832363e-07 -3.403890e-07 	 566
4.250000 	 2.137487e-06 -2.619418e-07 -7.932483e-08 	 -7.027053e-08 -1.980768e-07 2.566111e-08 	 2.067216e-06 -4.600186e-07 -5.366372e-08 	 899
4.750000 	 1.946408e-06 6.464304e-07 -1.426250e-08 	 6.573300e-08 1.592337e-07 6.772498e-08 	 2.012141e-06 8.056640e-07 5.346249e-08 	 912
5.250000 	 -9.099903e-07 3.297312e-07 -1.628562e-06 	 7.985089e-08 -6.556301e-08 1.057177e-07 	 -8.301394e-07 2.641682e-07 -1.522844e-06 	 904
5.750000 	 2.032610e-06 -1.254428e-06 1.487699e-06 	 3.181608e-07 -2.341361e-08 7.720237e-08 	 2.350770e-06 -1.277842e-06 1.564901e-06 	 884
6.250000 	 -2.208743e-06 -1.436087e-06 2.638951e-07 	 1.046001e-07 -2.913282e-08 9.499846e-08 	 -2.104143e-06 -1.465220e-06 3.588935e-07 	 892
6.750000 	 -2.539137e-07 3.285000e-07 -1.748548e-06 	 -1.143512e-07 1.246692e-07 -3.529001e-08 	 -3.682650e-07 4.531693e-07 -1.783838e-06 	 923
7.250000 	 -3.882241e-08 -1.107490e-06 5.471810e-07 	 -5.872446e-08 9.661497e-08 1.168069e-07 	 -9.754688e-08 -1.010875e-06 6.639879e-07 	 905
7.750000 	 5.385838e-07 3.529002e-07 6.028619e-07 	 1.447646e-07 1.559591e-07 -2.211063e-08 	 6.833484e-07 5.088593e-07 5.807513e-07 	 898
8.250000 	 -3.552974e-07 2.851910e-07 -1.361792e-06 	 1.466441e-07 -9.146213e-09 1.555249e-08 	 -2.086533e-07 2.760447e-07 -1.346240e-06 	 919
8.750000 	 -2.252710e-06 -2.710485e-06 2.868227e-07 	 -2.538414e-07 -4.085332e-08 -2.267849e-08 	 -2.506551e-06 -2.751338e-06 2.641442e-07 	 908
9.250000 	 7.364607e-07 -2.927369e-07 -2.856167e-06 	 1.085262e-07 3.606317e-08 4.329839e-08 	 8.449870e-07 -2.566737e-07 -2.812869e-06 	 922
9.750000 	 1.072351e-07 8.532071e-07 1.684338e-06 	 -2.150619e-07 -1.350399e-07 -4.099286e-09 	 -1.078268e-07 7.181673e-07 1.680239e-06 	 902
10.250000 	 5.962686e-07 -1.758284e-06 1.192419e-06 	 -3.445102e-08 -3.967269e-08 5.769287e-08 	 5.618176e-07 -1.797956e-06 1.250111e-06 	 894
10.750000 	 3.186571e-06 2.130861e-07 -1.012173e-06 	 -2.005027e-07 -2.406175e-08 8.892978e-08 	 2.986068e-06 1.890243e-07 -9.232437e-07 	 904
11.250000 	 -8.927518e-07 3.122479e-08 -4.981792e-07 	 -4.264817e-07 -1.542214e-07 1.761686e-07 	 -1.319233e-06 -1.229966e-07 -3.220106e-07 	 534
11.750000 	 1.082994e-05 2.561249e-06 8.179805e-07 	 -4.526717e-07 2.753554e-07 6.311952e-07 	 1.037727e-05 2.836605e-06 1.449176e-06 	 22
12.250000 	 0.000000e+00 0.000000e+00 0.000000e+00 	 0.000000e+00 0.000000e+00 0.000000e+00 	 0.000000e+00 0.000000e+00 0.000000e+00 	 0
12.750000 	 0.000000e+00 0.000000e+00 0.000000e+00 	 0.000000e+00 0.000000e+00 0.000000e+00 	 0.000000e+00 0.000000e+00 0.000000e+00 	 0
13.250000 	 0.000000e+00 0.000000e+00 0.000000e+00 	 0.000000e+00 0.000000e+00 0.000000e+00 	 0.000000e+00 0.000000e+00 0.000000e+00 	 0
13.750000 	 0.000000e+00 0.000000e+00 0.000000e+00 	 -1.533831e-05 5.352660e-06 -4.056605e-07 	 -1.533831e-05 5.352660e-06 -4.056605e-07 	 1
14.250000 	 0.000000e+00 0.000000e+00 0.000000e+00 	 0.000000e+00 0.000000e+00 0.000000e+00 	 0.000000e+00 0.000000e+00 0.000000e+00 	 0
14.750000 	 0.000000e+00 0.000000e+00 0.000000e+00 	 0.000000e+00 0.000000e+00 0.000000e+00 	 0.000000e+00 0.000000e+00 0.000000e+00 	 0
