# 1  2-4    5-7    8-10   11     
# x  dirEF  recEF  sumEF  #Sample
0.250000 	 0.000000e+00 0.000000e+00 0.000000e+00 	 0.000000e+00 0.000000e+00 0.000000e+00 	 0.000000e+00 0.000000e+00 0.000000e+00 	 0
0.750000 	 0.000000e+00 0.000000e+00 0.000000e+00 	 0.000000e+00 0.000000e+00 0.000000e+00 	 0.000000e+00 0.000000e+00 0.000000e+00 	 0
1.250000 	 0.000000e+00 0.000000e+00 0.000000e+00 	 0.000000e+00 0.000000e+00 0.000000e+00 	 0.000000e+00 0.000000e+00 0.000000e+00 	 0
1.750000 	 0.000000e+00 0.000000e+00 0.000000e+00 	 0.000000e+00 0.000000e+00 0.000000e+00 	 0.000000e+00 0.000000e+00 0.000000e+00 	 0
2.250000 	 0.000000e+00 0.000000e+00 0.000000e+00 	 0.000000e+00 0.000000e+00 0.000000e+00 	 0.000000e+00 0.000000e+00 0.000000e+00 	 0
2.750000 	 0.000000e+00 0.000000e+00 0.000000e+00 	 0.000000e+00 0.000000e+00 0.000000e+00 	 0.000000e+00 0.000000e+00 0.000000e+00 	 0
3.250000 	 -2.676813e-06 4.417540e-06 2.790499e-06 	 -1.267232e-05 -8.713205e-06 -3.014751e-05 	 -1.534913e-05 -4.295665e-06 -2.735701e-05 	 15
3.750000 	 1.326551e-06 -6.563891e-07 -1.973720e-06 	 4.017607e-06 2.194665e-06 5.450238e-07 	 5.344159e-06 1.538276e-06 -1.428696e-06 	 616
4.250000 	 -3.958130e-07 9.413862e-08 5.838465e-07 	 -8.407101e-07 -1.955777e-06 1.197248e-06 	 -1.236523e-06 -1.861639e-06 1.781095e-06 	 884
4.750000 	 -1.203039e-06 1.032120e-06 -3.021148e-07 	 3.310023e-06 7.664107e-07 -1.519448e-06 	 2.106984e-06 1.798531e-06 -1.821563e-06 	 895
5.250000 	 -2.065269e-06 -6.872985e-07 -2.842345e-07 	 7.735642e-07 8.889311e-07 -2.114290e-06 	 -1.291705e-06 2.016325e-07 -2.398524e-06 	 912
5.750000 	 1.544481e-06 -1.103515e-06 7.850213e-07 	 9.546462e-07 3.875037e-07 -1.536157e-06 	 2.499128e-06 -7.160110e-07 -7.511355e-07 	 873
6.250000 	 4.885946e-07 1.227131e-06 -1.095410e-06 	 4.067725e-06 -2.064704e-06 4.447106e-08 	 4.556320e-06 -8.375733e-07 -1.050939e-06 	 941
6.750000 	 -2.278955e-06 -9.673332e-08 2.042085e-06 	 -4.664202e-06 -1.061424e-06 2.403372e-06 	 -6.943157e-06 -1.158157e-06 4.445457e-06 	 885
7.250000 	 1.212334e-06 -5.798896e-07 1.318357e-07 	 2.128766e-06 -1.507419e-06 8.684522e-07 	 3.341100e-06 -2.087309e-06 1.000288e-06 	 907
7.750000 	 -7.053672e-07 3.183642e-07 -1.380319e-07 	 -1.934943e-06 -1.331413e-06 -8.102629e-08 	 -2.640310e-06 -1.013048e-06 -2.190582e-07 	 892
8.250000 	 1.031358e-06 -6.198075e-08 -4.958115e-07 	 2.275842e-06 -7.134771e-07 2.298204e-06 	 3.307200e-06 -7.754578e-07 1.802392e-06 	 919
8.750000 	 1.445448e-06 4.475759e-07 -5.639397e-07 	 9.606945e-07 2.111988e-06 -4.158928e-06 	 2.406142e-06 2.559564e-06 -4.722868e-06 	 895
9.250000 	 -3.949991e-07 2.528116e-07 3.873889e-07 	 -7.958092e-07 4.435669e-06 -2.157344e-06 	 -1.190808e-06 4.688480e-06 -1.769955e-06 	 902
9.750000 	 -1.585701e-06 5.846523e-07 1.701130e-06 	 -1.949677e-06 -2.774219e-06 1.357030e-06 	 -3.535378e-06 -2.189567e-06 3.058160e-06 	 919
10.250000 	 -2.670818e-06 -1.025009e-06 -1.470393e-06 	 6.473139e-06 2.790321e-06 -1.660056e-06 	 3.802321e-06 1.765312e-06 -3.130449e-06 	 894
10.750000 	 2.430037e-08 -9.069764e-07 -1.876743e-07 	 -4.547745e-06 1.167768e-06 1.056947e-06 	 -4.523444e-06 2.607921e-07 8.692723e-07 	 869
11.250000 	 1.518342e-06 3.346209e-07 2.292919e-06 	 3.537923e-06 1.425732e-06 -2.045474e-07 	 5.056265e-06 1.760353e-06 2.088372e-06 	 564
11.750000 	 7.700322e-06 3.525339e-06 5.371052e-06 	 -7.118121e-06 -1.148667e-05 -7.581334e-06 	 5.822012e-07 -7.961335e-06 -2.210282e-06 	 42
12.250000 	 0.000000e+00 0.000000e+00 0.000000e+00 	 0.000000e+00 0.000000e+00 0.000000e+00 	 0.000000e+00 0.000000e+00 0.000000e+00 	 0
12.750000 	 0.000000e+00 0.000000e+00 0.000000e+00 	 0.000000e+00 0.000000e+00 0.000000e+00 	 0.000000e+00 0.000000e+00 0.000000e+00 	 0
13.250000 	 0.000000e+00 0.000000e+00 0.000000e+00 	 0.000000e+00 0.000000e+00 0.000000e+00 	 0.000000e+00 0.000000e+00 0.000000e+00 	 0
13.750000 	 0.000000e+00 0.000000e+00 0.000000e+00 	 0.000000e+00 0.000000e+00 0.000000e+00 	 0.000000e+00 0.000000e+00 0.000000e+00 	 0
14.250000 	 0.000000e+00 0.000000e+00 0.000000e+00 	 0.000000e+00 0.000000e+00 0.000000e+00 	 0.000000e+00 0.000000e+00 0.000000e+00 	 0
14.750000 	 0.000000e+00 0.000000e+00 0.000000e+00 	 0.000000e+00 0.000000e+00 0.000000e+00 	 0.000000e+00 0.000000e+00 0.000000e+00 	 0
