# 1  2-4    5-7    8-10   11     
# x  dirEF  recEF  sumEF  #Sample
0.250000 	 0.000000e+00 0.000000e+00 0.000000e+00 	 0.000000e+00 0.000000e+00 0.000000e+00 	 0.000000e+00 0.000000e+00 0.000000e+00 	 0
0.750000 	 0.000000e+00 0.000000e+00 0.000000e+00 	 0.000000e+00 0.000000e+00 0.000000e+00 	 0.000000e+00 0.000000e+00 0.000000e+00 	 0
1.250000 	 0.000000e+00 0.000000e+00 0.000000e+00 	 0.000000e+00 0.000000e+00 0.000000e+00 	 0.000000e+00 0.000000e+00 0.000000e+00 	 0
1.750000 	 0.000000e+00 0.000000e+00 0.000000e+00 	 0.000000e+00 0.000000e+00 0.000000e+00 	 0.000000e+00 0.000000e+00 0.000000e+00 	 0
2.250000 	 0.000000e+00 0.000000e+00 0.000000e+00 	 0.000000e+00 0.000000e+00 0.000000e+00 	 0.000000e+00 0.000000e+00 0.000000e+00 	 0
2.750000 	 0.000000e+00 0.000000e+00 0.000000e+00 	 0.000000e+00 0.000000e+00 0.000000e+00 	 0.000000e+00 0.000000e+00 0.000000e+00 	 0
3.250000 	 -4.859090e-07 -4.480018e-06 -6.275763e-06 	 -9.867197e-06 6.777870e-06 -1.194847e-05 	 -1.035311e-05 2.297852e-06 -1.822423e-05 	 21
3.750000 	 4.192319e-07 -1.286459e-08 -2.013727e-07 	 1.863607e-06 -4.996674e-07 4.338530e-07 	 2.282839e-06 -5.125320e-07 2.324802e-07 	 597
4.250000 	 -1.092688e-06 -1.092634e-06 7.760446e-07 	 1.593909e-07 3.944108e-07 9.849551e-07 	 -9.332975e-07 -6.982236e-07 1.761000e-06 	 882
4.750000 	 1.417315e-06 -1.182158e-07 1.923025e-07 	 1.701672e-07 -1.181961e-07 5.397735e-07 	 1.587482e-06 -2.364119e-07 7.320760e-07 	 897
5.250000 	 -3.650356e-07 -1.799796e-06 -1.067700e-06 	 3.439415e-07 8.013274e-07 2.129236e-07 	 -2.109410e-08 -9.984684e-07 -8.547768e-07 	 902
5.750000 	 -2.004082e-06 -6.218023e-07 -2.784911e-08 	 4.658710e-07 5.885724e-07 -5.075513e-07 	 -1.538211e-06 -3.322989e-08 -5.354004e-07 	 906
6.250000 	 2.413668e-06 -8.647472e-07 -3.875383e-07 	 -7.155900e-07 -8.930074e-07 -4.812683e-08 	 1.698078e-06 -1.757755e-06 -4.356651e-07 	 913
6.750000 	 9.411481e-07 -1.848164e-06 8.428116e-07 	 -1.101076e-06 -7.085851e-07 -2.081811e-07 	 -1.599277e-07 -2.556749e-06 6.346305e-07 	 910
7.250000 	 2.151626e-06 1.529818e-06 -1.963576e-07 	 -7.159039e-07 -2.547986e-06 7.791914e-07 	 1.435722e-06 -1.018167e-06 5.828338e-07 	 897
7.750000 	 7.742211e-07 -2.042292e-07 7.305211e-07 	 7.318909e-07 1.052579e-06 1.359123e-07 	 1.506112e-06 8.483497e-07 8.664334e-07 	 892
8.250000 	 2.945268e-07 -1.076036e-06 1.111740e-07 	 6.819235e-07 -2.924770e-07 1.352312e-07 	 9.764503e-07 -1.368513e-06 2.464051e-07 	 924
8.750000 	 -1.886411e-08 9.453559e-09 -1.937704e-06 	 1.674512e-06 2.735627e-08 1.346725e-06 	 1.655648e-06 3.680983e-08 -5.909788e-07 	 889
9.250000 	 9.818543e-07 2.800247e-06 1.239802e-07 	 3.936548e-07 -8.039724e-07 3.302911e-07 	 1.375509e-06 1.996275e-06 4.542713e-07 	 922
9.750000 	 1.544478e-06 1.703419e-06 2.400664e-07 	 -1.347897e-06 -5.407605e-07 -1.041065e-07 	 1.965813e-07 1.162658e-06 1.359599e-07 	 904
10.250000 	 7.356582e-08 -3.701524e-06 4.705449e-07 	 2.270711e-06 8.104719e-07 -8.246304e-08 	 2.344277e-06 -2.891053e-06 3.880819e-07 	 898
10.750000 	 -4.203009e-07 1.014730e-06 -1.337667e-06 	 -1.044011e-06 7.421445e-07 -2.466889e-07 	 -1.464312e-06 1.756875e-06 -1.584355e-06 	 898
11.250000 	 -9.719982e-08 8.088792e-07 2.198619e-07 	 -2.954568e-07 1.378090e-06 -3.347714e-08 	 -3.926567e-07 2.186969e-06 1.863847e-07 	 561
11.750000 	 -6.537955e-06 -7.417799e-06 8.164061e-06 	 3.981558e-06 -5.847942e-06 -3.312390e-06 	 -2.556398e-06 -1.326574e-05 4.851671e-06 	 11
12.250000 	 0.000000e+00 0.000000e+00 0.000000e+00 	 0.000000e+00 0.000000e+00 0.000000e+00 	 0.000000e+00 0.000000e+00 0.000000e+00 	 0
12.750000 	 0.000000e+00 0.000000e+00 0.000000e+00 	 0.000000e+00 0.000000e+00 0.000000e+00 	 0.000000e+00 0.000000e+00 0.000000e+00 	 0
13.250000 	 0.000000e+00 0.000000e+00 0.000000e+00 	 0.000000e+00 0.000000e+00 0.000000e+00 	 0.000000e+00 0.000000e+00 0.000000e+00 	 0
13.750000 	 0.000000e+00 0.000000e+00 0.000000e+00 	 0.000000e+00 0.000000e+00 0.000000e+00 	 0.000000e+00 0.000000e+00 0.000000e+00 	 0
14.250000 	 0.000000e+00 0.000000e+00 0.000000e+00 	 0.000000e+00 0.000000e+00 0.000000e+00 	 0.000000e+00 0.000000e+00 0.000000e+00 	 0
14.750000 	 0.000000e+00 0.000000e+00 0.000000e+00 	 0.000000e+00 0.000000e+00 0.000000e+00 	 0.000000e+00 0.000000e+00 0.000000e+00 	 0
