# 1  2-4    5-7    8-10   11     
# x  dirEF  recEF  sumEF  #Sample
0.250000 	 0.000000e+00 0.000000e+00 0.000000e+00 	 0.000000e+00 0.000000e+00 0.000000e+00 	 0.000000e+00 0.000000e+00 0.000000e+00 	 0
0.750000 	 0.000000e+00 0.000000e+00 0.000000e+00 	 0.000000e+00 0.000000e+00 0.000000e+00 	 0.000000e+00 0.000000e+00 0.000000e+00 	 0
1.250000 	 0.000000e+00 0.000000e+00 0.000000e+00 	 0.000000e+00 0.000000e+00 0.000000e+00 	 0.000000e+00 0.000000e+00 0.000000e+00 	 0
1.750000 	 0.000000e+00 0.000000e+00 0.000000e+00 	 0.000000e+00 0.000000e+00 0.000000e+00 	 0.000000e+00 0.000000e+00 0.000000e+00 	 0
2.250000 	 0.000000e+00 0.000000e+00 0.000000e+00 	 0.000000e+00 0.000000e+00 0.000000e+00 	 0.000000e+00 0.000000e+00 0.000000e+00 	 0
2.750000 	 0.000000e+00 0.000000e+00 0.000000e+00 	 0.000000e+00 0.000000e+00 0.000000e+00 	 0.000000e+00 0.000000e+00 0.000000e+00 	 0
3.250000 	 -6.763349e-06 7.184355e-06 -2.882620e-06 	 -3.494798e-06 -1.178928e-06 -7.547009e-08 	 -1.025815e-05 6.005426e-06 -2.958090e-06 	 26
3.750000 	 -2.181548e-07 9.461271e-07 -1.258123e-06 	 9.302541e-07 8.468213e-10 7.793931e-08 	 7.120993e-07 9.469740e-07 -1.180183e-06 	 559
4.250000 	 3.581051e-07 2.008383e-07 -9.737505e-07 	 3.285142e-07 -1.101332e-07 -1.701823e-08 	 6.866193e-07 9.070507e-08 -9.907688e-07 	 899
4.750000 	 1.341829e-06 1.531831e-06 4.348617e-07 	 -3.029258e-07 -1.970333e-11 -6.558289e-08 	 1.038903e-06 1.531811e-06 3.692788e-07 	 927
5.250000 	 -1.891036e-06 -6.844625e-08 2.047936e-06 	 -2.585500e-07 7.584630e-09 5.034272e-08 	 -2.149586e-06 -6.086162e-08 2.098279e-06 	 901
5.750000 	 -1.200816e-06 -3.328799e-07 5.124051e-07 	 3.082155e-07 -8.479469e-09 -4.257625e-08 	 -8.926005e-07 -3.413594e-07 4.698288e-07 	 902
6.250000 	 -1.389327e-08 -2.713339e-07 -2.519838e-06 	 -9.799585e-08 -7.585290e-08 2.064990e-08 	 -1.118891e-07 -3.471867e-07 -2.499189e-06 	 905
6.750000 	 6.678738e-07 3.026846e-07 2.652408e-07 	 2.215925e-08 -4.750356e-08 -1.345895e-07 	 6.900330e-07 2.551811e-07 1.306513e-07 	 915
7.250000 	 1.802919e-06 -1.098731e-06 2.017272e-07 	 1.143092e-07 7.763266e-08 2.101539e-08 	 1.917228e-06 -1.021098e-06 2.227426e-07 	 898
7.750000 	 -7.909216e-08 1.686055e-06 -1.151910e-06 	 2.022464e-07 -5.592732e-08 -1.356092e-07 	 1.231542e-07 1.630128e-06 -1.287519e-06 	 883
8.250000 	 9.105833e-07 -1.010718e-06 1.091869e-06 	 -2.670447e-07 1.033340e-07 8.314806e-08 	 6.435385e-07 -9.073840e-07 1.175017e-06 	 912
8.750000 	 1.915207e-06 -1.197116e-07 -8.537312e-07 	 9.763636e-08 -9.177348e-08 -2.781882e-08 	 2.012844e-06 -2.114851e-07 -8.815500e-07 	 910
9.250000 	 1.080185e-06 1.591844e-06 -3.999075e-07 	 1.890104e-07 1.475951e-07 -2.302612e-08 	 1.269195e-06 1.739439e-06 -4.229336e-07 	 925
9.750000 	 -4.699253e-07 -1.123541e-06 1.281522e-06 	 -3.211546e-07 8.903359e-08 8.182918e-09 	 -7.910799e-07 -1.034508e-06 1.289705e-06 	 899
10.250000 	 -2.624119e-06 -4.611978e-07 -6.895564e-08 	 -2.562490e-07 -8.514396e-08 -1.312096e-07 	 -2.880368e-06 -5.463417e-07 -2.001652e-07 	 907
10.750000 	 1.313491e-06 2.159195e-08 -1.514174e-06 	 3.771007e-07 -4.164556e-09 -7.283661e-08 	 1.690592e-06 1.742740e-08 -1.587011e-06 	 886
11.250000 	 1.846492e-06 -3.311421e-07 -3.659719e-07 	 -9.211093e-07 -1.447965e-07 -2.797376e-08 	 9.253824e-07 -4.759386e-07 -3.939457e-07 	 551
11.750000 	 2.642334e-06 -2.054031e-06 2.210146e-06 	 1.721849e-06 1.302043e-06 7.440744e-08 	 4.364182e-06 -7.519874e-07 2.284554e-06 	 19
12.250000 	 0.000000e+00 0.000000e+00 0.000000e+00 	 0.000000e+00 0.000000e+00 0.000000e+00 	 0.000000e+00 0.000000e+00 0.000000e+00 	 0
12.750000 	 0.000000e+00 0.000000e+00 0.000000e+00 	 0.000000e+00 0.000000e+00 0.000000e+00 	 0.000000e+00 0.000000e+00 0.000000e+00 	 0
13.250000 	 0.000000e+00 0.000000e+00 0.000000e+00 	 0.000000e+00 0.000000e+00 0.000000e+00 	 0.000000e+00 0.000000e+00 0.000000e+00 	 0
13.750000 	 0.000000e+00 0.000000e+00 0.000000e+00 	 0.000000e+00 0.000000e+00 0.000000e+00 	 0.000000e+00 0.000000e+00 0.000000e+00 	 0
14.250000 	 0.000000e+00 0.000000e+00 0.000000e+00 	 0.000000e+00 0.000000e+00 0.000000e+00 	 0.000000e+00 0.000000e+00 0.000000e+00 	 0
14.750000 	 0.000000e+00 0.000000e+00 0.000000e+00 	 0.000000e+00 0.000000e+00 0.000000e+00 	 0.000000e+00 0.000000e+00 0.000000e+00 	 0
