# 1  2-4    5-7    8-10   11     
# x  dirEF  recEF  sumEF  #Sample
0.250000 	 0.000000e+00 0.000000e+00 0.000000e+00 	 0.000000e+00 0.000000e+00 0.000000e+00 	 0.000000e+00 0.000000e+00 0.000000e+00 	 0
0.750000 	 0.000000e+00 0.000000e+00 0.000000e+00 	 0.000000e+00 0.000000e+00 0.000000e+00 	 0.000000e+00 0.000000e+00 0.000000e+00 	 0
1.250000 	 0.000000e+00 0.000000e+00 0.000000e+00 	 0.000000e+00 0.000000e+00 0.000000e+00 	 0.000000e+00 0.000000e+00 0.000000e+00 	 0
1.750000 	 0.000000e+00 0.000000e+00 0.000000e+00 	 0.000000e+00 0.000000e+00 0.000000e+00 	 0.000000e+00 0.000000e+00 0.000000e+00 	 0
2.250000 	 0.000000e+00 0.000000e+00 0.000000e+00 	 0.000000e+00 0.000000e+00 0.000000e+00 	 0.000000e+00 0.000000e+00 0.000000e+00 	 0
2.750000 	 0.000000e+00 0.000000e+00 0.000000e+00 	 0.000000e+00 0.000000e+00 0.000000e+00 	 0.000000e+00 0.000000e+00 0.000000e+00 	 0
3.250000 	 -1.196966e-05 7.195898e-06 4.080595e-07 	 -5.069255e-07 -3.728837e-07 -5.491943e-07 	 -1.247659e-05 6.823014e-06 -1.411348e-07 	 17
3.750000 	 -9.555178e-07 1.889799e-07 5.896317e-07 	 1.872629e-07 -6.501286e-07 8.924208e-08 	 -7.682549e-07 -4.611487e-07 6.788738e-07 	 590
4.250000 	 6.223410e-07 -8.405411e-07 -1.257350e-06 	 -2.151410e-08 3.553148e-08 1.513930e-06 	 6.008269e-07 -8.050096e-07 2.565797e-07 	 888
4.750000 	 1.483265e-06 2.196126e-06 1.081994e-07 	 7.400126e-08 -7.754907e-08 -1.912538e-07 	 1.557266e-06 2.118577e-06 -8.305441e-08 	 905
5.250000 	 1.479085e-06 -1.788703e-06 -2.053771e-07 	 -1.420799e-07 3.296440e-07 -3.559297e-07 	 1.337005e-06 -1.459059e-06 -5.613068e-07 	 909
5.750000 	 -3.802801e-07 -3.769533e-07 -1.261682e-06 	 2.564234e-08 5.857856e-07 -3.852119e-07 	 -3.546378e-07 2.088323e-07 -1.646894e-06 	 905
6.250000 	 -3.458732e-07 -2.997006e-06 8.022218e-07 	 3.088405e-07 4.855971e-09 -3.345778e-07 	 -3.703275e-08 -2.992150e-06 4.676439e-07 	 914
6.750000 	 -5.410041e-07 2.112861e-06 -5.085594e-07 	 -1.089433e-07 -4.724151e-08 2.050627e-07 	 -6.499474e-07 2.065620e-06 -3.034966e-07 	 903
7.250000 	 -5.496669e-07 1.264726e-07 -9.219672e-07 	 -7.495510e-08 1.700836e-07 7.689028e-07 	 -6.246220e-07 2.965562e-07 -1.530644e-07 	 894
7.750000 	 -3.012553e-07 -3.305153e-07 4.845537e-07 	 2.350752e-07 6.267145e-07 2.987501e-07 	 -6.618001e-08 2.961992e-07 7.833038e-07 	 910
8.250000 	 -8.169000e-07 1.091856e-06 -9.237625e-07 	 -2.531140e-07 -6.206066e-07 6.997523e-07 	 -1.070014e-06 4.712490e-07 -2.240102e-07 	 918
8.750000 	 -8.195911e-07 -1.251882e-06 -1.138010e-07 	 5.557586e-08 -2.977314e-07 1.272908e-07 	 -7.640152e-07 -1.549613e-06 1.348979e-08 	 904
9.250000 	 -4.617741e-07 -2.288009e-06 2.083817e-06 	 3.109360e-07 -1.224120e-07 -5.485141e-08 	 -1.508382e-07 -2.410421e-06 2.028966e-06 	 888
9.750000 	 3.880787e-07 1.034396e-06 2.960726e-07 	 -2.404466e-07 -1.356154e-06 4.278609e-07 	 1.476321e-07 -3.217580e-07 7.239335e-07 	 893
10.250000 	 1.747426e-07 -1.632595e-07 -1.836261e-06 	 -1.749258e-07 2.467938e-07 3.590683e-07 	 -1.832095e-10 8.353434e-08 -1.477193e-06 	 904
10.750000 	 1.746827e-06 -2.953757e-08 2.844603e-07 	 2.748757e-07 1.051282e-07 -7.835666e-07 	 2.021702e-06 7.559062e-08 -4.991063e-07 	 891
11.250000 	 -7.025218e-07 2.219286e-07 -1.519197e-06 	 -9.209954e-07 9.114114e-07 -4.729853e-07 	 -1.623517e-06 1.133340e-06 -1.992182e-06 	 573
11.750000 	 3.964649e-06 -3.672152e-06 6.162784e-06 	 4.487217e-06 2.517472e-06 8.215523e-07 	 8.451866e-06 -1.154680e-06 6.984337e-06 	 18
12.250000 	 0.000000e+00 0.000000e+00 0.000000e+00 	 0.000000e+00 0.000000e+00 0.000000e+00 	 0.000000e+00 0.000000e+00 0.000000e+00 	 0
12.750000 	 0.000000e+00 0.000000e+00 0.000000e+00 	 0.000000e+00 0.000000e+00 0.000000e+00 	 0.000000e+00 0.000000e+00 0.000000e+00 	 0
13.250000 	 0.000000e+00 0.000000e+00 0.000000e+00 	 0.000000e+00 0.000000e+00 0.000000e+00 	 0.000000e+00 0.000000e+00 0.000000e+00 	 0
13.750000 	 0.000000e+00 0.000000e+00 0.000000e+00 	 0.000000e+00 0.000000e+00 0.000000e+00 	 0.000000e+00 0.000000e+00 0.000000e+00 	 0
14.250000 	 0.000000e+00 0.000000e+00 0.000000e+00 	 0.000000e+00 0.000000e+00 0.000000e+00 	 0.000000e+00 0.000000e+00 0.000000e+00 	 0
14.750000 	 0.000000e+00 0.000000e+00 0.000000e+00 	 0.000000e+00 0.000000e+00 0.000000e+00 	 0.000000e+00 0.000000e+00 0.000000e+00 	 0
