# 1  2-4    5-7    8-10   11     
# x  dirEF  recEF  sumEF  #Sample
0.250000 	 0.000000e+00 0.000000e+00 0.000000e+00 	 0.000000e+00 0.000000e+00 0.000000e+00 	 0.000000e+00 0.000000e+00 0.000000e+00 	 0
0.750000 	 0.000000e+00 0.000000e+00 0.000000e+00 	 0.000000e+00 0.000000e+00 0.000000e+00 	 0.000000e+00 0.000000e+00 0.000000e+00 	 0
1.250000 	 0.000000e+00 0.000000e+00 0.000000e+00 	 0.000000e+00 0.000000e+00 0.000000e+00 	 0.000000e+00 0.000000e+00 0.000000e+00 	 0
1.750000 	 0.000000e+00 0.000000e+00 0.000000e+00 	 0.000000e+00 0.000000e+00 0.000000e+00 	 0.000000e+00 0.000000e+00 0.000000e+00 	 0
2.250000 	 0.000000e+00 0.000000e+00 0.000000e+00 	 0.000000e+00 0.000000e+00 0.000000e+00 	 0.000000e+00 0.000000e+00 0.000000e+00 	 0
2.750000 	 0.000000e+00 0.000000e+00 0.000000e+00 	 0.000000e+00 0.000000e+00 0.000000e+00 	 0.000000e+00 0.000000e+00 0.000000e+00 	 0
3.250000 	 -1.362092e-07 2.023735e-07 4.016120e-06 	 -8.207704e-06 -3.342959e-06 2.402727e-06 	 -8.343914e-06 -3.140585e-06 6.418847e-06 	 43
3.750000 	 2.563661e-07 -2.856143e-07 2.556027e-06 	 7.416463e-07 -3.362110e-07 1.984891e-07 	 9.980124e-07 -6.218253e-07 2.754516e-06 	 561
4.250000 	 -3.211415e-07 -1.298491e-06 -1.121849e-06 	 5.199919e-07 7.016966e-07 1.389400e-06 	 1.988504e-07 -5.967941e-07 2.675516e-07 	 884
4.750000 	 -5.360493e-07 -2.296498e-07 -1.201409e-06 	 -1.542613e-06 -5.789401e-07 -4.257732e-07 	 -2.078662e-06 -8.085899e-07 -1.627183e-06 	 893
5.250000 	 -7.474375e-07 2.215534e-07 1.062423e-06 	 1.785671e-07 -6.082215e-07 5.721599e-07 	 -5.688704e-07 -3.866680e-07 1.634583e-06 	 908
5.750000 	 -3.310017e-07 -1.738252e-07 6.907568e-07 	 5.929629e-07 -3.417215e-08 -2.790043e-08 	 2.619612e-07 -2.079973e-07 6.628564e-07 	 913
6.250000 	 2.459445e-07 1.564622e-06 8.981768e-07 	 2.042840e-06 -8.946129e-07 5.154075e-07 	 2.288784e-06 6.700096e-07 1.413584e-06 	 897
6.750000 	 6.655518e-07 4.051769e-07 3.698897e-07 	 -3.552108e-06 -5.183441e-07 1.734208e-07 	 -2.886556e-06 -1.131671e-07 5.433104e-07 	 919
7.250000 	 1.986965e-06 3.038958e-07 -4.044753e-07 	 3.191692e-06 -7.007652e-07 -3.194989e-08 	 5.178656e-06 -3.968694e-07 -4.364252e-07 	 905
7.750000 	 1.743661e-06 -1.418522e-06 9.946819e-07 	 -1.426642e-06 -5.861433e-07 1.576964e-07 	 3.170186e-07 -2.004666e-06 1.152378e-06 	 911
8.250000 	 -1.064204e-06 -1.261276e-07 -1.753661e-07 	 9.485262e-07 -6.357985e-07 -3.951566e-07 	 -1.156778e-07 -7.619261e-07 -5.705227e-07 	 894
8.750000 	 -7.442859e-07 -2.395161e-06 -4.888358e-07 	 -3.718889e-06 -3.198455e-07 -7.388831e-09 	 -4.463175e-06 -2.715006e-06 -4.962246e-07 	 916
9.250000 	 -1.956382e-06 8.403096e-07 4.660346e-07 	 2.500784e-06 8.619036e-07 4.097229e-07 	 5.444016e-07 1.702213e-06 8.757575e-07 	 931
9.750000 	 -6.874697e-07 4.759209e-07 1.932967e-08 	 -1.750684e-06 -2.188552e-07 -1.555129e-06 	 -2.438154e-06 2.570657e-07 -1.535799e-06 	 896
10.250000 	 1.793038e-07 -8.652906e-07 -2.250982e-06 	 5.723984e-07 2.289043e-07 -3.538922e-07 	 7.517022e-07 -6.363864e-07 -2.604874e-06 	 901
10.750000 	 -8.456959e-07 1.231878e-07 2.798554e-07 	 -1.671136e-06 -1.048761e-06 1.918284e-07 	 -2.516831e-06 -9.255734e-07 4.716837e-07 	 900
11.250000 	 8.089457e-07 1.249401e-07 1.341812e-06 	 -6.304438e-07 -6.390272e-07 -1.235789e-06 	 1.785019e-07 -5.140870e-07 1.060231e-07 	 536
11.750000 	 8.923828e-06 -2.089764e-06 -9.486223e-07 	 1.872816e-05 -1.560228e-06 -6.553204e-06 	 2.765199e-05 -3.649992e-06 -7.501826e-06 	 16
12.250000 	 0.000000e+00 0.000000e+00 0.000000e+00 	 0.000000e+00 0.000000e+00 0.000000e+00 	 0.000000e+00 0.000000e+00 0.000000e+00 	 0
12.750000 	 0.000000e+00 0.000000e+00 0.000000e+00 	 0.000000e+00 0.000000e+00 0.000000e+00 	 0.000000e+00 0.000000e+00 0.000000e+00 	 0
13.250000 	 0.000000e+00 0.000000e+00 0.000000e+00 	 0.000000e+00 0.000000e+00 0.000000e+00 	 0.000000e+00 0.000000e+00 0.000000e+00 	 0
13.750000 	 0.000000e+00 0.000000e+00 0.000000e+00 	 0.000000e+00 0.000000e+00 0.000000e+00 	 0.000000e+00 0.000000e+00 0.000000e+00 	 0
14.250000 	 0.000000e+00 0.000000e+00 0.000000e+00 	 0.000000e+00 0.000000e+00 0.000000e+00 	 0.000000e+00 0.000000e+00 0.000000e+00 	 0
14.750000 	 0.000000e+00 0.000000e+00 0.000000e+00 	 0.000000e+00 0.000000e+00 0.000000e+00 	 0.000000e+00 0.000000e+00 0.000000e+00 	 0
