# 1  2-4    5-7    8-10   11     
# x  dirEF  recEF  sumEF  #Sample
0.250000 	 0.000000e+00 0.000000e+00 0.000000e+00 	 0.000000e+00 0.000000e+00 0.000000e+00 	 0.000000e+00 0.000000e+00 0.000000e+00 	 0
0.750000 	 0.000000e+00 0.000000e+00 0.000000e+00 	 0.000000e+00 0.000000e+00 0.000000e+00 	 0.000000e+00 0.000000e+00 0.000000e+00 	 0
1.250000 	 0.000000e+00 0.000000e+00 0.000000e+00 	 0.000000e+00 0.000000e+00 0.000000e+00 	 0.000000e+00 0.000000e+00 0.000000e+00 	 0
1.750000 	 0.000000e+00 0.000000e+00 0.000000e+00 	 0.000000e+00 0.000000e+00 0.000000e+00 	 0.000000e+00 0.000000e+00 0.000000e+00 	 0
2.250000 	 0.000000e+00 0.000000e+00 0.000000e+00 	 0.000000e+00 0.000000e+00 0.000000e+00 	 0.000000e+00 0.000000e+00 0.000000e+00 	 0
2.750000 	 0.000000e+00 0.000000e+00 0.000000e+00 	 0.000000e+00 0.000000e+00 0.000000e+00 	 0.000000e+00 0.000000e+00 0.000000e+00 	 0
3.250000 	 6.225213e-06 3.380325e-06 1.109078e-06 	 -2.784423e-06 4.510217e-07 -7.082050e-07 	 3.440790e-06 3.831347e-06 4.008729e-07 	 36
3.750000 	 -1.273813e-06 1.692723e-06 -3.476614e-07 	 1.422689e-06 6.910618e-08 -2.178155e-08 	 1.488764e-07 1.761829e-06 -3.694429e-07 	 569
4.250000 	 -8.598450e-07 -1.741238e-06 1.427995e-06 	 -4.947744e-07 1.111529e-07 -8.367770e-08 	 -1.354619e-06 -1.630085e-06 1.344317e-06 	 872
4.750000 	 -1.277448e-06 -5.054292e-07 -2.376356e-06 	 2.712496e-08 -1.107100e-07 7.719249e-08 	 -1.250323e-06 -6.161392e-07 -2.299164e-06 	 900
5.250000 	 1.364123e-06 -8.532648e-08 7.856911e-07 	 4.319178e-07 7.468482e-08 -5.460148e-08 	 1.796040e-06 -1.064166e-08 7.310896e-07 	 917
5.750000 	 9.430954e-07 1.276023e-06 1.573466e-06 	 -1.536308e-07 1.593714e-08 -2.318702e-08 	 7.894646e-07 1.291960e-06 1.550279e-06 	 898
6.250000 	 1.184331e-06 -1.486586e-06 -6.785011e-07 	 -8.180269e-09 1.655620e-07 -6.780985e-08 	 1.176151e-06 -1.321024e-06 -7.463110e-07 	 914
6.750000 	 5.141433e-07 9.436440e-07 3.085441e-08 	 5.888744e-08 -1.272908e-07 -3.108004e-09 	 5.730307e-07 8.163532e-07 2.774641e-08 	 904
7.250000 	 -2.826753e-06 -9.800583e-07 1.979946e-06 	 5.966951e-08 -4.393708e-08 -8.616321e-08 	 -2.767084e-06 -1.023995e-06 1.893783e-06 	 909
7.750000 	 1.683945e-07 1.716976e-06 8.861661e-07 	 3.338812e-08 4.684168e-08 1.262749e-07 	 2.017827e-07 1.763817e-06 1.012441e-06 	 919
8.250000 	 -9.395689e-07 5.508743e-07 2.369027e-07 	 1.295684e-07 -1.240489e-07 -9.397854e-08 	 -8.100005e-07 4.268255e-07 1.429242e-07 	 909
8.750000 	 5.199598e-07 -1.062048e-07 -1.441212e-06 	 -3.022764e-07 -1.828528e-07 -2.389646e-08 	 2.176833e-07 -2.890576e-07 -1.465108e-06 	 905
9.250000 	 1.135717e-06 7.717931e-07 -6.696110e-07 	 1.012262e-07 -5.523693e-08 1.981193e-08 	 1.236943e-06 7.165561e-07 -6.497990e-07 	 920
9.750000 	 -1.557007e-06 -7.831115e-07 -4.316402e-07 	 5.819551e-08 -7.164242e-08 -1.755933e-08 	 -1.498812e-06 -8.547540e-07 -4.491996e-07 	 895
10.250000 	 -3.291574e-08 -2.504483e-07 -1.433852e-06 	 -1.267019e-07 3.238488e-08 1.096522e-07 	 -1.596177e-07 -2.180634e-07 -1.324199e-06 	 914
10.750000 	 1.053936e-06 6.809745e-07 1.848616e-07 	 8.801140e-08 8.706479e-09 1.140422e-07 	 1.141947e-06 6.896810e-07 2.989038e-07 	 889
11.250000 	 -3.755442e-07 -1.303917e-06 -8.881940e-07 	 -1.553618e-06 3.406327e-07 1.576252e-07 	 -1.929162e-06 -9.632845e-07 -7.305689e-07 	 516
11.750000 	 -5.109083e-07 -3.666571e-06 3.782331e-06 	 2.758997e-06 -1.153815e-06 -8.933820e-07 	 2.248089e-06 -4.820387e-06 2.888949e-06 	 38
12.250000 	 0.000000e+00 0.000000e+00 0.000000e+00 	 0.000000e+00 0.000000e+00 0.000000e+00 	 0.000000e+00 0.000000e+00 0.000000e+00 	 0
12.750000 	 0.000000e+00 0.000000e+00 0.000000e+00 	 0.000000e+00 0.000000e+00 0.000000e+00 	 0.000000e+00 0.000000e+00 0.000000e+00 	 0
13.250000 	 0.000000e+00 0.000000e+00 0.000000e+00 	 0.000000e+00 0.000000e+00 0.000000e+00 	 0.000000e+00 0.000000e+00 0.000000e+00 	 0
13.750000 	 0.000000e+00 0.000000e+00 0.000000e+00 	 0.000000e+00 0.000000e+00 0.000000e+00 	 0.000000e+00 0.000000e+00 0.000000e+00 	 0
14.250000 	 0.000000e+00 0.000000e+00 0.000000e+00 	 0.000000e+00 0.000000e+00 0.000000e+00 	 0.000000e+00 0.000000e+00 0.000000e+00 	 0
14.750000 	 0.000000e+00 0.000000e+00 0.000000e+00 	 0.000000e+00 0.000000e+00 0.000000e+00 	 0.000000e+00 0.000000e+00 0.000000e+00 	 0
