# 1  2-4    5-7    8-10   11     
# x  dirEF  recEF  sumEF  #Sample
0.250000 	 0.000000e+00 0.000000e+00 0.000000e+00 	 0.000000e+00 0.000000e+00 0.000000e+00 	 0.000000e+00 0.000000e+00 0.000000e+00 	 0
0.750000 	 0.000000e+00 0.000000e+00 0.000000e+00 	 0.000000e+00 0.000000e+00 0.000000e+00 	 0.000000e+00 0.000000e+00 0.000000e+00 	 0
1.250000 	 0.000000e+00 0.000000e+00 0.000000e+00 	 0.000000e+00 0.000000e+00 0.000000e+00 	 0.000000e+00 0.000000e+00 0.000000e+00 	 0
1.750000 	 0.000000e+00 0.000000e+00 0.000000e+00 	 0.000000e+00 0.000000e+00 0.000000e+00 	 0.000000e+00 0.000000e+00 0.000000e+00 	 0
2.250000 	 0.000000e+00 0.000000e+00 0.000000e+00 	 0.000000e+00 0.000000e+00 0.000000e+00 	 0.000000e+00 0.000000e+00 0.000000e+00 	 0
2.750000 	 0.000000e+00 0.000000e+00 0.000000e+00 	 0.000000e+00 0.000000e+00 0.000000e+00 	 0.000000e+00 0.000000e+00 0.000000e+00 	 0
3.250000 	 4.292519e-06 2.894514e-06 -3.289100e-06 	 -3.372661e-06 1.822676e-06 7.190750e-07 	 9.198582e-07 4.717190e-06 -2.570025e-06 	 22
3.750000 	 -4.732250e-07 -3.018016e-11 1.888483e-07 	 8.764361e-07 4.878258e-08 -8.502933e-08 	 4.032112e-07 4.875240e-08 1.038189e-07 	 593
4.250000 	 9.457656e-07 2.999218e-07 8.352629e-07 	 1.345772e-08 9.860324e-08 8.813448e-08 	 9.592233e-07 3.985251e-07 9.233974e-07 	 877
4.750000 	 4.190529e-08 2.331649e-07 2.984421e-08 	 -6.265135e-08 -3.879574e-08 -4.753794e-08 	 -2.074607e-08 1.943692e-07 -1.769373e-08 	 904
5.250000 	 2.697021e-07 -1.247783e-06 2.042682e-07 	 1.152932e-07 -1.054974e-08 -1.205386e-07 	 3.849954e-07 -1.258333e-06 8.372962e-08 	 905
5.750000 	 9.982165e-07 -2.547712e-06 6.980757e-07 	 -2.998884e-07 8.241418e-08 1.693926e-09 	 6.983281e-07 -2.465298e-06 6.997696e-07 	 902
6.250000 	 -1.357126e-06 1.286690e-06 -3.845965e-07 	 8.164991e-08 4.490549e-08 -4.867832e-08 	 -1.275476e-06 1.331596e-06 -4.332749e-07 	 894
6.750000 	 -2.447715e-06 4.344323e-07 -1.094169e-07 	 4.842416e-08 1.528711e-08 9.885440e-08 	 -2.399291e-06 4.497194e-07 -1.056253e-08 	 907
7.250000 	 1.375950e-06 3.349234e-07 -4.308004e-07 	 -2.093789e-07 -1.216462e-07 8.150769e-08 	 1.166571e-06 2.132772e-07 -3.492927e-07 	 908
7.750000 	 -2.701265e-06 -4.494698e-07 3.362533e-07 	 2.625727e-07 6.034643e-08 -8.108494e-08 	 -2.438693e-06 -3.891234e-07 2.551684e-07 	 917
8.250000 	 7.669736e-07 -1.137046e-06 1.106029e-07 	 3.485786e-07 -1.380881e-07 1.604465e-08 	 1.115552e-06 -1.275134e-06 1.266476e-07 	 941
8.750000 	 2.235568e-06 -1.350561e-07 -3.643138e-07 	 -4.036186e-08 1.725473e-07 3.739735e-08 	 2.195206e-06 3.749113e-08 -3.269164e-07 	 892
9.250000 	 -2.360482e-06 1.855701e-06 1.827693e-06 	 -3.961645e-07 -8.339607e-08 1.781701e-07 	 -2.756646e-06 1.772305e-06 2.005863e-06 	 890
9.750000 	 -9.018238e-07 1.080452e-07 -1.426757e-06 	 -1.539063e-07 9.067487e-09 3.042315e-08 	 -1.055730e-06 1.171127e-07 -1.396334e-06 	 907
10.250000 	 5.062142e-07 -7.888946e-07 3.979272e-07 	 3.105190e-07 -4.683963e-08 7.023644e-08 	 8.167332e-07 -8.357342e-07 4.681637e-07 	 900
10.750000 	 -6.840327e-07 4.217587e-07 1.252556e-06 	 -1.265624e-07 -4.103371e-08 -1.307941e-07 	 -8.105952e-07 3.807250e-07 1.121762e-06 	 905
11.250000 	 1.139297e-06 3.023465e-07 -1.331600e-06 	 -1.183566e-06 -1.450990e-08 1.457265e-07 	 -4.426961e-08 2.878366e-07 -1.185873e-06 	 534
11.750000 	 -9.495149e-06 7.880313e-06 4.906550e-07 	 2.788207e-06 1.474981e-07 3.081684e-08 	 -6.706942e-06 8.027812e-06 5.214718e-07 	 26
12.250000 	 0.000000e+00 0.000000e+00 0.000000e+00 	 0.000000e+00 0.000000e+00 0.000000e+00 	 0.000000e+00 0.000000e+00 0.000000e+00 	 0
12.750000 	 0.000000e+00 0.000000e+00 0.000000e+00 	 0.000000e+00 0.000000e+00 0.000000e+00 	 0.000000e+00 0.000000e+00 0.000000e+00 	 0
13.250000 	 0.000000e+00 0.000000e+00 0.000000e+00 	 0.000000e+00 0.000000e+00 0.000000e+00 	 0.000000e+00 0.000000e+00 0.000000e+00 	 0
13.750000 	 0.000000e+00 0.000000e+00 0.000000e+00 	 0.000000e+00 0.000000e+00 0.000000e+00 	 0.000000e+00 0.000000e+00 0.000000e+00 	 0
14.250000 	 0.000000e+00 0.000000e+00 0.000000e+00 	 0.000000e+00 0.000000e+00 0.000000e+00 	 0.000000e+00 0.000000e+00 0.000000e+00 	 0
14.750000 	 0.000000e+00 0.000000e+00 0.000000e+00 	 0.000000e+00 0.000000e+00 0.000000e+00 	 0.000000e+00 0.000000e+00 0.000000e+00 	 0
