# 1  2-4    5-7    8-10   11     
# x  dirEF  recEF  sumEF  #Sample
0.250000 	 0.000000e+00 0.000000e+00 0.000000e+00 	 0.000000e+00 0.000000e+00 0.000000e+00 	 0.000000e+00 0.000000e+00 0.000000e+00 	 0
0.750000 	 0.000000e+00 0.000000e+00 0.000000e+00 	 0.000000e+00 0.000000e+00 0.000000e+00 	 0.000000e+00 0.000000e+00 0.000000e+00 	 0
1.250000 	 0.000000e+00 0.000000e+00 0.000000e+00 	 0.000000e+00 0.000000e+00 0.000000e+00 	 0.000000e+00 0.000000e+00 0.000000e+00 	 0
1.750000 	 0.000000e+00 0.000000e+00 0.000000e+00 	 0.000000e+00 0.000000e+00 0.000000e+00 	 0.000000e+00 0.000000e+00 0.000000e+00 	 0
2.250000 	 0.000000e+00 0.000000e+00 0.000000e+00 	 0.000000e+00 0.000000e+00 0.000000e+00 	 0.000000e+00 0.000000e+00 0.000000e+00 	 0
2.750000 	 0.000000e+00 0.000000e+00 0.000000e+00 	 0.000000e+00 0.000000e+00 0.000000e+00 	 0.000000e+00 0.000000e+00 0.000000e+00 	 0
3.250000 	 -1.593224e-07 9.584802e-07 9.651534e-06 	 2.311863e-06 5.233154e-07 4.286234e-07 	 2.152540e-06 1.481796e-06 1.008016e-05 	 18
3.750000 	 1.022943e-06 8.391827e-07 -4.790595e-08 	 7.087018e-07 1.465014e-07 2.690766e-08 	 1.731645e-06 9.856841e-07 -2.099829e-08 	 581
4.250000 	 -3.378063e-06 -3.815701e-07 3.133273e-07 	 -1.606115e-07 -1.778922e-07 -9.595533e-08 	 -3.538675e-06 -5.594623e-07 2.173719e-07 	 891
4.750000 	 1.946297e-06 5.334894e-07 -4.219456e-07 	 2.128404e-07 7.064090e-08 1.217137e-07 	 2.159137e-06 6.041303e-07 -3.002318e-07 	 906
5.250000 	 2.330161e-06 8.910913e-08 2.200498e-06 	 -1.571947e-07 6.334205e-08 -1.461485e-07 	 2.172966e-06 1.524512e-07 2.054349e-06 	 912
5.750000 	 -1.692208e-06 -2.641545e-07 1.675457e-07 	 -1.900918e-08 -1.012051e-07 -3.764117e-08 	 -1.711217e-06 -3.653595e-07 1.299046e-07 	 902
6.250000 	 -1.659237e-06 6.560904e-07 -1.362750e-06 	 -1.766495e-07 1.957891e-08 5.862085e-08 	 -1.835886e-06 6.756693e-07 -1.304129e-06 	 894
6.750000 	 7.730571e-07 3.039125e-07 -1.634340e-06 	 -5.196375e-08 6.101550e-08 3.700058e-08 	 7.210934e-07 3.649280e-07 -1.597340e-06 	 922
7.250000 	 3.768056e-07 2.133079e-06 6.015843e-07 	 -3.178353e-08 1.034373e-07 -8.985209e-08 	 3.450220e-07 2.236516e-06 5.117322e-07 	 899
7.750000 	 -8.301988e-08 3.756413e-07 9.722703e-07 	 -2.261885e-07 -1.620039e-07 8.262236e-09 	 -3.092083e-07 2.136374e-07 9.805325e-07 	 907
8.250000 	 -7.004753e-07 -9.836563e-07 -1.294298e-06 	 5.157561e-07 4.918854e-09 -3.844503e-09 	 -1.847191e-07 -9.787375e-07 -1.298143e-06 	 894
8.750000 	 1.961965e-06 -1.217463e-06 1.496806e-07 	 -3.057453e-08 1.032193e-07 1.631432e-07 	 1.931390e-06 -1.114243e-06 3.128237e-07 	 923
9.250000 	 -1.385745e-06 5.121359e-07 1.399776e-07 	 -1.150071e-07 -6.562941e-08 -2.394427e-07 	 -1.500752e-06 4.465065e-07 -9.946518e-08 	 898
9.750000 	 5.182569e-08 1.352448e-06 5.473214e-07 	 -5.283871e-08 -5.341546e-08 -1.170513e-07 	 -1.013022e-09 1.299032e-06 4.302701e-07 	 885
10.250000 	 1.230311e-06 3.597123e-07 -1.680495e-06 	 -3.836861e-07 3.415386e-09 5.534639e-08 	 8.466252e-07 3.631277e-07 -1.625149e-06 	 931
10.750000 	 1.315356e-06 3.280376e-07 2.340156e-06 	 2.205585e-07 -7.571528e-08 7.035559e-10 	 1.535914e-06 2.523223e-07 2.340859e-06 	 903
11.250000 	 9.271559e-07 -8.676172e-07 -6.667556e-07 	 -1.014214e-06 1.921880e-07 -7.031608e-08 	 -8.705820e-08 -6.754293e-07 -7.370717e-07 	 538
11.750000 	 -1.341634e-05 2.067627e-07 1.954738e-06 	 2.196235e-06 7.994037e-07 -5.237643e-08 	 -1.122010e-05 1.006166e-06 1.902361e-06 	 20
12.250000 	 0.000000e+00 0.000000e+00 0.000000e+00 	 0.000000e+00 0.000000e+00 0.000000e+00 	 0.000000e+00 0.000000e+00 0.000000e+00 	 0
12.750000 	 0.000000e+00 0.000000e+00 0.000000e+00 	 0.000000e+00 0.000000e+00 0.000000e+00 	 0.000000e+00 0.000000e+00 0.000000e+00 	 0
13.250000 	 0.000000e+00 0.000000e+00 0.000000e+00 	 0.000000e+00 0.000000e+00 0.000000e+00 	 0.000000e+00 0.000000e+00 0.000000e+00 	 0
13.750000 	 0.000000e+00 0.000000e+00 0.000000e+00 	 0.000000e+00 0.000000e+00 0.000000e+00 	 0.000000e+00 0.000000e+00 0.000000e+00 	 0
14.250000 	 0.000000e+00 0.000000e+00 0.000000e+00 	 0.000000e+00 0.000000e+00 0.000000e+00 	 0.000000e+00 0.000000e+00 0.000000e+00 	 0
14.750000 	 0.000000e+00 0.000000e+00 0.000000e+00 	 0.000000e+00 0.000000e+00 0.000000e+00 	 0.000000e+00 0.000000e+00 0.000000e+00 	 0
