# 1  2-4    5-7    8-10   11     
# x  dirEF  recEF  sumEF  #Sample
0.250000 	 0.000000e+00 0.000000e+00 0.000000e+00 	 0.000000e+00 0.000000e+00 0.000000e+00 	 0.000000e+00 0.000000e+00 0.000000e+00 	 0
0.750000 	 0.000000e+00 0.000000e+00 0.000000e+00 	 0.000000e+00 0.000000e+00 0.000000e+00 	 0.000000e+00 0.000000e+00 0.000000e+00 	 0
1.250000 	 0.000000e+00 0.000000e+00 0.000000e+00 	 0.000000e+00 0.000000e+00 0.000000e+00 	 0.000000e+00 0.000000e+00 0.000000e+00 	 0
1.750000 	 0.000000e+00 0.000000e+00 0.000000e+00 	 0.000000e+00 0.000000e+00 0.000000e+00 	 0.000000e+00 0.000000e+00 0.000000e+00 	 0
2.250000 	 0.000000e+00 0.000000e+00 0.000000e+00 	 0.000000e+00 0.000000e+00 0.000000e+00 	 0.000000e+00 0.000000e+00 0.000000e+00 	 0
2.750000 	 0.000000e+00 0.000000e+00 0.000000e+00 	 0.000000e+00 0.000000e+00 0.000000e+00 	 0.000000e+00 0.000000e+00 0.000000e+00 	 0
3.250000 	 6.952002e-07 -2.514341e-06 6.752384e-06 	 -3.907806e-06 -8.800988e-07 -3.773680e-07 	 -3.212606e-06 -3.394440e-06 6.375016e-06 	 26
3.750000 	 -8.918534e-07 2.124821e-07 8.706508e-07 	 1.001297e-06 -4.516390e-08 1.780554e-07 	 1.094432e-07 1.673182e-07 1.048706e-06 	 565
4.250000 	 1.130873e-06 1.904676e-07 1.107900e-06 	 -1.742142e-08 3.488385e-08 -2.013247e-07 	 1.113452e-06 2.253515e-07 9.065750e-07 	 888
4.750000 	 -1.253033e-06 1.330971e-06 -1.177479e-06 	 -4.696605e-08 -5.185797e-09 7.205336e-08 	 -1.299999e-06 1.325785e-06 -1.105425e-06 	 906
5.250000 	 1.501090e-06 -1.043317e-07 -1.396642e-06 	 -5.031586e-09 1.101115e-07 1.107849e-07 	 1.496058e-06 5.779775e-09 -1.285857e-06 	 921
5.750000 	 -1.001723e-06 -9.404938e-07 1.127498e-06 	 -1.669798e-07 -4.377799e-08 -5.412376e-08 	 -1.168703e-06 -9.842718e-07 1.073374e-06 	 924
6.250000 	 -6.267027e-07 3.661530e-07 2.067592e-07 	 2.206896e-07 -1.006732e-08 -8.561814e-08 	 -4.060132e-07 3.560857e-07 1.211410e-07 	 902
6.750000 	 7.037945e-07 -1.110821e-07 2.430972e-07 	 -2.497555e-07 1.976175e-08 5.343689e-08 	 4.540391e-07 -9.132036e-08 2.965341e-07 	 893
7.250000 	 1.450667e-06 -4.516590e-07 -1.695953e-07 	 -1.688171e-07 -9.124229e-08 -1.714161e-08 	 1.281850e-06 -5.429013e-07 -1.867369e-07 	 892
7.750000 	 1.274424e-06 5.100214e-07 -1.427156e-06 	 2.479059e-07 -1.152366e-07 6.362305e-08 	 1.522329e-06 3.947848e-07 -1.363533e-06 	 905
8.250000 	 -2.026424e-07 1.592310e-07 1.381077e-06 	 -2.451920e-07 1.319199e-07 -7.429045e-08 	 -4.478344e-07 2.911509e-07 1.306786e-06 	 892
8.750000 	 -1.667840e-06 -3.890378e-07 -6.436116e-07 	 4.392831e-07 -2.157830e-07 -6.301535e-08 	 -1.228557e-06 -6.048208e-07 -7.066269e-07 	 933
9.250000 	 1.352890e-06 -1.529314e-07 5.482970e-07 	 -2.679877e-07 2.832767e-07 7.910868e-08 	 1.084902e-06 1.303453e-07 6.274056e-07 	 915
9.750000 	 -6.542739e-07 1.488650e-06 -1.710741e-06 	 2.369879e-08 7.724183e-09 -1.063178e-07 	 -6.305751e-07 1.496374e-06 -1.817059e-06 	 893
10.250000 	 -5.045183e-07 -4.591742e-07 -3.371072e-07 	 -2.293953e-07 -8.414729e-08 -8.935585e-09 	 -7.339135e-07 -5.433214e-07 -3.460428e-07 	 919
10.750000 	 -2.527635e-07 -8.276213e-07 -9.260268e-07 	 3.674454e-07 3.193339e-08 -4.365014e-08 	 1.146819e-07 -7.956879e-07 -9.696769e-07 	 888
11.250000 	 -1.288280e-07 -1.159230e-07 1.885250e-06 	 -9.796768e-07 -6.912731e-08 1.648957e-08 	 -1.108505e-06 -1.850503e-07 1.901740e-06 	 540
11.750000 	 6.102159e-08 -8.424825e-06 3.332999e-06 	 1.063148e-06 1.302219e-06 -4.471292e-07 	 1.124170e-06 -7.122607e-06 2.885870e-06 	 22
12.250000 	 0.000000e+00 0.000000e+00 0.000000e+00 	 0.000000e+00 0.000000e+00 0.000000e+00 	 0.000000e+00 0.000000e+00 0.000000e+00 	 0
12.750000 	 0.000000e+00 0.000000e+00 0.000000e+00 	 0.000000e+00 0.000000e+00 0.000000e+00 	 0.000000e+00 0.000000e+00 0.000000e+00 	 0
13.250000 	 0.000000e+00 0.000000e+00 0.000000e+00 	 0.000000e+00 0.000000e+00 0.000000e+00 	 0.000000e+00 0.000000e+00 0.000000e+00 	 0
13.750000 	 0.000000e+00 0.000000e+00 0.000000e+00 	 0.000000e+00 0.000000e+00 0.000000e+00 	 0.000000e+00 0.000000e+00 0.000000e+00 	 0
14.250000 	 0.000000e+00 0.000000e+00 0.000000e+00 	 0.000000e+00 0.000000e+00 0.000000e+00 	 0.000000e+00 0.000000e+00 0.000000e+00 	 0
14.750000 	 0.000000e+00 0.000000e+00 0.000000e+00 	 0.000000e+00 0.000000e+00 0.000000e+00 	 0.000000e+00 0.000000e+00 0.000000e+00 	 0
