# 1  2-4    5-7    8-10   11     
# x  dirEF  recEF  sumEF  #Sample
0.250000 	 0.000000e+00 0.000000e+00 0.000000e+00 	 0.000000e+00 0.000000e+00 0.000000e+00 	 0.000000e+00 0.000000e+00 0.000000e+00 	 0
0.750000 	 0.000000e+00 0.000000e+00 0.000000e+00 	 0.000000e+00 0.000000e+00 0.000000e+00 	 0.000000e+00 0.000000e+00 0.000000e+00 	 0
1.250000 	 0.000000e+00 0.000000e+00 0.000000e+00 	 0.000000e+00 0.000000e+00 0.000000e+00 	 0.000000e+00 0.000000e+00 0.000000e+00 	 0
1.750000 	 0.000000e+00 0.000000e+00 0.000000e+00 	 0.000000e+00 0.000000e+00 0.000000e+00 	 0.000000e+00 0.000000e+00 0.000000e+00 	 0
2.250000 	 0.000000e+00 0.000000e+00 0.000000e+00 	 0.000000e+00 0.000000e+00 0.000000e+00 	 0.000000e+00 0.000000e+00 0.000000e+00 	 0
2.750000 	 0.000000e+00 0.000000e+00 0.000000e+00 	 0.000000e+00 0.000000e+00 0.000000e+00 	 0.000000e+00 0.000000e+00 0.000000e+00 	 0
3.250000 	 5.771910e-07 4.642044e-06 9.393985e-07 	 4.152109e-07 -1.191975e-06 -1.596199e-06 	 9.924019e-07 3.450069e-06 -6.568008e-07 	 34
3.750000 	 1.906102e-06 -9.597054e-07 -2.056853e-06 	 1.349812e-07 1.256012e-07 1.857682e-07 	 2.041084e-06 -8.341042e-07 -1.871085e-06 	 580
4.250000 	 9.446337e-07 -1.880611e-07 4.478602e-07 	 3.849529e-07 -8.106831e-08 -2.193726e-07 	 1.329587e-06 -2.691294e-07 2.284877e-07 	 905
4.750000 	 -9.134039e-07 9.491351e-07 9.136283e-07 	 -2.043227e-07 2.525304e-08 1.348537e-07 	 -1.117727e-06 9.743881e-07 1.048482e-06 	 902
5.250000 	 1.157396e-07 -6.359673e-07 2.009732e-06 	 3.572960e-07 7.776408e-09 7.135152e-09 	 4.730356e-07 -6.281909e-07 2.016867e-06 	 907
5.750000 	 5.547956e-07 1.575193e-06 -7.378339e-07 	 -3.875121e-07 -6.246325e-08 -1.910105e-08 	 1.672835e-07 1.512730e-06 -7.569350e-07 	 897
6.250000 	 -2.386587e-07 -1.487469e-06 3.625073e-07 	 1.070459e-08 3.102573e-08 -2.523283e-08 	 -2.279541e-07 -1.456443e-06 3.372745e-07 	 881
6.750000 	 -1.179410e-06 3.319282e-06 3.815690e-07 	 1.516092e-07 7.790229e-08 1.060532e-07 	 -1.027801e-06 3.397184e-06 4.876222e-07 	 905
7.250000 	 -1.075303e-06 -1.534916e-06 3.048571e-07 	 -3.369186e-07 -9.497017e-08 1.035882e-07 	 -1.412221e-06 -1.629886e-06 4.084453e-07 	 899
7.750000 	 -3.193936e-08 -2.710042e-07 -2.572967e-06 	 2.567608e-07 -9.542906e-08 -1.016537e-07 	 2.248215e-07 -3.664332e-07 -2.674620e-06 	 909
8.250000 	 5.400738e-07 1.614148e-07 2.727499e-06 	 2.825726e-08 1.164771e-07 1.927032e-08 	 5.683311e-07 2.778919e-07 2.746770e-06 	 908
8.750000 	 2.314681e-06 -3.807210e-07 2.265146e-07 	 -1.912245e-07 1.015340e-07 -9.069837e-08 	 2.123457e-06 -2.791870e-07 1.358162e-07 	 886
9.250000 	 -5.314906e-07 1.514435e-06 2.535943e-07 	 1.641830e-07 -4.328724e-08 8.502472e-08 	 -3.673076e-07 1.471148e-06 3.386190e-07 	 921
9.750000 	 -9.838080e-07 2.374808e-07 -6.258961e-08 	 -8.254568e-08 4.549777e-08 7.431421e-09 	 -1.066354e-06 2.829785e-07 -5.515819e-08 	 913
10.250000 	 6.529718e-07 -5.775137e-07 -4.109737e-07 	 1.387380e-07 3.130417e-08 -4.719635e-08 	 7.917098e-07 -5.462095e-07 -4.581701e-07 	 921
10.750000 	 9.711872e-07 3.685309e-07 1.027218e-06 	 -4.893625e-07 1.168421e-07 1.459675e-07 	 4.818247e-07 4.853731e-07 1.173185e-06 	 881
11.250000 	 2.820542e-07 -1.263351e-06 -2.175440e-06 	 -1.200757e-08 1.409565e-08 -1.725414e-07 	 2.700467e-07 -1.249256e-06 -2.347982e-06 	 544
11.750000 	 -1.364776e-06 -8.191170e-06 8.961329e-06 	 5.879971e-07 1.051519e-06 5.268731e-07 	 -7.767790e-07 -7.139651e-06 9.488203e-06 	 31
12.250000 	 0.000000e+00 0.000000e+00 0.000000e+00 	 0.000000e+00 0.000000e+00 0.000000e+00 	 0.000000e+00 0.000000e+00 0.000000e+00 	 0
12.750000 	 0.000000e+00 0.000000e+00 0.000000e+00 	 0.000000e+00 0.000000e+00 0.000000e+00 	 0.000000e+00 0.000000e+00 0.000000e+00 	 0
13.250000 	 0.000000e+00 0.000000e+00 0.000000e+00 	 0.000000e+00 0.000000e+00 0.000000e+00 	 0.000000e+00 0.000000e+00 0.000000e+00 	 0
13.750000 	 0.000000e+00 0.000000e+00 0.000000e+00 	 0.000000e+00 0.000000e+00 0.000000e+00 	 0.000000e+00 0.000000e+00 0.000000e+00 	 0
14.250000 	 0.000000e+00 0.000000e+00 0.000000e+00 	 0.000000e+00 0.000000e+00 0.000000e+00 	 0.000000e+00 0.000000e+00 0.000000e+00 	 0
14.750000 	 0.000000e+00 0.000000e+00 0.000000e+00 	 0.000000e+00 0.000000e+00 0.000000e+00 	 0.000000e+00 0.000000e+00 0.000000e+00 	 0
