# 1  2-4    5-7    8-10   11     
# x  dirEF  recEF  sumEF  #Sample
0.250000 	 0.000000e+00 0.000000e+00 0.000000e+00 	 0.000000e+00 0.000000e+00 0.000000e+00 	 0.000000e+00 0.000000e+00 0.000000e+00 	 0
0.750000 	 0.000000e+00 0.000000e+00 0.000000e+00 	 0.000000e+00 0.000000e+00 0.000000e+00 	 0.000000e+00 0.000000e+00 0.000000e+00 	 0
1.250000 	 0.000000e+00 0.000000e+00 0.000000e+00 	 0.000000e+00 0.000000e+00 0.000000e+00 	 0.000000e+00 0.000000e+00 0.000000e+00 	 0
1.750000 	 0.000000e+00 0.000000e+00 0.000000e+00 	 0.000000e+00 0.000000e+00 0.000000e+00 	 0.000000e+00 0.000000e+00 0.000000e+00 	 0
2.250000 	 0.000000e+00 0.000000e+00 0.000000e+00 	 0.000000e+00 0.000000e+00 0.000000e+00 	 0.000000e+00 0.000000e+00 0.000000e+00 	 0
2.750000 	 0.000000e+00 0.000000e+00 0.000000e+00 	 0.000000e+00 0.000000e+00 0.000000e+00 	 0.000000e+00 0.000000e+00 0.000000e+00 	 0
3.250000 	 -1.196966e-05 7.195898e-06 4.080595e-07 	 -6.901010e-06 4.868137e-06 -7.293316e-06 	 -1.887067e-05 1.206404e-05 -6.885256e-06 	 17
3.750000 	 -9.555178e-07 1.889799e-07 5.896317e-07 	 1.776152e-06 -2.677860e-07 -3.734881e-07 	 8.206343e-07 -7.880613e-08 2.161436e-07 	 590
4.250000 	 6.223410e-07 -8.405411e-07 -1.257350e-06 	 -2.038326e-06 -8.459128e-08 2.720490e-07 	 -1.415985e-06 -9.251324e-07 -9.853011e-07 	 888
4.750000 	 1.483265e-06 2.196126e-06 1.081994e-07 	 2.493885e-06 -1.316038e-06 -1.199604e-07 	 3.977150e-06 8.800878e-07 -1.176106e-08 	 905
5.250000 	 1.479085e-06 -1.788703e-06 -2.053771e-07 	 -1.028430e-06 -2.416257e-08 -5.976656e-07 	 4.506546e-07 -1.812866e-06 -8.030426e-07 	 909
5.750000 	 -3.802801e-07 -3.769533e-07 -1.261682e-06 	 1.464161e-06 -4.845649e-07 1.974936e-07 	 1.083881e-06 -8.615182e-07 -1.064188e-06 	 905
6.250000 	 -3.458732e-07 -2.997006e-06 8.022218e-07 	 -2.164141e-06 -2.948424e-07 -8.590233e-08 	 -2.510014e-06 -3.291848e-06 7.163194e-07 	 914
6.750000 	 -5.410041e-07 2.112861e-06 -5.085594e-07 	 5.652204e-07 -9.939592e-08 8.540229e-07 	 2.421623e-08 2.013465e-06 3.454635e-07 	 903
7.250000 	 -5.496669e-07 1.264726e-07 -9.219672e-07 	 -1.903077e-06 1.453110e-07 5.382788e-07 	 -2.452744e-06 2.717837e-07 -3.836884e-07 	 894
7.750000 	 -3.004889e-07 -3.260703e-07 4.832230e-07 	 5.783553e-07 -3.388967e-07 -8.969319e-07 	 2.778664e-07 -6.649671e-07 -4.137089e-07 	 910
8.250000 	 -8.169000e-07 1.091856e-06 -9.237625e-07 	 -1.427561e-06 -4.855483e-08 8.372854e-07 	 -2.244461e-06 1.043301e-06 -8.647710e-08 	 918
8.750000 	 -8.195911e-07 -1.251882e-06 -1.138010e-07 	 1.483139e-06 -2.392342e-07 -4.696530e-07 	 6.635479e-07 -1.491116e-06 -5.834540e-07 	 904
9.250000 	 -4.617741e-07 -2.288009e-06 2.083817e-06 	 -1.437004e-06 9.423841e-07 5.008954e-07 	 -1.898778e-06 -1.345625e-06 2.584713e-06 	 888
9.750000 	 3.880787e-07 1.034396e-06 2.960726e-07 	 2.284832e-06 -3.595038e-07 -4.907408e-07 	 2.672910e-06 6.748922e-07 -1.946682e-07 	 893
10.250000 	 1.747426e-07 -1.632595e-07 -1.836261e-06 	 -7.743221e-07 -1.141403e-07 7.226779e-07 	 -5.995795e-07 -2.773998e-07 -1.113583e-06 	 904
10.750000 	 1.746827e-06 -2.953757e-08 2.844603e-07 	 -2.945879e-07 -2.422842e-07 6.179024e-08 	 1.452239e-06 -2.718217e-07 3.462505e-07 	 891
11.250000 	 -7.025218e-07 2.219286e-07 -1.519197e-06 	 -3.875443e-07 -1.391357e-06 -2.328648e-07 	 -1.090066e-06 -1.169428e-06 -1.752062e-06 	 573
11.750000 	 3.964649e-06 -3.672152e-06 6.162784e-06 	 9.337443e-06 -3.308093e-06 -1.847133e-06 	 1.330209e-05 -6.980244e-06 4.315651e-06 	 18
12.250000 	 0.000000e+00 0.000000e+00 0.000000e+00 	 0.000000e+00 0.000000e+00 0.000000e+00 	 0.000000e+00 0.000000e+00 0.000000e+00 	 0
12.750000 	 0.000000e+00 0.000000e+00 0.000000e+00 	 0.000000e+00 0.000000e+00 0.000000e+00 	 0.000000e+00 0.000000e+00 0.000000e+00 	 0
13.250000 	 0.000000e+00 0.000000e+00 0.000000e+00 	 0.000000e+00 0.000000e+00 0.000000e+00 	 0.000000e+00 0.000000e+00 0.000000e+00 	 0
13.750000 	 0.000000e+00 0.000000e+00 0.000000e+00 	 0.000000e+00 0.000000e+00 0.000000e+00 	 0.000000e+00 0.000000e+00 0.000000e+00 	 0
14.250000 	 0.000000e+00 0.000000e+00 0.000000e+00 	 0.000000e+00 0.000000e+00 0.000000e+00 	 0.000000e+00 0.000000e+00 0.000000e+00 	 0
14.750000 	 0.000000e+00 0.000000e+00 0.000000e+00 	 0.000000e+00 0.000000e+00 0.000000e+00 	 0.000000e+00 0.000000e+00 0.000000e+00 	 0
