# 1  2-4    5-7    8-10   11     
# x  dirEF  recEF  sumEF  #Sample
0.250000 	 0.000000e+00 0.000000e+00 0.000000e+00 	 0.000000e+00 0.000000e+00 0.000000e+00 	 0.000000e+00 0.000000e+00 0.000000e+00 	 0
0.750000 	 0.000000e+00 0.000000e+00 0.000000e+00 	 0.000000e+00 0.000000e+00 0.000000e+00 	 0.000000e+00 0.000000e+00 0.000000e+00 	 0
1.250000 	 0.000000e+00 0.000000e+00 0.000000e+00 	 0.000000e+00 0.000000e+00 0.000000e+00 	 0.000000e+00 0.000000e+00 0.000000e+00 	 0
1.750000 	 0.000000e+00 0.000000e+00 0.000000e+00 	 0.000000e+00 0.000000e+00 0.000000e+00 	 0.000000e+00 0.000000e+00 0.000000e+00 	 0
2.250000 	 0.000000e+00 0.000000e+00 0.000000e+00 	 0.000000e+00 0.000000e+00 0.000000e+00 	 0.000000e+00 0.000000e+00 0.000000e+00 	 0
2.750000 	 0.000000e+00 0.000000e+00 0.000000e+00 	 0.000000e+00 0.000000e+00 0.000000e+00 	 0.000000e+00 0.000000e+00 0.000000e+00 	 0
3.250000 	 -9.596010e-06 3.402247e-06 -5.025007e-06 	 -3.324814e-06 -1.483369e-06 -2.338741e-06 	 -1.292082e-05 1.918877e-06 -7.363748e-06 	 20
3.750000 	 -9.571263e-07 1.137931e-06 -1.151632e-06 	 1.046362e-06 7.567186e-07 3.686481e-07 	 8.923557e-08 1.894649e-06 -7.829837e-07 	 600
4.250000 	 -4.889419e-07 7.086688e-08 9.476495e-08 	 -4.782990e-07 1.326284e-07 3.525164e-07 	 -9.672409e-07 2.034953e-07 4.472813e-07 	 912
4.750000 	 -2.063209e-06 -1.082540e-06 -2.171707e-07 	 2.196508e-07 -1.106611e-08 1.031410e-08 	 -1.843558e-06 -1.093606e-06 -2.068566e-07 	 894
5.250000 	 1.622330e-06 7.049119e-07 5.740540e-07 	 2.627483e-08 2.588968e-07 6.561432e-07 	 1.648604e-06 9.638087e-07 1.230197e-06 	 887
5.750000 	 1.272923e-06 -3.937159e-07 9.206604e-07 	 -2.520442e-07 1.469789e-07 -9.888313e-07 	 1.020878e-06 -2.467370e-07 -6.817091e-08 	 920
6.250000 	 -9.091219e-08 1.528546e-06 -4.733065e-07 	 5.744490e-07 -5.539259e-07 -5.467300e-07 	 4.835368e-07 9.746197e-07 -1.020037e-06 	 888
6.750000 	 -8.876710e-07 -1.770154e-06 -9.345669e-07 	 -4.862787e-07 2.059138e-07 -1.668548e-07 	 -1.373950e-06 -1.564240e-06 -1.101422e-06 	 922
7.250000 	 -1.970295e-08 -1.522562e-06 1.144860e-06 	 5.421261e-07 1.438691e-07 1.542696e-07 	 5.224232e-07 -1.378693e-06 1.299129e-06 	 883
7.750000 	 4.647949e-07 2.247607e-07 3.733850e-07 	 1.772585e-07 4.681510e-07 -2.834060e-08 	 6.420535e-07 6.929116e-07 3.450444e-07 	 907
8.250000 	 -1.819391e-06 8.061725e-07 -1.068975e-06 	 7.591923e-08 5.901404e-07 -4.600222e-07 	 -1.743471e-06 1.396313e-06 -1.528997e-06 	 891
8.750000 	 -2.734855e-07 7.631965e-07 -2.580985e-07 	 -4.899031e-08 1.481633e-07 -1.249204e-07 	 -3.224758e-07 9.113598e-07 -3.830189e-07 	 918
9.250000 	 9.189166e-07 -1.367695e-06 1.679551e-07 	 1.358053e-07 1.763442e-07 5.263435e-08 	 1.054722e-06 -1.191351e-06 2.205895e-07 	 885
9.750000 	 2.499205e-07 -2.717087e-06 -1.282383e-07 	 -5.767445e-08 -2.296902e-07 5.971124e-07 	 1.922461e-07 -2.946777e-06 4.688741e-07 	 921
10.250000 	 -2.233794e-06 5.234554e-07 2.686136e-06 	 1.783417e-07 -7.504865e-07 -4.675982e-07 	 -2.055452e-06 -2.270310e-07 2.218538e-06 	 890
10.750000 	 8.378389e-07 1.451755e-06 -1.819554e-06 	 -4.108027e-08 -4.541552e-07 -1.331796e-07 	 7.967587e-07 9.976001e-07 -1.952734e-06 	 884
11.250000 	 -6.491817e-08 -4.505366e-07 2.113345e-06 	 -7.162831e-07 -1.708980e-06 4.249472e-07 	 -7.812012e-07 -2.159517e-06 2.538292e-06 	 567
11.750000 	 6.592654e-06 -3.532624e-06 2.104950e-06 	 2.231157e-06 5.728054e-07 5.359798e-07 	 8.823812e-06 -2.959818e-06 2.640930e-06 	 35
12.250000 	 0.000000e+00 0.000000e+00 0.000000e+00 	 0.000000e+00 0.000000e+00 0.000000e+00 	 0.000000e+00 0.000000e+00 0.000000e+00 	 0
12.750000 	 0.000000e+00 0.000000e+00 0.000000e+00 	 0.000000e+00 0.000000e+00 0.000000e+00 	 0.000000e+00 0.000000e+00 0.000000e+00 	 0
13.250000 	 0.000000e+00 0.000000e+00 0.000000e+00 	 0.000000e+00 0.000000e+00 0.000000e+00 	 0.000000e+00 0.000000e+00 0.000000e+00 	 0
13.750000 	 0.000000e+00 0.000000e+00 0.000000e+00 	 0.000000e+00 0.000000e+00 0.000000e+00 	 0.000000e+00 0.000000e+00 0.000000e+00 	 0
14.250000 	 0.000000e+00 0.000000e+00 0.000000e+00 	 0.000000e+00 0.000000e+00 0.000000e+00 	 0.000000e+00 0.000000e+00 0.000000e+00 	 0
14.750000 	 0.000000e+00 0.000000e+00 0.000000e+00 	 0.000000e+00 0.000000e+00 0.000000e+00 	 0.000000e+00 0.000000e+00 0.000000e+00 	 0
