# 1  2-4    5-7    8-10   11     
# x  dirEF  recEF  sumEF  #Sample
0.250000 	 0.000000e+00 0.000000e+00 0.000000e+00 	 0.000000e+00 0.000000e+00 0.000000e+00 	 0.000000e+00 0.000000e+00 0.000000e+00 	 0
0.750000 	 0.000000e+00 0.000000e+00 0.000000e+00 	 0.000000e+00 0.000000e+00 0.000000e+00 	 0.000000e+00 0.000000e+00 0.000000e+00 	 0
1.250000 	 0.000000e+00 0.000000e+00 0.000000e+00 	 0.000000e+00 0.000000e+00 0.000000e+00 	 0.000000e+00 0.000000e+00 0.000000e+00 	 0
1.750000 	 0.000000e+00 0.000000e+00 0.000000e+00 	 0.000000e+00 0.000000e+00 0.000000e+00 	 0.000000e+00 0.000000e+00 0.000000e+00 	 0
2.250000 	 0.000000e+00 0.000000e+00 0.000000e+00 	 0.000000e+00 0.000000e+00 0.000000e+00 	 0.000000e+00 0.000000e+00 0.000000e+00 	 0
2.750000 	 0.000000e+00 0.000000e+00 0.000000e+00 	 0.000000e+00 0.000000e+00 0.000000e+00 	 0.000000e+00 0.000000e+00 0.000000e+00 	 0
3.250000 	 -8.837464e-07 -2.861255e-07 1.170739e-05 	 -3.154801e-06 2.462670e-07 -5.994856e-07 	 -4.038547e-06 -3.985852e-08 1.110790e-05 	 38
3.750000 	 -1.687498e-06 3.738138e-07 4.782291e-07 	 1.215481e-06 -5.561718e-08 1.431906e-07 	 -4.720175e-07 3.181966e-07 6.214196e-07 	 555
4.250000 	 -2.962933e-08 1.635157e-06 1.020665e-06 	 -3.122818e-08 -7.106651e-08 -1.717996e-08 	 -6.085751e-08 1.564090e-06 1.003485e-06 	 914
4.750000 	 1.057628e-06 -1.640431e-06 -8.078609e-07 	 9.257633e-08 4.869422e-08 -8.874844e-09 	 1.150204e-06 -1.591737e-06 -8.167357e-07 	 901
5.250000 	 -1.339789e-06 -8.502562e-07 -1.108728e-06 	 -2.256719e-07 -9.681546e-09 -1.013248e-07 	 -1.565461e-06 -8.599377e-07 -1.210053e-06 	 909
5.750000 	 5.498383e-07 3.789045e-07 -2.961574e-06 	 -8.480571e-08 -6.161379e-08 -8.553008e-08 	 4.650326e-07 3.172907e-07 -3.047104e-06 	 929
6.250000 	 -1.079512e-07 -1.026782e-06 9.541930e-07 	 4.141483e-07 1.387242e-07 -4.377395e-08 	 3.061970e-07 -8.880576e-07 9.104191e-07 	 875
6.750000 	 -8.403247e-07 3.777156e-07 -7.532391e-07 	 -3.168046e-07 3.814363e-08 1.381425e-08 	 -1.157129e-06 4.158592e-07 -7.394248e-07 	 900
7.250000 	 -2.024750e-06 -8.412949e-08 1.478215e-07 	 -1.907714e-07 1.023118e-07 -8.468402e-08 	 -2.215521e-06 1.818229e-08 6.313747e-08 	 900
7.750000 	 1.419698e-07 -1.757111e-06 8.049259e-07 	 6.183651e-08 9.258122e-08 -9.071853e-08 	 2.038063e-07 -1.664530e-06 7.142074e-07 	 917
8.250000 	 -8.367558e-07 -1.009059e-06 -1.663322e-06 	 1.902037e-07 -1.489606e-07 6.537155e-08 	 -6.465521e-07 -1.158020e-06 -1.597950e-06 	 899
8.750000 	 1.412039e-06 1.224899e-06 2.675002e-06 	 -2.203592e-07 -1.612682e-07 4.233364e-08 	 1.191680e-06 1.063631e-06 2.717335e-06 	 898
9.250000 	 7.612210e-07 9.027292e-07 -1.062851e-06 	 -1.424557e-07 -6.624350e-08 4.654029e-08 	 6.187653e-07 8.364857e-07 -1.016311e-06 	 903
9.750000 	 -3.863388e-08 -8.379472e-07 -8.490696e-09 	 1.461022e-07 -3.822296e-08 -5.445054e-08 	 1.074683e-07 -8.761702e-07 -6.294124e-08 	 901
10.250000 	 -3.381114e-07 3.319938e-07 1.887157e-06 	 4.246262e-08 9.990400e-08 1.913282e-07 	 -2.956488e-07 4.318978e-07 2.078485e-06 	 913
10.750000 	 -6.299040e-07 -6.128008e-07 -8.877534e-07 	 1.255236e-07 4.657022e-08 -2.545355e-07 	 -5.043804e-07 -5.662306e-07 -1.142289e-06 	 894
11.250000 	 -5.717233e-07 -1.517296e-07 5.961320e-08 	 -1.494405e-06 -9.108355e-08 4.785548e-07 	 -2.066129e-06 -2.428132e-07 5.381680e-07 	 546
11.750000 	 3.080845e-06 6.355459e-06 -1.068038e-06 	 2.383830e-06 6.110342e-07 -6.299968e-07 	 5.464675e-06 6.966493e-06 -1.698034e-06 	 32
12.250000 	 0.000000e+00 0.000000e+00 0.000000e+00 	 0.000000e+00 0.000000e+00 0.000000e+00 	 0.000000e+00 0.000000e+00 0.000000e+00 	 0
12.750000 	 0.000000e+00 0.000000e+00 0.000000e+00 	 0.000000e+00 0.000000e+00 0.000000e+00 	 0.000000e+00 0.000000e+00 0.000000e+00 	 0
13.250000 	 0.000000e+00 0.000000e+00 0.000000e+00 	 0.000000e+00 0.000000e+00 0.000000e+00 	 0.000000e+00 0.000000e+00 0.000000e+00 	 0
13.750000 	 0.000000e+00 0.000000e+00 0.000000e+00 	 0.000000e+00 0.000000e+00 0.000000e+00 	 0.000000e+00 0.000000e+00 0.000000e+00 	 0
14.250000 	 0.000000e+00 0.000000e+00 0.000000e+00 	 0.000000e+00 0.000000e+00 0.000000e+00 	 0.000000e+00 0.000000e+00 0.000000e+00 	 0
14.750000 	 0.000000e+00 0.000000e+00 0.000000e+00 	 0.000000e+00 0.000000e+00 0.000000e+00 	 0.000000e+00 0.000000e+00 0.000000e+00 	 0
