# 1  2-4    5-7    8-10   11     
# x  dirEF  recEF  sumEF  #Sample
0.250000 	 0.000000e+00 0.000000e+00 0.000000e+00 	 0.000000e+00 0.000000e+00 0.000000e+00 	 0.000000e+00 0.000000e+00 0.000000e+00 	 0
0.750000 	 0.000000e+00 0.000000e+00 0.000000e+00 	 0.000000e+00 0.000000e+00 0.000000e+00 	 0.000000e+00 0.000000e+00 0.000000e+00 	 0
1.250000 	 0.000000e+00 0.000000e+00 0.000000e+00 	 0.000000e+00 0.000000e+00 0.000000e+00 	 0.000000e+00 0.000000e+00 0.000000e+00 	 0
1.750000 	 0.000000e+00 0.000000e+00 0.000000e+00 	 0.000000e+00 0.000000e+00 0.000000e+00 	 0.000000e+00 0.000000e+00 0.000000e+00 	 0
2.250000 	 0.000000e+00 0.000000e+00 0.000000e+00 	 0.000000e+00 0.000000e+00 0.000000e+00 	 0.000000e+00 0.000000e+00 0.000000e+00 	 0
2.750000 	 0.000000e+00 0.000000e+00 0.000000e+00 	 0.000000e+00 0.000000e+00 0.000000e+00 	 0.000000e+00 0.000000e+00 0.000000e+00 	 0
3.250000 	 -1.572278e-06 2.316833e-06 3.090730e-07 	 -2.105489e-06 -2.615126e-06 1.815747e-06 	 -3.677767e-06 -2.982929e-07 2.124820e-06 	 28
3.750000 	 -9.184901e-07 1.605070e-07 1.356065e-06 	 -6.509697e-08 2.903062e-07 1.533839e-06 	 -9.835871e-07 4.508131e-07 2.889904e-06 	 549
4.250000 	 1.363309e-06 -2.965390e-06 9.725679e-07 	 3.714128e-08 -4.229483e-07 -1.603945e-07 	 1.400450e-06 -3.388338e-06 8.121735e-07 	 905
4.750000 	 -7.815844e-07 1.969953e-06 6.007183e-08 	 3.238778e-08 -1.552210e-07 -4.852145e-07 	 -7.491966e-07 1.814732e-06 -4.251427e-07 	 927
5.250000 	 5.127553e-07 9.633635e-07 -1.196940e-06 	 -7.879145e-08 3.047511e-07 -1.270909e-07 	 4.339639e-07 1.268115e-06 -1.324031e-06 	 890
5.750000 	 -7.855808e-07 -1.639862e-06 4.933323e-07 	 -3.181915e-07 3.083169e-07 -9.790555e-08 	 -1.103772e-06 -1.331545e-06 3.954268e-07 	 915
6.250000 	 -2.062837e-06 1.755218e-07 9.311959e-07 	 2.553657e-07 1.308012e-07 -5.411636e-07 	 -1.807471e-06 3.063229e-07 3.900322e-07 	 916
6.750000 	 1.816009e-07 4.634172e-07 -1.972588e-06 	 2.957005e-07 -8.226182e-08 -5.444261e-07 	 4.773014e-07 3.811554e-07 -2.517014e-06 	 911
7.250000 	 -2.137163e-07 -1.069201e-06 -1.478243e-06 	 -4.275281e-07 8.815507e-07 -2.458862e-07 	 -6.412444e-07 -1.876507e-07 -1.724129e-06 	 911
7.750000 	 1.550452e-07 -4.220067e-07 6.180705e-07 	 2.779501e-08 8.927412e-08 5.304360e-07 	 1.828402e-07 -3.327326e-07 1.148507e-06 	 902
8.250000 	 -4.575502e-07 3.484684e-07 2.762885e-06 	 1.375910e-07 -2.688334e-08 -1.174958e-08 	 -3.199592e-07 3.215851e-07 2.751136e-06 	 889
8.750000 	 1.306434e-07 -1.907705e-06 -1.976673e-06 	 -5.922004e-07 -1.399977e-07 2.858122e-07 	 -4.615570e-07 -2.047703e-06 -1.690861e-06 	 914
9.250000 	 1.575136e-06 1.291637e-06 8.058801e-07 	 1.168369e-07 4.578714e-07 -1.655248e-07 	 1.691973e-06 1.749508e-06 6.403553e-07 	 887
9.750000 	 2.686801e-06 3.217764e-07 1.521656e-06 	 -1.866337e-08 -1.343113e-06 -6.671647e-07 	 2.668138e-06 -1.021336e-06 8.544912e-07 	 906
10.250000 	 -9.567082e-07 -4.788574e-07 2.075537e-07 	 -1.428560e-07 -8.186417e-07 1.063573e-06 	 -1.099564e-06 -1.297499e-06 1.271127e-06 	 904
10.750000 	 -9.081723e-07 -1.211706e-06 -7.076920e-07 	 1.225741e-07 -8.792987e-07 -2.879743e-07 	 -7.855981e-07 -2.091005e-06 -9.956663e-07 	 896
11.250000 	 9.775520e-08 -5.287399e-07 -2.175259e-07 	 -7.882867e-07 -9.342698e-07 -2.284570e-07 	 -6.905315e-07 -1.463010e-06 -4.459829e-07 	 551
11.750000 	 -5.324663e-06 -1.254418e-06 -6.769627e-07 	 5.327971e-07 -4.830840e-07 2.640683e-06 	 -4.791866e-06 -1.737502e-06 1.963720e-06 	 23
12.250000 	 0.000000e+00 0.000000e+00 0.000000e+00 	 0.000000e+00 0.000000e+00 0.000000e+00 	 0.000000e+00 0.000000e+00 0.000000e+00 	 0
12.750000 	 0.000000e+00 0.000000e+00 0.000000e+00 	 0.000000e+00 0.000000e+00 0.000000e+00 	 0.000000e+00 0.000000e+00 0.000000e+00 	 0
13.250000 	 0.000000e+00 0.000000e+00 0.000000e+00 	 0.000000e+00 0.000000e+00 0.000000e+00 	 0.000000e+00 0.000000e+00 0.000000e+00 	 0
13.750000 	 0.000000e+00 0.000000e+00 0.000000e+00 	 0.000000e+00 0.000000e+00 0.000000e+00 	 0.000000e+00 0.000000e+00 0.000000e+00 	 0
14.250000 	 0.000000e+00 0.000000e+00 0.000000e+00 	 0.000000e+00 0.000000e+00 0.000000e+00 	 0.000000e+00 0.000000e+00 0.000000e+00 	 0
14.750000 	 0.000000e+00 0.000000e+00 0.000000e+00 	 0.000000e+00 0.000000e+00 0.000000e+00 	 0.000000e+00 0.000000e+00 0.000000e+00 	 0
