# 1  2-4    5-7    8-10   11     
# x  dirEF  recEF  sumEF  #Sample
0.250000 	 0.000000e+00 0.000000e+00 0.000000e+00 	 0.000000e+00 0.000000e+00 0.000000e+00 	 0.000000e+00 0.000000e+00 0.000000e+00 	 0
0.750000 	 0.000000e+00 0.000000e+00 0.000000e+00 	 0.000000e+00 0.000000e+00 0.000000e+00 	 0.000000e+00 0.000000e+00 0.000000e+00 	 0
1.250000 	 0.000000e+00 0.000000e+00 0.000000e+00 	 0.000000e+00 0.000000e+00 0.000000e+00 	 0.000000e+00 0.000000e+00 0.000000e+00 	 0
1.750000 	 0.000000e+00 0.000000e+00 0.000000e+00 	 0.000000e+00 0.000000e+00 0.000000e+00 	 0.000000e+00 0.000000e+00 0.000000e+00 	 0
2.250000 	 0.000000e+00 0.000000e+00 0.000000e+00 	 0.000000e+00 0.000000e+00 0.000000e+00 	 0.000000e+00 0.000000e+00 0.000000e+00 	 0
2.750000 	 0.000000e+00 0.000000e+00 0.000000e+00 	 0.000000e+00 0.000000e+00 0.000000e+00 	 0.000000e+00 0.000000e+00 0.000000e+00 	 0
3.250000 	 -1.593224e-07 9.584802e-07 9.651534e-06 	 8.407045e-07 -4.067443e-06 -8.294661e-07 	 6.813821e-07 -3.108963e-06 8.822068e-06 	 18
3.750000 	 1.022943e-06 8.391827e-07 -4.790595e-08 	 2.118077e-07 -5.982173e-08 -8.987767e-07 	 1.234751e-06 7.793609e-07 -9.466826e-07 	 581
4.250000 	 -3.378063e-06 -3.815701e-07 3.133273e-07 	 -1.199906e-07 -1.097004e-07 6.262251e-07 	 -3.498054e-06 -4.912705e-07 9.395524e-07 	 891
4.750000 	 1.946297e-06 5.334894e-07 -4.219456e-07 	 1.911035e-07 4.305150e-07 -6.791563e-07 	 2.137400e-06 9.640044e-07 -1.101102e-06 	 906
5.250000 	 2.330161e-06 8.910913e-08 2.200498e-06 	 -1.353112e-07 1.284735e-06 -7.873125e-07 	 2.194850e-06 1.373844e-06 1.413185e-06 	 912
5.750000 	 -1.692208e-06 -2.641545e-07 1.675457e-07 	 -1.542987e-07 -2.845515e-08 6.897718e-07 	 -1.846507e-06 -2.926096e-07 8.573175e-07 	 902
6.250000 	 -1.659237e-06 6.560904e-07 -1.362750e-06 	 -2.254660e-07 3.512349e-07 -1.648095e-07 	 -1.884703e-06 1.007325e-06 -1.527559e-06 	 894
6.750000 	 7.730571e-07 3.039125e-07 -1.634340e-06 	 -4.415853e-08 -2.544630e-07 -1.354300e-07 	 7.288986e-07 4.944950e-08 -1.769770e-06 	 922
7.250000 	 3.768056e-07 2.133079e-06 6.015843e-07 	 -1.174946e-07 3.798344e-07 8.839792e-07 	 2.593109e-07 2.512914e-06 1.485563e-06 	 899
7.750000 	 -8.301988e-08 3.756413e-07 9.722703e-07 	 -1.234453e-07 3.037487e-07 6.449860e-08 	 -2.064652e-07 6.793899e-07 1.036769e-06 	 907
8.250000 	 -7.004753e-07 -9.836563e-07 -1.294298e-06 	 2.833109e-07 7.486118e-07 -4.077866e-07 	 -4.171643e-07 -2.350445e-07 -1.702085e-06 	 894
8.750000 	 1.961965e-06 -1.217463e-06 1.496806e-07 	 -4.637554e-08 1.247453e-07 1.087320e-07 	 1.915589e-06 -1.092717e-06 2.584125e-07 	 923
9.250000 	 -1.385745e-06 5.121359e-07 1.399776e-07 	 2.630777e-08 -5.376497e-07 -5.487122e-07 	 -1.359438e-06 -2.551378e-08 -4.087346e-07 	 898
9.750000 	 5.182569e-08 1.352448e-06 5.473214e-07 	 -1.822017e-07 1.681542e-07 5.524056e-08 	 -1.303760e-07 1.520602e-06 6.025619e-07 	 885
10.250000 	 1.230311e-06 3.597123e-07 -1.680495e-06 	 -3.296685e-07 3.374568e-07 -7.279737e-09 	 9.006428e-07 6.971691e-07 -1.687775e-06 	 931
10.750000 	 1.315356e-06 3.280376e-07 2.340156e-06 	 2.008704e-07 1.502603e-06 5.342585e-08 	 1.516226e-06 1.830641e-06 2.393581e-06 	 903
11.250000 	 9.271559e-07 -8.676172e-07 -6.667556e-07 	 -5.857312e-07 -1.786236e-07 -1.076325e-06 	 3.414248e-07 -1.046241e-06 -1.743081e-06 	 538
11.750000 	 -1.341634e-05 2.067627e-07 1.954738e-06 	 1.523085e-06 -2.271691e-06 -1.238872e-06 	 -1.189325e-05 -2.064928e-06 7.158654e-07 	 20
12.250000 	 0.000000e+00 0.000000e+00 0.000000e+00 	 0.000000e+00 0.000000e+00 0.000000e+00 	 0.000000e+00 0.000000e+00 0.000000e+00 	 0
12.750000 	 0.000000e+00 0.000000e+00 0.000000e+00 	 0.000000e+00 0.000000e+00 0.000000e+00 	 0.000000e+00 0.000000e+00 0.000000e+00 	 0
13.250000 	 0.000000e+00 0.000000e+00 0.000000e+00 	 0.000000e+00 0.000000e+00 0.000000e+00 	 0.000000e+00 0.000000e+00 0.000000e+00 	 0
13.750000 	 0.000000e+00 0.000000e+00 0.000000e+00 	 0.000000e+00 0.000000e+00 0.000000e+00 	 0.000000e+00 0.000000e+00 0.000000e+00 	 0
14.250000 	 0.000000e+00 0.000000e+00 0.000000e+00 	 0.000000e+00 0.000000e+00 0.000000e+00 	 0.000000e+00 0.000000e+00 0.000000e+00 	 0
14.750000 	 0.000000e+00 0.000000e+00 0.000000e+00 	 0.000000e+00 0.000000e+00 0.000000e+00 	 0.000000e+00 0.000000e+00 0.000000e+00 	 0
