# 1  2-4    5-7    8-10   11     
# x  dirEF  recEF  sumEF  #Sample
0.250000 	 0.000000e+00 0.000000e+00 0.000000e+00 	 0.000000e+00 0.000000e+00 0.000000e+00 	 0.000000e+00 0.000000e+00 0.000000e+00 	 0
0.750000 	 0.000000e+00 0.000000e+00 0.000000e+00 	 0.000000e+00 0.000000e+00 0.000000e+00 	 0.000000e+00 0.000000e+00 0.000000e+00 	 0
1.250000 	 0.000000e+00 0.000000e+00 0.000000e+00 	 0.000000e+00 0.000000e+00 0.000000e+00 	 0.000000e+00 0.000000e+00 0.000000e+00 	 0
1.750000 	 0.000000e+00 0.000000e+00 0.000000e+00 	 0.000000e+00 0.000000e+00 0.000000e+00 	 0.000000e+00 0.000000e+00 0.000000e+00 	 0
2.250000 	 0.000000e+00 0.000000e+00 0.000000e+00 	 0.000000e+00 0.000000e+00 0.000000e+00 	 0.000000e+00 0.000000e+00 0.000000e+00 	 0
2.750000 	 0.000000e+00 0.000000e+00 0.000000e+00 	 0.000000e+00 0.000000e+00 0.000000e+00 	 0.000000e+00 0.000000e+00 0.000000e+00 	 0
3.250000 	 4.669542e-06 9.235323e-07 -2.528766e-06 	 -5.840233e-14 1.334361e-13 -9.075021e-14 	 4.669542e-06 9.235325e-07 -2.528766e-06 	 43
3.750000 	 5.586381e-07 2.095513e-06 -2.906939e-06 	 3.897079e-14 6.689019e-15 1.965190e-14 	 5.586381e-07 2.095513e-06 -2.906939e-06 	 570
4.250000 	 -1.222441e-06 3.506642e-07 -1.928592e-08 	 -1.006771e-14 -5.333726e-15 -1.205078e-13 	 -1.222441e-06 3.506642e-07 -1.928604e-08 	 887
4.750000 	 7.971032e-07 -5.585580e-07 1.693536e-06 	 -1.466792e-13 7.167671e-15 4.105940e-14 	 7.971030e-07 -5.585580e-07 1.693536e-06 	 905
5.250000 	 -5.620668e-08 -8.647202e-07 2.584556e-06 	 7.212624e-14 1.133472e-15 9.584947e-15 	 -5.620661e-08 -8.647202e-07 2.584556e-06 	 917
5.750000 	 -2.068979e-07 1.305914e-06 -1.518833e-06 	 -1.674990e-14 3.276302e-14 -1.053917e-15 	 -2.068979e-07 1.305914e-06 -1.518833e-06 	 923
6.250000 	 7.398299e-08 -1.316563e-06 -1.230032e-06 	 -7.115962e-14 -2.776960e-14 2.218735e-14 	 7.398292e-08 -1.316563e-06 -1.230032e-06 	 885
6.750000 	 -2.427436e-06 -8.349151e-07 -2.656712e-07 	 2.432059e-14 4.837831e-14 1.107893e-14 	 -2.427436e-06 -8.349151e-07 -2.656712e-07 	 919
7.250000 	 -9.916166e-07 3.509271e-07 -2.996830e-07 	 9.342512e-14 9.082262e-15 8.476430e-15 	 -9.916165e-07 3.509271e-07 -2.996830e-07 	 887
7.750000 	 1.478288e-07 7.896452e-07 -6.586896e-07 	 -4.192323e-14 -2.594747e-14 -5.560038e-15 	 1.478288e-07 7.896452e-07 -6.586896e-07 	 901
8.250000 	 -6.825016e-07 1.200749e-06 3.948084e-07 	 4.863321e-15 -9.797257e-15 -6.009027e-14 	 -6.825016e-07 1.200749e-06 3.948084e-07 	 899
8.750000 	 7.365740e-07 3.146655e-07 -2.765471e-06 	 -2.513223e-14 2.467096e-14 2.656202e-15 	 7.365740e-07 3.146655e-07 -2.765471e-06 	 891
9.250000 	 2.100789e-06 -6.226320e-07 5.197556e-07 	 -8.241566e-14 -1.714925e-15 1.249833e-14 	 2.100789e-06 -6.226320e-07 5.197556e-07 	 917
9.750000 	 3.055764e-07 -6.261998e-07 2.153363e-07 	 7.195219e-14 -1.942428e-14 8.783754e-15 	 3.055765e-07 -6.261998e-07 2.153363e-07 	 886
10.250000 	 -2.662790e-08 -1.114446e-06 -4.345392e-07 	 9.488712e-14 2.559767e-14 -5.516442e-14 	 -2.662780e-08 -1.114445e-06 -4.345393e-07 	 897
10.750000 	 -1.730978e-06 -2.694801e-07 3.309514e-07 	 -3.180507e-15 -3.392114e-14 -1.510739e-14 	 -1.730978e-06 -2.694801e-07 3.309514e-07 	 884
11.250000 	 1.360203e-06 -4.656504e-08 1.418698e-06 	 -2.085162e-15 5.578927e-14 -2.675517e-14 	 1.360203e-06 -4.656498e-08 1.418698e-06 	 541
11.750000 	 3.962583e-06 -2.206431e-06 -2.968721e-06 	 2.332660e-13 -2.700593e-13 -5.649603e-14 	 3.962583e-06 -2.206431e-06 -2.968721e-06 	 72
12.250000 	 0.000000e+00 0.000000e+00 0.000000e+00 	 0.000000e+00 0.000000e+00 0.000000e+00 	 0.000000e+00 0.000000e+00 0.000000e+00 	 0
12.750000 	 0.000000e+00 0.000000e+00 0.000000e+00 	 0.000000e+00 0.000000e+00 0.000000e+00 	 0.000000e+00 0.000000e+00 0.000000e+00 	 0
13.250000 	 0.000000e+00 0.000000e+00 0.000000e+00 	 0.000000e+00 0.000000e+00 0.000000e+00 	 0.000000e+00 0.000000e+00 0.000000e+00 	 0
13.750000 	 0.000000e+00 0.000000e+00 0.000000e+00 	 0.000000e+00 0.000000e+00 0.000000e+00 	 0.000000e+00 0.000000e+00 0.000000e+00 	 0
14.250000 	 0.000000e+00 0.000000e+00 0.000000e+00 	 0.000000e+00 0.000000e+00 0.000000e+00 	 0.000000e+00 0.000000e+00 0.000000e+00 	 0
14.750000 	 0.000000e+00 0.000000e+00 0.000000e+00 	 0.000000e+00 0.000000e+00 0.000000e+00 	 0.000000e+00 0.000000e+00 0.000000e+00 	 0
