# 1  2-4    5-7    8-10   11     
# x  dirEF  recEF  sumEF  #Sample
0.250000 	 0.000000e+00 0.000000e+00 0.000000e+00 	 0.000000e+00 0.000000e+00 0.000000e+00 	 0.000000e+00 0.000000e+00 0.000000e+00 	 0
0.750000 	 0.000000e+00 0.000000e+00 0.000000e+00 	 0.000000e+00 0.000000e+00 0.000000e+00 	 0.000000e+00 0.000000e+00 0.000000e+00 	 0
1.250000 	 0.000000e+00 0.000000e+00 0.000000e+00 	 0.000000e+00 0.000000e+00 0.000000e+00 	 0.000000e+00 0.000000e+00 0.000000e+00 	 0
1.750000 	 0.000000e+00 0.000000e+00 0.000000e+00 	 0.000000e+00 0.000000e+00 0.000000e+00 	 0.000000e+00 0.000000e+00 0.000000e+00 	 0
2.250000 	 0.000000e+00 0.000000e+00 0.000000e+00 	 0.000000e+00 0.000000e+00 0.000000e+00 	 0.000000e+00 0.000000e+00 0.000000e+00 	 0
2.750000 	 0.000000e+00 0.000000e+00 0.000000e+00 	 0.000000e+00 0.000000e+00 0.000000e+00 	 0.000000e+00 0.000000e+00 0.000000e+00 	 0
3.250000 	 -2.720763e-06 -3.554294e-06 -1.817468e-06 	 -1.673662e-05 9.182574e-06 -4.338324e-06 	 -1.945738e-05 5.628280e-06 -6.155792e-06 	 43
3.750000 	 -2.042502e-06 7.509027e-07 9.111558e-07 	 1.917586e-06 9.712958e-07 2.141372e-06 	 -1.249160e-07 1.722199e-06 3.052528e-06 	 569
4.250000 	 -2.029232e-06 1.031558e-06 -7.892148e-07 	 -1.884329e-06 -1.066040e-06 -9.092180e-07 	 -3.913561e-06 -3.448178e-08 -1.698433e-06 	 884
4.750000 	 7.173582e-07 -1.705715e-06 1.762280e-06 	 3.167996e-06 5.591304e-07 3.152416e-07 	 3.885354e-06 -1.146585e-06 2.077522e-06 	 897
5.250000 	 3.047002e-06 -2.249927e-07 -1.456227e-06 	 -3.830497e-06 7.697265e-07 -6.856331e-07 	 -7.834945e-07 5.447338e-07 -2.141860e-06 	 920
5.750000 	 -8.255473e-07 3.854365e-08 -9.328414e-07 	 -2.853612e-06 -1.061564e-06 6.706992e-07 	 -3.679159e-06 -1.023020e-06 -2.621421e-07 	 894
6.250000 	 -1.932710e-06 2.631729e-06 1.735823e-06 	 3.396552e-06 1.958013e-07 -1.801757e-07 	 1.463842e-06 2.827531e-06 1.555648e-06 	 905
6.750000 	 3.982291e-07 -3.471067e-07 2.463770e-07 	 -2.326470e-06 1.387517e-06 3.230686e-06 	 -1.928241e-06 1.040411e-06 3.477063e-06 	 914
7.250000 	 -9.859802e-09 -7.036501e-07 -9.262640e-08 	 4.533097e-06 -6.180380e-07 1.872959e-06 	 4.523237e-06 -1.321688e-06 1.780333e-06 	 908
7.750000 	 -1.157076e-06 1.417154e-06 8.509888e-07 	 2.883492e-07 4.268286e-07 -1.815613e-06 	 -8.687265e-07 1.843983e-06 -9.646243e-07 	 907
8.250000 	 -1.490966e-06 -1.845204e-06 -1.434518e-06 	 1.114471e-06 4.698435e-07 -1.053930e-06 	 -3.764944e-07 -1.375360e-06 -2.488448e-06 	 910
8.750000 	 1.178380e-06 2.897270e-07 -1.258985e-07 	 2.031890e-06 -2.525913e-06 -1.322767e-07 	 3.210270e-06 -2.236186e-06 -2.581752e-07 	 890
9.250000 	 -1.877861e-06 1.260740e-06 1.163106e-06 	 -3.428236e-06 9.877201e-07 6.893097e-07 	 -5.306098e-06 2.248460e-06 1.852416e-06 	 889
9.750000 	 1.726492e-07 2.618336e-07 1.953423e-07 	 6.906510e-09 -5.336957e-07 5.797956e-07 	 1.795557e-07 -2.718621e-07 7.751379e-07 	 914
10.250000 	 -4.610188e-07 5.985084e-07 1.609806e-06 	 2.779485e-06 1.938378e-06 1.262321e-06 	 2.318466e-06 2.536887e-06 2.872128e-06 	 910
10.750000 	 1.186144e-06 2.573044e-07 -9.976761e-07 	 1.962649e-07 1.900123e-06 -3.364197e-07 	 1.382409e-06 2.157427e-06 -1.334096e-06 	 891
11.250000 	 -4.410157e-07 -2.326427e-06 3.602861e-08 	 -1.421770e-06 1.616380e-06 2.337699e-07 	 -1.862786e-06 -7.100474e-07 2.697985e-07 	 558
11.750000 	 -4.083213e-06 -8.095205e-07 -2.324789e-06 	 -3.823873e-06 -3.810629e-06 -5.223729e-06 	 -7.907086e-06 -4.620149e-06 -7.548518e-06 	 21
12.250000 	 0.000000e+00 0.000000e+00 0.000000e+00 	 0.000000e+00 0.000000e+00 0.000000e+00 	 0.000000e+00 0.000000e+00 0.000000e+00 	 0
12.750000 	 0.000000e+00 0.000000e+00 0.000000e+00 	 0.000000e+00 0.000000e+00 0.000000e+00 	 0.000000e+00 0.000000e+00 0.000000e+00 	 0
13.250000 	 0.000000e+00 0.000000e+00 0.000000e+00 	 0.000000e+00 0.000000e+00 0.000000e+00 	 0.000000e+00 0.000000e+00 0.000000e+00 	 0
13.750000 	 0.000000e+00 0.000000e+00 0.000000e+00 	 0.000000e+00 0.000000e+00 0.000000e+00 	 0.000000e+00 0.000000e+00 0.000000e+00 	 0
14.250000 	 0.000000e+00 0.000000e+00 0.000000e+00 	 0.000000e+00 0.000000e+00 0.000000e+00 	 0.000000e+00 0.000000e+00 0.000000e+00 	 0
14.750000 	 0.000000e+00 0.000000e+00 0.000000e+00 	 0.000000e+00 0.000000e+00 0.000000e+00 	 0.000000e+00 0.000000e+00 0.000000e+00 	 0
