# 1  2-4    5-7    8-10   11     
# x  dirEF  recEF  sumEF  #Sample
0.250000 	 0.000000e+00 0.000000e+00 0.000000e+00 	 0.000000e+00 0.000000e+00 0.000000e+00 	 0.000000e+00 0.000000e+00 0.000000e+00 	 0
0.750000 	 0.000000e+00 0.000000e+00 0.000000e+00 	 0.000000e+00 0.000000e+00 0.000000e+00 	 0.000000e+00 0.000000e+00 0.000000e+00 	 0
1.250000 	 0.000000e+00 0.000000e+00 0.000000e+00 	 0.000000e+00 0.000000e+00 0.000000e+00 	 0.000000e+00 0.000000e+00 0.000000e+00 	 0
1.750000 	 0.000000e+00 0.000000e+00 0.000000e+00 	 0.000000e+00 0.000000e+00 0.000000e+00 	 0.000000e+00 0.000000e+00 0.000000e+00 	 0
2.250000 	 0.000000e+00 0.000000e+00 0.000000e+00 	 0.000000e+00 0.000000e+00 0.000000e+00 	 0.000000e+00 0.000000e+00 0.000000e+00 	 0
2.750000 	 0.000000e+00 0.000000e+00 0.000000e+00 	 0.000000e+00 0.000000e+00 0.000000e+00 	 0.000000e+00 0.000000e+00 0.000000e+00 	 0
3.250000 	 3.774286e-07 2.785850e-06 -2.521276e-06 	 -1.507270e-06 5.766222e-07 -5.570439e-06 	 -1.129841e-06 3.362472e-06 -8.091715e-06 	 44
3.750000 	 -8.511894e-07 3.952264e-07 9.541718e-07 	 4.081420e-06 9.367741e-07 1.262238e-06 	 3.230231e-06 1.332000e-06 2.216409e-06 	 579
4.250000 	 -1.536559e-07 4.573025e-07 -1.063636e-06 	 -2.910715e-06 3.086597e-07 -5.993604e-07 	 -3.064371e-06 7.659622e-07 -1.662996e-06 	 882
4.750000 	 1.499381e-07 -2.394315e-06 2.900521e-07 	 1.135559e-06 -9.996522e-08 -2.062539e-07 	 1.285497e-06 -2.494280e-06 8.379820e-08 	 903
5.250000 	 3.014034e-06 1.463278e-06 -1.363106e-07 	 -9.160661e-07 1.146451e-07 1.071700e-07 	 2.097968e-06 1.577923e-06 -2.914065e-08 	 910
5.750000 	 -3.919439e-07 8.547968e-07 7.918238e-07 	 -2.129978e-07 -4.303187e-07 4.012340e-07 	 -6.049418e-07 4.244781e-07 1.193058e-06 	 906
6.250000 	 1.410424e-07 -1.712696e-06 -1.363432e-06 	 2.263405e-06 -1.499273e-06 1.528214e-07 	 2.404447e-06 -3.211969e-06 -1.210611e-06 	 924
6.750000 	 1.444439e-06 2.871455e-07 6.541686e-07 	 -5.824498e-07 -2.764801e-07 -1.346050e-07 	 8.619889e-07 1.066536e-08 5.195636e-07 	 899
7.250000 	 -9.286157e-07 5.072244e-07 7.949677e-07 	 -1.435945e-06 -7.208708e-07 1.366158e-06 	 -2.364561e-06 -2.136464e-07 2.161126e-06 	 909
7.750000 	 -2.072001e-08 -4.236271e-07 -3.370838e-07 	 1.386511e-06 9.926485e-07 6.465367e-08 	 1.365791e-06 5.690214e-07 -2.724301e-07 	 904
8.250000 	 -2.117971e-06 1.281649e-06 -3.288159e-07 	 8.095952e-07 -6.811776e-08 -1.147274e-06 	 -1.308375e-06 1.213531e-06 -1.476089e-06 	 881
8.750000 	 5.221453e-07 -3.596234e-07 -1.819665e-06 	 3.364788e-07 1.128898e-06 -6.316298e-08 	 8.586241e-07 7.692744e-07 -1.882828e-06 	 892
9.250000 	 -2.583265e-07 -1.697144e-06 9.562773e-08 	 2.778893e-06 -4.410394e-07 1.019620e-06 	 2.520566e-06 -2.138184e-06 1.115248e-06 	 896
9.750000 	 -7.205163e-07 -1.209094e-07 -1.503368e-06 	 -2.684756e-06 -1.239669e-06 -6.530617e-08 	 -3.405272e-06 -1.360578e-06 -1.568674e-06 	 896
10.250000 	 1.662623e-06 8.777234e-07 1.549186e-06 	 -1.779914e-06 -1.335293e-06 5.206394e-07 	 -1.172908e-07 -4.575701e-07 2.069826e-06 	 895
10.750000 	 1.186474e-07 -2.640874e-07 -1.656490e-06 	 2.222507e-06 -9.802689e-07 -1.127268e-06 	 2.341155e-06 -1.244356e-06 -2.783758e-06 	 907
11.250000 	 1.331570e-06 -1.252455e-06 -6.696434e-07 	 -2.114957e-06 3.314011e-08 9.443956e-07 	 -7.833866e-07 -1.219315e-06 2.747522e-07 	 523
11.750000 	 -6.165497e-07 -1.812966e-06 7.799121e-07 	 -2.776889e-06 8.625465e-07 4.507544e-07 	 -3.393439e-06 -9.504193e-07 1.230667e-06 	 73
12.250000 	 -2.377745e-05 4.000662e-06 6.036849e-05 	 -2.421871e-06 5.195928e-05 1.169256e-05 	 -2.619932e-05 5.595994e-05 7.206105e-05 	 1
12.750000 	 0.000000e+00 0.000000e+00 0.000000e+00 	 0.000000e+00 0.000000e+00 0.000000e+00 	 0.000000e+00 0.000000e+00 0.000000e+00 	 0
13.250000 	 0.000000e+00 0.000000e+00 0.000000e+00 	 0.000000e+00 0.000000e+00 0.000000e+00 	 0.000000e+00 0.000000e+00 0.000000e+00 	 0
13.750000 	 0.000000e+00 0.000000e+00 0.000000e+00 	 0.000000e+00 0.000000e+00 0.000000e+00 	 0.000000e+00 0.000000e+00 0.000000e+00 	 0
14.250000 	 0.000000e+00 0.000000e+00 0.000000e+00 	 0.000000e+00 0.000000e+00 0.000000e+00 	 0.000000e+00 0.000000e+00 0.000000e+00 	 0
14.750000 	 0.000000e+00 0.000000e+00 0.000000e+00 	 0.000000e+00 0.000000e+00 0.000000e+00 	 0.000000e+00 0.000000e+00 0.000000e+00 	 0
