# 1  2-4    5-7    8-10   11     
# x  dirEF  recEF  sumEF  #Sample
0.250000 	 0.000000e+00 0.000000e+00 0.000000e+00 	 0.000000e+00 0.000000e+00 0.000000e+00 	 0.000000e+00 0.000000e+00 0.000000e+00 	 0
0.750000 	 0.000000e+00 0.000000e+00 0.000000e+00 	 0.000000e+00 0.000000e+00 0.000000e+00 	 0.000000e+00 0.000000e+00 0.000000e+00 	 0
1.250000 	 0.000000e+00 0.000000e+00 0.000000e+00 	 0.000000e+00 0.000000e+00 0.000000e+00 	 0.000000e+00 0.000000e+00 0.000000e+00 	 0
1.750000 	 0.000000e+00 0.000000e+00 0.000000e+00 	 0.000000e+00 0.000000e+00 0.000000e+00 	 0.000000e+00 0.000000e+00 0.000000e+00 	 0
2.250000 	 0.000000e+00 0.000000e+00 0.000000e+00 	 0.000000e+00 0.000000e+00 0.000000e+00 	 0.000000e+00 0.000000e+00 0.000000e+00 	 0
2.750000 	 0.000000e+00 0.000000e+00 0.000000e+00 	 0.000000e+00 0.000000e+00 0.000000e+00 	 0.000000e+00 0.000000e+00 0.000000e+00 	 0
3.250000 	 -7.955356e-06 -1.001806e-06 4.281092e-06 	 -2.774554e-06 -1.323523e-06 -4.058059e-07 	 -1.072991e-05 -2.325329e-06 3.875286e-06 	 27
3.750000 	 8.521440e-07 1.076603e-06 4.942873e-07 	 3.649637e-07 3.185121e-08 1.526345e-07 	 1.217108e-06 1.108455e-06 6.469218e-07 	 550
4.250000 	 1.258549e-06 -1.544850e-07 7.735048e-07 	 4.098256e-07 2.046414e-08 2.967685e-08 	 1.668375e-06 -1.340209e-07 8.031817e-07 	 904
4.750000 	 1.415959e-07 -9.868718e-07 3.713864e-07 	 -1.712812e-07 9.875105e-08 2.109887e-08 	 -2.968534e-08 -8.881207e-07 3.924852e-07 	 903
5.250000 	 -3.757269e-07 4.876339e-07 -5.744494e-07 	 -1.322432e-07 -1.674426e-07 -1.672178e-09 	 -5.079701e-07 3.201913e-07 -5.761216e-07 	 929
5.750000 	 4.331454e-08 9.848018e-07 -5.938964e-07 	 5.163314e-08 4.203549e-08 7.014148e-08 	 9.494768e-08 1.026837e-06 -5.237550e-07 	 897
6.250000 	 3.269229e-06 -2.240205e-06 1.202202e-06 	 -1.761431e-07 2.995171e-08 1.737708e-08 	 3.093086e-06 -2.210253e-06 1.219579e-06 	 905
6.750000 	 3.317533e-07 -8.743444e-07 -8.109424e-07 	 -9.199056e-08 -2.126714e-07 -6.890973e-08 	 2.397627e-07 -1.087016e-06 -8.798522e-07 	 903
7.250000 	 7.501533e-07 5.693155e-07 9.032780e-07 	 2.748345e-07 7.651069e-08 7.201300e-08 	 1.024988e-06 6.458262e-07 9.752910e-07 	 932
7.750000 	 9.331172e-07 -5.906366e-07 -1.827236e-07 	 -7.276082e-08 -1.923992e-07 -8.814713e-08 	 8.603564e-07 -7.830358e-07 -2.708707e-07 	 875
8.250000 	 -1.435530e-06 4.815645e-07 8.050205e-07 	 9.485222e-08 -1.114820e-07 -7.381006e-08 	 -1.340678e-06 3.700825e-07 7.312104e-07 	 916
8.750000 	 1.659822e-06 3.402237e-07 -4.009183e-07 	 6.834746e-08 1.182573e-07 5.776353e-08 	 1.728170e-06 4.584810e-07 -3.431548e-07 	 909
9.250000 	 2.849419e-07 3.445108e-07 -1.095540e-06 	 -2.730890e-07 -7.500981e-08 5.290920e-08 	 1.185287e-08 2.695010e-07 -1.042631e-06 	 884
9.750000 	 -1.058059e-06 6.037838e-07 -3.227955e-06 	 3.029565e-07 1.903947e-07 1.015896e-07 	 -7.551029e-07 7.941784e-07 -3.126365e-06 	 900
10.250000 	 -7.500758e-07 -5.009471e-07 2.159647e-06 	 -2.446378e-07 -2.353878e-08 -1.111583e-07 	 -9.947136e-07 -5.244858e-07 2.048489e-06 	 941
10.750000 	 3.837390e-07 2.032363e-06 -3.847527e-07 	 -1.192096e-07 1.113270e-07 1.401797e-08 	 2.645294e-07 2.143690e-06 -3.707347e-07 	 907
11.250000 	 1.076240e-06 -2.320800e-06 -2.157226e-07 	 -1.019874e-06 1.738315e-08 -9.819484e-08 	 5.636635e-08 -2.303417e-06 -3.139174e-07 	 504
11.750000 	 -4.843381e-06 3.677779e-06 -2.130409e-08 	 2.508393e-06 9.023981e-07 1.000112e-06 	 -2.334988e-06 4.580178e-06 9.788079e-07 	 38
12.250000 	 0.000000e+00 0.000000e+00 0.000000e+00 	 0.000000e+00 0.000000e+00 0.000000e+00 	 0.000000e+00 0.000000e+00 0.000000e+00 	 0
12.750000 	 0.000000e+00 0.000000e+00 0.000000e+00 	 0.000000e+00 0.000000e+00 0.000000e+00 	 0.000000e+00 0.000000e+00 0.000000e+00 	 0
13.250000 	 0.000000e+00 0.000000e+00 0.000000e+00 	 0.000000e+00 0.000000e+00 0.000000e+00 	 0.000000e+00 0.000000e+00 0.000000e+00 	 0
13.750000 	 0.000000e+00 0.000000e+00 0.000000e+00 	 0.000000e+00 0.000000e+00 0.000000e+00 	 0.000000e+00 0.000000e+00 0.000000e+00 	 0
14.250000 	 0.000000e+00 0.000000e+00 0.000000e+00 	 0.000000e+00 0.000000e+00 0.000000e+00 	 0.000000e+00 0.000000e+00 0.000000e+00 	 0
14.750000 	 0.000000e+00 0.000000e+00 0.000000e+00 	 0.000000e+00 0.000000e+00 0.000000e+00 	 0.000000e+00 0.000000e+00 0.000000e+00 	 0
