# 1  2-4    5-7    8-10   11     
# x  dirEF  recEF  sumEF  #Sample
0.250000 	 0.000000e+00 0.000000e+00 0.000000e+00 	 0.000000e+00 0.000000e+00 0.000000e+00 	 0.000000e+00 0.000000e+00 0.000000e+00 	 0
0.750000 	 0.000000e+00 0.000000e+00 0.000000e+00 	 0.000000e+00 0.000000e+00 0.000000e+00 	 0.000000e+00 0.000000e+00 0.000000e+00 	 0
1.250000 	 0.000000e+00 0.000000e+00 0.000000e+00 	 0.000000e+00 0.000000e+00 0.000000e+00 	 0.000000e+00 0.000000e+00 0.000000e+00 	 0
1.750000 	 0.000000e+00 0.000000e+00 0.000000e+00 	 0.000000e+00 0.000000e+00 0.000000e+00 	 0.000000e+00 0.000000e+00 0.000000e+00 	 0
2.250000 	 0.000000e+00 0.000000e+00 0.000000e+00 	 0.000000e+00 0.000000e+00 0.000000e+00 	 0.000000e+00 0.000000e+00 0.000000e+00 	 0
2.750000 	 0.000000e+00 0.000000e+00 0.000000e+00 	 0.000000e+00 0.000000e+00 0.000000e+00 	 0.000000e+00 0.000000e+00 0.000000e+00 	 0
3.250000 	 3.219430e-06 -1.876445e-06 -3.335230e-06 	 -2.008280e-06 -1.244311e-06 -1.001547e-06 	 1.211150e-06 -3.120756e-06 -4.336777e-06 	 34
3.750000 	 -1.630785e-06 1.789192e-06 1.845725e-06 	 9.493346e-07 -1.344390e-07 1.267390e-07 	 -6.814503e-07 1.654753e-06 1.972464e-06 	 572
4.250000 	 1.231167e-06 -8.227080e-07 -1.649802e-06 	 2.356765e-08 1.416069e-07 8.255087e-09 	 1.254735e-06 -6.811011e-07 -1.641547e-06 	 892
4.750000 	 -3.667608e-07 -1.343700e-06 3.324495e-07 	 -2.412518e-07 -1.060724e-07 1.255147e-08 	 -6.080125e-07 -1.449772e-06 3.450010e-07 	 911
5.250000 	 6.280897e-08 -4.257689e-07 -1.828570e-06 	 -2.529984e-07 6.711897e-09 -7.403090e-09 	 -1.901894e-07 -4.190570e-07 -1.835973e-06 	 916
5.750000 	 1.135419e-06 1.016473e-06 6.322823e-07 	 3.151409e-07 7.819215e-08 -1.069208e-07 	 1.450560e-06 1.094665e-06 5.253615e-07 	 895
6.250000 	 1.602618e-06 4.358007e-08 1.336586e-06 	 2.010066e-07 -1.054149e-07 -1.592505e-08 	 1.803625e-06 -6.183479e-08 1.320661e-06 	 897
6.750000 	 -1.461033e-06 1.664405e-06 8.192300e-07 	 -1.244130e-07 9.355981e-09 1.004901e-07 	 -1.585446e-06 1.673760e-06 9.197201e-07 	 896
7.250000 	 -2.090077e-06 -9.708392e-07 -8.619978e-07 	 1.182554e-08 -5.768176e-08 5.114169e-08 	 -2.078251e-06 -1.028521e-06 -8.108562e-07 	 911
7.750000 	 9.473744e-07 1.137483e-06 8.768384e-07 	 4.903438e-08 -1.282330e-07 -1.175240e-07 	 9.964088e-07 1.009250e-06 7.593144e-07 	 889
8.250000 	 5.561205e-08 -3.879853e-07 -5.937643e-07 	 4.973631e-08 -4.380313e-08 2.301381e-09 	 1.053484e-07 -4.317884e-07 -5.914629e-07 	 916
8.750000 	 -1.400658e-07 1.795435e-08 -9.270555e-07 	 1.591364e-07 -8.623997e-08 -1.990188e-08 	 1.907058e-08 -6.828562e-08 -9.469574e-07 	 912
9.250000 	 3.159918e-07 -8.479692e-07 2.914163e-07 	 -1.889405e-07 -7.662638e-08 -5.119584e-08 	 1.270513e-07 -9.245955e-07 2.402204e-07 	 911
9.750000 	 1.815285e-07 -8.799585e-07 -5.806596e-07 	 7.313303e-08 -3.021760e-08 3.148888e-08 	 2.546615e-07 -9.101761e-07 -5.491707e-07 	 902
10.250000 	 1.705657e-06 7.907483e-07 6.749937e-07 	 8.568573e-08 -4.372971e-08 -6.645182e-08 	 1.791343e-06 7.470186e-07 6.085419e-07 	 914
10.750000 	 -1.479361e-07 6.657878e-08 -6.930750e-07 	 -1.437850e-07 -5.125163e-08 -9.797481e-08 	 -2.917211e-07 1.532715e-08 -7.910499e-07 	 891
11.250000 	 -1.208318e-06 -6.151704e-07 1.155561e-06 	 -8.840075e-07 -2.416944e-07 1.398143e-07 	 -2.092326e-06 -8.568647e-07 1.295375e-06 	 544
11.750000 	 -4.847492e-06 -1.520660e-06 -1.506951e-06 	 2.893299e-06 6.857120e-07 -6.606620e-07 	 -1.954193e-06 -8.349477e-07 -2.167613e-06 	 21
12.250000 	 0.000000e+00 0.000000e+00 0.000000e+00 	 0.000000e+00 0.000000e+00 0.000000e+00 	 0.000000e+00 0.000000e+00 0.000000e+00 	 0
12.750000 	 0.000000e+00 0.000000e+00 0.000000e+00 	 0.000000e+00 0.000000e+00 0.000000e+00 	 0.000000e+00 0.000000e+00 0.000000e+00 	 0
13.250000 	 0.000000e+00 0.000000e+00 0.000000e+00 	 0.000000e+00 0.000000e+00 0.000000e+00 	 0.000000e+00 0.000000e+00 0.000000e+00 	 0
13.750000 	 0.000000e+00 0.000000e+00 0.000000e+00 	 0.000000e+00 0.000000e+00 0.000000e+00 	 0.000000e+00 0.000000e+00 0.000000e+00 	 0
14.250000 	 0.000000e+00 0.000000e+00 0.000000e+00 	 0.000000e+00 0.000000e+00 0.000000e+00 	 0.000000e+00 0.000000e+00 0.000000e+00 	 0
14.750000 	 0.000000e+00 0.000000e+00 0.000000e+00 	 0.000000e+00 0.000000e+00 0.000000e+00 	 0.000000e+00 0.000000e+00 0.000000e+00 	 0
