# 1  2-4    5-7    8-10   11     
# x  dirEF  recEF  sumEF  #Sample
0.250000 	 0.000000e+00 0.000000e+00 0.000000e+00 	 0.000000e+00 0.000000e+00 0.000000e+00 	 0.000000e+00 0.000000e+00 0.000000e+00 	 0
0.750000 	 0.000000e+00 0.000000e+00 0.000000e+00 	 0.000000e+00 0.000000e+00 0.000000e+00 	 0.000000e+00 0.000000e+00 0.000000e+00 	 0
1.250000 	 0.000000e+00 0.000000e+00 0.000000e+00 	 0.000000e+00 0.000000e+00 0.000000e+00 	 0.000000e+00 0.000000e+00 0.000000e+00 	 0
1.750000 	 0.000000e+00 0.000000e+00 0.000000e+00 	 0.000000e+00 0.000000e+00 0.000000e+00 	 0.000000e+00 0.000000e+00 0.000000e+00 	 0
2.250000 	 0.000000e+00 0.000000e+00 0.000000e+00 	 0.000000e+00 0.000000e+00 0.000000e+00 	 0.000000e+00 0.000000e+00 0.000000e+00 	 0
2.750000 	 0.000000e+00 0.000000e+00 0.000000e+00 	 0.000000e+00 0.000000e+00 0.000000e+00 	 0.000000e+00 0.000000e+00 0.000000e+00 	 0
3.250000 	 4.292519e-06 2.894514e-06 -3.289100e-06 	 2.116350e-05 -1.198454e-05 -4.485636e-06 	 2.545601e-05 -9.090030e-06 -7.774735e-06 	 22
3.750000 	 -4.732250e-07 -3.017977e-11 1.888483e-07 	 -2.204635e-07 -2.093857e-07 1.342369e-06 	 -6.936885e-07 -2.094159e-07 1.531217e-06 	 593
4.250000 	 9.457656e-07 2.999218e-07 8.352629e-07 	 -1.288623e-06 4.809100e-07 -3.233760e-06 	 -3.428577e-07 7.808318e-07 -2.398497e-06 	 877
4.750000 	 4.190529e-08 2.331649e-07 2.984421e-08 	 1.465689e-06 -1.547380e-08 -4.364655e-07 	 1.507594e-06 2.176911e-07 -4.066213e-07 	 904
5.250000 	 2.714535e-07 -1.248336e-06 2.086256e-07 	 2.580626e-06 -2.133491e-06 1.464168e-06 	 2.852080e-06 -3.381828e-06 1.672794e-06 	 905
5.750000 	 9.982165e-07 -2.547712e-06 6.980757e-07 	 -3.172163e-06 6.896120e-07 -1.263800e-06 	 -2.173946e-06 -1.858100e-06 -5.657239e-07 	 902
6.250000 	 -1.357126e-06 1.286690e-06 -3.845965e-07 	 -1.295363e-06 -2.253851e-06 6.742245e-07 	 -2.652489e-06 -9.671606e-07 2.896280e-07 	 894
6.750000 	 -2.447715e-06 4.344323e-07 -1.094169e-07 	 2.567014e-07 7.474544e-07 1.099492e-06 	 -2.191014e-06 1.181887e-06 9.900755e-07 	 907
7.250000 	 1.375950e-06 3.349234e-07 -4.308004e-07 	 -1.496360e-06 -1.194451e-06 1.387528e-06 	 -1.204101e-07 -8.595276e-07 9.567280e-07 	 908
7.750000 	 -2.701265e-06 -4.494698e-07 3.362533e-07 	 3.007445e-06 2.138909e-06 -4.703833e-07 	 3.061795e-07 1.689439e-06 -1.341300e-07 	 917
8.250000 	 7.669736e-07 -1.137046e-06 1.106029e-07 	 6.273428e-07 6.329569e-07 -9.503933e-07 	 1.394316e-06 -5.040891e-07 -8.397903e-07 	 941
8.750000 	 2.235568e-06 -1.350561e-07 -3.643138e-07 	 -2.701655e-06 2.012090e-06 -2.727668e-06 	 -4.660870e-07 1.877034e-06 -3.091982e-06 	 892
9.250000 	 -2.360482e-06 1.855701e-06 1.827693e-06 	 -2.342408e-06 -1.188439e-06 2.728588e-06 	 -4.702890e-06 6.672616e-07 4.556281e-06 	 890
9.750000 	 -9.018238e-07 1.080452e-07 -1.426757e-06 	 -3.398709e-06 1.188113e-06 2.285483e-06 	 -4.300533e-06 1.296158e-06 8.587257e-07 	 907
10.250000 	 5.062142e-07 -7.888946e-07 3.979272e-07 	 1.670247e-07 -3.663993e-06 -5.104702e-07 	 6.732389e-07 -4.452888e-06 -1.125430e-07 	 900
10.750000 	 -6.840327e-07 4.217587e-07 1.252556e-06 	 -2.748712e-06 1.091754e-06 1.294271e-06 	 -3.432744e-06 1.513513e-06 2.546827e-06 	 905
11.250000 	 1.139297e-06 3.023465e-07 -1.331600e-06 	 -1.511141e-06 -1.116386e-06 -5.307178e-07 	 -3.718445e-07 -8.140398e-07 -1.862317e-06 	 534
11.750000 	 -9.495149e-06 7.880313e-06 4.906550e-07 	 1.139151e-05 -8.501891e-06 -2.822547e-06 	 1.896366e-06 -6.215780e-07 -2.331892e-06 	 26
12.250000 	 0.000000e+00 0.000000e+00 0.000000e+00 	 0.000000e+00 0.000000e+00 0.000000e+00 	 0.000000e+00 0.000000e+00 0.000000e+00 	 0
12.750000 	 0.000000e+00 0.000000e+00 0.000000e+00 	 0.000000e+00 0.000000e+00 0.000000e+00 	 0.000000e+00 0.000000e+00 0.000000e+00 	 0
13.250000 	 0.000000e+00 0.000000e+00 0.000000e+00 	 0.000000e+00 0.000000e+00 0.000000e+00 	 0.000000e+00 0.000000e+00 0.000000e+00 	 0
13.750000 	 0.000000e+00 0.000000e+00 0.000000e+00 	 0.000000e+00 0.000000e+00 0.000000e+00 	 0.000000e+00 0.000000e+00 0.000000e+00 	 0
14.250000 	 0.000000e+00 0.000000e+00 0.000000e+00 	 0.000000e+00 0.000000e+00 0.000000e+00 	 0.000000e+00 0.000000e+00 0.000000e+00 	 0
14.750000 	 0.000000e+00 0.000000e+00 0.000000e+00 	 0.000000e+00 0.000000e+00 0.000000e+00 	 0.000000e+00 0.000000e+00 0.000000e+00 	 0
