# 1  2-4    5-7    8-10   11     
# x  dirEF  recEF  sumEF  #Sample
0.250000 	 0.000000e+00 0.000000e+00 0.000000e+00 	 0.000000e+00 0.000000e+00 0.000000e+00 	 0.000000e+00 0.000000e+00 0.000000e+00 	 0
0.750000 	 0.000000e+00 0.000000e+00 0.000000e+00 	 1.141457e-06 1.261468e-05 -1.831908e-05 	 1.141457e-06 1.261468e-05 -1.831908e-05 	 1
1.250000 	 0.000000e+00 0.000000e+00 0.000000e+00 	 0.000000e+00 0.000000e+00 0.000000e+00 	 0.000000e+00 0.000000e+00 0.000000e+00 	 0
1.750000 	 0.000000e+00 0.000000e+00 0.000000e+00 	 0.000000e+00 0.000000e+00 0.000000e+00 	 0.000000e+00 0.000000e+00 0.000000e+00 	 0
2.250000 	 0.000000e+00 0.000000e+00 0.000000e+00 	 0.000000e+00 0.000000e+00 0.000000e+00 	 0.000000e+00 0.000000e+00 0.000000e+00 	 0
2.750000 	 0.000000e+00 0.000000e+00 0.000000e+00 	 0.000000e+00 0.000000e+00 0.000000e+00 	 0.000000e+00 0.000000e+00 0.000000e+00 	 0
3.250000 	 4.726856e-06 8.059640e-06 -7.138627e-07 	 8.052897e-07 -1.668512e-06 -1.007917e-06 	 5.532146e-06 6.391127e-06 -1.721779e-06 	 48
3.750000 	 -8.417080e-07 -4.517973e-07 -1.745683e-06 	 3.489993e-06 7.401178e-07 -2.025913e-07 	 2.648285e-06 2.883205e-07 -1.948274e-06 	 592
4.250000 	 -1.556320e-06 -1.666356e-07 3.154657e-06 	 -3.421482e-07 -2.451344e-07 1.608361e-07 	 -1.898468e-06 -4.117701e-07 3.315493e-06 	 871
4.750000 	 8.283221e-07 -9.378968e-07 -4.872061e-07 	 3.633785e-07 -2.210221e-07 5.931618e-07 	 1.191701e-06 -1.158919e-06 1.059556e-07 	 896
5.250000 	 9.664046e-07 1.260865e-06 -6.257159e-07 	 2.331834e-07 -7.716699e-08 -2.129738e-07 	 1.199588e-06 1.183698e-06 -8.386897e-07 	 882
5.750000 	 1.316688e-06 -1.243536e-06 -6.437623e-07 	 -1.171035e-06 -6.192072e-07 -1.584429e-07 	 1.456527e-07 -1.862743e-06 -8.022052e-07 	 907
6.250000 	 1.514298e-06 -3.211733e-07 1.654135e-07 	 1.195603e-06 -7.031559e-07 -7.035814e-07 	 2.709901e-06 -1.024329e-06 -5.381679e-07 	 915
6.750000 	 2.656015e-06 7.849955e-07 7.853597e-07 	 2.453363e-06 -1.529672e-07 5.398283e-07 	 5.109378e-06 6.320283e-07 1.325188e-06 	 917
7.250000 	 -1.422596e-06 -1.314177e-06 -2.460709e-06 	 -2.522019e-06 -1.018113e-07 1.097672e-07 	 -3.944615e-06 -1.415988e-06 -2.350942e-06 	 890
7.750000 	 -3.170858e-07 1.104103e-06 1.434892e-07 	 -9.137404e-07 1.024596e-07 5.000253e-07 	 -1.230826e-06 1.206562e-06 6.435145e-07 	 921
8.250000 	 -1.246443e-06 -1.055024e-06 1.538621e-06 	 1.378777e-06 1.291485e-07 3.647913e-08 	 1.323342e-07 -9.258752e-07 1.575100e-06 	 881
8.750000 	 -2.777452e-07 -1.862530e-07 4.585813e-07 	 -9.873595e-07 3.105573e-07 2.703902e-07 	 -1.265105e-06 1.243042e-07 7.289715e-07 	 920
9.250000 	 -1.135177e-06 1.540534e-06 1.451525e-07 	 3.980946e-07 -1.768793e-07 4.186643e-07 	 -7.370825e-07 1.363655e-06 5.638168e-07 	 912
9.750000 	 1.040935e-07 -9.537838e-07 -1.132857e-07 	 -4.168471e-07 2.593649e-07 5.013513e-07 	 -3.127536e-07 -6.944189e-07 3.880656e-07 	 894
10.250000 	 -7.129897e-07 -1.478646e-06 -1.427757e-06 	 -1.210299e-06 -3.528204e-07 8.196000e-08 	 -1.923288e-06 -1.831466e-06 -1.345797e-06 	 926
10.750000 	 1.039723e-06 7.484435e-07 6.864811e-07 	 1.822989e-06 1.531197e-07 6.500965e-07 	 2.862712e-06 9.015632e-07 1.336578e-06 	 879
11.250000 	 -1.037294e-06 -3.035573e-08 1.658564e-06 	 -3.673434e-06 -8.706444e-07 5.947450e-07 	 -4.710728e-06 -9.010002e-07 2.253309e-06 	 537
11.750000 	 -5.875201e-06 6.404271e-06 -8.471275e-07 	 2.416370e-06 -3.669303e-06 2.563673e-06 	 -3.458831e-06 2.734968e-06 1.716546e-06 	 34
12.250000 	 0.000000e+00 0.000000e+00 0.000000e+00 	 0.000000e+00 0.000000e+00 0.000000e+00 	 0.000000e+00 0.000000e+00 0.000000e+00 	 0
12.750000 	 0.000000e+00 0.000000e+00 0.000000e+00 	 0.000000e+00 0.000000e+00 0.000000e+00 	 0.000000e+00 0.000000e+00 0.000000e+00 	 0
13.250000 	 0.000000e+00 0.000000e+00 0.000000e+00 	 0.000000e+00 0.000000e+00 0.000000e+00 	 0.000000e+00 0.000000e+00 0.000000e+00 	 0
13.750000 	 0.000000e+00 0.000000e+00 0.000000e+00 	 0.000000e+00 0.000000e+00 0.000000e+00 	 0.000000e+00 0.000000e+00 0.000000e+00 	 0
14.250000 	 0.000000e+00 0.000000e+00 0.000000e+00 	 0.000000e+00 0.000000e+00 0.000000e+00 	 0.000000e+00 0.000000e+00 0.000000e+00 	 0
14.750000 	 0.000000e+00 0.000000e+00 0.000000e+00 	 2.735807e-06 1.404051e-05 -1.181368e-05 	 2.735807e-06 1.404051e-05 -1.181368e-05 	 1
