# 1  2-4    5-7    8-10   11     
# x  dirEF  recEF  sumEF  #Sample
0.250000 	 0.000000e+00 0.000000e+00 0.000000e+00 	 0.000000e+00 0.000000e+00 0.000000e+00 	 0.000000e+00 0.000000e+00 0.000000e+00 	 0
0.750000 	 0.000000e+00 0.000000e+00 0.000000e+00 	 0.000000e+00 0.000000e+00 0.000000e+00 	 0.000000e+00 0.000000e+00 0.000000e+00 	 0
1.250000 	 0.000000e+00 0.000000e+00 0.000000e+00 	 0.000000e+00 0.000000e+00 0.000000e+00 	 0.000000e+00 0.000000e+00 0.000000e+00 	 0
1.750000 	 0.000000e+00 0.000000e+00 0.000000e+00 	 0.000000e+00 0.000000e+00 0.000000e+00 	 0.000000e+00 0.000000e+00 0.000000e+00 	 0
2.250000 	 0.000000e+00 0.000000e+00 0.000000e+00 	 0.000000e+00 0.000000e+00 0.000000e+00 	 0.000000e+00 0.000000e+00 0.000000e+00 	 0
2.750000 	 0.000000e+00 0.000000e+00 0.000000e+00 	 0.000000e+00 0.000000e+00 0.000000e+00 	 0.000000e+00 0.000000e+00 0.000000e+00 	 0
3.250000 	 -2.172630e-06 -2.266046e-06 9.390473e-06 	 -3.474831e-06 -1.303887e-06 1.102968e-07 	 -5.647461e-06 -3.569933e-06 9.500770e-06 	 17
3.750000 	 5.370609e-07 1.130616e-06 1.411235e-06 	 2.749771e-06 -6.122617e-07 9.750339e-08 	 3.286832e-06 5.183542e-07 1.508738e-06 	 596
4.250000 	 -6.386287e-07 2.165209e-06 -1.835713e-06 	 -1.437638e-06 -8.324151e-07 -1.997537e-07 	 -2.076266e-06 1.332794e-06 -2.035467e-06 	 886
4.750000 	 5.720751e-07 1.701520e-07 -7.901788e-08 	 2.778500e-06 -9.687110e-07 -5.060574e-07 	 3.350575e-06 -7.985590e-07 -5.850753e-07 	 907
5.250000 	 -1.385390e-06 2.673469e-07 9.152692e-07 	 -1.741933e-06 -1.703268e-07 -8.566404e-07 	 -3.127323e-06 9.702012e-08 5.862887e-08 	 892
5.750000 	 5.111795e-07 -3.605786e-07 -1.319565e-06 	 5.785053e-08 1.811397e-07 -5.380272e-07 	 5.690301e-07 -1.794389e-07 -1.857592e-06 	 900
6.250000 	 1.119095e-06 -4.686033e-07 -1.949762e-06 	 1.242819e-06 -2.759182e-08 -7.734097e-07 	 2.361914e-06 -4.961952e-07 -2.723172e-06 	 915
6.750000 	 2.690979e-07 -4.270221e-07 1.662917e-07 	 -1.827752e-06 -5.945899e-07 7.175138e-07 	 -1.558654e-06 -1.021612e-06 8.838055e-07 	 910
7.250000 	 -1.443738e-07 -9.070820e-07 -8.315186e-07 	 -6.751838e-07 -6.399745e-07 8.196287e-07 	 -8.195576e-07 -1.547057e-06 -1.188994e-08 	 917
7.750000 	 -8.424860e-07 -1.347927e-06 9.315887e-07 	 4.105374e-06 1.345718e-06 -5.513454e-07 	 3.262888e-06 -2.209307e-09 3.802433e-07 	 895
8.250000 	 -8.413611e-07 2.610830e-07 -6.140844e-09 	 -1.260017e-06 1.460207e-06 -1.013763e-06 	 -2.101378e-06 1.721290e-06 -1.019904e-06 	 912
8.750000 	 -1.419707e-06 -3.928368e-07 -1.146891e-06 	 -6.059372e-07 1.116082e-06 -5.847130e-07 	 -2.025644e-06 7.232456e-07 -1.731604e-06 	 894
9.250000 	 8.830004e-07 1.104600e-06 1.567886e-07 	 1.150814e-07 -1.175032e-06 -1.833993e-07 	 9.980818e-07 -7.043164e-08 -2.661065e-08 	 905
9.750000 	 6.645780e-07 8.191066e-07 -6.120428e-07 	 -1.094586e-06 -9.916177e-08 4.150300e-07 	 -4.300081e-07 7.199449e-07 -1.970128e-07 	 896
10.250000 	 -4.037054e-07 -4.355001e-07 6.581221e-07 	 4.026125e-07 -1.181027e-07 5.731939e-08 	 -1.092940e-09 -5.536029e-07 7.154415e-07 	 906
10.750000 	 1.909782e-07 -8.784936e-07 -9.580989e-07 	 -5.224659e-07 2.621163e-07 -1.077959e-06 	 -3.314878e-07 -6.163773e-07 -2.036058e-06 	 905
11.250000 	 2.101171e-07 1.490829e-06 1.648028e-06 	 -1.567553e-06 1.530305e-06 4.903007e-08 	 -1.357436e-06 3.021133e-06 1.697058e-06 	 548
11.750000 	 4.246934e-06 -9.956100e-07 6.398818e-07 	 1.134254e-05 -3.905901e-07 -4.284296e-06 	 1.558947e-05 -1.386200e-06 -3.644414e-06 	 23
12.250000 	 0.000000e+00 0.000000e+00 0.000000e+00 	 0.000000e+00 0.000000e+00 0.000000e+00 	 0.000000e+00 0.000000e+00 0.000000e+00 	 0
12.750000 	 0.000000e+00 0.000000e+00 0.000000e+00 	 0.000000e+00 0.000000e+00 0.000000e+00 	 0.000000e+00 0.000000e+00 0.000000e+00 	 0
13.250000 	 0.000000e+00 0.000000e+00 0.000000e+00 	 0.000000e+00 0.000000e+00 0.000000e+00 	 0.000000e+00 0.000000e+00 0.000000e+00 	 0
13.750000 	 0.000000e+00 0.000000e+00 0.000000e+00 	 0.000000e+00 0.000000e+00 0.000000e+00 	 0.000000e+00 0.000000e+00 0.000000e+00 	 0
14.250000 	 0.000000e+00 0.000000e+00 0.000000e+00 	 0.000000e+00 0.000000e+00 0.000000e+00 	 0.000000e+00 0.000000e+00 0.000000e+00 	 0
14.750000 	 0.000000e+00 0.000000e+00 0.000000e+00 	 0.000000e+00 0.000000e+00 0.000000e+00 	 0.000000e+00 0.000000e+00 0.000000e+00 	 0
