# 1  2-4    5-7    8-10   11     
# x  dirEF  recEF  sumEF  #Sample
0.250000 	 0.000000e+00 0.000000e+00 0.000000e+00 	 0.000000e+00 0.000000e+00 0.000000e+00 	 0.000000e+00 0.000000e+00 0.000000e+00 	 0
0.750000 	 0.000000e+00 0.000000e+00 0.000000e+00 	 0.000000e+00 0.000000e+00 0.000000e+00 	 0.000000e+00 0.000000e+00 0.000000e+00 	 0
1.250000 	 0.000000e+00 0.000000e+00 0.000000e+00 	 0.000000e+00 0.000000e+00 0.000000e+00 	 0.000000e+00 0.000000e+00 0.000000e+00 	 0
1.750000 	 0.000000e+00 0.000000e+00 0.000000e+00 	 0.000000e+00 0.000000e+00 0.000000e+00 	 0.000000e+00 0.000000e+00 0.000000e+00 	 0
2.250000 	 0.000000e+00 0.000000e+00 0.000000e+00 	 0.000000e+00 0.000000e+00 0.000000e+00 	 0.000000e+00 0.000000e+00 0.000000e+00 	 0
2.750000 	 0.000000e+00 0.000000e+00 0.000000e+00 	 0.000000e+00 0.000000e+00 0.000000e+00 	 0.000000e+00 0.000000e+00 0.000000e+00 	 0
3.250000 	 5.771910e-07 4.642044e-06 9.393985e-07 	 4.301331e-07 -1.158015e-06 -1.642452e-06 	 1.007324e-06 3.484029e-06 -7.030537e-07 	 34
3.750000 	 1.906102e-06 -9.597054e-07 -2.056853e-06 	 1.444661e-07 1.294758e-07 1.896145e-07 	 2.050569e-06 -8.302296e-07 -1.867239e-06 	 580
4.250000 	 9.446337e-07 -1.880611e-07 4.478602e-07 	 3.852648e-07 -8.298089e-08 -2.180022e-07 	 1.329899e-06 -2.710420e-07 2.298580e-07 	 905
4.750000 	 -9.134039e-07 9.491351e-07 9.136283e-07 	 -1.964486e-07 3.077451e-08 1.307803e-07 	 -1.109853e-06 9.799096e-07 1.044409e-06 	 902
5.250000 	 1.157396e-07 -6.359673e-07 2.009732e-06 	 3.557261e-07 9.125213e-09 4.013847e-09 	 4.714657e-07 -6.268421e-07 2.013746e-06 	 907
5.750000 	 5.547956e-07 1.575193e-06 -7.378339e-07 	 -3.783398e-07 -6.386659e-08 -2.075702e-08 	 1.764558e-07 1.511326e-06 -7.585909e-07 	 897
6.250000 	 -2.386587e-07 -1.487469e-06 3.625073e-07 	 1.216548e-08 2.887165e-08 -2.077353e-08 	 -2.264932e-07 -1.458597e-06 3.417338e-07 	 881
6.750000 	 -1.179410e-06 3.319282e-06 3.815690e-07 	 1.572776e-07 7.272523e-08 1.119772e-07 	 -1.022133e-06 3.392007e-06 4.935463e-07 	 905
7.250000 	 -1.075303e-06 -1.534916e-06 3.048571e-07 	 -3.301386e-07 -1.015412e-07 1.077380e-07 	 -1.405441e-06 -1.636457e-06 4.125951e-07 	 899
7.750000 	 -3.193936e-08 -2.710042e-07 -2.572967e-06 	 2.566451e-07 -9.676427e-08 -9.670858e-08 	 2.247057e-07 -3.677684e-07 -2.669675e-06 	 909
8.250000 	 5.400738e-07 1.614148e-07 2.727499e-06 	 2.005820e-08 1.130855e-07 2.795560e-08 	 5.601320e-07 2.745003e-07 2.755455e-06 	 908
8.750000 	 2.314681e-06 -3.807210e-07 2.265146e-07 	 -1.959040e-07 1.092841e-07 -9.335416e-08 	 2.118777e-06 -2.714370e-07 1.331604e-07 	 886
9.250000 	 -5.314906e-07 1.514435e-06 2.535943e-07 	 1.665838e-07 -4.545761e-08 8.234823e-08 	 -3.649068e-07 1.468978e-06 3.359425e-07 	 921
9.750000 	 -9.838080e-07 2.374808e-07 -6.258961e-08 	 -8.996585e-08 4.471362e-08 6.723026e-09 	 -1.073774e-06 2.821944e-07 -5.586658e-08 	 913
10.250000 	 6.529718e-07 -5.775137e-07 -4.109737e-07 	 1.396691e-07 1.873964e-08 -4.520351e-08 	 7.926409e-07 -5.587740e-07 -4.561772e-07 	 921
10.750000 	 9.711872e-07 3.685309e-07 1.027218e-06 	 -4.741085e-07 1.102906e-07 1.567881e-07 	 4.970787e-07 4.788215e-07 1.184006e-06 	 881
11.250000 	 2.820542e-07 -1.263351e-06 -2.175440e-06 	 -2.084363e-08 1.014349e-08 -1.677192e-07 	 2.612106e-07 -1.253208e-06 -2.343159e-06 	 544
11.750000 	 -1.364776e-06 -8.191170e-06 8.961329e-06 	 5.660260e-07 1.042943e-06 4.762423e-07 	 -7.987501e-07 -7.148227e-06 9.437572e-06 	 31
12.250000 	 0.000000e+00 0.000000e+00 0.000000e+00 	 0.000000e+00 0.000000e+00 0.000000e+00 	 0.000000e+00 0.000000e+00 0.000000e+00 	 0
12.750000 	 0.000000e+00 0.000000e+00 0.000000e+00 	 0.000000e+00 0.000000e+00 0.000000e+00 	 0.000000e+00 0.000000e+00 0.000000e+00 	 0
13.250000 	 0.000000e+00 0.000000e+00 0.000000e+00 	 0.000000e+00 0.000000e+00 0.000000e+00 	 0.000000e+00 0.000000e+00 0.000000e+00 	 0
13.750000 	 0.000000e+00 0.000000e+00 0.000000e+00 	 0.000000e+00 0.000000e+00 0.000000e+00 	 0.000000e+00 0.000000e+00 0.000000e+00 	 0
14.250000 	 0.000000e+00 0.000000e+00 0.000000e+00 	 0.000000e+00 0.000000e+00 0.000000e+00 	 0.000000e+00 0.000000e+00 0.000000e+00 	 0
14.750000 	 0.000000e+00 0.000000e+00 0.000000e+00 	 0.000000e+00 0.000000e+00 0.000000e+00 	 0.000000e+00 0.000000e+00 0.000000e+00 	 0
