# 1  2-4    5-7    8-10   11     
# x  dirEF  recEF  sumEF  #Sample
0.250000 	 0.000000e+00 0.000000e+00 0.000000e+00 	 0.000000e+00 0.000000e+00 0.000000e+00 	 0.000000e+00 0.000000e+00 0.000000e+00 	 0
0.750000 	 0.000000e+00 0.000000e+00 0.000000e+00 	 0.000000e+00 0.000000e+00 0.000000e+00 	 0.000000e+00 0.000000e+00 0.000000e+00 	 0
1.250000 	 0.000000e+00 0.000000e+00 0.000000e+00 	 0.000000e+00 0.000000e+00 0.000000e+00 	 0.000000e+00 0.000000e+00 0.000000e+00 	 0
1.750000 	 0.000000e+00 0.000000e+00 0.000000e+00 	 0.000000e+00 0.000000e+00 0.000000e+00 	 0.000000e+00 0.000000e+00 0.000000e+00 	 0
2.250000 	 0.000000e+00 0.000000e+00 0.000000e+00 	 0.000000e+00 0.000000e+00 0.000000e+00 	 0.000000e+00 0.000000e+00 0.000000e+00 	 0
2.750000 	 0.000000e+00 0.000000e+00 0.000000e+00 	 0.000000e+00 0.000000e+00 0.000000e+00 	 0.000000e+00 0.000000e+00 0.000000e+00 	 0
3.250000 	 -1.593224e-07 9.584802e-07 9.651534e-06 	 1.822411e-05 2.994152e-06 9.654564e-06 	 1.806479e-05 3.952632e-06 1.930610e-05 	 18
3.750000 	 1.022943e-06 8.391827e-07 -4.790595e-08 	 3.327081e-06 -1.476151e-06 2.479237e-06 	 4.350024e-06 -6.369680e-07 2.431331e-06 	 581
4.250000 	 -3.378063e-06 -3.815701e-07 3.133273e-07 	 -4.543581e-06 9.568346e-07 -2.032525e-06 	 -7.921644e-06 5.752644e-07 -1.719198e-06 	 891
4.750000 	 1.946297e-06 5.334894e-07 -4.219456e-07 	 2.589850e-06 -4.098250e-07 2.046818e-07 	 4.536146e-06 1.236644e-07 -2.172638e-07 	 906
5.250000 	 2.330161e-06 8.910913e-08 2.200498e-06 	 -2.542925e-06 -2.240886e-06 -9.488047e-07 	 -2.127642e-07 -2.151777e-06 1.251693e-06 	 912
5.750000 	 -1.692208e-06 -2.641545e-07 1.675457e-07 	 1.889088e-06 4.256432e-07 4.368545e-06 	 1.968804e-07 1.614888e-07 4.536091e-06 	 902
6.250000 	 -1.659237e-06 6.560904e-07 -1.362750e-06 	 1.408208e-07 -3.031399e-06 -1.773451e-07 	 -1.518416e-06 -2.375308e-06 -1.540095e-06 	 894
6.750000 	 7.730571e-07 3.039125e-07 -1.634340e-06 	 8.204296e-07 -8.226524e-07 -6.333252e-08 	 1.593487e-06 -5.187400e-07 -1.697673e-06 	 922
7.250000 	 3.768056e-07 2.133079e-06 6.015843e-07 	 -1.458809e-06 4.579037e-06 -8.435552e-07 	 -1.082003e-06 6.712116e-06 -2.419709e-07 	 899
7.750000 	 -8.301987e-08 3.756413e-07 9.722703e-07 	 -7.773621e-07 -1.791784e-06 1.553269e-06 	 -8.603820e-07 -1.416143e-06 2.525540e-06 	 907
8.250000 	 -7.004753e-07 -9.836563e-07 -1.294298e-06 	 -4.156435e-07 2.738657e-07 5.402497e-07 	 -1.116119e-06 -7.097906e-07 -7.540483e-07 	 894
8.750000 	 1.961965e-06 -1.217463e-06 1.496806e-07 	 4.460364e-07 -4.742997e-07 9.962724e-07 	 2.408001e-06 -1.691763e-06 1.145953e-06 	 923
9.250000 	 -1.385745e-06 5.121359e-07 1.399776e-07 	 -4.805598e-06 1.904546e-06 3.372446e-06 	 -6.191343e-06 2.416682e-06 3.512423e-06 	 898
9.750000 	 5.182569e-08 1.352448e-06 5.473214e-07 	 2.310047e-06 -2.046892e-06 -2.128018e-06 	 2.361873e-06 -6.944438e-07 -1.580697e-06 	 885
10.250000 	 1.230311e-06 3.597123e-07 -1.680495e-06 	 -2.594428e-06 9.927961e-07 2.721529e-06 	 -1.364117e-06 1.352508e-06 1.041034e-06 	 931
10.750000 	 1.315356e-06 3.280376e-07 2.340156e-06 	 5.728930e-07 -6.752190e-07 1.049625e-06 	 1.888249e-06 -3.471814e-07 3.389781e-06 	 903
11.250000 	 9.271559e-07 -8.676172e-07 -6.667556e-07 	 1.240573e-06 -3.766474e-06 4.012800e-06 	 2.167729e-06 -4.634092e-06 3.346045e-06 	 538
11.750000 	 -1.341634e-05 2.067627e-07 1.954738e-06 	 -9.054441e-06 -1.498339e-06 1.637483e-07 	 -2.247078e-05 -1.291576e-06 2.118486e-06 	 20
12.250000 	 0.000000e+00 0.000000e+00 0.000000e+00 	 0.000000e+00 0.000000e+00 0.000000e+00 	 0.000000e+00 0.000000e+00 0.000000e+00 	 0
12.750000 	 0.000000e+00 0.000000e+00 0.000000e+00 	 0.000000e+00 0.000000e+00 0.000000e+00 	 0.000000e+00 0.000000e+00 0.000000e+00 	 0
13.250000 	 0.000000e+00 0.000000e+00 0.000000e+00 	 0.000000e+00 0.000000e+00 0.000000e+00 	 0.000000e+00 0.000000e+00 0.000000e+00 	 0
13.750000 	 0.000000e+00 0.000000e+00 0.000000e+00 	 0.000000e+00 0.000000e+00 0.000000e+00 	 0.000000e+00 0.000000e+00 0.000000e+00 	 0
14.250000 	 0.000000e+00 0.000000e+00 0.000000e+00 	 0.000000e+00 0.000000e+00 0.000000e+00 	 0.000000e+00 0.000000e+00 0.000000e+00 	 0
14.750000 	 0.000000e+00 0.000000e+00 0.000000e+00 	 0.000000e+00 0.000000e+00 0.000000e+00 	 0.000000e+00 0.000000e+00 0.000000e+00 	 0
