# 1  2-4    5-7    8-10   11     
# x  sumEF  dirEF  recEF  #Sample
0.250000 	 0.000000e+00 0.000000e+00 0.000000e+00 	 0.000000e+00 0.000000e+00 0.000000e+00 	 0.000000e+00 0.000000e+00 0.000000e+00 	 0
0.750000 	 7.018543e-06 -1.492250e-06 -1.711426e-05 	 0.000000e+00 0.000000e+00 0.000000e+00 	 7.018543e-06 -1.492250e-06 -1.711426e-05 	 2
1.250000 	 0.000000e+00 0.000000e+00 0.000000e+00 	 0.000000e+00 0.000000e+00 0.000000e+00 	 0.000000e+00 0.000000e+00 0.000000e+00 	 0
1.750000 	 -1.909872e-05 3.230432e-06 3.546268e-06 	 1.788738e-10 3.943500e-13 -1.762145e-12 	 -1.909889e-05 3.230431e-06 3.546269e-06 	 2
2.250000 	 0.000000e+00 0.000000e+00 0.000000e+00 	 0.000000e+00 0.000000e+00 0.000000e+00 	 0.000000e+00 0.000000e+00 0.000000e+00 	 0
2.750000 	 -3.374190e-05 7.076744e-06 -2.197495e-05 	 -1.345827e-05 9.590005e-06 -6.937855e-06 	 -2.028363e-05 -2.513261e-06 -1.503709e-05 	 1
3.250000 	 -4.904281e-07 1.011229e-06 1.697199e-07 	 8.137915e-07 7.681379e-07 5.770650e-07 	 -1.304220e-06 2.430913e-07 -4.073451e-07 	 1495
3.750000 	 4.975272e-07 1.885830e-07 9.141954e-08 	 -1.894692e-07 1.996792e-07 4.072909e-09 	 6.869964e-07 -1.109619e-08 8.734663e-08 	 28507
4.250000 	 -2.035851e-07 -2.325236e-07 -2.688076e-08 	 -4.688180e-08 -2.038859e-07 8.237170e-08 	 -1.567032e-07 -2.863767e-08 -1.092525e-07 	 44709
4.750000 	 3.657788e-08 -1.318582e-07 4.523789e-08 	 2.362210e-08 -1.145756e-07 2.792197e-08 	 1.295589e-08 -1.728262e-08 1.731593e-08 	 45166
5.250000 	 4.580280e-07 -4.026577e-08 -1.867113e-07 	 3.984561e-07 -8.493104e-08 -1.293214e-07 	 5.957203e-08 4.466523e-08 -5.738985e-08 	 45329
5.750000 	 -1.946377e-07 -3.306530e-07 1.984818e-08 	 2.233933e-07 -1.211195e-07 -5.684417e-08 	 -4.180311e-07 -2.095336e-07 7.669241e-08 	 45291
6.250000 	 5.445514e-07 -1.910724e-08 -1.039235e-07 	 9.729495e-08 1.902736e-08 -5.521258e-09 	 4.472565e-07 -3.813465e-08 -9.840220e-08 	 45252
6.750000 	 -1.741864e-08 9.376642e-08 9.091442e-09 	 7.693313e-08 4.861215e-08 -2.947166e-08 	 -9.435172e-08 4.515428e-08 3.856311e-08 	 45367
7.250000 	 -3.270887e-07 -2.265305e-07 -7.520825e-08 	 -2.794901e-07 -2.893332e-07 -2.202328e-08 	 -4.759846e-08 6.280270e-08 -5.318498e-08 	 45320
7.750000 	 -1.856665e-07 2.067291e-07 1.942833e-07 	 -6.503158e-08 1.790136e-07 1.452714e-07 	 -1.206349e-07 2.771541e-08 4.901189e-08 	 45240
8.250000 	 -9.616589e-08 -5.874870e-08 -1.185169e-08 	 -1.853728e-07 -1.053539e-07 -2.537766e-08 	 8.920692e-08 4.660513e-08 1.352595e-08 	 45297
8.750000 	 4.042260e-07 2.231786e-08 -3.617103e-07 	 2.457036e-07 8.078576e-08 -2.557902e-07 	 1.585224e-07 -5.846795e-08 -1.059201e-07 	 45228
9.250000 	 1.068492e-07 9.157666e-08 2.031176e-07 	 3.566941e-07 1.147665e-07 7.235326e-08 	 -2.498448e-07 -2.318991e-08 1.307644e-07 	 45327
9.750000 	 -8.174861e-08 -2.059558e-07 2.849253e-08 	 -2.101351e-07 -2.032998e-07 2.150394e-08 	 1.283865e-07 -2.656064e-09 6.988646e-09 	 45133
10.250000 	 -6.759082e-08 -1.561940e-07 2.807164e-07 	 -3.822846e-07 -1.087852e-07 1.879545e-07 	 3.146936e-07 -4.740883e-08 9.276187e-08 	 45374
10.750000 	 -9.091699e-08 3.830882e-08 -3.715543e-08 	 5.826878e-08 3.964195e-08 1.387348e-08 	 -1.491858e-07 -1.333151e-09 -5.102889e-08 	 44670
11.250000 	 -5.313269e-07 7.534090e-08 -6.801036e-09 	 1.813575e-07 -1.318658e-08 -5.936382e-08 	 -7.126845e-07 8.852748e-08 5.256278e-08 	 26998
11.750000 	 1.080468e-06 -4.861599e-07 4.679752e-07 	 2.461295e-07 -7.944557e-07 9.839460e-07 	 8.343381e-07 3.082958e-07 -5.159709e-07 	 1483
12.250000 	 6.244339e-06 8.519005e-06 -1.399093e-06 	 -8.158990e-06 -8.572396e-06 1.427331e-05 	 1.440333e-05 1.709140e-05 -1.567241e-05 	 4
12.750000 	 -1.334570e-05 6.068285e-07 1.164377e-05 	 5.432041e-06 -1.497762e-06 2.178120e-06 	 -1.877774e-05 2.104591e-06 9.465653e-06 	 1
13.250000 	 1.639473e-05 -1.060468e-05 1.763552e-05 	 -1.443840e-07 -1.650071e-08 -2.897850e-08 	 1.653911e-05 -1.058818e-05 1.766450e-05 	 1
13.750000 	 -1.567049e-05 2.378794e-06 -5.647062e-07 	 0.000000e+00 0.000000e+00 0.000000e+00 	 -1.567049e-05 2.378794e-06 -5.647062e-07 	 1
14.250000 	 -1.405171e-05 1.755018e-06 -1.144716e-05 	 0.000000e+00 0.000000e+00 0.000000e+00 	 -1.405171e-05 1.755018e-06 -1.144716e-05 	 1
14.750000 	 2.735807e-06 1.404051e-05 -1.181368e-05 	 0.000000e+00 0.000000e+00 0.000000e+00 	 2.735807e-06 1.404051e-05 -1.181368e-05 	 1
