# 1  2-4    5-7    8-10   11     
# x  sumEF  dirEF  recEF  #Sample
0.250000 	 0.000000e+00 0.000000e+00 0.000000e+00 	 0.000000e+00 0.000000e+00 0.000000e+00 	 0.000000e+00 0.000000e+00 0.000000e+00 	 0
0.750000 	 1.428836e-06 -1.437505e-07 1.690770e-07 	 0.000000e+00 1.776357e-15 0.000000e+00 	 1.428836e-06 -1.437505e-07 1.690770e-07 	 2
1.250000 	 0.000000e+00 0.000000e+00 0.000000e+00 	 0.000000e+00 0.000000e+00 0.000000e+00 	 0.000000e+00 0.000000e+00 0.000000e+00 	 0
1.750000 	 -2.016410e-07 -1.544143e-06 -6.715215e-07 	 1.788738e-10 3.943500e-13 -1.762145e-12 	 -2.018200e-07 -1.544143e-06 -6.715198e-07 	 2
2.250000 	 0.000000e+00 0.000000e+00 0.000000e+00 	 0.000000e+00 0.000000e+00 0.000000e+00 	 0.000000e+00 0.000000e+00 0.000000e+00 	 0
2.750000 	 -1.135810e-05 1.032408e-05 -8.524958e-06 	 -1.345827e-05 9.590005e-06 -6.937855e-06 	 2.100171e-06 7.340726e-07 -1.587102e-06 	 1
3.250000 	 -1.005504e-06 8.030239e-07 2.471432e-07 	 8.137915e-07 7.681379e-07 5.770650e-07 	 -1.819296e-06 3.488597e-08 -3.299218e-07 	 1495
3.750000 	 2.379355e-07 2.780993e-07 3.814338e-07 	 -1.894692e-07 1.996792e-07 4.072909e-09 	 4.274047e-07 7.842010e-08 3.773608e-07 	 28507
4.250000 	 -4.837677e-08 -3.791420e-07 2.596009e-07 	 -4.700688e-08 -2.037695e-07 8.228109e-08 	 -1.369798e-09 -1.753725e-07 1.773198e-07 	 44709
4.750000 	 3.960293e-08 -1.376276e-07 -6.754877e-08 	 2.363515e-08 -1.146712e-07 2.781669e-08 	 1.596780e-08 -2.295643e-08 -9.536547e-08 	 45166
5.250000 	 3.773593e-07 -4.496606e-08 -2.986836e-07 	 3.985398e-07 -8.485595e-08 -1.293949e-07 	 -2.118052e-08 3.988988e-08 -1.692887e-07 	 45329
5.750000 	 1.951016e-07 -5.675910e-08 -6.818755e-08 	 2.234264e-07 -1.212452e-07 -5.670699e-08 	 -2.832478e-08 6.448608e-08 -1.148055e-08 	 45291
6.250000 	 1.492364e-07 2.093221e-07 4.707687e-08 	 9.725404e-08 1.893714e-08 -5.682377e-09 	 5.198237e-08 1.903850e-07 5.275924e-08 	 45252
6.750000 	 1.141492e-07 1.456318e-07 -7.968368e-08 	 7.690183e-08 4.904259e-08 -2.929501e-08 	 3.724744e-08 9.658922e-08 -5.038868e-08 	 45367
7.250000 	 -3.632777e-07 -1.128202e-07 1.829096e-07 	 -2.793701e-07 -2.894060e-07 -2.191318e-08 	 -8.390760e-08 1.765857e-07 2.048228e-07 	 45320
7.750000 	 -2.848785e-08 2.659622e-07 2.144508e-07 	 -6.501941e-08 1.790739e-07 1.452497e-07 	 3.653156e-08 8.688827e-08 6.920106e-08 	 45240
8.250000 	 -1.466176e-07 1.782620e-07 -1.525170e-07 	 -1.855459e-07 -1.055504e-07 -2.547286e-08 	 3.892826e-08 2.838125e-07 -1.270441e-07 	 45297
8.750000 	 1.923243e-07 2.371042e-07 -3.551625e-07 	 2.457618e-07 8.085207e-08 -2.559336e-07 	 -5.343753e-08 1.562521e-07 -9.922893e-08 	 45228
9.250000 	 3.693907e-07 1.316857e-07 -9.816476e-09 	 3.566416e-07 1.148655e-07 7.246278e-08 	 1.274917e-08 1.682014e-08 -8.227920e-08 	 45327
9.750000 	 -2.243760e-07 -3.720826e-07 1.794509e-08 	 -2.101351e-07 -2.032998e-07 2.150394e-08 	 -1.424089e-08 -1.687828e-07 -3.558743e-09 	 45133
10.250000 	 -4.201382e-07 -3.462276e-07 2.607482e-07 	 -3.821810e-07 -1.087852e-07 1.878032e-07 	 -3.795727e-08 -2.374425e-07 7.294503e-08 	 45374
10.750000 	 2.464398e-08 -1.187350e-07 -9.602734e-08 	 5.828936e-08 3.957410e-08 1.393792e-08 	 -3.364538e-08 -1.583090e-07 -1.099653e-07 	 44670
11.250000 	 -1.930025e-07 -1.833439e-07 6.911211e-08 	 1.814557e-07 -1.317132e-08 -5.924028e-08 	 -3.744582e-07 -1.701725e-07 1.283525e-07 	 26998
11.750000 	 2.126820e-06 -1.397612e-06 4.931724e-07 	 2.461295e-07 -7.944557e-07 9.839460e-07 	 1.880690e-06 -6.031559e-07 -4.907735e-07 	 1483
12.250000 	 -3.899695e-06 -1.633126e-05 1.574540e-05 	 -8.158990e-06 -8.572396e-06 1.427331e-05 	 4.259296e-06 -7.758865e-06 1.472091e-06 	 4
12.750000 	 6.900585e-06 -2.353578e-06 3.748849e-06 	 5.432041e-06 -1.497762e-06 2.178120e-06 	 1.468544e-06 -8.558161e-07 1.570729e-06 	 1
13.250000 	 -8.186107e-07 -5.850988e-07 1.034673e-06 	 -1.443840e-07 -1.650071e-08 -2.897850e-08 	 -6.742267e-07 -5.685981e-07 1.063651e-06 	 1
13.750000 	 -2.207261e-07 1.173568e-06 1.175002e-06 	 0.000000e+00 0.000000e+00 0.000000e+00 	 -2.207261e-07 1.173568e-06 1.175002e-06 	 1
14.250000 	 6.838194e-08 -1.530489e-06 -1.253430e-06 	 0.000000e+00 0.000000e+00 0.000000e+00 	 6.838194e-08 -1.530489e-06 -1.253430e-06 	 1
14.750000 	 -8.631384e-07 -1.388187e-06 -9.172979e-07 	 0.000000e+00 0.000000e+00 0.000000e+00 	 -8.631384e-07 -1.388187e-06 -9.172979e-07 	 1
