# 1  2-4    5-7    8-10   11     
# x  sumEF  dirEF  recEF  #Sample
0.250000 	 0.000000e+00 0.000000e+00 0.000000e+00 	 0.000000e+00 0.000000e+00 0.000000e+00 	 0.000000e+00 0.000000e+00 0.000000e+00 	 0
0.750000 	 8.364420e-12 -4.591882e-12 5.597300e-12 	 0.000000e+00 1.776357e-15 0.000000e+00 	 8.364946e-12 -4.593228e-12 5.598476e-12 	 2
1.250000 	 0.000000e+00 0.000000e+00 0.000000e+00 	 0.000000e+00 0.000000e+00 0.000000e+00 	 0.000000e+00 0.000000e+00 0.000000e+00 	 0
1.750000 	 1.048637e-10 1.072618e-10 1.061587e-10 	 1.788738e-10 3.943500e-13 -1.762145e-12 	 -7.401206e-11 1.068647e-10 1.079204e-10 	 2
2.250000 	 0.000000e+00 0.000000e+00 0.000000e+00 	 0.000000e+00 0.000000e+00 0.000000e+00 	 0.000000e+00 0.000000e+00 0.000000e+00 	 0
2.750000 	 -1.301368e-05 1.024090e-05 -7.023268e-06 	 -1.345827e-05 9.590005e-06 -6.937855e-06 	 4.445944e-07 6.508934e-07 -8.541298e-08 	 1
3.250000 	 -8.858515e-07 8.061988e-07 2.555416e-07 	 8.137915e-07 7.681379e-07 5.770650e-07 	 -1.699643e-06 3.806078e-08 -3.215235e-07 	 1495
3.750000 	 2.767422e-07 2.794624e-07 3.935433e-07 	 -1.894692e-07 1.996792e-07 4.072909e-09 	 4.662114e-07 7.978313e-08 3.894703e-07 	 28507
4.250000 	 -5.437326e-08 -3.788403e-07 2.632450e-07 	 -4.700688e-08 -2.037695e-07 8.228109e-08 	 -7.366319e-09 -1.750708e-07 1.809639e-07 	 44709
4.750000 	 4.157405e-08 -1.355979e-07 -7.642852e-08 	 2.363515e-08 -1.146712e-07 2.781669e-08 	 1.793891e-08 -2.092679e-08 -1.042452e-07 	 45166
5.250000 	 3.652103e-07 -4.459562e-08 -2.993790e-07 	 3.985398e-07 -8.485595e-08 -1.293949e-07 	 -3.332948e-08 4.026026e-08 -1.699841e-07 	 45329
5.750000 	 1.849080e-07 -5.857379e-08 -6.696346e-08 	 2.234264e-07 -1.212452e-07 -5.670699e-08 	 -3.851846e-08 6.267139e-08 -1.025637e-08 	 45291
6.250000 	 1.394837e-07 2.132079e-07 5.304788e-08 	 9.725404e-08 1.893714e-08 -5.682377e-09 	 4.222972e-08 1.942707e-07 5.873026e-08 	 45252
6.750000 	 1.060337e-07 1.448118e-07 -7.428744e-08 	 7.690183e-08 4.904259e-08 -2.929501e-08 	 2.913194e-08 9.576919e-08 -4.499244e-08 	 45367
7.250000 	 -3.694249e-07 -1.098417e-07 1.762079e-07 	 -2.793701e-07 -2.894060e-07 -2.191318e-08 	 -9.005474e-08 1.795642e-07 1.981212e-07 	 45320
7.750000 	 -2.160741e-08 2.630398e-07 2.210351e-07 	 -6.501941e-08 1.790739e-07 1.452497e-07 	 4.341192e-08 8.396595e-08 7.578536e-08 	 45240
8.250000 	 -1.395378e-07 1.728610e-07 -1.551872e-07 	 -1.855459e-07 -1.055504e-07 -2.547286e-08 	 4.600814e-08 2.784114e-07 -1.297144e-07 	 45297
8.750000 	 2.057775e-07 2.443291e-07 -3.552945e-07 	 2.457618e-07 8.085207e-08 -2.559336e-07 	 -3.998429e-08 1.634770e-07 -9.936086e-08 	 45228
9.250000 	 3.819141e-07 1.349441e-07 -8.444143e-09 	 3.566416e-07 1.148655e-07 7.246278e-08 	 2.527250e-08 2.007852e-08 -8.090687e-08 	 45327
9.750000 	 -2.134130e-07 -3.720063e-07 1.587699e-08 	 -2.101351e-07 -2.032998e-07 2.150394e-08 	 -3.277872e-09 -1.687065e-07 -5.626840e-09 	 45133
10.250000 	 -4.160490e-07 -3.412039e-07 2.665365e-07 	 -3.821810e-07 -1.087852e-07 1.878032e-07 	 -3.386801e-08 -2.324187e-07 7.873333e-08 	 45374
10.750000 	 3.189181e-08 -1.208346e-07 -1.005609e-07 	 5.828936e-08 3.957410e-08 1.393792e-08 	 -2.639754e-08 -1.604087e-07 -1.144989e-07 	 44670
11.250000 	 -2.114932e-07 -1.938500e-07 6.800636e-08 	 1.814557e-07 -1.317132e-08 -5.924028e-08 	 -3.929488e-07 -1.806786e-07 1.272466e-07 	 26998
11.750000 	 2.007182e-06 -1.383751e-06 5.083697e-07 	 2.461295e-07 -7.944557e-07 9.839460e-07 	 1.761052e-06 -5.892951e-07 -4.755764e-07 	 1483
12.250000 	 -4.232328e-06 -1.700702e-05 1.514657e-05 	 -8.158990e-06 -8.572396e-06 1.427331e-05 	 3.926664e-06 -8.434620e-06 8.732573e-07 	 4
12.750000 	 5.419429e-06 -1.495425e-06 2.181518e-06 	 5.432041e-06 -1.497762e-06 2.178120e-06 	 -1.261166e-08 2.336877e-09 3.398384e-09 	 1
13.250000 	 -1.438104e-07 -1.667036e-08 -2.878430e-08 	 -1.443840e-07 -1.650071e-08 -2.897850e-08 	 5.736405e-10 -1.696541e-10 1.941992e-10 	 1
13.750000 	 -2.193445e-11 4.212808e-11 -9.493295e-12 	 0.000000e+00 0.000000e+00 0.000000e+00 	 -2.193634e-11 4.212977e-11 -9.493236e-12 	 1
14.250000 	 1.383427e-11 1.023182e-12 1.055156e-12 	 0.000000e+00 0.000000e+00 0.000000e+00 	 1.383406e-11 1.022488e-12 1.053588e-12 	 1
14.750000 	 -8.171241e-12 -5.522693e-12 -1.755041e-12 	 0.000000e+00 0.000000e+00 0.000000e+00 	 -8.169743e-12 -5.524164e-12 -1.757646e-12 	 1
