# 1  2-4    5-7    8-10   11     
# x  sumEF  dirEF  recEF  #Sample
0.250000 	 0.000000e+00 0.000000e+00 0.000000e+00 	 0.000000e+00 0.000000e+00 0.000000e+00 	 0.000000e+00 0.000000e+00 0.000000e+00 	 0
0.750000 	 9.433567e-13 1.811884e-13 -4.440890e-15 	 0.000000e+00 0.000000e+00 0.000000e+00 	 9.399663e-13 1.798561e-13 -3.642920e-15 	 2
1.250000 	 0.000000e+00 0.000000e+00 0.000000e+00 	 0.000000e+00 0.000000e+00 0.000000e+00 	 0.000000e+00 0.000000e+00 0.000000e+00 	 0
1.750000 	 1.770797e-10 6.075155e-13 -1.747050e-12 	 1.788738e-10 3.943500e-13 -1.762145e-12 	 -1.794564e-12 2.154249e-13 1.447455e-14 	 2
2.250000 	 0.000000e+00 0.000000e+00 0.000000e+00 	 0.000000e+00 0.000000e+00 0.000000e+00 	 0.000000e+00 0.000000e+00 0.000000e+00 	 0
2.750000 	 -1.345827e-05 9.590005e-06 -6.937855e-06 	 -1.345827e-05 9.590005e-06 -6.937855e-06 	 8.268664e-13 -1.680045e-13 -2.579048e-13 	 1
3.250000 	 8.137916e-07 7.681379e-07 5.770650e-07 	 8.137915e-07 7.681379e-07 5.770650e-07 	 8.779654e-14 1.434985e-14 -3.303465e-14 	 1495
3.750000 	 -1.894692e-07 1.996792e-07 4.072895e-09 	 -1.894692e-07 1.996792e-07 4.072909e-09 	 2.844769e-14 3.944911e-16 -3.450391e-15 	 28507
4.250000 	 -4.688180e-08 -2.038859e-07 8.237170e-08 	 -4.688180e-08 -2.038859e-07 8.237170e-08 	 1.615171e-14 8.365776e-16 -5.641566e-15 	 44709
4.750000 	 2.362210e-08 -1.145756e-07 2.792199e-08 	 2.362210e-08 -1.145756e-07 2.792197e-08 	 1.031645e-14 6.137076e-15 6.010991e-15 	 45166
5.250000 	 3.984560e-07 -8.493106e-08 -1.293214e-07 	 3.984561e-07 -8.493104e-08 -1.293214e-07 	 1.853708e-14 -2.154513e-15 -2.142856e-15 	 45329
5.750000 	 2.233933e-07 -1.211195e-07 -5.684418e-08 	 2.233933e-07 -1.211195e-07 -5.684417e-08 	 -2.039321e-14 1.759226e-15 -6.019374e-15 	 45291
6.250000 	 9.729496e-08 1.902735e-08 -5.521256e-09 	 9.729495e-08 1.902736e-08 -5.521258e-09 	 -2.194123e-14 -5.973405e-15 2.371791e-15 	 45252
6.750000 	 7.693309e-08 4.861214e-08 -2.947166e-08 	 7.693313e-08 4.861216e-08 -2.947166e-08 	 -1.228575e-14 -2.278156e-15 -2.773731e-15 	 45367
7.250000 	 -2.794901e-07 -2.893332e-07 -2.202328e-08 	 -2.794901e-07 -2.893332e-07 -2.202328e-08 	 1.427499e-14 6.682069e-15 -2.618998e-15 	 45320
7.750000 	 -6.503153e-08 1.790136e-07 1.452714e-07 	 -6.503158e-08 1.790136e-07 1.452714e-07 	 1.585263e-14 -1.389428e-14 -1.860097e-15 	 45240
8.250000 	 -1.853728e-07 -1.053539e-07 -2.537766e-08 	 -1.853728e-07 -1.053539e-07 -2.537766e-08 	 4.938819e-15 6.144452e-16 5.670826e-15 	 45297
8.750000 	 2.457036e-07 8.078574e-08 -2.557902e-07 	 2.457036e-07 8.078576e-08 -2.557902e-07 	 -1.422241e-14 -1.231485e-14 -3.426600e-15 	 45228
9.250000 	 3.566940e-07 1.147666e-07 7.235327e-08 	 3.566941e-07 1.147665e-07 7.235326e-08 	 -4.079543e-15 1.509768e-14 -6.785115e-15 	 45327
9.750000 	 -2.101351e-07 -2.032998e-07 2.150392e-08 	 -2.101351e-07 -2.032998e-07 2.150394e-08 	 1.833597e-15 -4.055443e-15 1.055606e-17 	 45133
10.250000 	 -3.822845e-07 -1.087851e-07 1.879545e-07 	 -3.822846e-07 -1.087852e-07 1.879545e-07 	 1.238250e-14 3.428440e-15 -3.986562e-15 	 45374
10.750000 	 5.826879e-08 3.964192e-08 1.387348e-08 	 5.826878e-08 3.964195e-08 1.387348e-08 	 -1.444589e-14 1.401643e-15 4.435184e-16 	 44670
11.250000 	 1.813575e-07 -1.318658e-08 -5.936382e-08 	 1.813575e-07 -1.318658e-08 -5.936382e-08 	 -2.907075e-14 2.241820e-15 -2.962854e-15 	 26998
11.750000 	 2.461295e-07 -7.944558e-07 9.839460e-07 	 2.461295e-07 -7.944557e-07 9.839460e-07 	 2.373457e-14 3.380753e-14 -2.414320e-16 	 1483
12.250000 	 -8.158990e-06 -8.572396e-06 1.427331e-05 	 -8.158990e-06 -8.572396e-06 1.427331e-05 	 -3.685977e-13 -5.291428e-14 1.530867e-13 	 4
12.750000 	 5.432040e-06 -1.497762e-06 2.178120e-06 	 5.432041e-06 -1.497762e-06 2.178120e-06 	 -1.018630e-13 3.136380e-14 5.814793e-15 	 1
13.250000 	 -1.443851e-07 -1.650084e-08 -2.897819e-08 	 -1.443840e-07 -1.650071e-08 -2.897850e-08 	 -1.105560e-12 -1.362799e-13 3.066436e-13 	 1
13.750000 	 -3.602452e-12 8.526513e-14 -1.740830e-13 	 0.000000e+00 0.000000e+00 0.000000e+00 	 -3.603284e-12 8.570922e-14 -1.739008e-13 	 1
14.250000 	 1.378453e-12 -2.078338e-13 6.394885e-14 	 0.000000e+00 0.000000e+00 0.000000e+00 	 1.380840e-12 -2.086248e-13 6.407375e-14 	 1
14.750000 	 -1.879386e-12 -1.296740e-13 -3.055334e-13 	 0.000000e+00 0.000000e+00 0.000000e+00 	 -1.878359e-12 -1.306594e-13 -3.063105e-13 	 1
