100.000491 31.999502 55.599529 0.000000
95.600641 31.999514 55.599535 4.000000
91.201211 31.999553 55.599593 8.000000
86.802191 31.999657 55.599667 12.000001
82.403617 31.999862 55.599825 16.000000
78.005442 32.000099 55.600111 20.000000
73.617482 32.000673 55.597808 24.000002
70.066220 32.007977 55.075292 28.000002
67.358151 32.015659 54.101000 32.000000
64.958845 32.005046 53.437918 36.000000
62.717424 31.973499 53.239857 40.000000
60.616240 31.953068 53.557998 44.000004
58.724846 31.932382 54.385720 48.000004
57.063799 31.921002 55.602269 52.000004
55.664643 31.897713 57.114333 56.000004
54.585485 31.894830 58.846999 60.000004
53.814423 31.895135 60.745663 64.000000
53.348211 31.908611 62.744723 68.000000
53.286188 31.906462 64.788514 72.000000
53.664262 31.914068 66.814982 76.000000
54.429276 31.921332 68.752936 80.000000
55.513067 31.926541 70.511661 84.000008
56.896281 31.927079 72.017223 88.000008
58.579359 31.927945 73.233608 92.000008
60.452904 31.928050 74.094368 96.000008
62.437185 31.938668 74.593044 100.000008
64.503796 31.930701 74.701607 104.000008
66.571445 31.938943 74.405398 108.000008
68.489236 31.930181 73.727063 112.000008
70.271094 31.940646 72.676377 116.000008
71.823877 31.929133 71.311742 120.000008
73.065780 31.938404 69.684478 124.000008
73.982960 31.943066 67.846723 128.000000
74.542876 31.937491 65.839412 132.000000
74.714569 31.941723 63.802004 136.000000
74.473723 31.947132 61.766310 140.000000
73.834996 31.943057 59.783205 144.000000
72.851353 31.941046 57.988966 148.000000
71.534385 31.945512 56.435401 152.000000
69.931423 31.938610 55.105494 156.000000
68.116828 31.946389 54.125249 160.000000
66.175381 31.947431 53.523458 164.000015
64.114361 31.955235 53.312794 168.000015
62.067810 31.950785 53.500936 172.000015
60.105362 31.952234 54.064565 176.000015
58.263313 31.954826 55.000925 180.000015
56.627889 31.944186 56.265160 184.000015
55.298772 31.951289 57.807830 188.000015
54.289600 31.945188 59.601144 192.000015
53.617018 31.943846 61.553420 196.000015
53.322212 31.938636 63.574811 200.000015
