# 1      2         3-4       5-6
# x  RMS-E  E_inhomo^2  E_homo^2
0.061556 2.241547e-07   1.674585e-17 6.728806e-37 5.022856e-14 -3.226004e-23
0.184667 1.821139e-07   1.959773e-17 4.017615e-37 3.314586e-14 3.705769e-22
0.307779 2.148817e-07   2.122232e-17 5.233511e-37 4.615292e-14 0.000000e+00
0.430890 2.324409e-07   1.733475e-17 4.648403e-37 5.401143e-14 4.235165e-22
0.554001 1.959184e-07   1.019547e-17 2.223296e-38 3.837383e-14 -9.264423e-22
0.677113 1.345369e-07   4.450490e-18 5.045724e-37 1.809572e-14 4.499863e-22
0.800224 7.349810e-08   1.331851e-18 8.980313e-37 5.400639e-15 -1.522012e-21
0.923336 3.300764e-08   4.355744e-19 6.334620e-37 1.089069e-15 1.852885e-22
1.046447 1.708925e-08   3.757073e-19 6.516904e-37 2.916669e-16 -1.005852e-21
1.169558 1.656906e-08   6.436029e-19 1.432749e-36 2.738901e-16 -8.470329e-22
1.292670 2.287926e-08   1.507051e-18 2.833757e-37 5.219536e-16 7.411538e-22
1.415781 3.038262e-08   2.645922e-18 6.027163e-38 9.204579e-16 -1.541626e-21
1.538893 3.506605e-08   3.300915e-18 4.292607e-37 1.226327e-15 5.132427e-22
1.662004 4.125904e-08   5.230233e-18 4.980588e-37 1.697079e-15 -1.093122e-21
1.785115 7.835875e-08   7.699381e-18 5.346859e-37 6.132395e-15 -3.238325e-22
1.908227 1.981638e-07   1.440044e-17 1.045653e-36 3.925448e-14 3.194795e-22
2.031338 4.266819e-07   1.448252e-16 5.800657e-37 1.819126e-13 1.285203e-21
2.154450 7.215732e-07   2.107280e-16 2.212137e-37 5.204572e-13 -6.792160e-22
2.277561 1.272462e-06   5.404916e-16 7.018075e-37 1.618619e-12 6.177745e-22
2.400672 2.115340e-06   7.100734e-15 1.832780e-37 4.467564e-12 -1.374610e-21
2.523784 3.111200e-06   1.025944e-14 7.227903e-37 9.669307e-12 -9.888666e-22
2.646895 5.590493e-06   2.128451e-14 3.378794e-37 3.123233e-11 -8.087911e-22
2.770007 8.787683e-06   1.590948e-13 8.558964e-37 7.706429e-11 -1.977676e-21
2.893118 1.328458e-05   2.418311e-13 3.580562e-37 1.762383e-10 -2.760246e-21
3.016229 2.009534e-05   1.772660e-13 1.073210e-36 4.036452e-10 -1.574912e-21
3.139341 2.985149e-05   1.958079e-12 5.759292e-38 8.891533e-10 -2.346461e-21
3.262452 4.419103e-05   4.164462e-12 6.589365e-37 1.948683e-09 -1.095939e-21
3.385564 6.019007e-05   2.010033e-12 2.564533e-37 3.620835e-09 3.725504e-23
3.508675 7.674212e-05   7.709038e-12 7.606145e-37 5.881645e-09 -1.945348e-21
3.631786 9.321066e-05   1.298150e-11 4.209938e-37 8.675247e-09 -4.599053e-22
3.754898 1.069271e-04   7.361583e-12 3.046447e-37 1.142604e-08 -3.352049e-21
3.878009 1.171160e-04   4.501758e-12 7.964808e-37 1.371166e-08 -1.191837e-21
4.001121 1.238658e-04   4.441244e-12 5.569272e-37 1.533830e-08 -2.287737e-21
4.124232 1.285379e-04   6.209469e-12 6.898378e-37 1.651578e-08 -1.061356e-21
4.247343 1.302382e-04   3.954845e-12 1.139070e-37 1.695805e-08 -1.842048e-21
4.370455 1.311830e-04   1.102141e-11 2.498708e-37 1.719797e-08 -5.780745e-22
4.493566 1.310818e-04   5.141988e-12 5.229770e-38 1.717730e-08 -2.183508e-21
4.616678 1.306041e-04   5.613087e-12 1.462023e-37 1.705182e-08 -1.535786e-21
4.739789 1.308987e-04   2.283746e-12 5.096477e-37 1.713218e-08 -4.980531e-22
4.862900 1.314657e-04   1.313530e-11 3.818196e-37 1.727011e-08 -1.663864e-22
4.986012 1.330219e-04   1.188051e-11 2.385501e-37 1.768294e-08 2.855619e-22
5.109123 1.332761e-04   2.789682e-11 1.713030e-37 1.773463e-08 -1.284880e-21
5.232235 1.332683e-04   2.505526e-11 1.957867e-37 1.773539e-08 -7.556711e-22
5.355346 1.326579e-04   2.508985e-11 8.993510e-38 1.757304e-08 -1.618337e-21
5.478457 1.323292e-04   4.314730e-11 9.066012e-38 1.746788e-08 -1.145424e-21
5.601569 1.331461e-04   6.567263e-12 7.949622e-37 1.772131e-08 -8.691281e-22
5.724680 1.336378e-04   3.690419e-11 4.451730e-37 1.782215e-08 4.435005e-22
5.847792 1.337746e-04   5.374188e-11 6.401675e-37 1.784190e-08 -3.739681e-22
5.970903 1.331140e-04   1.085136e-11 9.337162e-37 1.770849e-08 -1.014830e-22
6.094014 1.326746e-04   4.623491e-11 3.017269e-37 1.755633e-08 -5.429838e-23
6.217126 1.304480e-04   2.370611e-11 1.897994e-36 1.699298e-08 1.296006e-22
6.340237 1.298883e-04   5.554858e-11 7.480764e-37 1.681542e-08 1.624300e-22
6.463349 1.297896e-04   5.763529e-11 9.699056e-37 1.678771e-08 4.197729e-22
6.586460 1.308687e-04   1.568311e-11 6.656186e-37 1.711092e-08 -1.208326e-22
6.709571 1.313936e-04   2.145899e-11 2.337687e-37 1.724281e-08 -5.544570e-22
6.832683 1.319754e-04   4.794084e-12 9.176596e-37 1.741271e-08 -6.836942e-22
6.955794 1.327373e-04   6.342297e-12 2.187912e-36 1.761284e-08 -8.268789e-23
7.078906 1.317820e-04   1.973497e-11 2.710784e-36 1.734677e-08 -3.099330e-22
7.202017 1.318143e-04   5.073168e-11 2.732158e-36 1.732427e-08 -1.301361e-22
7.325128 1.317929e-04   1.900781e-11 2.007673e-36 1.735037e-08 7.222681e-22
7.448240 1.328905e-04   2.211949e-11 2.985828e-36 1.763777e-08 -5.578047e-22
7.571351 1.334763e-04   1.582982e-11 3.039630e-36 1.780009e-08 5.344845e-22
7.694463 1.346342e-04   3.267898e-12 1.204803e-36 1.812311e-08 -3.458446e-22
7.817574 1.354906e-04   6.297983e-12 7.557180e-37 1.835142e-08 7.198365e-22
7.940685 1.351127e-04   9.624279e-12 1.774884e-36 1.824582e-08 9.787350e-22
8.063797 1.345208e-04   7.024370e-12 7.233100e-37 1.808883e-08 -6.385373e-22
8.186908 1.340457e-04   1.559632e-11 6.550189e-37 1.795265e-08 1.259894e-21
8.310020 1.332612e-04   3.083984e-11 7.939913e-37 1.772770e-08 -4.763535e-22
8.433131 1.327788e-04   2.133025e-11 2.049304e-37 1.760888e-08 8.000627e-22
8.556242 1.314171e-04   1.726263e-11 1.427530e-36 1.725320e-08 -4.429135e-22
8.679354 1.309925e-04   4.039724e-11 9.118819e-37 1.711864e-08 -1.976570e-22
8.802465 1.309689e-04   6.010853e-11 3.248436e-37 1.709274e-08 -1.183854e-21
8.925577 1.306627e-04   5.319568e-11 1.291612e-37 1.701955e-08 7.066076e-22
9.048688 1.317044e-04   4.896711e-11 1.714355e-37 1.729708e-08 -1.470418e-21
9.171799 1.327366e-04   4.834150e-11 2.711787e-37 1.757066e-08 5.975468e-22
9.294911 1.323129e-04   3.735009e-11 1.028446e-37 1.746936e-08 6.746384e-22
9.418022 1.319712e-04   2.770224e-11 2.181720e-37 1.738871e-08 -4.407036e-22
9.541134 1.314966e-04   1.374287e-11 3.575634e-37 1.727761e-08 1.274912e-21
9.664245 1.299773e-04   1.967439e-12 1.324954e-36 1.689214e-08 1.307421e-21
9.787356 1.308942e-04   8.032162e-12 8.234839e-38 1.712526e-08 9.048233e-22
9.910468 1.315142e-04   2.532580e-12 1.205370e-37 1.729344e-08 1.349757e-21
10.033579 1.319662e-04   2.044152e-11 1.266667e-37 1.739465e-08 4.486151e-22
10.156691 1.332953e-04   4.451487e-11 1.966129e-37 1.772311e-08 -9.187091e-22
10.279802 1.347213e-04   2.062949e-11 1.065439e-36 1.812920e-08 1.139396e-21
10.402913 1.347563e-04   8.541016e-11 3.217251e-37 1.807384e-08 4.234667e-22
10.526025 1.350937e-04   5.476648e-11 6.587606e-37 1.819554e-08 2.622332e-21
10.649136 1.330330e-04   2.392772e-11 1.557493e-36 1.767384e-08 7.660175e-22
10.772248 1.299583e-04   7.315227e-11 1.316560e-36 1.681602e-08 1.891628e-21
10.895359 1.262102e-04   2.508424e-11 2.668123e-36 1.590392e-08 1.059027e-21
11.018470 1.174912e-04   2.865853e-11 1.140118e-36 1.377553e-08 1.954489e-21
11.141582 1.076503e-04   4.511106e-11 2.218318e-36 1.154347e-08 1.100362e-21
11.264693 9.383886e-05   4.181226e-12 1.803209e-36 8.801551e-09 2.380695e-21
11.387805 7.717889e-05   7.342093e-12 1.216148e-36 5.949238e-09 1.112246e-21
11.510916 6.042594e-05   6.203574e-12 1.007635e-36 3.645091e-09 3.178883e-22
11.634027 4.465503e-05   2.403494e-13 3.891614e-37 1.993831e-09 1.326015e-21
11.757139 3.056748e-05   4.233736e-13 5.444247e-37 9.339473e-10 3.798655e-23
11.880250 1.989266e-05   7.501437e-14 3.961172e-37 3.956431e-10 2.637732e-21
12.003362 1.296656e-05   3.121349e-13 8.684641e-37 1.678195e-10 1.694899e-21
12.126473 7.427816e-06   6.774119e-14 6.477037e-37 5.510471e-11 2.460749e-21
12.249584 4.004942e-06   1.265793e-14 3.254885e-37 1.602690e-11 1.814521e-21
12.372696 2.242476e-06   6.765246e-15 4.292269e-37 5.021935e-12 2.095333e-21
12.495807 1.145191e-06   3.862212e-15 3.999648e-37 1.307599e-12 3.963547e-22
12.618919 6.276532e-07   6.161370e-16 4.931414e-37 3.933324e-13 1.043880e-21
12.742030 4.046972e-07   5.864561e-17 1.486429e-38 1.637212e-13 1.025822e-21
12.865141 2.202787e-07   4.867980e-17 1.673663e-37 4.847403e-14 3.900732e-22
12.988253 1.116147e-07   1.491035e-17 2.396373e-37 1.244294e-14 -6.706529e-23
13.111364 6.968382e-08   1.662961e-18 1.028814e-37 4.854171e-15 -6.634825e-23
13.234476 5.207309e-08   1.011791e-18 3.095700e-37 2.710595e-15 3.629431e-24
13.357587 3.804593e-08   3.190932e-18 5.955625e-37 1.444302e-15 3.883533e-22
13.480698 3.053619e-08   2.973998e-18 2.034836e-37 9.294852e-16 4.841498e-22
13.603810 3.374699e-08   1.424206e-18 2.127055e-37 1.137435e-15 1.033683e-21
13.726921 3.977290e-08   8.414193e-19 1.073419e-37 1.581042e-15 -2.105992e-22
13.850033 4.222490e-08   1.360589e-18 2.136203e-37 1.781581e-15 -8.906164e-23
13.973144 3.920173e-08   1.702451e-18 1.448143e-36 1.535074e-15 6.029710e-22
14.096255 3.540675e-08   1.527601e-18 5.952985e-37 1.252110e-15 2.288779e-22
14.219367 3.895984e-08   1.075239e-18 1.555144e-36 1.516794e-15 7.323135e-22
14.342478 5.735240e-08   6.384666e-19 8.223921e-37 3.288659e-15 5.439242e-22
14.465590 1.023188e-07   2.817470e-19 3.524508e-36 1.046885e-14 6.300078e-22
14.588701 1.655221e-07   9.766008e-19 1.918369e-36 2.739658e-14 1.654138e-23
14.711813 2.227294e-07   4.438788e-18 2.824747e-36 4.960396e-14 -5.984037e-22
14.834924 2.508772e-07   1.090600e-17 1.607161e-36 6.292847e-14 7.708810e-22
