# 1  2-4    5-7    8-10   11     
# x  dirEF  recEF  sumEF  #Sample
0.250000 	 0.000000e+00 0.000000e+00 0.000000e+00 	 0.000000e+00 0.000000e+00 0.000000e+00 	 0.000000e+00 0.000000e+00 0.000000e+00 	 0
0.750000 	 0.000000e+00 0.000000e+00 0.000000e+00 	 0.000000e+00 0.000000e+00 0.000000e+00 	 0.000000e+00 0.000000e+00 0.000000e+00 	 0
1.250000 	 0.000000e+00 0.000000e+00 0.000000e+00 	 0.000000e+00 0.000000e+00 0.000000e+00 	 0.000000e+00 0.000000e+00 0.000000e+00 	 0
1.750000 	 7.318427e-08 -1.336965e-08 7.003003e-10 	 -5.600264e-08 3.314610e-08 4.985447e-08 	 1.718164e-08 1.977645e-08 5.055477e-08 	 1
2.250000 	 -7.728371e-06 2.203122e-06 -2.860254e-06 	 2.576160e-07 -2.097668e-07 1.912773e-08 	 -7.470755e-06 1.993355e-06 -2.841126e-06 	 1
2.750000 	 0.000000e+00 0.000000e+00 0.000000e+00 	 0.000000e+00 0.000000e+00 0.000000e+00 	 0.000000e+00 0.000000e+00 0.000000e+00 	 0
3.250000 	 -1.427907e-06 2.789848e-06 -2.907883e-06 	 -1.438817e-05 -2.250401e-06 4.568225e-09 	 -1.581607e-05 5.394471e-07 -2.903315e-06 	 32
3.750000 	 1.281957e-07 -4.071268e-07 -3.182457e-07 	 2.550171e-06 -3.893247e-06 -2.797251e-06 	 2.678367e-06 -4.300374e-06 -3.115497e-06 	 544
4.250000 	 -7.653272e-08 -1.455553e-07 -7.613043e-07 	 3.829503e-07 -1.983014e-06 -6.723924e-07 	 3.064176e-07 -2.128570e-06 -1.433697e-06 	 857
4.750000 	 -6.568710e-07 2.048626e-07 2.398986e-07 	 -7.528921e-06 2.365636e-06 7.176212e-07 	 -8.185792e-06 2.570498e-06 9.575198e-07 	 943
5.250000 	 1.623813e-07 -3.314764e-07 4.234886e-07 	 -7.368718e-07 1.178959e-06 -2.822442e-06 	 -5.744905e-07 8.474829e-07 -2.398954e-06 	 861
5.750000 	 4.149281e-07 9.049293e-08 9.459842e-07 	 2.499832e-07 -7.038086e-07 -1.695970e-06 	 6.649113e-07 -6.133157e-07 -7.499859e-07 	 908
6.250000 	 -7.082838e-07 4.913546e-07 -5.501584e-08 	 5.352740e-06 1.135951e-06 1.076630e-06 	 4.644457e-06 1.627306e-06 1.021615e-06 	 891
6.750000 	 5.103037e-08 1.389315e-07 2.844547e-09 	 -1.438977e-06 8.734372e-07 8.833925e-07 	 -1.387946e-06 1.012369e-06 8.862371e-07 	 883
7.250000 	 3.205254e-07 5.370840e-08 -2.160247e-07 	 -1.043207e-06 9.504020e-07 -9.428549e-07 	 -7.226811e-07 1.004110e-06 -1.158880e-06 	 898
7.750000 	 -5.071308e-07 -6.622557e-07 2.340738e-07 	 2.463624e-06 2.400691e-07 2.216902e-06 	 1.956493e-06 -4.221866e-07 2.450976e-06 	 882
8.250000 	 -6.019723e-07 1.153403e-07 1.512110e-07 	 -2.207759e-06 2.005259e-06 2.289400e-06 	 -2.809731e-06 2.120599e-06 2.440611e-06 	 869
8.750000 	 5.059001e-07 3.751290e-07 4.327911e-07 	 1.489110e-06 1.802569e-06 1.177960e-06 	 1.995010e-06 2.177698e-06 1.610751e-06 	 958
9.250000 	 -8.084976e-09 1.082092e-07 3.335625e-07 	 1.924741e-07 -3.206989e-06 1.116383e-06 	 1.843891e-07 -3.098779e-06 1.449946e-06 	 959
9.750000 	 1.092962e-07 -2.193722e-07 1.520700e-07 	 -1.473256e-06 6.505016e-07 -3.771592e-06 	 -1.363959e-06 4.311294e-07 -3.619522e-06 	 946
10.250000 	 -9.657231e-07 5.796040e-08 -6.532497e-07 	 -8.543231e-07 2.161062e-06 -1.581453e-06 	 -1.820046e-06 2.219022e-06 -2.234703e-06 	 894
10.750000 	 2.230964e-07 -7.171104e-07 -2.275293e-08 	 -1.607559e-06 3.814309e-07 5.439739e-07 	 -1.384462e-06 -3.356795e-07 5.212209e-07 	 886
11.250000 	 -9.259560e-07 5.178357e-07 -1.144468e-07 	 -2.783048e-06 1.848014e-06 -2.938672e-07 	 -3.709004e-06 2.365849e-06 -4.083140e-07 	 574
11.750000 	 1.296118e-07 2.595072e-07 -3.378688e-07 	 2.592245e-06 7.357884e-07 -2.768010e-06 	 2.721857e-06 9.952956e-07 -3.105879e-06 	 36
12.250000 	 0.000000e+00 0.000000e+00 0.000000e+00 	 0.000000e+00 0.000000e+00 0.000000e+00 	 0.000000e+00 0.000000e+00 0.000000e+00 	 0
12.750000 	 0.000000e+00 0.000000e+00 0.000000e+00 	 0.000000e+00 0.000000e+00 0.000000e+00 	 0.000000e+00 0.000000e+00 0.000000e+00 	 0
13.250000 	 0.000000e+00 0.000000e+00 0.000000e+00 	 0.000000e+00 0.000000e+00 0.000000e+00 	 0.000000e+00 0.000000e+00 0.000000e+00 	 0
13.750000 	 0.000000e+00 0.000000e+00 0.000000e+00 	 0.000000e+00 0.000000e+00 0.000000e+00 	 0.000000e+00 0.000000e+00 0.000000e+00 	 0
14.250000 	 0.000000e+00 0.000000e+00 0.000000e+00 	 -6.475466e-08 7.231327e-08 7.394494e-08 	 -6.475466e-08 7.231327e-08 7.394494e-08 	 1
14.750000 	 0.000000e+00 0.000000e+00 0.000000e+00 	 0.000000e+00 0.000000e+00 0.000000e+00 	 0.000000e+00 0.000000e+00 0.000000e+00 	 0
