# 1  2-4    5-7    8-10   11     
# x  dirEF  recEF  sumEF  #Sample
0.250000 	 0.000000e+00 0.000000e+00 0.000000e+00 	 0.000000e+00 0.000000e+00 0.000000e+00 	 0.000000e+00 0.000000e+00 0.000000e+00 	 0
0.750000 	 0.000000e+00 0.000000e+00 0.000000e+00 	 0.000000e+00 0.000000e+00 0.000000e+00 	 0.000000e+00 0.000000e+00 0.000000e+00 	 0
1.250000 	 -1.776357e-14 -2.131628e-14 1.509903e-14 	 6.490769e-11 -6.054937e-11 8.495517e-12 	 6.488676e-11 -6.057377e-11 8.510526e-12 	 1
1.750000 	 3.739245e-07 2.238377e-07 -3.528632e-07 	 -9.077335e-11 3.017045e-09 1.110609e-09 	 3.738337e-07 2.268547e-07 -3.517526e-07 	 1
2.250000 	 0.000000e+00 0.000000e+00 0.000000e+00 	 0.000000e+00 0.000000e+00 0.000000e+00 	 0.000000e+00 0.000000e+00 0.000000e+00 	 0
2.750000 	 -1.387079e-05 5.133706e-06 -3.053811e-06 	 2.299179e-08 -9.957397e-08 9.000499e-08 	 -1.384780e-05 5.034132e-06 -2.963806e-06 	 1
3.250000 	 1.712899e-06 2.959994e-07 -4.050613e-07 	 -3.503213e-06 6.426168e-07 -5.289997e-07 	 -1.790314e-06 9.386162e-07 -9.340610e-07 	 38
3.750000 	 1.906981e-07 1.839313e-07 4.989181e-08 	 -6.713797e-07 -1.230926e-06 1.008463e-07 	 -4.806816e-07 -1.046995e-06 1.507381e-07 	 554
4.250000 	 -4.056592e-07 -4.229721e-07 -6.230975e-08 	 -2.589323e-07 5.971153e-07 -7.659961e-07 	 -6.645915e-07 1.741432e-07 -8.283059e-07 	 859
4.750000 	 -2.738148e-07 -2.689778e-07 -2.493549e-07 	 1.700462e-06 -5.253979e-08 8.634771e-08 	 1.426648e-06 -3.215176e-07 -1.630072e-07 	 945
5.250000 	 7.393161e-08 3.658665e-07 -7.362065e-07 	 -4.063020e-07 3.151797e-07 -3.869732e-07 	 -3.323704e-07 6.810461e-07 -1.123180e-06 	 957
5.750000 	 1.719513e-07 6.838161e-07 1.632035e-07 	 1.880651e-07 1.943819e-07 4.590585e-07 	 3.600164e-07 8.781980e-07 6.222620e-07 	 902
6.250000 	 5.601479e-07 -5.333607e-07 2.035450e-07 	 7.522339e-07 -8.060616e-07 -5.059984e-07 	 1.312382e-06 -1.339422e-06 -3.024534e-07 	 878
6.750000 	 7.239048e-07 1.746239e-07 -3.873541e-07 	 -1.056574e-07 2.519461e-07 1.607430e-06 	 6.182474e-07 4.265700e-07 1.220076e-06 	 947
7.250000 	 -2.574342e-08 3.684359e-07 6.203947e-07 	 6.342709e-08 -8.982490e-08 7.513750e-07 	 3.768367e-08 2.786110e-07 1.371770e-06 	 910
7.750000 	 -1.787038e-06 2.899403e-07 -4.172735e-07 	 1.981981e-06 3.564733e-07 -8.139972e-07 	 1.949430e-07 6.464136e-07 -1.231271e-06 	 933
8.250000 	 -7.249621e-08 7.552887e-08 -1.449936e-07 	 2.619095e-07 4.513018e-07 -8.256249e-07 	 1.894133e-07 5.268307e-07 -9.706185e-07 	 881
8.750000 	 1.017930e-06 5.476099e-07 -8.416074e-09 	 -6.061995e-07 -5.263186e-07 1.682183e-07 	 4.117306e-07 2.129125e-08 1.598023e-07 	 881
9.250000 	 -7.696327e-08 -4.339906e-07 -3.661335e-07 	 2.706876e-07 1.018506e-06 1.060543e-08 	 1.937244e-07 5.845151e-07 -3.555280e-07 	 869
9.750000 	 -8.205307e-07 -1.329634e-07 3.475875e-07 	 5.453971e-07 -9.661674e-08 -6.327507e-07 	 -2.751335e-07 -2.295802e-07 -2.851632e-07 	 924
10.250000 	 4.773861e-08 4.389438e-08 -3.049031e-07 	 2.398712e-07 -4.729503e-07 3.964893e-07 	 2.876098e-07 -4.290559e-07 9.158618e-08 	 808
10.750000 	 1.747431e-07 1.305197e-07 -7.232839e-07 	 1.093743e-07 5.539965e-07 -8.233966e-07 	 2.841174e-07 6.845162e-07 -1.546680e-06 	 964
11.250000 	 8.521806e-07 8.873325e-07 -2.695230e-07 	 1.063333e-06 -2.195011e-07 -1.457433e-06 	 1.915513e-06 6.678314e-07 -1.726956e-06 	 533
11.750000 	 -3.867535e-06 1.188713e-07 1.273581e-07 	 -2.561618e-06 -3.019551e-07 6.439961e-07 	 -6.429154e-06 -1.830838e-07 7.713542e-07 	 38
12.250000 	 0.000000e+00 0.000000e+00 0.000000e+00 	 0.000000e+00 0.000000e+00 0.000000e+00 	 0.000000e+00 0.000000e+00 0.000000e+00 	 0
12.750000 	 0.000000e+00 0.000000e+00 0.000000e+00 	 0.000000e+00 0.000000e+00 0.000000e+00 	 0.000000e+00 0.000000e+00 0.000000e+00 	 0
13.250000 	 0.000000e+00 0.000000e+00 0.000000e+00 	 0.000000e+00 0.000000e+00 0.000000e+00 	 0.000000e+00 0.000000e+00 0.000000e+00 	 0
13.750000 	 0.000000e+00 0.000000e+00 0.000000e+00 	 0.000000e+00 0.000000e+00 0.000000e+00 	 0.000000e+00 0.000000e+00 0.000000e+00 	 0
14.250000 	 0.000000e+00 0.000000e+00 0.000000e+00 	 0.000000e+00 0.000000e+00 0.000000e+00 	 0.000000e+00 0.000000e+00 0.000000e+00 	 0
14.750000 	 0.000000e+00 0.000000e+00 0.000000e+00 	 0.000000e+00 0.000000e+00 0.000000e+00 	 0.000000e+00 0.000000e+00 0.000000e+00 	 0
