# 1  2-4    5-7    8-10   11     
# x  dirEF  recEF  sumEF  #Sample
0.250000 	 0.000000e+00 0.000000e+00 0.000000e+00 	 0.000000e+00 0.000000e+00 0.000000e+00 	 0.000000e+00 0.000000e+00 0.000000e+00 	 0
0.750000 	 0.000000e+00 0.000000e+00 0.000000e+00 	 0.000000e+00 0.000000e+00 0.000000e+00 	 0.000000e+00 0.000000e+00 0.000000e+00 	 0
1.250000 	 0.000000e+00 0.000000e+00 0.000000e+00 	 0.000000e+00 0.000000e+00 0.000000e+00 	 0.000000e+00 0.000000e+00 0.000000e+00 	 0
1.750000 	 0.000000e+00 0.000000e+00 0.000000e+00 	 0.000000e+00 0.000000e+00 0.000000e+00 	 0.000000e+00 0.000000e+00 0.000000e+00 	 0
2.250000 	 -9.429192e-07 1.139629e-06 9.237557e-07 	 9.530107e-06 -2.432859e-06 -1.091142e-05 	 8.587187e-06 -1.293230e-06 -9.987661e-06 	 1
2.750000 	 -1.756480e-05 -1.247146e-06 6.306578e-06 	 6.027596e-06 5.349632e-06 -1.273622e-05 	 -1.153721e-05 4.102485e-06 -6.429640e-06 	 1
3.250000 	 -1.147587e-06 -2.765045e-06 1.271278e-06 	 -3.020604e-06 3.908465e-07 -1.126284e-06 	 -4.168190e-06 -2.374198e-06 1.449934e-07 	 40
3.750000 	 -6.028718e-07 1.064966e-07 7.363565e-07 	 -1.496088e-06 -1.365834e-06 -5.081664e-07 	 -2.098960e-06 -1.259337e-06 2.281901e-07 	 535
4.250000 	 -3.187365e-07 -2.188409e-07 -2.983025e-07 	 3.749257e-07 -6.374386e-07 1.137276e-07 	 5.618918e-08 -8.562795e-07 -1.845750e-07 	 881
4.750000 	 -3.384295e-07 -1.174035e-07 3.618675e-07 	 -3.115653e-07 -7.711580e-07 -5.309145e-08 	 -6.499948e-07 -8.885615e-07 3.087761e-07 	 892
5.250000 	 1.157300e-06 -3.712166e-07 -1.494784e-07 	 -2.574466e-06 -5.501295e-07 -6.265239e-07 	 -1.417166e-06 -9.213461e-07 -7.760024e-07 	 911
5.750000 	 -7.868752e-07 -7.246439e-08 2.032662e-07 	 2.576931e-06 -3.522783e-07 -4.629196e-07 	 1.790056e-06 -4.247427e-07 -2.596534e-07 	 947
6.250000 	 -9.165991e-08 -5.169008e-08 -2.139689e-07 	 1.742004e-06 2.330875e-07 4.390668e-07 	 1.650344e-06 1.813974e-07 2.250979e-07 	 1017
6.750000 	 4.839080e-07 -2.833373e-07 -1.776910e-07 	 -2.185539e-06 -9.977948e-08 -5.797285e-07 	 -1.701631e-06 -3.831168e-07 -7.574195e-07 	 894
7.250000 	 7.001117e-07 -4.070430e-07 -1.688193e-07 	 8.416511e-07 -3.054539e-07 -7.531688e-07 	 1.541763e-06 -7.124969e-07 -9.219880e-07 	 905
7.750000 	 -6.313735e-07 8.949796e-07 -1.557746e-07 	 -3.060905e-07 4.293193e-09 8.100183e-07 	 -9.374641e-07 8.992728e-07 6.542437e-07 	 873
8.250000 	 3.167622e-07 -2.925604e-07 1.011197e-10 	 1.297735e-06 -3.383692e-07 -4.460160e-08 	 1.614497e-06 -6.309296e-07 -4.450048e-08 	 950
8.750000 	 -2.703077e-07 -7.244039e-07 1.233061e-07 	 -2.604784e-07 2.786192e-07 -9.229817e-07 	 -5.307861e-07 -4.457848e-07 -7.996756e-07 	 888
9.250000 	 8.985374e-07 5.375019e-08 2.758222e-08 	 2.354595e-06 2.465246e-07 -8.041182e-07 	 3.253132e-06 3.002748e-07 -7.765360e-07 	 890
9.750000 	 -1.270361e-06 2.853124e-07 -6.028969e-08 	 -2.911339e-06 4.453114e-08 -2.572153e-08 	 -4.181700e-06 3.298435e-07 -8.601122e-08 	 830
10.250000 	 -5.988059e-07 -4.766001e-08 -1.202352e-07 	 2.497202e-06 4.411810e-07 -6.890335e-07 	 1.898396e-06 3.935210e-07 -8.092687e-07 	 896
10.750000 	 -2.286293e-07 -3.855865e-07 -6.903106e-07 	 -3.052907e-06 2.619726e-07 -1.252529e-06 	 -3.281536e-06 -1.236139e-07 -1.942840e-06 	 897
11.250000 	 3.041443e-07 -7.435755e-07 4.383076e-07 	 1.670736e-06 3.037124e-08 -1.642336e-07 	 1.974880e-06 -7.132042e-07 2.740740e-07 	 533
11.750000 	 -1.915162e-06 1.288221e-06 2.332646e-07 	 -1.528098e-06 3.223159e-06 2.381338e-06 	 -3.443260e-06 4.511380e-06 2.614603e-06 	 43
12.250000 	 0.000000e+00 0.000000e+00 0.000000e+00 	 0.000000e+00 0.000000e+00 0.000000e+00 	 0.000000e+00 0.000000e+00 0.000000e+00 	 0
12.750000 	 0.000000e+00 0.000000e+00 0.000000e+00 	 0.000000e+00 0.000000e+00 0.000000e+00 	 0.000000e+00 0.000000e+00 0.000000e+00 	 0
13.250000 	 0.000000e+00 0.000000e+00 0.000000e+00 	 0.000000e+00 0.000000e+00 0.000000e+00 	 0.000000e+00 0.000000e+00 0.000000e+00 	 0
13.750000 	 0.000000e+00 0.000000e+00 0.000000e+00 	 0.000000e+00 0.000000e+00 0.000000e+00 	 0.000000e+00 0.000000e+00 0.000000e+00 	 0
14.250000 	 0.000000e+00 0.000000e+00 0.000000e+00 	 0.000000e+00 0.000000e+00 0.000000e+00 	 0.000000e+00 0.000000e+00 0.000000e+00 	 0
14.750000 	 0.000000e+00 0.000000e+00 0.000000e+00 	 0.000000e+00 0.000000e+00 0.000000e+00 	 0.000000e+00 0.000000e+00 0.000000e+00 	 0
