# 1  2-4    5-7    8-10   11     
# x  dirEF  recEF  sumEF  #Sample
0.250000 	 0.000000e+00 0.000000e+00 0.000000e+00 	 0.000000e+00 0.000000e+00 0.000000e+00 	 0.000000e+00 0.000000e+00 0.000000e+00 	 0
0.750000 	 1.469509e-10 2.754277e-10 2.144827e-10 	 -1.533367e-06 4.040664e-07 -1.845732e-07 	 -1.533220e-06 4.043418e-07 -1.843587e-07 	 1
1.250000 	 -1.074696e-10 -1.998828e-10 -1.506280e-10 	 -1.695947e-06 -1.623173e-06 -8.178900e-07 	 -1.696054e-06 -1.623373e-06 -8.180406e-07 	 1
1.750000 	 0.000000e+00 0.000000e+00 0.000000e+00 	 0.000000e+00 0.000000e+00 0.000000e+00 	 0.000000e+00 0.000000e+00 0.000000e+00 	 0
2.250000 	 0.000000e+00 0.000000e+00 0.000000e+00 	 0.000000e+00 0.000000e+00 0.000000e+00 	 0.000000e+00 0.000000e+00 0.000000e+00 	 0
2.750000 	 0.000000e+00 0.000000e+00 0.000000e+00 	 0.000000e+00 0.000000e+00 0.000000e+00 	 0.000000e+00 0.000000e+00 0.000000e+00 	 0
3.250000 	 7.854232e-07 -5.182276e-07 -1.693604e-06 	 -3.268689e-06 -1.012942e-06 1.312430e-06 	 -2.483266e-06 -1.531170e-06 -3.811748e-07 	 43
3.750000 	 3.092376e-07 3.604915e-07 2.232835e-07 	 -2.242760e-09 3.808497e-07 1.461442e-07 	 3.069949e-07 7.413412e-07 3.694278e-07 	 568
4.250000 	 2.994274e-07 -1.293554e-07 7.539159e-08 	 -7.072512e-07 -4.820357e-07 -5.824198e-07 	 -4.078238e-07 -6.113911e-07 -5.070282e-07 	 868
4.750000 	 -1.131554e-07 5.477741e-07 -2.243480e-07 	 1.529887e-06 7.817664e-08 -6.447149e-07 	 1.416731e-06 6.259507e-07 -8.690629e-07 	 953
5.250000 	 -4.083153e-07 4.268685e-07 4.611879e-07 	 8.932210e-07 -7.597552e-07 3.994044e-08 	 4.849058e-07 -3.328867e-07 5.011284e-07 	 940
5.750000 	 -4.529652e-07 -6.631569e-07 -4.483944e-07 	 -3.682752e-07 -7.616997e-07 2.421625e-07 	 -8.212404e-07 -1.424857e-06 -2.062318e-07 	 888
6.250000 	 -5.704604e-07 5.552269e-07 7.871856e-07 	 -2.105681e-07 -8.934069e-08 -7.319459e-07 	 -7.810285e-07 4.658862e-07 5.523974e-08 	 859
6.750000 	 6.895408e-07 6.915256e-08 -2.245199e-07 	 1.000362e-06 -5.026243e-07 3.417580e-08 	 1.689902e-06 -4.334718e-07 -1.903441e-07 	 890
7.250000 	 -3.116522e-07 3.154671e-07 3.273240e-07 	 -1.875841e-06 -7.233700e-07 -2.913951e-08 	 -2.187494e-06 -4.079030e-07 2.981845e-07 	 918
7.750000 	 -2.454474e-07 3.584354e-07 -1.772426e-07 	 3.771702e-07 -2.266754e-07 1.636133e-07 	 1.317228e-07 1.317600e-07 -1.362933e-08 	 932
8.250000 	 4.897913e-07 7.537426e-08 1.282005e-07 	 3.896727e-07 7.891010e-07 4.202898e-07 	 8.794640e-07 8.644752e-07 5.484903e-07 	 908
8.750000 	 1.587847e-06 -6.218312e-07 -3.819435e-07 	 -1.083468e-07 3.311620e-07 -2.359032e-07 	 1.479500e-06 -2.906693e-07 -6.178466e-07 	 889
9.250000 	 1.285757e-07 2.589553e-09 -5.305925e-07 	 1.126839e-07 -1.066230e-06 -2.196530e-07 	 2.412596e-07 -1.063641e-06 -7.502455e-07 	 914
9.750000 	 -8.223766e-07 2.635050e-07 3.558142e-07 	 3.398188e-07 2.539541e-07 -2.196307e-07 	 -4.825579e-07 5.174591e-07 1.361835e-07 	 884
10.250000 	 -5.996988e-07 2.575789e-07 9.217202e-08 	 -1.206973e-06 -9.637036e-07 3.497063e-07 	 -1.806671e-06 -7.061247e-07 4.418783e-07 	 957
10.750000 	 2.428104e-07 -2.507429e-07 -5.434377e-07 	 -4.771961e-07 -2.584263e-07 -1.756068e-07 	 -2.343857e-07 -5.091692e-07 -7.190445e-07 	 868
11.250000 	 1.678266e-07 -4.272818e-07 8.561765e-07 	 2.088086e-06 4.082109e-07 -3.789992e-07 	 2.255913e-06 -1.907093e-08 4.771772e-07 	 511
11.750000 	 -1.409999e-06 -7.915234e-07 -2.155510e-06 	 -2.840176e-06 -8.185286e-07 -3.629700e-07 	 -4.250175e-06 -1.610052e-06 -2.518480e-06 	 32
12.250000 	 0.000000e+00 0.000000e+00 0.000000e+00 	 0.000000e+00 0.000000e+00 0.000000e+00 	 0.000000e+00 0.000000e+00 0.000000e+00 	 0
12.750000 	 0.000000e+00 0.000000e+00 0.000000e+00 	 0.000000e+00 0.000000e+00 0.000000e+00 	 0.000000e+00 0.000000e+00 0.000000e+00 	 0
13.250000 	 0.000000e+00 0.000000e+00 0.000000e+00 	 0.000000e+00 0.000000e+00 0.000000e+00 	 0.000000e+00 0.000000e+00 0.000000e+00 	 0
13.750000 	 0.000000e+00 0.000000e+00 0.000000e+00 	 0.000000e+00 0.000000e+00 0.000000e+00 	 0.000000e+00 0.000000e+00 0.000000e+00 	 0
14.250000 	 0.000000e+00 0.000000e+00 0.000000e+00 	 0.000000e+00 0.000000e+00 0.000000e+00 	 0.000000e+00 0.000000e+00 0.000000e+00 	 0
14.750000 	 0.000000e+00 0.000000e+00 0.000000e+00 	 0.000000e+00 0.000000e+00 0.000000e+00 	 0.000000e+00 0.000000e+00 0.000000e+00 	 0
