# 1  2-4    5-7    8-10   11     
# x  dirEF  recEF  sumEF  #Sample
0.250000 	 0.000000e+00 0.000000e+00 0.000000e+00 	 0.000000e+00 0.000000e+00 0.000000e+00 	 0.000000e+00 0.000000e+00 0.000000e+00 	 0
0.750000 	 0.000000e+00 0.000000e+00 0.000000e+00 	 0.000000e+00 0.000000e+00 0.000000e+00 	 0.000000e+00 0.000000e+00 0.000000e+00 	 0
1.250000 	 0.000000e+00 0.000000e+00 0.000000e+00 	 0.000000e+00 0.000000e+00 0.000000e+00 	 0.000000e+00 0.000000e+00 0.000000e+00 	 0
1.750000 	 7.318427e-08 -1.336965e-08 7.003003e-10 	 -1.456590e-05 2.825962e-05 2.253310e-05 	 -1.449272e-05 2.824625e-05 2.253380e-05 	 1
2.250000 	 -7.728371e-06 2.203122e-06 -2.860254e-06 	 3.902119e-05 3.434033e-05 -3.951781e-05 	 3.129282e-05 3.654346e-05 -4.237806e-05 	 1
2.750000 	 0.000000e+00 0.000000e+00 0.000000e+00 	 0.000000e+00 0.000000e+00 0.000000e+00 	 0.000000e+00 0.000000e+00 0.000000e+00 	 0
3.250000 	 -1.427907e-06 2.789848e-06 -2.907883e-06 	 -1.335178e-05 3.928359e-06 -7.205107e-06 	 -1.477968e-05 6.718207e-06 -1.011299e-05 	 32
3.750000 	 1.281957e-07 -4.071268e-07 -3.182457e-07 	 3.516127e-06 -3.472535e-06 -2.351929e-06 	 3.644323e-06 -3.879662e-06 -2.670175e-06 	 544
4.250000 	 -7.653272e-08 -1.455553e-07 -7.613043e-07 	 -4.826555e-07 -2.070219e-06 -2.899492e-06 	 -5.591883e-07 -2.215775e-06 -3.660796e-06 	 857
4.750000 	 -6.568710e-07 2.048626e-07 2.398986e-07 	 -4.503018e-06 1.176470e-06 2.525341e-07 	 -5.159889e-06 1.381333e-06 4.924327e-07 	 943
5.250000 	 1.623813e-07 -3.314764e-07 4.234886e-07 	 -4.907441e-07 3.517959e-08 -1.794918e-06 	 -3.283627e-07 -2.962969e-07 -1.371429e-06 	 861
5.750000 	 4.149281e-07 9.049293e-08 9.459842e-07 	 2.392195e-06 -3.057184e-06 -1.804827e-06 	 2.807124e-06 -2.966691e-06 -8.588430e-07 	 908
6.250000 	 -7.082838e-07 4.913546e-07 -5.501584e-08 	 4.935096e-06 1.483979e-06 -4.746637e-07 	 4.226812e-06 1.975333e-06 -5.296796e-07 	 891
6.750000 	 5.103037e-08 1.389315e-07 2.844547e-09 	 -2.968263e-06 -2.016302e-06 1.265980e-06 	 -2.917233e-06 -1.877370e-06 1.268825e-06 	 883
7.250000 	 3.205254e-07 5.370840e-08 -2.160247e-07 	 2.103442e-07 1.916725e-07 -1.646487e-06 	 5.308696e-07 2.453809e-07 -1.862512e-06 	 898
7.750000 	 -5.071308e-07 -6.622557e-07 2.340738e-07 	 3.471816e-06 1.270234e-06 1.396402e-06 	 2.964685e-06 6.079783e-07 1.630475e-06 	 882
8.250000 	 -6.019723e-07 1.153403e-07 1.512110e-07 	 -2.548082e-06 3.171623e-06 1.489063e-06 	 -3.150054e-06 3.286963e-06 1.640274e-06 	 869
8.750000 	 5.059001e-07 3.751290e-07 4.327911e-07 	 -1.033758e-06 2.180664e-06 4.233205e-07 	 -5.278575e-07 2.555793e-06 8.561117e-07 	 958
9.250000 	 -8.084976e-09 1.082092e-07 3.335625e-07 	 -2.359885e-06 -3.060939e-06 3.866156e-07 	 -2.367970e-06 -2.952730e-06 7.201781e-07 	 959
9.750000 	 1.092962e-07 -2.193722e-07 1.520700e-07 	 -2.666315e-06 -1.848985e-07 -5.385608e-06 	 -2.557018e-06 -4.042707e-07 -5.233538e-06 	 946
10.250000 	 -9.657231e-07 5.796040e-08 -6.532497e-07 	 -8.855946e-07 6.055521e-07 9.174296e-07 	 -1.851318e-06 6.635125e-07 2.641799e-07 	 894
10.750000 	 2.230964e-07 -7.171104e-07 -2.275293e-08 	 -4.657930e-06 -1.239117e-06 8.057045e-07 	 -4.434834e-06 -1.956227e-06 7.829516e-07 	 886
11.250000 	 -9.259560e-07 5.178357e-07 -1.144468e-07 	 -8.473547e-07 2.432428e-06 5.796139e-07 	 -1.773311e-06 2.950264e-06 4.651671e-07 	 574
11.750000 	 1.296118e-07 2.595072e-07 -3.378688e-07 	 -3.565617e-06 -5.400603e-06 -5.347698e-06 	 -3.436005e-06 -5.141096e-06 -5.685567e-06 	 36
12.250000 	 0.000000e+00 0.000000e+00 0.000000e+00 	 0.000000e+00 0.000000e+00 0.000000e+00 	 0.000000e+00 0.000000e+00 0.000000e+00 	 0
12.750000 	 0.000000e+00 0.000000e+00 0.000000e+00 	 0.000000e+00 0.000000e+00 0.000000e+00 	 0.000000e+00 0.000000e+00 0.000000e+00 	 0
13.250000 	 0.000000e+00 0.000000e+00 0.000000e+00 	 0.000000e+00 0.000000e+00 0.000000e+00 	 0.000000e+00 0.000000e+00 0.000000e+00 	 0
13.750000 	 0.000000e+00 0.000000e+00 0.000000e+00 	 0.000000e+00 0.000000e+00 0.000000e+00 	 0.000000e+00 0.000000e+00 0.000000e+00 	 0
14.250000 	 0.000000e+00 0.000000e+00 0.000000e+00 	 -6.622170e-05 2.990919e-05 3.854820e-05 	 -6.622170e-05 2.990919e-05 3.854820e-05 	 1
14.750000 	 0.000000e+00 0.000000e+00 0.000000e+00 	 0.000000e+00 0.000000e+00 0.000000e+00 	 0.000000e+00 0.000000e+00 0.000000e+00 	 0
