# 1  2-4    5-7    8-10   11     
# x  sumEF  dirEF  recEF  #Sample
0.250000 	 0.000000e+00 0.000000e+00 0.000000e+00 	 0.000000e+00 0.000000e+00 0.000000e+00 	 0.000000e+00 0.000000e+00 0.000000e+00 	 0
0.750000 	 -8.634912e-06 -1.376499e-05 -1.382128e-06 	 1.469544e-10 2.754348e-10 2.144915e-10 	 -8.635059e-06 -1.376527e-05 -1.382343e-06 	 1
1.250000 	 -8.905483e-06 -5.818850e-06 -1.278338e-05 	 -5.373480e-11 -9.994140e-11 -7.531400e-11 	 -8.905427e-06 -5.818750e-06 -1.278331e-05 	 2
1.750000 	 1.938900e-07 -9.604518e-06 1.520020e-06 	 2.235544e-07 1.052340e-07 -1.760814e-07 	 -2.966000e-08 -9.709752e-06 1.696105e-06 	 2
2.250000 	 -2.036809e-05 -2.191225e-06 1.065552e-05 	 -4.335645e-06 1.671375e-06 -9.682492e-07 	 -1.603244e-05 -3.862600e-06 1.162377e-05 	 2
2.750000 	 -4.108561e-05 -9.169679e-06 -1.076001e-05 	 -1.571780e-05 1.943280e-06 1.626383e-06 	 -2.536781e-05 -1.111296e-05 -1.238639e-05 	 2
3.250000 	 -7.498590e-06 2.767486e-06 -3.963857e-09 	 7.014798e-07 1.005799e-07 -7.870852e-07 	 -8.200071e-06 2.666904e-06 7.831214e-07 	 203
3.750000 	 1.082972e-06 -9.121165e-07 -7.048887e-07 	 -9.581702e-08 1.533623e-07 -2.271781e-08 	 1.178789e-06 -1.065479e-06 -6.821711e-07 	 2748
4.250000 	 -1.722992e-07 -1.423778e-06 -4.881450e-07 	 -2.047374e-07 -1.516831e-07 -3.355284e-07 	 3.243822e-08 -1.272095e-06 -1.526166e-07 	 4378
4.750000 	 -1.152302e-06 4.563144e-07 1.181785e-07 	 -3.368499e-07 3.708505e-09 1.191732e-07 	 -8.154526e-07 4.526062e-07 -9.946397e-10 	 4624
5.250000 	 -3.472216e-07 -1.729268e-07 -1.243367e-06 	 4.170621e-07 6.275088e-08 -1.364646e-07 	 -7.642838e-07 -2.356777e-07 -1.106903e-06 	 4607
5.750000 	 9.885282e-07 -3.542823e-07 1.086006e-06 	 2.834950e-09 -4.573829e-08 1.489850e-07 	 9.856931e-07 -3.085442e-07 9.370211e-07 	 4584
6.250000 	 3.460011e-06 1.022066e-06 4.815619e-07 	 -2.572140e-07 4.601269e-09 9.655344e-08 	 3.717225e-06 1.017465e-06 3.850085e-07 	 4520
6.750000 	 -1.612180e-06 8.727753e-07 1.225951e-06 	 2.053430e-07 1.425843e-07 -2.392952e-07 	 -1.817523e-06 7.301906e-07 1.465247e-06 	 4522
7.250000 	 -7.262160e-07 -5.081209e-08 -7.893012e-08 	 7.407163e-09 1.240110e-07 7.426597e-08 	 -7.336230e-07 -1.748231e-07 -1.531962e-07 	 4468
7.750000 	 5.435687e-07 2.949288e-07 6.788723e-07 	 -6.980640e-07 1.445804e-07 2.769643e-08 	 1.241633e-06 1.503483e-07 6.511759e-07 	 4563
8.250000 	 2.338122e-06 8.042242e-07 -7.504955e-07 	 4.430559e-08 -1.040911e-07 -5.915028e-09 	 2.293817e-06 9.083153e-07 -7.445806e-07 	 4486
8.750000 	 -8.616416e-07 -6.178106e-07 -3.609144e-07 	 5.552249e-07 -1.253899e-07 3.771345e-08 	 -1.416866e-06 -4.924208e-07 -3.986277e-07 	 4539
9.250000 	 1.869058e-06 -1.254740e-07 5.847923e-07 	 3.091306e-07 3.890978e-08 -1.216272e-07 	 1.559928e-06 -1.643838e-07 7.064193e-07 	 4528
9.750000 	 -3.007797e-06 5.437008e-07 -5.760115e-07 	 -8.851469e-07 2.728552e-08 5.746942e-08 	 -2.122650e-06 5.164155e-07 -6.334808e-07 	 4499
10.250000 	 4.370264e-07 6.951230e-07 2.978301e-07 	 -4.884862e-07 -9.310565e-08 -3.230077e-07 	 9.255127e-07 7.882284e-07 6.208378e-07 	 4453
10.750000 	 -1.638846e-06 -1.243397e-06 -5.226139e-07 	 8.985372e-08 -1.611140e-07 -2.698993e-07 	 -1.728700e-06 -1.082283e-06 -2.527146e-07 	 4492
11.250000 	 -3.320018e-07 -1.248372e-06 -3.862312e-07 	 -1.337782e-07 4.959395e-08 1.359725e-07 	 -1.982233e-07 -1.297966e-06 -5.222037e-07 	 2705
11.750000 	 3.926393e-08 6.500748e-07 1.110598e-06 	 -1.095863e-06 5.295504e-07 -2.765093e-07 	 1.135128e-06 1.205244e-07 1.387106e-06 	 190
12.250000 	 0.000000e+00 0.000000e+00 0.000000e+00 	 0.000000e+00 0.000000e+00 0.000000e+00 	 0.000000e+00 0.000000e+00 0.000000e+00 	 0
12.750000 	 0.000000e+00 0.000000e+00 0.000000e+00 	 0.000000e+00 0.000000e+00 0.000000e+00 	 0.000000e+00 0.000000e+00 0.000000e+00 	 0
13.250000 	 0.000000e+00 0.000000e+00 0.000000e+00 	 0.000000e+00 0.000000e+00 0.000000e+00 	 0.000000e+00 0.000000e+00 0.000000e+00 	 0
13.750000 	 -1.165562e-05 1.052751e-05 -3.287762e-05 	 0.000000e+00 0.000000e+00 0.000000e+00 	 -1.165562e-05 1.052751e-05 -3.287762e-05 	 1
14.250000 	 -1.375916e-06 -3.639345e-05 -2.926446e-05 	 0.000000e+00 0.000000e+00 0.000000e+00 	 -1.375916e-06 -3.639345e-05 -2.926446e-05 	 1
14.750000 	 0.000000e+00 0.000000e+00 0.000000e+00 	 0.000000e+00 0.000000e+00 0.000000e+00 	 0.000000e+00 0.000000e+00 0.000000e+00 	 0
