# 1  2-4    5-7    8-10   11     
# x  sumEF  dirEF  recEF  #Sample
0.250000 	 0.000000e+00 0.000000e+00 0.000000e+00 	 0.000000e+00 0.000000e+00 0.000000e+00 	 0.000000e+00 0.000000e+00 0.000000e+00 	 0
0.750000 	 6.150719e-06 1.260866e-05 6.133248e-06 	 1.469509e-10 2.754277e-10 2.144827e-10 	 6.150572e-06 1.260839e-05 6.133033e-06 	 1
1.250000 	 5.270173e-06 -1.019623e-05 -4.773155e-06 	 -5.374368e-11 -9.995206e-11 -7.530645e-11 	 5.270227e-06 -1.019613e-05 -4.773080e-06 	 2
1.750000 	 -1.984948e-06 -7.762094e-06 -3.199865e-07 	 2.235544e-07 1.052340e-07 -1.760814e-07 	 -2.208506e-06 -7.867328e-06 -1.439045e-07 	 2
2.250000 	 -3.624446e-06 5.974085e-07 -1.424885e-07 	 -4.335645e-06 1.671375e-06 -9.682492e-07 	 7.111990e-07 -1.073967e-06 8.257600e-07 	 2
2.750000 	 -1.577985e-05 -2.239944e-06 -5.711413e-06 	 -1.571780e-05 1.943280e-06 1.626383e-06 	 -6.205700e-08 -4.183222e-06 -7.337796e-06 	 2
3.250000 	 -2.774481e-06 7.446846e-07 -7.702997e-07 	 7.014798e-07 1.005799e-07 -7.870852e-07 	 -3.475961e-06 6.441043e-07 1.678555e-08 	 203
3.750000 	 -2.450635e-07 -9.046883e-07 -3.927390e-07 	 -9.581702e-08 1.533623e-07 -2.271781e-08 	 -1.492465e-07 -1.058051e-06 -3.700211e-07 	 2748
4.250000 	 -6.580634e-07 -5.390698e-07 -6.516038e-07 	 -2.047375e-07 -1.516831e-07 -3.355284e-07 	 -4.533259e-07 -3.873866e-07 -3.160754e-07 	 4378
4.750000 	 -1.292152e-07 -1.210088e-07 1.020786e-07 	 -3.368498e-07 3.708505e-09 1.191732e-07 	 2.076346e-07 -1.247173e-07 -1.709453e-08 	 4624
5.250000 	 4.720536e-07 5.123632e-08 -3.706726e-07 	 4.170621e-07 6.275086e-08 -1.364646e-07 	 5.499117e-08 -1.151448e-08 -2.342080e-07 	 4607
5.750000 	 3.402489e-07 -8.327583e-08 1.130228e-07 	 2.834950e-09 -4.573829e-08 1.489850e-07 	 3.374142e-07 -3.753761e-08 -3.596224e-08 	 4584
6.250000 	 9.872306e-07 -3.871398e-07 -1.339121e-07 	 -2.572140e-07 4.601269e-09 9.655344e-08 	 1.244445e-06 -3.917411e-07 -2.304655e-07 	 4520
6.750000 	 -4.220103e-07 -3.794826e-07 -2.567047e-07 	 2.053430e-07 1.425843e-07 -2.392952e-07 	 -6.273537e-07 -5.220667e-07 -1.740955e-08 	 4522
7.250000 	 -5.418031e-07 -3.945124e-07 -6.226936e-09 	 7.407163e-09 1.240110e-07 7.426597e-08 	 -5.492102e-07 -5.185235e-07 -8.049288e-08 	 4468
7.750000 	 3.000926e-07 2.297738e-07 1.738421e-09 	 -6.980640e-07 1.445804e-07 2.769643e-08 	 9.981567e-07 8.519341e-08 -2.595789e-08 	 4563
8.250000 	 2.271787e-07 -4.192947e-08 -2.352677e-07 	 4.430556e-08 -1.040911e-07 -5.915027e-09 	 1.828728e-07 6.216163e-08 -2.293526e-07 	 4486
8.750000 	 1.920710e-07 -3.920411e-07 -2.999351e-07 	 5.552249e-07 -1.253899e-07 3.771345e-08 	 -3.631539e-07 -2.666512e-07 -3.376486e-07 	 4539
9.250000 	 1.320316e-06 -2.998016e-07 -3.746788e-07 	 3.091306e-07 3.890978e-08 -1.216272e-07 	 1.011185e-06 -3.387112e-07 -2.530515e-07 	 4528
9.750000 	 -1.088178e-06 9.126124e-08 -6.579831e-07 	 -8.851469e-07 2.728554e-08 5.746942e-08 	 -2.030315e-07 6.397571e-08 -7.154527e-07 	 4499
10.250000 	 -2.520067e-07 -4.646505e-07 -5.593853e-07 	 -4.884862e-07 -9.310565e-08 -3.230077e-07 	 2.364795e-07 -3.715450e-07 -2.363776e-07 	 4453
10.750000 	 -2.061982e-07 -1.940146e-07 -8.821160e-07 	 8.985372e-08 -1.611140e-07 -2.698993e-07 	 -2.960522e-07 -3.290064e-08 -6.122166e-07 	 4492
11.250000 	 7.537944e-07 1.032670e-07 -5.933108e-07 	 -1.337782e-07 4.959395e-08 1.359725e-07 	 8.875725e-07 5.367304e-08 -7.292833e-07 	 2705
11.750000 	 -1.723858e-06 1.432316e-07 3.426818e-07 	 -1.095863e-06 5.295504e-07 -2.765093e-07 	 -6.279950e-07 -3.863189e-07 6.191909e-07 	 190
12.250000 	 0.000000e+00 0.000000e+00 0.000000e+00 	 0.000000e+00 0.000000e+00 0.000000e+00 	 0.000000e+00 0.000000e+00 0.000000e+00 	 0
12.750000 	 0.000000e+00 0.000000e+00 0.000000e+00 	 0.000000e+00 0.000000e+00 0.000000e+00 	 0.000000e+00 0.000000e+00 0.000000e+00 	 0
13.250000 	 0.000000e+00 0.000000e+00 0.000000e+00 	 0.000000e+00 0.000000e+00 0.000000e+00 	 0.000000e+00 0.000000e+00 0.000000e+00 	 0
13.750000 	 2.727371e-06 1.523019e-05 4.740897e-07 	 0.000000e+00 0.000000e+00 0.000000e+00 	 2.727371e-06 1.523019e-05 4.740897e-07 	 1
14.250000 	 -7.431807e-06 -1.210356e-05 -5.541160e-06 	 0.000000e+00 -7.105427e-15 3.552714e-15 	 -7.431807e-06 -1.210356e-05 -5.541160e-06 	 1
14.750000 	 0.000000e+00 0.000000e+00 0.000000e+00 	 0.000000e+00 0.000000e+00 0.000000e+00 	 0.000000e+00 0.000000e+00 0.000000e+00 	 0
