# 1  2-4    5-7    8-10   11     
# x  sumEF  dirEF  recEF  #Sample
0.250000 	 0.000000e+00 0.000000e+00 0.000000e+00 	 0.000000e+00 0.000000e+00 0.000000e+00 	 0.000000e+00 0.000000e+00 0.000000e+00 	 0
0.750000 	 1.467342e-10 -1.285230e-10 3.140066e-11 	 1.469509e-10 2.754277e-10 2.144827e-10 	 -2.156886e-13 -4.039481e-10 -1.830824e-10 	 1
1.250000 	 -1.414815e-10 -7.224445e-12 1.449063e-11 	 -5.374368e-11 -9.995206e-11 -7.530645e-11 	 -8.773576e-11 9.273082e-11 8.979381e-11 	 2
1.750000 	 2.228666e-07 1.070031e-07 -1.755558e-07 	 2.235544e-07 1.052340e-07 -1.760814e-07 	 -6.877897e-10 1.769092e-09 5.256969e-10 	 2
2.250000 	 -4.201391e-06 1.729740e-06 -7.557582e-07 	 -4.335645e-06 1.671375e-06 -9.682492e-07 	 1.342543e-07 5.836440e-08 2.124911e-07 	 2
2.750000 	 -1.572094e-05 2.004676e-06 1.733533e-06 	 -1.571780e-05 1.943280e-06 1.626383e-06 	 -3.145330e-09 6.139632e-08 1.071489e-07 	 2
3.250000 	 -1.657428e-06 7.634734e-07 -1.122951e-06 	 7.014798e-07 1.005799e-07 -7.870852e-07 	 -2.358908e-06 6.628935e-07 -3.358658e-07 	 203
3.750000 	 -2.154900e-07 -3.081313e-07 -3.525118e-07 	 -9.581702e-08 1.533623e-07 -2.271781e-08 	 -1.196730e-07 -4.614937e-07 -3.297940e-07 	 2748
4.250000 	 -5.903731e-07 -2.260607e-07 -6.044527e-07 	 -2.047375e-07 -1.516831e-07 -3.355284e-07 	 -3.856356e-07 -7.437760e-08 -2.689244e-07 	 4378
4.750000 	 -2.320942e-07 -9.466338e-08 4.821440e-07 	 -3.368498e-07 3.708505e-09 1.191732e-07 	 1.047556e-07 -9.837191e-08 3.629710e-07 	 4624
5.250000 	 5.723668e-07 3.340744e-07 -2.270812e-07 	 4.170621e-07 6.275086e-08 -1.364646e-07 	 1.553049e-07 2.713237e-07 -9.061656e-08 	 4607
5.750000 	 3.226071e-07 1.265673e-07 3.649854e-07 	 2.834950e-09 -4.573829e-08 1.489850e-07 	 3.197723e-07 1.723056e-07 2.160004e-07 	 4584
6.250000 	 7.576989e-07 -2.532797e-07 3.471533e-09 	 -2.572140e-07 4.601269e-09 9.655344e-08 	 1.014913e-06 -2.578809e-07 -9.308191e-08 	 4520
6.750000 	 -2.901110e-07 4.402748e-08 -2.197365e-07 	 2.053430e-07 1.425843e-07 -2.392952e-07 	 -4.954542e-07 -9.855676e-08 1.955862e-08 	 4522
7.250000 	 -6.281340e-07 -8.505439e-08 1.432777e-08 	 7.407163e-09 1.240110e-07 7.426597e-08 	 -6.355411e-07 -2.090654e-07 -5.993830e-08 	 4468
7.750000 	 1.692065e-08 2.760989e-07 1.088519e-07 	 -6.980640e-07 1.445804e-07 2.769643e-08 	 7.149847e-07 1.315184e-07 8.115551e-08 	 4563
8.250000 	 1.989342e-07 2.692508e-07 9.217382e-09 	 4.430556e-08 -1.040911e-07 -5.915027e-09 	 1.546288e-07 3.733418e-07 1.513242e-08 	 4486
8.750000 	 1.959776e-07 1.010277e-07 -2.067385e-08 	 5.552249e-07 -1.253899e-07 3.771345e-08 	 -3.592473e-07 2.264176e-07 -5.838733e-08 	 4539
9.250000 	 1.226904e-06 6.342766e-08 -3.294147e-07 	 3.091306e-07 3.890978e-08 -1.216272e-07 	 9.177737e-07 2.451805e-08 -2.077876e-07 	 4528
9.750000 	 -9.177762e-07 2.014870e-07 -4.613137e-07 	 -8.851469e-07 2.728554e-08 5.746942e-08 	 -3.262934e-08 1.742015e-07 -5.187831e-07 	 4499
10.250000 	 -1.879565e-07 -3.251777e-07 -4.646872e-07 	 -4.884862e-07 -9.310565e-08 -3.230077e-07 	 3.005298e-07 -2.320720e-07 -1.416796e-07 	 4453
10.750000 	 -1.439743e-08 2.381462e-07 -6.812479e-07 	 8.985372e-08 -1.611140e-07 -2.698993e-07 	 -1.042512e-07 3.992601e-07 -4.113487e-07 	 4492
11.250000 	 7.252227e-07 4.970388e-07 -2.234084e-07 	 -1.337782e-07 4.959395e-08 1.359725e-07 	 8.590012e-07 4.474449e-07 -3.593809e-07 	 2705
11.750000 	 -1.292425e-06 -1.971438e-08 -2.551762e-07 	 -1.095863e-06 5.295504e-07 -2.765093e-07 	 -1.965619e-07 -5.492648e-07 2.133320e-08 	 190
12.250000 	 0.000000e+00 0.000000e+00 0.000000e+00 	 0.000000e+00 0.000000e+00 0.000000e+00 	 0.000000e+00 0.000000e+00 0.000000e+00 	 0
12.750000 	 0.000000e+00 0.000000e+00 0.000000e+00 	 0.000000e+00 0.000000e+00 0.000000e+00 	 0.000000e+00 0.000000e+00 0.000000e+00 	 0
13.250000 	 0.000000e+00 0.000000e+00 0.000000e+00 	 0.000000e+00 0.000000e+00 0.000000e+00 	 0.000000e+00 0.000000e+00 0.000000e+00 	 0
13.750000 	 -6.473666e-11 -6.821210e-11 -2.409850e-11 	 0.000000e+00 0.000000e+00 0.000000e+00 	 -6.473622e-11 -6.821133e-11 -2.409842e-11 	 1
14.250000 	 4.437339e-12 1.043432e-11 -9.967138e-12 	 0.000000e+00 -7.105427e-15 3.552714e-15 	 4.434078e-12 1.044234e-11 -9.971718e-12 	 1
14.750000 	 0.000000e+00 0.000000e+00 0.000000e+00 	 0.000000e+00 0.000000e+00 0.000000e+00 	 0.000000e+00 0.000000e+00 0.000000e+00 	 0
