0.061556 0.002467 -0.003700 -0.001233 0.003600
0.184667 0.006167 -0.003700 0.002467 0.006687
0.307779 0.003700 -0.004317 -0.000617 0.004886
0.430890 0.007401 -0.007401 -0.000000 0.009258
0.554001 0.006167 -0.004317 0.001850 0.006944
0.677113 0.003700 -0.008634 -0.004934 0.006687
0.800224 0.007401 -0.004317 0.003084 0.007972
0.923336 0.003700 -0.004934 -0.001233 0.005144
1.046447 0.004934 -0.006784 -0.001850 0.006944
1.169558 0.008634 -0.007401 0.001233 0.010287
1.292670 0.004934 -0.003700 0.001233 0.005658
1.415781 0.004934 -0.003700 0.001233 0.005658
1.538893 0.002467 -0.003084 -0.000617 0.003343
1.662004 0.006167 -0.006784 -0.000617 0.007972
1.785115 0.008634 -0.006167 0.002467 0.009773
1.908227 0.003700 -0.003700 0.000000 0.004629
2.031338 0.003700 -0.005551 -0.001850 0.005401
2.154450 0.002467 -0.002467 0.000000 0.003086
2.277561 0.003700 -0.004317 -0.000617 0.004886
2.400672 0.006167 -0.005551 0.000617 0.007458
2.523784 0.002467 -0.003084 -0.000617 0.003343
2.646895 0.004934 -0.005551 -0.000617 0.006429
2.770007 0.006167 -0.004317 0.001850 0.006944
2.893118 0.002467 -0.003084 -0.000617 0.003343
3.016229 0.003700 -0.003700 0.000000 0.004629
3.139341 0.002467 -0.030837 -0.028370 0.014916
3.262452 0.467482 -0.679637 -0.212155 0.673288
3.385564 2.809823 -3.089819 -0.279996 3.631847
3.508675 7.429133 -7.429750 -0.000617 9.294103
3.631786 12.913099 -13.029044 -0.115945 16.202636
3.754898 18.598119 -18.445170 0.152949 23.202467
3.878009 23.189059 -23.182275 0.006784 29.006684
4.001121 26.463897 -26.029102 0.434795 32.925026
4.124232 27.348288 -27.416129 -0.067840 34.240998
4.247343 27.313751 -27.213841 0.099910 34.127840
4.370455 27.714626 -27.745463 -0.030837 34.683856
4.493566 27.039923 -27.174987 -0.135064 33.883265
4.616678 27.487669 -27.230493 0.257177 34.279832
4.739789 27.144767 -27.350138 -0.205371 34.043744
4.862900 27.453132 -27.310051 0.143081 34.284204
4.986012 27.203973 -27.421679 -0.217706 34.122954
5.109123 27.747929 -27.412428 0.335501 34.572756
5.232235 27.306351 -27.508021 -0.201671 34.244341
5.355346 27.470401 -27.371107 0.099294 34.324066
5.478457 27.391459 -27.288465 0.102994 34.223767
5.601569 27.149701 -27.292783 -0.143081 34.023941
5.724680 27.511105 -27.587580 -0.076475 34.448282
5.847792 27.593747 -27.535774 0.057973 34.495603
5.970903 27.255779 -27.282915 -0.027136 34.108295
6.094014 27.009087 -26.989968 0.019119 33.780395
6.217126 27.234810 -27.369874 -0.135064 34.127069
6.340237 27.596214 -27.460533 0.135681 34.466285
6.463349 27.548109 -27.586963 -0.038854 34.478886
6.586460 27.593747 -27.499387 0.094360 34.480429
6.709571 27.474101 -27.464234 0.009868 34.365986
6.832683 27.254545 -27.210141 0.044405 34.076919
6.955794 27.159569 -27.241594 -0.082025 34.010825
7.078906 27.194106 -27.271197 -0.077091 34.051973
7.202017 27.406261 -27.208907 0.197354 34.202936
7.325128 27.034989 -27.189172 -0.154183 33.885066
7.448240 27.335954 -27.077544 0.258410 34.089521
7.571351 26.956048 -27.090495 -0.134447 33.778080
7.694463 27.555510 -27.599297 -0.043788 34.490202
7.817574 27.327319 -27.420446 -0.093126 34.225310
7.940685 27.294016 -27.269347 0.024669 34.134527
8.063797 27.371724 -27.347672 0.024052 34.231997
8.186908 27.327319 -27.164503 0.162817 34.118582
8.310020 27.043623 -27.029439 0.014185 33.825658
8.433131 26.837636 -27.119481 -0.281846 33.691412
8.556242 27.191639 -27.135516 0.056122 33.993337
8.679354 27.289082 -27.281681 0.007401 34.135556
8.802465 27.445732 -27.419829 0.025903 34.323809
8.925577 27.239744 -27.298950 -0.059206 34.101608
9.048688 27.350755 -27.287849 0.062906 34.189563
9.171799 27.475335 -27.493837 -0.018502 34.379359
9.294911 27.411195 -27.453132 -0.041938 34.308893
9.418022 27.496304 -27.433397 0.062906 34.371644
9.541134 27.208907 -27.252695 -0.043788 34.056602
9.664245 27.371724 -27.418595 -0.046872 34.261572
9.787356 27.590047 -27.442648 0.147399 34.453683
9.910468 27.560443 -27.598064 -0.037621 34.493803
10.033579 27.682556 -27.631984 0.050572 34.609789
10.156691 27.115164 -27.318068 -0.202904 34.005681
10.279802 27.173137 -27.022655 0.150482 33.930843
10.402913 27.280448 -27.360006 -0.079558 34.161016
10.526025 27.360623 -27.358156 0.002467 34.227110
10.649136 27.756564 -27.528373 0.228190 34.628306
10.772248 27.316218 -27.182388 0.133830 34.116782
10.895359 26.415792 -26.432444 -0.016652 33.053100
11.018470 23.736716 -23.458570 0.278145 29.578645
11.141582 18.340326 -18.370545 -0.030220 22.956349
11.264693 12.855126 -12.802704 0.052422 16.059903
11.387805 7.399530 -7.466137 -0.066607 9.284587
11.510916 2.845594 -3.112638 -0.267044 3.671195
11.634027 0.391007 -0.606863 -0.215856 0.579162
11.757139 0.003700 -0.030220 -0.026519 0.015688
11.880250 0.003700 -0.001233 0.002467 0.003600
12.003362 0.003700 -0.006167 -0.002467 0.005658
12.126473 0.006167 -0.004317 0.001850 0.006944
12.249584 0.003700 -0.003084 0.000617 0.004372
12.372696 0.004934 -0.004934 -0.000000 0.006172
12.495807 0.003700 -0.004317 -0.000617 0.004886
12.618919 0.001233 -0.001850 -0.000617 0.001800
12.742030 0.004934 -0.004934 0.000000 0.006172
12.865141 0.004934 -0.004317 0.000617 0.005915
12.988253 0.007401 -0.006784 0.000617 0.009001
13.111364 0.004934 -0.004934 0.000000 0.006172
13.234476 0.004934 -0.005551 -0.000617 0.006429
13.357587 0.002467 -0.003084 -0.000617 0.003343
13.480698 0.001233 -0.001233 0.000000 0.001543
13.603810 0.006167 -0.004934 0.001233 0.007201
13.726921 0.001233 -0.002467 -0.001233 0.002057
13.850033 0.003700 -0.003084 0.000617 0.004372
13.973144 0.003700 -0.004317 -0.000617 0.004886
14.096255 0.004934 -0.004317 0.000617 0.005915
14.219367 0.002467 -0.004934 -0.002467 0.004115
14.342478 0.007401 -0.003700 0.003700 0.007715
14.465590 0.004934 -0.003700 0.001233 0.005658
14.588701 0.000000 -0.004934 -0.004934 0.002057
14.711813 0.003700 -0.000617 0.003084 0.003343
14.834924 0.003700 -0.004934 -0.001233 0.005144
